abc command read data/library/mcnc.genlib
Entered genlib library with 23 gates from file "data/library/mcnc.genlib".
abc command read_blif data/su/c7552.blif
Line 21: Skipping line ".default_input_arrival 0.00 0.00 ".
Line 22: Skipping line ".default_output_required 0.00 0.00 ".
Line 23: Skipping line ".default_input_drive 0.10 0.10 ".
Line 24: Skipping line ".default_output_load 2.00 ".
Line 25: Skipping line ".default_max_input_load 999.00 ".
abc command print_stats
[1;37mc7552                         :[0m i/o =  207/  108  lat =    0  nd =  1125  edge =   2605  area =2756.00  delay =69.40  lev = 50
--------------- round 1 ---------------
seed = 2531465778
maxLevel = 1
[92418] is replaced by [124767] with estimated error 0
error = 0
area = 2736
delay = 69.4
#gates = 1119
output circuit appNtk-level-1/c7552_1_0_2736_69.4.blif
time = 32849387 us
--------------- round 2 ---------------
seed = 2531465778
maxLevel = 1
[122760] is replaced by [122578] with estimated error 0
error = 0
area = 2719
delay = 69.4
#gates = 1112
output circuit appNtk-level-1/c7552_2_0_2719_69.4.blif
time = 57394700 us
--------------- round 3 ---------------
seed = 2531465778
maxLevel = 1
10729 is replaced by one with estimated error 0
error = 0
area = 2710
delay = 69.4
#gates = 1109
output circuit appNtk-level-1/c7552_3_0_2710_69.4.blif
time = 76090904 us
--------------- round 4 ---------------
seed = 2531465778
maxLevel = 1
[127134] is replaced by [122641] with estimated error 0
error = 0
area = 2707
delay = 69.4
#gates = 1107
output circuit appNtk-level-1/c7552_4_0_2707_69.4.blif
time = 100735675 us
--------------- round 5 ---------------
seed = 2531465778
maxLevel = 1
[125290] is replaced by [124611] with estimated error 0
error = 0
area = 2704
delay = 69.4
#gates = 1105
output circuit appNtk-level-1/c7552_5_0_2704_69.4.blif
time = 159181793 us
--------------- round 6 ---------------
seed = 2531465778
maxLevel = 1
