abc command read data/library/mcnc.genlib
Entered genlib library with 23 gates from file "data/library/mcnc.genlib".
abc command read_blif data/su/rca32.blif
abc command print_stats
[1;37mrca32                         :[0m i/o =   64/   33  lat =    0  nd =   298  edge =    585  area =666.00  delay =16.10  lev = 12
--------------- round 1 ---------------
seed = 2531465778
maxLevel = 999999
n98 is replaced by n99 with estimated error 2.92133e-06
error = 2.92133e-06
area = 661
delay = 16.1
#gates = 299
output circuit appNtk/rca32_1_2.92133e-06_661_16.1.blif
time = 8104886 us
--------------- round 2 ---------------
seed = 2531465778
maxLevel = 999999
n105 is replaced by n113 with estimated error 8.7677e-06
error = 8.7677e-06
area = 654
delay = 16.1
#gates = 297
output circuit appNtk/rca32_2_8.7677e-06_654_16.1.blif
time = 16060340 us
--------------- round 3 ---------------
seed = 2531465778
maxLevel = 999999
n102 is replaced by one with estimated error 1.0184e-05
error = 1.0184e-05
area = 650
delay = 16.1
#gates = 294
output circuit appNtk/rca32_3_1.0184e-05_650_16.1.blif
time = 23942737 us
--------------- round 4 ---------------
seed = 2531465778
maxLevel = 999999
n99 is replaced by one with estimated error 1.0211e-05
error = 1.0211e-05
area = 648
delay = 16.1
#gates = 293
output circuit appNtk/rca32_4_1.0211e-05_648_16.1.blif
time = 31712340 us
--------------- round 5 ---------------
seed = 2531465778
maxLevel = 999999
n113 is replaced by n103 with estimated error 1.0211e-05
error = 1.0211e-05
area = 646
delay = 16.1
#gates = 292
output circuit appNtk/rca32_5_1.0211e-05_646_16.1.blif
time = 50696110 us
--------------- round 6 ---------------
seed = 2531465778
maxLevel = 999999
n111 is replaced by n108 with estimated error 1.27682e-05
error = 1.27682e-05
area = 644
delay = 16.1
#gates = 291
output circuit appNtk/rca32_6_1.27682e-05_644_16.1.blif
time = 69582363 us
--------------- round 7 ---------------
seed = 2531465778
maxLevel = 999999
n103 is replaced by one with estimated error 1.4602e-05
error = 1.4602e-05
area = 642
delay = 16.1
#gates = 290
output circuit appNtk/rca32_7_1.4602e-05_642_16.1.blif
Abc_NtkLogicToNetlist() warning: The network is converted to have simple COs.
time = 88345577 us
--------------- round 8 ---------------
seed = 2531465778
maxLevel = 999999
n130 is replaced by one with estimated error 1.4602e-05
error = 1.4602e-05
area = 636
delay = 16.1
#gates = 288
output circuit appNtk/rca32_8_1.4602e-05_636_16.1.blif
Abc_NtkLogicToNetlist() warning: The network is converted to have simple COs.
time = 107126335 us
--------------- round 9 ---------------
seed = 2531465778
maxLevel = 999999
n115 is replaced by n110 with estimated error 1.4602e-05
error = 1.4602e-05
area = 633
delay = 16.1
#gates = 286
output circuit appNtk/rca32_9_1.4602e-05_633_16.1.blif
Abc_NtkLogicToNetlist() warning: The network is converted to have simple COs.
time = 125699102 us
--------------- round 10 ---------------
seed = 2531465778
maxLevel = 999999
n106 is replaced by n143 with estimated error 2.24838e-05
error = 2.24838e-05
area = 632
delay = 16.1
#gates = 285
output circuit appNtk/rca32_10_2.24838e-05_632_16.1.blif
Abc_NtkLogicToNetlist() warning: The network is converted to have simple COs.
time = 145024855 us
--------------- round 11 ---------------
seed = 2531465778
maxLevel = 999999
n131 is replaced by n121 with estimated error 4.40599e-05
error = 4.40599e-05
area = 629
delay = 16
#gates = 284
output circuit appNtk/rca32_11_4.40599e-05_629_16.blif
Abc_NtkLogicToNetlist() warning: The network is converted to have simple COs.
time = 164217564 us
--------------- round 12 ---------------
seed = 2531465778
maxLevel = 999999
n120 is replaced by n118 with inverter with estimated error 5.08071e-05
error = 5.08071e-05
area = 627
delay = 16
#gates = 284
output circuit appNtk/rca32_12_5.08071e-05_627_16.blif
Abc_NtkLogicToNetlist() warning: The network is converted to have simple COs.
time = 183219008 us
--------------- round 13 ---------------
seed = 2531465778
maxLevel = 999999
n124 is replaced by n110 with estimated error 5.76556e-05
error = 5.76556e-05
area = 615
delay = 16
#gates = 279
output circuit appNtk/rca32_13_5.76556e-05_615_16.blif
Abc_NtkLogicToNetlist() warning: The network is converted to have simple COs.
time = 202204533 us
--------------- round 14 ---------------
seed = 2531465778
maxLevel = 999999
n129 is replaced by n134 with estimated error 7.78204e-05
error = 7.78204e-05
area = 613
delay = 16
#gates = 278
output circuit appNtk/rca32_14_7.78204e-05_613_16.blif
Abc_NtkLogicToNetlist() warning: The network is converted to have simple COs.
time = 220711745 us
--------------- round 15 ---------------
seed = 2531465778
maxLevel = 999999
n125 is replaced by zero with estimated error 8.95406e-05
error = 8.95406e-05
area = 612
delay = 16
#gates = 277
output circuit appNtk/rca32_15_8.95406e-05_612_16.blif
Abc_NtkLogicToNetlist() warning: The network is converted to have simple COs.
time = 239107967 us
--------------- round 16 ---------------
seed = 2531465778
maxLevel = 999999
n110 is replaced by zero with estimated error 8.96715e-05
error = 8.96715e-05
area = 609
delay = 16
#gates = 276
output circuit appNtk/rca32_16_8.96715e-05_609_16.blif
Abc_NtkLogicToNetlist() warning: The network is converted to have simple COs.
time = 257362728 us
--------------- round 17 ---------------
seed = 2531465778
maxLevel = 999999
n133 is replaced by n135 with estimated error 0.00010161
error = 0.00010161
area = 604
delay = 16
#gates = 275
output circuit appNtk/rca32_17_0.00010161_604_16.blif
Abc_NtkLogicToNetlist() warning: The network is converted to have simple COs.
time = 275585442 us
--------------- round 18 ---------------
seed = 2531465778
maxLevel = 999999
n126 is replaced by zero with estimated error 0.00010161
error = 0.00010161
area = 603
delay = 16
#gates = 274
output circuit appNtk/rca32_18_0.00010161_603_16.blif
Abc_NtkLogicToNetlist() warning: The network is converted to have simple COs.
time = 293687279 us
--------------- round 19 ---------------
seed = 2531465778
maxLevel = 999999
n135 is replaced by n118 with estimated error 0.000162916
error = 0.000162916
area = 597
delay = 16
#gates = 271
output circuit appNtk/rca32_19_0.000162916_597_16.blif
Abc_NtkLogicToNetlist() warning: The network is converted to have simple COs.
time = 311663971 us
--------------- round 20 ---------------
seed = 2531465778
maxLevel = 999999
n121 is replaced by n118 with estimated error 0.000162916
error = 0.000162916
area = 595
delay = 16
#gates = 269
output circuit appNtk/rca32_20_0.000162916_595_16.blif
Abc_NtkLogicToNetlist() warning: The network is converted to have simple COs.
time = 329370404 us
--------------- round 21 ---------------
seed = 2531465778
maxLevel = 999999
n162 is replaced by zero with estimated error 0.000296872
error = 0.000296872
area = 586
delay = 16
#gates = 266
output circuit appNtk/rca32_21_0.000296872_586_16.blif
Abc_NtkLogicToNetlist() warning: The network is converted to have simple COs.
time = 346810530 us
--------------- round 22 ---------------
seed = 2531465778
maxLevel = 999999
n163 is replaced by n148 with estimated error 0.000214295
error = 0.000214295
area = 582
delay = 16
#gates = 264
output circuit appNtk/rca32_22_0.000214295_582_16.blif
Abc_NtkLogicToNetlist() warning: The network is converted to have simple COs.
time = 363940217 us
--------------- round 23 ---------------
seed = 2531465778
maxLevel = 999999
n138 is replaced by one with estimated error 0.00027272
error = 0.00027272
area = 578
delay = 16
#gates = 261
output circuit appNtk/rca32_23_0.00027272_578_16.blif
Abc_NtkLogicToNetlist() warning: The network is converted to have simple COs.
time = 381015614 us
--------------- round 24 ---------------
seed = 2531465778
maxLevel = 999999
n140 is replaced by n149 with estimated error 0.00027272
error = 0.00027272
area = 576
delay = 16
#gates = 260
output circuit appNtk/rca32_24_0.00027272_576_16.blif
Abc_NtkLogicToNetlist() warning: The network is converted to have simple COs.
time = 397680606 us
--------------- round 25 ---------------
seed = 2531465778
maxLevel = 999999
n141 is replaced by n150 with estimated error 0.000299897
error = 0.000299897
area = 571
delay = 16
#gates = 259
output circuit appNtk/rca32_25_0.000299897_571_16.blif
Abc_NtkLogicToNetlist() warning: The network is converted to have simple COs.
time = 414264677 us
--------------- round 26 ---------------
seed = 2531465778
maxLevel = 999999
n153 is replaced by n154 with estimated error 0.000434838
error = 0.000434838
area = 564
delay = 16
#gates = 256
output circuit appNtk/rca32_26_0.000434838_564_16.blif
Abc_NtkLogicToNetlist() warning: The network is converted to have simple COs.
time = 430733668 us
--------------- round 27 ---------------
seed = 2531465778
maxLevel = 999999
n144 is replaced by n149 with estimated error 0.000408879
error = 0.000408879
area = 562
delay = 16
#gates = 255
output circuit appNtk/rca32_27_0.000408879_562_16.blif
Abc_NtkLogicToNetlist() warning: The network is converted to have simple COs.
time = 446896528 us
--------------- round 28 ---------------
seed = 2531465778
maxLevel = 999999
n146 is replaced by x[6] with estimated error 0.000440908
error = 0.000440908
area = 559
delay = 16
#gates = 253
output circuit appNtk/rca32_28_0.000440908_559_16.blif
Abc_NtkLogicToNetlist() warning: The network is converted to have simple COs.
time = 463001148 us
--------------- round 29 ---------------
seed = 2531465778
maxLevel = 999999
n150 is replaced by n118 with estimated error 0.000453067
error = 0.000453067
area = 556
delay = 16
#gates = 252
output circuit appNtk/rca32_29_0.000453067_556_16.blif
Abc_NtkLogicToNetlist() warning: The network is converted to have simple COs.
time = 478865427 us
--------------- round 30 ---------------
seed = 2531465778
maxLevel = 999999
n154 is replaced by n139 with estimated error 0.000658953
error = 0.000658953
area = 551
delay = 16
#gates = 249
output circuit appNtk/rca32_30_0.000658953_551_16.blif
Abc_NtkLogicToNetlist() warning: The network is converted to have simple COs.
time = 494625456 us
--------------- round 31 ---------------
seed = 2531465778
maxLevel = 999999
n160 is replaced by n143 with inverter with estimated error 0.000804402
error = 0.000804402
area = 545
delay = 16
#gates = 248
output circuit appNtk/rca32_31_0.000804402_545_16.blif
Abc_NtkLogicToNetlist() warning: The network is converted to have simple COs.
time = 510073056 us
--------------- round 32 ---------------
seed = 2531465778
maxLevel = 999999
n157 is replaced by n143 with estimated error 0.000899459
error = 0.000899459
area = 541
delay = 16
#gates = 245
output circuit appNtk/rca32_32_0.000899459_541_16.blif
Abc_NtkLogicToNetlist() warning: The network is converted to have simple COs.
time = 525399811 us
--------------- round 33 ---------------
seed = 2531465778
maxLevel = 999999
n143 is replaced by zero with estimated error 0.000935491
error = 0.000935491
area = 540
delay = 16
#gates = 244
output circuit appNtk/rca32_33_0.000935491_540_16.blif
Abc_NtkLogicToNetlist() warning: The network is converted to have simple COs.
time = 540418618 us
--------------- round 34 ---------------
seed = 2531465778
maxLevel = 999999
n107 is replaced by zero with estimated error 0.000935491
error = 0.000935491
area = 539
delay = 16
#gates = 243
output circuit appNtk/rca32_34_0.000935491_539_16.blif
Abc_NtkLogicToNetlist() warning: The network is converted to have simple COs.
time = 555339735 us
--------------- round 35 ---------------
seed = 2531465778
maxLevel = 999999
n148 is replaced by zero with estimated error 0.000935491
error = 0.000935491
area = 538
delay = 16
#gates = 242
output circuit appNtk/rca32_35_0.000935491_538_16.blif
Abc_NtkLogicToNetlist() warning: The network is converted to have simple COs.
time = 570229995 us
--------------- round 36 ---------------
seed = 2531465778
maxLevel = 999999
n149 is replaced by zero with estimated error 0.000935491
error = 0.000935491
area = 537
delay = 16
#gates = 241
output circuit appNtk/rca32_36_0.000935491_537_16.blif
Abc_NtkLogicToNetlist() warning: The network is converted to have simple COs.
time = 584993048 us
--------------- round 37 ---------------
seed = 2531465778
maxLevel = 999999
n166 is replaced by zero with estimated error 0.00118128
error = 0.00118128
area = 526
delay = 16
#gates = 237
output circuit appNtk/rca32_37_0.00118128_526_16.blif
Abc_NtkLogicToNetlist() warning: The network is converted to have simple COs.
time = 599597813 us
--------------- round 38 ---------------
seed = 2531465778
maxLevel = 999999
n174 is replaced by zero with estimated error 0.00118128
error = 0.00118128
area = 525
delay = 16
#gates = 236
output circuit appNtk/rca32_38_0.00118128_525_16.blif
Abc_NtkLogicToNetlist() warning: The network is converted to have simple COs.
time = 614017459 us
--------------- round 39 ---------------
seed = 2531465778
maxLevel = 999999
n173 is replaced by n170 with estimated error 0.00150002
error = 0.00150002
area = 518
delay = 16
#gates = 234
output circuit appNtk/rca32_39_0.00150002_518_16.blif
Abc_NtkLogicToNetlist() warning: The network is converted to have simple COs.
time = 628342501 us
--------------- round 40 ---------------
seed = 2531465778
maxLevel = 999999
n170 is replaced by n171 with estimated error 0.00150407
error = 0.00150407
area = 514
delay = 16
#gates = 231
output circuit appNtk/rca32_40_0.00150407_514_16.blif
Abc_NtkLogicToNetlist() warning: The network is converted to have simple COs.
time = 642468166 us
--------------- round 41 ---------------
seed = 2531465778
maxLevel = 999999
n181 is replaced by n188 with estimated error 0.00272318
error = 0.00272318
area = 507
delay = 16
#gates = 229
output circuit appNtk/rca32_41_0.00272318_507_16.blif
Abc_NtkLogicToNetlist() warning: The network is converted to have simple COs.
time = 656293053 us
--------------- round 42 ---------------
seed = 2531465778
maxLevel = 999999
n167 is replaced by one with estimated error 0.00272318
error = 0.00272318
area = 505
delay = 16
#gates = 228
output circuit appNtk/rca32_42_0.00272318_505_16.blif
Abc_NtkLogicToNetlist() warning: The network is converted to have simple COs.
time = 669918302 us
--------------- round 43 ---------------
seed = 2531465778
maxLevel = 999999
n178 is replaced by one with estimated error 0.00298462
error = 0.00298462
area = 501
delay = 16
#gates = 225
output circuit appNtk/rca32_43_0.00298462_501_16.blif
Abc_NtkLogicToNetlist() warning: The network is converted to have simple COs.
time = 683458638 us
--------------- round 44 ---------------
seed = 2531465778
maxLevel = 999999
n204 is replaced by zero with estimated error 0.00298462
error = 0.00298462
area = 497
delay = 16
#gates = 224
output circuit appNtk/rca32_44_0.00298462_497_16.blif
Abc_NtkLogicToNetlist() warning: The network is converted to have simple COs.
time = 696712261 us
--------------- round 45 ---------------
seed = 2531465778
maxLevel = 999999
n175 is replaced by n207 with estimated error 0.00298462
error = 0.00298462
area = 494
delay = 16
#gates = 223
output circuit appNtk/rca32_45_0.00298462_494_16.blif
Abc_NtkLogicToNetlist() warning: The network is converted to have simple COs.
time = 709867037 us
--------------- round 46 ---------------
seed = 2531465778
maxLevel = 999999
n187 is replaced by zero with estimated error 0.00298462
error = 0.00298462
area = 493
delay = 16
#gates = 222
output circuit appNtk/rca32_46_0.00298462_493_16.blif
Abc_NtkLogicToNetlist() warning: The network is converted to have simple COs.
time = 722937742 us
--------------- round 47 ---------------
seed = 2531465778
maxLevel = 999999
n188 is replaced by n208 with estimated error 0.00364272
error = 0.00364272
area = 490
delay = 16
#gates = 221
output circuit appNtk/rca32_47_0.00364272_490_16.blif
Abc_NtkLogicToNetlist() warning: The network is converted to have simple COs.
time = 735912185 us
--------------- round 48 ---------------
seed = 2531465778
maxLevel = 999999
n208 is replaced by one with estimated error 0.00449502
error = 0.00449502
area = 482
delay = 16
#gates = 218
output circuit appNtk/rca32_48_0.00449502_482_16.blif
Abc_NtkLogicToNetlist() warning: The network is converted to have simple COs.
time = 748800675 us
--------------- round 49 ---------------
seed = 2531465778
maxLevel = 999999
n189 is replaced by zero with estimated error 0.00449502
error = 0.00449502
area = 481
delay = 16
#gates = 217
output circuit appNtk/rca32_49_0.00449502_481_16.blif
Abc_NtkLogicToNetlist() warning: The network is converted to have simple COs.
time = 761470398 us
--------------- round 50 ---------------
seed = 2531465778
maxLevel = 999999
n191 is replaced by n192 with inverter with estimated error 0.00605227
error = 0.00605227
area = 470
delay = 16
#gates = 212
output circuit appNtk/rca32_50_0.00605227_470_16.blif
Abc_NtkLogicToNetlist() warning: The network is converted to have simple COs.
time = 774046640 us
--------------- round 51 ---------------
seed = 2531465778
maxLevel = 999999
n241 is replaced by zero with estimated error 0.00605227
error = 0.00605227
area = 468
delay = 16
#gates = 211
output circuit appNtk/rca32_51_0.00605227_468_16.blif
Abc_NtkLogicToNetlist() warning: The network is converted to have simple COs.
time = 786151689 us
--------------- round 52 ---------------
seed = 2531465778
maxLevel = 999999
n400 is replaced by n182 with estimated error 0.00605227
error = 0.00605227
area = 467
delay = 16
#gates = 210
output circuit appNtk/rca32_52_0.00605227_467_16.blif
Abc_NtkLogicToNetlist() warning: The network is converted to have simple COs.
time = 798157061 us
--------------- round 53 ---------------
seed = 2531465778
maxLevel = 999999
n198 is replaced by n206 with estimated error 0.0110951
error = 0.0110951
area = 457
delay = 16
#gates = 207
output circuit appNtk/rca32_53_0.0110951_457_16.blif
Abc_NtkLogicToNetlist() warning: The network is converted to have simple COs.
time = 810078804 us
--------------- round 54 ---------------
seed = 2531465778
maxLevel = 999999
n195 is replaced by one with estimated error 0.0122296
error = 0.0122296
area = 453
delay = 16
#gates = 204
output circuit appNtk/rca32_54_0.0122296_453_16.blif
Abc_NtkLogicToNetlist() warning: The network is converted to have simple COs.
time = 821747701 us
--------------- round 55 ---------------
seed = 2531465778
maxLevel = 999999
n242 is replaced by one with estimated error 0.0122296
error = 0.0122296
area = 450
delay = 16
#gates = 203
output circuit appNtk/rca32_55_0.0122296_450_16.blif
Abc_NtkLogicToNetlist() warning: The network is converted to have simple COs.
time = 833146038 us
--------------- round 56 ---------------
seed = 2531465778
maxLevel = 999999
n209 is replaced by n205 with inverter with estimated error 0.0122296
error = 0.0122296
area = 448
delay = 16
#gates = 203
output circuit appNtk/rca32_56_0.0122296_448_16.blif
Abc_NtkLogicToNetlist() warning: The network is converted to have simple COs.
time = 844472540 us
--------------- round 57 ---------------
seed = 2531465778
maxLevel = 999999
n206 is replaced by n401 with estimated error 0.0122296
error = 0.0122296
area = 446
delay = 16
#gates = 202
output circuit appNtk/rca32_57_0.0122296_446_16.blif
Abc_NtkLogicToNetlist() warning: The network is converted to have simple COs.
time = 855807245 us
--------------- round 58 ---------------
seed = 2531465778
maxLevel = 999999
n401 is replaced by n196 with estimated error 0.0136778
error = 0.0136778
area = 443
delay = 16
#gates = 200
output circuit appNtk/rca32_58_0.0136778_443_16.blif
Abc_NtkLogicToNetlist() warning: The network is converted to have simple COs.
time = 867039520 us
--------------- round 59 ---------------
seed = 2531465778
maxLevel = 999999
n211 is replaced by n213 with estimated error 0.0232049
error = 0.0232049
area = 436
delay = 16
#gates = 198
output circuit appNtk/rca32_59_0.0232049_436_16.blif
Abc_NtkLogicToNetlist() warning: The network is converted to have simple COs.
time = 878048719 us
--------------- round 60 ---------------
seed = 2531465778
maxLevel = 999999
n196 is replaced by n182 with estimated error 0.0237674
error = 0.0237674
area = 434
delay = 16
#gates = 197
output circuit appNtk/rca32_60_0.0237674_434_16.blif
Abc_NtkLogicToNetlist() warning: The network is converted to have simple COs.
time = 888885644 us
--------------- round 61 ---------------
seed = 2531465778
maxLevel = 999999
n243 is replaced by zero with estimated error 0.0359609
error = 0.0359609
area = 427
delay = 16
#gates = 195
output circuit appNtk/rca32_61_0.0359609_427_16.blif
Abc_NtkLogicToNetlist() warning: The network is converted to have simple COs.
time = 899784290 us
--------------- round 62 ---------------
seed = 2531465778
maxLevel = 999999
n213 is replaced by n245 with inverter with estimated error 0.0331195
error = 0.0331195
area = 417
delay = 16
#gates = 190
output circuit appNtk/rca32_62_0.0331195_417_16.blif
Abc_NtkLogicToNetlist() warning: The network is converted to have simple COs.
time = 910482585 us
--------------- round 63 ---------------
seed = 2531465778
maxLevel = 999999
n249 is replaced by n247 with estimated error 0.0331195
error = 0.0331195
area = 415
delay = 16
#gates = 189
output circuit appNtk/rca32_63_0.0331195_415_16.blif
Abc_NtkLogicToNetlist() warning: The network is converted to have simple COs.
time = 920739735 us
--------------- round 64 ---------------
seed = 2531465778
maxLevel = 999999
n248 is replaced by n255 with estimated error 0.0331195
error = 0.0331195
area = 413
delay = 16
#gates = 188
output circuit appNtk/rca32_64_0.0331195_413_16.blif
Abc_NtkLogicToNetlist() warning: The network is converted to have simple COs.
time = 930919340 us
--------------- round 65 ---------------
seed = 2531465778
maxLevel = 999999
n226 is replaced by zero with estimated error 0.0331195
error = 0.0331195
area = 412
delay = 16
#gates = 187
output circuit appNtk/rca32_65_0.0331195_412_16.blif
Abc_NtkLogicToNetlist() warning: The network is converted to have simple COs.
time = 941022674 us
--------------- round 66 ---------------
seed = 2531465778
maxLevel = 999999
n219 is replaced by n216 with estimated error 0.0459322
error = 0.0459322
area = 405
delay = 16
#gates = 185
output circuit appNtk/rca32_66_0.0459322_405_16.blif
Abc_NtkLogicToNetlist() warning: The network is converted to have simple COs.
time = 951042750 us
--------------- round 67 ---------------
seed = 2531465778
maxLevel = 999999
n202 is replaced by one with estimated error 0.0395198
error = 0.0395198
area = 403
delay = 16
#gates = 184
output circuit appNtk/rca32_67_0.0395198_403_16.blif
Abc_NtkLogicToNetlist() warning: The network is converted to have simple COs.
time = 960904860 us
--------------- round 68 ---------------
seed = 2531465778
maxLevel = 999999
n229 is replaced by n217 with estimated error 0.0395198
error = 0.0395198
area = 401
delay = 16
#gates = 183
output circuit appNtk/rca32_68_0.0395198_401_16.blif
Abc_NtkLogicToNetlist() warning: The network is converted to have simple COs.
time = 970762165 us
--------------- round 69 ---------------
seed = 2531465778
maxLevel = 999999
n402 is replaced by n217 with estimated error 0.0395198
error = 0.0395198
area = 400
delay = 16
#gates = 182
output circuit appNtk/rca32_69_0.0395198_400_16.blif
Abc_NtkLogicToNetlist() warning: The network is converted to have simple COs.
time = 980545794 us
--------------- round 70 ---------------
seed = 2531465778
maxLevel = 999999
n227 is replaced by zero with estimated error 0.0395198
error = 0.0395198
area = 399
delay = 16
#gates = 181
output circuit appNtk/rca32_70_0.0395198_399_16.blif
Abc_NtkLogicToNetlist() warning: The network is converted to have simple COs.
time = 990256442 us
--------------- round 71 ---------------
seed = 2531465778
maxLevel = 999999
n216 is replaced by one with estimated error 0.0519138
error = 0.0519138
area = 395
delay = 16
#gates = 178
output circuit appNtk/rca32_71_0.0519138_395_16.blif
Abc_NtkLogicToNetlist() warning: The network is converted to have simple COs.
time = 999880896 us
--------------- round 72 ---------------
seed = 2531465778
maxLevel = 999999
n230 is replaced by n246 with estimated error 0.0727914
error = 0.0727914
area = 390
delay = 16
#gates = 176
output circuit appNtk/rca32_72_0.0727914_390_16.blif
Abc_NtkLogicToNetlist() warning: The network is converted to have simple COs.
time = 1009251980 us
--------------- round 73 ---------------
seed = 2531465778
maxLevel = 999999
n217 is replaced by one with estimated error 0.0662667
error = 0.0662667
area = 388
delay = 16
#gates = 175
output circuit appNtk/rca32_73_0.0662667_388_16.blif
Abc_NtkLogicToNetlist() warning: The network is converted to have simple COs.
time = 1018491040 us
--------------- round 74 ---------------
seed = 2531465778
maxLevel = 999999
n233 is replaced by n220 with estimated error 0.0662667
error = 0.0662667
area = 386
delay = 16
#gates = 174
output circuit appNtk/rca32_74_0.0662667_386_16.blif
Abc_NtkLogicToNetlist() warning: The network is converted to have simple COs.
time = 1027721676 us
--------------- round 75 ---------------
seed = 2531465778
maxLevel = 999999
n231 is replaced by zero with estimated error 0.0662667
error = 0.0662667
area = 385
delay = 16
#gates = 173
output circuit appNtk/rca32_75_0.0662667_385_16.blif
Abc_NtkLogicToNetlist() warning: The network is converted to have simple COs.
time = 1036877270 us
--------------- round 76 ---------------
seed = 2531465778
maxLevel = 999999
n232 is replaced by n246 with estimated error 0.0948273
error = 0.0948273
area = 378
delay = 16
#gates = 170
output circuit appNtk/rca32_76_0.0948273_378_16.blif
Abc_NtkLogicToNetlist() warning: The network is converted to have simple COs.
time = 1045958320 us
--------------- round 77 ---------------
seed = 2531465778
maxLevel = 999999
n224 is replaced by one with estimated error 0.0948273
error = 0.0948273
area = 374
delay = 16
#gates = 167
output circuit appNtk/rca32_77_0.0948273_374_16.blif
Abc_NtkLogicToNetlist() warning: The network is converted to have simple COs.
time = 1054814080 us
--------------- round 78 ---------------
seed = 2531465778
maxLevel = 999999
n245 is replaced by zero with estimated error 0.0948273
error = 0.0948273
area = 372
delay = 16
#gates = 166
output circuit appNtk/rca32_78_0.0948273_372_16.blif
Abc_NtkLogicToNetlist() warning: The network is converted to have simple COs.
time = 1063422468 us
--------------- round 79 ---------------
seed = 2531465778
maxLevel = 999999
n220 is replaced by zero with estimated error 0.128373
error = 0.128373
area = 369
delay = 16
#gates = 165
output circuit appNtk/rca32_79_0.128373_369_16.blif
Abc_NtkLogicToNetlist() warning: The network is converted to have simple COs.
time = 1071974741 us
--------------- round 80 ---------------
seed = 2531465778
maxLevel = 999999
n236 is replaced by one with estimated error 0.189245
error = 0.189245
area = 365
delay = 16
#gates = 162
output circuit appNtk/rca32_80_0.189245_365_16.blif
Abc_NtkLogicToNetlist() warning: The network is converted to have simple COs.
time = 1080530968 us
--------------- round 81 ---------------
seed = 2531465778
maxLevel = 999999
n247 is replaced by n238 with estimated error 0.189245
error = 0.189245
area = 360
delay = 16
#gates = 160
output circuit appNtk/rca32_81_0.189245_360_16.blif
Abc_NtkLogicToNetlist() warning: The network is converted to have simple COs.
time = 1088827226 us
--------------- round 82 ---------------
seed = 2531465778
maxLevel = 999999
n239 is replaced by n237 with estimated error 0.189245
error = 0.189245
area = 355
delay = 16
#gates = 159
output circuit appNtk/rca32_82_0.189245_355_16.blif
Abc_NtkLogicToNetlist() warning: The network is converted to have simple COs.
time = 1097002095 us
--------------- round 83 ---------------
seed = 2531465778
maxLevel = 999999
n254 is replaced by n256 with inverter with estimated error 0.356259
error = 0.356259
area = 349
delay = 16
#gates = 158
output circuit appNtk/rca32_83_0.356259_349_16.blif
Abc_NtkLogicToNetlist() warning: The network is converted to have simple COs.
time = 1105108491 us
--------------- round 84 ---------------
seed = 2531465778
maxLevel = 999999
n237 is replaced by one with estimated error 0.379727
error = 0.379727
area = 347
delay = 16
#gates = 157
output circuit appNtk/rca32_84_0.379727_347_16.blif
Abc_NtkLogicToNetlist() warning: The network is converted to have simple COs.
time = 1113126494 us
--------------- round 85 ---------------
seed = 2531465778
maxLevel = 999999
n246 is replaced by y[1] with estimated error 0.374612
error = 0.374612
area = 344
delay = 16
#gates = 156
output circuit appNtk/rca32_85_0.374612_344_16.blif
Abc_NtkLogicToNetlist() warning: The network is converted to have simple COs.
time = 1121143597 us
--------------- round 86 ---------------
seed = 2531465778
maxLevel = 999999
n356 is replaced by zero with estimated error 0.374612
error = 0.374612
area = 339
delay = 16
#gates = 154
output circuit appNtk/rca32_86_0.374612_339_16.blif
Abc_NtkLogicToNetlist() warning: The network is converted to have simple COs.
time = 1129040394 us
--------------- round 87 ---------------
seed = 2531465778
maxLevel = 999999
n251 is replaced by zero with estimated error 0.374612
error = 0.374612
area = 336
delay = 16
#gates = 152
output circuit appNtk/rca32_87_0.374612_336_16.blif
Abc_NtkLogicToNetlist() warning: The network is converted to have simple COs.
time = 1136802465 us
--------------- round 88 ---------------
seed = 2531465778
maxLevel = 999999
n238 is replaced by zero with estimated error 0.374612
error = 0.374612
area = 334
delay = 16
#gates = 151
output circuit appNtk/rca32_88_0.374612_334_16.blif
Abc_NtkLogicToNetlist() warning: The network is converted to have simple COs.
time = 1144404785 us
--------------- round 89 ---------------
seed = 2531465778
maxLevel = 999999
n255 is replaced by one with estimated error 0.374612
error = 0.374612
area = 332
delay = 16
#gates = 150
output circuit appNtk/rca32_89_0.374612_332_16.blif
Abc_NtkLogicToNetlist() warning: The network is converted to have simple COs.
time = 1151947673 us
--------------- round 90 ---------------
seed = 2531465778
maxLevel = 999999
n320 is replaced by zero with estimated error 0.374612
error = 0.374612
area = 330
delay = 16
#gates = 149
output circuit appNtk/rca32_90_0.374612_330_16.blif
Abc_NtkLogicToNetlist() warning: The network is converted to have simple COs.
time = 1159424538 us
--------------- round 91 ---------------
seed = 2531465778
maxLevel = 999999
n282 is replaced by zero with estimated error 0.374612
error = 0.374612
area = 327
delay = 16
#gates = 148
output circuit appNtk/rca32_91_0.374612_327_16.blif
Abc_NtkLogicToNetlist() warning: The network is converted to have simple COs.
time = 1166844360 us
--------------- round 92 ---------------
seed = 2531465778
maxLevel = 999999
n283 is replaced by zero with estimated error 0.374612
error = 0.374612
area = 326
delay = 16
#gates = 147
output circuit appNtk/rca32_92_0.374612_326_16.blif
Abc_NtkLogicToNetlist() warning: The network is converted to have simple COs.
time = 1174207997 us
--------------- round 93 ---------------
seed = 2531465778
maxLevel = 999999
n261 is replaced by n270 with estimated error 0.70061
error = 0.70061
area = 319
delay = 16
#gates = 145
output circuit appNtk/rca32_93_0.70061_319_16.blif
Abc_NtkLogicToNetlist() warning: The network is converted to have simple COs.
time = 1181505746 us
--------------- round 94 ---------------
seed = 2531465778
maxLevel = 999999
n269 is replaced by one with estimated error 0.77121
error = 0.77121
area = 316
delay = 16
#gates = 143
output circuit appNtk/rca32_94_0.77121_316_16.blif
Abc_NtkLogicToNetlist() warning: The network is converted to have simple COs.
time = 1188660698 us
--------------- round 95 ---------------
seed = 2531465778
maxLevel = 999999
n252 is replaced by one with estimated error 0.748584
error = 0.748584
area = 314
delay = 16
#gates = 142
output circuit appNtk/rca32_95_0.748584_314_16.blif
Abc_NtkLogicToNetlist() warning: The network is converted to have simple COs.
time = 1195685176 us
--------------- round 96 ---------------
seed = 2531465778
maxLevel = 999999
n256 is replaced by zero with estimated error 0.748584
error = 0.748584
area = 312
delay = 16
#gates = 141
output circuit appNtk/rca32_96_0.748584_312_16.blif
Abc_NtkLogicToNetlist() warning: The network is converted to have simple COs.
time = 1202681542 us
--------------- round 97 ---------------
seed = 2531465778
maxLevel = 999999
n286 is replaced by n259 with estimated error 0.748584
error = 0.748584
area = 310
delay = 16
#gates = 140
output circuit appNtk/rca32_97_0.748584_310_16.blif
Abc_NtkLogicToNetlist() warning: The network is converted to have simple COs.
time = 1209618893 us
--------------- round 98 ---------------
seed = 2531465778
maxLevel = 999999
n271 is replaced by n287 with inverter with estimated error 0.823932
error = 0.823932
area = 309
delay = 16
#gates = 140
output circuit appNtk/rca32_98_0.823932_309_16.blif
Abc_NtkLogicToNetlist() warning: The network is converted to have simple COs.
time = 1216494458 us
--------------- round 99 ---------------
seed = 2531465778
maxLevel = 999999
n259 is replaced by zero with estimated error 1.02816
error = 1.02816
area = 306
delay = 16
#gates = 138
output circuit appNtk/rca32_99_1.02816_306_16.blif
Abc_NtkLogicToNetlist() warning: The network is converted to have simple COs.
time = 1223373028 us
--------------- round 100 ---------------
seed = 2531465778
maxLevel = 999999
n270 is replaced by one with estimated error 1.02816
error = 1.02816
area = 303
delay = 16
#gates = 137
output circuit appNtk/rca32_100_1.02816_303_16.blif
Abc_NtkLogicToNetlist() warning: The network is converted to have simple COs.
time = 1230166221 us
--------------- round 101 ---------------
seed = 2531465778
maxLevel = 999999
n281 is replaced by zero with estimated error 1.02816
error = 1.02816
area = 301
delay = 16
#gates = 136
output circuit appNtk/rca32_101_1.02816_301_16.blif
Abc_NtkLogicToNetlist() warning: The network is converted to have simple COs.
time = 1236903283 us
--------------- round 102 ---------------
seed = 2531465778
maxLevel = 999999
n404 is replaced by zero with estimated error 1.02816
error = 1.02816
area = 300
delay = 16
#gates = 135
output circuit appNtk/rca32_102_1.02816_300_16.blif
Abc_NtkLogicToNetlist() warning: The network is converted to have simple COs.
time = 1243571193 us
--------------- round 103 ---------------
seed = 2531465778
maxLevel = 999999
n272 is replaced by n266 with inverter with estimated error 1.50583
error = 1.50583
area = 294
delay = 16
#gates = 133
output circuit appNtk/rca32_103_1.50583_294_16.blif
Abc_NtkLogicToNetlist() warning: The network is converted to have simple COs.
time = 1250184513 us
--------------- round 104 ---------------
seed = 2531465778
maxLevel = 999999
n289 is replaced by n285 with estimated error 1.50583
error = 1.50583
area = 289
delay = 16
#gates = 131
output circuit appNtk/rca32_104_1.50583_289_16.blif
Abc_NtkLogicToNetlist() warning: The network is converted to have simple COs.
time = 1256660459 us
--------------- round 105 ---------------
seed = 2531465778
maxLevel = 999999
n273 is replaced by n264 with estimated error 1.50583
error = 1.50583
area = 285
delay = 16
#gates = 129
output circuit appNtk/rca32_105_1.50583_285_16.blif
Abc_NtkLogicToNetlist() warning: The network is converted to have simple COs.
time = 1263021307 us
--------------- round 106 ---------------
seed = 2531465778
maxLevel = 999999
n287 is replaced by one with estimated error 1.50583
error = 1.50583
area = 282
delay = 16
#gates = 128
output circuit appNtk/rca32_106_1.50583_282_16.blif
Abc_NtkLogicToNetlist() warning: The network is converted to have simple COs.
time = 1269264831 us
--------------- round 107 ---------------
seed = 2531465778
maxLevel = 999999
n403 is replaced by zero with estimated error 1.48279
error = 1.48279
area = 281
delay = 16
#gates = 127
output circuit appNtk/rca32_107_1.48279_281_16.blif
Abc_NtkLogicToNetlist() warning: The network is converted to have simple COs.
time = 1275359615 us
--------------- round 108 ---------------
seed = 2531465778
maxLevel = 999999
n118 is replaced by n337 with estimated error 1.48279
error = 1.48279
area = 280
delay = 16
#gates = 126
output circuit appNtk/rca32_108_1.48279_280_16.blif
Abc_NtkLogicToNetlist() warning: The network is converted to have simple COs.
time = 1281115731 us
--------------- round 109 ---------------
seed = 2531465778
maxLevel = 999999
n171 is replaced by n386 with estimated error 1.48279
error = 1.48279
area = 278
delay = 16
#gates = 125
output circuit appNtk/rca32_109_1.48279_278_16.blif
Abc_NtkLogicToNetlist() warning: The network is converted to have simple COs.
time = 1286754854 us
--------------- round 110 ---------------
seed = 2531465778
maxLevel = 999999
n182 is replaced by n372 with estimated error 1.48279
error = 1.48279
area = 276
delay = 16
#gates = 124
output circuit appNtk/rca32_110_1.48279_276_16.blif
Abc_NtkLogicToNetlist() warning: The network is converted to have simple COs.
time = 1292326028 us
--------------- round 111 ---------------
seed = 2531465778
maxLevel = 999999
n108 is replaced by y[16] with estimated error 1.48279
error = 1.48279
area = 274
delay = 16
#gates = 123
output circuit appNtk/rca32_111_1.48279_274_16.blif
Abc_NtkLogicToNetlist() warning: The network is converted to have simple COs.
time = 1297830257 us
--------------- round 112 ---------------
seed = 2531465778
maxLevel = 999999
n116 is replaced by x[16] with estimated error 1.48279
error = 1.48279
area = 269
delay = 16
#gates = 121
output circuit appNtk/rca32_112_1.48279_269_16.blif
Abc_NtkLogicToNetlist() warning: The network is converted to have simple COs.
time = 1303149241 us
--------------- round 113 ---------------
seed = 2531465778
maxLevel = 999999
n139 is replaced by n333 with estimated error 1.48279
error = 1.48279
area = 267
delay = 16
#gates = 120
output circuit appNtk/rca32_113_1.48279_267_16.blif
Abc_NtkLogicToNetlist() warning: The network is converted to have simple COs.
time = 1308255833 us
--------------- round 114 ---------------
seed = 2531465778
maxLevel = 999999
exceed error bound
