abc command read data/library/mcnc.genlib
Entered genlib library with 23 gates from file "data/library/mcnc.genlib".
abc command read_blif data/su/c7552.blif
Line 21: Skipping line ".default_input_arrival 0.00 0.00 ".
Line 22: Skipping line ".default_output_required 0.00 0.00 ".
Line 23: Skipping line ".default_input_drive 0.10 0.10 ".
Line 24: Skipping line ".default_output_load 2.00 ".
Line 25: Skipping line ".default_max_input_load 999.00 ".
abc command print_stats
[1;37mc7552                         :[0m i/o =  207/  108  lat =    0  nd =  1125  edge =   2605  area =2756.00  delay =69.40  lev = 50
--------------- round 1 ---------------
seed = 130587403
maxLevel = 2147483647
n850 is replaced by n501 with estimated error 0
error = 0
high accuracy error = 5.9e-05
area = 2730
delay = 69.4
#gates = 1117
output circuit appNtk/c7552_1_0_2730_69.4.blif
time = 61863741 us
--------------- round 2 ---------------
seed = 3559780691
maxLevel = 2147483647
n770 is replaced by zero with estimated error 4e-05
error = 4e-05
high accuracy error = 6.9e-05
area = 2710
delay = 69.4
#gates = 1108
output circuit appNtk/c7552_2_4e-05_2710_69.4.blif
time = 112225108 us
--------------- round 3 ---------------
seed = 2431890626
maxLevel = 2147483647
n1169 is replaced by one with estimated error 3e-05
error = 3e-05
high accuracy error = 7.1e-05
area = 2701
delay = 69.4
#gates = 1105
output circuit appNtk/c7552_3_3e-05_2701_69.4.blif
time = 171080266 us
--------------- round 4 ---------------
seed = 1360984977
maxLevel = 2147483647
n695 is replaced by zero with estimated error 5e-05
error = 5e-05
high accuracy error = 5.7e-05
area = 2694
delay = 69.4
#gates = 1102
output circuit appNtk/c7552_4_5e-05_2694_69.4.blif
time = 226942527 us
--------------- round 5 ---------------
seed = 1113215393
maxLevel = 2147483647
n852 is replaced by n544 with estimated error 6e-05
error = 6e-05
high accuracy error = 0.000115
area = 2692
delay = 69.4
#gates = 1101
output circuit appNtk/c7552_5_6e-05_2692_69.4.blif
time = 287662439 us
--------------- round 6 ---------------
seed = 752227924
maxLevel = 2147483647
n688 is replaced by n691 with estimated error 0.0001
error = 0.0001
high accuracy error = 0.000113
area = 2690
delay = 69.4
#gates = 1100
output circuit appNtk/c7552_6_0.0001_2690_69.4.blif
time = 342403249 us
--------------- round 7 ---------------
seed = 3564761719
maxLevel = 2147483647
n854 is replaced by n462 with estimated error 0.00021
error = 0.00021
high accuracy error = 0.000216
area = 2685
delay = 69.4
#gates = 1098
output circuit appNtk/c7552_7_0.00021_2685_69.4.blif
time = 415404033 us
--------------- round 8 ---------------
seed = 325614892
maxLevel = 2147483647
n827 is replaced by n1091 with inverter with estimated error 0.00023
error = 0.00023
high accuracy error = 0.000288
area = 2675
delay = 69.4
#gates = 1095
output circuit appNtk/c7552_8_0.00023_2675_69.4.blif
time = 456513580 us
--------------- round 9 ---------------
seed = 2614908656
maxLevel = 2147483647
n1443 is replaced by one with estimated error 0.00031
error = 0.00031
high accuracy error = 0.000282
area = 2674
delay = 69.4
#gates = 1094
output circuit appNtk/c7552_9_0.00031_2674_69.4.blif
time = 513485243 us
--------------- round 10 ---------------
seed = 1169096276
maxLevel = 2147483647
n855 is replaced by n681 with estimated error 0.00027
error = 0.00027
high accuracy error = 0.000302
area = 2667
delay = 69.4
#gates = 1091
output circuit appNtk/c7552_10_0.00027_2667_69.4.blif
time = 575175414 us
--------------- round 11 ---------------
seed = 298693177
maxLevel = 2147483647
n777 is replaced by n377 with estimated error 0.00029
error = 0.00029
high accuracy error = 0.00033
area = 2665
delay = 69.4
#gates = 1090
output circuit appNtk/c7552_11_0.00029_2665_69.4.blif
time = 639606402 us
--------------- round 12 ---------------
seed = 3034922632
maxLevel = 2147483647
n823 is replaced by n821 with estimated error 0.0004
error = 0.0004
high accuracy error = 0.000331
area = 2663
delay = 69.4
#gates = 1089
output circuit appNtk/c7552_12_0.0004_2663_69.4.blif
time = 697398641 us
--------------- round 13 ---------------
seed = 1103499310
maxLevel = 2147483647
n822 is replaced by one with estimated error 0.00035
error = 0.00035
high accuracy error = 0.000324
area = 2658
delay = 69.4
#gates = 1087
output circuit appNtk/c7552_13_0.00035_2658_69.4.blif
time = 751405358 us
--------------- round 14 ---------------
seed = 576543479
maxLevel = 2147483647
n821 is replaced by n405 with inverter with estimated error 0.00039
error = 0.00039
high accuracy error = 0.000353
area = 2656
delay = 69.4
#gates = 1087
output circuit appNtk/c7552_14_0.00039_2656_69.4.blif
time = 812877731 us
--------------- round 15 ---------------
seed = 2440319824
maxLevel = 2147483647
n1444 is replaced by zero with estimated error 0.00038
error = 0.00038
high accuracy error = 0.000359
area = 2655
delay = 69.4
#gates = 1086
output circuit appNtk/c7552_15_0.00038_2655_69.4.blif
time = 871229837 us
--------------- round 16 ---------------
seed = 3406444299
maxLevel = 2147483647
n772 is replaced by one with estimated error 0.00033
error = 0.00033
high accuracy error = 0.000358
area = 2650
delay = 69.4
#gates = 1084
output circuit appNtk/c7552_16_0.00033_2650_69.4.blif
time = 938477191 us
--------------- round 17 ---------------
seed = 3716527722
maxLevel = 2147483647
n819 is replaced by n387 with estimated error 0.00042
error = 0.00042
high accuracy error = 0.000381
area = 2646
delay = 69.4
#gates = 1083
output circuit appNtk/c7552_17_0.00042_2646_69.4.blif
time = 1019478759 us
--------------- round 18 ---------------
seed = 2134595200
maxLevel = 2147483647
n820 is replaced by n871 with inverter with estimated error 0.00034
error = 0.00034
high accuracy error = 0.000365
area = 2644
delay = 69.4
#gates = 1083
output circuit appNtk/c7552_18_0.00034_2644_69.4.blif
time = 1107696662 us
--------------- round 19 ---------------
seed = 2506464122
maxLevel = 2147483647
n1391 is replaced by n494 with estimated error 0.00039
error = 0.00039
high accuracy error = 0.00037
area = 2641
delay = 69.4
#gates = 1081
output circuit appNtk/c7552_19_0.00039_2641_69.4.blif
time = 1195668347 us
--------------- round 20 ---------------
seed = 4048259266
maxLevel = 2147483647
n1445 is replaced by n789 with estimated error 0.0003
error = 0.0003
high accuracy error = 0.000408
area = 2640
delay = 69.4
#gates = 1080
output circuit appNtk/c7552_20_0.0003_2640_69.4.blif
time = 1271815701 us
--------------- round 21 ---------------
seed = 968031910
maxLevel = 2147483647
n1335 is replaced by n1230 with estimated error 0.00028
error = 0.00028
high accuracy error = 0.000391
area = 2637
delay = 69.4
#gates = 1078
output circuit appNtk/c7552_21_0.00028_2637_69.4.blif
time = 1350828658 us
--------------- round 22 ---------------
seed = 545637040
maxLevel = 2147483647
n828 is replaced by n802 with inverter with estimated error 0.00041
error = 0.00041
high accuracy error = 0.000484
area = 2635
delay = 69.4
#gates = 1078
output circuit appNtk/c7552_22_0.00041_2635_69.4.blif
time = 1433667744 us
--------------- round 23 ---------------
seed = 2099092340
maxLevel = 2147483647
n872 is replaced by n789 with estimated error 0.00052
error = 0.00052
high accuracy error = 0.000532
area = 2625
delay = 69.4
#gates = 1074
output circuit appNtk/c7552_23_0.00052_2625_69.4.blif
time = 1523701593 us
--------------- round 24 ---------------
seed = 2856030505
maxLevel = 2147483647
n1446 is replaced by n801 with estimated error 0.00054
error = 0.00054
high accuracy error = 0.000555
area = 2624
delay = 69.4
#gates = 1073
output circuit appNtk/c7552_24_0.00054_2624_69.4.blif
time = 1595770020 us
--------------- round 25 ---------------
seed = 1740325769
maxLevel = 2147483647
n1136 is replaced by n1144 with estimated error 0.00057
error = 0.00057
high accuracy error = 0.000587
area = 2621
delay = 69.4
#gates = 1072
output circuit appNtk/c7552_25_0.00057_2621_69.4.blif
time = 1660718480 us
--------------- round 26 ---------------
seed = 2850801126
maxLevel = 2147483647
n808 is replaced by n573 with estimated error 0.00057
error = 0.00057
high accuracy error = 0.000675
area = 2618
delay = 69.4
#gates = 1071
output circuit appNtk/c7552_26_0.00057_2618_69.4.blif
time = 1720579386 us
--------------- round 27 ---------------
seed = 1168120604
maxLevel = 2147483647
n1187 is replaced by n593 with estimated error 0.00065
error = 0.00065
high accuracy error = 0.000643
area = 2616
delay = 69.4
#gates = 1070
output circuit appNtk/c7552_27_0.00065_2616_69.4.blif
time = 1803726772 us
--------------- round 28 ---------------
seed = 3098387213
maxLevel = 2147483647
n1188 is replaced by n1173 with estimated error 0.00052
error = 0.00052
high accuracy error = 0.00064
area = 2614
delay = 69.4
#gates = 1069
output circuit appNtk/c7552_28_0.00052_2614_69.4.blif
time = 1884615131 us
--------------- round 29 ---------------
seed = 3125422013
maxLevel = 2147483647
n1020 is replaced by n376 with estimated error 0.00053
error = 0.00053
high accuracy error = 0.000648
area = 2612
delay = 69.4
#gates = 1068
output circuit appNtk/c7552_29_0.00053_2612_69.4.blif
time = 1972461501 us
--------------- round 30 ---------------
seed = 1787691044
maxLevel = 2147483647
n673 is replaced by zero with estimated error 0.00072
error = 0.00072
high accuracy error = 0.000632
area = 2610
delay = 69.4
#gates = 1067
output circuit appNtk/c7552_30_0.00072_2610_69.4.blif
time = 2064546853 us
--------------- round 31 ---------------
seed = 2516728862
maxLevel = 2147483647
n868 is replaced by zero with estimated error 0.00069
error = 0.00069
high accuracy error = 0.000595
area = 2608
delay = 69.4
#gates = 1066
output circuit appNtk/c7552_31_0.00069_2608_69.4.blif
time = 2124816609 us
--------------- round 32 ---------------
seed = 340097979
maxLevel = 2147483647
n829 is replaced by n806 with estimated error 0.00066
error = 0.00066
high accuracy error = 0.000618
area = 2604
delay = 69.4
#gates = 1065
output circuit appNtk/c7552_32_0.00066_2604_69.4.blif
time = 2200277567 us
--------------- round 33 ---------------
seed = 2418698428
maxLevel = 2147483647
n588 is replaced by n418 with estimated error 0.00077
error = 0.00077
high accuracy error = 0.000643
area = 2603
delay = 65.9
#gates = 1064
output circuit appNtk/c7552_33_0.00077_2603_65.9.blif
time = 2269384669 us
--------------- round 34 ---------------
seed = 1003334608
maxLevel = 2147483647
n1341 is replaced by n1330 with estimated error 0.00067
error = 0.00067
high accuracy error = 0.000655
area = 2602
delay = 65.9
#gates = 1063
output circuit appNtk/c7552_34_0.00067_2602_65.9.blif
time = 2328566108 us
--------------- round 35 ---------------
seed = 1596863272
maxLevel = 2147483647
n797 is replaced by n795 with estimated error 0.00079
error = 0.00079
high accuracy error = 0.000739
area = 2600
delay = 65.9
#gates = 1062
output circuit appNtk/c7552_35_0.00079_2600_65.9.blif
time = 2404164625 us
--------------- round 36 ---------------
seed = 1837115336
maxLevel = 2147483647
n1183 is replaced by n593 with estimated error 0.00076
error = 0.00076
high accuracy error = 0.000743
area = 2599
delay = 65.9
#gates = 1061
output circuit appNtk/c7552_36_0.00076_2599_65.9.blif
time = 2481988900 us
--------------- round 37 ---------------
seed = 2739464686
maxLevel = 2147483647
n858 is replaced by n677 with estimated error 0.00094
error = 0.00094
high accuracy error = 0.000972
area = 2589
delay = 65.9
#gates = 1057
output circuit appNtk/c7552_37_0.00094_2589_65.9.blif
time = 2568139939 us
--------------- round 38 ---------------
seed = 216128776
maxLevel = 2147483647
n799 is replaced by one with estimated error 0.00115
error = 0.00115
high accuracy error = 0.001184
area = 2584
delay = 65.9
#gates = 1055
output circuit appNtk/c7552_38_0.00115_2584_65.9.blif
time = 2647072961 us
--------------- round 39 ---------------
seed = 2155838173
maxLevel = 2147483647
n830 is replaced by zero with estimated error 0.00133
error = 0.00133
high accuracy error = 0.001155
area = 2580
delay = 65.9
#gates = 1054
output circuit appNtk/c7552_39_0.00133_2580_65.9.blif
time = 2713909912 us
--------------- round 40 ---------------
seed = 1734469250
maxLevel = 2147483647
n876 is replaced by n791 with estimated error 0.00182
error = 0.00182
high accuracy error = 0.001651
area = 2559
delay = 65.9
#gates = 1047
output circuit appNtk/c7552_40_0.00182_2559_65.9.blif
time = 2788304143 us
--------------- round 41 ---------------
seed = 1848208266
maxLevel = 2147483647
n745 is replaced by one with estimated error 0.00216
error = 0.00216
high accuracy error = 0.002203
area = 2549
delay = 65.9
#gates = 1043
output circuit appNtk/c7552_41_0.00216_2549_65.9.blif
time = 2862558859 us
--------------- round 42 ---------------
seed = 2144137794
maxLevel = 2147483647
n877 is replaced by n789 with estimated error 0.00349
error = 0.00349
high accuracy error = 0.003312
area = 2532
delay = 65.9
#gates = 1037
output circuit appNtk/c7552_42_0.00349_2532_65.9.blif
time = 2943795450 us
--------------- round 43 ---------------
seed = 4191348328
maxLevel = 2147483647
n833 is replaced by n696 with estimated error 0.00383
error = 0.00383
high accuracy error = 0.003983
area = 2528
delay = 65.9
#gates = 1035
output circuit appNtk/c7552_43_0.00383_2528_65.9.blif
time = 3015439153 us
--------------- round 44 ---------------
seed = 3455706819
maxLevel = 2147483647
n834 is replaced by n698 with estimated error 0.00431
error = 0.00431
high accuracy error = 0.004204
area = 2524
delay = 65.9
#gates = 1034
output circuit appNtk/c7552_44_0.00431_2524_65.9.blif
time = 3097290930 us
--------------- round 45 ---------------
seed = 1013393369
maxLevel = 2147483647
n656 is replaced by n1074 with estimated error 0.00621
error = 0.00621
high accuracy error = 0.006387
area = 2516
delay = 65.9
#gates = 1031
output circuit appNtk/c7552_45_0.00621_2516_65.9.blif
time = 3162866273 us
--------------- round 46 ---------------
seed = 2038946215
maxLevel = 2147483647
n836 is replaced by n711 with estimated error 0.00827
error = 0.00827
high accuracy error = 0.008339
area = 2509
delay = 65.9
#gates = 1028
output circuit appNtk/c7552_46_0.00827_2509_65.9.blif
time = 3228021911 us
--------------- round 47 ---------------
seed = 2729368044
maxLevel = 2147483647
n831 is replaced by n721 with estimated error 0.00996
error = 0.00996
high accuracy error = 0.01042
area = 2506
delay = 65.9
#gates = 1026
output circuit appNtk/c7552_47_0.00996_2506_65.9.blif
time = 3303346169 us
--------------- round 48 ---------------
seed = 4080203850
maxLevel = 2147483647
exceed error bound
