abc command read data/library/mcnc.genlib
Entered genlib library with 23 gates from file "data/library/mcnc.genlib".
abc command read_blif data/su/c7552.blif
Line 21: Skipping line ".default_input_arrival 0.00 0.00 ".
Line 22: Skipping line ".default_output_required 0.00 0.00 ".
Line 23: Skipping line ".default_input_drive 0.10 0.10 ".
Line 24: Skipping line ".default_output_load 2.00 ".
Line 25: Skipping line ".default_max_input_load 999.00 ".
abc command print_stats
[1;37mc7552                         :[0m i/o =  207/  108  lat =    0  nd =  1125  edge =   2605  area =2756.00  delay =69.40  lev = 50
--------------- round 1 ---------------
seed = 4187874857
maxLevel = 2147483647
n850 is replaced by n408 with inverter with estimated error 0
error = 0
high accuracy error = 5.4e-05
area = 2731
delay = 69.4
#gates = 1118
output circuit appNtk/c7552_1_0_2731_69.4.blif
time = 65907579 us
--------------- round 2 ---------------
seed = 3238872721
maxLevel = 2147483647
n770 is replaced by n677 with estimated error 2e-05
error = 2e-05
high accuracy error = 4.2e-05
area = 2711
delay = 69.4
#gates = 1109
output circuit appNtk/c7552_2_2e-05_2711_69.4.blif
time = 128752539 us
--------------- round 3 ---------------
seed = 3150532024
maxLevel = 2147483647
n695 is replaced by n945 with estimated error 5e-05
error = 5e-05
high accuracy error = 9.1e-05
area = 2704
delay = 69.4
#gates = 1106
output circuit appNtk/c7552_3_5e-05_2704_69.4.blif
time = 183570121 us
--------------- round 4 ---------------
seed = 3534022438
maxLevel = 2147483647
n1443 is replaced by zero with estimated error 2e-05
error = 2e-05
high accuracy error = 6.8e-05
area = 2703
delay = 69.4
#gates = 1105
output circuit appNtk/c7552_4_2e-05_2703_69.4.blif
time = 236067844 us
--------------- round 5 ---------------
seed = 512890544
maxLevel = 2147483647
n853 is replaced by n686 with estimated error 5e-05
error = 5e-05
high accuracy error = 0.000112
area = 2701
delay = 69.4
#gates = 1104
output circuit appNtk/c7552_5_5e-05_2701_69.4.blif
time = 309778460 us
--------------- round 6 ---------------
seed = 2523859407
maxLevel = 2147483647
n772 is replaced by one with estimated error 9e-05
error = 9e-05
high accuracy error = 9.2e-05
area = 2696
delay = 69.4
#gates = 1102
output circuit appNtk/c7552_6_9e-05_2696_69.4.blif
time = 364202809 us
--------------- round 7 ---------------
seed = 3996224302
maxLevel = 2147483647
n852 is replaced by n415 with estimated error 0.00013
error = 0.00013
high accuracy error = 0.000114
area = 2694
delay = 69.4
#gates = 1101
output circuit appNtk/c7552_7_0.00013_2694_69.4.blif
time = 436233575 us
--------------- round 8 ---------------
seed = 1518915544
maxLevel = 2147483647
n688 is replaced by n391 with estimated error 7e-05
error = 7e-05
high accuracy error = 0.000168
area = 2692
delay = 69.4
#gates = 1100
output circuit appNtk/c7552_8_7e-05_2692_69.4.blif
time = 521700505 us
--------------- round 9 ---------------
seed = 4176698539
maxLevel = 2147483647
n854 is replaced by n987 with estimated error 0.00019
error = 0.00019
high accuracy error = 0.000249
area = 2689
delay = 69.4
#gates = 1099
output circuit appNtk/c7552_9_0.00019_2689_69.4.blif
time = 609450750 us
--------------- round 10 ---------------
seed = 1804954958
maxLevel = 2147483647
n851 is replaced by n448 with estimated error 0.00028
error = 0.00028
high accuracy error = 0.000266
area = 2686
delay = 69.4
#gates = 1097
output circuit appNtk/c7552_10_0.00028_2686_69.4.blif
time = 691998987 us
--------------- round 11 ---------------
seed = 473493097
maxLevel = 2147483647
n855 is replaced by n681 with estimated error 0.00018
error = 0.00018
high accuracy error = 0.000221
area = 2682
delay = 69.4
#gates = 1096
output circuit appNtk/c7552_11_0.00018_2682_69.4.blif
time = 776172573 us
--------------- round 12 ---------------
seed = 478243527
maxLevel = 2147483647
n1169 is replaced by one with estimated error 0.00026
error = 0.00026
high accuracy error = 0.00025
area = 2673
delay = 69.4
#gates = 1093
output circuit appNtk/c7552_12_0.00026_2673_69.4.blif
time = 843150408 us
--------------- round 13 ---------------
seed = 2017572689
maxLevel = 2147483647
n825 is replaced by n452 with estimated error 0.00021
error = 0.00021
high accuracy error = 0.000305
area = 2667
delay = 69.4
#gates = 1091
output circuit appNtk/c7552_13_0.00021_2667_69.4.blif
time = 926176861 us
--------------- round 14 ---------------
seed = 1711390405
maxLevel = 2147483647
n827 is replaced by n779 with estimated error 0.00024
error = 0.00024
high accuracy error = 0.000286
area = 2662
delay = 69.4
#gates = 1089
output circuit appNtk/c7552_14_0.00024_2662_69.4.blif
time = 1001363959 us
--------------- round 15 ---------------
seed = 2620631220
maxLevel = 2147483647
n1391 is replaced by n494 with estimated error 0.0002
error = 0.0002
high accuracy error = 0.00027
area = 2659
delay = 69.4
#gates = 1087
output circuit appNtk/c7552_15_0.0002_2659_69.4.blif
time = 1071794473 us
--------------- round 16 ---------------
seed = 299466854
maxLevel = 2147483647
n1335 is replaced by n1230 with estimated error 0.00026
error = 0.00026
high accuracy error = 0.00027
area = 2656
delay = 69.4
#gates = 1085
output circuit appNtk/c7552_16_0.00026_2656_69.4.blif
time = 1149672374 us
--------------- round 17 ---------------
seed = 2636566422
maxLevel = 2147483647
n822 is replaced by n820 with estimated error 0.0003
error = 0.0003
high accuracy error = 0.000292
area = 2646
delay = 69.4
#gates = 1081
output circuit appNtk/c7552_17_0.0003_2646_69.4.blif
time = 1211549035 us
--------------- round 18 ---------------
seed = 2816877741
maxLevel = 2147483647
n1136 is replaced by n1144 with estimated error 0.00032
error = 0.00032
high accuracy error = 0.000302
area = 2643
delay = 69.4
#gates = 1080
output circuit appNtk/c7552_18_0.00032_2643_69.4.blif
time = 1269503856 us
--------------- round 19 ---------------
seed = 1802224085
maxLevel = 2147483647
n1187 is replaced by n593 with estimated error 0.00029
error = 0.00029
high accuracy error = 0.000315
area = 2641
delay = 69.4
#gates = 1079
output circuit appNtk/c7552_19_0.00029_2641_69.4.blif
time = 1343836519 us
--------------- round 20 ---------------
seed = 1431124712
maxLevel = 2147483647
n1188 is replaced by n1173 with estimated error 0.00024
error = 0.00024
high accuracy error = 0.000356
area = 2639
delay = 69.4
#gates = 1078
output circuit appNtk/c7552_20_0.00024_2639_69.4.blif
time = 1411575659 us
--------------- round 21 ---------------
seed = 139190327
maxLevel = 2147483647
n823 is replaced by n868 with estimated error 0.00033
error = 0.00033
high accuracy error = 0.000304
area = 2637
delay = 69.4
#gates = 1077
output circuit appNtk/c7552_21_0.00033_2637_69.4.blif
time = 1487348621 us
--------------- round 22 ---------------
seed = 3756513914
maxLevel = 2147483647
n1020 is replaced by n376 with estimated error 0.00027
error = 0.00027
high accuracy error = 0.00033
area = 2635
delay = 69.4
#gates = 1076
output circuit appNtk/c7552_22_0.00027_2635_69.4.blif
time = 1542122120 us
--------------- round 23 ---------------
seed = 3200601920
maxLevel = 2147483647
n868 is replaced by zero with estimated error 0.00032
error = 0.00032
high accuracy error = 0.000334
area = 2633
delay = 69.4
#gates = 1075
output circuit appNtk/c7552_23_0.00032_2633_69.4.blif
time = 1620595507 us
--------------- round 24 ---------------
seed = 1862461482
maxLevel = 2147483647
n588 is replaced by n418 with estimated error 0.00028
error = 0.00028
high accuracy error = 0.000359
area = 2632
delay = 65.9
#gates = 1074
output circuit appNtk/c7552_24_0.00028_2632_65.9.blif
time = 1696578667 us
--------------- round 25 ---------------
seed = 790207010
maxLevel = 2147483647
n1341 is replaced by n1330 with estimated error 0.00023
error = 0.00023
high accuracy error = 0.000353
area = 2631
delay = 65.9
#gates = 1073
output circuit appNtk/c7552_25_0.00023_2631_65.9.blif
time = 1761767536 us
--------------- round 26 ---------------
seed = 2347309487
maxLevel = 2147483647
n1183 is replaced by n593 with estimated error 0.0003
error = 0.0003
high accuracy error = 0.000354
area = 2630
delay = 65.9
#gates = 1072
output circuit appNtk/c7552_26_0.0003_2630_65.9.blif
time = 1823740895 us
--------------- round 27 ---------------
seed = 2463802411
maxLevel = 2147483647
n872 is replaced by n405 with estimated error 0.00037
error = 0.00037
high accuracy error = 0.00042
area = 2626
delay = 65.9
#gates = 1070
output circuit appNtk/c7552_27_0.00037_2626_65.9.blif
time = 1904128398 us
--------------- round 28 ---------------
seed = 2554203383
maxLevel = 2147483647
n820 is replaced by n789 with estimated error 0.00043
error = 0.00043
high accuracy error = 0.000522
area = 2613
delay = 65.9
#gates = 1066
output circuit appNtk/c7552_28_0.00043_2613_65.9.blif
time = 1985102902 us
--------------- round 29 ---------------
seed = 3720768735
maxLevel = 2147483647
n673 is replaced by zero with estimated error 0.00051
error = 0.00051
high accuracy error = 0.0005
area = 2611
delay = 65.9
#gates = 1065
output circuit appNtk/c7552_29_0.00051_2611_65.9.blif
time = 2065913970 us
--------------- round 30 ---------------
seed = 2996288241
maxLevel = 2147483647
n828 is replaced by n802 with inverter with estimated error 0.00044
error = 0.00044
high accuracy error = 0.000526
area = 2609
delay = 65.9
#gates = 1065
output circuit appNtk/c7552_30_0.00044_2609_65.9.blif
time = 2144197872 us
--------------- round 31 ---------------
seed = 3211421684
maxLevel = 2147483647
n858 is replaced by n674 with estimated error 0.00065
error = 0.00065
high accuracy error = 0.000765
area = 2599
delay = 65.9
#gates = 1061
output circuit appNtk/c7552_31_0.00065_2599_65.9.blif
time = 2224189927 us
--------------- round 32 ---------------
seed = 3080172685
maxLevel = 2147483647
n829 is replaced by n806 with estimated error 0.00108
error = 0.00108
high accuracy error = 0.000955
area = 2591
delay = 65.9
#gates = 1058
output circuit appNtk/c7552_32_0.00108_2591_65.9.blif
time = 2311545249 us
--------------- round 33 ---------------
seed = 1708591841
maxLevel = 2147483647
n797 is replaced by n332 with estimated error 0.00097
error = 0.00097
high accuracy error = 0.001014
area = 2589
delay = 65.9
#gates = 1057
output circuit appNtk/c7552_33_0.00097_2589_65.9.blif
time = 2384855265 us
--------------- round 34 ---------------
seed = 223934000
maxLevel = 2147483647
n876 is replaced by n791 with estimated error 0.00179
error = 0.00179
high accuracy error = 0.001749
area = 2559
delay = 65.9
#gates = 1047
output circuit appNtk/c7552_34_0.00179_2559_65.9.blif
time = 2462199585 us
--------------- round 35 ---------------
seed = 704927708
maxLevel = 2147483647
n745 is replaced by one with estimated error 0.0023
error = 0.0023
high accuracy error = 0.002154
area = 2549
delay = 65.9
#gates = 1043
output circuit appNtk/c7552_35_0.0023_2549_65.9.blif
time = 2546308178 us
--------------- round 36 ---------------
seed = 2155087452
maxLevel = 2147483647
n877 is replaced by n789 with estimated error 0.00329
error = 0.00329
high accuracy error = 0.003329
area = 2532
delay = 65.9
#gates = 1037
output circuit appNtk/c7552_36_0.00329_2532_65.9.blif
time = 2605076656 us
--------------- round 37 ---------------
seed = 3812324839
maxLevel = 2147483647
n833 is replaced by n701 with estimated error 0.0034
error = 0.0034
high accuracy error = 0.003767
area = 2528
delay = 65.9
#gates = 1035
output circuit appNtk/c7552_37_0.0034_2528_65.9.blif
time = 2682988200 us
--------------- round 38 ---------------
seed = 845516295
maxLevel = 2147483647
n834 is replaced by n698 with estimated error 0.00416
error = 0.00416
high accuracy error = 0.004331
area = 2524
delay = 65.9
#gates = 1034
output circuit appNtk/c7552_38_0.00416_2524_65.9.blif
time = 2746743332 us
--------------- round 39 ---------------
seed = 1702529812
maxLevel = 2147483647
n836 is replaced by n711 with estimated error 0.00615
error = 0.00615
high accuracy error = 0.006148
area = 2517
delay = 65.9
#gates = 1031
output circuit appNtk/c7552_39_0.00615_2517_65.9.blif
time = 2814947377 us
--------------- round 40 ---------------
seed = 965632256
maxLevel = 2147483647
n656 is replaced by n1074 with estimated error 0.00856
error = 0.00856
high accuracy error = 0.008359
area = 2509
delay = 65.9
#gates = 1028
output circuit appNtk/c7552_40_0.00856_2509_65.9.blif
time = 2893063137 us
--------------- round 41 ---------------
seed = 2614944684
maxLevel = 2147483647
exceed error bound
