abc command read data/library/mcnc.genlib
Entered genlib library with 23 gates from file "data/library/mcnc.genlib".
abc command read_blif data/su/c7552.blif
Line 21: Skipping line ".default_input_arrival 0.00 0.00 ".
Line 22: Skipping line ".default_output_required 0.00 0.00 ".
Line 23: Skipping line ".default_input_drive 0.10 0.10 ".
Line 24: Skipping line ".default_output_load 2.00 ".
Line 25: Skipping line ".default_max_input_load 999.00 ".
abc command print_stats
[1;37mc7552                         :[0m i/o =  207/  108  lat =    0  nd =  1125  edge =   2605  area =2756.00  delay =69.40  lev = 50
--------------- round 1 ---------------
seed = 919772932
maxLevel = 2147483647
n850 is replaced by n812 with estimated error 0
error = 0
high accuracy error = 4.1e-05
area = 2730
delay = 69.4
#gates = 1117
output circuit appNtk/c7552_1_0_2730_69.4.blif
time = 60388779 us
--------------- round 2 ---------------
seed = 2476974231
maxLevel = 2147483647
n695 is replaced by n1427 with estimated error 5e-05
error = 5e-05
high accuracy error = 0.000128
area = 2723
delay = 69.4
#gates = 1114
output circuit appNtk/c7552_2_5e-05_2723_69.4.blif
time = 117041601 us
--------------- round 3 ---------------
seed = 4132922600
maxLevel = 2147483647
n852 is replaced by n444 with estimated error 0.00012
error = 0.00012
high accuracy error = 0.000186
area = 2721
delay = 69.4
#gates = 1113
output circuit appNtk/c7552_3_0.00012_2721_69.4.blif
time = 181221460 us
--------------- round 4 ---------------
seed = 161610759
maxLevel = 2147483647
n772 is replaced by one with estimated error 0.00021
error = 0.00021
high accuracy error = 0.000165
area = 2696
delay = 69.4
#gates = 1102
output circuit appNtk/c7552_4_0.00021_2696_69.4.blif
time = 245686471 us
--------------- round 5 ---------------
seed = 1900411815
maxLevel = 2147483647
n688 is replaced by n686 with estimated error 0.00015
error = 0.00015
high accuracy error = 0.00019
area = 2694
delay = 69.4
#gates = 1101
output circuit appNtk/c7552_5_0.00015_2694_69.4.blif
time = 332959348 us
--------------- round 6 ---------------
seed = 3715787347
maxLevel = 2147483647
n1169 is replaced by one with estimated error 0.00013
error = 0.00013
high accuracy error = 0.000187
area = 2685
delay = 69.4
#gates = 1098
output circuit appNtk/c7552_6_0.00013_2685_69.4.blif
time = 422979504 us
--------------- round 7 ---------------
seed = 2278609840
maxLevel = 2147483647
n854 is replaced by n461 with estimated error 0.00024
error = 0.00024
high accuracy error = 0.000283
area = 2680
delay = 69.4
#gates = 1096
output circuit appNtk/c7552_7_0.00024_2680_69.4.blif
time = 511853067 us
--------------- round 8 ---------------
seed = 2114548567
maxLevel = 2147483647
n851 is replaced by n687 with estimated error 0.00029
error = 0.00029
high accuracy error = 0.000278
area = 2677
delay = 69.4
#gates = 1094
output circuit appNtk/c7552_8_0.00029_2677_69.4.blif
time = 595616123 us
--------------- round 9 ---------------
seed = 1370139145
maxLevel = 2147483647
n855 is replaced by n681 with estimated error 0.00028
error = 0.00028
high accuracy error = 0.000291
area = 2673
delay = 69.4
#gates = 1093
output circuit appNtk/c7552_9_0.00028_2673_69.4.blif
time = 660097674 us
--------------- round 10 ---------------
seed = 3111746222
maxLevel = 2147483647
n825 is replaced by n747 with estimated error 0.00023
error = 0.00023
high accuracy error = 0.000324
area = 2667
delay = 69.4
#gates = 1091
output circuit appNtk/c7552_10_0.00023_2667_69.4.blif
time = 724014868 us
--------------- round 11 ---------------
seed = 2899769208
maxLevel = 2147483647
n827 is replaced by n465 with estimated error 0.00033
error = 0.00033
high accuracy error = 0.000376
area = 2662
delay = 69.4
#gates = 1089
output circuit appNtk/c7552_11_0.00033_2662_69.4.blif
time = 799368836 us
--------------- round 12 ---------------
seed = 3551276581
maxLevel = 2147483647
n822 is replaced by n405 with estimated error 0.00028
error = 0.00028
high accuracy error = 0.000373
area = 2652
delay = 69.4
#gates = 1085
output circuit appNtk/c7552_12_0.00028_2652_69.4.blif
time = 891065388 us
--------------- round 13 ---------------
seed = 3123014591
maxLevel = 2147483647
n1391 is replaced by n494 with estimated error 0.00041
error = 0.00041
high accuracy error = 0.000376
area = 2649
delay = 69.4
#gates = 1083
output circuit appNtk/c7552_13_0.00041_2649_69.4.blif
time = 981577354 us
--------------- round 14 ---------------
seed = 3676762986
maxLevel = 2147483647
n1335 is replaced by n1230 with estimated error 0.00039
error = 0.00039
high accuracy error = 0.000414
area = 2646
delay = 69.4
#gates = 1081
output circuit appNtk/c7552_14_0.00039_2646_69.4.blif
time = 1073753940 us
--------------- round 15 ---------------
seed = 3708609964
maxLevel = 2147483647
n1136 is replaced by n1144 with estimated error 0.00031
error = 0.00031
high accuracy error = 0.000412
area = 2643
delay = 69.4
#gates = 1080
output circuit appNtk/c7552_15_0.00031_2643_69.4.blif
time = 1143653601 us
--------------- round 16 ---------------
seed = 2251275529
maxLevel = 2147483647
n1187 is replaced by n593 with estimated error 0.00044
error = 0.00044
high accuracy error = 0.000386
area = 2641
delay = 69.4
#gates = 1079
output circuit appNtk/c7552_16_0.00044_2641_69.4.blif
time = 1223321000 us
--------------- round 17 ---------------
seed = 3273850673
maxLevel = 2147483647
n1188 is replaced by n1173 with estimated error 0.00033
error = 0.00033
high accuracy error = 0.000375
area = 2639
delay = 69.4
#gates = 1078
output circuit appNtk/c7552_17_0.00033_2639_69.4.blif
time = 1313397303 us
--------------- round 18 ---------------
seed = 2872487135
maxLevel = 2147483647
n1020 is replaced by n376 with estimated error 0.00035
error = 0.00035
high accuracy error = 0.000373
area = 2637
delay = 69.4
#gates = 1077
output circuit appNtk/c7552_18_0.00035_2637_69.4.blif
time = 1371353457 us
--------------- round 19 ---------------
seed = 2455959805
maxLevel = 2147483647
n823 is replaced by zero with estimated error 0.00032
error = 0.00032
high accuracy error = 0.0004
area = 2635
delay = 69.4
#gates = 1076
output circuit appNtk/c7552_19_0.00032_2635_69.4.blif
time = 1442123000 us
--------------- round 20 ---------------
seed = 2454312623
maxLevel = 2147483647
n588 is replaced by n418 with estimated error 0.00047
error = 0.00047
high accuracy error = 0.000369
area = 2634
delay = 65.9
#gates = 1075
output circuit appNtk/c7552_20_0.00047_2634_65.9.blif
time = 1524915726 us
--------------- round 21 ---------------
seed = 3217211388
maxLevel = 2147483647
n1341 is replaced by n1330 with estimated error 0.00032
error = 0.00032
high accuracy error = 0.000381
area = 2633
delay = 65.9
#gates = 1074
output circuit appNtk/c7552_21_0.00032_2633_65.9.blif
time = 1599192403 us
--------------- round 22 ---------------
seed = 911270927
maxLevel = 2147483647
n1183 is replaced by n593 with estimated error 0.00045
error = 0.00045
high accuracy error = 0.000391
area = 2632
delay = 65.9
#gates = 1073
output circuit appNtk/c7552_22_0.00045_2632_65.9.blif
time = 1665848583 us
--------------- round 23 ---------------
seed = 503172708
maxLevel = 2147483647
n820 is replaced by n789 with estimated error 0.00039
error = 0.00039
high accuracy error = 0.000461
area = 2625
delay = 65.9
#gates = 1071
output circuit appNtk/c7552_23_0.00039_2625_65.9.blif
time = 1727039720 us
--------------- round 24 ---------------
seed = 686687807
maxLevel = 2147483647
n673 is replaced by zero with estimated error 0.00055
error = 0.00055
high accuracy error = 0.000437
area = 2623
delay = 65.9
#gates = 1070
output circuit appNtk/c7552_24_0.00055_2623_65.9.blif
time = 1810003702 us
--------------- round 25 ---------------
seed = 230034957
maxLevel = 2147483647
n872 is replaced by n789 with estimated error 0.00057
error = 0.00057
high accuracy error = 0.000528
area = 2613
delay = 65.9
#gates = 1066
output circuit appNtk/c7552_25_0.00057_2613_65.9.blif
time = 1892959058 us
--------------- round 26 ---------------
seed = 3212354434
maxLevel = 2147483647
n868 is replaced by zero with estimated error 0.00049
error = 0.00049
high accuracy error = 0.000547
area = 2611
delay = 65.9
#gates = 1065
output circuit appNtk/c7552_26_0.00049_2611_65.9.blif
time = 1953046637 us
--------------- round 27 ---------------
seed = 1621248182
maxLevel = 2147483647
n828 is replaced by n818 with estimated error 0.00047
error = 0.00047
high accuracy error = 0.000653
area = 2608
delay = 65.9
#gates = 1064
output circuit appNtk/c7552_27_0.00047_2608_65.9.blif
time = 2051397099 us
--------------- round 28 ---------------
seed = 2026254177
maxLevel = 2147483647
n858 is replaced by n856 with estimated error 0.0007
error = 0.0007
high accuracy error = 0.000801
area = 2602
delay = 65.9
#gates = 1062
output circuit appNtk/c7552_28_0.0007_2602_65.9.blif
time = 2129618897 us
--------------- round 29 ---------------
seed = 2572076008
maxLevel = 2147483647
n856 is replaced by n677 with estimated error 0.00082
error = 0.00082
high accuracy error = 0.000783
area = 2598
delay = 65.9
#gates = 1060
output circuit appNtk/c7552_29_0.00082_2598_65.9.blif
time = 2187231483 us
--------------- round 30 ---------------
seed = 2831729325
maxLevel = 2147483647
n808 is replaced by n835 with estimated error 0.00072
error = 0.00072
high accuracy error = 0.000897
area = 2595
delay = 65.9
#gates = 1059
output circuit appNtk/c7552_30_0.00072_2595_65.9.blif
time = 2273853075 us
--------------- round 31 ---------------
seed = 1595596521
maxLevel = 2147483647
n829 is replaced by n806 with estimated error 0.00081
error = 0.00081
high accuracy error = 0.000828
area = 2591
delay = 65.9
#gates = 1058
output circuit appNtk/c7552_31_0.00081_2591_65.9.blif
time = 2357315852 us
--------------- round 32 ---------------
seed = 4003887205
maxLevel = 2147483647
n876 is replaced by n791 with estimated error 0.00184
error = 0.00184
high accuracy error = 0.00165
area = 2559
delay = 65.9
#gates = 1047
output circuit appNtk/c7552_32_0.00184_2559_65.9.blif
time = 2422041886 us
--------------- round 33 ---------------
seed = 53041448
maxLevel = 2147483647
n745 is replaced by one with estimated error 0.00228
error = 0.00228
high accuracy error = 0.002109
area = 2549
delay = 65.9
#gates = 1043
output circuit appNtk/c7552_33_0.00228_2549_65.9.blif
time = 2500023836 us
--------------- round 34 ---------------
seed = 3167562149
maxLevel = 2147483647
n877 is replaced by n789 with estimated error 0.00346
error = 0.00346
high accuracy error = 0.003283
area = 2532
delay = 65.9
#gates = 1037
output circuit appNtk/c7552_34_0.00346_2532_65.9.blif
time = 2564775032 us
--------------- round 35 ---------------
seed = 3005113465
maxLevel = 2147483647
n833 is replaced by n701 with estimated error 0.00338
error = 0.00338
high accuracy error = 0.003726
area = 2528
delay = 65.9
#gates = 1035
output circuit appNtk/c7552_35_0.00338_2528_65.9.blif
time = 2646796451 us
--------------- round 36 ---------------
seed = 382794348
maxLevel = 2147483647
n834 is replaced by n698 with estimated error 0.00448
error = 0.00448
high accuracy error = 0.004357
area = 2524
delay = 65.9
#gates = 1034
output circuit appNtk/c7552_36_0.00448_2524_65.9.blif
time = 2732837074 us
--------------- round 37 ---------------
seed = 2688740691
maxLevel = 2147483647
n656 is replaced by n1074 with estimated error 0.00606
error = 0.00606
high accuracy error = 0.00652
area = 2516
delay = 65.9
#gates = 1031
output circuit appNtk/c7552_37_0.00606_2516_65.9.blif
time = 2799236804 us
--------------- round 38 ---------------
seed = 636319506
maxLevel = 2147483647
n836 is replaced by n714 with estimated error 0.00853
error = 0.00853
high accuracy error = 0.008625
area = 2509
delay = 65.9
#gates = 1028
output circuit appNtk/c7552_38_0.00853_2509_65.9.blif
time = 2864284882 us
--------------- round 39 ---------------
seed = 395334832
maxLevel = 2147483647
exceed error bound
