abc command read data/library/mcnc.genlib
Entered genlib library with 23 gates from file "data/library/mcnc.genlib".
abc command read_blif data/su/c7552.blif
Line 21: Skipping line ".default_input_arrival 0.00 0.00 ".
Line 22: Skipping line ".default_output_required 0.00 0.00 ".
Line 23: Skipping line ".default_input_drive 0.10 0.10 ".
Line 24: Skipping line ".default_output_load 2.00 ".
Line 25: Skipping line ".default_max_input_load 999.00 ".
abc command print_stats
[1;37mc7552                         :[0m i/o =  207/  108  lat =    0  nd =  1125  edge =   2605  area =2756.00  delay =69.40  lev = 50
--------------- round 1 ---------------
seed = 1854884792
maxLevel = 2147483647
n850 is replaced by n753 with estimated error 0
error = 0
high accuracy error = 2.3e-05
area = 2730
delay = 69.4
#gates = 1117
output circuit appNtk/c7552_1_0_2730_69.4.blif
time = 71454595 us
--------------- round 2 ---------------
seed = 1986742696
maxLevel = 2147483647
n770 is replaced by n378 with estimated error 4e-05
error = 4e-05
high accuracy error = 3.3e-05
area = 2710
delay = 69.4
#gates = 1108
output circuit appNtk/c7552_2_4e-05_2710_69.4.blif
time = 124841186 us
--------------- round 3 ---------------
seed = 261193694
maxLevel = 2147483647
n1169 is replaced by one with estimated error 6e-05
error = 6e-05
high accuracy error = 2.7e-05
area = 2701
delay = 69.4
#gates = 1105
output circuit appNtk/c7552_3_6e-05_2701_69.4.blif
time = 197144576 us
--------------- round 4 ---------------
seed = 1172246685
maxLevel = 2147483647
n772 is replaced by one with estimated error 2e-05
error = 2e-05
high accuracy error = 3.6e-05
area = 2696
delay = 69.4
#gates = 1103
output circuit appNtk/c7552_4_2e-05_2696_69.4.blif
time = 267427921 us
--------------- round 5 ---------------
seed = 2201741103
maxLevel = 2147483647
n827 is replaced by n592 with estimated error 1e-05
error = 1e-05
high accuracy error = 9.8e-05
area = 2685
delay = 69.4
#gates = 1099
output circuit appNtk/c7552_5_1e-05_2685_69.4.blif
time = 362929641 us
--------------- round 6 ---------------
seed = 1641730512
maxLevel = 2147483647
n822 is replaced by n868 with inverter with estimated error 0.00016
error = 0.00016
high accuracy error = 0.00012
area = 2676
delay = 69.4
#gates = 1096
output circuit appNtk/c7552_6_0.00016_2676_69.4.blif
time = 437883651 us
--------------- round 7 ---------------
seed = 1260860061
maxLevel = 2147483647
n693 is replaced by n438 with estimated error 0.00017
error = 0.00017
high accuracy error = 0.00016
area = 2674
delay = 69.4
#gates = 1095
output circuit appNtk/c7552_7_0.00017_2674_69.4.blif
time = 512178079 us
--------------- round 8 ---------------
seed = 3897274079
maxLevel = 2147483647
n853 is replaced by n686 with estimated error 8e-05
error = 8e-05
high accuracy error = 0.000166
area = 2672
delay = 69.4
#gates = 1094
output circuit appNtk/c7552_8_8e-05_2672_69.4.blif
time = 577366455 us
--------------- round 9 ---------------
seed = 2880319682
maxLevel = 2147483647
n854 is replaced by one with estimated error 0.00011
error = 0.00011
high accuracy error = 0.000282
area = 2667
delay = 69.4
#gates = 1092
output circuit appNtk/c7552_9_0.00011_2667_69.4.blif
time = 665051180 us
--------------- round 10 ---------------
seed = 1426878504
maxLevel = 2147483647
n688 is replaced by n444 with estimated error 0.00024
error = 0.00024
high accuracy error = 0.000307
area = 2665
delay = 69.4
#gates = 1091
output circuit appNtk/c7552_10_0.00024_2665_69.4.blif
time = 747442071 us
--------------- round 11 ---------------
seed = 3950349947
maxLevel = 2147483647
n855 is replaced by n686 with estimated error 0.00043
error = 0.00043
high accuracy error = 0.000447
area = 2660
delay = 69.4
#gates = 1089
output circuit appNtk/c7552_11_0.00043_2660_69.4.blif
time = 822345825 us
--------------- round 12 ---------------
seed = 4245368139
maxLevel = 2147483647
n695 is replaced by zero with estimated error 0.00048
error = 0.00048
high accuracy error = 0.000469
area = 2653
delay = 69.4
#gates = 1086
output circuit appNtk/c7552_12_0.00048_2653_69.4.blif
time = 900643225 us
--------------- round 13 ---------------
seed = 3454815248
maxLevel = 2147483647
n823 is replaced by n820 with inverter with estimated error 0.00045
error = 0.00045
high accuracy error = 0.000475
area = 2652
delay = 69.4
#gates = 1086
output circuit appNtk/c7552_13_0.00045_2652_69.4.blif
time = 986545609 us
--------------- round 14 ---------------
seed = 1381321257
maxLevel = 2147483647
n858 is replaced by n678 with inverter with estimated error 0.00038
error = 0.00038
high accuracy error = 0.000569
area = 2645
delay = 69.4
#gates = 1084
output circuit appNtk/c7552_14_0.00038_2645_69.4.blif
time = 1047819232 us
--------------- round 15 ---------------
seed = 1203225597
maxLevel = 2147483647
n1445 is replaced by n677 with estimated error 0.00066
error = 0.00066
high accuracy error = 0.000621
area = 2642
delay = 69.4
#gates = 1082
output circuit appNtk/c7552_15_0.00066_2642_69.4.blif
time = 1123751672 us
--------------- round 16 ---------------
seed = 2879871657
maxLevel = 2147483647
n1391 is replaced by n494 with estimated error 0.00064
error = 0.00064
high accuracy error = 0.000569
area = 2639
delay = 69.4
#gates = 1080
output circuit appNtk/c7552_16_0.00064_2639_69.4.blif
time = 1202025304 us
--------------- round 17 ---------------
seed = 405470229
maxLevel = 2147483647
n1335 is replaced by n1230 with estimated error 0.0005
error = 0.0005
high accuracy error = 0.000588
area = 2636
delay = 69.4
#gates = 1078
output circuit appNtk/c7552_17_0.0005_2636_69.4.blif
time = 1279265022 us
--------------- round 18 ---------------
seed = 785279279
maxLevel = 2147483647
n1444 is replaced by zero with estimated error 0.00065
error = 0.00065
high accuracy error = 0.000576
area = 2635
delay = 69.4
#gates = 1077
output circuit appNtk/c7552_18_0.00065_2635_69.4.blif
time = 1358955545 us
--------------- round 19 ---------------
seed = 2867905036
maxLevel = 2147483647
n819 is replaced by n1024 with estimated error 0.00057
error = 0.00057
high accuracy error = 0.000689
area = 2631
delay = 69.4
#gates = 1076
output circuit appNtk/c7552_19_0.00057_2631_69.4.blif
time = 1444910423 us
--------------- round 20 ---------------
seed = 1379234745
maxLevel = 2147483647
n1443 is replaced by n405 with estimated error 0.00065
error = 0.00065
high accuracy error = 0.000635
area = 2630
delay = 69.4
#gates = 1075
output circuit appNtk/c7552_20_0.00065_2630_69.4.blif
time = 1524556050 us
--------------- round 21 ---------------
seed = 1877821228
maxLevel = 2147483647
n820 is replaced by one with estimated error 0.00053
error = 0.00053
high accuracy error = 0.000673
area = 2627
delay = 69.4
#gates = 1074
output circuit appNtk/c7552_21_0.00053_2627_69.4.blif
time = 1606688059 us
--------------- round 22 ---------------
seed = 418617093
maxLevel = 2147483647
n1136 is replaced by n1144 with estimated error 0.00063
error = 0.00063
high accuracy error = 0.00063
area = 2624
delay = 69.4
#gates = 1073
output circuit appNtk/c7552_22_0.00063_2624_69.4.blif
time = 1683842517 us
--------------- round 23 ---------------
seed = 3772248300
maxLevel = 2147483647
n868 is replaced by n789 with inverter with estimated error 0.00061
error = 0.00061
high accuracy error = 0.000665
area = 2623
delay = 69.4
#gates = 1073
output circuit appNtk/c7552_23_0.00061_2623_69.4.blif
time = 1736970587 us
--------------- round 24 ---------------
seed = 2533777641
maxLevel = 2147483647
n1187 is replaced by n593 with estimated error 0.00054
error = 0.00054
high accuracy error = 0.000632
area = 2621
delay = 69.4
#gates = 1072
output circuit appNtk/c7552_24_0.00054_2621_69.4.blif
time = 1800630945 us
--------------- round 25 ---------------
seed = 2275963356
maxLevel = 2147483647
n872 is replaced by n789 with estimated error 0.00059
error = 0.00059
high accuracy error = 0.00076
area = 2611
delay = 69.4
#gates = 1068
output circuit appNtk/c7552_25_0.00059_2611_69.4.blif
time = 1885329679 us
--------------- round 26 ---------------
seed = 3677261054
maxLevel = 2147483647
n828 is replaced by n421 with estimated error 0.00082
error = 0.00082
high accuracy error = 0.000943
area = 2608
delay = 69.4
#gates = 1067
output circuit appNtk/c7552_26_0.00082_2608_69.4.blif
time = 1974901997 us
--------------- round 27 ---------------
seed = 1280180120
maxLevel = 2147483647
n808 is replaced by n806 with inverter with estimated error 0.00101
error = 0.00101
high accuracy error = 0.000813
area = 2606
delay = 69.4
#gates = 1067
output circuit appNtk/c7552_27_0.00101_2606_69.4.blif
time = 2057267005 us
--------------- round 28 ---------------
seed = 601246816
maxLevel = 2147483647
n1188 is replaced by n1173 with estimated error 0.00076
error = 0.00076
high accuracy error = 0.000842
area = 2604
delay = 69.4
#gates = 1066
output circuit appNtk/c7552_28_0.00076_2604_69.4.blif
time = 2133867507 us
--------------- round 29 ---------------
seed = 1341499325
maxLevel = 2147483647
n1447 is replaced by n415 with estimated error 0.00088
error = 0.00088
high accuracy error = 0.001026
area = 2603
delay = 69.4
#gates = 1065
output circuit appNtk/c7552_29_0.00088_2603_69.4.blif
time = 2219641829 us
--------------- round 30 ---------------
seed = 440646424
maxLevel = 2147483647
n1020 is replaced by n376 with estimated error 0.00083
error = 0.00083
high accuracy error = 0.000954
area = 2601
delay = 69.4
#gates = 1064
output circuit appNtk/c7552_30_0.00083_2601_69.4.blif
time = 2308063661 us
--------------- round 31 ---------------
seed = 3092307830
maxLevel = 2147483647
n829 is replaced by n420 with estimated error 0.00097
error = 0.00097
high accuracy error = 0.001067
area = 2597
delay = 69.4
#gates = 1063
output circuit appNtk/c7552_31_0.00097_2597_69.4.blif
time = 2380192950 us
--------------- round 32 ---------------
seed = 1811884345
maxLevel = 2147483647
n797 is replaced by n736 with estimated error 0.00104
error = 0.00104
high accuracy error = 0.001191
area = 2595
delay = 69.4
#gates = 1062
output circuit appNtk/c7552_32_0.00104_2595_69.4.blif
time = 2453340572 us
--------------- round 33 ---------------
seed = 207735303
maxLevel = 2147483647
n799 is replaced by n362 with estimated error 0.00129
error = 0.00129
high accuracy error = 0.001234
area = 2590
delay = 69.4
#gates = 1060
output circuit appNtk/c7552_33_0.00129_2590_69.4.blif
time = 2530435856 us
--------------- round 34 ---------------
seed = 2446195974
maxLevel = 2147483647
n830 is replaced by zero with estimated error 0.00132
error = 0.00132
high accuracy error = 0.001194
area = 2586
delay = 69.4
#gates = 1059
output circuit appNtk/c7552_34_0.00132_2586_69.4.blif
time = 2589058660 us
--------------- round 35 ---------------
seed = 4061748188
maxLevel = 2147483647
n673 is replaced by zero with estimated error 0.00099
error = 0.00099
high accuracy error = 0.001103
area = 2584
delay = 69.4
#gates = 1058
output circuit appNtk/c7552_35_0.00099_2584_69.4.blif
time = 2659404129 us
--------------- round 36 ---------------
seed = 63388630
maxLevel = 2147483647
n588 is replaced by n418 with estimated error 0.00112
error = 0.00112
high accuracy error = 0.001156
area = 2583
delay = 65.9
#gates = 1057
output circuit appNtk/c7552_36_0.00112_2583_65.9.blif
time = 2746579794 us
--------------- round 37 ---------------
seed = 4250557489
maxLevel = 2147483647
n1446 is replaced by zero with estimated error 0.00122
error = 0.00122
high accuracy error = 0.001169
area = 2582
delay = 65.9
#gates = 1056
output circuit appNtk/c7552_37_0.00122_2582_65.9.blif
time = 2831024390 us
--------------- round 38 ---------------
seed = 1338398803
maxLevel = 2147483647
n1341 is replaced by n1330 with estimated error 0.00124
error = 0.00124
high accuracy error = 0.001228
area = 2581
delay = 65.9
#gates = 1055
output circuit appNtk/c7552_38_0.00124_2581_65.9.blif
time = 2904581448 us
--------------- round 39 ---------------
seed = 1030160610
maxLevel = 2147483647
n1183 is replaced by n593 with estimated error 0.00123
error = 0.00123
high accuracy error = 0.001197
area = 2580
delay = 65.9
#gates = 1054
output circuit appNtk/c7552_39_0.00123_2580_65.9.blif
time = 2980437414 us
--------------- round 40 ---------------
seed = 3569962327
maxLevel = 2147483647
n876 is replaced by n791 with estimated error 0.00161
error = 0.00161
high accuracy error = 0.001735
area = 2559
delay = 65.9
#gates = 1047
output circuit appNtk/c7552_40_0.00161_2559_65.9.blif
time = 3045006423 us
--------------- round 41 ---------------
seed = 3513073223
maxLevel = 2147483647
n877 is replaced by n789 with estimated error 0.00274
error = 0.00274
high accuracy error = 0.002837
area = 2542
delay = 65.9
#gates = 1041
output circuit appNtk/c7552_41_0.00274_2542_65.9.blif
time = 3114013433 us
--------------- round 42 ---------------
seed = 41429040
maxLevel = 2147483647
n745 is replaced by one with estimated error 0.00346
error = 0.00346
high accuracy error = 0.003351
area = 2532
delay = 65.9
#gates = 1037
output circuit appNtk/c7552_42_0.00346_2532_65.9.blif
time = 3174241808 us
--------------- round 43 ---------------
seed = 132025127
maxLevel = 2147483647
n833 is replaced by n696 with estimated error 0.00363
error = 0.00363
high accuracy error = 0.003737
area = 2528
delay = 65.9
#gates = 1035
output circuit appNtk/c7552_43_0.00363_2528_65.9.blif
time = 3246761131 us
--------------- round 44 ---------------
seed = 375738587
maxLevel = 2147483647
n834 is replaced by n698 with estimated error 0.00421
error = 0.00421
high accuracy error = 0.004251
area = 2524
delay = 65.9
#gates = 1034
output circuit appNtk/c7552_44_0.00421_2524_65.9.blif
time = 3307664802 us
--------------- round 45 ---------------
seed = 3783608550
maxLevel = 2147483647
n656 is replaced by n1074 with estimated error 0.00605
error = 0.00605
high accuracy error = 0.006505
area = 2516
delay = 65.9
#gates = 1031
output circuit appNtk/c7552_45_0.00605_2516_65.9.blif
time = 3375556294 us
--------------- round 46 ---------------
seed = 2429723519
maxLevel = 2147483647
n836 is replaced by n711 with estimated error 0.0082
error = 0.0082
high accuracy error = 0.008461
area = 2509
delay = 65.9
#gates = 1028
output circuit appNtk/c7552_46_0.0082_2509_65.9.blif
time = 3451494898 us
--------------- round 47 ---------------
seed = 2563652739
maxLevel = 2147483647
n831 is replaced by n721 with estimated error 0.00962
error = 0.00962
high accuracy error = 0.010439
area = 2506
delay = 65.9
#gates = 1026
output circuit appNtk/c7552_47_0.00962_2506_65.9.blif
time = 3526013735 us
--------------- round 48 ---------------
seed = 3627205072
maxLevel = 2147483647
exceed error bound
