abc command read data/library/mcnc.genlib
Entered genlib library with 23 gates from file "data/library/mcnc.genlib".
abc command read_blif data/su/c7552.blif
Line 21: Skipping line ".default_input_arrival 0.00 0.00 ".
Line 22: Skipping line ".default_output_required 0.00 0.00 ".
Line 23: Skipping line ".default_input_drive 0.10 0.10 ".
Line 24: Skipping line ".default_output_load 2.00 ".
Line 25: Skipping line ".default_max_input_load 999.00 ".
abc command print_stats
[1;37mc7552                         :[0m i/o =  207/  108  lat =    0  nd =  1125  edge =   2605  area =2756.00  delay =69.40  lev = 50
--------------- round 1 ---------------
seed = 682728627
maxLevel = 2147483647
n850 is replaced by n753 with estimated error 0
error = 0
high accuracy error = 1.9e-05
area = 2730
delay = 69.4
#gates = 1117
output circuit appNtk/c7552_1_0_2730_69.4.blif
time = 60498728 us
--------------- round 2 ---------------
seed = 2223860047
maxLevel = 2147483647
n693 is replaced by n426 with estimated error 0
error = 0
high accuracy error = 5.5e-05
area = 2728
delay = 69.4
#gates = 1116
output circuit appNtk/c7552_2_0_2728_69.4.blif
time = 128995056 us
--------------- round 3 ---------------
seed = 1563024001
maxLevel = 2147483647
n772 is replaced by one with estimated error 3e-05
error = 3e-05
high accuracy error = 6.5e-05
area = 2703
delay = 69.4
#gates = 1105
output circuit appNtk/c7552_3_3e-05_2703_69.4.blif
time = 201468969 us
--------------- round 4 ---------------
seed = 3010102673
maxLevel = 2147483647
n852 is replaced by n497 with estimated error 8e-05
error = 8e-05
high accuracy error = 8.8e-05
area = 2701
delay = 69.4
#gates = 1104
output circuit appNtk/c7552_4_8e-05_2701_69.4.blif
time = 290840492 us
--------------- round 5 ---------------
seed = 1645209245
maxLevel = 2147483647
n695 is replaced by zero with estimated error 9e-05
error = 9e-05
high accuracy error = 8.4e-05
area = 2696
delay = 69.4
#gates = 1102
output circuit appNtk/c7552_5_9e-05_2696_69.4.blif
time = 379943099 us
--------------- round 6 ---------------
seed = 4104201920
maxLevel = 2147483647
n854 is replaced by n687 with estimated error 7e-05
error = 7e-05
high accuracy error = 0.000116
area = 2689
delay = 69.4
#gates = 1099
output circuit appNtk/c7552_6_7e-05_2689_69.4.blif
time = 460113310 us
--------------- round 7 ---------------
seed = 2127436004
maxLevel = 2147483647
n1169 is replaced by one with estimated error 0.00011
error = 0.00011
high accuracy error = 0.000118
area = 2680
delay = 69.4
#gates = 1096
output circuit appNtk/c7552_7_0.00011_2680_69.4.blif
time = 539169313 us
--------------- round 8 ---------------
seed = 157099209
maxLevel = 2147483647
n827 is replaced by n403 with estimated error 8e-05
error = 8e-05
high accuracy error = 0.000193
area = 2669
delay = 69.4
#gates = 1092
output circuit appNtk/c7552_8_8e-05_2669_69.4.blif
time = 618816971 us
--------------- round 9 ---------------
seed = 457451779
maxLevel = 2147483647
n1391 is replaced by n494 with estimated error 0.00011
error = 0.00011
high accuracy error = 0.000161
area = 2666
delay = 69.4
#gates = 1090
output circuit appNtk/c7552_9_0.00011_2666_69.4.blif
time = 696190565 us
--------------- round 10 ---------------
seed = 3262996807
maxLevel = 2147483647
n1335 is replaced by n1230 with estimated error 0.00021
error = 0.00021
high accuracy error = 0.000179
area = 2663
delay = 69.4
#gates = 1088
output circuit appNtk/c7552_10_0.00021_2663_69.4.blif
time = 772555442 us
--------------- round 11 ---------------
seed = 2938920569
maxLevel = 2147483647
n822 is replaced by n820 with estimated error 0.00016
error = 0.00016
high accuracy error = 0.00022
area = 2653
delay = 69.4
#gates = 1084
output circuit appNtk/c7552_11_0.00016_2653_69.4.blif
time = 855181439 us
--------------- round 12 ---------------
seed = 2210676069
maxLevel = 2147483647
n1136 is replaced by n1144 with estimated error 0.00016
error = 0.00016
high accuracy error = 0.000193
area = 2650
delay = 69.4
#gates = 1083
output circuit appNtk/c7552_12_0.00016_2650_69.4.blif
time = 940576911 us
--------------- round 13 ---------------
seed = 1403577331
maxLevel = 2147483647
n1187 is replaced by n593 with estimated error 0.0002
error = 0.0002
high accuracy error = 0.000189
area = 2648
delay = 69.4
#gates = 1082
output circuit appNtk/c7552_13_0.0002_2648_69.4.blif
time = 1024624236 us
--------------- round 14 ---------------
seed = 2649477713
maxLevel = 2147483647
n851 is replaced by n450 with estimated error 0.00032
error = 0.00032
high accuracy error = 0.000333
area = 2645
delay = 69.4
#gates = 1080
output circuit appNtk/c7552_14_0.00032_2645_69.4.blif
time = 1102202540 us
--------------- round 15 ---------------
seed = 2408615905
maxLevel = 2147483647
n855 is replaced by n1054 with estimated error 0.00022
error = 0.00022
high accuracy error = 0.000312
area = 2641
delay = 69.4
#gates = 1079
output circuit appNtk/c7552_15_0.00022_2641_69.4.blif
time = 1174505207 us
--------------- round 16 ---------------
seed = 536716805
maxLevel = 2147483647
n819 is replaced by n811 with estimated error 0.00033
error = 0.00033
high accuracy error = 0.000386
area = 2637
delay = 69.4
#gates = 1078
output circuit appNtk/c7552_16_0.00033_2637_69.4.blif
time = 1253204118 us
--------------- round 17 ---------------
seed = 3269768329
maxLevel = 2147483647
n868 is replaced by zero with estimated error 0.00047
error = 0.00047
high accuracy error = 0.00041
area = 2635
delay = 69.4
#gates = 1077
output circuit appNtk/c7552_17_0.00047_2635_69.4.blif
time = 1332860787 us
--------------- round 18 ---------------
seed = 135743031
maxLevel = 2147483647
n823 is replaced by n405 with inverter with estimated error 0.00041
error = 0.00041
high accuracy error = 0.000403
area = 2634
delay = 69.4
#gates = 1077
output circuit appNtk/c7552_18_0.00041_2634_69.4.blif
time = 1417437215 us
--------------- round 19 ---------------
seed = 521575543
maxLevel = 2147483647
n1443 is replaced by zero with estimated error 0.00034
error = 0.00034
high accuracy error = 0.000415
area = 2633
delay = 69.4
#gates = 1076
output circuit appNtk/c7552_19_0.00034_2633_69.4.blif
time = 1480598663 us
--------------- round 20 ---------------
seed = 3305420443
maxLevel = 2147483647
n820 is replaced by one with estimated error 0.00044
error = 0.00044
high accuracy error = 0.000436
area = 2630
delay = 69.4
#gates = 1075
output circuit appNtk/c7552_20_0.00044_2630_69.4.blif
time = 1556966635 us
--------------- round 21 ---------------
seed = 669533788
maxLevel = 2147483647
n1188 is replaced by n1173 with estimated error 0.00039
error = 0.00039
high accuracy error = 0.000445
area = 2628
delay = 69.4
#gates = 1074
output circuit appNtk/c7552_21_0.00039_2628_69.4.blif
time = 1646536046 us
--------------- round 22 ---------------
seed = 3916862953
maxLevel = 2147483647
n1020 is replaced by n376 with estimated error 0.00044
error = 0.00044
high accuracy error = 0.000348
area = 2626
delay = 69.4
#gates = 1073
output circuit appNtk/c7552_22_0.00044_2626_69.4.blif
time = 1733938675 us
--------------- round 23 ---------------
seed = 1885602023
maxLevel = 2147483647
n673 is replaced by zero with estimated error 0.00043
error = 0.00043
high accuracy error = 0.000437
area = 2624
delay = 69.4
#gates = 1072
output circuit appNtk/c7552_23_0.00043_2624_69.4.blif
time = 1815551723 us
--------------- round 24 ---------------
seed = 3456336842
maxLevel = 2147483647
n588 is replaced by n418 with estimated error 0.00039
error = 0.00039
high accuracy error = 0.00045
area = 2623
delay = 65.9
#gates = 1071
output circuit appNtk/c7552_24_0.00039_2623_65.9.blif
time = 1903733575 us
--------------- round 25 ---------------
seed = 2453454268
maxLevel = 2147483647
n678 is replaced by n978 with estimated error 0.00058
error = 0.00058
high accuracy error = 0.000571
area = 2621
delay = 65.9
#gates = 1070
output circuit appNtk/c7552_25_0.00058_2621_65.9.blif
time = 1984654503 us
--------------- round 26 ---------------
seed = 3296941736
maxLevel = 2147483647
n1341 is replaced by n1330 with estimated error 0.00057
error = 0.00057
high accuracy error = 0.000553
area = 2620
delay = 65.9
#gates = 1069
output circuit appNtk/c7552_26_0.00057_2620_65.9.blif
time = 2066152608 us
--------------- round 27 ---------------
seed = 1900448418
maxLevel = 2147483647
n872 is replaced by n789 with estimated error 0.00057
error = 0.00057
high accuracy error = 0.000629
area = 2610
delay = 65.9
#gates = 1065
output circuit appNtk/c7552_27_0.00057_2610_65.9.blif
time = 2136942281 us
--------------- round 28 ---------------
seed = 1233577813
maxLevel = 2147483647
n828 is replaced by n802 with inverter with estimated error 0.00066
error = 0.00066
high accuracy error = 0.000644
area = 2608
delay = 65.9
#gates = 1065
output circuit appNtk/c7552_28_0.00066_2608_65.9.blif
time = 2201569143 us
--------------- round 29 ---------------
seed = 171673404
maxLevel = 2147483647
n1183 is replaced by n593 with estimated error 0.00061
error = 0.00061
high accuracy error = 0.000606
area = 2607
delay = 65.9
#gates = 1064
output circuit appNtk/c7552_29_0.00061_2607_65.9.blif
time = 2286208440 us
--------------- round 30 ---------------
seed = 2441689948
maxLevel = 2147483647
n829 is replaced by n806 with estimated error 0.00062
error = 0.00062
high accuracy error = 0.000761
area = 2599
delay = 65.9
#gates = 1061
output circuit appNtk/c7552_30_0.00062_2599_65.9.blif
time = 2360432297 us
--------------- round 31 ---------------
seed = 2963694267
maxLevel = 2147483647
n858 is replaced by n677 with estimated error 0.00073
error = 0.00073
high accuracy error = 0.000863
area = 2591
delay = 65.9
#gates = 1058
output circuit appNtk/c7552_31_0.00073_2591_65.9.blif
time = 2446686157 us
--------------- round 32 ---------------
seed = 1251185209
maxLevel = 2147483647
n876 is replaced by n791 with estimated error 0.00179
error = 0.00179
high accuracy error = 0.001671
area = 2559
delay = 65.9
#gates = 1047
output circuit appNtk/c7552_32_0.00179_2559_65.9.blif
time = 2524977870 us
--------------- round 33 ---------------
seed = 310705671
maxLevel = 2147483647
n705 is replaced by n832 with estimated error 0.00183
error = 0.00183
high accuracy error = 0.001931
area = 2557
delay = 65.9
#gates = 1046
output circuit appNtk/c7552_33_0.00183_2557_65.9.blif
time = 2584015872 us
--------------- round 34 ---------------
seed = 4021370593
maxLevel = 2147483647
n745 is replaced by one with estimated error 0.00216
error = 0.00216
high accuracy error = 0.002143
area = 2549
delay = 65.9
#gates = 1043
output circuit appNtk/c7552_34_0.00216_2549_65.9.blif
time = 2667436631 us
--------------- round 35 ---------------
seed = 2166936570
maxLevel = 2147483647
n877 is replaced by n789 with estimated error 0.00329
error = 0.00329
high accuracy error = 0.003264
area = 2532
delay = 65.9
#gates = 1037
output circuit appNtk/c7552_35_0.00329_2532_65.9.blif
time = 2739730405 us
--------------- round 36 ---------------
seed = 407653969
maxLevel = 2147483647
n833 is replaced by n696 with estimated error 0.00382
error = 0.00382
high accuracy error = 0.00388
area = 2528
delay = 65.9
#gates = 1035
output circuit appNtk/c7552_36_0.00382_2528_65.9.blif
time = 2816519744 us
--------------- round 37 ---------------
seed = 2966930319
maxLevel = 2147483647
n834 is replaced by n698 with estimated error 0.00435
error = 0.00435
high accuracy error = 0.004282
area = 2524
delay = 65.9
#gates = 1034
output circuit appNtk/c7552_37_0.00435_2524_65.9.blif
time = 2880055507 us
--------------- round 38 ---------------
seed = 3478266670
maxLevel = 2147483647
n836 is replaced by n711 with estimated error 0.00606
error = 0.00606
high accuracy error = 0.006232
area = 2517
delay = 65.9
#gates = 1031
output circuit appNtk/c7552_38_0.00606_2517_65.9.blif
time = 2966088304 us
--------------- round 39 ---------------
seed = 527554248
maxLevel = 2147483647
n656 is replaced by n1074 with estimated error 0.00785
error = 0.00785
high accuracy error = 0.0083
area = 2509
delay = 65.9
#gates = 1028
output circuit appNtk/c7552_39_0.00785_2509_65.9.blif
time = 3046826136 us
--------------- round 40 ---------------
seed = 1011165171
maxLevel = 2147483647
n831 is replaced by n718 with estimated error 0.00997
error = 0.00997
high accuracy error = 0.010304
area = 2506
delay = 65.9
#gates = 1026
output circuit appNtk/c7552_40_0.00997_2506_65.9.blif
time = 3123393108 us
--------------- round 41 ---------------
seed = 1024744426
maxLevel = 2147483647
exceed error bound
