abc command read data/library/mcnc.genlib
Entered genlib library with 23 gates from file "data/library/mcnc.genlib".
abc command read_blif data/su/c7552.blif
Line 21: Skipping line ".default_input_arrival 0.00 0.00 ".
Line 22: Skipping line ".default_output_required 0.00 0.00 ".
Line 23: Skipping line ".default_input_drive 0.10 0.10 ".
Line 24: Skipping line ".default_output_load 2.00 ".
Line 25: Skipping line ".default_max_input_load 999.00 ".
abc command print_stats
[1;37mc7552                         :[0m i/o =  207/  108  lat =    0  nd =  1125  edge =   2605  area =2756.00  delay =69.40  lev = 50
--------------- round 1 ---------------
seed = 4016707453
maxLevel = 2147483647
n849 is replaced by n484 with estimated error 0
error = 0
high accuracy error = 3.3e-05
area = 2736
delay = 69.4
#gates = 1119
output circuit appNtk/c7552_1_0_2736_69.4.blif
time = 68421681 us
--------------- round 2 ---------------
seed = 4126743115
maxLevel = 2147483647
n770 is replaced by n391 with estimated error 4e-05
error = 4e-05
high accuracy error = 4.5e-05
area = 2719
delay = 69.4
#gates = 1112
output circuit appNtk/c7552_2_4e-05_2719_69.4.blif
time = 132335018 us
--------------- round 3 ---------------
seed = 20144804
maxLevel = 2147483647
n693 is replaced by n377 with estimated error 0
error = 0
high accuracy error = 7.4e-05
area = 2717
delay = 69.4
#gates = 1111
output circuit appNtk/c7552_3_0_2717_69.4.blif
time = 197900193 us
--------------- round 4 ---------------
seed = 307977500
maxLevel = 2147483647
n840 is replaced by n464 with estimated error 9e-05
error = 9e-05
high accuracy error = 7.4e-05
area = 2714
delay = 69.4
#gates = 1110
output circuit appNtk/c7552_4_9e-05_2714_69.4.blif
time = 269121560 us
--------------- round 5 ---------------
seed = 3952266268
maxLevel = 2147483647
n850 is replaced by n391 with estimated error 8e-05
error = 8e-05
high accuracy error = 9.8e-05
area = 2708
delay = 69.4
#gates = 1107
output circuit appNtk/c7552_5_8e-05_2708_69.4.blif
time = 334372920 us
--------------- round 6 ---------------
seed = 310713726
maxLevel = 2147483647
n852 is replaced by n464 with estimated error 6e-05
error = 6e-05
high accuracy error = 0.000111
area = 2706
delay = 69.4
#gates = 1106
output circuit appNtk/c7552_6_6e-05_2706_69.4.blif
time = 404705076 us
--------------- round 7 ---------------
seed = 898710367
maxLevel = 2147483647
n854 is replaced by n687 with estimated error 0.0001
error = 0.0001
high accuracy error = 0.000115
area = 2701
delay = 69.4
#gates = 1104
output circuit appNtk/c7552_7_0.0001_2701_69.4.blif
time = 462490855 us
--------------- round 8 ---------------
seed = 3001313579
maxLevel = 2147483647
n772 is replaced by one with estimated error 9e-05
error = 9e-05
high accuracy error = 0.000118
area = 2696
delay = 69.4
#gates = 1102
output circuit appNtk/c7552_8_9e-05_2696_69.4.blif
time = 527659901 us
--------------- round 9 ---------------
seed = 1999244289
maxLevel = 2147483647
n851 is replaced by n682 with estimated error 5e-05
error = 5e-05
high accuracy error = 0.000145
area = 2695
delay = 69.4
#gates = 1101
output circuit appNtk/c7552_9_5e-05_2695_69.4.blif
time = 619147740 us
--------------- round 10 ---------------
seed = 3101172821
maxLevel = 2147483647
n688 is replaced by n376 with estimated error 0.0001
error = 0.0001
high accuracy error = 0.000171
area = 2693
delay = 69.4
#gates = 1100
output circuit appNtk/c7552_10_0.0001_2693_69.4.blif
time = 690335504 us
--------------- round 11 ---------------
seed = 77601023
maxLevel = 2147483647
n683 is replaced by n365 with estimated error 0.00013
error = 0.00013
high accuracy error = 0.000199
area = 2691
delay = 69.4
#gates = 1099
output circuit appNtk/c7552_11_0.00013_2691_69.4.blif
time = 773301429 us
--------------- round 12 ---------------
seed = 4095814161
maxLevel = 2147483647
n1169 is replaced by one with estimated error 0.00015
error = 0.00015
high accuracy error = 0.000209
area = 2682
delay = 69.4
#gates = 1096
output circuit appNtk/c7552_12_0.00015_2682_69.4.blif
time = 857903807 us
--------------- round 13 ---------------
seed = 2719055880
maxLevel = 2147483647
n695 is replaced by zero with estimated error 0.00021
error = 0.00021
high accuracy error = 0.000193
area = 2677
delay = 69.4
#gates = 1094
output circuit appNtk/c7552_13_0.00021_2677_69.4.blif
time = 952789189 us
--------------- round 14 ---------------
seed = 2820170082
maxLevel = 2147483647
n825 is replaced by n439 with estimated error 0.00016
error = 0.00016
high accuracy error = 0.000208
area = 2671
delay = 69.4
#gates = 1092
output circuit appNtk/c7552_14_0.00016_2671_69.4.blif
time = 1030045800 us
--------------- round 15 ---------------
seed = 3807703275
maxLevel = 2147483647
n855 is replaced by n1054 with estimated error 0.00014
error = 0.00014
high accuracy error = 0.000283
area = 2667
delay = 69.4
#gates = 1091
output circuit appNtk/c7552_15_0.00014_2667_69.4.blif
time = 1107696663 us
--------------- round 16 ---------------
seed = 3361171625
maxLevel = 2147483647
n827 is replaced by n676 with estimated error 0.0003
error = 0.0003
high accuracy error = 0.000347
area = 2662
delay = 69.4
#gates = 1089
output circuit appNtk/c7552_16_0.0003_2662_69.4.blif
time = 1193016863 us
--------------- round 17 ---------------
seed = 1056012127
maxLevel = 2147483647
n1391 is replaced by n494 with estimated error 0.00029
error = 0.00029
high accuracy error = 0.00033
area = 2659
delay = 69.4
#gates = 1087
output circuit appNtk/c7552_17_0.00029_2659_69.4.blif
time = 1251986489 us
--------------- round 18 ---------------
seed = 3973943725
maxLevel = 2147483647
n822 is replaced by n820 with estimated error 0.00029
error = 0.00029
high accuracy error = 0.000351
area = 2649
delay = 69.4
#gates = 1083
output circuit appNtk/c7552_18_0.00029_2649_69.4.blif
time = 1318713034 us
--------------- round 19 ---------------
seed = 581435028
maxLevel = 2147483647
n823 is replaced by n868 with estimated error 0.00026
error = 0.00026
high accuracy error = 0.000356
area = 2647
delay = 69.4
#gates = 1082
output circuit appNtk/c7552_19_0.00026_2647_69.4.blif
time = 1401058338 us
--------------- round 20 ---------------
seed = 4208995064
maxLevel = 2147483647
n1335 is replaced by n1230 with estimated error 0.00035
error = 0.00035
high accuracy error = 0.000315
area = 2644
delay = 69.4
#gates = 1080
output circuit appNtk/c7552_20_0.00035_2644_69.4.blif
time = 1459105698 us
--------------- round 21 ---------------
seed = 294115787
maxLevel = 2147483647
n868 is replaced by zero with estimated error 0.00032
error = 0.00032
high accuracy error = 0.000378
area = 2642
delay = 69.4
#gates = 1079
output circuit appNtk/c7552_21_0.00032_2642_69.4.blif
time = 1550386105 us
--------------- round 22 ---------------
seed = 1648260317
maxLevel = 2147483647
n1136 is replaced by n1144 with estimated error 0.00037
error = 0.00037
high accuracy error = 0.000379
area = 2639
delay = 69.4
#gates = 1078
output circuit appNtk/c7552_22_0.00037_2639_69.4.blif
time = 1630390136 us
--------------- round 23 ---------------
seed = 3445046230
maxLevel = 2147483647
n1187 is replaced by n593 with estimated error 0.00031
error = 0.00031
high accuracy error = 0.00035
area = 2637
delay = 69.4
#gates = 1077
output circuit appNtk/c7552_23_0.00031_2637_69.4.blif
time = 1709626652 us
--------------- round 24 ---------------
seed = 529285360
maxLevel = 2147483647
n1188 is replaced by n1173 with estimated error 0.0004
error = 0.0004
high accuracy error = 0.000341
area = 2635
delay = 69.4
#gates = 1076
output circuit appNtk/c7552_24_0.0004_2635_69.4.blif
time = 1796531490 us
--------------- round 25 ---------------
seed = 2386438628
maxLevel = 2147483647
n1020 is replaced by n376 with estimated error 0.0004
error = 0.0004
high accuracy error = 0.00035
area = 2633
delay = 69.4
#gates = 1075
output circuit appNtk/c7552_25_0.0004_2633_69.4.blif
time = 1867184608 us
--------------- round 26 ---------------
seed = 1149236193
maxLevel = 2147483647
n588 is replaced by n418 with estimated error 0.00039
error = 0.00039
high accuracy error = 0.000357
area = 2632
delay = 65.9
#gates = 1074
output circuit appNtk/c7552_26_0.00039_2632_65.9.blif
time = 1939763423 us
--------------- round 27 ---------------
seed = 2601760824
maxLevel = 2147483647
n1341 is replaced by n1330 with estimated error 0.0003
error = 0.0003
high accuracy error = 0.000337
area = 2631
delay = 65.9
#gates = 1073
output circuit appNtk/c7552_27_0.0003_2631_65.9.blif
time = 2008678913 us
--------------- round 28 ---------------
seed = 4164385173
maxLevel = 2147483647
n819 is replaced by n329 with estimated error 0.00028
error = 0.00028
high accuracy error = 0.000433
area = 2627
delay = 65.9
#gates = 1072
output circuit appNtk/c7552_28_0.00028_2627_65.9.blif
time = 2072855678 us
--------------- round 29 ---------------
seed = 227801420
maxLevel = 2147483647
n820 is replaced by n405 with estimated error 0.0004
error = 0.0004
high accuracy error = 0.000419
area = 2624
delay = 65.9
#gates = 1071
output circuit appNtk/c7552_29_0.0004_2624_65.9.blif
time = 2137678679 us
--------------- round 30 ---------------
seed = 1818818209
maxLevel = 2147483647
n673 is replaced by zero with estimated error 0.00054
error = 0.00054
high accuracy error = 0.000425
area = 2622
delay = 65.9
#gates = 1070
output circuit appNtk/c7552_30_0.00054_2622_65.9.blif
time = 2224559693 us
--------------- round 31 ---------------
seed = 726727050
maxLevel = 2147483647
n1183 is replaced by n593 with estimated error 0.00037
error = 0.00037
high accuracy error = 0.000434
area = 2621
delay = 65.9
#gates = 1069
output circuit appNtk/c7552_31_0.00037_2621_65.9.blif
time = 2288505454 us
--------------- round 32 ---------------
seed = 548914695
maxLevel = 2147483647
n828 is replaced by n789 with inverter with estimated error 0.0003
error = 0.0003
high accuracy error = 0.000554
area = 2619
delay = 65.9
#gates = 1069
output circuit appNtk/c7552_32_0.0003_2619_65.9.blif
time = 2354029185 us
--------------- round 33 ---------------
seed = 275594171
maxLevel = 2147483647
n872 is replaced by one with estimated error 0.00058
error = 0.00058
high accuracy error = 0.000632
area = 2609
delay = 65.9
#gates = 1065
output circuit appNtk/c7552_33_0.00058_2609_65.9.blif
time = 2423614327 us
--------------- round 34 ---------------
seed = 2970823338
maxLevel = 2147483647
n808 is replaced by one with estimated error 0.00062
error = 0.00062
high accuracy error = 0.0006
area = 2606
delay = 65.9
#gates = 1064
output circuit appNtk/c7552_34_0.00062_2606_65.9.blif
time = 2496275332 us
--------------- round 35 ---------------
seed = 2604678264
maxLevel = 2147483647
n858 is replaced by n677 with estimated error 0.00097
error = 0.00097
high accuracy error = 0.000854
area = 2596
delay = 65.9
#gates = 1060
output circuit appNtk/c7552_35_0.00097_2596_65.9.blif
time = 2581684034 us
--------------- round 36 ---------------
seed = 322179355
maxLevel = 2147483647
n797 is replaced by n332 with estimated error 0.00107
error = 0.00107
high accuracy error = 0.001082
area = 2594
delay = 65.9
#gates = 1059
output circuit appNtk/c7552_36_0.00107_2594_65.9.blif
time = 2667487392 us
--------------- round 37 ---------------
seed = 1277909078
maxLevel = 2147483647
n829 is replaced by n404 with estimated error 0.00111
error = 0.00111
high accuracy error = 0.001162
area = 2589
delay = 65.9
#gates = 1057
output circuit appNtk/c7552_37_0.00111_2589_65.9.blif
time = 2755142965 us
--------------- round 38 ---------------
seed = 2879601143
maxLevel = 2147483647
n799 is replaced by one with estimated error 0.00128
error = 0.00128
high accuracy error = 0.001191
area = 2584
delay = 65.9
#gates = 1055
output circuit appNtk/c7552_38_0.00128_2584_65.9.blif
time = 2843658264 us
--------------- round 39 ---------------
seed = 3080722538
maxLevel = 2147483647
n830 is replaced by zero with estimated error 0.00116
error = 0.00116
high accuracy error = 0.001154
area = 2580
delay = 65.9
#gates = 1054
output circuit appNtk/c7552_39_0.00116_2580_65.9.blif
time = 2911529351 us
--------------- round 40 ---------------
seed = 1039470800
maxLevel = 2147483647
n876 is replaced by n791 with estimated error 0.00168
error = 0.00168
high accuracy error = 0.001679
area = 2559
delay = 65.9
#gates = 1047
output circuit appNtk/c7552_40_0.00168_2559_65.9.blif
time = 2979986982 us
--------------- round 41 ---------------
seed = 129297931
maxLevel = 2147483647
n745 is replaced by one with estimated error 0.00196
error = 0.00196
high accuracy error = 0.002275
area = 2549
delay = 65.9
#gates = 1043
output circuit appNtk/c7552_41_0.00196_2549_65.9.blif
time = 3050600956 us
--------------- round 42 ---------------
seed = 516146666
maxLevel = 2147483647
n877 is replaced by n789 with estimated error 0.00335
error = 0.00335
high accuracy error = 0.003308
area = 2532
delay = 65.9
#gates = 1037
output circuit appNtk/c7552_42_0.00335_2532_65.9.blif
time = 3138526837 us
--------------- round 43 ---------------
seed = 3334284563
maxLevel = 2147483647
n833 is replaced by n701 with estimated error 0.00343
error = 0.00343
high accuracy error = 0.003788
area = 2528
delay = 65.9
#gates = 1035
output circuit appNtk/c7552_43_0.00343_2528_65.9.blif
time = 3215299071 us
--------------- round 44 ---------------
seed = 2025442323
maxLevel = 2147483647
n834 is replaced by n698 with estimated error 0.00433
error = 0.00433
high accuracy error = 0.004299
area = 2524
delay = 65.9
#gates = 1034
output circuit appNtk/c7552_44_0.00433_2524_65.9.blif
time = 3282173838 us
--------------- round 45 ---------------
seed = 2920746518
maxLevel = 2147483647
n656 is replaced by n1074 with estimated error 0.00606
error = 0.00606
high accuracy error = 0.006335
area = 2516
delay = 65.9
#gates = 1031
output circuit appNtk/c7552_45_0.00606_2516_65.9.blif
time = 3343727727 us
--------------- round 46 ---------------
seed = 3539411687
maxLevel = 2147483647
n836 is replaced by n711 with estimated error 0.0085
error = 0.0085
high accuracy error = 0.008365
area = 2509
delay = 65.9
#gates = 1028
output circuit appNtk/c7552_46_0.0085_2509_65.9.blif
time = 3418553963 us
--------------- round 47 ---------------
seed = 1734941870
maxLevel = 2147483647
n831 is replaced by n718 with estimated error 0.00988
error = 0.00988
high accuracy error = 0.010193
area = 2506
delay = 65.9
#gates = 1026
output circuit appNtk/c7552_47_0.00988_2506_65.9.blif
time = 3487342702 us
--------------- round 48 ---------------
seed = 2125458365
maxLevel = 2147483647
exceed error bound
