abc command read data/library/mcnc.genlib
Entered genlib library with 23 gates from file "data/library/mcnc.genlib".
abc command read_blif data/su/c7552.blif
Line 21: Skipping line ".default_input_arrival 0.00 0.00 ".
Line 22: Skipping line ".default_output_required 0.00 0.00 ".
Line 23: Skipping line ".default_input_drive 0.10 0.10 ".
Line 24: Skipping line ".default_output_load 2.00 ".
Line 25: Skipping line ".default_max_input_load 999.00 ".
abc command print_stats
[1;37mc7552                         :[0m i/o =  207/  108  lat =    0  nd =  1125  edge =   2605  area =2756.00  delay =69.40  lev = 50
--------------- round 1 ---------------
seed = 2848387308
maxLevel = 2147483647
n850 is replaced by n460 with estimated error 0
error = 0
high accuracy error = 6e-05
area = 2730
delay = 69.4
#gates = 1117
output circuit appNtk/c7552_1_0_2730_69.4.blif
time = 57897767 us
--------------- round 2 ---------------
seed = 113816977
maxLevel = 2147483647
n770 is replaced by n376 with estimated error 4e-05
error = 4e-05
high accuracy error = 5.8e-05
area = 2710
delay = 69.4
#gates = 1108
output circuit appNtk/c7552_2_4e-05_2710_69.4.blif
time = 122654224 us
--------------- round 3 ---------------
seed = 2584534013
maxLevel = 2147483647
n1169 is replaced by one with estimated error 3e-05
error = 3e-05
high accuracy error = 5.8e-05
area = 2701
delay = 69.4
#gates = 1105
output circuit appNtk/c7552_3_3e-05_2701_69.4.blif
time = 191572886 us
--------------- round 4 ---------------
seed = 2451379865
maxLevel = 2147483647
n693 is replaced by n474 with estimated error 7e-05
error = 7e-05
high accuracy error = 6.7e-05
area = 2699
delay = 69.4
#gates = 1104
output circuit appNtk/c7552_4_7e-05_2699_69.4.blif
time = 253425890 us
--------------- round 5 ---------------
seed = 1970470872
maxLevel = 2147483647
n852 is replaced by n464 with estimated error 2e-05
error = 2e-05
high accuracy error = 0.000119
area = 2697
delay = 69.4
#gates = 1103
output circuit appNtk/c7552_5_2e-05_2697_69.4.blif
time = 319451169 us
--------------- round 6 ---------------
seed = 2485052987
maxLevel = 2147483647
n688 is replaced by n430 with estimated error 0.00011
error = 0.00011
high accuracy error = 0.000165
area = 2695
delay = 69.4
#gates = 1102
output circuit appNtk/c7552_6_0.00011_2695_69.4.blif
time = 375372823 us
--------------- round 7 ---------------
seed = 3444404649
maxLevel = 2147483647
n772 is replaced by one with estimated error 0.00017
error = 0.00017
high accuracy error = 0.000169
area = 2690
delay = 69.4
#gates = 1100
output circuit appNtk/c7552_7_0.00017_2690_69.4.blif
time = 434237356 us
--------------- round 8 ---------------
seed = 3104045707
maxLevel = 2147483647
n695 is replaced by n361 with inverter with estimated error 0.00011
error = 0.00011
high accuracy error = 0.000169
area = 2686
delay = 69.4
#gates = 1099
output circuit appNtk/c7552_8_0.00011_2686_69.4.blif
time = 498257426 us
--------------- round 9 ---------------
seed = 1213454510
maxLevel = 2147483647
n854 is replaced by n685 with estimated error 0.00018
error = 0.00018
high accuracy error = 0.000218
area = 2681
delay = 69.4
#gates = 1097
output circuit appNtk/c7552_9_0.00018_2681_69.4.blif
time = 552925615 us
--------------- round 10 ---------------
seed = 4097112344
maxLevel = 2147483647
n851 is replaced by n684 with estimated error 0.00014
error = 0.00014
high accuracy error = 0.000235
area = 2678
delay = 69.4
#gates = 1095
output circuit appNtk/c7552_10_0.00014_2678_69.4.blif
time = 626493265 us
--------------- round 11 ---------------
seed = 2593621308
maxLevel = 2147483647
n1443 is replaced by zero with estimated error 0.00023
error = 0.00023
high accuracy error = 0.000211
area = 2677
delay = 69.4
#gates = 1094
output circuit appNtk/c7552_11_0.00023_2677_69.4.blif
time = 700823865 us
--------------- round 12 ---------------
seed = 1561725822
maxLevel = 2147483647
n825 is replaced by n768 with estimated error 0.00017
error = 0.00017
high accuracy error = 0.000275
area = 2671
delay = 69.4
#gates = 1092
output circuit appNtk/c7552_12_0.00017_2671_69.4.blif
time = 755908707 us
--------------- round 13 ---------------
seed = 715847427
maxLevel = 2147483647
n827 is replaced by n384 with estimated error 0.00026
error = 0.00026
high accuracy error = 0.00027
area = 2666
delay = 69.4
#gates = 1090
output circuit appNtk/c7552_13_0.00026_2666_69.4.blif
time = 836759443 us
--------------- round 14 ---------------
seed = 2270329807
maxLevel = 2147483647
n855 is replaced by n1054 with estimated error 0.0002
error = 0.0002
high accuracy error = 0.000317
area = 2662
delay = 69.4
#gates = 1089
output circuit appNtk/c7552_14_0.0002_2662_69.4.blif
time = 920471039 us
--------------- round 15 ---------------
seed = 2755344750
maxLevel = 2147483647
n819 is replaced by n777 with estimated error 0.0003
error = 0.0003
high accuracy error = 0.00042
area = 2658
delay = 69.4
#gates = 1088
output circuit appNtk/c7552_15_0.0003_2658_69.4.blif
time = 1001501448 us
--------------- round 16 ---------------
seed = 4231203818
maxLevel = 2147483647
n821 is replaced by n405 with inverter with estimated error 0.00042
error = 0.00042
high accuracy error = 0.000427
area = 2656
delay = 69.4
#gates = 1088
output circuit appNtk/c7552_16_0.00042_2656_69.4.blif
time = 1071358486 us
--------------- round 17 ---------------
seed = 1987734086
maxLevel = 2147483647
n822 is replaced by one with estimated error 0.00041
error = 0.00041
high accuracy error = 0.000412
area = 2650
delay = 69.4
#gates = 1085
output circuit appNtk/c7552_17_0.00041_2650_69.4.blif
time = 1159426714 us
--------------- round 18 ---------------
seed = 2248876249
maxLevel = 2147483647
n777 is replaced by n392 with estimated error 0.00036
error = 0.00036
high accuracy error = 0.000426
area = 2648
delay = 69.4
#gates = 1084
output circuit appNtk/c7552_18_0.00036_2648_69.4.blif
time = 1250483487 us
--------------- round 19 ---------------
seed = 21472913
maxLevel = 2147483647
n820 is replaced by n871 with inverter with estimated error 0.00034
error = 0.00034
high accuracy error = 0.00043
area = 2646
delay = 69.4
#gates = 1084
output circuit appNtk/c7552_19_0.00034_2646_69.4.blif
time = 1332801029 us
--------------- round 20 ---------------
seed = 2772678705
maxLevel = 2147483647
n1391 is replaced by n494 with estimated error 0.00042
error = 0.00042
high accuracy error = 0.000399
area = 2643
delay = 69.4
#gates = 1082
output circuit appNtk/c7552_20_0.00042_2643_69.4.blif
time = 1401149003 us
--------------- round 21 ---------------
seed = 906160247
maxLevel = 2147483647
n868 is replaced by zero with estimated error 0.00024
error = 0.00024
high accuracy error = 0.000405
area = 2641
delay = 69.4
#gates = 1081
output circuit appNtk/c7552_21_0.00024_2641_69.4.blif
time = 1463009450 us
--------------- round 22 ---------------
seed = 832773269
maxLevel = 2147483647
n1335 is replaced by n1230 with estimated error 0.00043
error = 0.00043
high accuracy error = 0.000417
area = 2638
delay = 69.4
#gates = 1079
output circuit appNtk/c7552_22_0.00043_2638_69.4.blif
time = 1521787074 us
--------------- round 23 ---------------
seed = 1567096589
maxLevel = 2147483647
n1445 is replaced by one with estimated error 0.00036
error = 0.00036
high accuracy error = 0.000391
area = 2637
delay = 69.4
#gates = 1078
output circuit appNtk/c7552_23_0.00036_2637_69.4.blif
time = 1606520849 us
--------------- round 24 ---------------
seed = 3872574314
maxLevel = 2147483647
n872 is replaced by n789 with estimated error 0.00044
error = 0.00044
high accuracy error = 0.000531
area = 2627
delay = 69.4
#gates = 1074
output circuit appNtk/c7552_24_0.00044_2627_69.4.blif
time = 1661240094 us
--------------- round 25 ---------------
seed = 1564330
maxLevel = 2147483647
n828 is replaced by n802 with inverter with estimated error 0.00051
error = 0.00051
high accuracy error = 0.000518
area = 2625
delay = 69.4
#gates = 1074
output circuit appNtk/c7552_25_0.00051_2625_69.4.blif
time = 1740875847 us
--------------- round 26 ---------------
seed = 380967265
maxLevel = 2147483647
n1136 is replaced by n1144 with estimated error 0.00046
error = 0.00046
high accuracy error = 0.000485
area = 2622
delay = 69.4
#gates = 1073
output circuit appNtk/c7552_26_0.00046_2622_69.4.blif
time = 1818337331 us
--------------- round 27 ---------------
seed = 1346461107
maxLevel = 2147483647
n1187 is replaced by n593 with estimated error 0.00056
error = 0.00056
high accuracy error = 0.000492
area = 2620
delay = 69.4
#gates = 1072
output circuit appNtk/c7552_27_0.00056_2620_69.4.blif
time = 1899833259 us
--------------- round 28 ---------------
seed = 1628357311
maxLevel = 2147483647
n678 is replaced by n681 with estimated error 0.00046
error = 0.00046
high accuracy error = 0.000618
area = 2618
delay = 69.4
#gates = 1071
output circuit appNtk/c7552_28_0.00046_2618_69.4.blif
time = 1960542431 us
--------------- round 29 ---------------
seed = 2544400196
maxLevel = 2147483647
n1188 is replaced by n1173 with estimated error 0.0007
error = 0.0007
high accuracy error = 0.00064
area = 2616
delay = 69.4
#gates = 1070
output circuit appNtk/c7552_29_0.0007_2616_69.4.blif
time = 2030933173 us
--------------- round 30 ---------------
seed = 2485665722
maxLevel = 2147483647
n856 is replaced by n361 with estimated error 0.00058
error = 0.00058
high accuracy error = 0.000766
area = 2614
delay = 69.4
#gates = 1069
output circuit appNtk/c7552_30_0.00058_2614_69.4.blif
time = 2113918087 us
--------------- round 31 ---------------
seed = 4171812562
maxLevel = 2147483647
n858 is replaced by n674 with estimated error 0.00088
error = 0.00088
high accuracy error = 0.000704
area = 2608
delay = 69.4
#gates = 1067
output circuit appNtk/c7552_31_0.00088_2608_69.4.blif
time = 2194610660 us
--------------- round 32 ---------------
seed = 300517713
maxLevel = 2147483647
n673 is replaced by zero with estimated error 0.00074
error = 0.00074
high accuracy error = 0.000772
area = 2606
delay = 69.4
#gates = 1066
output circuit appNtk/c7552_32_0.00074_2606_69.4.blif
time = 2279403300 us
--------------- round 33 ---------------
seed = 635950120
maxLevel = 2147483647
n1020 is replaced by n376 with estimated error 0.00075
error = 0.00075
high accuracy error = 0.000749
area = 2604
delay = 69.4
#gates = 1065
output circuit appNtk/c7552_33_0.00075_2604_69.4.blif
time = 2369923247 us
--------------- round 34 ---------------
seed = 2972914312
maxLevel = 2147483647
n808 is replaced by n801 with estimated error 0.00088
error = 0.00088
high accuracy error = 0.000821
area = 2601
delay = 69.4
#gates = 1064
output circuit appNtk/c7552_34_0.00088_2601_69.4.blif
time = 2439226894 us
--------------- round 35 ---------------
seed = 415669711
maxLevel = 2147483647
n823 is replaced by zero with estimated error 0.00092
error = 0.00092
high accuracy error = 0.000762
area = 2599
delay = 69.4
#gates = 1063
output circuit appNtk/c7552_35_0.00092_2599_69.4.blif
time = 2514959702 us
--------------- round 36 ---------------
seed = 1998039513
maxLevel = 2147483647
n588 is replaced by n418 with estimated error 0.00089
error = 0.00089
high accuracy error = 0.000812
area = 2598
delay = 65.9
#gates = 1062
output circuit appNtk/c7552_36_0.00089_2598_65.9.blif
time = 2591922039 us
--------------- round 37 ---------------
seed = 1299833043
maxLevel = 2147483647
n1341 is replaced by n1330 with estimated error 0.00085
error = 0.00085
high accuracy error = 0.000821
area = 2597
delay = 65.9
#gates = 1061
output circuit appNtk/c7552_37_0.00085_2597_65.9.blif
time = 2675689793 us
--------------- round 38 ---------------
seed = 2237488445
maxLevel = 2147483647
n1183 is replaced by n593 with estimated error 0.00095
error = 0.00095
high accuracy error = 0.000779
area = 2596
delay = 65.9
#gates = 1060
output circuit appNtk/c7552_38_0.00095_2596_65.9.blif
time = 2742232836 us
--------------- round 39 ---------------
seed = 2165182888
maxLevel = 2147483647
n876 is replaced by n791 with estimated error 0.00159
error = 0.00159
high accuracy error = 0.001729
area = 2559
delay = 65.9
#gates = 1047
output circuit appNtk/c7552_39_0.00159_2559_65.9.blif
time = 2829535049 us
--------------- round 40 ---------------
seed = 114478952
maxLevel = 2147483647
n745 is replaced by one with estimated error 0.00203
error = 0.00203
high accuracy error = 0.002262
area = 2549
delay = 65.9
#gates = 1043
output circuit appNtk/c7552_40_0.00203_2549_65.9.blif
time = 2896444941 us
--------------- round 41 ---------------
seed = 1437742208
maxLevel = 2147483647
n877 is replaced by n789 with estimated error 0.00335
error = 0.00335
high accuracy error = 0.003329
area = 2532
delay = 65.9
#gates = 1037
output circuit appNtk/c7552_41_0.00335_2532_65.9.blif
time = 2960404069 us
--------------- round 42 ---------------
seed = 2108542391
maxLevel = 2147483647
n833 is replaced by n696 with estimated error 0.00398
error = 0.00398
high accuracy error = 0.003727
area = 2528
delay = 65.9
#gates = 1035
output circuit appNtk/c7552_42_0.00398_2528_65.9.blif
time = 3035091775 us
--------------- round 43 ---------------
seed = 1502021862
maxLevel = 2147483647
n834 is replaced by n698 with estimated error 0.00425
error = 0.00425
high accuracy error = 0.004319
area = 2524
delay = 65.9
#gates = 1034
output circuit appNtk/c7552_43_0.00425_2524_65.9.blif
time = 3105982498 us
--------------- round 44 ---------------
seed = 2301075307
maxLevel = 2147483647
n836 is replaced by n711 with estimated error 0.00642
error = 0.00642
high accuracy error = 0.006286
area = 2517
delay = 65.9
#gates = 1031
output circuit appNtk/c7552_44_0.00642_2517_65.9.blif
time = 3172065369 us
--------------- round 45 ---------------
seed = 125374288
maxLevel = 2147483647
n656 is replaced by n1074 with estimated error 0.00813
error = 0.00813
high accuracy error = 0.008425
area = 2509
delay = 65.9
#gates = 1028
output circuit appNtk/c7552_45_0.00813_2509_65.9.blif
time = 3240344388 us
--------------- round 46 ---------------
seed = 728639547
maxLevel = 2147483647
exceed error bound
