abc command read data/library/mcnc.genlib
Entered genlib library with 23 gates from file "data/library/mcnc.genlib".
abc command read_blif data/su/c7552.blif
Line 21: Skipping line ".default_input_arrival 0.00 0.00 ".
Line 22: Skipping line ".default_output_required 0.00 0.00 ".
Line 23: Skipping line ".default_input_drive 0.10 0.10 ".
Line 24: Skipping line ".default_output_load 2.00 ".
Line 25: Skipping line ".default_max_input_load 999.00 ".
abc command print_stats
[1;37mc7552                         :[0m i/o =  207/  108  lat =    0  nd =  1125  edge =   2605  area =2756.00  delay =69.40  lev = 50
--------------- round 1 ---------------
seed = 582233701
maxLevel = 2147483647
n850 is replaced by n487 with estimated error 0
error = 0
high accuracy error = 4.2e-05
area = 2730
delay = 69.4
#gates = 1117
output circuit appNtk/c7552_1_0_2730_69.4.blif
time = 53074586 us
--------------- round 2 ---------------
seed = 1815275942
maxLevel = 2147483647
n693 is replaced by n430 with estimated error 3e-05
error = 3e-05
high accuracy error = 8.8e-05
area = 2728
delay = 69.4
#gates = 1116
output circuit appNtk/c7552_2_3e-05_2728_69.4.blif
time = 121581366 us
--------------- round 3 ---------------
seed = 3008045461
maxLevel = 2147483647
n770 is replaced by n387 with estimated error 5e-05
error = 5e-05
high accuracy error = 9.3e-05
area = 2708
delay = 69.4
#gates = 1107
output circuit appNtk/c7552_3_5e-05_2708_69.4.blif
time = 181088820 us
--------------- round 4 ---------------
seed = 1464338205
maxLevel = 2147483647
n695 is replaced by zero with estimated error 7e-05
error = 7e-05
high accuracy error = 6.9e-05
area = 2703
delay = 69.4
#gates = 1105
output circuit appNtk/c7552_4_7e-05_2703_69.4.blif
time = 233297946 us
--------------- round 5 ---------------
seed = 1561961457
maxLevel = 2147483647
n852 is replaced by n751 with inverter with estimated error 4e-05
error = 4e-05
high accuracy error = 8e-05
area = 2702
delay = 69.4
#gates = 1105
output circuit appNtk/c7552_5_4e-05_2702_69.4.blif
time = 276490834 us
--------------- round 6 ---------------
seed = 1878110334
maxLevel = 2147483647
n854 is replaced by n687 with estimated error 0.00013
error = 0.00013
high accuracy error = 0.000119
area = 2694
delay = 69.4
#gates = 1101
output circuit appNtk/c7552_6_0.00013_2694_69.4.blif
time = 331620006 us
--------------- round 7 ---------------
seed = 1626894755
maxLevel = 2147483647
n1169 is replaced by one with estimated error 0.00016
error = 0.00016
high accuracy error = 0.000125
area = 2685
delay = 69.4
#gates = 1098
output circuit appNtk/c7552_7_0.00016_2685_69.4.blif
time = 404564459 us
--------------- round 8 ---------------
seed = 2614354484
maxLevel = 2147483647
n825 is replaced by n458 with estimated error 8e-05
error = 8e-05
high accuracy error = 0.000139
area = 2679
delay = 69.4
#gates = 1096
output circuit appNtk/c7552_8_8e-05_2679_69.4.blif
time = 468012556 us
--------------- round 9 ---------------
seed = 2661695681
maxLevel = 2147483647
n827 is replaced by n426 with estimated error 0.0002
error = 0.0002
high accuracy error = 0.000196
area = 2674
delay = 69.4
#gates = 1094
output circuit appNtk/c7552_9_0.0002_2674_69.4.blif
time = 526510216 us
--------------- round 10 ---------------
seed = 2211122985
maxLevel = 2147483647
n777 is replaced by n458 with estimated error 0.00016
error = 0.00016
high accuracy error = 0.000183
area = 2672
delay = 69.4
#gates = 1093
output circuit appNtk/c7552_10_0.00016_2672_69.4.blif
time = 585265266 us
--------------- round 11 ---------------
seed = 3372900852
maxLevel = 2147483647
n819 is replaced by n1041 with estimated error 0.00018
error = 0.00018
high accuracy error = 0.00033
area = 2668
delay = 69.4
#gates = 1092
output circuit appNtk/c7552_11_0.00018_2668_69.4.blif
time = 646240758 us
--------------- round 12 ---------------
seed = 3622144712
maxLevel = 2147483647
n822 is replaced by n868 with inverter with estimated error 0.00038
error = 0.00038
high accuracy error = 0.000356
area = 2661
delay = 69.4
#gates = 1090
output circuit appNtk/c7552_12_0.00038_2661_69.4.blif
time = 700141355 us
--------------- round 13 ---------------
seed = 2415598507
maxLevel = 2147483647
n1444 is replaced by one with estimated error 0.00032
error = 0.00032
high accuracy error = 0.000305
area = 2660
delay = 69.4
#gates = 1089
output circuit appNtk/c7552_13_0.00032_2660_69.4.blif
time = 767388718 us
--------------- round 14 ---------------
seed = 1961915888
maxLevel = 2147483647
n851 is replaced by n684 with estimated error 0.0004
error = 0.0004
high accuracy error = 0.000364
area = 2657
delay = 69.4
#gates = 1087
output circuit appNtk/c7552_14_0.0004_2657_69.4.blif
time = 818871963 us
--------------- round 15 ---------------
seed = 1613250528
maxLevel = 2147483647
n820 is replaced by n789 with estimated error 0.00035
error = 0.00035
high accuracy error = 0.000314
area = 2654
delay = 69.4
#gates = 1086
output circuit appNtk/c7552_15_0.00035_2654_69.4.blif
time = 874759577 us
--------------- round 16 ---------------
seed = 3917501401
maxLevel = 2147483647
n855 is replaced by n681 with estimated error 0.00047
error = 0.00047
high accuracy error = 0.000383
area = 2650
delay = 69.4
#gates = 1085
output circuit appNtk/c7552_16_0.00047_2650_69.4.blif
time = 932437246 us
--------------- round 17 ---------------
seed = 4227474606
maxLevel = 2147483647
n772 is replaced by one with estimated error 0.00039
error = 0.00039
high accuracy error = 0.000398
area = 2645
delay = 69.4
#gates = 1083
output circuit appNtk/c7552_17_0.00039_2645_69.4.blif
time = 999464515 us
--------------- round 18 ---------------
seed = 2286491158
maxLevel = 2147483647
n1391 is replaced by n494 with estimated error 0.00036
error = 0.00036
high accuracy error = 0.000389
area = 2642
delay = 69.4
#gates = 1081
output circuit appNtk/c7552_18_0.00036_2642_69.4.blif
time = 1071965885 us
--------------- round 19 ---------------
seed = 2029560488
maxLevel = 2147483647
n1335 is replaced by n1230 with estimated error 0.00039
error = 0.00039
high accuracy error = 0.000416
area = 2639
delay = 69.4
#gates = 1079
output circuit appNtk/c7552_19_0.00039_2639_69.4.blif
time = 1156273831 us
--------------- round 20 ---------------
seed = 2486206131
maxLevel = 2147483647
n1136 is replaced by n1144 with estimated error 0.00043
error = 0.00043
high accuracy error = 0.000363
area = 2636
delay = 69.4
#gates = 1078
output circuit appNtk/c7552_20_0.00043_2636_69.4.blif
time = 1239780940 us
--------------- round 21 ---------------
seed = 2652250275
maxLevel = 2147483647
n1187 is replaced by n593 with estimated error 0.00044
error = 0.00044
high accuracy error = 0.000391
area = 2634
delay = 69.4
#gates = 1077
output circuit appNtk/c7552_21_0.00044_2634_69.4.blif
time = 1321790902 us
--------------- round 22 ---------------
seed = 75500270
maxLevel = 2147483647
n1188 is replaced by n1173 with estimated error 0.00038
error = 0.00038
high accuracy error = 0.000371
area = 2632
delay = 69.4
#gates = 1076
output circuit appNtk/c7552_22_0.00038_2632_69.4.blif
time = 1412928671 us
--------------- round 23 ---------------
seed = 3830269936
maxLevel = 2147483647
n1020 is replaced by n376 with estimated error 0.00044
error = 0.00044
high accuracy error = 0.000381
area = 2630
delay = 69.4
#gates = 1075
output circuit appNtk/c7552_23_0.00044_2630_69.4.blif
time = 1496772903 us
--------------- round 24 ---------------
seed = 2823678454
maxLevel = 2147483647
n868 is replaced by zero with estimated error 0.00043
error = 0.00043
high accuracy error = 0.000408
area = 2628
delay = 69.4
#gates = 1074
output circuit appNtk/c7552_24_0.00043_2628_69.4.blif
time = 1578742514 us
--------------- round 25 ---------------
seed = 3541502236
maxLevel = 2147483647
n673 is replaced by zero with estimated error 0.00036
error = 0.00036
high accuracy error = 0.000388
area = 2626
delay = 69.4
#gates = 1073
output circuit appNtk/c7552_25_0.00036_2626_69.4.blif
time = 1663024532 us
--------------- round 26 ---------------
seed = 3730020877
maxLevel = 2147483647
n823 is replaced by zero with estimated error 0.00037
error = 0.00037
high accuracy error = 0.000378
area = 2624
delay = 69.4
#gates = 1072
output circuit appNtk/c7552_26_0.00037_2624_69.4.blif
time = 1748631586 us
--------------- round 27 ---------------
seed = 2460030390
maxLevel = 2147483647
n678 is replaced by n1054 with estimated error 0.00042
error = 0.00042
high accuracy error = 0.000521
area = 2622
delay = 69.4
#gates = 1071
output circuit appNtk/c7552_27_0.00042_2622_69.4.blif
time = 1815203677 us
--------------- round 28 ---------------
seed = 3732809784
maxLevel = 2147483647
n858 is replaced by n677 with estimated error 0.00053
error = 0.00053
high accuracy error = 0.000646
area = 2614
delay = 69.4
#gates = 1068
output circuit appNtk/c7552_28_0.00053_2614_69.4.blif
time = 1888706233 us
--------------- round 29 ---------------
seed = 3627167500
maxLevel = 2147483647
n588 is replaced by n418 with estimated error 0.00082
error = 0.00082
high accuracy error = 0.000624
area = 2613
delay = 65.9
#gates = 1067
output circuit appNtk/c7552_29_0.00082_2613_65.9.blif
time = 1941865485 us
--------------- round 30 ---------------
seed = 3073010848
maxLevel = 2147483647
n1341 is replaced by n1330 with estimated error 0.00058
error = 0.00058
high accuracy error = 0.00065
area = 2612
delay = 65.9
#gates = 1066
output circuit appNtk/c7552_30_0.00058_2612_65.9.blif
time = 2005742732 us
--------------- round 31 ---------------
seed = 1572751525
maxLevel = 2147483647
n1183 is replaced by n593 with estimated error 0.00058
error = 0.00058
high accuracy error = 0.000645
area = 2611
delay = 65.9
#gates = 1065
output circuit appNtk/c7552_31_0.00058_2611_65.9.blif
time = 2082327869 us
--------------- round 32 ---------------
seed = 4235573372
maxLevel = 2147483647
n828 is replaced by n802 with inverter with estimated error 0.00074
error = 0.00074
high accuracy error = 0.000756
area = 2609
delay = 65.9
#gates = 1065
output circuit appNtk/c7552_32_0.00074_2609_65.9.blif
time = 2153247980 us
--------------- round 33 ---------------
seed = 1244601301
maxLevel = 2147483647
n872 is replaced by n789 with estimated error 0.00073
error = 0.00073
high accuracy error = 0.000723
area = 2599
delay = 65.9
#gates = 1061
output circuit appNtk/c7552_33_0.00073_2599_65.9.blif
time = 2226529279 us
--------------- round 34 ---------------
seed = 3562652818
maxLevel = 2147483647
n808 is replaced by n412 with estimated error 0.00068
error = 0.00068
high accuracy error = 0.000861
area = 2596
delay = 65.9
#gates = 1060
output circuit appNtk/c7552_34_0.00068_2596_65.9.blif
time = 2301103152 us
--------------- round 35 ---------------
seed = 313837617
maxLevel = 2147483647
n829 is replaced by n806 with estimated error 0.00106
error = 0.00106
high accuracy error = 0.000921
area = 2591
delay = 65.9
#gates = 1058
output circuit appNtk/c7552_35_0.00106_2591_65.9.blif
time = 2370851487 us
--------------- round 36 ---------------
seed = 2643658130
maxLevel = 2147483647
n876 is replaced by n791 with estimated error 0.00181
error = 0.00181
high accuracy error = 0.001622
area = 2559
delay = 65.9
#gates = 1047
output circuit appNtk/c7552_36_0.00181_2559_65.9.blif
time = 2450885490 us
--------------- round 37 ---------------
seed = 363187768
maxLevel = 2147483647
n745 is replaced by one with estimated error 0.00223
error = 0.00223
high accuracy error = 0.002148
area = 2549
delay = 65.9
#gates = 1043
output circuit appNtk/c7552_37_0.00223_2549_65.9.blif
time = 2536844355 us
--------------- round 38 ---------------
seed = 1535634177
maxLevel = 2147483647
n877 is replaced by n789 with estimated error 0.00316
error = 0.00316
high accuracy error = 0.003415
area = 2532
delay = 65.9
#gates = 1037
output circuit appNtk/c7552_38_0.00316_2532_65.9.blif
time = 2623350487 us
--------------- round 39 ---------------
seed = 4088537386
maxLevel = 2147483647
n834 is replaced by n698 with estimated error 0.00364
error = 0.00364
high accuracy error = 0.004249
area = 2524
delay = 65.9
#gates = 1034
output circuit appNtk/c7552_39_0.00364_2524_65.9.blif
time = 2691436838 us
--------------- round 40 ---------------
seed = 2921274296
maxLevel = 2147483647
n836 is replaced by n711 with estimated error 0.0066
error = 0.0066
high accuracy error = 0.006124
area = 2517
delay = 65.9
#gates = 1031
output circuit appNtk/c7552_40_0.0066_2517_65.9.blif
time = 2756134399 us
--------------- round 41 ---------------
seed = 2011076053
maxLevel = 2147483647
n656 is replaced by n1074 with estimated error 0.00807
error = 0.00807
high accuracy error = 0.008431
area = 2509
delay = 65.9
#gates = 1028
output circuit appNtk/c7552_41_0.00807_2509_65.9.blif
time = 2826817084 us
--------------- round 42 ---------------
seed = 110064963
maxLevel = 2147483647
exceed error bound
