abc command read data/library/mcnc.genlib
Entered genlib library with 23 gates from file "data/library/mcnc.genlib".
abc command read_blif data/su/c7552.blif
Line 21: Skipping line ".default_input_arrival 0.00 0.00 ".
Line 22: Skipping line ".default_output_required 0.00 0.00 ".
Line 23: Skipping line ".default_input_drive 0.10 0.10 ".
Line 24: Skipping line ".default_output_load 2.00 ".
Line 25: Skipping line ".default_max_input_load 999.00 ".
abc command print_stats
[1;37mc7552                         :[0m i/o =  207/  108  lat =    0  nd =  1125  edge =   2605  area =2756.00  delay =69.40  lev = 50
--------------- round 1 ---------------
seed = 1859268093
maxLevel = 2147483647
n850 is replaced by n432 with estimated error 0
error = 0
high accuracy error = 6.8e-05
area = 2730
delay = 69.4
#gates = 1117
output circuit appNtk/c7552_1_0_2730_69.4.blif
time = 43740353 us
--------------- round 2 ---------------
seed = 1059145747
maxLevel = 2147483647
n770 is replaced by n376 with estimated error 4e-05
error = 4e-05
high accuracy error = 6e-05
area = 2710
delay = 69.4
#gates = 1108
output circuit appNtk/c7552_2_4e-05_2710_69.4.blif
time = 96812605 us
--------------- round 3 ---------------
seed = 2784267910
maxLevel = 2147483647
n693 is replaced by n468 with estimated error 5e-05
error = 5e-05
high accuracy error = 6.9e-05
area = 2708
delay = 69.4
#gates = 1107
output circuit appNtk/c7552_3_5e-05_2708_69.4.blif
time = 138271734 us
--------------- round 4 ---------------
seed = 228859439
maxLevel = 2147483647
n772 is replaced by one with estimated error 6e-05
error = 6e-05
high accuracy error = 6.6e-05
area = 2703
delay = 69.4
#gates = 1105
output circuit appNtk/c7552_4_6e-05_2703_69.4.blif
time = 203236823 us
--------------- round 5 ---------------
seed = 29825566
maxLevel = 2147483647
n688 is replaced by n675 with inverter with estimated error 4e-05
error = 4e-05
high accuracy error = 0.000106
area = 2702
delay = 69.4
#gates = 1105
output circuit appNtk/c7552_5_4e-05_2702_69.4.blif
time = 266884398 us
--------------- round 6 ---------------
seed = 2301420498
maxLevel = 2147483647
n854 is replaced by n684 with estimated error 0.00013
error = 0.00013
high accuracy error = 0.00014
area = 2695
delay = 69.4
#gates = 1102
output circuit appNtk/c7552_6_0.00013_2695_69.4.blif
time = 343101433 us
--------------- round 7 ---------------
seed = 1537934751
maxLevel = 2147483647
n694 is replaced by n370 with estimated error 0.00016
error = 0.00016
high accuracy error = 0.000174
area = 2690
delay = 69.4
#gates = 1100
output circuit appNtk/c7552_7_0.00016_2690_69.4.blif
time = 428823850 us
--------------- round 8 ---------------
seed = 1547227614
maxLevel = 2147483647
n851 is replaced by n400 with estimated error 0.00013
error = 0.00013
high accuracy error = 0.000299
area = 2687
delay = 69.4
#gates = 1098
output circuit appNtk/c7552_8_0.00013_2687_69.4.blif
time = 524020205 us
--------------- round 9 ---------------
seed = 3571224091
maxLevel = 2147483647
n855 is replaced by n681 with estimated error 0.0002
error = 0.0002
high accuracy error = 0.000283
area = 2683
delay = 69.4
#gates = 1097
output circuit appNtk/c7552_9_0.0002_2683_69.4.blif
time = 584631105 us
--------------- round 10 ---------------
seed = 256911499
maxLevel = 2147483647
n695 is replaced by zero with estimated error 0.00022
error = 0.00022
high accuracy error = 0.000209
area = 2682
delay = 69.4
#gates = 1096
output circuit appNtk/c7552_10_0.00022_2682_69.4.blif
time = 664772436 us
--------------- round 11 ---------------
seed = 3200973968
maxLevel = 2147483647
n827 is replaced by n725 with estimated error 0.00021
error = 0.00021
high accuracy error = 0.00031
area = 2671
delay = 69.4
#gates = 1092
output circuit appNtk/c7552_11_0.00021_2671_69.4.blif
time = 759985969 us
--------------- round 12 ---------------
seed = 501853967
maxLevel = 2147483647
n777 is replaced by n450 with estimated error 0.00039
error = 0.00039
high accuracy error = 0.000345
area = 2669
delay = 69.4
#gates = 1091
output circuit appNtk/c7552_12_0.00039_2669_69.4.blif
time = 845577380 us
--------------- round 13 ---------------
seed = 111697350
maxLevel = 2147483647
n822 is replaced by n820 with estimated error 0.00035
error = 0.00035
high accuracy error = 0.000312
area = 2661
delay = 69.4
#gates = 1088
output circuit appNtk/c7552_13_0.00035_2661_69.4.blif
time = 921302401 us
--------------- round 14 ---------------
seed = 704747664
maxLevel = 2147483647
n1169 is replaced by one with estimated error 0.00031
error = 0.00031
high accuracy error = 0.000362
area = 2652
delay = 69.4
#gates = 1085
output circuit appNtk/c7552_14_0.00031_2652_69.4.blif
time = 1011471822 us
--------------- round 15 ---------------
seed = 2787376782
maxLevel = 2147483647
n1391 is replaced by n494 with estimated error 0.00038
error = 0.00038
high accuracy error = 0.000327
area = 2649
delay = 69.4
#gates = 1083
output circuit appNtk/c7552_15_0.00038_2649_69.4.blif
time = 1084569544 us
--------------- round 16 ---------------
seed = 820134102
maxLevel = 2147483647
n1335 is replaced by n1230 with estimated error 0.00028
error = 0.00028
high accuracy error = 0.000327
area = 2646
delay = 69.4
#gates = 1081
output circuit appNtk/c7552_16_0.00028_2646_69.4.blif
time = 1163769708 us
--------------- round 17 ---------------
seed = 3037156042
maxLevel = 2147483647
n1136 is replaced by n1144 with estimated error 0.00033
error = 0.00033
high accuracy error = 0.000317
area = 2643
delay = 69.4
#gates = 1080
output circuit appNtk/c7552_17_0.00033_2643_69.4.blif
time = 1236239546 us
--------------- round 18 ---------------
seed = 3644983640
maxLevel = 2147483647
n1187 is replaced by n593 with estimated error 0.00042
error = 0.00042
high accuracy error = 0.000349
area = 2641
delay = 69.4
#gates = 1079
output circuit appNtk/c7552_18_0.00042_2641_69.4.blif
time = 1325631371 us
--------------- round 19 ---------------
seed = 2375669213
maxLevel = 2147483647
n1188 is replaced by n1173 with estimated error 0.00046
error = 0.00046
high accuracy error = 0.000327
area = 2639
delay = 69.4
#gates = 1078
output circuit appNtk/c7552_19_0.00046_2639_69.4.blif
time = 1404452503 us
--------------- round 20 ---------------
seed = 2186276886
maxLevel = 2147483647
n823 is replaced by zero with estimated error 0.00036
error = 0.00036
high accuracy error = 0.000349
area = 2637
delay = 69.4
#gates = 1077
output circuit appNtk/c7552_20_0.00036_2637_69.4.blif
time = 1500109099 us
--------------- round 21 ---------------
seed = 2408362948
maxLevel = 2147483647
n1020 is replaced by n376 with estimated error 0.00041
error = 0.00041
high accuracy error = 0.000336
area = 2635
delay = 69.4
#gates = 1076
output circuit appNtk/c7552_21_0.00041_2635_69.4.blif
time = 1590532589 us
--------------- round 22 ---------------
seed = 783523468
maxLevel = 2147483647
n588 is replaced by n418 with estimated error 0.00042
error = 0.00042
high accuracy error = 0.000316
area = 2634
delay = 65.9
#gates = 1075
output circuit appNtk/c7552_22_0.00042_2634_65.9.blif
time = 1677541592 us
--------------- round 23 ---------------
seed = 1372518193
maxLevel = 2147483647
n1341 is replaced by n1330 with estimated error 0.00031
error = 0.00031
high accuracy error = 0.000319
area = 2633
delay = 65.9
#gates = 1074
output circuit appNtk/c7552_23_0.00031_2633_65.9.blif
time = 1764276086 us
--------------- round 24 ---------------
seed = 3248999227
maxLevel = 2147483647
n819 is replaced by n378 with estimated error 0.00035
error = 0.00035
high accuracy error = 0.000425
area = 2629
delay = 65.9
#gates = 1073
output circuit appNtk/c7552_24_0.00035_2629_65.9.blif
time = 1855780730 us
--------------- round 25 ---------------
seed = 1893044128
maxLevel = 2147483647
n868 is replaced by n871 with estimated error 0.00045
error = 0.00045
high accuracy error = 0.000435
area = 2627
delay = 65.9
#gates = 1072
output circuit appNtk/c7552_25_0.00045_2627_65.9.blif
time = 1946862006 us
--------------- round 26 ---------------
seed = 2915066777
maxLevel = 2147483647
n820 is replaced by n405 with estimated error 0.00049
error = 0.00049
high accuracy error = 0.000442
area = 2624
delay = 65.9
#gates = 1071
output circuit appNtk/c7552_26_0.00049_2624_65.9.blif
time = 2025996608 us
--------------- round 27 ---------------
seed = 2687094075
maxLevel = 2147483647
n871 is replaced by n789 with inverter with estimated error 0.00035
error = 0.00035
high accuracy error = 0.000445
area = 2618
delay = 65.9
#gates = 1069
output circuit appNtk/c7552_27_0.00035_2618_65.9.blif
time = 2110075477 us
--------------- round 28 ---------------
seed = 1338581266
maxLevel = 2147483647
n828 is replaced by n802 with inverter with estimated error 0.00052
error = 0.00052
high accuracy error = 0.000498
area = 2616
delay = 65.9
#gates = 1069
output circuit appNtk/c7552_28_0.00052_2616_65.9.blif
time = 2201449085 us
--------------- round 29 ---------------
seed = 2931030618
maxLevel = 2147483647
n872 is replaced by n789 with estimated error 0.00033
error = 0.00033
high accuracy error = 0.000501
area = 2613
delay = 65.9
#gates = 1068
output circuit appNtk/c7552_29_0.00033_2613_65.9.blif
time = 2294925135 us
--------------- round 30 ---------------
seed = 3025684269
maxLevel = 2147483647
n673 is replaced by zero with estimated error 0.00052
error = 0.00052
high accuracy error = 0.000497
area = 2611
delay = 65.9
#gates = 1067
output circuit appNtk/c7552_30_0.00052_2611_65.9.blif
time = 2385815068 us
--------------- round 31 ---------------
seed = 2389915675
maxLevel = 2147483647
n1444 is replaced by zero with estimated error 0.00038
error = 0.00038
high accuracy error = 0.000528
area = 2610
delay = 65.9
#gates = 1066
output circuit appNtk/c7552_31_0.00038_2610_65.9.blif
time = 2448083620 us
--------------- round 32 ---------------
seed = 2253205465
maxLevel = 2147483647
n1183 is replaced by n593 with estimated error 0.00045
error = 0.00045
high accuracy error = 0.000521
area = 2609
delay = 65.9
#gates = 1065
output circuit appNtk/c7552_32_0.00045_2609_65.9.blif
time = 2508670826 us
--------------- round 33 ---------------
seed = 2500959218
maxLevel = 2147483647
n808 is replaced by n415 with estimated error 0.00053
error = 0.00053
high accuracy error = 0.000558
area = 2606
delay = 65.9
#gates = 1064
output circuit appNtk/c7552_33_0.00053_2606_65.9.blif
time = 2573810087 us
--------------- round 34 ---------------
seed = 4124341323
maxLevel = 2147483647
n829 is replaced by n806 with estimated error 0.0006
error = 0.0006
high accuracy error = 0.000606
area = 2601
delay = 65.9
#gates = 1062
output circuit appNtk/c7552_34_0.0006_2601_65.9.blif
time = 2633071858 us
--------------- round 35 ---------------
seed = 3780635044
maxLevel = 2147483647
n858 is replaced by n677 with estimated error 0.00087
error = 0.00087
high accuracy error = 0.000885
area = 2591
delay = 65.9
#gates = 1058
output circuit appNtk/c7552_35_0.00087_2591_65.9.blif
time = 2702553543 us
--------------- round 36 ---------------
seed = 1553138803
maxLevel = 2147483647
n876 is replaced by n791 with estimated error 0.00159
error = 0.00159
high accuracy error = 0.001676
area = 2559
delay = 65.9
#gates = 1047
output circuit appNtk/c7552_36_0.00159_2559_65.9.blif
time = 2764850931 us
--------------- round 37 ---------------
seed = 1619327408
maxLevel = 2147483647
n745 is replaced by one with estimated error 0.00217
error = 0.00217
high accuracy error = 0.002179
area = 2549
delay = 65.9
#gates = 1043
output circuit appNtk/c7552_37_0.00217_2549_65.9.blif
time = 2824346202 us
--------------- round 38 ---------------
seed = 3991126281
maxLevel = 2147483647
n877 is replaced by n789 with estimated error 0.00324
error = 0.00324
high accuracy error = 0.003329
area = 2532
delay = 65.9
#gates = 1037
output circuit appNtk/c7552_38_0.00324_2532_65.9.blif
time = 2902957400 us
--------------- round 39 ---------------
seed = 267443570
maxLevel = 2147483647
n833 is replaced by n699 with estimated error 0.00398
error = 0.00398
high accuracy error = 0.003752
area = 2528
delay = 65.9
#gates = 1035
output circuit appNtk/c7552_39_0.00398_2528_65.9.blif
time = 2979236536 us
--------------- round 40 ---------------
seed = 3195857428
maxLevel = 2147483647
n834 is replaced by n698 with estimated error 0.00416
error = 0.00416
high accuracy error = 0.004254
area = 2524
delay = 65.9
#gates = 1034
output circuit appNtk/c7552_40_0.00416_2524_65.9.blif
time = 3065266768 us
--------------- round 41 ---------------
seed = 1703250515
maxLevel = 2147483647
n656 is replaced by n1074 with estimated error 0.00639
error = 0.00639
high accuracy error = 0.006442
area = 2516
delay = 65.9
#gates = 1031
output circuit appNtk/c7552_41_0.00639_2516_65.9.blif
time = 3137914562 us
--------------- round 42 ---------------
seed = 1888004908
maxLevel = 2147483647
n836 is replaced by n711 with estimated error 0.00874
error = 0.00874
high accuracy error = 0.008449
area = 2509
delay = 65.9
#gates = 1028
output circuit appNtk/c7552_42_0.00874_2509_65.9.blif
time = 3200548457 us
--------------- round 43 ---------------
seed = 3358849094
maxLevel = 2147483647
n831 is replaced by n718 with estimated error 0.00971
error = 0.00971
high accuracy error = 0.010325
area = 2506
delay = 65.9
#gates = 1026
output circuit appNtk/c7552_43_0.00971_2506_65.9.blif
time = 3280080156 us
--------------- round 44 ---------------
seed = 3833434341
maxLevel = 2147483647
exceed error bound
