abc command read data/library/mcnc.genlib
Entered genlib library with 23 gates from file "data/library/mcnc.genlib".
abc command read_blif data/su/c7552.blif
Line 21: Skipping line ".default_input_arrival 0.00 0.00 ".
Line 22: Skipping line ".default_output_required 0.00 0.00 ".
Line 23: Skipping line ".default_input_drive 0.10 0.10 ".
Line 24: Skipping line ".default_output_load 2.00 ".
Line 25: Skipping line ".default_max_input_load 999.00 ".
abc command print_stats
[1;37mc7552                         :[0m i/o =  207/  108  lat =    0  nd =  1125  edge =   2605  area =2756.00  delay =69.40  lev = 50
--------------- round 1 ---------------
seed = 4036732060
maxLevel = 2147483647
n847 is replaced by n502 with estimated error 0
error = 0
high accuracy error = 1.6e-05
area = 2741
delay = 69.4
#gates = 1121
output circuit appNtk/c7552_1_0_2741_69.4.blif
time = 75474881 us
--------------- round 2 ---------------
seed = 3229214733
maxLevel = 2147483647
n849 is replaced by n469 with estimated error 0
error = 0
high accuracy error = 2.9e-05
area = 2736
delay = 69.4
#gates = 1119
output circuit appNtk/c7552_2_0_2736_69.4.blif
time = 137417628 us
--------------- round 3 ---------------
seed = 3411367851
maxLevel = 2147483647
n770 is replaced by n406 with estimated error 1e-05
error = 1e-05
high accuracy error = 2.8e-05
area = 2719
delay = 69.4
#gates = 1112
output circuit appNtk/c7552_3_1e-05_2719_69.4.blif
time = 200938198 us
--------------- round 4 ---------------
seed = 2819691309
maxLevel = 2147483647
n850 is replaced by one with estimated error 1e-05
error = 1e-05
high accuracy error = 5.3e-05
area = 2710
delay = 69.4
#gates = 1108
output circuit appNtk/c7552_4_1e-05_2710_69.4.blif
time = 266404850 us
--------------- round 5 ---------------
seed = 1516128697
maxLevel = 2147483647
n693 is replaced by n400 with estimated error 4e-05
error = 4e-05
high accuracy error = 8.2e-05
area = 2708
delay = 69.4
#gates = 1107
output circuit appNtk/c7552_5_4e-05_2708_69.4.blif
time = 313492140 us
--------------- round 6 ---------------
seed = 3368639263
maxLevel = 2147483647
n688 is replaced by n501 with estimated error 0.00014
error = 0.00014
high accuracy error = 0.000123
area = 2706
delay = 69.4
#gates = 1106
output circuit appNtk/c7552_6_0.00014_2706_69.4.blif
time = 381304497 us
--------------- round 7 ---------------
seed = 1037979422
maxLevel = 2147483647
n695 is replaced by n945 with estimated error 0.00015
error = 0.00015
high accuracy error = 0.000183
area = 2701
delay = 69.4
#gates = 1104
output circuit appNtk/c7552_7_0.00015_2701_69.4.blif
time = 448435156 us
--------------- round 8 ---------------
seed = 3211660511
maxLevel = 2147483647
n852 is replaced by n459 with estimated error 0.00014
error = 0.00014
high accuracy error = 0.000231
area = 2699
delay = 69.4
#gates = 1103
output circuit appNtk/c7552_8_0.00014_2699_69.4.blif
time = 510942358 us
--------------- round 9 ---------------
seed = 3794277543
maxLevel = 2147483647
n854 is replaced by n422 with estimated error 0.0002
error = 0.0002
high accuracy error = 0.000305
area = 2694
delay = 69.4
#gates = 1101
output circuit appNtk/c7552_9_0.0002_2694_69.4.blif
time = 568880275 us
--------------- round 10 ---------------
seed = 2296952692
maxLevel = 2147483647
n851 is replaced by one with estimated error 0.00025
error = 0.00025
high accuracy error = 0.000337
area = 2691
delay = 69.4
#gates = 1099
output circuit appNtk/c7552_10_0.00025_2691_69.4.blif
time = 620349109 us
--------------- round 11 ---------------
seed = 815229625
maxLevel = 2147483647
n855 is replaced by n1054 with estimated error 0.00023
error = 0.00023
high accuracy error = 0.000335
area = 2687
delay = 69.4
#gates = 1098
output circuit appNtk/c7552_11_0.00023_2687_69.4.blif
time = 682032761 us
--------------- round 12 ---------------
seed = 209590279
maxLevel = 2147483647
n1169 is replaced by one with estimated error 0.00034
error = 0.00034
high accuracy error = 0.000306
area = 2678
delay = 69.4
#gates = 1095
output circuit appNtk/c7552_12_0.00034_2678_69.4.blif
time = 749062888 us
--------------- round 13 ---------------
seed = 529230778
maxLevel = 2147483647
n825 is replaced by n419 with estimated error 0.0003
error = 0.0003
high accuracy error = 0.000352
area = 2672
delay = 69.4
#gates = 1093
output circuit appNtk/c7552_13_0.0003_2672_69.4.blif
time = 807598080 us
--------------- round 14 ---------------
seed = 3472619289
maxLevel = 2147483647
n827 is replaced by n650 with estimated error 0.00032
error = 0.00032
high accuracy error = 0.000371
area = 2667
delay = 69.4
#gates = 1091
output circuit appNtk/c7552_14_0.00032_2667_69.4.blif
time = 878237739 us
--------------- round 15 ---------------
seed = 4100909960
maxLevel = 2147483647
n772 is replaced by one with estimated error 0.00049
error = 0.00049
high accuracy error = 0.000397
area = 2662
delay = 69.4
#gates = 1089
output circuit appNtk/c7552_15_0.00049_2662_69.4.blif
time = 935479008 us
--------------- round 16 ---------------
seed = 2602113794
maxLevel = 2147483647
n1391 is replaced by n494 with estimated error 0.0003
error = 0.0003
high accuracy error = 0.000392
area = 2659
delay = 69.4
#gates = 1087
output circuit appNtk/c7552_16_0.0003_2659_69.4.blif
time = 1000375926 us
--------------- round 17 ---------------
seed = 1142255028
maxLevel = 2147483647
n823 is replaced by n821 with estimated error 0.00038
error = 0.00038
high accuracy error = 0.000399
area = 2657
delay = 69.4
#gates = 1086
output circuit appNtk/c7552_17_0.00038_2657_69.4.blif
time = 1088655054 us
--------------- round 18 ---------------
seed = 1471337550
maxLevel = 2147483647
n822 is replaced by n868 with inverter with estimated error 0.00036
error = 0.00036
high accuracy error = 0.000402
area = 2651
delay = 69.4
#gates = 1084
output circuit appNtk/c7552_18_0.00036_2651_69.4.blif
time = 1164146180 us
--------------- round 19 ---------------
seed = 157119871
maxLevel = 2147483647
n1443 is replaced by one with estimated error 0.00032
error = 0.00032
high accuracy error = 0.000384
area = 2650
delay = 69.4
#gates = 1083
output circuit appNtk/c7552_19_0.00032_2650_69.4.blif
time = 1251191022 us
--------------- round 20 ---------------
seed = 3205498925
maxLevel = 2147483647
n1335 is replaced by n1230 with estimated error 0.00031
error = 0.00031
high accuracy error = 0.000425
area = 2647
delay = 69.4
#gates = 1081
output circuit appNtk/c7552_20_0.00031_2647_69.4.blif
time = 1326875097 us
--------------- round 21 ---------------
seed = 2759667727
maxLevel = 2147483647
n1136 is replaced by n1144 with estimated error 0.00043
error = 0.00043
high accuracy error = 0.000377
area = 2644
delay = 69.4
#gates = 1080
output circuit appNtk/c7552_21_0.00043_2644_69.4.blif
time = 1406070627 us
--------------- round 22 ---------------
seed = 414970944
maxLevel = 2147483647
n821 is replaced by n868 with estimated error 0.00034
error = 0.00034
high accuracy error = 0.000438
area = 2641
delay = 69.4
#gates = 1079
output circuit appNtk/c7552_22_0.00034_2641_69.4.blif
time = 1476916540 us
--------------- round 23 ---------------
seed = 4236818712
maxLevel = 2147483647
n1187 is replaced by n593 with estimated error 0.00029
error = 0.00029
high accuracy error = 0.000383
area = 2639
delay = 69.4
#gates = 1078
output circuit appNtk/c7552_23_0.00029_2639_69.4.blif
time = 1552202018 us
--------------- round 24 ---------------
seed = 3812757563
maxLevel = 2147483647
n1188 is replaced by n1173 with estimated error 0.00034
error = 0.00034
high accuracy error = 0.000409
area = 2637
delay = 69.4
#gates = 1077
output circuit appNtk/c7552_24_0.00034_2637_69.4.blif
time = 1640309138 us
--------------- round 25 ---------------
seed = 4199266270
maxLevel = 2147483647
n819 is replaced by n666 with inverter with estimated error 0.00039
error = 0.00039
high accuracy error = 0.000463
area = 2634
delay = 69.4
#gates = 1077
output circuit appNtk/c7552_25_0.00039_2634_69.4.blif
time = 1722558557 us
--------------- round 26 ---------------
seed = 551213688
maxLevel = 2147483647
n1020 is replaced by n376 with estimated error 0.00046
error = 0.00046
high accuracy error = 0.000462
area = 2632
delay = 69.4
#gates = 1076
output circuit appNtk/c7552_26_0.00046_2632_69.4.blif
time = 1804746352 us
--------------- round 27 ---------------
seed = 2197308290
maxLevel = 2147483647
n820 is replaced by n789 with estimated error 0.00041
error = 0.00041
high accuracy error = 0.000429
area = 2628
delay = 69.4
#gates = 1074
output circuit appNtk/c7552_27_0.00041_2628_69.4.blif
time = 1892372054 us
--------------- round 28 ---------------
seed = 118979664
maxLevel = 2147483647
n673 is replaced by zero with estimated error 0.00044
error = 0.00044
high accuracy error = 0.000425
area = 2626
delay = 69.4
#gates = 1073
output circuit appNtk/c7552_28_0.00044_2626_69.4.blif
time = 1975621743 us
--------------- round 29 ---------------
seed = 4252687611
maxLevel = 2147483647
n588 is replaced by n418 with estimated error 0.00041
error = 0.00041
high accuracy error = 0.000438
area = 2625
delay = 65.9
#gates = 1072
output circuit appNtk/c7552_29_0.00041_2625_65.9.blif
time = 2061212438 us
--------------- round 30 ---------------
seed = 3035966222
maxLevel = 2147483647
n1341 is replaced by n1330 with estimated error 0.00038
error = 0.00038
high accuracy error = 0.000457
area = 2624
delay = 65.9
#gates = 1071
output circuit appNtk/c7552_30_0.00038_2624_65.9.blif
time = 2133066057 us
--------------- round 31 ---------------
seed = 3440703545
maxLevel = 2147483647
n1183 is replaced by n593 with estimated error 0.00053
error = 0.00053
high accuracy error = 0.000456
area = 2623
delay = 65.9
#gates = 1070
output circuit appNtk/c7552_31_0.00053_2623_65.9.blif
time = 2217848546 us
--------------- round 32 ---------------
seed = 1171288075
maxLevel = 2147483647
n858 is replaced by n674 with estimated error 0.00046
error = 0.00046
high accuracy error = 0.000612
area = 2613
delay = 65.9
#gates = 1066
output circuit appNtk/c7552_32_0.00046_2613_65.9.blif
time = 2301813153 us
--------------- round 33 ---------------
seed = 3574429838
maxLevel = 2147483647
n868 is replaced by zero with estimated error 0.00062
error = 0.00062
high accuracy error = 0.000718
area = 2611
delay = 65.9
#gates = 1065
output circuit appNtk/c7552_33_0.00062_2611_65.9.blif
time = 2359324068 us
--------------- round 34 ---------------
seed = 2438485404
maxLevel = 2147483647
n872 is replaced by n789 with estimated error 0.00079
error = 0.00079
high accuracy error = 0.000711
area = 2601
delay = 65.9
#gates = 1061
output circuit appNtk/c7552_34_0.00079_2601_65.9.blif
time = 2440702327 us
--------------- round 35 ---------------
seed = 2274478602
maxLevel = 2147483647
n829 is replaced by n806 with estimated error 0.00068
error = 0.00068
high accuracy error = 0.000895
area = 2591
delay = 65.9
#gates = 1058
output circuit appNtk/c7552_35_0.00068_2591_65.9.blif
time = 2516167878 us
--------------- round 36 ---------------
seed = 2356891048
maxLevel = 2147483647
n876 is replaced by n791 with estimated error 0.00178
error = 0.00178
high accuracy error = 0.001712
area = 2559
delay = 65.9
#gates = 1047
output circuit appNtk/c7552_36_0.00178_2559_65.9.blif
time = 2587322880 us
--------------- round 37 ---------------
seed = 3552691069
maxLevel = 2147483647
n745 is replaced by one with estimated error 0.00213
error = 0.00213
high accuracy error = 0.002177
area = 2549
delay = 65.9
#gates = 1043
output circuit appNtk/c7552_37_0.00213_2549_65.9.blif
time = 2665703302 us
--------------- round 38 ---------------
seed = 86843229
maxLevel = 2147483647
n877 is replaced by n789 with estimated error 0.00334
error = 0.00334
high accuracy error = 0.003258
area = 2532
delay = 65.9
#gates = 1037
output circuit appNtk/c7552_38_0.00334_2532_65.9.blif
time = 2741566393 us
--------------- round 39 ---------------
seed = 2562377223
maxLevel = 2147483647
n833 is replaced by n699 with estimated error 0.00374
error = 0.00374
high accuracy error = 0.003886
area = 2528
delay = 65.9
#gates = 1035
output circuit appNtk/c7552_39_0.00374_2528_65.9.blif
time = 2806979070 us
--------------- round 40 ---------------
seed = 3090158660
maxLevel = 2147483647
n834 is replaced by n698 with estimated error 0.00378
error = 0.00378
high accuracy error = 0.004312
area = 2524
delay = 65.9
#gates = 1034
output circuit appNtk/c7552_40_0.00378_2524_65.9.blif
time = 2877267022 us
--------------- round 41 ---------------
seed = 749143850
maxLevel = 2147483647
n656 is replaced by n1074 with estimated error 0.00674
error = 0.00674
high accuracy error = 0.006528
area = 2516
delay = 65.9
#gates = 1031
output circuit appNtk/c7552_41_0.00674_2516_65.9.blif
time = 2937258862 us
--------------- round 42 ---------------
seed = 823919111
maxLevel = 2147483647
n836 is replaced by n714 with estimated error 0.00798
error = 0.00798
high accuracy error = 0.00834
area = 2509
delay = 65.9
#gates = 1028
output circuit appNtk/c7552_42_0.00798_2509_65.9.blif
time = 3023557156 us
--------------- round 43 ---------------
seed = 1233694848
maxLevel = 2147483647
exceed error bound
