abc command read data/library/mcnc.genlib
Entered genlib library with 23 gates from file "data/library/mcnc.genlib".
abc command read_blif data/su/c7552.blif
Line 21: Skipping line ".default_input_arrival 0.00 0.00 ".
Line 22: Skipping line ".default_output_required 0.00 0.00 ".
Line 23: Skipping line ".default_input_drive 0.10 0.10 ".
Line 24: Skipping line ".default_output_load 2.00 ".
Line 25: Skipping line ".default_max_input_load 999.00 ".
abc command print_stats
[1;37mc7552                         :[0m i/o =  207/  108  lat =    0  nd =  1125  edge =   2605  area =2756.00  delay =69.40  lev = 50
--------------- round 1 ---------------
seed = 1046603629
maxLevel = 2147483647
n850 is replaced by n431 with estimated error 0
error = 0
high accuracy error = 5.8e-05
area = 2730
delay = 69.4
#gates = 1117
output circuit appNtk/c7552_1_0_2730_69.4.blif
time = 72322192 us
--------------- round 2 ---------------
seed = 2218181648
maxLevel = 2147483647
n770 is replaced by n436 with estimated error 6e-05
error = 6e-05
high accuracy error = 5.9e-05
area = 2710
delay = 69.4
#gates = 1108
output circuit appNtk/c7552_2_6e-05_2710_69.4.blif
time = 123154460 us
--------------- round 3 ---------------
seed = 2530442843
maxLevel = 2147483647
n693 is replaced by n495 with estimated error 4e-05
error = 4e-05
high accuracy error = 7.2e-05
area = 2708
delay = 69.4
#gates = 1107
output circuit appNtk/c7552_3_4e-05_2708_69.4.blif
time = 179106845 us
--------------- round 4 ---------------
seed = 1172360991
maxLevel = 2147483647
n854 is replaced by n684 with estimated error 7e-05
error = 7e-05
high accuracy error = 0.000115
area = 2701
delay = 69.4
#gates = 1104
output circuit appNtk/c7552_4_7e-05_2701_69.4.blif
time = 236398041 us
--------------- round 5 ---------------
seed = 4110764815
maxLevel = 2147483647
n695 is replaced by zero with estimated error 9e-05
error = 9e-05
high accuracy error = 0.000119
area = 2694
delay = 69.4
#gates = 1101
output circuit appNtk/c7552_5_9e-05_2694_69.4.blif
time = 292469431 us
--------------- round 6 ---------------
seed = 1902265469
maxLevel = 2147483647
n827 is replaced by n397 with estimated error 9e-05
error = 9e-05
high accuracy error = 0.000188
area = 2683
delay = 69.4
#gates = 1097
output circuit appNtk/c7552_6_9e-05_2683_69.4.blif
time = 352429936 us
--------------- round 7 ---------------
seed = 1954725485
maxLevel = 2147483647
n1169 is replaced by one with estimated error 0.00013
error = 0.00013
high accuracy error = 0.000191
area = 2674
delay = 69.4
#gates = 1094
output circuit appNtk/c7552_7_0.00013_2674_69.4.blif
time = 425266088 us
--------------- round 8 ---------------
seed = 150143574
maxLevel = 2147483647
n772 is replaced by one with estimated error 0.00017
error = 0.00017
high accuracy error = 0.000203
area = 2669
delay = 69.4
#gates = 1092
output circuit appNtk/c7552_8_0.00017_2669_69.4.blif
time = 480501578 us
--------------- round 9 ---------------
seed = 3314827134
maxLevel = 2147483647
n822 is replaced by one with estimated error 0.00015
error = 0.00015
high accuracy error = 0.000209
area = 2659
delay = 69.4
#gates = 1088
output circuit appNtk/c7552_9_0.00015_2659_69.4.blif
time = 557162798 us
--------------- round 10 ---------------
seed = 3009924725
maxLevel = 2147483647
n819 is replaced by n396 with estimated error 0.00025
error = 0.00025
high accuracy error = 0.000256
area = 2655
delay = 69.4
#gates = 1087
output circuit appNtk/c7552_10_0.00025_2655_69.4.blif
time = 641333707 us
--------------- round 11 ---------------
seed = 817800247
maxLevel = 2147483647
n820 is replaced by n405 with estimated error 0.00033
error = 0.00033
high accuracy error = 0.000296
area = 2652
delay = 69.4
#gates = 1086
output circuit appNtk/c7552_11_0.00033_2652_69.4.blif
time = 725528676 us
--------------- round 12 ---------------
seed = 2964552485
maxLevel = 2147483647
n851 is replaced by n652 with estimated error 0.00033
error = 0.00033
high accuracy error = 0.000408
area = 2649
delay = 69.4
#gates = 1084
output circuit appNtk/c7552_12_0.00033_2649_69.4.blif
time = 815818152 us
--------------- round 13 ---------------
seed = 3577066546
maxLevel = 2147483647
n1391 is replaced by n494 with estimated error 0.00027
error = 0.00027
high accuracy error = 0.000417
area = 2646
delay = 69.4
#gates = 1082
output circuit appNtk/c7552_13_0.00027_2646_69.4.blif
time = 902278328 us
--------------- round 14 ---------------
seed = 626570316
maxLevel = 2147483647
n855 is replaced by n681 with estimated error 0.00034
error = 0.00034
high accuracy error = 0.000375
area = 2642
delay = 69.4
#gates = 1081
output circuit appNtk/c7552_14_0.00034_2642_69.4.blif
time = 968957882 us
--------------- round 15 ---------------
seed = 983699730
maxLevel = 2147483647
n1335 is replaced by n1230 with estimated error 0.00044
error = 0.00044
high accuracy error = 0.000437
area = 2639
delay = 69.4
#gates = 1079
output circuit appNtk/c7552_15_0.00044_2639_69.4.blif
time = 1035790169 us
--------------- round 16 ---------------
seed = 2527704473
maxLevel = 2147483647
n868 is replaced by n789 with inverter with estimated error 0.00034
error = 0.00034
high accuracy error = 0.000376
area = 2638
delay = 69.4
#gates = 1079
output circuit appNtk/c7552_16_0.00034_2638_69.4.blif
time = 1120361323 us
--------------- round 17 ---------------
seed = 624416082
maxLevel = 2147483647
n1136 is replaced by n1144 with estimated error 0.00039
error = 0.00039
high accuracy error = 0.000373
area = 2635
delay = 69.4
#gates = 1078
output circuit appNtk/c7552_17_0.00039_2635_69.4.blif
time = 1180271166 us
--------------- round 18 ---------------
seed = 1500896064
maxLevel = 2147483647
n1187 is replaced by n593 with estimated error 0.00035
error = 0.00035
high accuracy error = 0.000364
area = 2633
delay = 69.4
#gates = 1077
output circuit appNtk/c7552_18_0.00035_2633_69.4.blif
time = 1264336649 us
--------------- round 19 ---------------
seed = 1736078491
maxLevel = 2147483647
n1188 is replaced by n1173 with estimated error 0.00038
error = 0.00038
high accuracy error = 0.000399
area = 2631
delay = 69.4
#gates = 1076
output circuit appNtk/c7552_19_0.00038_2631_69.4.blif
time = 1324473555 us
--------------- round 20 ---------------
seed = 4016943897
maxLevel = 2147483647
n1020 is replaced by n376 with estimated error 0.00034
error = 0.00034
high accuracy error = 0.000433
area = 2629
delay = 69.4
#gates = 1075
output circuit appNtk/c7552_20_0.00034_2629_69.4.blif
time = 1400151227 us
--------------- round 21 ---------------
seed = 144737927
maxLevel = 2147483647
n823 is replaced by zero with estimated error 0.00044
error = 0.00044
high accuracy error = 0.000416
area = 2627
delay = 69.4
#gates = 1074
output circuit appNtk/c7552_21_0.00044_2627_69.4.blif
time = 1478413217 us
--------------- round 22 ---------------
seed = 1230321284
maxLevel = 2147483647
n673 is replaced by zero with estimated error 0.00041
error = 0.00041
high accuracy error = 0.000401
area = 2625
delay = 69.4
#gates = 1073
output circuit appNtk/c7552_22_0.00041_2625_69.4.blif
time = 1566013563 us
--------------- round 23 ---------------
seed = 1846828498
maxLevel = 2147483647
n588 is replaced by n418 with estimated error 0.00042
error = 0.00042
high accuracy error = 0.000419
area = 2624
delay = 65.9
#gates = 1072
output circuit appNtk/c7552_23_0.00042_2624_65.9.blif
time = 1643923882 us
--------------- round 24 ---------------
seed = 2251644596
maxLevel = 2147483647
n1341 is replaced by n1330 with estimated error 0.00048
error = 0.00048
high accuracy error = 0.000349
area = 2623
delay = 65.9
#gates = 1071
output circuit appNtk/c7552_24_0.00048_2623_65.9.blif
time = 1726515189 us
--------------- round 25 ---------------
seed = 2086960331
maxLevel = 2147483647
n1183 is replaced by n593 with estimated error 0.00045
error = 0.00045
high accuracy error = 0.000406
area = 2622
delay = 65.9
#gates = 1070
output circuit appNtk/c7552_25_0.00045_2622_65.9.blif
time = 1810813818 us
--------------- round 26 ---------------
seed = 3946452541
maxLevel = 2147483647
n809 is replaced by n644 with estimated error 0.00043
error = 0.00043
high accuracy error = 0.000483
area = 2619
delay = 65.9
#gates = 1069
output circuit appNtk/c7552_26_0.00043_2619_65.9.blif
time = 1898965370 us
--------------- round 27 ---------------
seed = 2229552843
maxLevel = 2147483647
n1443 is replaced by zero with estimated error 0.00043
error = 0.00043
high accuracy error = 0.000513
area = 2618
delay = 65.9
#gates = 1068
output circuit appNtk/c7552_27_0.00043_2618_65.9.blif
time = 1987180406 us
--------------- round 28 ---------------
seed = 2462325604
maxLevel = 2147483647
n871 is replaced by n377 with inverter with estimated error 0.00051
error = 0.00051
high accuracy error = 0.000565
area = 2615
delay = 65.9
#gates = 1067
output circuit appNtk/c7552_28_0.00051_2615_65.9.blif
time = 2068490260 us
--------------- round 29 ---------------
seed = 1469659108
maxLevel = 2147483647
n828 is replaced by n818 with estimated error 0.00056
error = 0.00056
high accuracy error = 0.0006
area = 2612
delay = 65.9
#gates = 1066
output circuit appNtk/c7552_29_0.00056_2612_65.9.blif
time = 2127171665 us
--------------- round 30 ---------------
seed = 2694457941
maxLevel = 2147483647
n872 is replaced by one with estimated error 0.00052
error = 0.00052
high accuracy error = 0.000565
area = 2608
delay = 65.9
#gates = 1064
output circuit appNtk/c7552_30_0.00052_2608_65.9.blif
time = 2210107816 us
--------------- round 31 ---------------
seed = 2218637900
maxLevel = 2147483647
n808 is replaced by n803 with estimated error 0.00065
error = 0.00065
high accuracy error = 0.000611
area = 2605
delay = 65.9
#gates = 1063
output circuit appNtk/c7552_31_0.00065_2605_65.9.blif
time = 2290086545 us
--------------- round 32 ---------------
seed = 2801269597
maxLevel = 2147483647
n876 is replaced by n791 with estimated error 0.00149
error = 0.00149
high accuracy error = 0.001436
area = 2569
delay = 65.9
#gates = 1051
output circuit appNtk/c7552_32_0.00149_2569_65.9.blif
time = 2379335703 us
--------------- round 33 ---------------
seed = 3341703547
maxLevel = 2147483647
n858 is replaced by n677 with estimated error 0.00183
error = 0.00183
high accuracy error = 0.001672
area = 2559
delay = 65.9
#gates = 1047
output circuit appNtk/c7552_33_0.00183_2559_65.9.blif
time = 2453350660 us
--------------- round 34 ---------------
seed = 3908371548
maxLevel = 2147483647
n745 is replaced by one with estimated error 0.00223
error = 0.00223
high accuracy error = 0.002108
area = 2549
delay = 65.9
#gates = 1043
output circuit appNtk/c7552_34_0.00223_2549_65.9.blif
time = 2540267522 us
--------------- round 35 ---------------
seed = 4288667747
maxLevel = 2147483647
n877 is replaced by n789 with estimated error 0.00266
error = 0.00266
high accuracy error = 0.003271
area = 2532
delay = 65.9
#gates = 1037
output circuit appNtk/c7552_35_0.00266_2532_65.9.blif
time = 2606079328 us
--------------- round 36 ---------------
seed = 1315417484
maxLevel = 2147483647
n833 is replaced by n701 with estimated error 0.00346
error = 0.00346
high accuracy error = 0.003735
area = 2528
delay = 65.9
#gates = 1035
output circuit appNtk/c7552_36_0.00346_2528_65.9.blif
time = 2680756030 us
--------------- round 37 ---------------
seed = 2829269284
maxLevel = 2147483647
n834 is replaced by n698 with estimated error 0.00405
error = 0.00405
high accuracy error = 0.004246
area = 2524
delay = 65.9
#gates = 1034
output circuit appNtk/c7552_37_0.00405_2524_65.9.blif
time = 2746197876 us
--------------- round 38 ---------------
seed = 4175359257
maxLevel = 2147483647
n836 is replaced by n714 with estimated error 0.00585
error = 0.00585
high accuracy error = 0.006364
area = 2517
delay = 65.9
#gates = 1031
output circuit appNtk/c7552_38_0.00585_2517_65.9.blif
time = 2804447159 us
--------------- round 39 ---------------
seed = 1373115813
maxLevel = 2147483647
n656 is replaced by n1074 with estimated error 0.00836
error = 0.00836
high accuracy error = 0.008327
area = 2509
delay = 65.9
#gates = 1028
output circuit appNtk/c7552_39_0.00836_2509_65.9.blif
time = 2875727354 us
--------------- round 40 ---------------
seed = 2247622140
maxLevel = 2147483647
exceed error bound
