abc command read data/library/mcnc.genlib
Entered genlib library with 23 gates from file "data/library/mcnc.genlib".
abc command read_blif data/su/c7552.blif
Line 21: Skipping line ".default_input_arrival 0.00 0.00 ".
Line 22: Skipping line ".default_output_required 0.00 0.00 ".
Line 23: Skipping line ".default_input_drive 0.10 0.10 ".
Line 24: Skipping line ".default_output_load 2.00 ".
Line 25: Skipping line ".default_max_input_load 999.00 ".
abc command print_stats
[1;37mc7552                         :[0m i/o =  207/  108  lat =    0  nd =  1125  edge =   2605  area =2756.00  delay =69.40  lev = 50
--------------- round 1 ---------------
seed = 2379591363
maxLevel = 2147483647
n850 is replaced by n395 with estimated error 0
error = 0
high accuracy error = 5.1e-05
area = 2730
delay = 69.4
#gates = 1117
output circuit appNtk/c7552_1_0_2730_69.4.blif
time = 64781383 us
--------------- round 2 ---------------
seed = 1751113324
maxLevel = 2147483647
n695 is replaced by n987 with inverter with estimated error 5e-05
error = 5e-05
high accuracy error = 0.000147
area = 2724
delay = 69.4
#gates = 1115
output circuit appNtk/c7552_2_5e-05_2724_69.4.blif
time = 133586024 us
--------------- round 3 ---------------
seed = 3202628222
maxLevel = 2147483647
n1443 is replaced by zero with estimated error 2e-05
error = 2e-05
high accuracy error = 5e-05
area = 2723
delay = 69.4
#gates = 1114
output circuit appNtk/c7552_3_2e-05_2723_69.4.blif
time = 210615813 us
--------------- round 4 ---------------
seed = 3502950127
maxLevel = 2147483647
n852 is replaced by n691 with estimated error 3e-05
error = 3e-05
high accuracy error = 4.6e-05
area = 2721
delay = 69.4
#gates = 1113
output circuit appNtk/c7552_4_3e-05_2721_69.4.blif
time = 279825869 us
--------------- round 5 ---------------
seed = 3309776232
maxLevel = 2147483647
n853 is replaced by n1055 with estimated error 4e-05
error = 4e-05
high accuracy error = 8.1e-05
area = 2719
delay = 69.4
#gates = 1112
output circuit appNtk/c7552_5_4e-05_2719_69.4.blif
time = 340789340 us
--------------- round 6 ---------------
seed = 194983304
maxLevel = 2147483647
n772 is replaced by one with estimated error 9e-05
error = 9e-05
high accuracy error = 9.4e-05
area = 2694
delay = 69.4
#gates = 1101
output circuit appNtk/c7552_6_9e-05_2694_69.4.blif
time = 410449406 us
--------------- round 7 ---------------
seed = 1058216093
maxLevel = 2147483647
n688 is replaced by n594 with estimated error 6e-05
error = 6e-05
high accuracy error = 0.000143
area = 2692
delay = 69.4
#gates = 1100
output circuit appNtk/c7552_7_6e-05_2692_69.4.blif
time = 493700435 us
--------------- round 8 ---------------
seed = 1382241349
maxLevel = 2147483647
n851 is replaced by n370 with estimated error 0.00017
error = 0.00017
high accuracy error = 0.000237
area = 2689
delay = 69.4
#gates = 1098
output circuit appNtk/c7552_8_0.00017_2689_69.4.blif
time = 590545233 us
--------------- round 9 ---------------
seed = 3220896703
maxLevel = 2147483647
n855 is replaced by n680 with inverter with estimated error 0.00024
error = 0.00024
high accuracy error = 0.000351
area = 2683
delay = 69.4
#gates = 1097
output circuit appNtk/c7552_9_0.00024_2683_69.4.blif
time = 676766213 us
--------------- round 10 ---------------
seed = 1717210609
maxLevel = 2147483647
n1444 is replaced by n388 with estimated error 0.00038
error = 0.00038
high accuracy error = 0.0005
area = 2682
delay = 69.4
#gates = 1096
output circuit appNtk/c7552_10_0.00038_2682_69.4.blif
time = 765027106 us
--------------- round 11 ---------------
seed = 2020146994
maxLevel = 2147483647
n858 is replaced by n677 with estimated error 0.0005
error = 0.0005
high accuracy error = 0.000468
area = 2672
delay = 69.4
#gates = 1092
output circuit appNtk/c7552_11_0.0005_2672_69.4.blif
time = 850001034 us
--------------- round 12 ---------------
seed = 3396585457
maxLevel = 2147483647
n1169 is replaced by one with estimated error 0.0005
error = 0.0005
high accuracy error = 0.000496
area = 2663
delay = 69.4
#gates = 1089
output circuit appNtk/c7552_12_0.0005_2663_69.4.blif
time = 930888021 us
--------------- round 13 ---------------
seed = 674722616
maxLevel = 2147483647
n827 is replaced by n998 with estimated error 0.00049
error = 0.00049
high accuracy error = 0.000561
area = 2652
delay = 69.4
#gates = 1085
output circuit appNtk/c7552_13_0.00049_2652_69.4.blif
time = 1023610588 us
--------------- round 14 ---------------
seed = 1470291089
maxLevel = 2147483647
n822 is replaced by n868 with inverter with estimated error 0.00052
error = 0.00052
high accuracy error = 0.000656
area = 2643
delay = 69.4
#gates = 1082
output circuit appNtk/c7552_14_0.00052_2643_69.4.blif
time = 1103656814 us
--------------- round 15 ---------------
seed = 33724238
maxLevel = 2147483647
n823 is replaced by n868 with estimated error 0.00054
error = 0.00054
high accuracy error = 0.000595
area = 2641
delay = 69.4
#gates = 1081
output circuit appNtk/c7552_15_0.00054_2641_69.4.blif
time = 1184395076 us
--------------- round 16 ---------------
seed = 124129309
maxLevel = 2147483647
n1445 is replaced by n820 with estimated error 0.00057
error = 0.00057
high accuracy error = 0.000555
area = 2640
delay = 69.4
#gates = 1080
output circuit appNtk/c7552_16_0.00057_2640_69.4.blif
time = 1249927623 us
--------------- round 17 ---------------
seed = 3986196043
maxLevel = 2147483647
n819 is replaced by n696 with estimated error 0.00067
error = 0.00067
high accuracy error = 0.000716
area = 2636
delay = 69.4
#gates = 1079
output circuit appNtk/c7552_17_0.00067_2636_69.4.blif
time = 1335846685 us
--------------- round 18 ---------------
seed = 3355426410
maxLevel = 2147483647
n868 is replaced by zero with estimated error 0.00075
error = 0.00075
high accuracy error = 0.000714
area = 2634
delay = 69.4
#gates = 1078
output circuit appNtk/c7552_18_0.00075_2634_69.4.blif
time = 1424079647 us
--------------- round 19 ---------------
seed = 1222880097
maxLevel = 2147483647
n820 is replaced by one with estimated error 0.00072
error = 0.00072
high accuracy error = 0.000672
area = 2631
delay = 69.4
#gates = 1077
output circuit appNtk/c7552_19_0.00072_2631_69.4.blif
time = 1507846646 us
--------------- round 20 ---------------
seed = 1593278696
maxLevel = 2147483647
n1391 is replaced by n494 with estimated error 0.00075
error = 0.00075
high accuracy error = 0.000635
area = 2628
delay = 69.4
#gates = 1075
output circuit appNtk/c7552_20_0.00075_2628_69.4.blif
time = 1598494728 us
--------------- round 21 ---------------
seed = 37367976
maxLevel = 2147483647
n1335 is replaced by n1230 with estimated error 0.0005
error = 0.0005
high accuracy error = 0.000663
area = 2625
delay = 69.4
#gates = 1073
output circuit appNtk/c7552_21_0.0005_2625_69.4.blif
time = 1658636031 us
--------------- round 22 ---------------
seed = 3865497323
maxLevel = 2147483647
n1136 is replaced by n1144 with estimated error 0.00059
error = 0.00059
high accuracy error = 0.000662
area = 2622
delay = 69.4
#gates = 1072
output circuit appNtk/c7552_22_0.00059_2622_69.4.blif
time = 1749117236 us
--------------- round 23 ---------------
seed = 1400614359
maxLevel = 2147483647
n1187 is replaced by n593 with estimated error 0.00069
error = 0.00069
high accuracy error = 0.000677
area = 2620
delay = 69.4
#gates = 1071
output circuit appNtk/c7552_23_0.00069_2620_69.4.blif
time = 1827852751 us
--------------- round 24 ---------------
seed = 4280820444
maxLevel = 2147483647
n1188 is replaced by n1173 with estimated error 0.00076
error = 0.00076
high accuracy error = 0.000686
area = 2618
delay = 69.4
#gates = 1070
output circuit appNtk/c7552_24_0.00076_2618_69.4.blif
time = 1898507155 us
--------------- round 25 ---------------
seed = 3004349899
maxLevel = 2147483647
n1020 is replaced by n376 with estimated error 0.00074
error = 0.00074
high accuracy error = 0.000668
area = 2616
delay = 69.4
#gates = 1069
output circuit appNtk/c7552_25_0.00074_2616_69.4.blif
time = 1973748577 us
--------------- round 26 ---------------
seed = 2819023266
maxLevel = 2147483647
n673 is replaced by zero with estimated error 0.0006
error = 0.0006
high accuracy error = 0.000679
area = 2614
delay = 69.4
#gates = 1068
output circuit appNtk/c7552_26_0.0006_2614_69.4.blif
time = 2050855455 us
--------------- round 27 ---------------
seed = 3900224119
maxLevel = 2147483647
n588 is replaced by n418 with estimated error 0.00061
error = 0.00061
high accuracy error = 0.000635
area = 2613
delay = 65.9
#gates = 1067
output circuit appNtk/c7552_27_0.00061_2613_65.9.blif
time = 2115505900 us
--------------- round 28 ---------------
seed = 3087307597
maxLevel = 2147483647
n1341 is replaced by n1330 with estimated error 0.00071
error = 0.00071
high accuracy error = 0.000645
area = 2612
delay = 65.9
#gates = 1066
output circuit appNtk/c7552_28_0.00071_2612_65.9.blif
time = 2189676184 us
--------------- round 29 ---------------
seed = 3180115643
maxLevel = 2147483647
n1183 is replaced by n593 with estimated error 0.00061
error = 0.00061
high accuracy error = 0.000662
area = 2611
delay = 65.9
#gates = 1065
output circuit appNtk/c7552_29_0.00061_2611_65.9.blif
time = 2271763856 us
--------------- round 30 ---------------
seed = 1927769179
maxLevel = 2147483647
n872 is replaced by n789 with estimated error 0.00081
error = 0.00081
high accuracy error = 0.000713
area = 2601
delay = 65.9
#gates = 1061
output circuit appNtk/c7552_30_0.00081_2601_65.9.blif
time = 2360745637 us
--------------- round 31 ---------------
seed = 552684891
maxLevel = 2147483647
n828 is replaced by n802 with inverter with estimated error 0.00062
error = 0.00062
high accuracy error = 0.000792
area = 2599
delay = 65.9
#gates = 1061
output circuit appNtk/c7552_31_0.00062_2599_65.9.blif
time = 2452945274 us
--------------- round 32 ---------------
seed = 2314733145
maxLevel = 2147483647
n808 is replaced by n507 with estimated error 0.00066
error = 0.00066
high accuracy error = 0.000919
area = 2596
delay = 65.9
#gates = 1060
output circuit appNtk/c7552_32_0.00066_2596_65.9.blif
time = 2526508914 us
--------------- round 33 ---------------
seed = 4141271210
maxLevel = 2147483647
n829 is replaced by n806 with estimated error 0.00091
error = 0.00091
high accuracy error = 0.000873
area = 2591
delay = 65.9
#gates = 1058
output circuit appNtk/c7552_33_0.00091_2591_65.9.blif
time = 2613101433 us
--------------- round 34 ---------------
seed = 3078518084
maxLevel = 2147483647
n876 is replaced by n791 with estimated error 0.00172
error = 0.00172
high accuracy error = 0.001684
area = 2559
delay = 65.9
#gates = 1047
output circuit appNtk/c7552_34_0.00172_2559_65.9.blif
time = 2703545268 us
--------------- round 35 ---------------
seed = 879687959
maxLevel = 2147483647
n745 is replaced by one with estimated error 0.0019
error = 0.0019
high accuracy error = 0.002155
area = 2549
delay = 65.9
#gates = 1043
output circuit appNtk/c7552_35_0.0019_2549_65.9.blif
time = 2788966056 us
--------------- round 36 ---------------
seed = 3112848139
maxLevel = 2147483647
n877 is replaced by n789 with estimated error 0.00349
error = 0.00349
high accuracy error = 0.003278
area = 2532
delay = 65.9
#gates = 1037
output circuit appNtk/c7552_36_0.00349_2532_65.9.blif
time = 2871218396 us
--------------- round 37 ---------------
seed = 1990650153
maxLevel = 2147483647
n834 is replaced by n698 with estimated error 0.00433
error = 0.00433
high accuracy error = 0.004329
area = 2524
delay = 65.9
#gates = 1034
output circuit appNtk/c7552_37_0.00433_2524_65.9.blif
time = 2952385852 us
--------------- round 38 ---------------
seed = 18033640
maxLevel = 2147483647
n836 is replaced by n714 with estimated error 0.00594
error = 0.00594
high accuracy error = 0.006239
area = 2517
delay = 65.9
#gates = 1031
output circuit appNtk/c7552_38_0.00594_2517_65.9.blif
time = 3037205486 us
--------------- round 39 ---------------
seed = 474821395
maxLevel = 2147483647
n656 is replaced by n1074 with estimated error 0.00828
error = 0.00828
high accuracy error = 0.008394
area = 2509
delay = 65.9
#gates = 1028
output circuit appNtk/c7552_39_0.00828_2509_65.9.blif
time = 3125164461 us
--------------- round 40 ---------------
seed = 3301209710
maxLevel = 2147483647
n831 is replaced by n718 with estimated error 0.00997
error = 0.00997
high accuracy error = 0.01038
area = 2506
delay = 65.9
#gates = 1026
output circuit appNtk/c7552_40_0.00997_2506_65.9.blif
time = 3213566268 us
--------------- round 41 ---------------
seed = 2228152636
maxLevel = 2147483647
exceed error bound
