abc command read data/library/mcnc.genlib
Entered genlib library with 23 gates from file "data/library/mcnc.genlib".
abc command read_blif data/su/c7552.blif
Line 21: Skipping line ".default_input_arrival 0.00 0.00 ".
Line 22: Skipping line ".default_output_required 0.00 0.00 ".
Line 23: Skipping line ".default_input_drive 0.10 0.10 ".
Line 24: Skipping line ".default_output_load 2.00 ".
Line 25: Skipping line ".default_max_input_load 999.00 ".
abc command print_stats
[1;37mc7552                         :[0m i/o =  207/  108  lat =    0  nd =  1125  edge =   2605  area =2756.00  delay =69.40  lev = 50
--------------- round 1 ---------------
seed = 697976482
maxLevel = 2147483647
n850 is replaced by n1327 with estimated error 0
error = 0
high accuracy error = 6.2e-05
area = 2730
delay = 69.4
#gates = 1117
output circuit appNtk/c7552_1_0_2730_69.4.blif
time = 49126313 us
--------------- round 2 ---------------
seed = 3020110958
maxLevel = 2147483647
n770 is replaced by zero with estimated error 4e-05
error = 4e-05
high accuracy error = 5.3e-05
area = 2710
delay = 69.4
#gates = 1108
output circuit appNtk/c7552_2_4e-05_2710_69.4.blif
time = 106473466 us
--------------- round 3 ---------------
seed = 3626835607
maxLevel = 2147483647
n695 is replaced by n382 with inverter with estimated error 8e-05
error = 8e-05
high accuracy error = 0.000147
area = 2704
delay = 69.4
#gates = 1106
output circuit appNtk/c7552_3_8e-05_2704_69.4.blif
time = 165235308 us
--------------- round 4 ---------------
seed = 3678547188
maxLevel = 2147483647
n852 is replaced by one with estimated error 0.00016
error = 0.00016
high accuracy error = 0.000197
area = 2702
delay = 69.4
#gates = 1105
output circuit appNtk/c7552_4_0.00016_2702_69.4.blif
time = 225284237 us
--------------- round 5 ---------------
seed = 739250282
maxLevel = 2147483647
n854 is replaced by n520 with estimated error 0.00014
error = 0.00014
high accuracy error = 0.0003
area = 2695
delay = 69.4
#gates = 1102
output circuit appNtk/c7552_5_0.00014_2695_69.4.blif
time = 295174632 us
--------------- round 6 ---------------
seed = 2809539893
maxLevel = 2147483647
n851 is replaced by one with estimated error 0.00034
error = 0.00034
high accuracy error = 0.000314
area = 2692
delay = 69.4
#gates = 1100
output circuit appNtk/c7552_6_0.00034_2692_69.4.blif
time = 362461630 us
--------------- round 7 ---------------
seed = 124979724
maxLevel = 2147483647
n772 is replaced by one with estimated error 0.00032
error = 0.00032
high accuracy error = 0.000296
area = 2687
delay = 69.4
#gates = 1098
output circuit appNtk/c7552_7_0.00032_2687_69.4.blif
time = 432632116 us
--------------- round 8 ---------------
seed = 2313582931
maxLevel = 2147483647
n855 is replaced by n978 with estimated error 0.00024
error = 0.00024
high accuracy error = 0.000339
area = 2683
delay = 69.4
#gates = 1097
output circuit appNtk/c7552_8_0.00024_2683_69.4.blif
time = 508546280 us
--------------- round 9 ---------------
seed = 4272432672
maxLevel = 2147483647
n1169 is replaced by one with estimated error 0.00024
error = 0.00024
high accuracy error = 0.000344
area = 2674
delay = 69.4
#gates = 1094
output circuit appNtk/c7552_9_0.00024_2674_69.4.blif
time = 601961935 us
--------------- round 10 ---------------
seed = 2963462544
maxLevel = 2147483647
n1443 is replaced by n499 with estimated error 0.00032
error = 0.00032
high accuracy error = 0.000434
area = 2673
delay = 69.4
#gates = 1093
output circuit appNtk/c7552_10_0.00032_2673_69.4.blif
time = 670268078 us
--------------- round 11 ---------------
seed = 4106613951
maxLevel = 2147483647
n858 is replaced by n678 with inverter with estimated error 0.00038
error = 0.00038
high accuracy error = 0.000467
area = 2666
delay = 69.4
#gates = 1091
output circuit appNtk/c7552_11_0.00038_2666_69.4.blif
time = 743426697 us
--------------- round 12 ---------------
seed = 172687239
maxLevel = 2147483647
n1444 is replaced by n677 with estimated error 0.00044
error = 0.00044
high accuracy error = 0.000494
area = 2663
delay = 69.4
#gates = 1089
output circuit appNtk/c7552_12_0.00044_2663_69.4.blif
time = 816545975 us
--------------- round 13 ---------------
seed = 1584984322
maxLevel = 2147483647
n825 is replaced by n1075 with estimated error 0.00051
error = 0.00051
high accuracy error = 0.000509
area = 2657
delay = 69.4
#gates = 1087
output circuit appNtk/c7552_13_0.00051_2657_69.4.blif
time = 893208804 us
--------------- round 14 ---------------
seed = 1430421463
maxLevel = 2147483647
n782 is replaced by n499 with estimated error 0.0005
error = 0.0005
high accuracy error = 0.0005
area = 2655
delay = 69.4
#gates = 1086
output circuit appNtk/c7552_14_0.0005_2655_69.4.blif
time = 972572377 us
--------------- round 15 ---------------
seed = 1063132615
maxLevel = 2147483647
n827 is replaced by n620 with estimated error 0.00057
error = 0.00057
high accuracy error = 0.00056
area = 2650
delay = 69.4
#gates = 1084
output circuit appNtk/c7552_15_0.00057_2650_69.4.blif
time = 1034598764 us
--------------- round 16 ---------------
seed = 3974351564
maxLevel = 2147483647
n777 is replaced by one with estimated error 0.00058
error = 0.00058
high accuracy error = 0.000583
area = 2648
delay = 69.4
#gates = 1083
output circuit appNtk/c7552_16_0.00058_2648_69.4.blif
time = 1106975973 us
--------------- round 17 ---------------
seed = 2042066600
maxLevel = 2147483647
n822 is replaced by n405 with estimated error 0.00058
error = 0.00058
high accuracy error = 0.00059
area = 2642
delay = 69.4
#gates = 1081
output circuit appNtk/c7552_17_0.00058_2642_69.4.blif
time = 1180340669 us
--------------- round 18 ---------------
seed = 1895876210
maxLevel = 2147483647
n1391 is replaced by n494 with estimated error 0.00057
error = 0.00057
high accuracy error = 0.00058
area = 2639
delay = 69.4
#gates = 1079
output circuit appNtk/c7552_18_0.00057_2639_69.4.blif
time = 1247795207 us
--------------- round 19 ---------------
seed = 77645354
maxLevel = 2147483647
n819 is replaced by n633 with estimated error 0.00056
error = 0.00056
high accuracy error = 0.000617
area = 2635
delay = 69.4
#gates = 1078
output circuit appNtk/c7552_19_0.00056_2635_69.4.blif
time = 1325575286 us
--------------- round 20 ---------------
seed = 2967140786
maxLevel = 2147483647
n868 is replaced by zero with estimated error 0.00079
error = 0.00079
high accuracy error = 0.000679
area = 2633
delay = 69.4
#gates = 1077
output circuit appNtk/c7552_20_0.00079_2633_69.4.blif
time = 1396301720 us
--------------- round 21 ---------------
seed = 629524199
maxLevel = 2147483647
n810 is replaced by n789 with estimated error 0.00067
error = 0.00067
high accuracy error = 0.000736
area = 2627
delay = 69.4
#gates = 1075
output circuit appNtk/c7552_21_0.00067_2627_69.4.blif
time = 1461822590 us
--------------- round 22 ---------------
seed = 3934225629
maxLevel = 2147483647
n820 is replaced by one with estimated error 0.00074
error = 0.00074
high accuracy error = 0.000735
area = 2624
delay = 69.4
#gates = 1074
output circuit appNtk/c7552_22_0.00074_2624_69.4.blif
time = 1527691474 us
--------------- round 23 ---------------
seed = 1242603562
maxLevel = 2147483647
n828 is replaced by n645 with estimated error 0.00089
error = 0.00089
high accuracy error = 0.000866
area = 2621
delay = 69.4
#gates = 1073
output circuit appNtk/c7552_23_0.00089_2621_69.4.blif
time = 1584557468 us
--------------- round 24 ---------------
seed = 1044917295
maxLevel = 2147483647
n808 is replaced by n803 with estimated error 0.00086
error = 0.00086
high accuracy error = 0.000866
area = 2618
delay = 69.4
#gates = 1072
output circuit appNtk/c7552_24_0.00086_2618_69.4.blif
time = 1658836047 us
--------------- round 25 ---------------
seed = 2549151495
maxLevel = 2147483647
n872 is replaced by one with estimated error 0.0009
error = 0.0009
high accuracy error = 0.00085
area = 2614
delay = 69.4
#gates = 1070
output circuit appNtk/c7552_25_0.0009_2614_69.4.blif
time = 1742538996 us
--------------- round 26 ---------------
seed = 4005094271
maxLevel = 2147483647
n1335 is replaced by n1230 with estimated error 0.00088
error = 0.00088
high accuracy error = 0.000865
area = 2611
delay = 69.4
#gates = 1068
output circuit appNtk/c7552_26_0.00088_2611_69.4.blif
time = 1817327815 us
--------------- round 27 ---------------
seed = 2367453086
maxLevel = 2147483647
n1136 is replaced by n1144 with estimated error 0.00083
error = 0.00083
high accuracy error = 0.000872
area = 2608
delay = 69.4
#gates = 1067
output circuit appNtk/c7552_27_0.00083_2608_69.4.blif
time = 1879032769 us
--------------- round 28 ---------------
seed = 429916913
maxLevel = 2147483647
n1187 is replaced by n593 with estimated error 0.00084
error = 0.00084
high accuracy error = 0.000855
area = 2606
delay = 69.4
#gates = 1066
output circuit appNtk/c7552_28_0.00084_2606_69.4.blif
time = 1955064556 us
--------------- round 29 ---------------
seed = 2208446269
maxLevel = 2147483647
n1188 is replaced by n1173 with estimated error 0.00081
error = 0.00081
high accuracy error = 0.00084
area = 2604
delay = 69.4
#gates = 1065
output circuit appNtk/c7552_29_0.00081_2604_69.4.blif
time = 2027860490 us
--------------- round 30 ---------------
seed = 2527805300
maxLevel = 2147483647
n1020 is replaced by n376 with estimated error 0.00088
error = 0.00088
high accuracy error = 0.000878
area = 2602
delay = 69.4
#gates = 1064
output circuit appNtk/c7552_30_0.00088_2602_69.4.blif
time = 2104920112 us
--------------- round 31 ---------------
seed = 2278372014
maxLevel = 2147483647
n823 is replaced by zero with estimated error 0.00096
error = 0.00096
high accuracy error = 0.000909
area = 2600
delay = 69.4
#gates = 1063
output circuit appNtk/c7552_31_0.00096_2600_69.4.blif
time = 2188414934 us
--------------- round 32 ---------------
seed = 3722930943
maxLevel = 2147483647
n673 is replaced by zero with estimated error 0.00067
error = 0.00067
high accuracy error = 0.000942
area = 2598
delay = 69.4
#gates = 1062
output circuit appNtk/c7552_32_0.00067_2598_69.4.blif
time = 2280822976 us
--------------- round 33 ---------------
seed = 1938714667
maxLevel = 2147483647
n588 is replaced by n418 with estimated error 0.00087
error = 0.00087
high accuracy error = 0.00088
area = 2597
delay = 65.9
#gates = 1061
output circuit appNtk/c7552_33_0.00087_2597_65.9.blif
time = 2358938167 us
--------------- round 34 ---------------
seed = 1027206939
maxLevel = 2147483647
n1341 is replaced by n1330 with estimated error 0.00076
error = 0.00076
high accuracy error = 0.00088
area = 2596
delay = 65.9
#gates = 1060
output circuit appNtk/c7552_34_0.00076_2596_65.9.blif
time = 2432907750 us
--------------- round 35 ---------------
seed = 2972469962
maxLevel = 2147483647
n1183 is replaced by n593 with estimated error 0.0009
error = 0.0009
high accuracy error = 0.0009
area = 2595
delay = 65.9
#gates = 1059
output circuit appNtk/c7552_35_0.0009_2595_65.9.blif
time = 2510826510 us
--------------- round 36 ---------------
seed = 4102883283
maxLevel = 2147483647
n876 is replaced by n791 with estimated error 0.00158
error = 0.00158
high accuracy error = 0.00174
area = 2559
delay = 65.9
#gates = 1047
output circuit appNtk/c7552_36_0.00158_2559_65.9.blif
time = 2574825390 us
--------------- round 37 ---------------
seed = 3693468007
maxLevel = 2147483647
n745 is replaced by one with estimated error 0.00242
error = 0.00242
high accuracy error = 0.002205
area = 2549
delay = 65.9
#gates = 1043
output circuit appNtk/c7552_37_0.00242_2549_65.9.blif
time = 2646430157 us
--------------- round 38 ---------------
seed = 3722376257
maxLevel = 2147483647
n877 is replaced by n789 with estimated error 0.00285
error = 0.00285
high accuracy error = 0.003264
area = 2532
delay = 65.9
#gates = 1037
output circuit appNtk/c7552_38_0.00285_2532_65.9.blif
time = 2722213001 us
--------------- round 39 ---------------
seed = 1654915614
maxLevel = 2147483647
n833 is replaced by n699 with estimated error 0.00373
error = 0.00373
high accuracy error = 0.003702
area = 2528
delay = 65.9
#gates = 1035
output circuit appNtk/c7552_39_0.00373_2528_65.9.blif
time = 2799466376 us
--------------- round 40 ---------------
seed = 2541552915
maxLevel = 2147483647
n834 is replaced by n698 with estimated error 0.00444
error = 0.00444
high accuracy error = 0.004331
area = 2524
delay = 65.9
#gates = 1034
output circuit appNtk/c7552_40_0.00444_2524_65.9.blif
time = 2860357664 us
--------------- round 41 ---------------
seed = 2013365249
maxLevel = 2147483647
n656 is replaced by n1074 with estimated error 0.00633
error = 0.00633
high accuracy error = 0.006533
area = 2516
delay = 65.9
#gates = 1031
output circuit appNtk/c7552_41_0.00633_2516_65.9.blif
time = 2940970906 us
--------------- round 42 ---------------
seed = 4282554081
maxLevel = 2147483647
n836 is replaced by n714 with estimated error 0.00866
error = 0.00866
high accuracy error = 0.008538
area = 2509
delay = 65.9
#gates = 1028
output circuit appNtk/c7552_42_0.00866_2509_65.9.blif
time = 3013893384 us
--------------- round 43 ---------------
seed = 2769695447
maxLevel = 2147483647
exceed error bound
