abc command read data/library/mcnc.genlib
Entered genlib library with 23 gates from file "data/library/mcnc.genlib".
abc command read_blif data/su/c7552.blif
Line 21: Skipping line ".default_input_arrival 0.00 0.00 ".
Line 22: Skipping line ".default_output_required 0.00 0.00 ".
Line 23: Skipping line ".default_input_drive 0.10 0.10 ".
Line 24: Skipping line ".default_output_load 2.00 ".
Line 25: Skipping line ".default_max_input_load 999.00 ".
abc command print_stats
[1;37mc7552                         :[0m i/o =  207/  108  lat =    0  nd =  1125  edge =   2605  area =2756.00  delay =69.40  lev = 50
--------------- round 1 ---------------
seed = 2076528542
maxLevel = 2147483647
n850 is replaced by n487 with estimated error 0
error = 0
high accuracy error = 5.5e-05
area = 2730
delay = 69.4
#gates = 1117
output circuit appNtk/c7552_1_0_2730_69.4.blif
time = 45074779 us
--------------- round 2 ---------------
seed = 2483358128
maxLevel = 2147483647
n693 is replaced by n464 with estimated error 1e-05
error = 1e-05
high accuracy error = 6.4e-05
area = 2728
delay = 69.4
#gates = 1116
output circuit appNtk/c7552_2_1e-05_2728_69.4.blif
time = 106872209 us
--------------- round 3 ---------------
seed = 2258228084
maxLevel = 2147483647
n772 is replaced by one with estimated error 5e-05
error = 5e-05
high accuracy error = 6e-05
area = 2703
delay = 69.4
#gates = 1105
output circuit appNtk/c7552_3_5e-05_2703_69.4.blif
time = 171318900 us
--------------- round 4 ---------------
seed = 3223440759
maxLevel = 2147483647
n853 is replaced by n1055 with estimated error 2e-05
error = 2e-05
high accuracy error = 9.6e-05
area = 2701
delay = 69.4
#gates = 1104
output circuit appNtk/c7552_4_2e-05_2701_69.4.blif
time = 258598564 us
--------------- round 5 ---------------
seed = 1439588149
maxLevel = 2147483647
n852 is replaced by n521 with estimated error 5e-05
error = 5e-05
high accuracy error = 0.000139
area = 2699
delay = 69.4
#gates = 1103
output circuit appNtk/c7552_5_5e-05_2699_69.4.blif
time = 343888011 us
--------------- round 6 ---------------
seed = 6899289
maxLevel = 2147483647
n688 is replaced by n434 with estimated error 0.00012
error = 0.00012
high accuracy error = 0.000181
area = 2697
delay = 69.4
#gates = 1102
output circuit appNtk/c7552_6_0.00012_2697_69.4.blif
time = 439152907 us
--------------- round 7 ---------------
seed = 2143128213
maxLevel = 2147483647
n854 is replaced by n435 with estimated error 0.00018
error = 0.00018
high accuracy error = 0.000247
area = 2694
delay = 69.4
#gates = 1101
output circuit appNtk/c7552_7_0.00018_2694_69.4.blif
time = 531342371 us
--------------- round 8 ---------------
seed = 2877622435
maxLevel = 2147483647
n855 is replaced by n681 with estimated error 0.00017
error = 0.00017
high accuracy error = 0.000267
area = 2689
delay = 69.4
#gates = 1099
output circuit appNtk/c7552_8_0.00017_2689_69.4.blif
time = 605128334 us
--------------- round 9 ---------------
seed = 1005261372
maxLevel = 2147483647
n695 is replaced by zero with estimated error 0.00028
error = 0.00028
high accuracy error = 0.000215
area = 2682
delay = 69.4
#gates = 1096
output circuit appNtk/c7552_9_0.00028_2682_69.4.blif
time = 670511825 us
--------------- round 10 ---------------
seed = 2887063159
maxLevel = 2147483647
n827 is replaced by n574 with estimated error 0.00026
error = 0.00026
high accuracy error = 0.000333
area = 2671
delay = 69.4
#gates = 1092
output circuit appNtk/c7552_10_0.00026_2671_69.4.blif
time = 755252599 us
--------------- round 11 ---------------
seed = 94437460
maxLevel = 2147483647
n1169 is replaced by one with estimated error 0.00027
error = 0.00027
high accuracy error = 0.000305
area = 2662
delay = 69.4
#gates = 1089
output circuit appNtk/c7552_11_0.00027_2662_69.4.blif
time = 841980122 us
--------------- round 12 ---------------
seed = 3487474530
maxLevel = 2147483647
n1391 is replaced by n494 with estimated error 0.00034
error = 0.00034
high accuracy error = 0.00033
area = 2659
delay = 69.4
#gates = 1087
output circuit appNtk/c7552_12_0.00034_2659_69.4.blif
time = 924303339 us
--------------- round 13 ---------------
seed = 185538111
maxLevel = 2147483647
n777 is replaced by n462 with estimated error 0.0003
error = 0.0003
high accuracy error = 0.000307
area = 2657
delay = 69.4
#gates = 1086
output circuit appNtk/c7552_13_0.0003_2657_69.4.blif
time = 1017441737 us
--------------- round 14 ---------------
seed = 3595342996
maxLevel = 2147483647
n822 is replaced by n820 with estimated error 0.00029
error = 0.00029
high accuracy error = 0.00031
area = 2649
delay = 69.4
#gates = 1083
output circuit appNtk/c7552_14_0.00029_2649_69.4.blif
time = 1087062094 us
--------------- round 15 ---------------
seed = 3522525529
maxLevel = 2147483647
n823 is replaced by n868 with estimated error 0.00041
error = 0.00041
high accuracy error = 0.000343
area = 2647
delay = 69.4
#gates = 1082
output circuit appNtk/c7552_15_0.00041_2647_69.4.blif
time = 1155196429 us
--------------- round 16 ---------------
seed = 1671682500
maxLevel = 2147483647
n1335 is replaced by n1230 with estimated error 0.00028
error = 0.00028
high accuracy error = 0.000338
area = 2644
delay = 69.4
#gates = 1080
output circuit appNtk/c7552_16_0.00028_2644_69.4.blif
time = 1243332215 us
--------------- round 17 ---------------
seed = 565234351
maxLevel = 2147483647
n1136 is replaced by n1144 with estimated error 0.00024
error = 0.00024
high accuracy error = 0.000334
area = 2641
delay = 69.4
#gates = 1079
output circuit appNtk/c7552_17_0.00024_2641_69.4.blif
time = 1328867431 us
--------------- round 18 ---------------
seed = 2054620702
maxLevel = 2147483647
n1187 is replaced by n593 with estimated error 0.00039
error = 0.00039
high accuracy error = 0.000342
area = 2639
delay = 69.4
#gates = 1078
output circuit appNtk/c7552_18_0.00039_2639_69.4.blif
time = 1399144907 us
--------------- round 19 ---------------
seed = 3824253801
maxLevel = 2147483647
n1188 is replaced by n1173 with estimated error 0.00039
error = 0.00039
high accuracy error = 0.000332
area = 2637
delay = 69.4
#gates = 1077
output circuit appNtk/c7552_19_0.00039_2637_69.4.blif
time = 1473257757 us
--------------- round 20 ---------------
seed = 147741158
maxLevel = 2147483647
n1020 is replaced by n376 with estimated error 0.00037
error = 0.00037
high accuracy error = 0.000341
area = 2635
delay = 69.4
#gates = 1076
output circuit appNtk/c7552_20_0.00037_2635_69.4.blif
time = 1563906387 us
--------------- round 21 ---------------
seed = 3771663205
maxLevel = 2147483647
n588 is replaced by n418 with estimated error 0.00037
error = 0.00037
high accuracy error = 0.000359
area = 2634
delay = 65.9
#gates = 1075
output circuit appNtk/c7552_21_0.00037_2634_65.9.blif
time = 1652378497 us
--------------- round 22 ---------------
seed = 3782920938
maxLevel = 2147483647
n1341 is replaced by n1330 with estimated error 0.00029
error = 0.00029
high accuracy error = 0.000338
area = 2633
delay = 65.9
#gates = 1074
output circuit appNtk/c7552_22_0.00029_2633_65.9.blif
time = 1727854134 us
--------------- round 23 ---------------
seed = 4137839283
maxLevel = 2147483647
n819 is replaced by n522 with estimated error 0.00029
error = 0.00029
high accuracy error = 0.000481
area = 2629
delay = 65.9
#gates = 1073
output circuit appNtk/c7552_23_0.00029_2629_65.9.blif
time = 1808249475 us
--------------- round 24 ---------------
seed = 1325242162
maxLevel = 2147483647
n820 is replaced by n789 with estimated error 0.00047
error = 0.00047
high accuracy error = 0.000409
area = 2626
delay = 65.9
#gates = 1072
output circuit appNtk/c7552_24_0.00047_2626_65.9.blif
time = 1880388787 us
--------------- round 25 ---------------
seed = 386592584
maxLevel = 2147483647
n673 is replaced by zero with estimated error 0.00048
error = 0.00048
high accuracy error = 0.000386
area = 2624
delay = 65.9
#gates = 1071
output circuit appNtk/c7552_25_0.00048_2624_65.9.blif
time = 1959766332 us
--------------- round 26 ---------------
seed = 2787378780
maxLevel = 2147483647
n868 is replaced by zero with estimated error 0.00029
error = 0.00029
high accuracy error = 0.000422
area = 2622
delay = 65.9
#gates = 1070
output circuit appNtk/c7552_26_0.00029_2622_65.9.blif
time = 2041829201 us
--------------- round 27 ---------------
seed = 2304767480
maxLevel = 2147483647
n1183 is replaced by n593 with estimated error 0.00052
error = 0.00052
high accuracy error = 0.000435
area = 2621
delay = 65.9
#gates = 1069
output circuit appNtk/c7552_27_0.00052_2621_65.9.blif
time = 2107462206 us
--------------- round 28 ---------------
seed = 1711925520
maxLevel = 2147483647
n809 is replaced by n806 with estimated error 0.00044
error = 0.00044
high accuracy error = 0.000496
area = 2618
delay = 65.9
#gates = 1068
output circuit appNtk/c7552_28_0.00044_2618_65.9.blif
time = 2157692436 us
--------------- round 29 ---------------
seed = 417063968
maxLevel = 2147483647
n871 is replaced by n412 with estimated error 0.00047
error = 0.00047
high accuracy error = 0.000664
area = 2614
delay = 65.9
#gates = 1066
output circuit appNtk/c7552_29_0.00047_2614_65.9.blif
time = 2235997524 us
--------------- round 30 ---------------
seed = 29222227
maxLevel = 2147483647
n872 is replaced by one with estimated error 0.00047
error = 0.00047
high accuracy error = 0.000574
area = 2611
delay = 65.9
#gates = 1065
output circuit appNtk/c7552_30_0.00047_2611_65.9.blif
time = 2317210798 us
--------------- round 31 ---------------
seed = 1141213645
maxLevel = 2147483647
n678 is replaced by n768 with estimated error 0.00059
error = 0.00059
high accuracy error = 0.000756
area = 2609
delay = 65.9
#gates = 1064
output circuit appNtk/c7552_31_0.00059_2609_65.9.blif
time = 2394167775 us
--------------- round 32 ---------------
seed = 174671761
maxLevel = 2147483647
n858 is replaced by n677 with estimated error 0.00076
error = 0.00076
high accuracy error = 0.000761
area = 2601
delay = 65.9
#gates = 1061
output circuit appNtk/c7552_32_0.00076_2601_65.9.blif
time = 2492036222 us
--------------- round 33 ---------------
seed = 1696650997
maxLevel = 2147483647
n808 is replaced by n573 with estimated error 0.00097
error = 0.00097
high accuracy error = 0.000939
area = 2598
delay = 65.9
#gates = 1060
output circuit appNtk/c7552_33_0.00097_2598_65.9.blif
time = 2562487026 us
--------------- round 34 ---------------
seed = 1376371713
maxLevel = 2147483647
n828 is replaced by n807 with estimated error 0.00106
error = 0.00106
high accuracy error = 0.00087
area = 2595
delay = 65.9
#gates = 1059
output circuit appNtk/c7552_34_0.00106_2595_65.9.blif
time = 2643750516 us
--------------- round 35 ---------------
seed = 2141166384
maxLevel = 2147483647
n876 is replaced by n791 with estimated error 0.00172
error = 0.00172
high accuracy error = 0.001693
area = 2559
delay = 65.9
#gates = 1047
output circuit appNtk/c7552_35_0.00172_2559_65.9.blif
time = 2718470394 us
--------------- round 36 ---------------
seed = 1502401633
maxLevel = 2147483647
n745 is replaced by one with estimated error 0.00209
error = 0.00209
high accuracy error = 0.002221
area = 2549
delay = 65.9
#gates = 1043
output circuit appNtk/c7552_36_0.00209_2549_65.9.blif
time = 2776610654 us
--------------- round 37 ---------------
seed = 1312010951
maxLevel = 2147483647
n877 is replaced by n789 with estimated error 0.00361
error = 0.00361
high accuracy error = 0.003272
area = 2532
delay = 65.9
#gates = 1037
output circuit appNtk/c7552_37_0.00361_2532_65.9.blif
time = 2859792592 us
--------------- round 38 ---------------
seed = 1695036552
maxLevel = 2147483647
n833 is replaced by n699 with estimated error 0.00352
error = 0.00352
high accuracy error = 0.003797
area = 2528
delay = 65.9
#gates = 1035
output circuit appNtk/c7552_38_0.00352_2528_65.9.blif
time = 2932610746 us
--------------- round 39 ---------------
seed = 3993234741
maxLevel = 2147483647
n834 is replaced by n698 with estimated error 0.00467
error = 0.00467
high accuracy error = 0.004221
area = 2524
delay = 65.9
#gates = 1034
output circuit appNtk/c7552_39_0.00467_2524_65.9.blif
time = 3013012205 us
--------------- round 40 ---------------
seed = 3315651661
maxLevel = 2147483647
n656 is replaced by n1074 with estimated error 0.00627
error = 0.00627
high accuracy error = 0.006403
area = 2516
delay = 65.9
#gates = 1031
output circuit appNtk/c7552_40_0.00627_2516_65.9.blif
time = 3078293336 us
--------------- round 41 ---------------
seed = 1528972150
maxLevel = 2147483647
n836 is replaced by n711 with estimated error 0.00878
error = 0.00878
high accuracy error = 0.008358
area = 2509
delay = 65.9
#gates = 1028
output circuit appNtk/c7552_41_0.00878_2509_65.9.blif
time = 3142994875 us
--------------- round 42 ---------------
seed = 1211415921
maxLevel = 2147483647
exceed error bound
