abc command read data/library/mcnc.genlib
Entered genlib library with 23 gates from file "data/library/mcnc.genlib".
abc command read_blif data/su/c7552.blif
Line 21: Skipping line ".default_input_arrival 0.00 0.00 ".
Line 22: Skipping line ".default_output_required 0.00 0.00 ".
Line 23: Skipping line ".default_input_drive 0.10 0.10 ".
Line 24: Skipping line ".default_output_load 2.00 ".
Line 25: Skipping line ".default_max_input_load 999.00 ".
abc command print_stats
[1;37mc7552                         :[0m i/o =  207/  108  lat =    0  nd =  1125  edge =   2605  area =2756.00  delay =69.40  lev = 50
--------------- round 1 ---------------
seed = 2704647150
maxLevel = 2147483647
n849 is replaced by n434 with estimated error 0
error = 0
high accuracy error = 2.7e-05
area = 2736
delay = 69.4
#gates = 1119
output circuit appNtk/c7552_1_0_2736_69.4.blif
time = 73497005 us
--------------- round 2 ---------------
seed = 3569592339
maxLevel = 2147483647
n770 is replaced by n390 with estimated error 3e-05
error = 3e-05
high accuracy error = 3e-05
area = 2719
delay = 69.4
#gates = 1112
output circuit appNtk/c7552_2_3e-05_2719_69.4.blif
time = 136042249 us
--------------- round 3 ---------------
seed = 3651672977
maxLevel = 2147483647
n850 is replaced by n507 with estimated error 4e-05
error = 4e-05
high accuracy error = 6.2e-05
area = 2710
delay = 69.4
#gates = 1108
output circuit appNtk/c7552_3_4e-05_2710_69.4.blif
time = 199061616 us
--------------- round 4 ---------------
seed = 755837314
maxLevel = 2147483647
n693 is replaced by n501 with estimated error 2e-05
error = 2e-05
high accuracy error = 0.000102
area = 2708
delay = 69.4
#gates = 1107
output circuit appNtk/c7552_4_2e-05_2708_69.4.blif
time = 264078666 us
--------------- round 5 ---------------
seed = 2401287170
maxLevel = 2147483647
n695 is replaced by zero with estimated error 7e-05
error = 7e-05
high accuracy error = 6.1e-05
area = 2703
delay = 69.4
#gates = 1105
output circuit appNtk/c7552_5_7e-05_2703_69.4.blif
time = 335024249 us
--------------- round 6 ---------------
seed = 3590483389
maxLevel = 2147483647
n853 is replaced by n1055 with estimated error 6e-05
error = 6e-05
high accuracy error = 9.1e-05
area = 2701
delay = 69.4
#gates = 1104
output circuit appNtk/c7552_6_6e-05_2701_69.4.blif
time = 406306487 us
--------------- round 7 ---------------
seed = 388019159
maxLevel = 2147483647
n854 is replaced by n687 with estimated error 9e-05
error = 9e-05
high accuracy error = 0.000118
area = 2694
delay = 69.4
#gates = 1101
output circuit appNtk/c7552_7_9e-05_2694_69.4.blif
time = 453121685 us
--------------- round 8 ---------------
seed = 1976781133
maxLevel = 2147483647
n1169 is replaced by one with estimated error 0.0001
error = 0.0001
high accuracy error = 0.000106
area = 2685
delay = 69.4
#gates = 1098
output circuit appNtk/c7552_8_0.0001_2685_69.4.blif
time = 514931217 us
--------------- round 9 ---------------
seed = 3141817649
maxLevel = 2147483647
n822 is replaced by n405 with estimated error 0.00017
error = 0.00017
high accuracy error = 0.00015
area = 2679
delay = 69.4
#gates = 1096
output circuit appNtk/c7552_9_0.00017_2679_69.4.blif
time = 583623802 us
--------------- round 10 ---------------
seed = 1167549005
maxLevel = 2147483647
n825 is replaced by n689 with inverter with estimated error 0.00021
error = 0.00021
high accuracy error = 0.000173
area = 2672
delay = 69.4
#gates = 1094
output circuit appNtk/c7552_10_0.00021_2672_69.4.blif
time = 654367737 us
--------------- round 11 ---------------
seed = 4269127231
maxLevel = 2147483647
n827 is replaced by n430 with estimated error 0.00017
error = 0.00017
high accuracy error = 0.00021
area = 2664
delay = 69.4
#gates = 1090
output circuit appNtk/c7552_11_0.00017_2664_69.4.blif
time = 715905862 us
--------------- round 12 ---------------
seed = 653749265
maxLevel = 2147483647
n772 is replaced by one with estimated error 0.00018
error = 0.00018
high accuracy error = 0.000213
area = 2659
delay = 69.4
#gates = 1088
output circuit appNtk/c7552_12_0.00018_2659_69.4.blif
time = 773402277 us
--------------- round 13 ---------------
seed = 2641062629
maxLevel = 2147483647
n851 is replaced by n437 with estimated error 0.00026
error = 0.00026
high accuracy error = 0.000334
area = 2656
delay = 69.4
#gates = 1086
output circuit appNtk/c7552_13_0.00026_2656_69.4.blif
time = 857981663 us
--------------- round 14 ---------------
seed = 1604326777
maxLevel = 2147483647
n1391 is replaced by n494 with estimated error 0.00022
error = 0.00022
high accuracy error = 0.000349
area = 2653
delay = 69.4
#gates = 1084
output circuit appNtk/c7552_14_0.00022_2653_69.4.blif
time = 926307335 us
--------------- round 15 ---------------
seed = 356969615
maxLevel = 2147483647
n855 is replaced by n1054 with estimated error 0.00022
error = 0.00022
high accuracy error = 0.000308
area = 2649
delay = 69.4
#gates = 1083
output circuit appNtk/c7552_15_0.00022_2649_69.4.blif
time = 997998925 us
--------------- round 16 ---------------
seed = 3481198123
maxLevel = 2147483647
n1335 is replaced by n1230 with estimated error 0.00022
error = 0.00022
high accuracy error = 0.00034
area = 2646
delay = 69.4
#gates = 1081
output circuit appNtk/c7552_16_0.00022_2646_69.4.blif
time = 1082478644 us
--------------- round 17 ---------------
seed = 1469797213
maxLevel = 2147483647
n1136 is replaced by n1144 with estimated error 0.00042
error = 0.00042
high accuracy error = 0.000316
area = 2643
delay = 69.4
#gates = 1080
output circuit appNtk/c7552_17_0.00042_2643_69.4.blif
time = 1164448280 us
--------------- round 18 ---------------
seed = 1439848646
maxLevel = 2147483647
n1187 is replaced by n593 with estimated error 0.0003
error = 0.0003
high accuracy error = 0.000301
area = 2641
delay = 69.4
#gates = 1079
output circuit appNtk/c7552_18_0.0003_2641_69.4.blif
time = 1227699908 us
--------------- round 19 ---------------
seed = 621744476
maxLevel = 2147483647
n819 is replaced by n329 with estimated error 0.00035
error = 0.00035
high accuracy error = 0.000398
area = 2637
delay = 69.4
#gates = 1078
output circuit appNtk/c7552_19_0.00035_2637_69.4.blif
time = 1305159236 us
--------------- round 20 ---------------
seed = 807485531
maxLevel = 2147483647
n820 is replaced by n789 with estimated error 0.00036
error = 0.00036
high accuracy error = 0.000409
area = 2634
delay = 69.4
#gates = 1077
output circuit appNtk/c7552_20_0.00036_2634_69.4.blif
time = 1388720742 us
--------------- round 21 ---------------
seed = 3909072969
maxLevel = 2147483647
n1188 is replaced by n1173 with estimated error 0.00043
error = 0.00043
high accuracy error = 0.000411
area = 2632
delay = 69.4
#gates = 1076
output circuit appNtk/c7552_21_0.00043_2632_69.4.blif
time = 1471808587 us
--------------- round 22 ---------------
seed = 2321106287
maxLevel = 2147483647
n1020 is replaced by n376 with estimated error 0.00051
error = 0.00051
high accuracy error = 0.000421
area = 2630
delay = 69.4
#gates = 1075
output circuit appNtk/c7552_22_0.00051_2630_69.4.blif
time = 1551463972 us
--------------- round 23 ---------------
seed = 3422390414
maxLevel = 2147483647
n823 is replaced by zero with estimated error 0.00053
error = 0.00053
high accuracy error = 0.000374
area = 2628
delay = 69.4
#gates = 1074
output circuit appNtk/c7552_23_0.00053_2628_69.4.blif
time = 1620576024 us
--------------- round 24 ---------------
seed = 462376784
maxLevel = 2147483647
n673 is replaced by zero with estimated error 0.00048
error = 0.00048
high accuracy error = 0.000385
area = 2626
delay = 69.4
#gates = 1073
output circuit appNtk/c7552_24_0.00048_2626_69.4.blif
time = 1699944673 us
--------------- round 25 ---------------
seed = 3376290686
maxLevel = 2147483647
n868 is replaced by zero with estimated error 0.00048
error = 0.00048
high accuracy error = 0.000418
area = 2624
delay = 69.4
#gates = 1072
output circuit appNtk/c7552_25_0.00048_2624_69.4.blif
time = 1782700517 us
--------------- round 26 ---------------
seed = 2822743440
maxLevel = 2147483647
n588 is replaced by n418 with estimated error 0.00035
error = 0.00035
high accuracy error = 0.000389
area = 2623
delay = 65.9
#gates = 1071
output circuit appNtk/c7552_26_0.00035_2623_65.9.blif
time = 1866726954 us
--------------- round 27 ---------------
seed = 4137053230
maxLevel = 2147483647
n828 is replaced by n802 with inverter with estimated error 0.00046
error = 0.00046
high accuracy error = 0.000479
area = 2621
delay = 65.9
#gates = 1071
output circuit appNtk/c7552_27_0.00046_2621_65.9.blif
time = 1943623452 us
--------------- round 28 ---------------
seed = 133617004
maxLevel = 2147483647
n1341 is replaced by n1330 with estimated error 0.0004
error = 0.0004
high accuracy error = 0.000475
area = 2620
delay = 65.9
#gates = 1070
output circuit appNtk/c7552_28_0.0004_2620_65.9.blif
time = 2022727494 us
--------------- round 29 ---------------
seed = 1698230200
maxLevel = 2147483647
n1183 is replaced by n593 with estimated error 0.00046
error = 0.00046
high accuracy error = 0.000478
area = 2619
delay = 65.9
#gates = 1069
output circuit appNtk/c7552_29_0.00046_2619_65.9.blif
time = 2108230678 us
--------------- round 30 ---------------
seed = 59954083
maxLevel = 2147483647
n872 is replaced by n789 with estimated error 0.00047
error = 0.00047
high accuracy error = 0.000504
area = 2609
delay = 65.9
#gates = 1065
output circuit appNtk/c7552_30_0.00047_2609_65.9.blif
time = 2190682197 us
--------------- round 31 ---------------
seed = 3810888044
maxLevel = 2147483647
n808 is replaced by n1018 with estimated error 0.00058
error = 0.00058
high accuracy error = 0.000589
area = 2606
delay = 65.9
#gates = 1064
output circuit appNtk/c7552_31_0.00058_2606_65.9.blif
time = 2277570962 us
--------------- round 32 ---------------
seed = 3472450415
maxLevel = 2147483647
n829 is replaced by n806 with estimated error 0.0006
error = 0.0006
high accuracy error = 0.000623
area = 2601
delay = 65.9
#gates = 1062
output circuit appNtk/c7552_32_0.0006_2601_65.9.blif
time = 2327245899 us
--------------- round 33 ---------------
seed = 315714276
maxLevel = 2147483647
n858 is replaced by n677 with estimated error 0.00084
error = 0.00084
high accuracy error = 0.0009
area = 2591
delay = 65.9
#gates = 1058
output circuit appNtk/c7552_33_0.00084_2591_65.9.blif
time = 2409233309 us
--------------- round 34 ---------------
seed = 844558545
maxLevel = 2147483647
n876 is replaced by n791 with estimated error 0.0018
error = 0.0018
high accuracy error = 0.001613
area = 2559
delay = 65.9
#gates = 1047
output circuit appNtk/c7552_34_0.0018_2559_65.9.blif
time = 2493634340 us
--------------- round 35 ---------------
seed = 1456397582
maxLevel = 2147483647
n745 is replaced by one with estimated error 0.00243
error = 0.00243
high accuracy error = 0.002206
area = 2549
delay = 65.9
#gates = 1043
output circuit appNtk/c7552_35_0.00243_2549_65.9.blif
time = 2574341938 us
--------------- round 36 ---------------
seed = 1551169235
maxLevel = 2147483647
n877 is replaced by n789 with estimated error 0.00336
error = 0.00336
high accuracy error = 0.003254
area = 2532
delay = 65.9
#gates = 1037
output circuit appNtk/c7552_36_0.00336_2532_65.9.blif
time = 2653523150 us
--------------- round 37 ---------------
seed = 59487038
maxLevel = 2147483647
n833 is replaced by n701 with estimated error 0.0032
error = 0.0032
high accuracy error = 0.003879
area = 2528
delay = 65.9
#gates = 1035
output circuit appNtk/c7552_37_0.0032_2528_65.9.blif
time = 2732014534 us
--------------- round 38 ---------------
seed = 489425500
maxLevel = 2147483647
n834 is replaced by n698 with estimated error 0.00447
error = 0.00447
high accuracy error = 0.004171
area = 2524
delay = 65.9
#gates = 1034
output circuit appNtk/c7552_38_0.00447_2524_65.9.blif
time = 2804325394 us
--------------- round 39 ---------------
seed = 1296958928
maxLevel = 2147483647
n836 is replaced by n711 with estimated error 0.00613
error = 0.00613
high accuracy error = 0.006126
area = 2517
delay = 65.9
#gates = 1031
output circuit appNtk/c7552_39_0.00613_2517_65.9.blif
time = 2883686818 us
--------------- round 40 ---------------
seed = 1638733812
maxLevel = 2147483647
n656 is replaced by n1074 with estimated error 0.00858
error = 0.00858
high accuracy error = 0.008417
area = 2509
delay = 65.9
#gates = 1028
output circuit appNtk/c7552_40_0.00858_2509_65.9.blif
time = 2943435380 us
--------------- round 41 ---------------
seed = 2411801262
maxLevel = 2147483647
exceed error bound
