abc command read data/library/mcnc.genlib
Entered genlib library with 23 gates from file "data/library/mcnc.genlib".
abc command read_blif data/su/c7552.blif
Line 21: Skipping line ".default_input_arrival 0.00 0.00 ".
Line 22: Skipping line ".default_output_required 0.00 0.00 ".
Line 23: Skipping line ".default_input_drive 0.10 0.10 ".
Line 24: Skipping line ".default_output_load 2.00 ".
Line 25: Skipping line ".default_max_input_load 999.00 ".
abc command print_stats
[1;37mc7552                         :[0m i/o =  207/  108  lat =    0  nd =  1125  edge =   2605  area =2756.00  delay =69.40  lev = 50
--------------- round 1 ---------------
seed = 2391856231
maxLevel = 2147483647
n849 is replaced by n428 with estimated error 0
error = 0
high accuracy error = 2.6e-05
area = 2736
delay = 69.4
#gates = 1119
output circuit appNtk/c7552_1_0_2736_69.4.blif
time = 68954114 us
--------------- round 2 ---------------
seed = 2697859713
maxLevel = 2147483647
n850 is replaced by n520 with estimated error 0
error = 0
high accuracy error = 4.9e-05
area = 2730
delay = 69.4
#gates = 1117
output circuit appNtk/c7552_2_0_2730_69.4.blif
time = 137585411 us
--------------- round 3 ---------------
seed = 2030374894
maxLevel = 2147483647
n695 is replaced by zero with estimated error 5e-05
error = 5e-05
high accuracy error = 6.9e-05
area = 2723
delay = 69.4
#gates = 1114
output circuit appNtk/c7552_3_5e-05_2723_69.4.blif
time = 202046715 us
--------------- round 4 ---------------
seed = 3334967737
maxLevel = 2147483647
n852 is replaced by n450 with estimated error 6e-05
error = 6e-05
high accuracy error = 0.000129
area = 2721
delay = 69.4
#gates = 1113
output circuit appNtk/c7552_4_6e-05_2721_69.4.blif
time = 276542946 us
--------------- round 5 ---------------
seed = 3801319110
maxLevel = 2147483647
n688 is replaced by n381 with estimated error 9e-05
error = 9e-05
high accuracy error = 0.000151
area = 2719
delay = 69.4
#gates = 1112
output circuit appNtk/c7552_5_9e-05_2719_69.4.blif
time = 344528376 us
--------------- round 6 ---------------
seed = 220948869
maxLevel = 2147483647
n854 is replaced by n687 with estimated error 0.00012
error = 0.00012
high accuracy error = 0.000104
area = 2714
delay = 69.4
#gates = 1110
output circuit appNtk/c7552_6_0.00012_2714_69.4.blif
time = 410792603 us
--------------- round 7 ---------------
seed = 292310236
maxLevel = 2147483647
n772 is replaced by one with estimated error 8e-05
error = 8e-05
high accuracy error = 0.000121
area = 2689
delay = 69.4
#gates = 1099
output circuit appNtk/c7552_7_8e-05_2689_69.4.blif
time = 470168120 us
--------------- round 8 ---------------
seed = 2234880948
maxLevel = 2147483647
n1169 is replaced by one with estimated error 0.00012
error = 0.00012
high accuracy error = 0.000117
area = 2680
delay = 69.4
#gates = 1096
output circuit appNtk/c7552_8_0.00012_2680_69.4.blif
time = 546446347 us
--------------- round 9 ---------------
seed = 2511098445
maxLevel = 2147483647
n822 is replaced by one with estimated error 0.00011
error = 0.00011
high accuracy error = 0.000125
area = 2674
delay = 69.4
#gates = 1094
output circuit appNtk/c7552_9_0.00011_2674_69.4.blif
time = 625028745 us
--------------- round 10 ---------------
seed = 2767227079
maxLevel = 2147483647
n851 is replaced by n500 with estimated error 0.0001
error = 0.0001
high accuracy error = 0.000245
area = 2671
delay = 69.4
#gates = 1092
output circuit appNtk/c7552_10_0.0001_2671_69.4.blif
time = 708843199 us
--------------- round 11 ---------------
seed = 501641162
maxLevel = 2147483647
n825 is replaced by n421 with estimated error 0.00017
error = 0.00017
high accuracy error = 0.000232
area = 2663
delay = 69.4
#gates = 1089
output circuit appNtk/c7552_11_0.00017_2663_69.4.blif
time = 777532536 us
--------------- round 12 ---------------
seed = 1614994655
maxLevel = 2147483647
n827 is replaced by n781 with estimated error 0.00021
error = 0.00021
high accuracy error = 0.000244
area = 2656
delay = 69.4
#gates = 1086
output circuit appNtk/c7552_12_0.00021_2656_69.4.blif
time = 852180070 us
--------------- round 13 ---------------
seed = 3550366004
maxLevel = 2147483647
n1391 is replaced by n494 with estimated error 0.00033
error = 0.00033
high accuracy error = 0.000239
area = 2653
delay = 69.4
#gates = 1084
output circuit appNtk/c7552_13_0.00033_2653_69.4.blif
time = 944721833 us
--------------- round 14 ---------------
seed = 1481086121
maxLevel = 2147483647
n1335 is replaced by n1230 with estimated error 0.00026
error = 0.00026
high accuracy error = 0.000253
area = 2650
delay = 69.4
#gates = 1082
output circuit appNtk/c7552_14_0.00026_2650_69.4.blif
time = 1034351375 us
--------------- round 15 ---------------
seed = 4015123013
maxLevel = 2147483647
n855 is replaced by n1054 with estimated error 0.00026
error = 0.00026
high accuracy error = 0.000283
area = 2646
delay = 69.4
#gates = 1081
output circuit appNtk/c7552_15_0.00026_2646_69.4.blif
time = 1125653116 us
--------------- round 16 ---------------
seed = 3190320379
maxLevel = 2147483647
n1136 is replaced by n1144 with estimated error 0.00025
error = 0.00025
high accuracy error = 0.000309
area = 2643
delay = 69.4
#gates = 1080
output circuit appNtk/c7552_16_0.00025_2643_69.4.blif
time = 1214205705 us
--------------- round 17 ---------------
seed = 4076595957
maxLevel = 2147483647
n1187 is replaced by n593 with estimated error 0.00029
error = 0.00029
high accuracy error = 0.000282
area = 2641
delay = 69.4
#gates = 1079
output circuit appNtk/c7552_17_0.00029_2641_69.4.blif
time = 1305998924 us
--------------- round 18 ---------------
seed = 2597134725
maxLevel = 2147483647
n819 is replaced by n811 with estimated error 0.00033
error = 0.00033
high accuracy error = 0.000401
area = 2637
delay = 69.4
#gates = 1078
output circuit appNtk/c7552_18_0.00033_2637_69.4.blif
time = 1382093578 us
--------------- round 19 ---------------
seed = 2659653832
maxLevel = 2147483647
n820 is replaced by n405 with estimated error 0.00041
error = 0.00041
high accuracy error = 0.000379
area = 2634
delay = 69.4
#gates = 1077
output circuit appNtk/c7552_19_0.00041_2634_69.4.blif
time = 1476741932 us
--------------- round 20 ---------------
seed = 2686859754
maxLevel = 2147483647
n868 is replaced by n789 with inverter with estimated error 0.00036
error = 0.00036
high accuracy error = 0.000389
area = 2633
delay = 69.4
#gates = 1077
output circuit appNtk/c7552_20_0.00036_2633_69.4.blif
time = 1570270700 us
--------------- round 21 ---------------
seed = 2801137103
maxLevel = 2147483647
n1443 is replaced by zero with estimated error 0.00033
error = 0.00033
high accuracy error = 0.00043
area = 2632
delay = 69.4
#gates = 1076
output circuit appNtk/c7552_21_0.00033_2632_69.4.blif
time = 1646608720 us
--------------- round 22 ---------------
seed = 1008528149
maxLevel = 2147483647
n1188 is replaced by n1173 with estimated error 0.00028
error = 0.00028
high accuracy error = 0.000417
area = 2630
delay = 69.4
#gates = 1075
output circuit appNtk/c7552_22_0.00028_2630_69.4.blif
time = 1738044575 us
--------------- round 23 ---------------
seed = 1955335105
maxLevel = 2147483647
n872 is replaced by n789 with estimated error 0.00047
error = 0.00047
high accuracy error = 0.000475
area = 2620
delay = 69.4
#gates = 1071
output circuit appNtk/c7552_23_0.00047_2620_69.4.blif
time = 1828396932 us
--------------- round 24 ---------------
seed = 1644196849
maxLevel = 2147483647
n678 is replaced by n454 with estimated error 0.00061
error = 0.00061
high accuracy error = 0.000649
area = 2618
delay = 69.4
#gates = 1070
output circuit appNtk/c7552_24_0.00061_2618_69.4.blif
time = 1921148955 us
--------------- round 25 ---------------
seed = 3123803263
maxLevel = 2147483647
n1020 is replaced by n376 with estimated error 0.00063
error = 0.00063
high accuracy error = 0.000678
area = 2616
delay = 69.4
#gates = 1069
output circuit appNtk/c7552_25_0.00063_2616_69.4.blif
time = 2011723816 us
--------------- round 26 ---------------
seed = 3336033272
maxLevel = 2147483647
n856 is replaced by one with estimated error 0.00065
error = 0.00065
high accuracy error = 0.000761
area = 2614
delay = 69.4
#gates = 1068
output circuit appNtk/c7552_26_0.00065_2614_69.4.blif
time = 2094735169 us
--------------- round 27 ---------------
seed = 1156148541
maxLevel = 2147483647
n858 is replaced by n674 with estimated error 0.00068
error = 0.00068
high accuracy error = 0.00077
area = 2608
delay = 69.4
#gates = 1066
output circuit appNtk/c7552_27_0.00068_2608_69.4.blif
time = 2155542367 us
--------------- round 28 ---------------
seed = 4146970286
maxLevel = 2147483647
n828 is replaced by n802 with inverter with estimated error 0.00078
error = 0.00078
high accuracy error = 0.000782
area = 2606
delay = 69.4
#gates = 1066
output circuit appNtk/c7552_28_0.00078_2606_69.4.blif
time = 2211530167 us
--------------- round 29 ---------------
seed = 2575402679
maxLevel = 2147483647
n823 is replaced by zero with estimated error 0.00083
error = 0.00083
high accuracy error = 0.000734
area = 2604
delay = 69.4
#gates = 1065
output circuit appNtk/c7552_29_0.00083_2604_69.4.blif
time = 2298835538 us
--------------- round 30 ---------------
seed = 1187221613
maxLevel = 2147483647
n673 is replaced by zero with estimated error 0.00078
error = 0.00078
high accuracy error = 0.000751
area = 2602
delay = 69.4
#gates = 1064
output circuit appNtk/c7552_30_0.00078_2602_69.4.blif
time = 2366108383 us
--------------- round 31 ---------------
seed = 1606861008
maxLevel = 2147483647
n588 is replaced by n418 with estimated error 0.00068
error = 0.00068
high accuracy error = 0.000759
area = 2601
delay = 65.9
#gates = 1063
output circuit appNtk/c7552_31_0.00068_2601_65.9.blif
time = 2445944070 us
--------------- round 32 ---------------
seed = 392397280
maxLevel = 2147483647
n1341 is replaced by n1330 with estimated error 0.00072
error = 0.00072
high accuracy error = 0.000791
area = 2600
delay = 65.9
#gates = 1062
output circuit appNtk/c7552_32_0.00072_2600_65.9.blif
time = 2520946568 us
--------------- round 33 ---------------
seed = 98559990
maxLevel = 2147483647
n1183 is replaced by n593 with estimated error 0.0007
error = 0.0007
high accuracy error = 0.000744
area = 2599
delay = 65.9
#gates = 1061
output circuit appNtk/c7552_33_0.0007_2599_65.9.blif
time = 2603957281 us
--------------- round 34 ---------------
seed = 3374105138
maxLevel = 2147483647
n808 is replaced by n801 with estimated error 0.00084
error = 0.00084
high accuracy error = 0.000761
area = 2596
delay = 65.9
#gates = 1060
output circuit appNtk/c7552_34_0.00084_2596_65.9.blif
time = 2696929077 us
--------------- round 35 ---------------
seed = 3930468107
maxLevel = 2147483647
n829 is replaced by n806 with estimated error 0.0009
error = 0.0009
high accuracy error = 0.000898
area = 2591
delay = 65.9
#gates = 1058
output circuit appNtk/c7552_35_0.0009_2591_65.9.blif
time = 2776367670 us
--------------- round 36 ---------------
seed = 1379528897
maxLevel = 2147483647
n798 is replaced by n626 with estimated error 0.00104
error = 0.00104
high accuracy error = 0.001245
area = 2586
delay = 65.9
#gates = 1056
output circuit appNtk/c7552_36_0.00104_2586_65.9.blif
time = 2850805638 us
--------------- round 37 ---------------
seed = 3774165280
maxLevel = 2147483647
n799 is replaced by n1105 with estimated error 0.00117
error = 0.00117
high accuracy error = 0.001248
area = 2584
delay = 65.9
#gates = 1055
output circuit appNtk/c7552_37_0.00117_2584_65.9.blif
time = 2922082072 us
--------------- round 38 ---------------
seed = 3060633693
maxLevel = 2147483647
n876 is replaced by n791 with estimated error 0.00173
error = 0.00173
high accuracy error = 0.001714
area = 2559
delay = 65.9
#gates = 1047
output circuit appNtk/c7552_38_0.00173_2559_65.9.blif
time = 2997753504 us
--------------- round 39 ---------------
seed = 2194244281
maxLevel = 2147483647
n877 is replaced by n789 with estimated error 0.0028
error = 0.0028
high accuracy error = 0.002724
area = 2542
delay = 65.9
#gates = 1041
output circuit appNtk/c7552_39_0.0028_2542_65.9.blif
time = 3071707844 us
--------------- round 40 ---------------
seed = 3797427646
maxLevel = 2147483647
n745 is replaced by one with estimated error 0.00316
error = 0.00316
high accuracy error = 0.003296
area = 2532
delay = 65.9
#gates = 1037
output circuit appNtk/c7552_40_0.00316_2532_65.9.blif
time = 3154680061 us
--------------- round 41 ---------------
seed = 1486244766
maxLevel = 2147483647
n833 is replaced by n701 with estimated error 0.00383
error = 0.00383
high accuracy error = 0.003642
area = 2528
delay = 65.9
#gates = 1035
output circuit appNtk/c7552_41_0.00383_2528_65.9.blif
time = 3218182049 us
--------------- round 42 ---------------
seed = 617713550
maxLevel = 2147483647
n834 is replaced by n698 with estimated error 0.00454
error = 0.00454
high accuracy error = 0.004182
area = 2524
delay = 65.9
#gates = 1034
output circuit appNtk/c7552_42_0.00454_2524_65.9.blif
time = 3281266315 us
--------------- round 43 ---------------
seed = 2193714392
maxLevel = 2147483647
n836 is replaced by n711 with estimated error 0.00615
error = 0.00615
high accuracy error = 0.006149
area = 2517
delay = 65.9
#gates = 1031
output circuit appNtk/c7552_43_0.00615_2517_65.9.blif
time = 3366628121 us
--------------- round 44 ---------------
seed = 3606414231
maxLevel = 2147483647
n656 is replaced by n1074 with estimated error 0.00906
error = 0.00906
high accuracy error = 0.00846
area = 2509
delay = 65.9
#gates = 1028
output circuit appNtk/c7552_44_0.00906_2509_65.9.blif
time = 3448673120 us
--------------- round 45 ---------------
seed = 1222293747
maxLevel = 2147483647
exceed error bound
