Original Area:958.000000, Original Delay:38.500000, Orignial Gate :419
Change gate [2874] with gate[1746]  , changed gate loc: 366,  sub gate loc: 389Inverter: 0
Simulate error is 0.000000
Now Error is 0.000000
Simulate added error is 0.000000, Now added error is 0.000000
Approximate gate:417, Approximate area:952.000000
Accurate error is 0.000000, Area :952.000000, Delay: 38.500000, Gate: 417
Now running time: 23
Change gate [3172] with gatezero  , changed gate loc: 471,  sub gate loc: 0Inverter: 0
Simulate error is 0.000000
Now Error is 0.000000
Simulate added error is 0.000000, Now added error is 0.000000
Approximate gate:415, Approximate area:946.000000
Accurate error is 0.000000, Area :946.000000, Delay: 38.500000, Gate: 415
Now running time: 43
Change gate [141861] with gate[1781]  , changed gate loc: 445,  sub gate loc: 430Inverter: 1
Simulate error is 0.000000
Now Error is 0.000000
Simulate added error is 0.000000, Now added error is 0.000000
Approximate gate:414, Approximate area:942.000000
Accurate error is 0.000000, Area :942.000000, Delay: 33.900000, Gate: 414
Now running time: 65
Change gate [2750] with gate[1683]  , changed gate loc: 312,  sub gate loc: 310Inverter: 0
Simulate error is 0.000000
Now Error is 0.000000
Simulate added error is 0.000000, Now added error is 0.000000
Approximate gate:413, Approximate area:938.000000
Accurate error is 0.000000, Area :938.000000, Delay: 33.900000, Gate: 413
Now running time: 85
Change gate [1798] with gateone  , changed gate loc: 463,  sub gate loc: 1Inverter: 0
Simulate error is 0.000000
Now Error is 0.000000
Simulate added error is 0.000000, Now added error is 0.000000
Approximate gate:412, Approximate area:935.000000
Accurate error is 0.000000, Area :935.000000, Delay: 33.900000, Gate: 412
Now running time: 104
Change gate [1689] with gate[1688]  , changed gate loc: 315,  sub gate loc: 313Inverter: 0
Simulate error is 0.000000
Now Error is 0.000000
Simulate added error is 0.000000, Now added error is 0.000000
Approximate gate:411, Approximate area:932.000000
Accurate error is 0.000000, Area :932.000000, Delay: 33.900000, Gate: 411
Now running time: 126
Change gate [2327] with gate[1552]  , changed gate loc: 129,  sub gate loc: 136Inverter: 0
Simulate error is 0.000000
Now Error is 0.000000
Simulate added error is 0.000000, Now added error is 0.000000
Approximate gate:410, Approximate area:930.000000
Accurate error is 0.000000, Area :930.000000, Delay: 33.900000, Gate: 410
Now running time: 147
Change gate [1726] with gate[1702]  , changed gate loc: 359,  sub gate loc: 332Inverter: 1
Simulate error is 0.000000
Now Error is 0.000000
Simulate added error is 0.000000, Now added error is 0.000000
Approximate gate:410, Approximate area:928.000000
Accurate error is 0.000000, Area :928.000000, Delay: 33.900000, Gate: 410
Now running time: 166
Change gate [2759] with gate[2752]  , changed gate loc: 316,  sub gate loc: 314Inverter: 0
Simulate error is 0.000000
Now Error is 0.000000
Simulate added error is 0.000000, Now added error is 0.000000
Approximate gate:409, Approximate area:927.000000
Accurate error is 0.000000, Area :927.000000, Delay: 33.900000, Gate: 409
Now running time: 186
Change gate [2999] with gate[2987]  , changed gate loc: 465,  sub gate loc: 417Inverter: 0
Simulate error is 0.000000
Now Error is 0.000000
Simulate added error is 0.000000, Now added error is 0.000000
Approximate gate:408, Approximate area:926.000000
Accurate error is 0.000000, Area :926.000000, Delay: 33.900000, Gate: 408
Now running time: 207
Change gate [1771] with gate[1781]  , changed gate loc: 421,  sub gate loc: 430Inverter: 0
Simulate error is 0.000000
Now Error is 0.000000
Simulate added error is 0.000000, Now added error is 0.000000
Approximate gate:407, Approximate area:925.000000
Accurate error is 0.000000, Area :925.000000, Delay: 33.900000, Gate: 407
Now running time: 228
Change gate [2715] with gate[2695]  , changed gate loc: 360,  sub gate loc: 307Inverter: 0
Simulate error is 0.000000
Now Error is 0.000000
Simulate added error is 0.000000, Now added error is 0.000000
Approximate gate:406, Approximate area:924.000000
Accurate error is 0.000000, Area :924.000000, Delay: 33.900000, Gate: 406
Now running time: 251
Change gate [1809] with gate[3103]  , changed gate loc: 473,  sub gate loc: 461Inverter: 0
Simulate error is 0.000020
Now Error is 0.000020
Simulate added error is 0.000020, Now added error is 0.000020
Approximate gate:397, Approximate area:903.000000
Accurate error is 0.000020, Area :903.000000, Delay: 33.900000, Gate: 397
Now running time: 273
Change gate [2636] with gate[2670]  , changed gate loc: 260,  sub gate loc: 276Inverter: 0
Simulate error is 0.000030
Now Error is 0.000030
Simulate added error is 0.000010, Now added error is 0.000010
Approximate gate:394, Approximate area:896.000000
Accurate error is 0.000030, Area :896.000000, Delay: 33.900000, Gate: 394
Now running time: 294
Change gate [2660] with gate[2654]  , changed gate loc: 271,  sub gate loc: 269Inverter: 0
Simulate error is 0.000030
Now Error is 0.000030
Simulate added error is 0.000000, Now added error is 0.000000
Approximate gate:393, Approximate area:895.000000
Accurate error is 0.000030, Area :895.000000, Delay: 33.900000, Gate: 393
Now running time: 316
Change gate [1651] with gate[1661]  , changed gate loc: 270,  sub gate loc: 281Inverter: 0
Simulate error is 0.000030
Now Error is 0.000030
Simulate added error is 0.000000, Now added error is 0.000000
Approximate gate:392, Approximate area:893.000000
Accurate error is 0.000030, Area :893.000000, Delay: 33.900000, Gate: 392
Now running time: 337
Change gate [2641] with gatezero  , changed gate loc: 262,  sub gate loc: 0Inverter: 0
Simulate error is 0.000030
Now Error is 0.000030
Simulate added error is 0.000000, Now added error is 0.000000
Approximate gate:391, Approximate area:888.000000
Accurate error is 0.000030, Area :888.000000, Delay: 33.900000, Gate: 391
Now running time: 359
Change gate [1105] with gaten273  , changed gate loc: 255,  sub gate loc: 231Inverter: 0
Simulate error is 0.000050
Now Error is 0.000050
Simulate added error is 0.000020, Now added error is 0.000020
Approximate gate:389, Approximate area:883.000000
Accurate error is 0.000050, Area :883.000000, Delay: 33.900000, Gate: 389
Now running time: 379
Change gate [2614] with gateone  , changed gate loc: 250,  sub gate loc: 1Inverter: 0
Simulate error is 0.000050
Now Error is 0.000050
Simulate added error is 0.000000, Now added error is 0.000000
Approximate gate:389, Approximate area:880.000000
Accurate error is 0.000050, Area :880.000000, Delay: 33.900000, Gate: 389
Now running time: 397
Change gate [2609] with gate[1605]  , changed gate loc: 252,  sub gate loc: 210Inverter: 0
Simulate error is 0.000080
Now Error is 0.000080
Simulate added error is 0.000030, Now added error is 0.000030
Approximate gate:387, Approximate area:875.000000
Accurate error is 0.000080, Area :875.000000, Delay: 33.900000, Gate: 387
Now running time: 415
Change gate [1796] with gate[3098]  , changed gate loc: 449,  sub gate loc: 458Inverter: 0
Simulate error is 0.000130
Now Error is 0.000130
Simulate added error is 0.000050, Now added error is 0.000050
Approximate gate:384, Approximate area:868.000000
Accurate error is 0.000130, Area :868.000000, Delay: 31.600000, Gate: 384
Now running time: 432
Change gate [1785] with gate[1796]  , changed gate loc: 436,  sub gate loc: 449Inverter: 0
Simulate error is 0.000130
Now Error is 0.000130
Simulate added error is 0.000000, Now added error is 0.000000
Approximate gate:383, Approximate area:867.000000
Accurate error is 0.000130, Area :867.000000, Delay: 30.700000, Gate: 383
Now running time: 449
Change gate n107 with gate[141876]  , changed gate loc: 435,  sub gate loc: 456Inverter: 0
Simulate error is 0.000170
Now Error is 0.000170
Simulate added error is 0.000040, Now added error is 0.000040
Approximate gate:381, Approximate area:862.000000
Accurate error is 0.000170, Area :862.000000, Delay: 30.100000, Gate: 381
Now running time: 466
Change gate [2863] with gaten267  , changed gate loc: 362,  sub gate loc: 340Inverter: 0
Simulate error is 0.000220
Now Error is 0.000220
Simulate added error is 0.000050, Now added error is 0.000050
Approximate gate:380, Approximate area:859.000000
Accurate error is 0.000220, Area :859.000000, Delay: 30.100000, Gate: 380
Now running time: 483
Change gate [2818] with gateone  , changed gate loc: 363,  sub gate loc: 1Inverter: 0
Simulate error is 0.000220
Now Error is 0.000220
Simulate added error is 0.000000, Now added error is 0.000000
Approximate gate:380, Approximate area:858.000000
Accurate error is 0.000220, Area :858.000000, Delay: 30.100000, Gate: 380
Now running time: 499
Change gate n279 with gate[141889]  , changed gate loc: 420,  sub gate loc: 454Inverter: 0
Simulate error is 0.000460
Now Error is 0.000460
Simulate added error is 0.000240, Now added error is 0.000240
Approximate gate:379, Approximate area:855.000000
Accurate error is 0.000460, Area :855.000000, Delay: 30.100000, Gate: 379
Now running time: 515
Change gate [1666] with gate[1649]  , changed gate loc: 288,  sub gate loc: 264Inverter: 0
Simulate error is 0.000750
Now Error is 0.000750
Simulate added error is 0.000290, Now added error is 0.000290
Approximate gate:378, Approximate area:853.000000
Accurate error is 0.000750, Area :853.000000, Delay: 30.100000, Gate: 378
Now running time: 531
Change gate [1750] with gate[3087]  , changed gate loc: 394,  sub gate loc: 453Inverter: 0
Simulate error is 0.002340
Now Error is 0.002340
Simulate added error is 0.001590, Now added error is 0.001590
Approximate gate:375, Approximate area:846.000000
Accurate error is 0.002340, Area :846.000000, Delay: 30.100000, Gate: 375
Now running time: 546
Change gate [1607] with gate[2609]  , changed gate loc: 212,  sub gate loc: 252Inverter: 0
Simulate error is 0.004140
Now Error is 0.004140
Simulate added error is 0.001800, Now added error is 0.001800
Approximate gate:372, Approximate area:840.000000
Accurate error is 0.004140, Area :840.000000, Delay: 30.100000, Gate: 372
Now running time: 562
Change gate [2482] with gateone  , changed gate loc: 197,  sub gate loc: 1Inverter: 0
Simulate error is 0.006340
Now Error is 0.006340
Simulate added error is 0.002200, Now added error is 0.002200
Approximate gate:371, Approximate area:836.000000
Accurate error is 0.006340, Area :836.000000, Delay: 30.100000, Gate: 371
Now running time: 579
Change gate [2509] with gateone  , changed gate loc: 205,  sub gate loc: 1Inverter: 0
Simulate error is 0.006340
Now Error is 0.006340
Simulate added error is 0.000000, Now added error is 0.000000
Approximate gate:371, Approximate area:833.000000
Accurate error is 0.006340, Area :833.000000, Delay: 30.100000, Gate: 371
Now running time: 597
Change gate [1623] with gate[2619]  , changed gate loc: 232,  sub gate loc: 256Inverter: 0
Simulate error is 0.009930
Now Error is 0.009930
Simulate added error is 0.003590, Now added error is 0.003590
Approximate gate:369, Approximate area:828.000000
Accurate error is 0.009930, Area :828.000000, Delay: 30.100000, Gate: 369
Now running time: 613
Change gate [141994] with gatezero  , changed gate loc: 227,  sub gate loc: 0Inverter: 0
Simulate error is 0.009930
Now Error is 0.009930
Simulate added error is 0.000000, Now added error is 0.000000
Approximate gate:369, Approximate area:826.000000
Accurate error is 0.009930, Area :826.000000, Delay: 30.100000, Gate: 369
Now running time: 629
Change gate [2484] with gateone  , changed gate loc: 199,  sub gate loc: 1Inverter: 0
Simulate error is 0.012690
Now Error is 0.012690
Simulate added error is 0.002760, Now added error is 0.002760
Approximate gate:368, Approximate area:823.000000
Accurate error is 0.012690, Area :823.000000, Delay: 30.100000, Gate: 368
Now running time: 647
Change gate [2486] with gate[2461]  , changed gate loc: 200,  sub gate loc: 186Inverter: 0
Simulate error is 0.020890
Now Error is 0.021810
Simulate added error is 0.008200, Now added error is 0.009120
Approximate gate:365, Approximate area:817.000000
Accurate error is 0.021810, Area :817.000000, Delay: 30.100000, Gate: 365
Now running time: 663
Change gate [2491] with gate[2463]  , changed gate loc: 194,  sub gate loc: 181Inverter: 0
Simulate error is 0.020890
Now Error is 0.021810
Simulate added error is 0.000000, Now added error is 0.000000
Approximate gate:363, Approximate area:813.000000
Accurate error is 0.021810, Area :813.000000, Delay: 30.100000, Gate: 363
Now running time: 679
Change gate [1731] with gate[237]  , changed gate loc: 370,  sub gate loc: 451Inverter: 1
Simulate error is 0.026950
Now Error is 0.027870
Simulate added error is 0.006060, Now added error is 0.006060
Approximate gate:361, Approximate area:809.000000
Accurate error is 0.027870, Area :809.000000, Delay: 30.100000, Gate: 361
Now running time: 696
Change gate [2885] with gate[237]  , changed gate loc: 371,  sub gate loc: 451Inverter: 0
Simulate error is 0.026950
Now Error is 0.027870
Simulate added error is 0.000000, Now added error is 0.000000
Approximate gate:360, Approximate area:808.000000
Accurate error is 0.027870, Area :808.000000, Delay: 30.100000, Gate: 360
Now running time: 712
Change gate [3382] with gate[2616]  , changed gate loc: 218,  sub gate loc: 253Inverter: 0
Simulate error is 0.038450
Now Error is 0.039370
Simulate added error is 0.011500, Now added error is 0.011500
Approximate gate:359, Approximate area:804.000000
Accurate error is 0.039370, Area :804.000000, Delay: 30.100000, Gate: 359
Now running time: 729
Change gate [2497] with gate[1585]  , changed gate loc: 203,  sub gate loc: 179Inverter: 0
Simulate error is 0.038450
Now Error is 0.039370
Simulate added error is 0.000000, Now added error is 0.000000
Approximate gate:357, Approximate area:801.000000
Accurate error is 0.039370, Area :801.000000, Delay: 30.100000, Gate: 357
Now running time: 745
Change gate [2547] with gaten177  , changed gate loc: 224,  sub gate loc: 222Inverter: 0
Simulate error is 0.038450
Now Error is 0.039370
Simulate added error is 0.000000, Now added error is 0.000000
Approximate gate:356, Approximate area:800.000000
Accurate error is 0.039370, Area :800.000000, Delay: 30.100000, Gate: 356
Now running time: 762
Change gate [1617] with gate[1623]  , changed gate loc: 223,  sub gate loc: 232Inverter: 0
Simulate error is 0.038450
Now Error is 0.039370
Simulate added error is 0.000000, Now added error is 0.000000
Approximate gate:355, Approximate area:798.000000
Accurate error is 0.039370, Area :798.000000, Delay: 30.100000, Gate: 355
Now running time: 779
The 0 choose is not good
The 1 choose is not good
The 2 choose is not good
Change gate [2432] with gateone  , changed gate loc: 169,  sub gate loc: 1Inverter: 0
Simulate error is 0.049040
Now Error is 0.049960
Simulate added error is 0.010590, Now added error is 0.010590
Approximate gate:355, Approximate area:795.000000
Accurate error is 0.049960, Area :795.000000, Delay: 30.100000, Gate: 355
Now running time: 796
The 0 choose is not good
The 1 choose is not good
The 2 choose is not good
The 3 choose is not good
The 4 choose is not good
The 5 choose is not good
The 6 choose is not good
The 7 choose is not good
The 8 choose is not good
The 9 choose is not good
Change gate [1795] with gate[3095]  , changed gate loc: 448,  sub gate loc: 457Inverter: 1
Simulate error is 0.078630
Now Error is 0.079550
Simulate added error is 0.029590, Now added error is 0.029590
ALL running time: 815
Error propagation matrix time: 90 with 136082 node
Error simulation time: 712 with 1547171 node
Area time: 0
Whole find time: 803
