fileName = cavlc
original #literals = 1182
#candidates = 5034
Build cut network time = 47392
seed = 1967737936
Get boolean difference time = 138632
Get error time = 244
runtime = 0.237219
Best ASE = n70	-00-|0--0|	INTER	0	newError = 0	estError = 0
#literals = 1178
--------- round 0 ---------
#candidates = 4854
Build cut network time = 30241
seed = 2599758524
Get boolean difference time = 125559
Get error time = 188
runtime = 0.437628
Best ASE = n197	0---|-00-|-0-0|	INTER	0	newError = 0	estError = 0
#literals = 1175
--------- round 1 ---------
#candidates = 4688
Build cut network time = 25039
seed = 3506805051
Get boolean difference time = 128558
Get error time = 197
runtime = 0.647934
Best ASE = n228	0---|-00-|-0-0|	INTER	0	newError = 0	estError = 0
#literals = 1172
--------- round 2 ---------
#candidates = 4522
Build cut network time = 28966
seed = 3902366482
Get boolean difference time = 123398
Get error time = 284
runtime = 0.845928
Best ASE = n398	0---|-00-|-0-0|	INTER	0	newError = 0	estError = 0
#literals = 1169
--------- round 3 ---------
#candidates = 4356
Build cut network time = 31720
seed = 1907945857
Get boolean difference time = 147324
Get error time = 344
runtime = 1.08018
Best ASE = n376	0---|-00-|-0-0|	INTER	0	newError = 0	estError = 0
#literals = 1166
--------- round 4 ---------
#candidates = 4190
Build cut network time = 50696
seed = 4035007340
Get boolean difference time = 197862
Get error time = 323
runtime = 1.39432
Best ASE = n386	0-0-|-00-|---0|	INTER	0	newError = 0	estError = 0
#literals = 1163
--------- round 5 ---------
#candidates = 4024
Build cut network time = 53595
seed = 2420060285
Get boolean difference time = 210625
Get error time = 374
runtime = 1.71591
Best ASE = n239	0-0-|0--0|-0-0|	INTER	0	newError = 0	estError = 0
#literals = 1161
--------- round 6 ---------
#candidates = 3884
Build cut network time = 49173
seed = 63422515
Get boolean difference time = 194467
Get error time = 299
runtime = 2.01979
Best ASE = n358	0-0-|-00-|0--0|	INTER	0	newError = 0	estError = 0
#literals = 1159
--------- round 7 ---------
#candidates = 3747
Build cut network time = 49400
seed = 3608120002
Get boolean difference time = 230017
Get error time = 487
runtime = 2.3754
Best ASE = n368	0-0-|0--0|-0-0|	INTER	0	newError = 0	estError = 0
#literals = 1157
--------- round 8 ---------
#candidates = 3607
Build cut network time = 43187
seed = 671966753
Get boolean difference time = 168472
Get error time = 329
runtime = 2.64383
Best ASE = n395	-00-|0--0|-0-0|	INTER	0	newError = 0	estError = 0
#literals = 1155
--------- round 9 ---------
#candidates = 3470
Build cut network time = 37498
seed = 780430133
Get boolean difference time = 161274
Get error time = 256
runtime = 2.90899
Best ASE = n159	0--|-00|	INTER	0	newError = 0	estError = 0
#literals = 1154
--------- round 10 ---------
#candidates = 3463
Build cut network time = 31452
seed = 2177480914
Get boolean difference time = 165444
Get error time = 437
runtime = 3.17075
Best ASE = n166		CONST0	0	newError = 0	estError = 0
#literals = 1153
--------- round 11 ---------
#candidates = 3461
Build cut network time = 53391
seed = 2654403503
Get boolean difference time = 175779
Get error time = 376
runtime = 3.46232
Best ASE = n167	--0|-0-|	INTER	0	newError = 0	estError = 0
#literals = 1152
--------- round 12 ---------
#candidates = 3457
Build cut network time = 48893
seed = 4124125656
Get boolean difference time = 189682
Get error time = 300
runtime = 3.75964
Best ASE = n238	0-0|-0-|	INTER	0	newError = 0	estError = 0
#literals = 1151
--------- round 13 ---------
#candidates = 3450
Build cut network time = 41738
seed = 2516072608
Get boolean difference time = 176985
Get error time = 377
runtime = 4.03515
Best ASE = n328	0--|-00|	INTER	0	newError = 0	estError = 0
#literals = 1150
--------- round 14 ---------
#candidates = 3443
Build cut network time = 44615
seed = 2326016912
Get boolean difference time = 209780
Get error time = 348
runtime = 4.35398
Best ASE = n334	-0--|--0-|---0|	INTER	0	newError = 0	estError = 0
#literals = 1149
--------- round 15 ---------
#candidates = 3435
Build cut network time = 43402
seed = 2573088099
Get boolean difference time = 181290
Get error time = 454
runtime = 4.64807
Best ASE = n324	0--|-0-|	INTER	0	newError = 0	estError = 0
#literals = 1148
--------- round 16 ---------
#candidates = 3431
Build cut network time = 62379
seed = 1695382638
Get boolean difference time = 201047
Get error time = 437
runtime = 4.97717
Best ASE = n401	0--|-00|	INTER	0	newError = 0	estError = 0
#literals = 1147
--------- round 17 ---------
#candidates = 3424
Build cut network time = 48796
seed = 1004050355
Get boolean difference time = 198510
Get error time = 442
runtime = 5.28331
Best ASE = n393	0--|-00|	INTER	0	newError = 0	estError = 0
#literals = 1146
--------- round 18 ---------
#candidates = 3417
Build cut network time = 45315
seed = 2412490473
Get boolean difference time = 184560
Get error time = 360
runtime = 5.57095
Best ASE = n452	0--|-00|	INTER	0	newError = 0	estError = 0
#literals = 1145
--------- round 19 ---------
#candidates = 3410
Build cut network time = 42077
seed = 2560654411
Get boolean difference time = 141371
Get error time = 293
runtime = 5.81148
Best ASE = n276	--0|	INTER	89	newError = 89	estError = 89
#literals = 1142
--------- round 20 ---------
#candidates = 3397
Build cut network time = 41721
seed = 1951581072
Get boolean difference time = 130818
Get error time = 248
runtime = 6.03565
Best ASE = n285		CONST1	91	newError = 192	estError = 192
#literals = 1139
--------- round 21 ---------
#candidates = 3389
Build cut network time = 25564
seed = 2137457295
Get boolean difference time = 113468
Get error time = 191
runtime = 6.2204
Best ASE = n239	0--0|	INTER	105	newError = 297	estError = 297
#literals = 1135
--------- round 22 ---------
#candidates = 3337
Build cut network time = 27020
seed = 663477656
Get boolean difference time = 133098
Get error time = 229
runtime = 6.42854
Best ASE = n358	--0-|---0|	INTER	169	newError = 485	estError = 485
#literals = 1131
--------- round 23 ---------
#candidates = 3282
Build cut network time = 29767
seed = 2390506783
Get boolean difference time = 107826
Get error time = 260
runtime = 6.61249
Best ASE = n395		CONST0	482	newError = 990	estError = 990
#literals = 1125
--------- round 24 ---------
#candidates = 3223
Build cut network time = 29019
seed = 2457289737
Get boolean difference time = 105409
Get error time = 177
runtime = 6.79064
estimated error exceeds error bound
Best ASE = n349		CONST1	107	newError = 1152	estError = 1152
final approximate circuit is: cavlc_back.blif
area = 1034
delay = 14.6
#literals = 1121
