fileName = i2c
original #literals = 1586
#candidates = 9798
Build cut network time = 59842
seed = 386143073
Get boolean difference time = 2060891
Get error time = 603
runtime = 2.66026
Best ASE = n455	0-0-|-0--|	INTER	0	newError = 0	estError = 0
#literals = 1581
--------- round 0 ---------
#candidates = 9610
Build cut network time = 53692
seed = 3567127894
Get boolean difference time = 2359912
Get error time = 612
runtime = 5.57537
Best ASE = n291	--0-|0--0|	INTER	0	newError = 0	estError = 0
#literals = 1576
--------- round 1 ---------
#candidates = 9422
Build cut network time = 60545
seed = 1560227056
Get boolean difference time = 1641917
Get error time = 350
runtime = 7.74948
Best ASE = n456		CONST0	0	newError = 0	estError = 0
#literals = 1572
--------- round 2 ---------
#candidates = 9407
Build cut network time = 41367
seed = 3731032071
Get boolean difference time = 853226
Get error time = 238
runtime = 9.09522
Best ASE = n458	---0|	INTER	-1	newError = 0	estError = 0
#literals = 1569
--------- round 3 ---------
#candidates = 9393
Build cut network time = 28051
seed = 3526300368
Get boolean difference time = 1341527
Get error time = 272
runtime = 10.9636
Best ASE = n482		CONST1	0	newError = 0	estError = 0
#literals = 1565
--------- round 4 ---------
#candidates = 9378
Build cut network time = 35710
seed = 2249185562
Get boolean difference time = 1147784
Get error time = 319
runtime = 12.567
Best ASE = n433		CONST1	0	newError = 1	estError = 1
#literals = 1561
--------- round 5 ---------
#candidates = 9362
Build cut network time = 35995
seed = 2589751937
Get boolean difference time = 948041
Get error time = 309
runtime = 13.9773
Best ASE = n505		CONST1	0	newError = 4	estError = 4
#literals = 1557
--------- round 6 ---------
#candidates = 9346
Build cut network time = 33253
seed = 263745589
Get boolean difference time = 780684
Get error time = 211
runtime = 15.2091
Best ASE = n516		CONST1	0	newError = 0	estError = 0
#literals = 1553
--------- round 7 ---------
#candidates = 9330
Build cut network time = 29699
seed = 3684804514
Get boolean difference time = 1162668
Get error time = 278
runtime = 16.8225
Best ASE = n580	0-0-|-0-0|	INTER	0	newError = 3	estError = 3
#literals = 1549
--------- round 8 ---------
#candidates = 9150
Build cut network time = 35811
seed = 2709195075
Get boolean difference time = 1106250
Get error time = 288
runtime = 18.3854
Best ASE = n402	0-0-|-0-0|	INTER	0	newError = 1	estError = 1
#literals = 1545
--------- round 9 ---------
#candidates = 8970
Build cut network time = 30121
seed = 1857277331
Get boolean difference time = 732244
Get error time = 293
runtime = 19.5563
Best ASE = n405	0-0-|-0-0|	INTER	0	newError = 0	estError = 0
#literals = 1541
--------- round 10 ---------
#candidates = 8790
Build cut network time = 32769
seed = 4220646100
Get boolean difference time = 1101024
Get error time = 379
runtime = 21.1165
Best ASE = n466		CONST1	-1	newError = 2	estError = 2
#literals = 1538
--------- round 11 ---------
#candidates = 8782
Build cut network time = 36807
seed = 3580985784
Get boolean difference time = 1025602
Get error time = 200
runtime = 22.5992
Best ASE = n464		CONST0	0	newError = 4	estError = 4
#literals = 1535
--------- round 12 ---------
#candidates = 8774
Build cut network time = 29444
seed = 398165063
Get boolean difference time = 1087094
Get error time = 297
runtime = 24.1259
Best ASE = n467		CONST0	0	newError = 2	estError = 2
#literals = 1532
--------- round 13 ---------
#candidates = 8766
Build cut network time = 32339
seed = 1115065695
Get boolean difference time = 817160
Get error time = 373
runtime = 25.3864
Best ASE = n457		CONST0	0	newError = 3	estError = 3
#literals = 1529
--------- round 14 ---------
#candidates = 8758
Build cut network time = 33119
seed = 4031927266
Get boolean difference time = 944909
Get error time = 232
runtime = 26.7767
Best ASE = n455		CONST0	0	newError = 3	estError = 3
#literals = 1526
--------- round 15 ---------
#candidates = 8750
Build cut network time = 30621
seed = 2819893949
Get boolean difference time = 1093382
Get error time = 194
runtime = 28.3129
Best ASE = n468		CONST1	0	newError = 0	estError = 0
#literals = 1523
--------- round 16 ---------
#candidates = 8742
Build cut network time = 33047
seed = 3952776202
Get boolean difference time = 783600
Get error time = 263
runtime = 29.5396
Best ASE = n481		CONST0	0	newError = 2	estError = 2
#literals = 1520
--------- round 17 ---------
#candidates = 8734
Build cut network time = 37438
seed = 1704048606
Get boolean difference time = 1065767
Get error time = 292
runtime = 31.0616
Best ASE = n476		CONST0	0	newError = 1	estError = 1
#literals = 1517
--------- round 18 ---------
#candidates = 8726
Build cut network time = 36630
seed = 3354620183
Get boolean difference time = 1107759
Get error time = 201
runtime = 32.6307
Best ASE = n483		CONST0	0	newError = 2	estError = 2
#literals = 1514
--------- round 19 ---------
#candidates = 8718
Build cut network time = 31525
seed = 3734596380
Get boolean difference time = 870838
Get error time = 138
runtime = 33.949
Best ASE = n504		CONST0	0	newError = 3	estError = 3
#literals = 1511
--------- round 20 ---------
#candidates = 8710
Build cut network time = 23382
seed = 3645830623
Get boolean difference time = 1093062
Get error time = 354
runtime = 35.4797
Best ASE = n527		CONST1	0	newError = 2	estError = 2
#literals = 1508
--------- round 21 ---------
#candidates = 8702
Build cut network time = 35987
seed = 617814038
Get boolean difference time = 874515
Get error time = 236
runtime = 36.8053
Best ASE = n530		CONST0	0	newError = 2	estError = 2
#literals = 1505
--------- round 22 ---------
#candidates = 8694
Build cut network time = 31465
seed = 3590161750
Get boolean difference time = 1040929
Get error time = 264
runtime = 38.2882
Best ASE = n557		CONST1	0	newError = 1	estError = 1
#literals = 1502
--------- round 23 ---------
#candidates = 8686
Build cut network time = 28359
seed = 4147684727
Get boolean difference time = 854796
Get error time = 165
runtime = 39.5837
Best ASE = n549		CONST1	0	newError = 1	estError = 1
#literals = 1499
--------- round 24 ---------
#candidates = 8678
Build cut network time = 23632
seed = 732806090
Get boolean difference time = 1108296
Get error time = 264
runtime = 41.1256
Best ASE = n559		CONST0	0	newError = 1	estError = 1
#literals = 1496
--------- round 25 ---------
#candidates = 8670
Build cut network time = 35219
seed = 1753273543
Get boolean difference time = 1015577
Get error time = 206
runtime = 42.5919
Best ASE = n436		CONST0	0	newError = 1	estError = 1
#literals = 1494
--------- round 26 ---------
#candidates = 8666
Build cut network time = 30916
seed = 3229381583
Get boolean difference time = 756393
Get error time = 150
runtime = 43.8032
Best ASE = n514		CONST1	1	newError = 5	estError = 5
#literals = 1491
--------- round 27 ---------
#candidates = 8658
Build cut network time = 24477
seed = 4141354618
Get boolean difference time = 1182785
Get error time = 242
runtime = 45.4396
Best ASE = n575		CONST1	2	newError = 6	estError = 6
#literals = 1488
--------- round 28 ---------
#candidates = 8650
Build cut network time = 32905
seed = 90343405
Get boolean difference time = 1052542
Get error time = 253
runtime = 46.9367
Best ASE = n715	--0|	INTER	0	newError = 4	estError = 4
#literals = 1485
--------- round 29 ---------
#candidates = 8637
Build cut network time = 32896
seed = 1573284579
Get boolean difference time = 818590
Get error time = 248
runtime = 48.2001
Best ASE = n503		CONST0	4	newError = 13	estError = 13
#literals = 1481
--------- round 30 ---------
#candidates = 8622
Build cut network time = 31426
seed = 1471344881
Get boolean difference time = 875855
Get error time = 161
runtime = 49.5379
Best ASE = n700		CONST1	0	newError = 15	estError = 15
#literals = 1478
--------- round 31 ---------
#candidates = 8614
Build cut network time = 27221
seed = 3679180863
Get boolean difference time = 1087821
Get error time = 242
runtime = 51.078
Best ASE = n435		CONST0	0	newError = 16	estError = 16
#literals = 1476
--------- round 32 ---------
#candidates = 8610
Build cut network time = 30288
seed = 276127220
Get boolean difference time = 1198248
Get error time = 271
runtime = 52.7262
Best ASE = n437		CONST0	0	newError = 14	estError = 14
#literals = 1474
--------- round 33 ---------
#candidates = 8606
Build cut network time = 43809
seed = 2451035900
Get boolean difference time = 626637
Get error time = 198
runtime = 53.81
Best ASE = n461		CONST0	0	newError = 15	estError = 15
#literals = 1472
--------- round 34 ---------
#candidates = 8602
Build cut network time = 28205
seed = 2172088352
Get boolean difference time = 1034321
Get error time = 273
runtime = 55.3031
Best ASE = n429		CONST0	0	newError = 20	estError = 20
#literals = 1470
--------- round 35 ---------
#candidates = 8598
Build cut network time = 31835
seed = 2527513381
Get boolean difference time = 1247920
Get error time = 203
runtime = 57.0057
Best ASE = n425		CONST0	0	newError = 8	estError = 8
#literals = 1468
--------- round 36 ---------
#candidates = 8594
Build cut network time = 27389
seed = 3411107263
Get boolean difference time = 834841
Get error time = 182
runtime = 58.2799
Best ASE = n426		CONST0	0	newError = 12	estError = 12
#literals = 1466
--------- round 37 ---------
#candidates = 8590
Build cut network time = 27019
seed = 1831860963
Get boolean difference time = 936561
Get error time = 364
runtime = 59.6525
Best ASE = n430		CONST0	0	newError = 9	estError = 9
#literals = 1464
--------- round 38 ---------
#candidates = 8586
Build cut network time = 36160
seed = 2398943008
Get boolean difference time = 1002904
Get error time = 227
runtime = 61.13
Best ASE = n600		CONST1	19	newError = 40	estError = 40
#literals = 1460
--------- round 39 ---------
#candidates = 8570
Build cut network time = 26971
seed = 1180501579
Get boolean difference time = 978968
Get error time = 155
runtime = 62.5545
Best ASE = n714	0-0-|-00-|	INTER	24	newError = 51	estError = 51
#literals = 1456
--------- round 40 ---------
#candidates = 8389
Build cut network time = 23260
seed = 318451883
Get boolean difference time = 949271
Get error time = 361
runtime = 63.9402
Best ASE = n499		CONST1	12	newError = 77	estError = 77
#literals = 1452
--------- round 41 ---------
#candidates = 8373
Build cut network time = 30937
seed = 1699337910
Get boolean difference time = 885059
Get error time = 316
runtime = 65.27
Best ASE = n498		CONST0	0	newError = 57	estError = 57
#literals = 1449
--------- round 42 ---------
#candidates = 8365
Build cut network time = 31227
seed = 2659576741
Get boolean difference time = 925347
Get error time = 214
runtime = 66.6458
Best ASE = n610	--0-|--0-|---0|	INTER	43	newError = 113	estError = 113
#literals = 1444
--------- round 43 ---------
#candidates = 8175
Build cut network time = 26525
seed = 4150423617
Get boolean difference time = 1014897
Get error time = 223
runtime = 68.1042
Best ASE = n588		CONST1	61	newError = 188	estError = 188
#literals = 1441
--------- round 44 ---------
#candidates = 8167
Build cut network time = 25543
seed = 904034635
Get boolean difference time = 905843
Get error time = 353
runtime = 69.4434
Best ASE = n460		CONST0	0	newError = 169	estError = 169
#literals = 1439
--------- round 45 ---------
#candidates = 8163
Build cut network time = 31470
seed = 1732550373
Get boolean difference time = 853413
Get error time = 387
runtime = 70.7501
Best ASE = n454		CONST0	0	newError = 174	estError = 174
#literals = 1437
--------- round 46 ---------
#candidates = 8159
Build cut network time = 35449
seed = 1541692831
Get boolean difference time = 1063108
Get error time = 244
runtime = 72.2669
Best ASE = n443		CONST0	0	newError = 174	estError = 174
#literals = 1435
--------- round 47 ---------
#candidates = 8155
Build cut network time = 28751
seed = 3125255567
Get boolean difference time = 816971
Get error time = 224
runtime = 73.5222
Best ASE = n434		CONST0	0	newError = 160	estError = 160
#literals = 1433
--------- round 48 ---------
#candidates = 8151
Build cut network time = 23477
seed = 4087215649
Get boolean difference time = 1195859
Get error time = 591
runtime = 75.1574
Best ASE = n439		CONST1	0	newError = 159	estError = 159
#literals = 1431
--------- round 49 ---------
#candidates = 8147
Build cut network time = 38982
seed = 323834736
Get boolean difference time = 868978
Get error time = 505
runtime = 76.4871
Best ASE = n445		CONST1	0	newError = 155	estError = 155
#literals = 1429
--------- round 50 ---------
#candidates = 8143
Build cut network time = 33129
seed = 2903029565
Get boolean difference time = 816983
Get error time = 298
runtime = 77.7552
Best ASE = n619		CONST1	182	newError = 364	estError = 364
#literals = 1425
--------- round 51 ---------
#candidates = 8127
Build cut network time = 26320
seed = 2501669933
Get boolean difference time = 945447
Get error time = 353
runtime = 79.1427
Best ASE = n356	0-0-|-0--|	INTER	359	newError = 697	estError = 697
#literals = 1420
--------- round 52 ---------
#candidates = 7939
Build cut network time = 29816
seed = 2768689569
Get boolean difference time = 967511
Get error time = 327
runtime = 80.5593
Best ASE = n364	0-0-|-0--|	INTER	196	newError = 895	estError = 895
#literals = 1415
--------- round 53 ---------
#candidates = 7751
Build cut network time = 31761
seed = 259916032
Get boolean difference time = 1007281
Get error time = 445
runtime = 82.019
estimated error exceeds error bound
Best ASE = n367	0---|-00-|	INTER	78	newError = 1004	estError = 1004
final approximate circuit is: i2c_back.blif
area = 1102
delay = 17.6
#literals = 1410
