fileName = square
original #literals = 37843
--------- round 0 ---------
#candidates = 173123
Build cut network time = 4504581
seed = 125093585
Get boolean difference time = 2381977
Get error time = 2815
runtime = 6.95736
Best ASE = n490	-00-|0--0|	INTER	0	newError = 0	estError = 0
#literals = 37839
--------- round 1 ---------
#candidates = 172943
Build cut network time = 3885110
seed = 64287436
Get boolean difference time = 2669682
Get error time = 2612
runtime = 13.5827
Best ASE = n1058	0-0-|-0-0|	INTER	0	newError = 0	estError = 0
#literals = 37835
--------- round 2 ---------
#candidates = 172763
Build cut network time = 4013892
seed = 2928085841
Get boolean difference time = 2402915
Get error time = 2640
runtime = 20.067
Best ASE = n4306	-00-|0--0|	INTER	0	newError = 0	estError = 0
#literals = 37831
--------- round 3 ---------
#candidates = 172583
Build cut network time = 3601865
seed = 1747869493
Get boolean difference time = 2628482
Get error time = 2797
runtime = 26.3655
Best ASE = n4164	0---|-00-|---0|	INTER	0	newError = 0	estError = 0
#literals = 37827
--------- round 4 ---------
#candidates = 172403
Build cut network time = 3789791
seed = 879551661
Get boolean difference time = 2395062
Get error time = 2671
runtime = 32.6177
Best ASE = n5170	0-0-|-0-0|	INTER	0	newError = 0	estError = 0
#literals = 37823
--------- round 5 ---------
#candidates = 172223
Build cut network time = 3767328
seed = 2214853349
Get boolean difference time = 2467834
Get error time = 2908
runtime = 38.9213
Best ASE = n11943		CONST1	0	newError = 0	estError = 0
#literals = 37819
--------- round 6 ---------
#candidates = 172207
Build cut network time = 4084558
seed = 3311338501
