Original Area:666.000000, Original Delay:16.100000, Orignial Gate :298
Change gate s[0] with gaten99  , changed gate loc: 66,  sub gate loc: 99Inverter: 0
Simulate AEM is 0.250620
Now AEM is 0.250620
Simulate added AEM is 0.250620, Now added AEM is 0.250620
Approximate gate:297, Approximate area:661.000000
Accurate error is 0.250620, Area :661.000000, Delay: 16.100000, Gate: 297
Now running time: 20
Change gate s[0] with gatex[0]  , changed gate loc: 66,  sub gate loc: 2Inverter: 1
Simulate AEM is 0.187110
Now AEM is 0.503970
Simulate added AEM is -0.063510, Now added AEM is 0.253350
Approximate gate:297, Approximate area:660.000000
Accurate error is 0.503970, Area :660.000000, Delay: 16.100000, Gate: 297
Now running time: 45
Change gate n103 with gatex[1]  , changed gate loc: 103,  sub gate loc: 3Inverter: 0
Simulate AEM is 0.177630
Now AEM is 1.252930
Simulate added AEM is -0.009480, Now added AEM is 0.748960
Approximate gate:297, Approximate area:659.000000
Accurate error is 1.252930, Area :659.000000, Delay: 16.100000, Gate: 297
Now running time: 72
Change gate n108 with gatey[2]  , changed gate loc: 107,  sub gate loc: 36Inverter: 1
Simulate AEM is 0.125350
Now AEM is 4.308840
Simulate added AEM is -0.052280, Now added AEM is 3.055910
Approximate gate:295, Approximate area:656.000000
Accurate error is 4.308840, Area :656.000000, Delay: 16.100000, Gate: 295
Now running time: 95
Change gate n123 with gaten101  , changed gate loc: 121,  sub gate loc: 101Inverter: 1
Simulate AEM is 0.125270
Now AEM is 5.792300
Simulate added AEM is -0.000080, Now added AEM is 1.483460
Approximate gate:295, Approximate area:655.000000
Accurate error is 5.792300, Area :655.000000, Delay: 16.100000, Gate: 295
Now running time: 118
Change gate s[2] with gaten130  , changed gate loc: 68,  sub gate loc: 127Inverter: 0
Simulate AEM is 0.123750
Now AEM is 5.979050
Simulate added AEM is -0.001520, Now added AEM is 0.186750
Approximate gate:289, Approximate area:643.000000
Accurate error is 5.979050, Area :643.000000, Delay: 16.100000, Gate: 289
Now running time: 140
Change gate n104 with gatezero  , changed gate loc: 104,  sub gate loc: 0Inverter: 0
Simulate AEM is 0.123730
Now AEM is 6.003250
Simulate added AEM is -0.000020, Now added AEM is 0.024200
Approximate gate:289, Approximate area:641.000000
Accurate error is 6.003250, Area :641.000000, Delay: 16.100000, Gate: 289
Now running time: 162
Change gate s[1] with gatex[0]  , changed gate loc: 67,  sub gate loc: 2Inverter: 0
Simulate AEM is 0.123650
Now AEM is 6.097610
Simulate added AEM is -0.000080, Now added AEM is 0.094360
Approximate gate:288, Approximate area:637.000000
Accurate error is 6.097610, Area :637.000000, Delay: 16.100000, Gate: 288
Now running time: 183
Change gate s[6] with gaten392  , changed gate loc: 72,  sub gate loc: 361Inverter: 0
Simulate AEM is 0.119170
Now AEM is 35.158790
Simulate added AEM is -0.004480, Now added AEM is 29.061180
Approximate gate:285, Approximate area:630.000000
Accurate error is 35.158790, Area :630.000000, Delay: 16.100000, Gate: 285
Now running time: 205
Change gate s[3] with gaten108  , changed gate loc: 69,  sub gate loc: 107Inverter: 0
Simulate AEM is 0.118210
Now AEM is 35.330060
Simulate added AEM is -0.000960, Now added AEM is 0.171270
Approximate gate:281, Approximate area:621.000000
Accurate error is 35.330060, Area :621.000000, Delay: 16.100000, Gate: 281
Now running time: 226
Change gate s[7] with gaten175  , changed gate loc: 73,  sub gate loc: 167Inverter: 1
Simulate AEM is 0.116930
Now AEM is 67.884620
Simulate added AEM is -0.001280, Now added AEM is 32.554560
Approximate gate:274, Approximate area:605.000000
Accurate error is 67.884620, Area :605.000000, Delay: 16.100000, Gate: 274
Now running time: 247
Change gate s[4] with gaten117  , changed gate loc: 70,  sub gate loc: 115Inverter: 1
Simulate AEM is 0.116130
Now AEM is 69.100960
Simulate added AEM is -0.000800, Now added AEM is 1.216340
Approximate gate:273, Approximate area:599.000000
Accurate error is 69.100960, Area :599.000000, Delay: 16.100000, Gate: 273
Now running time: 267
Change gate s[1] with gatezero  , changed gate loc: 67,  sub gate loc: 0Inverter: 0
Simulate AEM is 0.115990
Now AEM is 68.941140
Simulate added AEM is -0.000140, Now added AEM is -0.159820
Approximate gate:273, Approximate area:598.000000
Accurate error is 68.941140, Area :598.000000, Delay: 16.100000, Gate: 273
Now running time: 288
Change gate s[5] with gates[0]  , changed gate loc: 71,  sub gate loc: 66Inverter: 1
Simulate AEM is 0.115670
Now AEM is 71.641580
Simulate added AEM is -0.000320, Now added AEM is 2.700440
Approximate gate:269, Approximate area:586.000000
Accurate error is 71.641580, Area :586.000000, Delay: 16.100000, Gate: 269
Now running time: 308
Change gate s[8] with gaten241  , changed gate loc: 74,  sub gate loc: 226Inverter: 1
Simulate AEM is 0.113110
Now AEM is 155.690830
Simulate added AEM is -0.002560, Now added AEM is 84.049250
Approximate gate:268, Approximate area:580.000000
Accurate error is 155.690830, Area :580.000000, Delay: 16.100000, Gate: 268
Now running time: 327
Change gate s[10] with gatey[0]  , changed gate loc: 76,  sub gate loc: 34Inverter: 0
Simulate AEM is 0.102870
Now AEM is 587.136320
Simulate added AEM is -0.010240, Now added AEM is 431.445490
Approximate gate:266, Approximate area:573.000000
Accurate error is 587.136320, Area :573.000000, Delay: 16.100000, Gate: 266
Now running time: 347
Change gate s[21] with gaten328  , changed gate loc: 87,  sub gate loc: 305Inverter: 1
Simulate AEM is 0.082010
Now AEM is 927393.763830
Simulate added AEM is -0.020860, Now added AEM is 926806.627510
Approximate gate:264, Approximate area:566.000000
Accurate error is 927393.763830, Area :566.000000, Delay: 16.100000, Gate: 264
Now running time: 366
Change gate s[9] with gaten101  , changed gate loc: 75,  sub gate loc: 101Inverter: 1
Simulate AEM is 0.076890
Now AEM is 921532.950380
Simulate added AEM is -0.005120, Now added AEM is -5860.813450
Approximate gate:263, Approximate area:560.000000
Accurate error is 921532.950380, Area :560.000000, Delay: 16.100000, Gate: 263
Now running time: 384
Change gate n175 with gaten101  , changed gate loc: 167,  sub gate loc: 101Inverter: 1
Simulate AEM is 0.070490
Now AEM is 914498.975150
Simulate added AEM is -0.006400, Now added AEM is -7033.975230
Approximate gate:262, Approximate area:557.000000
Accurate error is 914498.975150, Area :557.000000, Delay: 16.100000, Gate: 262
Now running time: 403
Change gate s[7] with gaten163  , changed gate loc: 73,  sub gate loc: 156Inverter: 0
Simulate AEM is 0.067930
Now AEM is 924547.520460
Simulate added AEM is -0.002560, Now added AEM is 10048.545310
Approximate gate:261, Approximate area:556.000000
Accurate error is 924547.520460, Area :556.000000, Delay: 16.100000, Gate: 261
Now running time: 421
Change gate s[11] with gaten144  , changed gate loc: 77,  sub gate loc: 139Inverter: 1
Simulate AEM is 0.047450
Now AEM is 927635.385060
Simulate added AEM is -0.020480, Now added AEM is 3087.864600
Approximate gate:255, Approximate area:541.000000
Accurate error is 927635.385060, Area :541.000000, Delay: 16.100000, Gate: 255
Now running time: 440
Change gate s[5] with gateone  , changed gate loc: 71,  sub gate loc: 1Inverter: 0
Simulate AEM is 0.046810
Now AEM is 919754.513350
Simulate added AEM is -0.000640, Now added AEM is -7880.871710
Approximate gate:255, Approximate area:540.000000
Accurate error is 919754.513350, Area :540.000000, Delay: 16.100000, Gate: 255
Now running time: 457
Change gate s[8] with gaten168  , changed gate loc: 74,  sub gate loc: 161Inverter: 0
Simulate AEM is 0.018650
Now AEM is 918087.930270
Simulate added AEM is -0.028160, Now added AEM is -1666.583080
Approximate gate:254, Approximate area:539.000000
Accurate error is 918087.930270, Area :539.000000, Delay: 16.100000, Gate: 254
Now running time: 474
Change gate s[7] with gatezero  , changed gate loc: 73,  sub gate loc: 0Inverter: 0
Simulate AEM is -0.005670
Now AEM is 923693.576260
Simulate added AEM is -0.024320, Now added AEM is 5605.645990
Approximate gate:252, Approximate area:533.000000
Accurate error is 923693.576260, Area :533.000000, Delay: 16.100000, Gate: 252
Now running time: 492
Change gate s[4] with gatezero  , changed gate loc: 70,  sub gate loc: 0Inverter: 0
Simulate AEM is -0.007590
Now AEM is 918073.056330
Simulate added AEM is -0.001920, Now added AEM is -5620.519930
Approximate gate:252, Approximate area:532.000000
Accurate error is 918073.056330, Area :532.000000, Delay: 16.100000, Gate: 252
Now running time: 509
Change gate n101 with gateone  , changed gate loc: 101,  sub gate loc: 1Inverter: 0
Simulate AEM is -0.009230
Now AEM is 923093.792790
Simulate added AEM is -0.001640, Now added AEM is 5020.736460
Approximate gate:252, Approximate area:531.000000
Accurate error is 923093.792790, Area :531.000000, Delay: 16.100000, Gate: 252
Now running time: 526
Change gate s[12] with gaten176  , changed gate loc: 78,  sub gate loc: 168Inverter: 1
Simulate AEM is -0.050190
Now AEM is 924696.859940
Simulate added AEM is -0.040960, Now added AEM is 1603.067150
Approximate gate:251, Approximate area:525.000000
Accurate error is 924696.859940, Area :525.000000, Delay: 16.100000, Gate: 251
Now running time: 542
Change gate s[13] with gaten199  , changed gate loc: 79,  sub gate loc: 188Inverter: 0
Simulate AEM is -0.214030
Now AEM is 926820.869240
Simulate added AEM is -0.163840, Now added AEM is 2124.009300
Approximate gate:249, Approximate area:518.000000
Accurate error is 926820.869240, Area :518.000000, Delay: 16.100000, Gate: 249
Now running time: 559
Change gate s[2] with gaten120  , changed gate loc: 68,  sub gate loc: 118Inverter: 1
Simulate AEM is -0.216310
Now AEM is 920780.467580
Simulate added AEM is -0.002280, Now added AEM is -6040.401660
Approximate gate:245, Approximate area:509.000000
Accurate error is 920780.467580, Area :509.000000, Delay: 16.100000, Gate: 245
Now running time: 575
Change gate s[0] with gateone  , changed gate loc: 66,  sub gate loc: 1Inverter: 0
Simulate AEM is -0.217540
Now AEM is 922769.717250
Simulate added AEM is -0.001230, Now added AEM is 1989.249670
Approximate gate:245, Approximate area:508.000000
Accurate error is 922769.717250, Area :508.000000, Delay: 16.100000, Gate: 245
Now running time: 591
Change gate n213 with gaten125  , changed gate loc: 201,  sub gate loc: 122Inverter: 0
Simulate AEM is -0.381380
Now AEM is 926409.373490
Simulate added AEM is -0.163840, Now added AEM is 3639.656240
Approximate gate:240, Approximate area:496.000000
Accurate error is 926409.373490, Area :496.000000, Delay: 16.100000, Gate: 240
Now running time: 607
Change gate s[16] with gaten194  , changed gate loc: 82,  sub gate loc: 184Inverter: 1
Simulate AEM is -0.482500
Now AEM is 941955.930690
Simulate added AEM is -0.101120, Now added AEM is 15546.557200
Approximate gate:239, Approximate area:490.000000
Accurate error is 941955.930690, Area :490.000000, Delay: 16.100000, Gate: 239
Now running time: 623
Change gate s[3] with gateone  , changed gate loc: 69,  sub gate loc: 1Inverter: 0
Simulate AEM is -0.490820
Now AEM is 945268.133880
Simulate added AEM is -0.008320, Now added AEM is 3312.203190
Approximate gate:239, Approximate area:489.000000
Accurate error is 945268.133880, Area :489.000000, Delay: 16.100000, Gate: 239
Now running time: 638
Change gate n120 with gaten117  , changed gate loc: 118,  sub gate loc: 115Inverter: 1
Simulate AEM is -0.494980
Now AEM is 942939.883310
Simulate added AEM is -0.004160, Now added AEM is -2328.250570
Approximate gate:239, Approximate area:487.000000
Accurate error is 942939.883310, Area :487.000000, Delay: 16.100000, Gate: 239
Now running time: 653
Change gate n131 with gateone  , changed gate loc: 128,  sub gate loc: 1Inverter: 0
Simulate AEM is -1.805700
Now AEM is 939285.366720
Simulate added AEM is -1.310720, Now added AEM is -3654.516590
Approximate gate:236, Approximate area:478.000000
Accurate error is 939285.366720, Area :478.000000, Delay: 16.000000, Gate: 236
Now running time: 668
Change gate s[14] with gaten220  , changed gate loc: 80,  sub gate loc: 207Inverter: 1
Simulate AEM is -2.297220
Now AEM is 943589.277090
Simulate added AEM is -0.491520, Now added AEM is 4303.910370
Approximate gate:233, Approximate area:470.000000
Accurate error is 943589.277090, Area :470.000000, Delay: 16.000000, Gate: 233
Now running time: 683
Change gate n230 with gatey[1]  , changed gate loc: 217,  sub gate loc: 35Inverter: 1
Simulate AEM is -2.624900
Now AEM is 944536.807240
Simulate added AEM is -0.327680, Now added AEM is 947.530150
Approximate gate:230, Approximate area:464.000000
Accurate error is 944536.807240, Area :464.000000, Delay: 16.000000, Gate: 230
Now running time: 697
Change gate s[15] with gaten155  , changed gate loc: 81,  sub gate loc: 149Inverter: 1
Simulate AEM is -3.479580
Now AEM is 943118.257580
Simulate added AEM is -0.854680, Now added AEM is -1418.549660
Approximate gate:226, Approximate area:454.000000
Accurate error is 943118.257580, Area :454.000000, Delay: 16.000000, Gate: 226
Now running time: 711
Change gate s[10] with gateone  , changed gate loc: 76,  sub gate loc: 1Inverter: 0
Simulate AEM is -3.858460
Now AEM is 948018.044320
Simulate added AEM is -0.378880, Now added AEM is 4899.786740
Approximate gate:226, Approximate area:453.000000
Accurate error is 948018.044320, Area :453.000000, Delay: 16.000000, Gate: 226
Now running time: 724
Change gate n144 with gatezero  , changed gate loc: 139,  sub gate loc: 0Inverter: 0
Simulate AEM is -4.022300
Now AEM is 945601.134750
Simulate added AEM is -0.163840, Now added AEM is -2416.909570
Approximate gate:226, Approximate area:451.000000
Accurate error is 945601.134750, Area :451.000000, Delay: 16.000000, Gate: 226
Now running time: 737
Change gate s[17] with gatex[0]  , changed gate loc: 83,  sub gate loc: 2Inverter: 0
Simulate AEM is -5.395580
Now AEM is 968774.749600
Simulate added AEM is -1.373280, Now added AEM is 23173.614850
Approximate gate:225, Approximate area:445.000000
Accurate error is 968774.749600, Area :445.000000, Delay: 16.000000, Gate: 225
Now running time: 751
Change gate n166 with gaten161  , changed gate loc: 159,  sub gate loc: 154Inverter: 1
Simulate AEM is -8.017020
Now AEM is 976254.551970
Simulate added AEM is -2.621440, Now added AEM is 7479.802370
Approximate gate:222, Approximate area:435.000000
Accurate error is 976254.551970, Area :435.000000, Delay: 16.000000, Gate: 222
Now running time: 763
Change gate s[2] with gateone  , changed gate loc: 68,  sub gate loc: 1Inverter: 0
Simulate AEM is -8.020100
Now AEM is 972828.941740
Simulate added AEM is -0.003080, Now added AEM is -3425.610230
Approximate gate:220, Approximate area:432.000000
Accurate error is 972828.941740, Area :432.000000, Delay: 16.000000, Gate: 220
Now running time: 776
Change gate s[18] with gaten213  , changed gate loc: 84,  sub gate loc: 201Inverter: 0
Simulate AEM is -10.914420
Now AEM is 1021241.899010
Simulate added AEM is -2.894320, Now added AEM is 48412.957270
Approximate gate:216, Approximate area:423.000000
Accurate error is 1021241.899010, Area :423.000000, Delay: 16.000000, Gate: 216
Now running time: 789
Change gate s[19] with gaten251  , changed gate loc: 85,  sub gate loc: 236Inverter: 0
Simulate AEM is -11.354320
Now AEM is 1113810.033790
Simulate added AEM is -0.439900, Now added AEM is 92568.134780
Approximate gate:208, Approximate area:404.000000
Accurate error is 1113810.033790, Area :404.000000, Delay: 16.000000, Gate: 208
Now running time: 800
Change gate n242 with gaten240  , changed gate loc: 227,  sub gate loc: 225Inverter: 0
Simulate AEM is -23.869900
Now AEM is 1111491.248420
Simulate added AEM is -12.515580, Now added AEM is -2318.785370
Approximate gate:189, Approximate area:370.000000
Accurate error is 1111491.248420, Area :370.000000, Delay: 16.000000, Gate: 189
Now running time: 811
Change gate s[8] with gateone  , changed gate loc: 74,  sub gate loc: 1Inverter: 0
Simulate AEM is -24.067020
Now AEM is 1119360.730110
Simulate added AEM is -0.197120, Now added AEM is 7869.481690
Approximate gate:189, Approximate area:369.000000
Accurate error is 1119360.730110, Area :369.000000, Delay: 16.000000, Gate: 189
Now running time: 821
Change gate n305 with gatezero  , changed gate loc: 284,  sub gate loc: 0Inverter: 0
Simulate AEM is -32.781180
Now AEM is 3463192.462460
Simulate added AEM is -8.714160, Now added AEM is 2343831.732350
Approximate gate:186, Approximate area:361.000000
Accurate error is 3463192.462460, Area :361.000000, Delay: 16.000000, Gate: 186
Now running time: 830
Change gate s[12] with gatezero  , changed gate loc: 78,  sub gate loc: 0Inverter: 0
Simulate AEM is -33.518460
Now AEM is 3479332.036670
Simulate added AEM is -0.737280, Now added AEM is 16139.574210
Approximate gate:186, Approximate area:360.000000
Accurate error is 3479332.036670, Area :360.000000, Delay: 16.000000, Gate: 186
Now running time: 840
Change gate s[20] with gaten288  , changed gate loc: 86,  sub gate loc: 269Inverter: 1
Simulate AEM is -33.520160
Now AEM is 3529481.161490
Simulate added AEM is -0.001700, Now added AEM is 50149.124820
Approximate gate:183, Approximate area:350.000000
Accurate error is 3529481.161490, Area :350.000000, Delay: 16.000000, Gate: 183
Now running time: 849
Change gate s[9] with gateone  , changed gate loc: 75,  sub gate loc: 1Inverter: 0
Simulate AEM is -34.370080
Now AEM is 3543093.856860
Simulate added AEM is -0.849920, Now added AEM is 13612.695370
Approximate gate:182, Approximate area:349.000000
Accurate error is 3543093.856860, Area :349.000000, Delay: 16.000000, Gate: 182
Now running time: 858
Change gate n243 with gatex[11]  , changed gate loc: 228,  sub gate loc: 13Inverter: 0
Simulate AEM is -206.173480
Now AEM is 3564967.087240
Simulate added AEM is -171.803400, Now added AEM is 21873.230380
Approximate gate:166, Approximate area:318.000000
Accurate error is 3564967.087240, Area :318.000000, Delay: 16.000000, Gate: 166
Now running time: 866
Change gate s[16] with gatezero  , changed gate loc: 82,  sub gate loc: 0Inverter: 0
Simulate AEM is -208.139560
Now AEM is 3553415.749740
Simulate added AEM is -1.966080, Now added AEM is -11551.337500
Approximate gate:165, Approximate area:316.000000
Accurate error is 3553415.749740, Area :316.000000, Delay: 16.000000, Gate: 165
Now running time: 874
Change gate n246 with gaten217  , changed gate loc: 231,  sub gate loc: 205Inverter: 0
Simulate AEM is -209.009600
Now AEM is 3551150.929160
Simulate added AEM is -0.870040, Now added AEM is -2264.820580
Approximate gate:162, Approximate area:309.000000
Accurate error is 3551150.929160, Area :309.000000, Delay: 16.000000, Gate: 162
Now running time: 882
Change gate s[14] with gateone  , changed gate loc: 80,  sub gate loc: 1Inverter: 0
Simulate AEM is -213.269440
Now AEM is 3544902.748740
Simulate added AEM is -4.259840, Now added AEM is -6248.180420
Approximate gate:161, Approximate area:305.000000
Accurate error is 3544902.748740, Area :305.000000, Delay: 16.000000, Gate: 161
Now running time: 890
The 0 choose is not good
The 1 choose is not good
Change gate s[20] with gatex[16]  , changed gate loc: 86,  sub gate loc: 18Inverter: 0
Simulate AEM is -264.382320
Now AEM is 3527979.390920
Simulate added AEM is -51.112880, Now added AEM is -16923.357820
Approximate gate:160, Approximate area:303.000000
Accurate error is 3527979.390920, Area :303.000000, Delay: 16.000000, Gate: 160
Now running time: 899
Change gate s[11] with gatezero  , changed gate loc: 77,  sub gate loc: 0Inverter: 0
Simulate AEM is -269.051760
Now AEM is 3516596.058980
Simulate added AEM is -4.669440, Now added AEM is -11383.331940
Approximate gate:159, Approximate area:302.000000
Accurate error is 3516596.058980, Area :302.000000, Delay: 16.000000, Gate: 159
Now running time: 906
Change gate n242 with gaten246  , changed gate loc: 227,  sub gate loc: 231Inverter: 1
Simulate AEM is -284.856820
Now AEM is 3515215.721660
Simulate added AEM is -15.805060, Now added AEM is -1380.337320
Approximate gate:154, Approximate area:292.000000
Accurate error is 3515215.721660, Area :292.000000, Delay: 16.000000, Gate: 154
Now running time: 914
Change gate s[22] with gatex[3]  , changed gate loc: 88,  sub gate loc: 5Inverter: 0
Simulate AEM is -319.053780
Now AEM is 3900820.083740
Simulate added AEM is -34.196960, Now added AEM is 385604.362080
Approximate gate:151, Approximate area:284.000000
Accurate error is 3900820.083740, Area :284.000000, Delay: 16.000000, Gate: 151
Now running time: 921
Change gate s[13] with gatezero  , changed gate loc: 79,  sub gate loc: 0Inverter: 0
Simulate AEM is -327.081940
Now AEM is 3894965.956020
Simulate added AEM is -8.028160, Now added AEM is -5854.127720
Approximate gate:151, Approximate area:283.000000
Accurate error is 3894965.956020, Area :283.000000, Delay: 16.000000, Gate: 151
Now running time: 928
Change gate s[15] with gateone  , changed gate loc: 81,  sub gate loc: 1Inverter: 0
Simulate AEM is -330.249340
Now AEM is 3918653.612160
Simulate added AEM is -3.167400, Now added AEM is 23687.656140
Approximate gate:150, Approximate area:281.000000
Accurate error is 3918653.612160, Area :281.000000, Delay: 16.000000, Gate: 150
Now running time: 935
Change gate n248 with gatezero  , changed gate loc: 233,  sub gate loc: 0Inverter: 0
Simulate AEM is -665.793660
Now AEM is 3910327.410260
Simulate added AEM is -335.544320, Now added AEM is -8326.201900
Approximate gate:140, Approximate area:263.000000
Accurate error is 3910327.410260, Area :263.000000, Delay: 16.000000, Gate: 140
Now running time: 942
The 0 choose is not good
Change gate n252 with gateone  , changed gate loc: 237,  sub gate loc: 1Inverter: 0
Simulate AEM is -707.736700
Now AEM is 3902586.943780
Simulate added AEM is -41.943040, Now added AEM is -7740.466480
Approximate gate:140, Approximate area:261.000000
Accurate error is 3902586.943780, Area :261.000000, Delay: 16.000000, Gate: 140
Now running time: 949
The 0 choose is not good
The 1 choose is not good
Change gate s[21] with gaten321  , changed gate loc: 87,  sub gate loc: 298Inverter: 0
Simulate AEM is -746.889560
Now AEM is 4036619.106000
Simulate added AEM is -39.152860, Now added AEM is 134032.162220
Approximate gate:139, Approximate area:260.000000
Accurate error is 4036619.106000, Area :260.000000, Delay: 16.000000, Gate: 139
Now running time: 956
The 0 choose is not good
The 1 choose is not good
The 2 choose is not good
Change gate s[17] with gateone  , changed gate loc: 83,  sub gate loc: 1Inverter: 0
Simulate AEM is -1036.855580
Now AEM is 4014418.007520
Simulate added AEM is -289.966020, Now added AEM is -22201.098480
Approximate gate:139, Approximate area:259.000000
Accurate error is 4014418.007520, Area :259.000000, Delay: 16.000000, Gate: 139
Now running time: 963
The 0 choose is not good
Change gate n287 with gaten264  , changed gate loc: 268,  sub gate loc: 247Inverter: 1
Simulate AEM is -1425.561260
Now AEM is 4003510.796820
Simulate added AEM is -388.705680, Now added AEM is -10907.210700
Approximate gate:136, Approximate area:253.000000
Accurate error is 4003510.796820, Area :253.000000, Delay: 16.000000, Gate: 136
Now running time: 969
The 0 choose is not good
The 1 choose is not good
The 2 choose is not good
Change gate n278 with gatex[20]  , changed gate loc: 259,  sub gate loc: 22Inverter: 0
Simulate AEM is -2354.814340
Now AEM is 4164183.102520
Simulate added AEM is -929.253080, Now added AEM is 160672.305700
Approximate gate:136, Approximate area:251.000000
Accurate error is 4164183.102520, Area :251.000000, Delay: 16.000000, Gate: 136
Now running time: 976
The 0 choose is not good
Change gate n308 with gatey[22]  , changed gate loc: 286,  sub gate loc: 56Inverter: 0
Simulate AEM is -2999.995300
Now AEM is 4157979.534180
Simulate added AEM is -645.180960, Now added AEM is -6203.568340
Approximate gate:134, Approximate area:247.000000
Accurate error is 4157979.534180, Area :247.000000, Delay: 16.000000, Gate: 134
Now running time: 983
The 0 choose is not good
The 1 choose is not good
Change gate s[18] with gatezero  , changed gate loc: 84,  sub gate loc: 0Inverter: 0
Simulate AEM is -3357.152440
Now AEM is 4173544.931460
Simulate added AEM is -357.157140, Now added AEM is 15565.397280
Approximate gate:134, Approximate area:246.000000
Accurate error is 4173544.931460, Area :246.000000, Delay: 16.000000, Gate: 134
Now running time: 989
The 0 choose is not good
The 1 choose is not good
Change gate n282 with gatey[16]  , changed gate loc: 263,  sub gate loc: 50Inverter: 1
Simulate AEM is -4085.877100
Now AEM is 4194508.208390
Simulate added AEM is -728.724660, Now added AEM is 20963.276930
Approximate gate:130, Approximate area:237.000000
Accurate error is 4194508.208390, Area :237.000000, Delay: 16.000000, Gate: 130
Now running time: 996
The 0 choose is not good
The 1 choose is not good
The 2 choose is not good
Change gate n285 with gatey[19]  , changed gate loc: 266,  sub gate loc: 53Inverter: 1
Simulate AEM is -4929.950580
Now AEM is 4205034.858100
Simulate added AEM is -844.073480, Now added AEM is 10526.649710
Approximate gate:127, Approximate area:229.000000
Accurate error is 4205034.858100, Area :229.000000, Delay: 16.000000, Gate: 127
Now running time: 1002
The 0 choose is not good
The 1 choose is not good
The 2 choose is not good
The 3 choose is not good
The 4 choose is not good
The 5 choose is not good
The 6 choose is not good
The 7 choose is not good
The 8 choose is not good
The 9 choose is not good
Change gate n329 with gaten293  , changed gate loc: 306,  sub gate loc: 273Inverter: 0
Simulate AEM is -15739.154520
Now AEM is 15433901.655130
Simulate added AEM is -10809.203940, Now added AEM is 11228866.797030
AEM Threshold: 4205631 Now AEM: 1.54339e+07
ALL running time: 1009
Error propagation matrix time: 68 with 44109 node
Error simulation time: 874 with 818260 node
Area time: 0
Whole find time: 945
