fileName = arbiter
original #literals = 1942
--------- round 0 ---------
#candidates = 5465
Build cut network time = 77877
seed = 2535595860
Get boolean difference time = 372392
Get error time = 218
runtime = 0.587368
Best ASE = n834		CONST0	0	newError = 0	estError = 0
#literals = 1938
--------- round 1 ---------
#candidates = 5450
Build cut network time = 64363
seed = 3285565973
Get boolean difference time = 407810
Get error time = 245
runtime = 1.1948
Best ASE = n837		CONST1	0	newError = 0	estError = 0
#literals = 1934
--------- round 2 ---------
#candidates = 5435
Build cut network time = 66206
seed = 592918425
Get boolean difference time = 402308
Get error time = 288
runtime = 1.7986
Best ASE = n554	0---|	INTER	-2	newError = 0	estError = 0
#literals = 1931
--------- round 3 ---------
#candidates = 5421
Build cut network time = 64163
seed = 2385750848
Get boolean difference time = 379635
Get error time = 210
runtime = 2.37775
Best ASE = n861		CONST0	0	newError = 1	estError = 1
#literals = 1927
--------- round 4 ---------
#candidates = 5406
Build cut network time = 63882
seed = 3953174893
Get boolean difference time = 362982
Get error time = 276
runtime = 2.93761
Best ASE = n863		CONST0	0	newError = 0	estError = 0
#literals = 1923
--------- round 5 ---------
#candidates = 5391
Build cut network time = 59429
seed = 3194955813
Get boolean difference time = 359341
Get error time = 201
runtime = 3.49012
Best ASE = n839		CONST1	0	newError = 0	estError = 0
#literals = 1919
--------- round 6 ---------
#candidates = 5376
Build cut network time = 59749
seed = 899394901
Get boolean difference time = 367133
Get error time = 258
runtime = 4.05209
Best ASE = n897		CONST0	0	newError = 9	estError = 9
#literals = 1915
--------- round 7 ---------
#candidates = 5361
Build cut network time = 63190
seed = 3236465561
Get boolean difference time = 396422
Get error time = 257
runtime = 4.64852
Best ASE = n909		CONST0	0	newError = 3	estError = 3
#literals = 1911
--------- round 8 ---------
#candidates = 5346
Build cut network time = 65712
seed = 2797236728
Get boolean difference time = 378557
Get error time = 231
runtime = 5.22774
Best ASE = n824		CONST0	0	newError = 0	estError = 0
#literals = 1907
--------- round 9 ---------
#candidates = 5330
Build cut network time = 63002
seed = 895327623
Get boolean difference time = 398753
Get error time = 372
runtime = 5.82379
Best ASE = n555	0--|	INTER	-2	newError = 0	estError = 0
#literals = 1905
--------- round 10 ---------
#candidates = 5324
Build cut network time = 67371
seed = 2283323288
Get boolean difference time = 375446
Get error time = 260
runtime = 6.40135
Best ASE = n815		CONST1	0	newError = 1	estError = 1
#literals = 1901
--------- round 11 ---------
#candidates = 5308
Build cut network time = 62938
seed = 3472830293
Get boolean difference time = 357727
Get error time = 301
runtime = 6.95593
Best ASE = n653		CONST1	0	newError = 6	estError = 6
#literals = 1897
--------- round 12 ---------
#candidates = 5293
Build cut network time = 64626
seed = 2994530103
Get boolean difference time = 376310
Get error time = 307
runtime = 7.53132
Best ASE = n616		CONST0	0	newError = 2	estError = 2
#literals = 1893
--------- round 13 ---------
#candidates = 5278
Build cut network time = 62317
seed = 2381462675
Get boolean difference time = 349822
Get error time = 213
runtime = 8.06595
Best ASE = n601		CONST0	0	newError = 3	estError = 3
#literals = 1889
--------- round 14 ---------
#candidates = 5262
Build cut network time = 53088
seed = 839185036
Get boolean difference time = 363617
Get error time = 247
runtime = 8.57891
Best ASE = n694		CONST0	0	newError = 4	estError = 4
#literals = 1885
--------- round 15 ---------
#candidates = 5247
Build cut network time = 53143
seed = 921774853
Get boolean difference time = 360316
Get error time = 316
runtime = 9.07505
Best ASE = n696		CONST0	0	newError = 5	estError = 5
#literals = 1881
--------- round 16 ---------
#candidates = 5232
Build cut network time = 52176
seed = 2729502347
Get boolean difference time = 352135
Get error time = 182
runtime = 9.56135
Best ASE = n699		CONST0	0	newError = 3	estError = 3
#literals = 1877
--------- round 17 ---------
#candidates = 5217
Build cut network time = 51726
seed = 3339020837
Get boolean difference time = 379981
Get error time = 375
runtime = 10.0757
Best ASE = n804		CONST0	-2	newError = 4	estError = 4
#literals = 1874
--------- round 18 ---------
#candidates = 5209
Build cut network time = 55407
seed = 1579991943
Get boolean difference time = 362222
Get error time = 243
runtime = 10.5761
Best ASE = n783		CONST0	0	newError = 4	estError = 4
#literals = 1870
--------- round 19 ---------
#candidates = 5193
Build cut network time = 49579
seed = 3129772664
Get boolean difference time = 357394
Get error time = 287
runtime = 11.0662
Best ASE = n619		CONST1	-2	newError = 0	estError = 0
#literals = 1867
--------- round 20 ---------
#candidates = 5185
Build cut network time = 52572
seed = 2265385728
Get boolean difference time = 372906
Get error time = 255
runtime = 11.5739
Best ASE = n773		CONST0	0	newError = 1	estError = 1
#literals = 1863
--------- round 21 ---------
#candidates = 5169
Build cut network time = 52325
seed = 1224342598
Get boolean difference time = 352148
Get error time = 227
runtime = 12.061
Best ASE = n769		CONST0	0	newError = 3	estError = 3
#literals = 1859
--------- round 22 ---------
#candidates = 5153
Build cut network time = 47475
seed = 138578949
Get boolean difference time = 370230
Get error time = 293
runtime = 12.5606
Best ASE = n767		CONST0	0	newError = 2	estError = 2
#literals = 1855
--------- round 23 ---------
#candidates = 5137
Build cut network time = 50464
seed = 2406874572
Get boolean difference time = 364090
Get error time = 242
runtime = 13.0577
Best ASE = n765		CONST0	0	newError = 0	estError = 0
#literals = 1851
--------- round 24 ---------
#candidates = 5121
Build cut network time = 52350
seed = 1967536868
Get boolean difference time = 349806
Get error time = 265
runtime = 13.541
Best ASE = n770		CONST0	0	newError = 1	estError = 1
#literals = 1847
--------- round 25 ---------
#candidates = 5105
Build cut network time = 50367
seed = 3128827905
Get boolean difference time = 357496
Get error time = 257
runtime = 14.0317
Best ASE = n553	0-|	INTER	-4	newError = 0	estError = 0
#literals = 1846
--------- round 26 ---------
#candidates = 5103
Build cut network time = 49250
seed = 1953940633
Get boolean difference time = 337803
Get error time = 261
runtime = 14.5017
Best ASE = n795		CONST0	0	newError = 0	estError = 0
#literals = 1842
--------- round 27 ---------
#candidates = 5088
Build cut network time = 52455
seed = 764270930
Get boolean difference time = 291440
Get error time = 229
runtime = 14.9243
Best ASE = n844		CONST1	0	newError = 0	estError = 0
#literals = 1838
--------- round 28 ---------
#candidates = 5073
Build cut network time = 45941
seed = 4193583735
Get boolean difference time = 277195
Get error time = 216
runtime = 15.3274
Best ASE = n918		CONST1	0	newError = 1	estError = 1
#literals = 1834
--------- round 29 ---------
#candidates = 5057
Build cut network time = 44330
seed = 744574012
Get boolean difference time = 271665
Get error time = 240
runtime = 15.7203
Best ASE = n846		CONST1	0	newError = 3	estError = 3
#literals = 1830
--------- round 30 ---------
#candidates = 5042
Build cut network time = 41645
seed = 2621838129
Get boolean difference time = 341303
Get error time = 316
runtime = 16.1925
Best ASE = n750		CONST1	0	newError = 8	estError = 8
#literals = 1826
--------- round 31 ---------
#candidates = 5026
Build cut network time = 48719
seed = 1840155822
Get boolean difference time = 346719
Get error time = 207
runtime = 16.6697
Best ASE = n525		CONST0	0	newError = 41	estError = 5
#literals = 1822
--------- round 32 ---------
#candidates = 5011
Build cut network time = 47664
seed = 3441615512
Get boolean difference time = 334015
Get error time = 247
runtime = 17.1337
Best ASE = n931		CONST0	0	newError = 31	estError = 31
#literals = 1818
--------- round 33 ---------
#candidates = 4996
Build cut network time = 50113
seed = 2505077020
Get boolean difference time = 340352
Get error time = 266
runtime = 17.6062
Best ASE = n531		CONST0	0	newError = 45	estError = 45
#literals = 1814
--------- round 34 ---------
#candidates = 4981
Build cut network time = 48042
seed = 2848943176
Get boolean difference time = 304133
Get error time = 236
runtime = 18.0407
Best ASE = n994		CONST1	0	newError = 44	estError = 44
#literals = 1810
--------- round 35 ---------
#candidates = 4966
Build cut network time = 44273
seed = 3977637899
Get boolean difference time = 313420
Get error time = 308
runtime = 18.4785
Best ASE = n1032		CONST1	0	newError = 27	estError = 27
#literals = 1806
--------- round 36 ---------
#candidates = 4950
Build cut network time = 47038
seed = 4152733134
Get boolean difference time = 289709
Get error time = 249
runtime = 18.9133
Best ASE = n1078		CONST0	0	newError = 27	estError = 27
#literals = 1802
--------- round 37 ---------
#candidates = 4935
Build cut network time = 50634
seed = 3588657314
Get boolean difference time = 281514
Get error time = 131
runtime = 19.3233
Best ASE = n1145		CONST0	0	newError = 37	estError = 37
#literals = 1798
--------- round 38 ---------
#candidates = 4920
Build cut network time = 40754
seed = 1690067788
Get boolean difference time = 326717
Get error time = 254
runtime = 19.7726
Best ASE = n1211		CONST0	0	newError = 26	estError = 26
#literals = 1794
--------- round 39 ---------
#candidates = 4905
Build cut network time = 49589
seed = 3438626675
Get boolean difference time = 338173
Get error time = 225
runtime = 20.2423
Best ASE = n1232		CONST0	0	newError = 41	estError = 41
#literals = 1790
--------- round 40 ---------
#candidates = 4889
Build cut network time = 49549
seed = 3429506108
Get boolean difference time = 272555
Get error time = 249
runtime = 20.6447
Best ASE = n1228		CONST0	0	newError = 36	estError = 36
#literals = 1786
--------- round 41 ---------
#candidates = 4873
Build cut network time = 50750
seed = 3344857748
Get boolean difference time = 335104
Get error time = 286
runtime = 21.113
Best ASE = n1233		CONST0	0	newError = 34	estError = 34
#literals = 1782
--------- round 42 ---------
#candidates = 4857
Build cut network time = 49598
seed = 2240552670
Get boolean difference time = 363463
Get error time = 193
runtime = 21.6089
Best ASE = n800		CONST0	0	newError = 27	estError = 27
#literals = 1778
--------- round 43 ---------
#candidates = 4842
Build cut network time = 51309
seed = 449232066
Get boolean difference time = 303171
Get error time = 199
runtime = 22.0455
Best ASE = n1238		CONST0	0	newError = 51	estError = 51
#literals = 1774
--------- round 44 ---------
#candidates = 4826
Build cut network time = 46081
seed = 3264082734
Get boolean difference time = 332124
Get error time = 239
runtime = 22.5077
Best ASE = n1241		CONST0	0	newError = 44	estError = 44
#literals = 1770
--------- round 45 ---------
#candidates = 4810
Build cut network time = 48784
seed = 2339120873
Get boolean difference time = 303733
Get error time = 153
runtime = 22.9446
Best ASE = n884		CONST0	5	newError = 41	estError = 41
#literals = 1766
--------- round 46 ---------
#candidates = 4795
Build cut network time = 46019
seed = 211975074
Get boolean difference time = 270968
Get error time = 270
runtime = 23.3428
Best ASE = n916		CONST1	12	newError = 68	estError = 68
#literals = 1762
--------- round 47 ---------
#candidates = 4779
Build cut network time = 39483
seed = 1189670647
Get boolean difference time = 262907
Get error time = 151
runtime = 23.725
Best ASE = n803		CONST0	2	newError = 74	estError = 74
#literals = 1758
--------- round 48 ---------
#candidates = 4764
Build cut network time = 40652
seed = 3522030401
Get boolean difference time = 255094
Get error time = 162
runtime = 24.1004
Best ASE = n536		CONST0	10	newError = 87	estError = 87
#literals = 1754
--------- round 49 ---------
#candidates = 4749
Build cut network time = 40459
seed = 2704619428
Get boolean difference time = 245875
Get error time = 132
runtime = 24.4698
Best ASE = n850		CONST0	22	newError = 120	estError = 120
#literals = 1750
--------- round 50 ---------
#candidates = 4734
Build cut network time = 40922
seed = 248931386
Get boolean difference time = 255945
Get error time = 166
runtime = 24.843
Best ASE = n709		CONST0	34	newError = 167	estError = 167
#literals = 1746
--------- round 51 ---------
#candidates = 4719
Build cut network time = 38700
seed = 2659447145
Get boolean difference time = 253579
Get error time = 155
runtime = 25.2179
Best ASE = n711		CONST0	0	newError = 152	estError = 152
#literals = 1742
--------- round 52 ---------
#candidates = 4704
Build cut network time = 39636
seed = 1307655937
Get boolean difference time = 302381
Get error time = 233
runtime = 25.6405
Best ASE = n678		CONST0	29	newError = 190	estError = 190
#literals = 1738
--------- round 53 ---------
#candidates = 4689
Build cut network time = 45385
seed = 2824787239
Get boolean difference time = 318808
Get error time = 188
runtime = 26.0844
Best ASE = n614		CONST0	30	newError = 225	estError = 225
#literals = 1734
--------- round 54 ---------
#candidates = 4674
Build cut network time = 40820
seed = 4081300941
Get boolean difference time = 272409
Get error time = 182
runtime = 26.4761
Best ASE = n690		CONST0	27	newError = 258	estError = 258
#literals = 1730
--------- round 55 ---------
#candidates = 4659
Build cut network time = 42045
seed = 3967039813
Get boolean difference time = 241198
Get error time = 170
runtime = 26.8371
Best ASE = n633	0--|	INTER	-24	newError = 222	estError = 222
#literals = 1727
--------- round 56 ---------
#candidates = 4646
Build cut network time = 37306
seed = 1957885292
Get boolean difference time = 270610
Get error time = 107
runtime = 27.2214
Best ASE = n836		CONST0	0	newError = 242	estError = 242
#literals = 1724
--------- round 57 ---------
#candidates = 4638
Build cut network time = 40211
seed = 1438162713
Get boolean difference time = 254845
Get error time = 151
runtime = 27.6011
Best ASE = n542	--0|	INTER	-1	newError = 216	estError = 216
#literals = 1721
--------- round 58 ---------
#candidates = 4625
Build cut network time = 38460
seed = 586245334
Get boolean difference time = 260684
Get error time = 233
runtime = 27.9792
Best ASE = n838		CONST0	0	newError = 247	estError = 247
#literals = 1718
--------- round 59 ---------
#candidates = 4617
Build cut network time = 43520
seed = 3021294712
Get boolean difference time = 247630
Get error time = 274
runtime = 28.3507
Best ASE = n848	--0|	INTER	0	newError = 219	estError = 219
#literals = 1715
--------- round 60 ---------
#candidates = 4604
Build cut network time = 42919
seed = 3061674066
Get boolean difference time = 243411
Get error time = 122
runtime = 28.7128
Best ASE = n864		CONST0	0	newError = 224	estError = 224
#literals = 1712
--------- round 61 ---------
#candidates = 4596
Build cut network time = 37837
seed = 706305306
Get boolean difference time = 234756
Get error time = 137
runtime = 29.0629
Best ASE = n906		CONST0	0	newError = 245	estError = 245
#literals = 1709
--------- round 62 ---------
#candidates = 4588
Build cut network time = 35504
seed = 414508810
Get boolean difference time = 321395
Get error time = 262
runtime = 29.5018
Best ASE = n908		CONST0	0	newError = 238	estError = 238
#literals = 1706
--------- round 63 ---------
#candidates = 4580
Build cut network time = 47776
seed = 373795359
Get boolean difference time = 320807
Get error time = 155
runtime = 29.9527
Best ASE = n558		CONST0	86	newError = 406	estError = 374
#literals = 1702
--------- round 64 ---------
#candidates = 4565
Build cut network time = 48051
seed = 4216064889
Get boolean difference time = 312489
Get error time = 207
runtime = 30.3951
estimated error exceeds error bound
Best ASE = n878		CONST0	110	newError = 521	estError = 521
output approximate circuit: arbiter_back.blif
area = 1152
delay = 29.7
#literals = 1698
