fileName = cavlc
original #literals = 1182
--------- round 0 ---------
#candidates = 5034
Build cut network time = 32215
seed = 3816456614
Get boolean difference time = 26855
Get error time = 298
runtime = 0.067518
Best ASE = n70	-00-|0--0|	INTER	0	newError = 0	estError = 0
#literals = 1178
--------- round 1 ---------
#candidates = 4854
Build cut network time = 28381
seed = 2831403189
Get boolean difference time = 27679
Get error time = 231
runtime = 0.129808
Best ASE = n197	0---|-00-|-0-0|	INTER	0	newError = 0	estError = 0
#literals = 1175
--------- round 2 ---------
#candidates = 4688
Build cut network time = 32565
seed = 1681790665
Get boolean difference time = 21936
Get error time = 301
runtime = 0.190976
Best ASE = n228	0---|-00-|-0-0|	INTER	0	newError = 0	estError = 0
#literals = 1172
--------- round 3 ---------
#candidates = 4522
Build cut network time = 27495
seed = 4068346271
Get boolean difference time = 23776
Get error time = 182
runtime = 0.248788
Best ASE = n398	0---|-00-|-0-0|	INTER	0	newError = 0	estError = 0
#literals = 1169
--------- round 4 ---------
#candidates = 4356
Build cut network time = 29004
seed = 737910388
Get boolean difference time = 23039
Get error time = 186
runtime = 0.307484
Best ASE = n376	0---|-00-|-0-0|	INTER	0	newError = 0	estError = 0
#literals = 1166
--------- round 5 ---------
#candidates = 4190
Build cut network time = 30020
seed = 1714757737
Get boolean difference time = 27420
Get error time = 238
runtime = 0.371644
Best ASE = n386	0-0-|-00-|---0|	INTER	0	newError = 0	estError = 0
#literals = 1163
--------- round 6 ---------
#candidates = 4024
Build cut network time = 27097
seed = 1437813630
Get boolean difference time = 23701
Get error time = 197
runtime = 0.430243
Best ASE = n239	0-0-|0--0|-0-0|	INTER	0	newError = 0	estError = 0
#literals = 1161
--------- round 7 ---------
#candidates = 3884
Build cut network time = 28605
seed = 1002867563
Get boolean difference time = 26552
Get error time = 282
runtime = 0.492163
Best ASE = n358	0-0-|-00-|0--0|	INTER	0	newError = 0	estError = 0
#literals = 1159
--------- round 8 ---------
#candidates = 3747
Build cut network time = 29438
seed = 720833300
Get boolean difference time = 26671
Get error time = 345
runtime = 0.55528
Best ASE = n368	0-0-|0--0|-0-0|	INTER	0	newError = 0	estError = 0
#literals = 1157
--------- round 9 ---------
#candidates = 3607
Build cut network time = 30584
seed = 48092840
Get boolean difference time = 23690
Get error time = 273
runtime = 0.616518
Best ASE = n395	-00-|0--0|-0-0|	INTER	0	newError = 0	estError = 0
#literals = 1155
--------- round 10 ---------
#candidates = 3470
Build cut network time = 28358
seed = 1347210277
Get boolean difference time = 24036
Get error time = 349
runtime = 0.676701
Best ASE = n159	0--|-00|	INTER	0	newError = 0	estError = 0
#literals = 1154
--------- round 11 ---------
#candidates = 3463
Build cut network time = 29271
seed = 37473985
Get boolean difference time = 27454
Get error time = 262
runtime = 0.740233
Best ASE = n166		CONST0	0	newError = 0	estError = 0
#literals = 1153
--------- round 12 ---------
#candidates = 3461
Build cut network time = 26043
seed = 516090361
Get boolean difference time = 23795
Get error time = 250
runtime = 0.79671
Best ASE = n167	--0|-0-|	INTER	0	newError = 0	estError = 0
#literals = 1152
--------- round 13 ---------
#candidates = 3457
Build cut network time = 27699
seed = 2603121759
Get boolean difference time = 24328
Get error time = 230
runtime = 0.855645
Best ASE = n238	0-0|-0-|	INTER	0	newError = 0	estError = 0
#literals = 1151
--------- round 14 ---------
#candidates = 3450
Build cut network time = 27220
seed = 1087317983
Get boolean difference time = 24347
Get error time = 254
runtime = 0.914452
Best ASE = n328	0--|-00|	INTER	0	newError = 0	estError = 0
#literals = 1150
--------- round 15 ---------
#candidates = 3443
Build cut network time = 30875
seed = 3379760578
Get boolean difference time = 24566
Get error time = 281
runtime = 0.976937
Best ASE = n334	-0--|--0-|---0|	INTER	0	newError = 0	estError = 0
#literals = 1149
--------- round 16 ---------
#candidates = 3435
Build cut network time = 30199
seed = 2779969844
Get boolean difference time = 26013
Get error time = 203
runtime = 1.04075
Best ASE = n324	0--|-0-|	INTER	0	newError = 0	estError = 0
#literals = 1148
--------- round 17 ---------
#candidates = 3431
Build cut network time = 28959
seed = 3002978622
Get boolean difference time = 26634
Get error time = 279
runtime = 1.10355
Best ASE = n401	0--|-00|	INTER	0	newError = 0	estError = 0
#literals = 1147
--------- round 18 ---------
#candidates = 3424
Build cut network time = 27790
seed = 3297421170
Get boolean difference time = 25531
Get error time = 330
runtime = 1.16388
Best ASE = n393	0--|-00|	INTER	0	newError = 0	estError = 0
#literals = 1146
--------- round 19 ---------
#candidates = 3417
Build cut network time = 29737
seed = 2831569235
Get boolean difference time = 25217
Get error time = 262
runtime = 1.2256
Best ASE = n452	0--|-00|	INTER	0	newError = 0	estError = 0
#literals = 1145
--------- round 20 ---------
#candidates = 3410
Build cut network time = 30340
seed = 161908484
Get boolean difference time = 22254
Get error time = 328
runtime = 1.2852
Best ASE = n285		CONST1	5	newError = 5	estError = 5
#literals = 1142
--------- round 21 ---------
#candidates = 3402
Build cut network time = 28450
seed = 4114317189
Get boolean difference time = 21244
Get error time = 197
runtime = 1.34259
Best ASE = n239	0--0|-0-0|	INTER	0	newError = 6	estError = 6
#literals = 1140
--------- round 22 ---------
#candidates = 3361
Build cut network time = 28474
seed = 1172003248
Get boolean difference time = 23519
Get error time = 261
runtime = 1.40128
Best ASE = n75	0-0|	INTER	2	newError = 12	estError = 12
#literals = 1138
--------- round 23 ---------
#candidates = 3350
Build cut network time = 24860
seed = 2205783585
Get boolean difference time = 22404
Get error time = 265
runtime = 1.45502
Best ASE = n397	--0|	INTER	0	newError = 10	estError = 10
#literals = 1136
--------- round 24 ---------
#candidates = 3344
Build cut network time = 26606
seed = 1326711791
Get boolean difference time = 22687
Get error time = 240
runtime = 1.51113
Best ASE = n349		CONST1	12	newError = 34	estError = 34
#literals = 1132
--------- round 25 ---------
#candidates = 3328
Build cut network time = 27283
seed = 863215884
Get boolean difference time = 24999
Get error time = 255
runtime = 1.57041
Best ASE = n395		CONST0	35	newError = 74	estError = 74
#literals = 1126
--------- round 26 ---------
#candidates = 3269
Build cut network time = 27408
seed = 282672705
Get boolean difference time = 22884
Get error time = 201
runtime = 1.62772
Best ASE = n327		CONST1	15	newError = 94	estError = 94
#literals = 1122
--------- round 27 ---------
#candidates = 3253
Build cut network time = 27231
seed = 2449839181
Get boolean difference time = 21849
Get error time = 183
runtime = 1.68341
Best ASE = n358		CONST1	64	newError = 137	estError = 137
#literals = 1116
--------- round 28 ---------
#candidates = 3194
Build cut network time = 28311
seed = 3803930395
Get boolean difference time = 19385
Get error time = 206
runtime = 1.73747
Best ASE = n227		CONST0	19	newError = 181	estError = 181
#literals = 1112
--------- round 29 ---------
#candidates = 3178
Build cut network time = 27419
seed = 3842754559
Get boolean difference time = 20413
Get error time = 190
runtime = 1.79186
Best ASE = n228		CONST1	72	newError = 245	estError = 245
#literals = 1107
--------- round 30 ---------
#candidates = 3148
Build cut network time = 23592
seed = 1948163988
Get boolean difference time = 24347
Get error time = 244
runtime = 1.84637
Best ASE = n316		CONST0	12	newError = 297	estError = 297
#literals = 1103
--------- round 31 ---------
#candidates = 3133
Build cut network time = 30007
seed = 4063774018
Get boolean difference time = 22761
Get error time = 320
runtime = 1.90606
Best ASE = n386		CONST1	79	newError = 336	estError = 336
#literals = 1098
--------- round 32 ---------
#candidates = 3103
Build cut network time = 29084
seed = 750203985
Get boolean difference time = 21624
Get error time = 197
runtime = 1.96339
Best ASE = n203		CONST0	13	newError = 349	estError = 349
#literals = 1094
--------- round 33 ---------
#candidates = 3088
Build cut network time = 28331
seed = 2271820047
Get boolean difference time = 24559
Get error time = 256
runtime = 2.02346
Best ASE = n398	0---|	INTER	16	newError = 424	estError = 424
#literals = 1090
--------- round 34 ---------
#candidates = 3060
Build cut network time = 29316
seed = 3631186636
Get boolean difference time = 23930
Get error time = 281
runtime = 2.08385
Best ASE = n252		CONST1	18	newError = 389	estError = 389
#literals = 1086
--------- round 35 ---------
#candidates = 3044
Build cut network time = 30402
seed = 1902968950
Get boolean difference time = 21277
Get error time = 209
runtime = 2.14239
Best ASE = n346		CONST0	20	newError = 436	estError = 436
#literals = 1082
--------- round 36 ---------
#candidates = 3029
Build cut network time = 27034
seed = 3618879542
Get boolean difference time = 24683
Get error time = 213
runtime = 2.2007
Best ASE = n280		CONST0	19	newError = 419	estError = 419
#literals = 1078
--------- round 37 ---------
#candidates = 3014
Build cut network time = 26110
seed = 1705309281
Get boolean difference time = 21748
Get error time = 250
runtime = 2.25529
Best ASE = n204		CONST1	10	newError = 412	estError = 412
#literals = 1074
--------- round 38 ---------
#candidates = 2999
Build cut network time = 28549
seed = 3251001029
Get boolean difference time = 22262
Get error time = 212
runtime = 2.31286
Best ASE = n404		CONST1	23	newError = 486	estError = 486
#literals = 1070
--------- round 39 ---------
#candidates = 2983
Build cut network time = 29661
seed = 3112896623
Get boolean difference time = 21919
Get error time = 236
runtime = 2.37119
Best ASE = n165		CONST1	20	newError = 467	estError = 467
#literals = 1066
--------- round 40 ---------
#candidates = 2967
Build cut network time = 27743
seed = 2438715225
Get boolean difference time = 23761
Get error time = 222
runtime = 2.42997
estimated error exceeds error bound
Best ASE = n84		CONST1	15	newError = 522	estError = 522
output approximate circuit: cavlc_back.blif
area = 926
delay = 16.7
#literals = 1062
