fileName = max
original #literals = 5762
--------- round 0 ---------
#candidates = 40628
Build cut network time = 219187
seed = 3411034227
Get boolean difference time = 1146853
Get error time = 2016
runtime = 1.58005
Best ASE = n1191		CONST1	0	newError = 0	estError = 0
#literals = 5754
--------- round 1 ---------
#candidates = 40432
Build cut network time = 184700
seed = 3179021280
Get boolean difference time = 1071901
Get error time = 1944
runtime = 3.02499
Best ASE = n1184		CONST1	0	newError = 1	estError = 1
#literals = 5746
--------- round 2 ---------
#candidates = 40236
Build cut network time = 180494
seed = 1155720901
Get boolean difference time = 986645
Get error time = 1661
runtime = 4.36184
Best ASE = n1165		CONST0	0	newError = 1	estError = 1
#literals = 5738
--------- round 3 ---------
#candidates = 40040
Build cut network time = 184094
seed = 3983167495
Get boolean difference time = 983164
Get error time = 1637
runtime = 5.72179
Best ASE = n1144		CONST0	0	newError = 1	estError = 1
#literals = 5730
--------- round 4 ---------
#candidates = 39844
Build cut network time = 180688
seed = 2625000463
Get boolean difference time = 985300
Get error time = 1847
runtime = 7.05811
Best ASE = n1137		CONST0	0	newError = 2	estError = 2
#literals = 5722
--------- round 5 ---------
#candidates = 39648
Build cut network time = 186049
seed = 1198799846
Get boolean difference time = 976222
Get error time = 1542
runtime = 8.40158
Best ASE = n1131		CONST0	0	newError = 4	estError = 4
#literals = 5714
--------- round 6 ---------
#candidates = 39452
Build cut network time = 180330
seed = 1619994101
Get boolean difference time = 929561
Get error time = 1736
runtime = 9.6815
Best ASE = n1114		CONST0	0	newError = 0	estError = 0
#literals = 5706
--------- round 7 ---------
#candidates = 39256
Build cut network time = 187147
seed = 2130763398
Get boolean difference time = 946385
Get error time = 1714
runtime = 11.0049
Best ASE = n1108		CONST0	0	newError = 3	estError = 3
#literals = 5698
--------- round 8 ---------
#candidates = 39060
Build cut network time = 178036
seed = 643869265
Get boolean difference time = 948074
Get error time = 1769
runtime = 12.301
Best ASE = n1095		CONST0	0	newError = 1	estError = 1
#literals = 5690
--------- round 9 ---------
#candidates = 38864
Build cut network time = 181183
seed = 2086775035
Get boolean difference time = 913453
Get error time = 1921
runtime = 13.6197
Best ASE = n1083		CONST0	0	newError = 0	estError = 0
#literals = 5682
--------- round 10 ---------
#candidates = 38668
Build cut network time = 181323
seed = 715835131
Get boolean difference time = 949008
Get error time = 1555
runtime = 14.9299
Best ASE = n1061		CONST0	0	newError = 1	estError = 1
#literals = 5674
--------- round 11 ---------
#candidates = 38472
Build cut network time = 179900
seed = 3280725394
Get boolean difference time = 923270
Get error time = 1592
runtime = 16.2027
Best ASE = n1054		CONST0	0	newError = 1	estError = 1
#literals = 5666
--------- round 12 ---------
#candidates = 38276
Build cut network time = 183498
seed = 3028712646
Get boolean difference time = 888006
Get error time = 1697
runtime = 17.4434
Best ASE = n1037		CONST0	0	newError = 4	estError = 4
#literals = 5658
--------- round 13 ---------
#candidates = 38080
Build cut network time = 181391
seed = 1025551437
Get boolean difference time = 898191
Get error time = 1755
runtime = 18.6859
Best ASE = n1018		CONST0	0	newError = 1	estError = 1
#literals = 5650
--------- round 14 ---------
#candidates = 37884
Build cut network time = 193678
seed = 2196325754
Get boolean difference time = 965971
Get error time = 1565
runtime = 20.0177
Best ASE = n1011		CONST0	0	newError = 2	estError = 2
#literals = 5642
--------- round 15 ---------
#candidates = 37688
Build cut network time = 177253
seed = 35996349
Get boolean difference time = 754712
Get error time = 1507
runtime = 21.1136
Best ASE = n990		CONST0	0	newError = 4	estError = 4
#literals = 5634
--------- round 16 ---------
#candidates = 37492
Build cut network time = 175388
seed = 938346445
Get boolean difference time = 742035
Get error time = 1216
runtime = 22.1931
Best ASE = n960		CONST0	0	newError = 2	estError = 2
#literals = 5626
--------- round 17 ---------
#candidates = 37296
Build cut network time = 173594
seed = 77730562
Get boolean difference time = 683276
Get error time = 1121
runtime = 23.2163
Best ASE = n953		CONST0	0	newError = 2	estError = 2
#literals = 5618
--------- round 18 ---------
#candidates = 37100
Build cut network time = 167653
seed = 458786981
Get boolean difference time = 838793
Get error time = 1371
runtime = 24.3969
Best ASE = n946		CONST0	0	newError = 4	estError = 4
#literals = 5610
--------- round 19 ---------
#candidates = 36904
Build cut network time = 146868
seed = 3563866127
Get boolean difference time = 750563
Get error time = 1287
runtime = 25.4519
Best ASE = n940		CONST0	0	newError = 3	estError = 3
#literals = 5602
--------- round 20 ---------
#candidates = 36708
Build cut network time = 161140
seed = 153224901
Get boolean difference time = 763071
Get error time = 1101
runtime = 26.5397
Best ASE = n929		CONST0	0	newError = 4	estError = 4
#literals = 5594
--------- round 21 ---------
#candidates = 36512
Build cut network time = 171023
seed = 392026987
Get boolean difference time = 681943
Get error time = 1236
runtime = 27.5525
Best ASE = n922		CONST0	0	newError = 4	estError = 4
#literals = 5586
--------- round 22 ---------
#candidates = 36316
Build cut network time = 133757
seed = 1667586834
Get boolean difference time = 646551
Get error time = 1278
runtime = 28.4896
Best ASE = n908		CONST0	0	newError = 1	estError = 1
#literals = 5578
--------- round 23 ---------
#candidates = 36120
Build cut network time = 158100
seed = 3415371216
Get boolean difference time = 813286
Get error time = 1249
runtime = 29.631
Best ASE = n902		CONST0	0	newError = 1	estError = 1
#literals = 5570
--------- round 24 ---------
#candidates = 35924
Build cut network time = 162927
seed = 1119491771
Get boolean difference time = 795275
Get error time = 1259
runtime = 30.7508
Best ASE = n895		CONST0	0	newError = 1	estError = 1
#literals = 5562
--------- round 25 ---------
#candidates = 35728
Build cut network time = 151098
seed = 2590635805
Get boolean difference time = 751974
Get error time = 1276
runtime = 31.8078
Best ASE = n882		CONST0	0	newError = 0	estError = 0
#literals = 5554
--------- round 26 ---------
#candidates = 35532
Build cut network time = 168267
seed = 2640698299
Get boolean difference time = 808836
Get error time = 1245
runtime = 32.9502
Best ASE = n886		CONST0	0	newError = 2	estError = 2
#literals = 5546
--------- round 27 ---------
#candidates = 35336
Build cut network time = 161486
seed = 2359261834
Get boolean difference time = 652133
Get error time = 1116
runtime = 33.9206
Best ASE = n888		CONST0	0	newError = 1	estError = 1
#literals = 5538
--------- round 28 ---------
#candidates = 35140
Build cut network time = 138775
seed = 517590188
Get boolean difference time = 642803
Get error time = 1143
runtime = 34.8598
Best ASE = n892		CONST0	0	newError = 1	estError = 1
#literals = 5530
--------- round 29 ---------
#candidates = 34944
Build cut network time = 136659
seed = 3270952909
Get boolean difference time = 687664
Get error time = 1074
runtime = 35.8379
Best ASE = n898		CONST0	0	newError = 2	estError = 2
#literals = 5522
--------- round 30 ---------
#candidates = 34748
Build cut network time = 174067
seed = 3743888257
Get boolean difference time = 800543
Get error time = 1174
runtime = 36.9783
Best ASE = n911		CONST0	0	newError = 3	estError = 3
#literals = 5514
--------- round 31 ---------
#candidates = 34552
Build cut network time = 172236
seed = 1640572382
Get boolean difference time = 846036
Get error time = 1183
runtime = 38.1654
Best ASE = n918		CONST0	0	newError = 3	estError = 3
#literals = 5506
--------- round 32 ---------
#candidates = 34356
Build cut network time = 160926
seed = 1042033578
Get boolean difference time = 709105
Get error time = 1221
runtime = 39.1969
Best ASE = n937		CONST0	0	newError = 0	estError = 0
#literals = 5498
--------- round 33 ---------
#candidates = 34160
Build cut network time = 156384
seed = 1010785381
Get boolean difference time = 677431
Get error time = 1048
runtime = 40.1931
Best ASE = n943		CONST0	0	newError = 2	estError = 2
#literals = 5490
--------- round 34 ---------
#candidates = 33964
Build cut network time = 174477
seed = 197342609
Get boolean difference time = 653874
Get error time = 913
runtime = 41.1872
Best ASE = n949		CONST0	0	newError = 1	estError = 1
#literals = 5482
--------- round 35 ---------
#candidates = 33768
Build cut network time = 131262
seed = 2044003741
Get boolean difference time = 603262
Get error time = 1035
runtime = 42.073
Best ASE = n968		CONST0	0	newError = 2	estError = 2
#literals = 5474
--------- round 36 ---------
#candidates = 33572
Build cut network time = 136285
seed = 3226181934
Get boolean difference time = 704950
Get error time = 1124
runtime = 43.0687
Best ASE = n980		CONST0	0	newError = 0	estError = 0
#literals = 5466
--------- round 37 ---------
#candidates = 33376
Build cut network time = 145087
seed = 3561646797
Get boolean difference time = 667353
Get error time = 1096
runtime = 44.0375
Best ASE = n1007		CONST0	0	newError = 3	estError = 3
#literals = 5458
--------- round 38 ---------
#candidates = 33180
Build cut network time = 148467
seed = 1240425626
Get boolean difference time = 690326
Get error time = 811
runtime = 45.0449
Best ASE = n1026		CONST0	0	newError = 0	estError = 0
#literals = 5450
--------- round 39 ---------
#candidates = 32984
Build cut network time = 139248
seed = 1912313264
Get boolean difference time = 657126
Get error time = 886
runtime = 45.9971
Best ASE = n1033		CONST0	0	newError = 1	estError = 1
#literals = 5442
--------- round 40 ---------
#candidates = 32788
Build cut network time = 129778
seed = 2834177665
Get boolean difference time = 837268
Get error time = 1024
runtime = 47.1315
Best ASE = n1079		CONST0	0	newError = 4	estError = 4
#literals = 5434
--------- round 41 ---------
#candidates = 32592
Build cut network time = 147337
seed = 2424889533
Get boolean difference time = 739048
Get error time = 1161
runtime = 48.1823
Best ASE = n1091		CONST0	0	newError = 0	estError = 0
#literals = 5426
--------- round 42 ---------
#candidates = 32396
Build cut network time = 152258
seed = 2321338489
Get boolean difference time = 587317
Get error time = 791
runtime = 49.0781
Best ASE = n1098		CONST0	0	newError = 2	estError = 2
#literals = 5418
--------- round 43 ---------
#candidates = 32200
Build cut network time = 141250
seed = 3718222048
Get boolean difference time = 724133
Get error time = 1039
runtime = 50.1011
Best ASE = n1104		CONST0	0	newError = 1	estError = 1
#literals = 5410
--------- round 44 ---------
#candidates = 32004
Build cut network time = 147348
seed = 1795593330
Get boolean difference time = 815248
Get error time = 1040
runtime = 51.2335
Best ASE = n1122		CONST0	0	newError = 1	estError = 1
#literals = 5402
--------- round 45 ---------
#candidates = 31808
Build cut network time = 147270
seed = 1820215881
Get boolean difference time = 838181
Get error time = 1132
runtime = 52.3878
Best ASE = n1127		CONST0	0	newError = 2	estError = 2
#literals = 5394
--------- round 46 ---------
#candidates = 31612
Build cut network time = 153502
seed = 2581188071
Get boolean difference time = 695275
Get error time = 1201
runtime = 53.4012
Best ASE = n1133		CONST0	0	newError = 2	estError = 2
#literals = 5386
--------- round 47 ---------
#candidates = 31416
Build cut network time = 176716
seed = 2704199688
Get boolean difference time = 771300
Get error time = 972
runtime = 54.514
Best ASE = n1140		CONST0	0	newError = 4	estError = 4
#literals = 5378
--------- round 48 ---------
#candidates = 31220
Build cut network time = 146607
seed = 3931444884
Get boolean difference time = 686699
Get error time = 918
runtime = 55.5084
Best ASE = n1148		CONST0	0	newError = 0	estError = 0
#literals = 5370
--------- round 49 ---------
#candidates = 31024
Build cut network time = 158624
seed = 633406855
Get boolean difference time = 766089
Get error time = 1036
runtime = 56.6009
Best ASE = n1155		CONST0	0	newError = 2	estError = 2
#literals = 5362
--------- round 50 ---------
#candidates = 30828
Build cut network time = 131514
seed = 757675583
Get boolean difference time = 635304
Get error time = 1029
runtime = 57.5283
Best ASE = n1160		CONST0	0	newError = 2	estError = 2
#literals = 5354
--------- round 51 ---------
#candidates = 30632
Build cut network time = 129551
seed = 1446964246
Get boolean difference time = 617424
Get error time = 976
runtime = 58.4297
Best ASE = n1168		CONST0	0	newError = 3	estError = 3
#literals = 5346
--------- round 52 ---------
#candidates = 30436
Build cut network time = 130775
seed = 3234707960
Get boolean difference time = 625809
Get error time = 910
runtime = 59.3395
Best ASE = n1175		CONST0	0	newError = 2	estError = 2
#literals = 5338
--------- round 53 ---------
#candidates = 30240
Build cut network time = 144034
seed = 2972040134
Get boolean difference time = 782479
Get error time = 1139
runtime = 60.4274
Best ASE = n1180		CONST0	0	newError = 4	estError = 4
#literals = 5330
--------- round 54 ---------
#candidates = 30044
Build cut network time = 150015
seed = 1845429189
Get boolean difference time = 623473
Get error time = 824
runtime = 61.3609
Best ASE = n1187		CONST0	0	newError = 1	estError = 1
#literals = 5322
--------- round 55 ---------
#candidates = 29848
Build cut network time = 149684
seed = 3304712670
Get boolean difference time = 675219
Get error time = 933
runtime = 62.3466
Best ASE = n1656		CONST0	0	newError = 1	estError = 1
#literals = 5314
--------- round 56 ---------
#candidates = 29652
Build cut network time = 156353
seed = 3290994714
Get boolean difference time = 650072
Get error time = 961
runtime = 63.32
Best ASE = n1195		CONST0	0	newError = 3	estError = 3
#literals = 5306
--------- round 57 ---------
#candidates = 29456
Build cut network time = 132794
seed = 478367432
Get boolean difference time = 708628
Get error time = 1141
runtime = 64.3181
Best ASE = n1649		CONST0	0	newError = 3	estError = 3
#literals = 5298
--------- round 58 ---------
#candidates = 29260
Build cut network time = 162790
seed = 2025621416
Get boolean difference time = 613642
Get error time = 1162
runtime = 65.2573
Best ASE = n1641		CONST0	0	newError = 5	estError = 5
#literals = 5290
--------- round 59 ---------
#candidates = 29064
Build cut network time = 119977
seed = 4236066408
Get boolean difference time = 615371
Get error time = 892
runtime = 66.147
Best ASE = n1616		CONST0	0	newError = 2	estError = 2
#literals = 5282
--------- round 60 ---------
#candidates = 28868
Build cut network time = 121565
seed = 347458041
Get boolean difference time = 616342
Get error time = 964
runtime = 67.0374
Best ASE = n1603		CONST0	0	newError = 2	estError = 2
#literals = 5274
--------- round 61 ---------
#candidates = 28672
Build cut network time = 120569
seed = 4285100508
Get boolean difference time = 603667
Get error time = 920
runtime = 67.9135
Best ASE = n1597		CONST0	0	newError = 1	estError = 1
#literals = 5266
--------- round 62 ---------
#candidates = 28476
Build cut network time = 124078
seed = 1561163896
Get boolean difference time = 602683
Get error time = 950
runtime = 68.7921
Best ASE = n1562		CONST0	0	newError = 5	estError = 5
#literals = 5258
--------- round 63 ---------
#candidates = 28280
Build cut network time = 115712
seed = 2922159861
Get boolean difference time = 591281
Get error time = 856
runtime = 69.6551
Best ASE = n1546		CONST0	0	newError = 2	estError = 2
#literals = 5250
--------- round 64 ---------
#candidates = 28084
Build cut network time = 116391
seed = 3567653759
Get boolean difference time = 769771
Get error time = 1198
runtime = 70.7081
Best ASE = n1538		CONST0	0	newError = 5	estError = 5
#literals = 5242
--------- round 65 ---------
#candidates = 27888
Build cut network time = 155126
seed = 3455781308
Get boolean difference time = 836065
Get error time = 1125
runtime = 71.8685
Best ASE = n1517		CONST0	0	newError = 2	estError = 2
#literals = 5234
--------- round 66 ---------
#candidates = 27692
Build cut network time = 152338
seed = 2780412393
Get boolean difference time = 838101
Get error time = 1233
runtime = 73.0304
Best ASE = n1503		CONST0	0	newError = 2	estError = 2
#literals = 5226
--------- round 67 ---------
#candidates = 27496
Build cut network time = 156171
seed = 702851558
Get boolean difference time = 731107
Get error time = 880
runtime = 74.0854
Best ASE = n1485		CONST0	0	newError = 6	estError = 6
#literals = 5218
--------- round 68 ---------
#candidates = 27300
Build cut network time = 119224
seed = 911025315
Get boolean difference time = 616305
Get error time = 938
runtime = 74.9763
Best ASE = n1473		CONST0	0	newError = 2	estError = 2
#literals = 5210
--------- round 69 ---------
#candidates = 27104
Build cut network time = 121616
seed = 3978131016
Get boolean difference time = 619232
Get error time = 1192
runtime = 75.8691
Best ASE = n1456		CONST0	0	newError = 4	estError = 4
#literals = 5202
--------- round 70 ---------
#candidates = 26908
Build cut network time = 123136
seed = 3639172939
Get boolean difference time = 608740
Get error time = 875
runtime = 76.753
Best ASE = n1449		CONST0	0	newError = 2	estError = 2
#literals = 5194
--------- round 71 ---------
#candidates = 26712
Build cut network time = 122494
seed = 1772032576
Get boolean difference time = 616092
Get error time = 818
runtime = 77.6453
Best ASE = n1443		CONST0	0	newError = 1	estError = 1
#literals = 5186
--------- round 72 ---------
#candidates = 26516
Build cut network time = 117036
seed = 321807859
Get boolean difference time = 628579
Get error time = 1374
runtime = 78.5455
Best ASE = n1436		CONST0	0	newError = 2	estError = 2
#literals = 5178
--------- round 73 ---------
#candidates = 26320
Build cut network time = 125457
seed = 3738968899
Get boolean difference time = 646464
Get error time = 1244
runtime = 79.4717
Best ASE = n1419		CONST0	0	newError = 5	estError = 5
#literals = 5170
--------- round 74 ---------
#candidates = 26124
Build cut network time = 128577
seed = 4293015786
Get boolean difference time = 638050
Get error time = 1217
runtime = 80.3953
Best ASE = n1392		CONST0	0	newError = 1	estError = 1
#literals = 5162
--------- round 75 ---------
#candidates = 25928
Build cut network time = 121042
seed = 123956552
Get boolean difference time = 612271
Get error time = 1180
runtime = 81.2813
Best ASE = n1386		CONST0	0	newError = 3	estError = 3
#literals = 5154
--------- round 76 ---------
#candidates = 25732
Build cut network time = 124799
seed = 2529310244
Get boolean difference time = 666736
Get error time = 1195
runtime = 82.2279
Best ASE = n1367		CONST0	0	newError = 1	estError = 1
#literals = 5146
--------- round 77 ---------
#candidates = 25536
Build cut network time = 123807
seed = 4204734567
Get boolean difference time = 647072
Get error time = 1053
runtime = 83.1525
Best ASE = n1375		CONST0	0	newError = 4	estError = 4
#literals = 5138
--------- round 78 ---------
#candidates = 25340
Build cut network time = 121012
seed = 1637748745
Get boolean difference time = 591545
Get error time = 902
runtime = 84.0192
Best ASE = n1382		CONST0	0	newError = 8	estError = 8
#literals = 5130
--------- round 79 ---------
#candidates = 25144
Build cut network time = 117989
seed = 978625509
Get boolean difference time = 588297
Get error time = 940
runtime = 84.885
Best ASE = n1395		CONST0	0	newError = 1	estError = 1
#literals = 5122
--------- round 80 ---------
#candidates = 24948
Build cut network time = 123922
seed = 3823241469
Get boolean difference time = 604937
Get error time = 875
runtime = 85.7672
Best ASE = n1408		CONST0	0	newError = 4	estError = 4
#literals = 5114
--------- round 81 ---------
#candidates = 24752
Build cut network time = 120513
seed = 2928175859
Get boolean difference time = 606226
Get error time = 958
runtime = 86.6513
Best ASE = n1415		CONST0	0	newError = 4	estError = 4
#literals = 5106
--------- round 82 ---------
#candidates = 24556
Build cut network time = 114761
seed = 619541652
Get boolean difference time = 668033
Get error time = 976
runtime = 87.5867
Best ASE = n1433		CONST0	0	newError = 5	estError = 5
#literals = 5098
--------- round 83 ---------
#candidates = 24360
Build cut network time = 136625
seed = 2422552495
Get boolean difference time = 782062
Get error time = 1148
runtime = 88.6684
Best ASE = n1439		CONST0	0	newError = 3	estError = 3
#literals = 5090
--------- round 84 ---------
#candidates = 24164
Build cut network time = 139905
seed = 2329206710
Get boolean difference time = 611065
Get error time = 1051
runtime = 89.5718
Best ASE = n1452		CONST0	0	newError = 4	estError = 4
#literals = 5082
--------- round 85 ---------
#candidates = 23968
Build cut network time = 124767
seed = 118456606
Get boolean difference time = 646152
Get error time = 1134
runtime = 90.4957
Best ASE = n1499		CONST0	0	newError = 3	estError = 3
#literals = 5074
--------- round 86 ---------
#candidates = 23772
Build cut network time = 142763
seed = 763229933
Get boolean difference time = 708954
Get error time = 1296
runtime = 91.5191
Best ASE = n1512		CONST0	0	newError = 5	estError = 5
#literals = 5066
--------- round 87 ---------
#candidates = 23576
Build cut network time = 158770
seed = 1236489940
Get boolean difference time = 834321
Get error time = 1236
runtime = 92.6822
Best ASE = n1526		CONST0	0	newError = 5	estError = 5
#literals = 5058
--------- round 88 ---------
#candidates = 23380
Build cut network time = 160474
seed = 3352002111
Get boolean difference time = 777485
Get error time = 1208
runtime = 93.7896
Best ASE = n1528		CONST0	0	newError = 3	estError = 3
#literals = 5050
--------- round 89 ---------
#candidates = 23184
Build cut network time = 159080
seed = 3810978028
Get boolean difference time = 656729
Get error time = 1002
runtime = 94.7636
Best ASE = n1533		CONST0	0	newError = 8	estError = 8
#literals = 5042
--------- round 90 ---------
#candidates = 22988
Build cut network time = 132181
seed = 3778190923
Get boolean difference time = 670955
Get error time = 1188
runtime = 95.7431
Best ASE = n1541		CONST0	0	newError = 2	estError = 2
#literals = 5034
--------- round 91 ---------
#candidates = 22792
Build cut network time = 152949
seed = 187936969
Get boolean difference time = 632581
Get error time = 1130
runtime = 96.694
Best ASE = n1555		CONST0	0	newError = 2	estError = 2
#literals = 5026
--------- round 92 ---------
#candidates = 22596
Build cut network time = 138426
seed = 2441310378
Get boolean difference time = 749963
Get error time = 953
runtime = 97.7423
Best ASE = n1565		CONST0	0	newError = 6	estError = 6
#literals = 5018
--------- round 93 ---------
#candidates = 22400
Build cut network time = 141373
seed = 3551132176
Get boolean difference time = 753463
Get error time = 1032
runtime = 98.8022
Best ASE = n1572		CONST0	0	newError = 5	estError = 5
#literals = 5010
--------- round 94 ---------
#candidates = 22204
Build cut network time = 146509
seed = 493388666
Get boolean difference time = 701653
Get error time = 777
runtime = 99.8179
Best ASE = n1579		CONST0	0	newError = 2	estError = 2
#literals = 5002
--------- round 95 ---------
#candidates = 22008
Build cut network time = 114097
seed = 1625657442
Get boolean difference time = 596780
Get error time = 721
runtime = 100.679
Best ASE = n1585		CONST0	0	newError = 2	estError = 2
#literals = 4994
--------- round 96 ---------
#candidates = 21812
Build cut network time = 116845
seed = 921107638
Get boolean difference time = 591351
Get error time = 846
runtime = 101.543
Best ASE = n1592		CONST0	0	newError = 4	estError = 4
#literals = 4986
--------- round 97 ---------
#candidates = 21616
Build cut network time = 117423
seed = 3356744070
Get boolean difference time = 591697
Get error time = 785
runtime = 102.404
Best ASE = n1600		CONST0	0	newError = 8	estError = 8
#literals = 4978
--------- round 98 ---------
#candidates = 21420
Build cut network time = 116655
seed = 814100332
Get boolean difference time = 592304
Get error time = 755
runtime = 103.264
Best ASE = n1607		CONST0	0	newError = 8	estError = 8
#literals = 4970
--------- round 99 ---------
#candidates = 21224
Build cut network time = 114366
seed = 2581559095
Get boolean difference time = 600263
Get error time = 770
runtime = 104.13
Best ASE = n1612		CONST0	0	newError = 2	estError = 2
#literals = 4962
--------- round 100 ---------
#candidates = 21028
Build cut network time = 115375
seed = 231513226
Get boolean difference time = 645702
Get error time = 829
runtime = 105.045
Best ASE = n1620		CONST0	0	newError = 0	estError = 0
#literals = 4954
--------- round 101 ---------
#candidates = 20832
Build cut network time = 119420
seed = 4157301328
Get boolean difference time = 641091
Get error time = 777
runtime = 105.958
Best ASE = n1626		CONST0	0	newError = 2	estError = 2
#literals = 4946
--------- round 102 ---------
#candidates = 20636
Build cut network time = 120090
seed = 1829232665
Get boolean difference time = 622969
Get error time = 743
runtime = 106.853
Best ASE = n1633		CONST0	0	newError = 2	estError = 2
#literals = 4938
--------- round 103 ---------
#candidates = 20440
Build cut network time = 119656
seed = 4145449154
Get boolean difference time = 610460
Get error time = 778
runtime = 107.735
Best ASE = n1638		CONST0	0	newError = 2	estError = 2
#literals = 4930
--------- round 104 ---------
#candidates = 20244
Build cut network time = 118994
seed = 2142093242
Get boolean difference time = 629964
Get error time = 852
runtime = 108.634
Best ASE = n1644		CONST0	0	newError = 1	estError = 1
#literals = 4922
--------- round 105 ---------
#candidates = 20048
Build cut network time = 123876
seed = 406285933
Get boolean difference time = 614287
Get error time = 751
runtime = 109.527
Best ASE = n1652		CONST0	0	newError = 4	estError = 4
#literals = 4914
--------- round 106 ---------
#candidates = 19852
Build cut network time = 120843
seed = 1392389554
Get boolean difference time = 623802
Get error time = 731
runtime = 110.425
Best ASE = n1660		CONST0	0	newError = 2	estError = 2
#literals = 4906
--------- round 107 ---------
#candidates = 19656
Build cut network time = 117817
seed = 3111004848
Get boolean difference time = 630724
Get error time = 712
runtime = 111.33
Best ASE = n1666		CONST1	0	newError = 3	estError = 3
#literals = 4898
--------- round 108 ---------
#candidates = 19460
Build cut network time = 115837
seed = 782683887
Get boolean difference time = 627508
Get error time = 665
runtime = 112.225
Best ASE = n1893		CONST0	0	newError = 1	estError = 1
#literals = 4890
--------- round 109 ---------
#candidates = 19264
Build cut network time = 117093
seed = 768777715
Get boolean difference time = 589635
Get error time = 727
runtime = 113.084
Best ASE = n1672		CONST1	0	newError = 0	estError = 0
#literals = 4882
--------- round 110 ---------
#candidates = 19068
Build cut network time = 110448
seed = 396616855
Get boolean difference time = 589453
Get error time = 597
runtime = 113.935
Best ASE = n1918		CONST0	0	newError = 6	estError = 6
#literals = 4874
--------- round 111 ---------
#candidates = 18872
Build cut network time = 113982
seed = 3095096861
Get boolean difference time = 582511
Get error time = 674
runtime = 114.782
Best ASE = n1953		CONST0	0	newError = 2	estError = 2
#literals = 4866
--------- round 112 ---------
#candidates = 18676
Build cut network time = 112158
seed = 3303695660
Get boolean difference time = 574515
Get error time = 580
runtime = 115.618
Best ASE = n1987		CONST0	0	newError = 8	estError = 8
#literals = 4858
--------- round 113 ---------
#candidates = 18480
Build cut network time = 115221
seed = 3814335629
Get boolean difference time = 554618
Get error time = 574
runtime = 116.438
Best ASE = n2005		CONST0	0	newError = 5	estError = 5
#literals = 4850
--------- round 114 ---------
#candidates = 18284
Build cut network time = 113181
seed = 3945682177
Get boolean difference time = 576760
Get error time = 583
runtime = 117.279
Best ASE = n2023		CONST0	0	newError = 2	estError = 2
#literals = 4842
--------- round 115 ---------
#candidates = 18088
Build cut network time = 107855
seed = 2495192270
Get boolean difference time = 582591
Get error time = 549
runtime = 118.121
Best ASE = n2041		CONST0	0	newError = 9	estError = 9
#literals = 4834
--------- round 116 ---------
#candidates = 17892
Build cut network time = 120787
seed = 3689438710
Get boolean difference time = 723661
Get error time = 629
runtime = 119.127
Best ASE = n2087		CONST0	0	newError = 5	estError = 5
#literals = 4826
--------- round 117 ---------
#candidates = 17696
Build cut network time = 126578
seed = 888600226
Get boolean difference time = 722280
Get error time = 590
runtime = 120.138
Best ASE = n2122		CONST0	0	newError = 5	estError = 5
#literals = 4818
--------- round 118 ---------
#candidates = 17500
Build cut network time = 125207
seed = 2405231630
Get boolean difference time = 605944
Get error time = 478
runtime = 121.031
Best ASE = n2151		CONST0	0	newError = 2	estError = 2
#literals = 4810
--------- round 119 ---------
#candidates = 17304
Build cut network time = 108510
seed = 1826377798
Get boolean difference time = 595581
Get error time = 467
runtime = 121.885
Best ASE = n2178		CONST0	0	newError = 8	estError = 8
#literals = 4802
--------- round 120 ---------
#candidates = 17108
Build cut network time = 109242
seed = 3875964784
Get boolean difference time = 575849
Get error time = 496
runtime = 122.72
Best ASE = n2198		CONST0	0	newError = 4	estError = 4
#literals = 4794
--------- round 121 ---------
#candidates = 16912
Build cut network time = 110574
seed = 3664282974
Get boolean difference time = 580843
Get error time = 513
runtime = 123.56
Best ASE = n2216		CONST0	0	newError = 5	estError = 5
#literals = 4786
--------- round 122 ---------
#candidates = 16716
Build cut network time = 116036
seed = 4185956974
Get boolean difference time = 629238
Get error time = 418
runtime = 124.457
Best ASE = n2246		CONST0	0	newError = 2	estError = 2
#literals = 4778
--------- round 123 ---------
#candidates = 16520
Build cut network time = 112126
seed = 1684795374
Get boolean difference time = 634358
Get error time = 451
runtime = 125.356
Best ASE = n2269		CONST0	0	newError = 6	estError = 6
#literals = 4770
--------- round 124 ---------
#candidates = 16324
Build cut network time = 113370
seed = 362466038
Get boolean difference time = 609399
Get error time = 571
runtime = 126.23
Best ASE = n2289		CONST0	0	newError = 5	estError = 5
#literals = 4762
--------- round 125 ---------
#candidates = 16128
Build cut network time = 106864
seed = 366633918
Get boolean difference time = 593039
Get error time = 627
runtime = 127.081
Best ASE = n2312		CONST0	0	newError = 4	estError = 4
#literals = 4754
--------- round 126 ---------
#candidates = 15932
Build cut network time = 106844
seed = 1515752991
Get boolean difference time = 568534
Get error time = 568
runtime = 127.907
Best ASE = n2331		CONST0	0	newError = 9	estError = 9
#literals = 4746
--------- round 127 ---------
#candidates = 15736
Build cut network time = 108067
seed = 1034700806
Get boolean difference time = 558362
Get error time = 480
runtime = 128.724
Best ASE = n2351		CONST0	0	newError = 3	estError = 3
#literals = 4738
--------- round 128 ---------
#candidates = 15540
Build cut network time = 120459
seed = 350903616
Get boolean difference time = 736812
Get error time = 494
runtime = 129.748
Best ASE = n2374		CONST0	0	newError = 3	estError = 3
#literals = 4730
--------- round 129 ---------
#candidates = 15344
Build cut network time = 124049
seed = 1174323712
Get boolean difference time = 612090
Get error time = 452
runtime = 130.652
Best ASE = n2427		CONST0	0	newError = 4	estError = 4
#literals = 4722
--------- round 130 ---------
#candidates = 15148
Build cut network time = 112176
seed = 713851331
Get boolean difference time = 633784
Get error time = 493
runtime = 131.547
Best ASE = n2541		CONST0	0	newError = 5	estError = 5
#literals = 4714
--------- round 131 ---------
#candidates = 14952
Build cut network time = 111199
seed = 2252770694
Get boolean difference time = 671905
Get error time = 637
runtime = 132.487
Best ASE = n2597		CONST1	3	newError = 9	estError = 9
#literals = 4706
--------- round 132 ---------
#candidates = 14756
Build cut network time = 123811
seed = 870395814
Get boolean difference time = 671196
Get error time = 591
runtime = 133.442
Best ASE = n1179		CONST0	0	newError = 2	estError = 2
#literals = 4702
--------- round 133 ---------
#candidates = 14740
Build cut network time = 130330
seed = 3404424427
Get boolean difference time = 678621
Get error time = 504
runtime = 134.405
Best ASE = n1201	-0--|0--0|	INTER	0	newError = 5	estError = 5
#literals = 4697
--------- round 134 ---------
#candidates = 14552
Build cut network time = 118783
seed = 933103190
Get boolean difference time = 628755
Get error time = 579
runtime = 135.308
Best ASE = n1683		CONST1	4	newError = 14	estError = 14
#literals = 4689
--------- round 135 ---------
#candidates = 14356
Build cut network time = 126384
seed = 1982673684
Get boolean difference time = 622950
Get error time = 444
runtime = 136.209
Best ASE = n1685		CONST0	6	newError = 15	estError = 16
#literals = 4681
--------- round 136 ---------
#candidates = 14160
Build cut network time = 108479
seed = 4250952671
Get boolean difference time = 630973
Get error time = 509
runtime = 137.1
Best ASE = n2617	0---|-00-|	INTER	3	newError = 30	estError = 30
#literals = 4676
--------- round 137 ---------
#candidates = 13972
Build cut network time = 112866
seed = 2614893288
Get boolean difference time = 585061
Get error time = 440
runtime = 137.95
Best ASE = n1691	0---|-0-0|	INTER	5	newError = 32	estError = 33
#literals = 4671
--------- round 138 ---------
#candidates = 13784
Build cut network time = 110472
seed = 241668452
Get boolean difference time = 591484
Get error time = 672
runtime = 138.802
Best ASE = n1207	-0--|0--0|	INTER	7	newError = 37	estError = 39
#literals = 4666
--------- round 139 ---------
#candidates = 13596
Build cut network time = 110299
seed = 92414538
Get boolean difference time = 723861
Get error time = 529
runtime = 139.793
Best ASE = n1172		CONST0	0	newError = 58	estError = 58
#literals = 4662
--------- round 140 ---------
#candidates = 13580
Build cut network time = 128723
seed = 2010761240
Get boolean difference time = 735030
Get error time = 557
runtime = 140.823
Best ASE = n1158		CONST0	0	newError = 45	estError = 45
#literals = 4658
--------- round 141 ---------
#candidates = 13564
Build cut network time = 127201
seed = 2415932372
Get boolean difference time = 684225
Get error time = 385
runtime = 141.798
Best ASE = n1151		CONST0	0	newError = 47	estError = 47
#literals = 4654
--------- round 142 ---------
#candidates = 13548
Build cut network time = 117155
seed = 659173227
Get boolean difference time = 669627
Get error time = 465
runtime = 142.736
Best ASE = n1125		CONST0	0	newError = 44	estError = 44
#literals = 4650
--------- round 143 ---------
#candidates = 13532
Build cut network time = 105306
seed = 134102105
Get boolean difference time = 674320
Get error time = 558
runtime = 143.667
Best ASE = n1120		CONST0	0	newError = 43	estError = 43
#literals = 4646
--------- round 144 ---------
#candidates = 13516
Build cut network time = 135589
seed = 2950108152
Get boolean difference time = 780122
Get error time = 667
runtime = 144.749
Best ASE = n1102		CONST0	0	newError = 46	estError = 46
#literals = 4642
--------- round 145 ---------
#candidates = 13500
Build cut network time = 135057
seed = 1792502358
Get boolean difference time = 765742
Get error time = 586
runtime = 145.818
Best ASE = n1089		CONST0	0	newError = 40	estError = 40
#literals = 4638
--------- round 146 ---------
#candidates = 13484
Build cut network time = 135831
seed = 3380136838
Get boolean difference time = 736968
Get error time = 589
runtime = 146.858
Best ASE = n1077		CONST0	0	newError = 58	estError = 58
#literals = 4634
--------- round 147 ---------
#candidates = 13468
Build cut network time = 117194
seed = 1549941015
Get boolean difference time = 561864
Get error time = 446
runtime = 147.69
Best ASE = n1031		CONST0	0	newError = 44	estError = 44
#literals = 4630
--------- round 148 ---------
#candidates = 13452
Build cut network time = 114554
seed = 1434615438
Get boolean difference time = 598353
Get error time = 513
runtime = 148.56
Best ASE = n1024		CONST0	0	newError = 45	estError = 45
#literals = 4626
--------- round 149 ---------
#candidates = 13436
Build cut network time = 113911
seed = 2252443799
Get boolean difference time = 624872
Get error time = 383
runtime = 149.465
Best ASE = n1005		CONST0	0	newError = 37	estError = 37
#literals = 4622
--------- round 150 ---------
#candidates = 13420
Build cut network time = 103670
seed = 3212389110
Get boolean difference time = 585423
Get error time = 547
runtime = 150.304
Best ASE = n973		CONST0	0	newError = 48	estError = 48
#literals = 4618
--------- round 151 ---------
#candidates = 13404
Build cut network time = 108894
seed = 3136043545
Get boolean difference time = 552279
Get error time = 360
runtime = 151.118
Best ASE = n966		CONST0	0	newError = 46	estError = 46
#literals = 4614
--------- round 152 ---------
#candidates = 13388
Build cut network time = 102084
seed = 3337847410
Get boolean difference time = 558970
Get error time = 441
runtime = 151.928
Best ASE = n935		CONST0	0	newError = 42	estError = 42
#literals = 4610
--------- round 153 ---------
#candidates = 13372
Build cut network time = 103389
seed = 2796332081
Get boolean difference time = 557082
Get error time = 351
runtime = 152.74
Best ASE = n916		CONST0	0	newError = 47	estError = 47
#literals = 4606
--------- round 154 ---------
#candidates = 13356
Build cut network time = 113964
seed = 35080766
Get boolean difference time = 561280
Get error time = 431
runtime = 153.566
Best ASE = n890		CONST0	0	newError = 43	estError = 43
#literals = 4602
--------- round 155 ---------
#candidates = 13340
Build cut network time = 107909
seed = 3534084293
Get boolean difference time = 590713
Get error time = 511
runtime = 154.427
Best ASE = n884		CONST0	0	newError = 40	estError = 40
#literals = 4598
--------- round 156 ---------
#candidates = 13324
Build cut network time = 111690
seed = 136364689
Get boolean difference time = 583580
Get error time = 658
runtime = 155.282
Best ASE = n896		CONST0	0	newError = 59	estError = 59
#literals = 4594
--------- round 157 ---------
#candidates = 13309
Build cut network time = 111613
seed = 2729097573
Get boolean difference time = 555909
Get error time = 376
runtime = 156.1
Best ASE = n904		CONST0	0	newError = 41	estError = 41
#literals = 4590
--------- round 158 ---------
#candidates = 13293
Build cut network time = 101572
seed = 850580972
Get boolean difference time = 546774
Get error time = 446
runtime = 156.899
Best ASE = n905		CONST0	0	newError = 58	estError = 58
#literals = 4586
--------- round 159 ---------
#candidates = 13278
Build cut network time = 102513
seed = 1520798682
Get boolean difference time = 559856
Get error time = 559
runtime = 157.716
Best ASE = n909		CONST0	0	newError = 58	estError = 58
#literals = 4582
--------- round 160 ---------
#candidates = 13263
Build cut network time = 105056
seed = 2306993372
Get boolean difference time = 588753
Get error time = 555
runtime = 158.562
Best ASE = n913		CONST0	0	newError = 48	estError = 48
#literals = 4578
--------- round 161 ---------
#candidates = 13248
Build cut network time = 112515
seed = 2319819248
Get boolean difference time = 592180
Get error time = 486
runtime = 159.418
Best ASE = n924		CONST0	0	newError = 53	estError = 53
#literals = 4574
--------- round 162 ---------
#candidates = 13232
Build cut network time = 107790
seed = 1295497850
Get boolean difference time = 585728
Get error time = 527
runtime = 160.27
Best ASE = n925		CONST0	0	newError = 45	estError = 45
#literals = 4570
--------- round 163 ---------
#candidates = 13217
Build cut network time = 108744
seed = 2394978676
Get boolean difference time = 593776
Get error time = 335
runtime = 161.125
Best ASE = n931		CONST0	0	newError = 35	estError = 35
#literals = 4566
--------- round 164 ---------
#candidates = 13201
Build cut network time = 98390
seed = 2494091162
Get boolean difference time = 560596
Get error time = 401
runtime = 161.937
Best ASE = n932		CONST0	0	newError = 44	estError = 44
#literals = 4562
--------- round 165 ---------
#candidates = 13186
Build cut network time = 109500
seed = 560353715
Get boolean difference time = 661620
Get error time = 571
runtime = 162.86
Best ASE = n941		CONST0	0	newError = 49	estError = 49
#literals = 4558
--------- round 166 ---------
#candidates = 13171
Build cut network time = 127934
seed = 1999741239
Get boolean difference time = 680652
Get error time = 352
runtime = 163.835
Best ASE = n947		CONST0	0	newError = 62	estError = 62
#literals = 4554
--------- round 167 ---------
#candidates = 13156
Build cut network time = 99135
seed = 3796707332
Get boolean difference time = 552412
Get error time = 457
runtime = 164.636
Best ASE = n955		CONST0	0	newError = 47	estError = 47
#literals = 4550
--------- round 168 ---------
#candidates = 13140
Build cut network time = 97119
seed = 840442518
Get boolean difference time = 502492
Get error time = 378
runtime = 165.385
Best ASE = n956		CONST0	0	newError = 45	estError = 45
#literals = 4546
--------- round 169 ---------
#candidates = 13125
Build cut network time = 95379
seed = 3637104504
Get boolean difference time = 509087
Get error time = 362
runtime = 166.137
Best ASE = n962		CONST0	0	newError = 59	estError = 59
#literals = 4542
--------- round 170 ---------
#candidates = 13109
Build cut network time = 98476
seed = 39794324
Get boolean difference time = 535581
Get error time = 364
runtime = 166.919
Best ASE = n963		CONST0	0	newError = 49	estError = 49
#literals = 4538
--------- round 171 ---------
#candidates = 13094
Build cut network time = 98978
seed = 673966211
Get boolean difference time = 535271
Get error time = 377
runtime = 167.702
Best ASE = n970		CONST0	0	newError = 39	estError = 39
#literals = 4534
--------- round 172 ---------
#candidates = 13079
Build cut network time = 103316
seed = 1098737366
Get boolean difference time = 534366
Get error time = 464
runtime = 168.489
Best ASE = n996		CONST0	0	newError = 38	estError = 38
#literals = 4530
--------- round 173 ---------
#candidates = 13063
Build cut network time = 99548
seed = 2482094424
Get boolean difference time = 534919
Get error time = 371
runtime = 169.271
Best ASE = n1003		CONST0	0	newError = 39	estError = 39
#literals = 4526
--------- round 174 ---------
#candidates = 13048
Build cut network time = 98514
seed = 1278351654
Get boolean difference time = 533127
Get error time = 387
runtime = 170.051
Best ASE = n1013		CONST0	0	newError = 51	estError = 51
#literals = 4522
--------- round 175 ---------
#candidates = 13032
Build cut network time = 97889
seed = 2712981524
Get boolean difference time = 532889
Get error time = 538
runtime = 170.832
Best ASE = n1014		CONST0	0	newError = 44	estError = 44
#literals = 4518
--------- round 176 ---------
#candidates = 13017
Build cut network time = 97737
seed = 2897393006
Get boolean difference time = 531881
Get error time = 364
runtime = 171.61
Best ASE = n1020		CONST0	0	newError = 44	estError = 44
#literals = 4514
--------- round 177 ---------
#candidates = 13001
Build cut network time = 97738
seed = 3578484155
Get boolean difference time = 531169
Get error time = 365
runtime = 172.387
Best ASE = n1021		CONST0	0	newError = 47	estError = 47
#literals = 4510
--------- round 178 ---------
#candidates = 12986
Build cut network time = 100317
seed = 722253229
Get boolean difference time = 532534
Get error time = 408
runtime = 173.169
Best ASE = n1028		CONST0	0	newError = 57	estError = 57
#literals = 4506
--------- round 179 ---------
#candidates = 12971
Build cut network time = 100294
seed = 828606684
Get boolean difference time = 572159
Get error time = 483
runtime = 173.991
Best ASE = n1044		CONST0	0	newError = 46	estError = 46
#literals = 4502
--------- round 180 ---------
#candidates = 12955
Build cut network time = 105193
seed = 2919137120
Get boolean difference time = 570518
Get error time = 400
runtime = 174.816
Best ASE = n1050		CONST0	0	newError = 43	estError = 43
#literals = 4498
--------- round 181 ---------
#candidates = 12940
Build cut network time = 103746
seed = 3278914163
Get boolean difference time = 569686
Get error time = 383
runtime = 175.64
Best ASE = n1056		CONST0	0	newError = 38	estError = 38
#literals = 4494
--------- round 182 ---------
#candidates = 12924
Build cut network time = 103818
seed = 4282493352
Get boolean difference time = 570806
Get error time = 456
runtime = 176.465
Best ASE = n1057		CONST0	0	newError = 47	estError = 47
#literals = 4490
--------- round 183 ---------
#candidates = 12909
Build cut network time = 102380
seed = 2095432128
Get boolean difference time = 573806
Get error time = 495
runtime = 177.291
Best ASE = n1068		CONST0	0	newError = 51	estError = 51
#literals = 4486
--------- round 184 ---------
#candidates = 12893
Build cut network time = 107691
seed = 178539092
Get boolean difference time = 598207
Get error time = 514
runtime = 178.149
Best ASE = n1075		CONST0	0	newError = 34	estError = 34
#literals = 4482
--------- round 185 ---------
#candidates = 12878
Build cut network time = 106951
seed = 2902059107
Get boolean difference time = 591242
Get error time = 390
runtime = 178.997
Best ASE = n1085		CONST0	0	newError = 56	estError = 56
#literals = 4478
--------- round 186 ---------
#candidates = 12862
Build cut network time = 100038
seed = 1213984361
Get boolean difference time = 555196
Get error time = 405
runtime = 179.802
Best ASE = n1086		CONST0	0	newError = 43	estError = 43
#literals = 4474
--------- round 187 ---------
#candidates = 12847
Build cut network time = 100536
seed = 2322716502
Get boolean difference time = 557814
Get error time = 415
runtime = 180.61
Best ASE = n1100		CONST0	0	newError = 67	estError = 67
#literals = 4470
--------- round 188 ---------
#candidates = 12832
Build cut network time = 100534
seed = 1699373996
Get boolean difference time = 560383
Get error time = 429
runtime = 181.419
Best ASE = n1110		CONST0	0	newError = 45	estError = 45
#literals = 4466
--------- round 189 ---------
#candidates = 12816
Build cut network time = 101542
seed = 479646574
Get boolean difference time = 542241
Get error time = 425
runtime = 182.212
Best ASE = n1111		CONST0	0	newError = 48	estError = 48
#literals = 4462
--------- round 190 ---------
#candidates = 12801
Build cut network time = 102411
seed = 1044761949
Get boolean difference time = 568380
Get error time = 420
runtime = 183.033
Best ASE = n1116		CONST0	0	newError = 43	estError = 43
#literals = 4458
--------- round 191 ---------
#candidates = 12785
Build cut network time = 97572
seed = 486689588
Get boolean difference time = 606962
Get error time = 480
runtime = 183.889
Best ASE = n1117		CONST0	0	newError = 52	estError = 52
#literals = 4454
--------- round 192 ---------
#candidates = 12770
Build cut network time = 111258
seed = 2297335553
Get boolean difference time = 589545
Get error time = 436
runtime = 184.741
Best ASE = n1129		CONST0	0	newError = 41	estError = 41
#literals = 4450
--------- round 193 ---------
#candidates = 12755
Build cut network time = 103648
seed = 3524889315
Get boolean difference time = 566761
Get error time = 488
runtime = 185.562
Best ASE = n1132		CONST0	0	newError = 46	estError = 46
#literals = 4446
--------- round 194 ---------
#candidates = 12740
Build cut network time = 104789
seed = 2924396014
Get boolean difference time = 537013
Get error time = 406
runtime = 186.355
Best ASE = n1135		CONST0	0	newError = 58	estError = 58
#literals = 4442
--------- round 195 ---------
#candidates = 12725
Build cut network time = 102410
seed = 2411699683
Get boolean difference time = 525701
Get error time = 562
runtime = 187.131
Best ASE = n1142		CONST0	0	newError = 44	estError = 44
#literals = 4438
--------- round 196 ---------
#candidates = 12710
Build cut network time = 102142
seed = 210390700
Get boolean difference time = 529270
Get error time = 419
runtime = 187.912
Best ASE = n1153		CONST0	0	newError = 42	estError = 42
#literals = 4434
--------- round 197 ---------
#candidates = 12695
Build cut network time = 101941
seed = 3965843502
Get boolean difference time = 587892
Get error time = 494
runtime = 188.752
Best ASE = n1162		CONST0	0	newError = 43	estError = 43
#literals = 4430
--------- round 198 ---------
#candidates = 12680
Build cut network time = 104956
seed = 3434737191
Get boolean difference time = 543446
Get error time = 405
runtime = 189.553
Best ASE = n1170		CONST0	0	newError = 39	estError = 39
#literals = 4426
--------- round 199 ---------
#candidates = 12665
Build cut network time = 104474
seed = 2026704365
Get boolean difference time = 543429
Get error time = 484
runtime = 190.353
Best ASE = n1177		CONST0	0	newError = 35	estError = 35
#literals = 4422
--------- round 200 ---------
#candidates = 12650
Build cut network time = 102307
seed = 2474010371
Get boolean difference time = 541726
Get error time = 530
runtime = 191.154
Best ASE = n1182		CONST0	0	newError = 51	estError = 51
#literals = 4418
--------- round 201 ---------
#candidates = 12635
Build cut network time = 105473
seed = 2103479083
Get boolean difference time = 527074
Get error time = 424
runtime = 191.947
Best ASE = n1189		CONST0	0	newError = 46	estError = 46
#literals = 4414
--------- round 202 ---------
#candidates = 12620
Build cut network time = 99795
seed = 730012666
Get boolean difference time = 527029
Get error time = 456
runtime = 192.723
Best ASE = n1676		CONST0	0	newError = 42	estError = 42
#literals = 4410
--------- round 203 ---------
#candidates = 12604
Build cut network time = 101454
seed = 770875898
Get boolean difference time = 525990
Get error time = 427
runtime = 193.501
Best ASE = n1669		CONST0	0	newError = 59	estError = 59
#literals = 4406
--------- round 204 ---------
#candidates = 12588
Build cut network time = 103231
seed = 4222456400
Get boolean difference time = 530077
Get error time = 514
runtime = 194.288
Best ASE = n1664		CONST0	0	newError = 52	estError = 52
#literals = 4402
--------- round 205 ---------
#candidates = 12572
Build cut network time = 101624
seed = 2858407796
Get boolean difference time = 526888
Get error time = 531
runtime = 195.066
Best ASE = n1637		CONST0	0	newError = 52	estError = 52
#literals = 4398
--------- round 206 ---------
#candidates = 12556
Build cut network time = 101883
seed = 3917302808
Get boolean difference time = 565357
Get error time = 540
runtime = 195.885
Best ASE = n1630		CONST0	0	newError = 54	estError = 54
#literals = 4394
--------- round 207 ---------
#candidates = 12540
Build cut network time = 108347
seed = 1683158180
Get boolean difference time = 558200
Get error time = 519
runtime = 196.708
Best ASE = n1623		CONST0	0	newError = 54	estError = 54
#literals = 4390
--------- round 208 ---------
#candidates = 12524
Build cut network time = 113198
seed = 3106580828
Get boolean difference time = 551992
Get error time = 511
runtime = 197.524
Best ASE = n1611		CONST0	0	newError = 32	estError = 32
#literals = 4386
--------- round 209 ---------
#candidates = 12508
Build cut network time = 109868
seed = 1675125781
Get boolean difference time = 549981
Get error time = 450
runtime = 198.35
Best ASE = n1589		CONST0	0	newError = 50	estError = 50
#literals = 4382
--------- round 210 ---------
#candidates = 12492
Build cut network time = 112228
seed = 1528776084
Get boolean difference time = 562214
Get error time = 433
runtime = 199.174
Best ASE = n1582		CONST0	0	newError = 51	estError = 51
#literals = 4378
--------- round 211 ---------
#candidates = 12476
Build cut network time = 113950
seed = 1062647791
Get boolean difference time = 512111
Get error time = 465
runtime = 199.975
Best ASE = n1575		CONST0	0	newError = 52	estError = 52
#literals = 4374
--------- round 212 ---------
#candidates = 12460
Build cut network time = 102091
seed = 2360327317
Get boolean difference time = 502446
Get error time = 474
runtime = 200.732
Best ASE = n1568		CONST0	0	newError = 47	estError = 47
#literals = 4370
--------- round 213 ---------
#candidates = 12444
Build cut network time = 115386
seed = 4122144945
Get boolean difference time = 553684
Get error time = 442
runtime = 201.55
Best ASE = n1509		CONST0	0	newError = 44	estError = 44
#literals = 4366
--------- round 214 ---------
#candidates = 12428
Build cut network time = 108761
seed = 1409594558
Get boolean difference time = 553166
Get error time = 578
runtime = 202.363
Best ASE = n1497		CONST0	0	newError = 42	estError = 42
#literals = 4362
--------- round 215 ---------
#candidates = 12412
Build cut network time = 103627
seed = 3896889585
Get boolean difference time = 548907
Get error time = 662
runtime = 203.167
Best ASE = n1490		CONST0	0	newError = 49	estError = 49
#literals = 4358
--------- round 216 ---------
#candidates = 12396
Build cut network time = 115242
seed = 913631180
Get boolean difference time = 545995
Get error time = 424
runtime = 203.98
Best ASE = n1431		CONST0	0	newError = 43	estError = 43
#literals = 4354
--------- round 217 ---------
#candidates = 12380
Build cut network time = 109777
seed = 3781707636
Get boolean difference time = 548968
Get error time = 673
runtime = 204.789
Best ASE = n1424		CONST0	0	newError = 52	estError = 52
#literals = 4350
--------- round 218 ---------
#candidates = 12364
Build cut network time = 120688
seed = 2390959372
Get boolean difference time = 550598
Get error time = 436
runtime = 205.61
Best ASE = n1413		CONST0	0	newError = 42	estError = 42
#literals = 4346
--------- round 219 ---------
#candidates = 12348
Build cut network time = 117378
seed = 4125095653
Get boolean difference time = 551657
Get error time = 529
runtime = 206.437
Best ASE = n1406		CONST0	0	newError = 39	estError = 39
#literals = 4342
--------- round 220 ---------
#candidates = 12332
Build cut network time = 109388
seed = 1385654851
Get boolean difference time = 595857
Get error time = 530
runtime = 207.309
Best ASE = n1399		CONST0	0	newError = 49	estError = 49
#literals = 4338
--------- round 221 ---------
#candidates = 12316
Build cut network time = 109480
seed = 279374736
Get boolean difference time = 593239
Get error time = 626
runtime = 208.172
Best ASE = n1380		CONST0	0	newError = 54	estError = 54
#literals = 4334
--------- round 222 ---------
#candidates = 12300
Build cut network time = 115151
seed = 735063578
Get boolean difference time = 585834
Get error time = 525
runtime = 209.024
Best ASE = n1373		CONST0	0	newError = 58	estError = 58
#literals = 4330
--------- round 223 ---------
#candidates = 12284
Build cut network time = 116205
seed = 429936127
Get boolean difference time = 584859
Get error time = 484
runtime = 209.877
Best ASE = n1365		CONST0	0	newError = 51	estError = 51
#literals = 4326
--------- round 224 ---------
#candidates = 12268
Build cut network time = 108359
seed = 746896903
Get boolean difference time = 600367
Get error time = 680
runtime = 210.745
Best ASE = n1369		CONST0	0	newError = 49	estError = 49
#literals = 4322
--------- round 225 ---------
#candidates = 12252
Build cut network time = 120078
seed = 2332707254
Get boolean difference time = 624679
Get error time = 544
runtime = 211.642
Best ASE = n1370		CONST0	0	newError = 42	estError = 42
#literals = 4318
--------- round 226 ---------
#candidates = 12237
Build cut network time = 114167
seed = 236240569
Get boolean difference time = 621109
Get error time = 482
runtime = 212.528
Best ASE = n1377		CONST0	0	newError = 42	estError = 42
#literals = 4314
--------- round 227 ---------
#candidates = 12222
Build cut network time = 115721
seed = 1238892816
Get boolean difference time = 581908
Get error time = 613
runtime = 213.381
Best ASE = n1388		CONST0	0	newError = 47	estError = 47
#literals = 4310
--------- round 228 ---------
#candidates = 12206
Build cut network time = 107970
seed = 3036296521
Get boolean difference time = 591030
Get error time = 638
runtime = 214.235
Best ASE = n1389		CONST0	0	newError = 29	estError = 29
#literals = 4306
--------- round 229 ---------
#candidates = 12191
Build cut network time = 109701
seed = 423115408
Get boolean difference time = 607161
Get error time = 670
runtime = 215.127
Best ASE = n1393		CONST0	0	newError = 45	estError = 45
#literals = 4302
--------- round 230 ---------
#candidates = 12176
Build cut network time = 115076
seed = 1787766846
Get boolean difference time = 560451
Get error time = 468
runtime = 215.961
Best ASE = n1397		CONST0	0	newError = 34	estError = 34
#literals = 4298
--------- round 231 ---------
#candidates = 12161
Build cut network time = 112065
seed = 1863853309
Get boolean difference time = 570197
Get error time = 650
runtime = 216.819
Best ASE = n1402		CONST0	0	newError = 40	estError = 40
#literals = 4294
--------- round 232 ---------
#candidates = 12145
Build cut network time = 117346
seed = 3095160776
Get boolean difference time = 536662
Get error time = 497
runtime = 217.637
Best ASE = n1403		CONST0	0	newError = 40	estError = 40
#literals = 4290
--------- round 233 ---------
#candidates = 12130
Build cut network time = 110196
seed = 3011805286
Get boolean difference time = 552459
Get error time = 600
runtime = 218.45
Best ASE = n1410		CONST0	0	newError = 45	estError = 45
#literals = 4286
--------- round 234 ---------
#candidates = 12115
Build cut network time = 125706
seed = 2186619347
Get boolean difference time = 565351
Get error time = 730
runtime = 219.302
Best ASE = n1421		CONST0	0	newError = 46	estError = 46
#literals = 4282
--------- round 235 ---------
#candidates = 12099
Build cut network time = 125045
seed = 1628070261
Get boolean difference time = 545167
Get error time = 482
runtime = 220.122
Best ASE = n1422		CONST0	0	newError = 47	estError = 47
#literals = 4278
--------- round 236 ---------
#candidates = 12084
Build cut network time = 100726
seed = 3491697410
Get boolean difference time = 528090
Get error time = 439
runtime = 220.904
Best ASE = n1427		CONST0	0	newError = 44	estError = 44
#literals = 4274
--------- round 237 ---------
#candidates = 12068
Build cut network time = 100996
seed = 242204377
Get boolean difference time = 507757
Get error time = 422
runtime = 221.66
Best ASE = n1428		CONST0	0	newError = 40	estError = 40
#literals = 4270
--------- round 238 ---------
#candidates = 12053
Build cut network time = 98055
seed = 3317042530
Get boolean difference time = 509282
Get error time = 448
runtime = 222.415
Best ASE = n1437		CONST0	0	newError = 37	estError = 37
#literals = 4266
--------- round 239 ---------
#candidates = 12038
Build cut network time = 100831
seed = 2823393206
Get boolean difference time = 518752
Get error time = 480
runtime = 223.183
Best ASE = n1445		CONST0	0	newError = 52	estError = 52
#literals = 4262
--------- round 240 ---------
#candidates = 12022
Build cut network time = 99619
seed = 3659047775
Get boolean difference time = 531513
Get error time = 488
runtime = 223.963
Best ASE = n1446		CONST0	0	newError = 39	estError = 39
#literals = 4258
--------- round 241 ---------
#candidates = 12007
Build cut network time = 100622
seed = 1437566131
Get boolean difference time = 522413
Get error time = 462
runtime = 224.737
Best ASE = n1450		CONST0	0	newError = 38	estError = 38
#literals = 4254
--------- round 242 ---------
#candidates = 11992
Build cut network time = 98395
seed = 1779299611
Get boolean difference time = 510813
Get error time = 438
runtime = 225.495
Best ASE = n1463		CONST0	0	newError = 44	estError = 44
#literals = 4250
--------- round 243 ---------
#candidates = 11976
Build cut network time = 102906
seed = 3561790966
Get boolean difference time = 522020
Get error time = 434
runtime = 226.278
Best ASE = n1470		CONST0	0	newError = 39	estError = 39
#literals = 4246
--------- round 244 ---------
#candidates = 11961
Build cut network time = 110635
seed = 1099407857
Get boolean difference time = 544790
Get error time = 549
runtime = 227.083
Best ASE = n1479		CONST0	0	newError = 36	estError = 36
#literals = 4242
--------- round 245 ---------
#candidates = 11945
Build cut network time = 100035
seed = 1885920231
Get boolean difference time = 522739
Get error time = 468
runtime = 227.855
Best ASE = n1481		CONST0	0	newError = 54	estError = 54
#literals = 4238
--------- round 246 ---------
#candidates = 11929
Build cut network time = 101404
seed = 3336846777
Get boolean difference time = 523059
Get error time = 520
runtime = 228.631
Best ASE = n1482		CONST0	0	newError = 56	estError = 56
#literals = 4234
--------- round 247 ---------
#candidates = 11914
Build cut network time = 107621
seed = 871593584
Get boolean difference time = 522831
Get error time = 494
runtime = 229.409
Best ASE = n1487		CONST0	0	newError = 45	estError = 45
#literals = 4230
--------- round 248 ---------
#candidates = 11898
Build cut network time = 102984
seed = 1602803381
Get boolean difference time = 523264
Get error time = 642
runtime = 230.184
Best ASE = n1488		CONST0	0	newError = 48	estError = 48
#literals = 4226
--------- round 249 ---------
#candidates = 11883
Build cut network time = 100250
seed = 919095203
Get boolean difference time = 523851
Get error time = 655
runtime = 230.958
Best ASE = n1493		CONST0	0	newError = 34	estError = 34
#literals = 4222
--------- round 250 ---------
#candidates = 11867
Build cut network time = 106251
seed = 2393666376
Get boolean difference time = 560017
Get error time = 518
runtime = 231.774
Best ASE = n1494		CONST0	0	newError = 37	estError = 37
#literals = 4218
--------- round 251 ---------
#candidates = 11852
Build cut network time = 104401
seed = 2516185402
Get boolean difference time = 561865
Get error time = 528
runtime = 232.59
Best ASE = n1505		CONST0	0	newError = 34	estError = 34
#literals = 4214
--------- round 252 ---------
#candidates = 11836
Build cut network time = 103902
seed = 1172494609
Get boolean difference time = 559218
Get error time = 622
runtime = 233.403
Best ASE = n1506		CONST0	0	newError = 57	estError = 57
#literals = 4210
--------- round 253 ---------
#candidates = 11821
Build cut network time = 110027
seed = 1749872118
Get boolean difference time = 545908
Get error time = 438
runtime = 234.208
Best ASE = n1514		CONST0	0	newError = 40	estError = 40
#literals = 4206
--------- round 254 ---------
#candidates = 11806
Build cut network time = 102933
seed = 3274781994
Get boolean difference time = 495719
Get error time = 415
runtime = 234.963
Best ASE = n1535		CONST0	0	newError = 32	estError = 32
#literals = 4202
--------- round 255 ---------
#candidates = 11791
Build cut network time = 101586
seed = 2755175663
Get boolean difference time = 522284
Get error time = 451
runtime = 235.735
Best ASE = n1543		CONST0	0	newError = 47	estError = 47
#literals = 4198
--------- round 256 ---------
#candidates = 11776
Build cut network time = 100571
seed = 2929491242
Get boolean difference time = 544089
Get error time = 493
runtime = 236.53
Best ASE = n1563		CONST0	0	newError = 35	estError = 35
#literals = 4194
--------- round 257 ---------
#candidates = 11761
Build cut network time = 102268
seed = 3141449088
Get boolean difference time = 547491
Get error time = 551
runtime = 237.329
Best ASE = n1570		CONST0	0	newError = 39	estError = 39
#literals = 4190
--------- round 258 ---------
#candidates = 11746
Build cut network time = 102268
seed = 1645591349
Get boolean difference time = 544930
Get error time = 502
runtime = 238.125
Best ASE = n1577		CONST0	0	newError = 43	estError = 43
#literals = 4186
--------- round 259 ---------
#candidates = 11731
Build cut network time = 102002
seed = 144694396
Get boolean difference time = 521555
Get error time = 510
runtime = 238.897
Best ASE = n1587		CONST0	0	newError = 41	estError = 41
#literals = 4182
--------- round 260 ---------
#candidates = 11716
Build cut network time = 113525
seed = 1863588651
Get boolean difference time = 558563
Get error time = 522
runtime = 239.721
Best ASE = n1594		CONST0	0	newError = 38	estError = 38
#literals = 4178
--------- round 261 ---------
#candidates = 11701
Build cut network time = 105608
seed = 681470086
Get boolean difference time = 584920
Get error time = 621
runtime = 240.57
Best ASE = n1602		CONST0	0	newError = 46	estError = 46
#literals = 4174
--------- round 262 ---------
#candidates = 11686
Build cut network time = 122827
seed = 4131184131
Get boolean difference time = 559266
Get error time = 560
runtime = 241.41
Best ASE = n1609		CONST0	0	newError = 50	estError = 50
#literals = 4170
--------- round 263 ---------
#candidates = 11671
Build cut network time = 100188
seed = 3988358446
Get boolean difference time = 524397
Get error time = 418
runtime = 242.183
Best ASE = n1614		CONST0	0	newError = 46	estError = 46
#literals = 4166
--------- round 264 ---------
#candidates = 11656
Build cut network time = 98234
seed = 1699697855
Get boolean difference time = 519093
Get error time = 437
runtime = 242.949
Best ASE = n1628		CONST0	0	newError = 40	estError = 40
#literals = 4162
--------- round 265 ---------
#candidates = 11641
Build cut network time = 102872
seed = 2279948770
Get boolean difference time = 516699
Get error time = 512
runtime = 243.716
Best ASE = n1635		CONST0	0	newError = 43	estError = 43
#literals = 4158
--------- round 266 ---------
#candidates = 11626
Build cut network time = 98129
seed = 575827828
Get boolean difference time = 628805
Get error time = 709
runtime = 244.599
Best ASE = n1640		CONST0	0	newError = 48	estError = 48
#literals = 4154
--------- round 267 ---------
#candidates = 11611
Build cut network time = 123434
seed = 1755869293
Get boolean difference time = 544420
Get error time = 384
runtime = 245.42
Best ASE = n1646		CONST0	0	newError = 35	estError = 35
#literals = 4150
--------- round 268 ---------
#candidates = 11596
Build cut network time = 104448
seed = 192041112
Get boolean difference time = 551892
Get error time = 510
runtime = 246.225
Best ASE = n1654		CONST0	0	newError = 64	estError = 64
#literals = 4146
--------- round 269 ---------
#candidates = 11581
Build cut network time = 109274
seed = 172887105
Get boolean difference time = 541487
Get error time = 635
runtime = 247.025
Best ASE = n1662		CONST0	0	newError = 54	estError = 54
#literals = 4142
--------- round 270 ---------
#candidates = 11566
Build cut network time = 99565
seed = 7342633
Get boolean difference time = 546298
Get error time = 538
runtime = 247.828
Best ASE = n1674		CONST0	0	newError = 47	estError = 47
#literals = 4138
--------- round 271 ---------
#candidates = 11551
Build cut network time = 103617
seed = 2683136066
Get boolean difference time = 549858
Get error time = 482
runtime = 248.633
Best ASE = n1679		CONST0	0	newError = 47	estError = 47
#literals = 4134
--------- round 272 ---------
#candidates = 11535
Build cut network time = 101764
seed = 3680096840
Get boolean difference time = 529990
Get error time = 474
runtime = 249.414
Best ASE = n1687		CONST0	0	newError = 45	estError = 45
#literals = 4130
--------- round 273 ---------
#candidates = 11520
Build cut network time = 98966
seed = 4138910483
Get boolean difference time = 516836
Get error time = 466
runtime = 250.18
Best ASE = n2549		CONST0	0	newError = 46	estError = 46
#literals = 4126
--------- round 274 ---------
#candidates = 11505
Build cut network time = 98025
seed = 2187520194
Get boolean difference time = 515061
Get error time = 420
runtime = 250.949
Best ASE = n2576		CONST0	0	newError = 45	estError = 46
#literals = 4122
--------- round 275 ---------
#candidates = 11489
Build cut network time = 101651
seed = 1596242145
Get boolean difference time = 486124
Get error time = 411
runtime = 251.692
Best ASE = n2596		CONST0	0	newError = 44	estError = 45
#literals = 4118
--------- round 276 ---------
#candidates = 11473
Build cut network time = 96342
seed = 960276718
Get boolean difference time = 508834
Get error time = 412
runtime = 252.445
Best ASE = n2533		CONST0	0	newError = 46	estError = 46
#literals = 4114
--------- round 277 ---------
#candidates = 11457
Build cut network time = 97858
seed = 622214656
Get boolean difference time = 517589
Get error time = 426
runtime = 253.21
Best ASE = n2509		CONST0	0	newError = 47	estError = 47
#literals = 4110
--------- round 278 ---------
#candidates = 11441
Build cut network time = 100228
seed = 1977847790
Get boolean difference time = 516624
Get error time = 419
runtime = 253.976
Best ASE = n2493		CONST0	0	newError = 44	estError = 44
#literals = 4106
--------- round 279 ---------
#candidates = 11425
Build cut network time = 98343
seed = 2264759806
Get boolean difference time = 514700
Get error time = 423
runtime = 254.738
Best ASE = n2477		CONST0	0	newError = 36	estError = 36
#literals = 4102
--------- round 280 ---------
#candidates = 11409
Build cut network time = 96747
seed = 2569800901
Get boolean difference time = 525160
Get error time = 479
runtime = 255.507
Best ASE = n2461		CONST0	0	newError = 41	estError = 41
#literals = 4098
--------- round 281 ---------
#candidates = 11393
Build cut network time = 102682
seed = 1900515677
Get boolean difference time = 609050
Get error time = 622
runtime = 256.368
Best ASE = n2445		CONST0	0	newError = 41	estError = 41
#literals = 4094
--------- round 282 ---------
#candidates = 11377
Build cut network time = 123695
seed = 1040940038
Get boolean difference time = 577235
Get error time = 576
runtime = 257.217
Best ASE = n2435		CONST0	0	newError = 39	estError = 39
#literals = 4090
--------- round 283 ---------
#candidates = 11362
Build cut network time = 105460
seed = 4201808411
Get boolean difference time = 580330
Get error time = 564
runtime = 258.052
Best ASE = n2420		CONST0	0	newError = 34	estError = 34
#literals = 4086
--------- round 284 ---------
#candidates = 11346
Build cut network time = 106748
seed = 3698579169
Get boolean difference time = 576356
Get error time = 460
runtime = 258.894
Best ASE = n2383		CONST0	0	newError = 41	estError = 41
#literals = 4082
--------- round 285 ---------
#candidates = 11330
Build cut network time = 108399
seed = 3449731896
Get boolean difference time = 560391
Get error time = 421
runtime = 259.725
Best ASE = n2373		CONST0	0	newError = 48	estError = 48
#literals = 4078
--------- round 286 ---------
#candidates = 11314
Build cut network time = 108959
seed = 1651830103
Get boolean difference time = 554381
Get error time = 441
runtime = 260.54
Best ASE = n2359		CONST0	0	newError = 40	estError = 40
#literals = 4074
--------- round 287 ---------
#candidates = 11299
Build cut network time = 99164
seed = 109529493
Get boolean difference time = 555380
Get error time = 507
runtime = 261.344
Best ASE = n2344		CONST0	0	newError = 38	estError = 38
#literals = 4070
--------- round 288 ---------
#candidates = 11283
Build cut network time = 108422
seed = 1775139573
Get boolean difference time = 552763
Get error time = 453
runtime = 262.166
Best ASE = n2329		CONST0	0	newError = 53	estError = 53
#literals = 4066
--------- round 289 ---------
#candidates = 11267
Build cut network time = 95563
seed = 199660164
Get boolean difference time = 506842
Get error time = 435
runtime = 262.919
Best ASE = n2311		CONST0	0	newError = 54	estError = 54
#literals = 4062
--------- round 290 ---------
#candidates = 11251
Build cut network time = 102297
seed = 4209441028
Get boolean difference time = 511208
Get error time = 412
runtime = 263.682
Best ASE = n2297		CONST0	0	newError = 35	estError = 35
#literals = 4058
--------- round 291 ---------
#candidates = 11236
Build cut network time = 97555
seed = 1115744709
Get boolean difference time = 513094
Get error time = 663
runtime = 264.447
Best ASE = n2282		CONST0	0	newError = 60	estError = 60
#literals = 4054
--------- round 292 ---------
#candidates = 11220
Build cut network time = 113474
seed = 3722874195
Get boolean difference time = 565402
Get error time = 398
runtime = 265.288
Best ASE = n2268		CONST0	0	newError = 38	estError = 38
#literals = 4050
--------- round 293 ---------
#candidates = 11204
Build cut network time = 102179
seed = 1087491003
Get boolean difference time = 516598
Get error time = 405
runtime = 266.059
Best ASE = n2254		CONST0	0	newError = 42	estError = 42
#literals = 4046
--------- round 294 ---------
#candidates = 11189
Build cut network time = 98695
seed = 1770006759
Get boolean difference time = 516256
Get error time = 531
runtime = 266.831
Best ASE = n2238		CONST0	0	newError = 33	estError = 33
#literals = 4042
--------- round 295 ---------
#candidates = 11173
Build cut network time = 99207
seed = 3263056943
Get boolean difference time = 547265
Get error time = 442
runtime = 267.629
Best ASE = n2224		CONST0	0	newError = 57	estError = 57
#literals = 4038
--------- round 296 ---------
#candidates = 11158
Build cut network time = 104888
seed = 3515738773
Get boolean difference time = 528858
Get error time = 455
runtime = 268.417
Best ASE = n2202		CONST0	0	newError = 43	estError = 43
#literals = 4034
--------- round 297 ---------
#candidates = 11143
Build cut network time = 100055
seed = 1592452232
Get boolean difference time = 511405
Get error time = 546
runtime = 269.184
Best ASE = n2191		CONST0	0	newError = 54	estError = 54
#literals = 4030
--------- round 298 ---------
#candidates = 11127
Build cut network time = 107055
seed = 1761282812
Get boolean difference time = 540447
Get error time = 781
runtime = 269.985
Best ASE = n2176		CONST0	0	newError = 48	estError = 48
#literals = 4026
--------- round 299 ---------
#candidates = 11111
Build cut network time = 102758
seed = 1706031994
Get boolean difference time = 533624
Get error time = 432
runtime = 270.774
Best ASE = n2159		CONST0	0	newError = 44	estError = 44
#literals = 4022
--------- round 300 ---------
#candidates = 11096
Build cut network time = 103981
seed = 355390
Get boolean difference time = 531137
Get error time = 466
runtime = 271.562
Best ASE = n2144		CONST0	0	newError = 38	estError = 38
#literals = 4018
--------- round 301 ---------
#candidates = 11080
Build cut network time = 100610
seed = 2683532559
Get boolean difference time = 575667
Get error time = 508
runtime = 272.393
Best ASE = n2130		CONST0	0	newError = 47	estError = 47
#literals = 4014
--------- round 302 ---------
#candidates = 11065
Build cut network time = 102303
seed = 1127652565
Get boolean difference time = 531300
Get error time = 436
runtime = 273.18
Best ASE = n2095		CONST0	0	newError = 25	estError = 25
#literals = 4010
--------- round 303 ---------
#candidates = 11050
Build cut network time = 104516
seed = 1054826287
Get boolean difference time = 536079
Get error time = 536
runtime = 273.977
Best ASE = n2080		CONST0	0	newError = 39	estError = 39
#literals = 4006
--------- round 304 ---------
#candidates = 11034
Build cut network time = 102589
seed = 4161465809
Get boolean difference time = 530440
Get error time = 424
runtime = 274.764
Best ASE = n2049		CONST0	0	newError = 52	estError = 52
#literals = 4002
--------- round 305 ---------
#candidates = 11019
Build cut network time = 99209
seed = 793852348
Get boolean difference time = 538137
Get error time = 533
runtime = 275.556
Best ASE = n2027		CONST0	0	newError = 50	estError = 50
#literals = 3998
--------- round 306 ---------
#candidates = 11004
Build cut network time = 100898
seed = 3880007547
Get boolean difference time = 530516
Get error time = 430
runtime = 276.34
Best ASE = n2009		CONST0	0	newError = 45	estError = 45
#literals = 3994
--------- round 307 ---------
#candidates = 10989
Build cut network time = 102325
seed = 2811987737
Get boolean difference time = 549603
Get error time = 521
runtime = 277.146
Best ASE = n1991		CONST0	0	newError = 38	estError = 38
#literals = 3990
--------- round 308 ---------
#candidates = 10974
Build cut network time = 101852
seed = 3815305992
Get boolean difference time = 535856
Get error time = 432
runtime = 277.935
Best ASE = n1980		CONST0	0	newError = 45	estError = 45
#literals = 3986
--------- round 309 ---------
#candidates = 10958
Build cut network time = 107209
seed = 1017859036
Get boolean difference time = 557840
Get error time = 514
runtime = 278.754
Best ASE = n1961		CONST0	0	newError = 52	estError = 52
#literals = 3982
--------- round 310 ---------
#candidates = 10943
Build cut network time = 108116
seed = 2871226783
Get boolean difference time = 559374
Get error time = 599
runtime = 279.575
Best ASE = n1913		CONST0	0	newError = 43	estError = 43
#literals = 3978
--------- round 311 ---------
#candidates = 10927
Build cut network time = 105795
seed = 2822179076
Get boolean difference time = 591027
Get error time = 585
runtime = 280.426
Best ASE = n1907		CONST0	0	newError = 43	estError = 43
#literals = 3974
--------- round 312 ---------
#candidates = 10912
Build cut network time = 112486
seed = 1352079729
Get boolean difference time = 598960
Get error time = 561
runtime = 281.292
Best ASE = n1930		CONST0	0	newError = 44	estError = 44
#literals = 3970
--------- round 313 ---------
#candidates = 10897
Build cut network time = 107717
seed = 28153837
Get boolean difference time = 599441
Get error time = 665
runtime = 282.158
Best ASE = n1940		CONST0	0	newError = 51	estError = 51
#literals = 3966
--------- round 314 ---------
#candidates = 10882
Build cut network time = 109775
seed = 242075139
Get boolean difference time = 568116
Get error time = 627
runtime = 283.001
Best ASE = n1965		CONST0	0	newError = 37	estError = 37
#literals = 3962
--------- round 315 ---------
#candidates = 10867
Build cut network time = 101346
seed = 3394129148
Get boolean difference time = 556352
Get error time = 476
runtime = 283.814
Best ASE = n1974		CONST0	0	newError = 45	estError = 45
#literals = 3958
--------- round 316 ---------
#candidates = 10852
Build cut network time = 104354
seed = 2628280089
Get boolean difference time = 510985
Get error time = 480
runtime = 284.586
Best ASE = n1992		CONST0	0	newError = 35	estError = 35
#literals = 3954
--------- round 317 ---------
#candidates = 10837
Build cut network time = 97273
seed = 155289681
Get boolean difference time = 485803
Get error time = 380
runtime = 285.319
Best ASE = n2010		CONST0	0	newError = 38	estError = 38
#literals = 3950
--------- round 318 ---------
#candidates = 10822
Build cut network time = 93889
seed = 1845377333
Get boolean difference time = 463701
Get error time = 380
runtime = 286.032
Best ASE = n2028		CONST0	0	newError = 53	estError = 53
#literals = 3946
--------- round 319 ---------
#candidates = 10807
Build cut network time = 90481
seed = 1181948760
Get boolean difference time = 512570
Get error time = 504
runtime = 286.785
Best ASE = n2053		CONST0	0	newError = 50	estError = 50
#literals = 3942
--------- round 320 ---------
#candidates = 10792
Build cut network time = 99416
seed = 1116189674
Get boolean difference time = 512876
Get error time = 480
runtime = 287.555
Best ASE = n2075		CONST0	0	newError = 52	estError = 52
#literals = 3938
--------- round 321 ---------
#candidates = 10777
Build cut network time = 101118
seed = 2887492148
Get boolean difference time = 513895
Get error time = 624
runtime = 288.32
Best ASE = n2099		CONST0	0	newError = 40	estError = 40
#literals = 3934
--------- round 322 ---------
#candidates = 10762
Build cut network time = 96848
seed = 772693751
Get boolean difference time = 498038
Get error time = 415
runtime = 289.065
Best ASE = n2109		CONST0	0	newError = 43	estError = 43
#literals = 3930
--------- round 323 ---------
#candidates = 10747
Build cut network time = 92829
seed = 3288528713
Get boolean difference time = 505025
Get error time = 484
runtime = 289.813
Best ASE = n2139		CONST0	0	newError = 45	estError = 45
#literals = 3926
--------- round 324 ---------
#candidates = 10732
Build cut network time = 96610
seed = 2453929599
Get boolean difference time = 514998
Get error time = 551
runtime = 290.575
Best ASE = n2169		CONST0	0	newError = 46	estError = 46
#literals = 3922
--------- round 325 ---------
#candidates = 10717
Build cut network time = 96445
seed = 449871267
Get boolean difference time = 511826
Get error time = 429
runtime = 291.332
Best ASE = n2186		CONST0	0	newError = 54	estError = 54
#literals = 3918
--------- round 326 ---------
#candidates = 10702
Build cut network time = 97261
seed = 3693744743
Get boolean difference time = 514852
Get error time = 456
runtime = 292.097
Best ASE = n2203		CONST0	0	newError = 44	estError = 44
#literals = 3914
--------- round 327 ---------
#candidates = 10687
Build cut network time = 96018
seed = 593294016
Get boolean difference time = 495395
Get error time = 580
runtime = 292.839
Best ASE = n2233		CONST0	0	newError = 41	estError = 41
#literals = 3910
--------- round 328 ---------
#candidates = 10672
Build cut network time = 93902
seed = 126121913
Get boolean difference time = 501560
Get error time = 389
runtime = 293.583
Best ASE = n2263		CONST0	0	newError = 55	estError = 55
#literals = 3906
--------- round 329 ---------
#candidates = 10657
Build cut network time = 93093
seed = 4094365471
Get boolean difference time = 499993
Get error time = 444
runtime = 294.326
Best ASE = n2277		CONST0	0	newError = 54	estError = 54
#literals = 3902
--------- round 330 ---------
#candidates = 10642
Build cut network time = 92967
seed = 2427891076
Get boolean difference time = 500660
Get error time = 606
runtime = 295.071
Best ASE = n2306		CONST0	0	newError = 41	estError = 41
#literals = 3898
--------- round 331 ---------
#candidates = 10627
Build cut network time = 94480
seed = 2286311781
Get boolean difference time = 510652
Get error time = 412
runtime = 295.835
Best ASE = n2322		CONST0	0	newError = 55	estError = 55
#literals = 3894
--------- round 332 ---------
#candidates = 10612
Build cut network time = 98577
seed = 675519140
Get boolean difference time = 538643
Get error time = 449
runtime = 296.623
Best ASE = n2339		CONST0	0	newError = 39	estError = 39
#literals = 3890
--------- round 333 ---------
#candidates = 10597
Build cut network time = 98316
seed = 855676634
Get boolean difference time = 539400
Get error time = 425
runtime = 297.412
Best ASE = n2368		CONST0	0	newError = 46	estError = 46
#literals = 3886
--------- round 334 ---------
#candidates = 10582
Build cut network time = 99392
seed = 2472913786
Get boolean difference time = 586941
Get error time = 403
runtime = 298.25
Best ASE = n2382		CONST0	0	newError = 38	estError = 38
#literals = 3882
--------- round 335 ---------
#candidates = 10567
Build cut network time = 96837
seed = 2399905563
Get boolean difference time = 528071
Get error time = 410
runtime = 299.022
Best ASE = n2393		CONST0	0	newError = 54	estError = 54
#literals = 3878
--------- round 336 ---------
#candidates = 10552
Build cut network time = 95780
seed = 2118556353
Get boolean difference time = 528184
Get error time = 359
runtime = 299.793
Best ASE = n2415		CONST0	0	newError = 44	estError = 44
#literals = 3874
--------- round 337 ---------
#candidates = 10537
Build cut network time = 95406
seed = 2239129061
Get boolean difference time = 528284
Get error time = 476
runtime = 300.566
Best ASE = n2444		CONST0	0	newError = 39	estError = 39
#literals = 3870
--------- round 338 ---------
#candidates = 10522
Build cut network time = 96187
seed = 3901317590
Get boolean difference time = 528509
Get error time = 390
runtime = 301.338
Best ASE = n2460		CONST0	0	newError = 48	estError = 48
#literals = 3866
--------- round 339 ---------
#candidates = 10507
Build cut network time = 95287
seed = 3195047916
Get boolean difference time = 528962
Get error time = 584
runtime = 302.111
Best ASE = n2476		CONST0	0	newError = 46	estError = 46
#literals = 3862
--------- round 340 ---------
#candidates = 10492
Build cut network time = 95197
seed = 1838384275
Get boolean difference time = 500503
Get error time = 359
runtime = 302.854
Best ASE = n2492		CONST0	0	newError = 46	estError = 46
#literals = 3858
--------- round 341 ---------
#candidates = 10477
Build cut network time = 92793
seed = 1956143971
Get boolean difference time = 480908
Get error time = 339
runtime = 303.574
Best ASE = n2508		CONST0	0	newError = 46	estError = 46
#literals = 3854
--------- round 342 ---------
#candidates = 10462
Build cut network time = 90748
seed = 1894707084
Get boolean difference time = 497049
Get error time = 482
runtime = 304.311
Best ASE = n2526		CONST0	0	newError = 42	estError = 42
#literals = 3850
--------- round 343 ---------
#candidates = 10446
Build cut network time = 93824
seed = 2216943988
Get boolean difference time = 521541
Get error time = 400
runtime = 305.075
Best ASE = n2527		CONST0	0	newError = 50	estError = 50
#literals = 3846
--------- round 344 ---------
#candidates = 10431
Build cut network time = 95049
seed = 2123201581
Get boolean difference time = 541512
Get error time = 350
runtime = 305.859
Best ASE = n2553		CONST0	0	newError = 37	estError = 37
#literals = 3842
--------- round 345 ---------
#candidates = 10416
Build cut network time = 97340
seed = 1477231828
Get boolean difference time = 559133
Get error time = 381
runtime = 306.664
Best ASE = n2575		CONST0	0	newError = 54	estError = 54
#literals = 3838
--------- round 346 ---------
#candidates = 10401
Build cut network time = 98225
seed = 2845912356
Get boolean difference time = 542291
Get error time = 370
runtime = 307.453
Best ASE = n2591		CONST0	1	newError = 42	estError = 44
#literals = 3834
--------- round 347 ---------
#candidates = 10386
Build cut network time = 99142
seed = 2454487522
Get boolean difference time = 543815
Get error time = 668
runtime = 308.246
Best ASE = n2605		CONST0	3	newError = 48	estError = 49
#literals = 3830
--------- round 348 ---------
#candidates = 10371
Build cut network time = 100283
seed = 1625406919
Get boolean difference time = 508743
Get error time = 461
runtime = 309.003
Best ASE = n1198		CONST0	9	newError = 53	estError = 54
#literals = 3826
--------- round 349 ---------
#candidates = 10355
Build cut network time = 95780
seed = 1381269492
Get boolean difference time = 500892
Get error time = 344
runtime = 309.749
Best ASE = n1203		CONST0	0	newError = 52	estError = 52
#literals = 3822
--------- round 350 ---------
#candidates = 10340
Build cut network time = 95774
seed = 2774950054
Get boolean difference time = 499218
Get error time = 392
runtime = 310.493
Best ASE = n2610		CONST1	13	newError = 58	estError = 62
#literals = 3818
--------- round 351 ---------
#candidates = 10324
Build cut network time = 92776
seed = 88542400
Get boolean difference time = 491931
Get error time = 401
runtime = 311.226
Best ASE = n1066		CONST0	0	newError = 59	estError = 59
#literals = 3815
--------- round 352 ---------
#candidates = 10316
Build cut network time = 100681
seed = 3649633279
Get boolean difference time = 564943
Get error time = 522
runtime = 312.041
Best ASE = n1042		CONST0	0	newError = 59	estError = 59
#literals = 3812
--------- round 353 ---------
#candidates = 10308
Build cut network time = 102774
seed = 405826075
Get boolean difference time = 565380
Get error time = 411
runtime = 312.86
Best ASE = n994		CONST0	0	newError = 49	estError = 49
#literals = 3809
--------- round 354 ---------
#candidates = 10300
Build cut network time = 102600
seed = 26161703
Get boolean difference time = 567321
Get error time = 524
runtime = 313.68
Best ASE = n978		CONST0	0	newError = 58	estError = 58
#literals = 3806
--------- round 355 ---------
#candidates = 10292
Build cut network time = 105255
seed = 2281054688
Get boolean difference time = 527608
Get error time = 366
runtime = 314.463
Best ASE = n2635	0---|-00-|	INTER	37	newError = 110	estError = 111
#literals = 3801
--------- round 356 ---------
#candidates = 10104
Build cut network time = 96033
seed = 508075021
Get boolean difference time = 528824
Get error time = 464
runtime = 315.237
Best ASE = n2621		CONST1	16	newError = 112	estError = 115
#literals = 3797
--------- round 357 ---------
#candidates = 10089
Build cut network time = 96449
seed = 2196688574
Get boolean difference time = 522738
Get error time = 374
runtime = 316.006
Best ASE = n1224	0-0-|-0--|	INTER	48	newError = 157	estError = 162
#literals = 3792
--------- round 358 ---------
#candidates = 9901
Build cut network time = 97364
seed = 2914369948
Get boolean difference time = 498626
Get error time = 311
runtime = 316.753
Best ASE = n1706	0---|-00-|	INTER	47	newError = 203	estError = 208
#literals = 3787
--------- round 359 ---------
#candidates = 9713
Build cut network time = 93153
seed = 852166785
Get boolean difference time = 497395
Get error time = 289
runtime = 317.495
Best ASE = n1211	0---|-00-|	INTER	57	newError = 292	estError = 277
#literals = 3782
--------- round 360 ---------
#candidates = 9525
Build cut network time = 93065
seed = 674402186
Get boolean difference time = 497099
Get error time = 312
runtime = 318.233
Best ASE = n2644	0---|-00-|	INTER	60	newError = 398	estError = 402
#literals = 3777
--------- round 361 ---------
#candidates = 9337
Build cut network time = 94340
seed = 1300123916
Get boolean difference time = 497540
Get error time = 288
runtime = 318.975
Best ASE = n1695	0---|-0-0|	INTER	77	newError = 389	estError = 399
#literals = 3772
--------- round 362 ---------
#candidates = 9149
Build cut network time = 92233
seed = 3138518694
Get boolean difference time = 504319
Get error time = 404
runtime = 319.719
estimated error exceeds error bound
Best ASE = n1205		CONST0	31	newError = 498	estError = 507
#literals = 3768
--------- round 363 ---------
#candidates = 9133
Build cut network time = 105148
seed = 1564772632
Get boolean difference time = 598059
Get error time = 238
runtime = 320.584
Best ASE = n1689		CONST0	48	newError = 485	estError = 497
#literals = 3764
--------- round 364 ---------
#candidates = 9117
Build cut network time = 95152
seed = 3807743799
Get boolean difference time = 498184
Get error time = 404
runtime = 321.33
estimated error exceeds error bound
Best ASE = n2622		CONST1	59	newError = 485	estError = 548
#literals = 3760
--------- round 365 ---------
#candidates = 9102
Build cut network time = 96053
seed = 731792928
Get boolean difference time = 499278
Get error time = 249
runtime = 322.077
estimated error exceeds error bound
Best ASE = n887		CONST0	0	newError = 520	estError = 520
output approximate circuit: max_back.blif
area = 2267
delay = 19.3
#literals = 3757
