fileName = priority
original #literals = 790
#candidates = 2315
Build cut network time = 34379
seed = 1207900579
Get boolean difference time = 62915
Get error time = 111
runtime = 0.528044
Best ASE = n139	-00-|---0|	INTER	0	newError = 0	estError = 0
#literals = 785
--------- round 0 ---------
#candidates = 2127
Build cut network time = 19141
seed = 4178824860
Get boolean difference time = 100244
Get error time = 190
runtime = 1.18514
Best ASE = n210		CONST0	0	newError = 2	estError = 2
#literals = 781
--------- round 1 ---------
#candidates = 2112
Build cut network time = 40396
seed = 543413629
Get boolean difference time = 89626
Get error time = 142
runtime = 1.71658
Best ASE = n212		CONST0	0	newError = 1	estError = 1
#literals = 777
--------- round 2 ---------
#candidates = 2097
Build cut network time = 27122
seed = 708746972
Get boolean difference time = 108423
Get error time = 149
runtime = 2.25909
Best ASE = n214		CONST0	0	newError = 0	estError = 0
#literals = 773
--------- round 3 ---------
#candidates = 2082
Build cut network time = 30459
seed = 4288550283
Get boolean difference time = 62189
Get error time = 308
runtime = 2.75085
Best ASE = n216		CONST0	0	newError = 0	estError = 0
#literals = 769
--------- round 4 ---------
#candidates = 2067
Build cut network time = 26704
seed = 1315905510
Get boolean difference time = 85202
Get error time = 120
runtime = 3.24407
Best ASE = n218		CONST0	0	newError = 1	estError = 1
#literals = 765
--------- round 5 ---------
#candidates = 2052
Build cut network time = 28434
seed = 187006235
Get boolean difference time = 79894
Get error time = 177
runtime = 3.73971
Best ASE = n220		CONST0	0	newError = 3	estError = 3
#literals = 761
--------- round 6 ---------
#candidates = 2037
Build cut network time = 26839
seed = 2329137181
Get boolean difference time = 96855
Get error time = 165
runtime = 4.26204
Best ASE = n222		CONST0	0	newError = 0	estError = 0
#literals = 757
--------- round 7 ---------
#candidates = 2022
Build cut network time = 35087
seed = 3027983615
Get boolean difference time = 97680
Get error time = 171
runtime = 4.78962
Best ASE = n224		CONST0	0	newError = 1	estError = 1
#literals = 753
--------- round 8 ---------
#candidates = 2007
Build cut network time = 29539
seed = 1736346145
Get boolean difference time = 78106
Get error time = 131
runtime = 5.28763
Best ASE = n226		CONST0	0	newError = 0	estError = 0
#literals = 749
--------- round 9 ---------
#candidates = 1992
Build cut network time = 27389
seed = 3168802177
Get boolean difference time = 94908
Get error time = 138
runtime = 5.90763
Best ASE = n228		CONST0	0	newError = 2	estError = 2
#literals = 745
--------- round 10 ---------
#candidates = 1977
Build cut network time = 22659
seed = 2746610855
Get boolean difference time = 70553
Get error time = 108
runtime = 6.52643
Best ASE = n230		CONST0	0	newError = 2	estError = 2
#literals = 741
--------- round 11 ---------
#candidates = 1962
Build cut network time = 21330
seed = 4150551208
Get boolean difference time = 73099
Get error time = 117
runtime = 7.147
Best ASE = n232		CONST0	0	newError = 3	estError = 3
#literals = 737
--------- round 12 ---------
#candidates = 1947
Build cut network time = 21885
seed = 2955724068
Get boolean difference time = 48877
Get error time = 101
runtime = 7.65975
Best ASE = n234		CONST0	0	newError = 1	estError = 1
#literals = 733
--------- round 13 ---------
#candidates = 1932
Build cut network time = 18706
seed = 3256053100
Get boolean difference time = 53529
Get error time = 80
runtime = 8.11972
Best ASE = n236		CONST0	0	newError = 3	estError = 3
#literals = 729
--------- round 14 ---------
#candidates = 1917
Build cut network time = 16433
seed = 3732595076
Get boolean difference time = 41952
Get error time = 74
runtime = 8.55991
Best ASE = n238		CONST0	0	newError = 2	estError = 2
#literals = 725
--------- round 15 ---------
#candidates = 1902
Build cut network time = 13475
seed = 875138453
Get boolean difference time = 30451
Get error time = 29
runtime = 8.97946
Best ASE = n240		CONST0	0	newError = 1	estError = 1
#literals = 721
--------- round 16 ---------
#candidates = 1887
Build cut network time = 12022
seed = 1146270816
Get boolean difference time = 44687
Get error time = 53
runtime = 9.45065
Best ASE = n242		CONST0	0	newError = 1	estError = 1
#literals = 717
--------- round 17 ---------
#candidates = 1872
Build cut network time = 19771
seed = 401483900
Get boolean difference time = 71299
Get error time = 183
runtime = 9.9651
Best ASE = n244		CONST0	0	newError = 1	estError = 1
#literals = 713
--------- round 18 ---------
#candidates = 1857
Build cut network time = 25982
seed = 3596025023
Get boolean difference time = 61930
Get error time = 113
runtime = 10.4322
Best ASE = n246		CONST0	0	newError = 1	estError = 1
#literals = 709
--------- round 19 ---------
#candidates = 1842
Build cut network time = 20158
seed = 1899019544
Get boolean difference time = 42193
Get error time = 68
runtime = 10.8661
Best ASE = n248		CONST0	0	newError = 1	estError = 1
#literals = 705
--------- round 20 ---------
#candidates = 1827
Build cut network time = 15433
seed = 261572232
Get boolean difference time = 33209
Get error time = 38
runtime = 11.2765
Best ASE = n250		CONST0	0	newError = 1	estError = 1
#literals = 701
--------- round 21 ---------
#candidates = 1812
Build cut network time = 12759
seed = 1409391569
Get boolean difference time = 53980
Get error time = 124
runtime = 11.7181
Best ASE = n252		CONST0	0	newError = 3	estError = 3
#literals = 697
--------- round 22 ---------
#candidates = 1797
Build cut network time = 19472
seed = 4010597586
Get boolean difference time = 51012
Get error time = 87
runtime = 12.1665
Best ASE = n254		CONST0	0	newError = 1	estError = 1
#literals = 693
--------- round 23 ---------
#candidates = 1782
Build cut network time = 18639
seed = 2994771907
Get boolean difference time = 42902
Get error time = 89
runtime = 12.5948
Best ASE = n256		CONST0	0	newError = 0	estError = 0
#literals = 689
--------- round 24 ---------
#candidates = 1767
Build cut network time = 14558
seed = 950019660
Get boolean difference time = 39275
Get error time = 74
runtime = 13.0122
Best ASE = n258		CONST0	0	newError = 2	estError = 2
#literals = 685
--------- round 25 ---------
#candidates = 1752
Build cut network time = 14687
seed = 1067208595
Get boolean difference time = 41716
Get error time = 71
runtime = 13.4248
Best ASE = n260		CONST0	0	newError = 1	estError = 1
#literals = 681
--------- round 26 ---------
#candidates = 1737
Build cut network time = 19047
seed = 1259248322
Get boolean difference time = 38864
Get error time = 93
runtime = 13.8414
Best ASE = n262		CONST0	0	newError = 3	estError = 3
#literals = 677
--------- round 27 ---------
#candidates = 1722
Build cut network time = 13803
seed = 3277064994
Get boolean difference time = 38673
Get error time = 68
runtime = 14.248
Best ASE = n264		CONST1	0	newError = 0	estError = 0
#literals = 673
--------- round 28 ---------
#candidates = 1707
Build cut network time = 15842
seed = 1735069180
Get boolean difference time = 32234
Get error time = 43
runtime = 14.6537
Best ASE = n308		CONST0	0	newError = 1	estError = 1
#literals = 669
--------- round 29 ---------
#candidates = 1691
Build cut network time = 12205
seed = 3531871995
Get boolean difference time = 33440
Get error time = 46
runtime = 15.0559
Best ASE = n410		CONST0	0	newError = 2	estError = 2
#literals = 665
--------- round 30 ---------
#candidates = 1676
Build cut network time = 12534
seed = 728410083
Get boolean difference time = 42117
Get error time = 85
runtime = 15.4691
Best ASE = n265	--0|-0-|	INTER	-3	newError = 0	estError = 0
#literals = 664
--------- round 31 ---------
#candidates = 1672
Build cut network time = 15249
seed = 714271630
Get boolean difference time = 49131
Get error time = 82
runtime = 15.8946
Best ASE = n412		CONST0	0	newError = 3	estError = 3
#literals = 660
--------- round 32 ---------
#candidates = 1657
Build cut network time = 18886
seed = 3713821575
Get boolean difference time = 59247
Get error time = 194
runtime = 16.3483
Best ASE = n417		CONST0	0	newError = 2	estError = 2
#literals = 656
--------- round 33 ---------
#candidates = 1642
Build cut network time = 22382
seed = 764100870
Get boolean difference time = 39612
Get error time = 44
runtime = 16.7714
Best ASE = n421		CONST0	0	newError = 2	estError = 2
#literals = 652
--------- round 34 ---------
#candidates = 1627
Build cut network time = 13163
seed = 1107845214
Get boolean difference time = 42619
Get error time = 98
runtime = 17.1794
Best ASE = n423		CONST0	0	newError = 4	estError = 4
#literals = 648
--------- round 35 ---------
#candidates = 1612
Build cut network time = 17386
seed = 3187025123
Get boolean difference time = 54558
Get error time = 112
runtime = 17.6161
Best ASE = n427		CONST0	0	newError = 3	estError = 3
#literals = 644
--------- round 36 ---------
#candidates = 1597
Build cut network time = 19097
seed = 1519311134
Get boolean difference time = 39023
Get error time = 66
runtime = 18.0368
Best ASE = n429		CONST0	0	newError = 1	estError = 1
#literals = 640
--------- round 37 ---------
#candidates = 1582
Build cut network time = 13867
seed = 1718936766
Get boolean difference time = 30344
Get error time = 37
runtime = 18.4323
Best ASE = n433		CONST0	0	newError = 2	estError = 2
#literals = 636
--------- round 38 ---------
#candidates = 1567
Build cut network time = 10074
seed = 1123515431
Get boolean difference time = 32009
Get error time = 53
runtime = 18.8302
Best ASE = n435		CONST0	0	newError = 2	estError = 2
#literals = 632
--------- round 39 ---------
#candidates = 1552
Build cut network time = 12465
seed = 155221351
Get boolean difference time = 38996
Get error time = 72
runtime = 19.2334
Best ASE = n437		CONST0	0	newError = 5	estError = 5
#literals = 628
--------- round 40 ---------
#candidates = 1537
Build cut network time = 14615
seed = 3258852890
Get boolean difference time = 36678
Get error time = 63
runtime = 19.6423
Best ASE = n462		CONST0	0	newError = 0	estError = 0
#literals = 624
--------- round 41 ---------
#candidates = 1522
Build cut network time = 13432
seed = 761091170
Get boolean difference time = 53979
Get error time = 77
runtime = 20.0701
Best ASE = n464		CONST0	0	newError = 0	estError = 0
#literals = 620
--------- round 42 ---------
#candidates = 1507
Build cut network time = 19589
seed = 759240840
Get boolean difference time = 43960
Get error time = 71
runtime = 20.4988
Best ASE = n466		CONST0	0	newError = 2	estError = 2
#literals = 616
--------- round 43 ---------
#candidates = 1492
Build cut network time = 16189
seed = 1371564884
Get boolean difference time = 42560
Get error time = 71
runtime = 20.915
Best ASE = n468		CONST0	0	newError = 4	estError = 4
#literals = 612
--------- round 44 ---------
#candidates = 1477
Build cut network time = 13487
seed = 2619163424
Get boolean difference time = 38455
Get error time = 89
runtime = 21.3345
Best ASE = n470		CONST0	0	newError = 3	estError = 3
#literals = 608
--------- round 45 ---------
#candidates = 1462
Build cut network time = 15344
seed = 1164966634
Get boolean difference time = 45519
Get error time = 69
runtime = 21.7599
Best ASE = n472		CONST0	0	newError = 5	estError = 5
#literals = 604
--------- round 46 ---------
#candidates = 1447
Build cut network time = 17095
seed = 3930542779
Get boolean difference time = 38750
Get error time = 48
runtime = 22.1675
Best ASE = n474		CONST0	0	newError = 2	estError = 2
#literals = 600
--------- round 47 ---------
#candidates = 1432
Build cut network time = 17490
seed = 3709519091
Get boolean difference time = 30064
Get error time = 26
runtime = 22.5649
Best ASE = n478		CONST0	0	newError = 5	estError = 5
#literals = 596
--------- round 48 ---------
#candidates = 1417
Build cut network time = 11129
seed = 2577685433
Get boolean difference time = 43024
Get error time = 73
runtime = 22.9722
Best ASE = n479		CONST0	0	newError = 3	estError = 3
#literals = 592
--------- round 49 ---------
#candidates = 1402
Build cut network time = 15799
seed = 4156458906
Get boolean difference time = 46510
Get error time = 70
runtime = 23.3881
Best ASE = n481		CONST0	0	newError = 0	estError = 0
#literals = 588
--------- round 50 ---------
#candidates = 1387
Build cut network time = 15309
seed = 3202067334
Get boolean difference time = 43393
Get error time = 71
runtime = 23.7998
Best ASE = n486		CONST1	0	newError = 2	estError = 2
#literals = 584
--------- round 51 ---------
#candidates = 1371
Build cut network time = 16987
seed = 2640998631
Get boolean difference time = 28100
Get error time = 31
runtime = 24.1956
Best ASE = n209		CONST0	0	newError = 2	estError = 2
#literals = 581
--------- round 52 ---------
#candidates = 1363
Build cut network time = 10375
seed = 3481695834
Get boolean difference time = 29868
Get error time = 36
runtime = 24.5858
Best ASE = n211		CONST0	0	newError = 1	estError = 1
#literals = 578
--------- round 53 ---------
#candidates = 1355
Build cut network time = 10953
seed = 706589165
Get boolean difference time = 45979
Get error time = 70
runtime = 25.0001
Best ASE = n213		CONST0	0	newError = 5	estError = 5
#literals = 575
--------- round 54 ---------
#candidates = 1347
Build cut network time = 16217
seed = 4123336174
Get boolean difference time = 36746
Get error time = 49
runtime = 25.405
Best ASE = n215		CONST0	0	newError = 5	estError = 5
#literals = 572
--------- round 55 ---------
#candidates = 1339
Build cut network time = 13250
seed = 479120981
Get boolean difference time = 42790
Get error time = 59
runtime = 25.8147
Best ASE = n217		CONST0	0	newError = 2	estError = 2
#literals = 569
--------- round 56 ---------
#candidates = 1331
Build cut network time = 14697
seed = 2343827379
Get boolean difference time = 36563
Get error time = 56
runtime = 26.2172
Best ASE = n446		CONST0	2	newError = 9	estError = 9
#literals = 565
--------- round 57 ---------
#candidates = 1316
Build cut network time = 12842
seed = 3873223749
Get boolean difference time = 33133
Get error time = 44
runtime = 26.621
Best ASE = n219		CONST0	0	newError = 4	estError = 4
#literals = 562
--------- round 58 ---------
#candidates = 1308
Build cut network time = 11746
seed = 4273499506
Get boolean difference time = 36951
Get error time = 30
runtime = 27.0185
Best ASE = n221		CONST0	0	newError = 5	estError = 5
#literals = 559
--------- round 59 ---------
#candidates = 1300
Build cut network time = 13197
seed = 1681210645
Get boolean difference time = 44162
Get error time = 73
runtime = 27.4285
Best ASE = n223		CONST0	0	newError = 9	estError = 9
#literals = 556
--------- round 60 ---------
#candidates = 1292
Build cut network time = 15355
seed = 2593005325
Get boolean difference time = 43944
Get error time = 66
runtime = 27.8386
Best ASE = n225		CONST0	0	newError = 8	estError = 8
#literals = 553
--------- round 61 ---------
#candidates = 1284
Build cut network time = 14196
seed = 1522571930
Get boolean difference time = 33280
Get error time = 28
runtime = 28.2418
Best ASE = n227		CONST0	0	newError = 7	estError = 7
#literals = 550
--------- round 62 ---------
#candidates = 1276
Build cut network time = 10152
seed = 2256458264
Get boolean difference time = 24510
Get error time = 31
runtime = 28.6286
Best ASE = n229		CONST0	0	newError = 6	estError = 6
#literals = 547
--------- round 63 ---------
#candidates = 1268
Build cut network time = 11633
seed = 927474916
Get boolean difference time = 36558
Get error time = 43
runtime = 29.0411
Best ASE = n231		CONST0	0	newError = 3	estError = 3
#literals = 544
--------- round 64 ---------
#candidates = 1260
Build cut network time = 13448
seed = 2058626605
Get boolean difference time = 38996
Get error time = 35
runtime = 29.4585
Best ASE = n233		CONST0	0	newError = 9	estError = 9
#literals = 541
--------- round 65 ---------
#candidates = 1252
Build cut network time = 11102
seed = 4097192499
Get boolean difference time = 28850
Get error time = 32
runtime = 29.8627
Best ASE = n235		CONST0	0	newError = 3	estError = 3
#literals = 538
--------- round 66 ---------
#candidates = 1244
Build cut network time = 13259
seed = 810147664
Get boolean difference time = 41532
Get error time = 57
runtime = 30.2745
Best ASE = n237		CONST0	0	newError = 8	estError = 8
#literals = 535
--------- round 67 ---------
#candidates = 1236
Build cut network time = 15137
seed = 762586860
Get boolean difference time = 52822
Get error time = 99
runtime = 30.6982
Best ASE = n239		CONST0	0	newError = 5	estError = 5
#literals = 532
--------- round 68 ---------
#candidates = 1228
Build cut network time = 17592
seed = 579675687
Get boolean difference time = 42581
Get error time = 43
runtime = 31.1329
Best ASE = n241		CONST0	0	newError = 2	estError = 2
#literals = 529
--------- round 69 ---------
#candidates = 1220
Build cut network time = 17039
seed = 950396888
Get boolean difference time = 54163
Get error time = 57
runtime = 31.5668
Best ASE = n243		CONST0	0	newError = 8	estError = 8
#literals = 526
--------- round 70 ---------
#candidates = 1212
Build cut network time = 18951
seed = 525457049
Get boolean difference time = 46794
Get error time = 45
runtime = 32.0107
Best ASE = n245		CONST0	0	newError = 6	estError = 6
#literals = 523
--------- round 71 ---------
#candidates = 1204
Build cut network time = 15514
seed = 374854767
Get boolean difference time = 31435
Get error time = 23
runtime = 32.4276
Best ASE = n247		CONST0	0	newError = 4	estError = 4
#literals = 520
--------- round 72 ---------
#candidates = 1196
Build cut network time = 13082
seed = 625929111
Get boolean difference time = 28546
Get error time = 27
runtime = 32.8237
Best ASE = n249		CONST0	0	newError = 5	estError = 5
#literals = 517
--------- round 73 ---------
#candidates = 1188
Build cut network time = 10797
seed = 671906261
Get boolean difference time = 37342
Get error time = 42
runtime = 33.2275
Best ASE = n251		CONST0	0	newError = 4	estError = 4
#literals = 514
--------- round 74 ---------
#candidates = 1180
Build cut network time = 13072
seed = 221413476
Get boolean difference time = 35418
Get error time = 32
runtime = 33.6303
Best ASE = n253		CONST0	0	newError = 13	estError = 13
#literals = 511
--------- round 75 ---------
#candidates = 1172
Build cut network time = 12616
seed = 467511605
Get boolean difference time = 27853
Get error time = 31
runtime = 34.0284
Best ASE = n255		CONST0	0	newError = 6	estError = 6
#literals = 508
--------- round 76 ---------
#candidates = 1164
Build cut network time = 12108
seed = 1505128214
Get boolean difference time = 32046
Get error time = 37
runtime = 34.435
Best ASE = n257		CONST0	0	newError = 5	estError = 5
#literals = 505
--------- round 77 ---------
#candidates = 1156
Build cut network time = 11758
seed = 2355561752
Get boolean difference time = 49051
Get error time = 57
runtime = 34.8526
Best ASE = n259		CONST0	0	newError = 6	estError = 6
#literals = 502
--------- round 78 ---------
#candidates = 1148
Build cut network time = 17639
seed = 3842374662
Get boolean difference time = 45084
Get error time = 33
runtime = 35.2729
Best ASE = n261		CONST0	0	newError = 8	estError = 8
#literals = 499
--------- round 79 ---------
#candidates = 1140
Build cut network time = 13271
seed = 3243491973
Get boolean difference time = 31344
Get error time = 33
runtime = 35.668
Best ASE = n263		CONST0	0	newError = 9	estError = 9
#literals = 496
--------- round 80 ---------
#candidates = 1132
Build cut network time = 11264
seed = 563791767
Get boolean difference time = 33590
Get error time = 40
runtime = 36.0795
Best ASE = n425		CONST0	0	newError = 5	estError = 5
#literals = 493
--------- round 81 ---------
#candidates = 1124
Build cut network time = 13558
seed = 3768783405
Get boolean difference time = 35815
Get error time = 32
runtime = 36.4827
Best ASE = n419		CONST0	0	newError = 7	estError = 7
#literals = 490
--------- round 82 ---------
#candidates = 1116
Build cut network time = 14262
seed = 1868640495
Get boolean difference time = 31870
Get error time = 33
runtime = 36.8821
Best ASE = n405		CONST0	0	newError = 10	estError = 10
#literals = 487
--------- round 83 ---------
#candidates = 1108
Build cut network time = 11342
seed = 1597916056
Get boolean difference time = 46301
Get error time = 61
runtime = 37.294
Best ASE = n408		CONST0	0	newError = 6	estError = 6
#literals = 484
--------- round 84 ---------
#candidates = 1100
Build cut network time = 15617
seed = 3216523423
Get boolean difference time = 41808
Get error time = 48
runtime = 37.7118
Best ASE = n400		CONST0	0	newError = 7	estError = 7
#literals = 481
--------- round 85 ---------
#candidates = 1092
Build cut network time = 15790
seed = 3189851055
Get boolean difference time = 27671
Get error time = 25
runtime = 38.1115
Best ASE = n398		CONST0	0	newError = 4	estError = 4
#literals = 478
--------- round 86 ---------
#candidates = 1084
Build cut network time = 10219
seed = 877900126
Get boolean difference time = 31046
Get error time = 35
runtime = 38.505
Best ASE = n396		CONST0	0	newError = 8	estError = 8
#literals = 475
--------- round 87 ---------
#candidates = 1076
Build cut network time = 11247
seed = 3992813307
Get boolean difference time = 31901
Get error time = 30
runtime = 38.9004
Best ASE = n395		CONST0	0	newError = 5	estError = 5
#literals = 472
--------- round 88 ---------
#candidates = 1068
Build cut network time = 11819
seed = 3906894050
Get boolean difference time = 32173
Get error time = 33
runtime = 39.2975
Best ASE = n390		CONST0	0	newError = 7	estError = 7
#literals = 469
--------- round 89 ---------
#candidates = 1060
Build cut network time = 11699
seed = 545582231
Get boolean difference time = 26839
Get error time = 24
runtime = 39.687
Best ASE = n389		CONST0	0	newError = 5	estError = 5
#literals = 466
--------- round 90 ---------
#candidates = 1052
Build cut network time = 9928
seed = 974212579
Get boolean difference time = 32096
Get error time = 26
runtime = 40.0845
Best ASE = n391		CONST0	0	newError = 8	estError = 8
#literals = 463
--------- round 91 ---------
#candidates = 1044
Build cut network time = 11474
seed = 433494330
Get boolean difference time = 45500
Get error time = 48
runtime = 40.497
Best ASE = n361		CONST0	0	newError = 3	estError = 3
#literals = 460
--------- round 92 ---------
#candidates = 1036
Build cut network time = 15273
seed = 2013978298
Get boolean difference time = 43412
Get error time = 37
runtime = 40.9115
Best ASE = n349		CONST0	0	newError = 6	estError = 6
#literals = 457
--------- round 93 ---------
#candidates = 1028
Build cut network time = 12531
seed = 1429257548
Get boolean difference time = 37587
Get error time = 34
runtime = 41.3155
Best ASE = n362		CONST0	0	newError = 6	estError = 6
#literals = 454
--------- round 94 ---------
#candidates = 1020
Build cut network time = 13075
seed = 3973646393
Get boolean difference time = 39819
Get error time = 44
runtime = 41.7354
Best ASE = n343		CONST0	0	newError = 4	estError = 4
#literals = 451
--------- round 95 ---------
#candidates = 1012
Build cut network time = 14498
seed = 4287737362
Get boolean difference time = 38144
Get error time = 46
runtime = 42.1497
Best ASE = n392		CONST0	0	newError = 4	estError = 4
#literals = 448
--------- round 96 ---------
#candidates = 1004
Build cut network time = 14680
seed = 3470778107
Get boolean difference time = 31112
Get error time = 36
runtime = 42.5514
Best ASE = n327		CONST0	0	newError = 7	estError = 7
#literals = 445
--------- round 97 ---------
#candidates = 996
Build cut network time = 12334
seed = 2631271159
Get boolean difference time = 33302
Get error time = 35
runtime = 42.9773
Best ASE = n302		CONST0	0	newError = 3	estError = 3
#literals = 442
--------- round 98 ---------
#candidates = 988
Build cut network time = 12714
seed = 868486746
Get boolean difference time = 24946
Get error time = 24
runtime = 43.3721
Best ASE = n301		CONST0	0	newError = 4	estError = 4
#literals = 439
--------- round 99 ---------
#candidates = 980
Build cut network time = 9594
seed = 754492541
Get boolean difference time = 19852
Get error time = 20
runtime = 43.7522
Best ASE = n385		CONST0	0	newError = 4	estError = 4
#literals = 436
--------- round 100 ---------
#candidates = 972
Build cut network time = 7832
seed = 53045197
Get boolean difference time = 35442
Get error time = 42
runtime = 44.1477
Best ASE = n411		CONST0	0	newError = 6	estError = 6
#literals = 433
--------- round 101 ---------
#candidates = 964
Build cut network time = 12328
seed = 3838582822
Get boolean difference time = 40427
Get error time = 43
runtime = 44.5696
Best ASE = n413		CONST0	0	newError = 6	estError = 6
#literals = 430
--------- round 102 ---------
#candidates = 956
Build cut network time = 13235
seed = 1223389082
Get boolean difference time = 39096
Get error time = 57
runtime = 44.9856
Best ASE = n366		CONST0	0	newError = 10	estError = 10
#literals = 427
--------- round 103 ---------
#candidates = 948
Build cut network time = 14629
seed = 3158897818
Get boolean difference time = 28598
Get error time = 50
runtime = 45.3928
Best ASE = n416		CONST0	0	newError = 11	estError = 11
#literals = 424
--------- round 104 ---------
#candidates = 940
Build cut network time = 10281
seed = 2013288349
Get boolean difference time = 28286
Get error time = 58
runtime = 45.782
Best ASE = n418		CONST0	0	newError = 4	estError = 4
#literals = 421
--------- round 105 ---------
#candidates = 932
Build cut network time = 10248
seed = 2573498325
Get boolean difference time = 34415
Get error time = 71
runtime = 46.1779
Best ASE = n422		CONST0	0	newError = 6	estError = 6
#literals = 418
--------- round 106 ---------
#candidates = 924
Build cut network time = 16938
seed = 746215214
Get boolean difference time = 33792
Get error time = 46
runtime = 46.5865
Best ASE = n426		CONST0	0	newError = 7	estError = 7
#literals = 415
--------- round 107 ---------
#candidates = 916
Build cut network time = 12267
seed = 991495336
Get boolean difference time = 30946
Get error time = 31
runtime = 46.9871
Best ASE = n428		CONST0	0	newError = 5	estError = 5
#literals = 412
--------- round 108 ---------
#candidates = 908
Build cut network time = 11467
seed = 835548291
Get boolean difference time = 29589
Get error time = 44
runtime = 47.3919
Best ASE = n430		CONST0	0	newError = 5	estError = 5
#literals = 409
--------- round 109 ---------
#candidates = 900
Build cut network time = 11235
seed = 795279125
Get boolean difference time = 34786
Get error time = 39
runtime = 47.8116
Best ASE = n432		CONST0	0	newError = 4	estError = 4
#literals = 406
--------- round 110 ---------
#candidates = 892
Build cut network time = 11829
seed = 1893304663
Get boolean difference time = 30780
Get error time = 37
runtime = 48.2104
Best ASE = n434		CONST0	0	newError = 4	estError = 4
#literals = 403
--------- round 111 ---------
#candidates = 884
Build cut network time = 12123
seed = 3639202693
Get boolean difference time = 35036
Get error time = 52
runtime = 48.6193
Best ASE = n436		CONST0	0	newError = 6	estError = 6
#literals = 400
--------- round 112 ---------
#candidates = 876
Build cut network time = 12674
seed = 482226191
Get boolean difference time = 28852
Get error time = 36
runtime = 49.0146
Best ASE = n438		CONST0	0	newError = 9	estError = 9
#literals = 397
--------- round 113 ---------
#candidates = 868
Build cut network time = 10695
seed = 2444474587
Get boolean difference time = 20486
Get error time = 25
runtime = 49.4028
Best ASE = n465		CONST0	0	newError = 5	estError = 5
#literals = 394
--------- round 114 ---------
#candidates = 860
Build cut network time = 9557
seed = 3167439205
Get boolean difference time = 30879
Get error time = 36
runtime = 49.8042
Best ASE = n467		CONST0	0	newError = 6	estError = 6
#literals = 391
--------- round 115 ---------
#candidates = 852
Build cut network time = 11053
seed = 645226957
Get boolean difference time = 31290
Get error time = 35
runtime = 50.2002
Best ASE = n469		CONST0	0	newError = 7	estError = 7
#literals = 388
--------- round 116 ---------
#candidates = 844
Build cut network time = 11452
seed = 3477091461
Get boolean difference time = 32665
Get error time = 47
runtime = 50.5958
Best ASE = n471		CONST0	0	newError = 5	estError = 5
#literals = 385
--------- round 117 ---------
#candidates = 836
Build cut network time = 14159
seed = 631830487
Get boolean difference time = 26474
Get error time = 40
runtime = 50.9877
Best ASE = n473		CONST0	0	newError = 7	estError = 7
#literals = 382
--------- round 118 ---------
#candidates = 828
Build cut network time = 8509
seed = 845997655
Get boolean difference time = 40426
Get error time = 79
runtime = 51.3922
Best ASE = n475		CONST0	0	newError = 6	estError = 6
#literals = 379
--------- round 119 ---------
#candidates = 820
Build cut network time = 13531
seed = 183256257
Get boolean difference time = 40540
Get error time = 36
runtime = 51.8203
Best ASE = n477		CONST0	0	newError = 4	estError = 4
#literals = 376
--------- round 120 ---------
#candidates = 812
Build cut network time = 15139
seed = 3724637906
Get boolean difference time = 37048
Get error time = 44
runtime = 52.2532
Best ASE = n480		CONST0	0	newError = 9	estError = 9
#literals = 373
--------- round 121 ---------
#candidates = 804
Build cut network time = 14265
seed = 2127004560
Get boolean difference time = 28419
Get error time = 67
runtime = 52.6726
Best ASE = n482		CONST1	0	newError = 3	estError = 3
#literals = 370
--------- round 122 ---------
#candidates = 796
Build cut network time = 11064
seed = 3274032865
Get boolean difference time = 21397
Get error time = 18
runtime = 53.0617
Best ASE = n142		CONST1	0	newError = 6	estError = 6
#literals = 367
--------- round 123 ---------
#candidates = 788
Build cut network time = 8080
seed = 1340706878
Get boolean difference time = 22109
Get error time = 19
runtime = 53.4406
Best ASE = n485		CONST0	0	newError = 4	estError = 4
#literals = 364
--------- round 124 ---------
#candidates = 780
Build cut network time = 8281
seed = 2713154163
Get boolean difference time = 22785
Get error time = 30
runtime = 53.8236
Best ASE = n439		CONST0	0	newError = 8	estError = 8
#literals = 362
--------- round 125 ---------
#candidates = 776
Build cut network time = 8273
seed = 632528747
Get boolean difference time = 33351
Get error time = 42
runtime = 54.2335
Best ASE = n280		CONST0	0	newError = 6	estError = 6
#literals = 360
--------- round 126 ---------
#candidates = 772
Build cut network time = 13880
seed = 3356846366
Get boolean difference time = 30712
Get error time = 50
runtime = 54.6533
Best ASE = n440		CONST0	0	newError = 4	estError = 4
#literals = 358
--------- round 127 ---------
#candidates = 768
Build cut network time = 11376
seed = 3920971826
Get boolean difference time = 31718
Get error time = 31
runtime = 55.0613
Best ASE = n444		CONST0	0	newError = 7	estError = 7
#literals = 356
--------- round 128 ---------
#candidates = 764
Build cut network time = 11788
seed = 3473358160
Get boolean difference time = 31187
Get error time = 35
runtime = 55.4587
Best ASE = n306		CONST0	0	newError = 10	estError = 10
#literals = 354
--------- round 129 ---------
#candidates = 760
Build cut network time = 11432
seed = 3138368899
Get boolean difference time = 35056
Get error time = 35
runtime = 55.8598
Best ASE = n304		CONST0	0	newError = 4	estError = 4
#literals = 352
--------- round 130 ---------
#candidates = 756
Build cut network time = 12063
seed = 3693029852
Get boolean difference time = 35473
Get error time = 38
runtime = 56.2659
Best ASE = n431		CONST0	0	newError = 5	estError = 5
#literals = 350
--------- round 131 ---------
#candidates = 752
Build cut network time = 12658
seed = 2377955976
Get boolean difference time = 30479
Get error time = 27
runtime = 56.6631
Best ASE = n332		CONST0	0	newError = 10	estError = 10
#literals = 348
--------- round 132 ---------
#candidates = 748
Build cut network time = 11294
seed = 1755356685
Get boolean difference time = 22302
Get error time = 24
runtime = 57.0548
Best ASE = n329		CONST0	0	newError = 8	estError = 8
#literals = 346
--------- round 133 ---------
#candidates = 744
Build cut network time = 8385
seed = 1172607907
Get boolean difference time = 29137
Get error time = 35
runtime = 57.4549
Best ASE = n330		CONST0	0	newError = 1	estError = 1
#literals = 344
--------- round 134 ---------
#candidates = 740
Build cut network time = 11397
seed = 1377766373
Get boolean difference time = 28987
Get error time = 35
runtime = 57.8768
Best ASE = n346		CONST0	0	newError = 9	estError = 9
#literals = 342
--------- round 135 ---------
#candidates = 736
Build cut network time = 10630
seed = 494325334
Get boolean difference time = 21243
Get error time = 40
runtime = 58.2677
Best ASE = n347		CONST0	0	newError = 7	estError = 7
#literals = 340
--------- round 136 ---------
#candidates = 732
Build cut network time = 8637
seed = 2202410230
Get boolean difference time = 24502
Get error time = 32
runtime = 58.656
Best ASE = n420		CONST0	0	newError = 6	estError = 6
#literals = 338
--------- round 137 ---------
#candidates = 728
Build cut network time = 9055
seed = 2913998061
Get boolean difference time = 25098
Get error time = 29
runtime = 59.0464
Best ASE = n407		CONST0	0	newError = 2	estError = 2
#literals = 336
--------- round 138 ---------
#candidates = 724
Build cut network time = 9210
seed = 536981068
Get boolean difference time = 32218
Get error time = 33
runtime = 59.4436
Best ASE = n379		CONST0	0	newError = 8	estError = 8
#literals = 334
--------- round 139 ---------
#candidates = 720
Build cut network time = 11312
seed = 391532577
Get boolean difference time = 31516
Get error time = 34
runtime = 59.8535
Best ASE = n382		CONST0	0	newError = 7	estError = 7
#literals = 332
--------- round 140 ---------
#candidates = 716
Build cut network time = 11149
seed = 3893390635
Get boolean difference time = 35613
Get error time = 43
runtime = 60.2738
Best ASE = n293		CONST0	0	newError = 3	estError = 3
#literals = 330
--------- round 141 ---------
#candidates = 712
Build cut network time = 13719
seed = 668652939
Get boolean difference time = 23879
Get error time = 23
runtime = 60.6685
Best ASE = n288		CONST0	0	newError = 8	estError = 8
#literals = 328
--------- round 142 ---------
#candidates = 708
Build cut network time = 9100
seed = 1338233474
Get boolean difference time = 23085
Get error time = 16
runtime = 61.0522
Best ASE = n402		CONST0	0	newError = 6	estError = 6
#literals = 326
--------- round 143 ---------
#candidates = 704
Build cut network time = 8232
seed = 1942443095
Get boolean difference time = 28489
Get error time = 32
runtime = 61.4429
Best ASE = n282		CONST0	0	newError = 3	estError = 3
#literals = 324
--------- round 144 ---------
#candidates = 700
Build cut network time = 11602
seed = 4132502106
Get boolean difference time = 29843
Get error time = 32
runtime = 61.8424
Best ASE = n287		CONST0	0	newError = 9	estError = 9
#literals = 322
--------- round 145 ---------
#candidates = 696
Build cut network time = 11757
seed = 3148884733
Get boolean difference time = 26252
Get error time = 27
runtime = 62.2322
Best ASE = n397		CONST0	0	newError = 8	estError = 8
#literals = 320
--------- round 146 ---------
#candidates = 692
Build cut network time = 8102
seed = 1574966830
Get boolean difference time = 17368
Get error time = 14
runtime = 62.6076
Best ASE = n403		CONST1	0	newError = 7	estError = 7
#literals = 318
--------- round 147 ---------
#candidates = 688
Build cut network time = 6376
seed = 3627753159
Get boolean difference time = 23451
Get error time = 23
runtime = 62.9981
Best ASE = n373		CONST0	0	newError = 7	estError = 7
#literals = 316
--------- round 148 ---------
#candidates = 684
Build cut network time = 9345
seed = 1524368478
Get boolean difference time = 29267
Get error time = 34
runtime = 63.4052
Best ASE = n378		CONST0	0	newError = 5	estError = 5
#literals = 314
--------- round 149 ---------
#candidates = 680
Build cut network time = 10868
seed = 4195492103
Get boolean difference time = 25157
Get error time = 34
runtime = 63.806
Best ASE = n370		CONST0	0	newError = 4	estError = 4
#literals = 312
--------- round 150 ---------
#candidates = 676
Build cut network time = 9633
seed = 3167634001
Get boolean difference time = 23073
Get error time = 19
runtime = 64.2014
Best ASE = n365		CONST0	0	newError = 6	estError = 6
#literals = 310
--------- round 151 ---------
#candidates = 672
Build cut network time = 8879
seed = 3077805581
Get boolean difference time = 25283
Get error time = 24
runtime = 64.5974
Best ASE = n371		CONST0	0	newError = 10	estError = 10
#literals = 308
--------- round 152 ---------
#candidates = 668
Build cut network time = 9526
seed = 1018770601
Get boolean difference time = 29605
Get error time = 30
runtime = 65.0083
Best ASE = n367		CONST0	0	newError = 8	estError = 8
#literals = 306
--------- round 153 ---------
#candidates = 664
Build cut network time = 11096
seed = 3320151658
Get boolean difference time = 25924
Get error time = 58
runtime = 65.4123
Best ASE = n368		CONST0	0	newError = 9	estError = 9
#literals = 304
--------- round 154 ---------
#candidates = 660
Build cut network time = 9195
seed = 3511860838
Get boolean difference time = 30003
Get error time = 34
runtime = 65.8169
Best ASE = n369		CONST0	0	newError = 5	estError = 5
#literals = 302
--------- round 155 ---------
#candidates = 656
Build cut network time = 10768
seed = 783407929
Get boolean difference time = 23681
Get error time = 22
runtime = 66.2168
Best ASE = n372		CONST0	0	newError = 7	estError = 7
#literals = 300
--------- round 156 ---------
#candidates = 652
Build cut network time = 9126
seed = 2567700990
Get boolean difference time = 19021
Get error time = 13
runtime = 66.5931
Best ASE = n356		CONST0	0	newError = 10	estError = 10
#literals = 298
--------- round 157 ---------
#candidates = 648
Build cut network time = 7480
seed = 330583251
Get boolean difference time = 28832
Get error time = 32
runtime = 66.985
Best ASE = n443		CONST0	10	newError = 20	estError = 20
#literals = 294
--------- round 158 ---------
#candidates = 632
Build cut network time = 12294
seed = 2455201442
Get boolean difference time = 27100
Get error time = 27
runtime = 67.3877
Best ASE = n266	--0|	INTER	0	newError = 26	estError = 26
#literals = 291
--------- round 159 ---------
#candidates = 619
Build cut network time = 10283
seed = 4084414940
Get boolean difference time = 27292
Get error time = 30
runtime = 67.781
Best ASE = n265		CONST0	0	newError = 19	estError = 19
#literals = 289
--------- round 160 ---------
#candidates = 615
Build cut network time = 10488
seed = 3682238381
Get boolean difference time = 17587
Get error time = 14
runtime = 68.1637
Best ASE = n279		CONST1	0	newError = 21	estError = 21
#literals = 287
--------- round 161 ---------
#candidates = 611
Build cut network time = 7268
seed = 1268567579
Get boolean difference time = 22193
Get error time = 17
runtime = 68.5445
Best ASE = n355		CONST0	0	newError = 27	estError = 27
#literals = 285
--------- round 162 ---------
#candidates = 607
Build cut network time = 9058
seed = 1608194171
Get boolean difference time = 31350
Get error time = 22
runtime = 68.9525
Best ASE = n353		CONST0	0	newError = 18	estError = 18
#literals = 283
--------- round 163 ---------
#candidates = 603
Build cut network time = 12003
seed = 1288403729
Get boolean difference time = 26163
Get error time = 21
runtime = 69.3623
Best ASE = n359		CONST0	0	newError = 16	estError = 16
#literals = 281
--------- round 164 ---------
#candidates = 599
Build cut network time = 9204
seed = 1922595450
Get boolean difference time = 24915
Get error time = 29
runtime = 69.7501
Best ASE = n350		CONST0	0	newError = 28	estError = 28
#literals = 279
--------- round 165 ---------
#candidates = 595
Build cut network time = 8703
seed = 2061911542
Get boolean difference time = 23449
Get error time = 21
runtime = 70.1408
Best ASE = n348		CONST0	0	newError = 29	estError = 29
#literals = 277
--------- round 166 ---------
#candidates = 591
Build cut network time = 8333
seed = 825610876
Get boolean difference time = 27450
Get error time = 21
runtime = 70.5297
Best ASE = n351		CONST0	0	newError = 28	estError = 28
#literals = 275
--------- round 167 ---------
#candidates = 587
Build cut network time = 9782
seed = 301871098
Get boolean difference time = 26694
Get error time = 22
runtime = 70.9687
Best ASE = n339		CONST0	0	newError = 21	estError = 21
#literals = 273
--------- round 168 ---------
#candidates = 583
Build cut network time = 9557
seed = 2846737280
Get boolean difference time = 29220
Get error time = 25
runtime = 71.3647
Best ASE = n338		CONST0	0	newError = 27	estError = 27
#literals = 271
--------- round 169 ---------
#candidates = 579
Build cut network time = 10260
seed = 1644034158
Get boolean difference time = 24647
Get error time = 18
runtime = 71.7711
Best ASE = n337		CONST0	0	newError = 24	estError = 24
#literals = 269
--------- round 170 ---------
#candidates = 575
Build cut network time = 8771
seed = 3905094086
Get boolean difference time = 19762
Get error time = 21
runtime = 72.1561
Best ASE = n341		CONST0	0	newError = 27	estError = 27
#literals = 267
--------- round 171 ---------
#candidates = 571
Build cut network time = 7025
seed = 1210160401
Get boolean difference time = 17245
Get error time = 14
runtime = 72.5325
Best ASE = n344		CONST0	0	newError = 18	estError = 18
#literals = 265
--------- round 172 ---------
#candidates = 567
Build cut network time = 7141
seed = 1492831833
Get boolean difference time = 23345
Get error time = 18
runtime = 72.9214
Best ASE = n333		CONST0	0	newError = 27	estError = 27
#literals = 263
--------- round 173 ---------
#candidates = 563
Build cut network time = 9046
seed = 2352044962
Get boolean difference time = 22155
Get error time = 16
runtime = 73.3058
Best ASE = n334		CONST0	0	newError = 21	estError = 21
#literals = 261
--------- round 174 ---------
#candidates = 559
Build cut network time = 7159
seed = 64455546
Get boolean difference time = 15121
Get error time = 10
runtime = 73.6806
Best ASE = n331		CONST0	0	newError = 16	estError = 16
#literals = 259
--------- round 175 ---------
#candidates = 555
Build cut network time = 6436
seed = 518069414
Get boolean difference time = 22027
Get error time = 17
runtime = 74.0573
Best ASE = n335		CONST0	0	newError = 19	estError = 19
#literals = 257
--------- round 176 ---------
#candidates = 551
Build cut network time = 8335
seed = 2746131529
Get boolean difference time = 27090
Get error time = 24
runtime = 74.4437
Best ASE = n357		CONST0	0	newError = 25	estError = 25
#literals = 255
--------- round 177 ---------
#candidates = 547
Build cut network time = 9644
seed = 159711421
Get boolean difference time = 29391
Get error time = 22
runtime = 74.8491
Best ASE = n363		CONST0	0	newError = 33	estError = 33
#literals = 253
--------- round 178 ---------
#candidates = 543
Build cut network time = 9698
seed = 920805593
Get boolean difference time = 24615
Get error time = 20
runtime = 75.241
Best ASE = n326		CONST0	0	newError = 33	estError = 33
#literals = 251
--------- round 179 ---------
#candidates = 539
Build cut network time = 9553
seed = 3988214857
Get boolean difference time = 19681
Get error time = 11
runtime = 75.6255
Best ASE = n319		CONST0	0	newError = 30	estError = 30
#literals = 249
--------- round 180 ---------
#candidates = 535
Build cut network time = 7106
seed = 988670276
Get boolean difference time = 20684
Get error time = 15
runtime = 76.0046
Best ASE = n317		CONST0	0	newError = 33	estError = 33
#literals = 247
--------- round 181 ---------
#candidates = 531
Build cut network time = 8463
seed = 2351918240
Get boolean difference time = 22948
Get error time = 20
runtime = 76.3899
Best ASE = n324		CONST0	0	newError = 17	estError = 17
#literals = 245
--------- round 182 ---------
#candidates = 527
Build cut network time = 7941
seed = 3048156259
Get boolean difference time = 25492
Get error time = 40
runtime = 76.791
Best ASE = n320		CONST0	0	newError = 29	estError = 29
#literals = 243
--------- round 183 ---------
#candidates = 523
Build cut network time = 9563
seed = 118180159
Get boolean difference time = 18928
Get error time = 18
runtime = 77.1883
Best ASE = n315		CONST0	0	newError = 17	estError = 17
#literals = 241
--------- round 184 ---------
#candidates = 519
Build cut network time = 6056
seed = 4260598457
Get boolean difference time = 16058
Get error time = 30
runtime = 77.5804
Best ASE = n314		CONST0	0	newError = 20	estError = 20
#literals = 239
--------- round 185 ---------
#candidates = 515
Build cut network time = 6595
seed = 2901197767
Get boolean difference time = 19360
Get error time = 15
runtime = 77.9715
Best ASE = n322		CONST0	0	newError = 19	estError = 19
#literals = 237
--------- round 186 ---------
#candidates = 511
Build cut network time = 7050
seed = 187144886
Get boolean difference time = 23979
Get error time = 18
runtime = 78.3567
Best ASE = n313		CONST0	0	newError = 27	estError = 27
#literals = 235
--------- round 187 ---------
#candidates = 507
Build cut network time = 8762
seed = 2273563334
Get boolean difference time = 20961
Get error time = 30
runtime = 78.7424
Best ASE = n311		CONST0	0	newError = 20	estError = 20
#literals = 233
--------- round 188 ---------
#candidates = 503
Build cut network time = 7436
seed = 1784657077
Get boolean difference time = 16570
Get error time = 14
runtime = 79.1323
Best ASE = n321		CONST0	0	newError = 21	estError = 21
#literals = 231
--------- round 189 ---------
#candidates = 499
Build cut network time = 6186
seed = 1454221208
Get boolean difference time = 19717
Get error time = 18
runtime = 79.5108
Best ASE = n323		CONST0	0	newError = 31	estError = 31
#literals = 229
--------- round 190 ---------
#candidates = 495
Build cut network time = 6627
seed = 719018404
Get boolean difference time = 24517
Get error time = 21
runtime = 79.8949
Best ASE = n328		CONST0	0	newError = 25	estError = 25
#literals = 227
--------- round 191 ---------
#candidates = 491
Build cut network time = 8127
seed = 1551756283
Get boolean difference time = 23934
Get error time = 20
runtime = 80.2833
Best ASE = n393		CONST0	0	newError = 16	estError = 16
#literals = 225
--------- round 192 ---------
#candidates = 487
Build cut network time = 8426
seed = 3791954566
Get boolean difference time = 20173
Get error time = 17
runtime = 80.6639
Best ASE = n300		CONST0	0	newError = 27	estError = 27
#literals = 223
--------- round 193 ---------
#candidates = 483
Build cut network time = 7120
seed = 2289698098
Get boolean difference time = 20464
Get error time = 23
runtime = 81.0414
Best ASE = n305		CONST0	0	newError = 25	estError = 25
#literals = 221
--------- round 194 ---------
#candidates = 479
Build cut network time = 7667
seed = 693860325
Get boolean difference time = 19746
Get error time = 18
runtime = 81.4178
Best ASE = n294		CONST0	0	newError = 26	estError = 26
#literals = 219
--------- round 195 ---------
#candidates = 475
Build cut network time = 7037
seed = 2142524180
Get boolean difference time = 22483
Get error time = 17
runtime = 81.7979
Best ASE = n299		CONST0	0	newError = 30	estError = 30
#literals = 217
--------- round 196 ---------
#candidates = 471
Build cut network time = 7586
seed = 1288701216
Get boolean difference time = 20439
Get error time = 18
runtime = 82.1782
Best ASE = n303		CONST0	0	newError = 32	estError = 32
#literals = 215
--------- round 197 ---------
#candidates = 467
Build cut network time = 7014
seed = 402085527
Get boolean difference time = 13634
Get error time = 11
runtime = 82.5535
Best ASE = n309		CONST0	0	newError = 21	estError = 21
#literals = 213
--------- round 198 ---------
#candidates = 463
Build cut network time = 4828
seed = 1792723162
Get boolean difference time = 11642
Get error time = 7
runtime = 82.9195
Best ASE = n394		CONST1	0	newError = 19	estError = 19
#literals = 211
--------- round 199 ---------
#candidates = 459
Build cut network time = 4916
seed = 2660661029
Get boolean difference time = 15158
Get error time = 13
runtime = 83.2861
Best ASE = n404		CONST0	0	newError = 22	estError = 22
#literals = 209
--------- round 200 ---------
#candidates = 455
Build cut network time = 5680
seed = 1333748038
Get boolean difference time = 20174
Get error time = 18
runtime = 83.6645
Best ASE = n409		CONST0	0	newError = 23	estError = 23
#literals = 207
--------- round 201 ---------
#candidates = 451
Build cut network time = 6582
seed = 4267154634
Get boolean difference time = 23259
Get error time = 22
runtime = 84.0423
Best ASE = n386		CONST0	0	newError = 33	estError = 33
#literals = 205
--------- round 202 ---------
#candidates = 447
Build cut network time = 8480
seed = 1918144363
Get boolean difference time = 16944
Get error time = 17
runtime = 84.416
Best ASE = n384		CONST0	0	newError = 23	estError = 23
#literals = 203
--------- round 203 ---------
#candidates = 443
Build cut network time = 6111
seed = 3061938497
Get boolean difference time = 16462
Get error time = 15
runtime = 84.7851
Best ASE = n387		CONST0	0	newError = 20	estError = 20
#literals = 201
--------- round 204 ---------
#candidates = 439
Build cut network time = 5997
seed = 3812977507
Get boolean difference time = 21726
Get error time = 15
runtime = 85.1773
Best ASE = n381		CONST0	0	newError = 25	estError = 25
#literals = 199
--------- round 205 ---------
#candidates = 435
Build cut network time = 7950
seed = 462902073
Get boolean difference time = 18837
Get error time = 19
runtime = 85.5692
Best ASE = n377		CONST0	0	newError = 25	estError = 25
#literals = 197
--------- round 206 ---------
#candidates = 431
Build cut network time = 7368
seed = 4117603423
Get boolean difference time = 15831
Get error time = 11
runtime = 85.948
Best ASE = n375		CONST0	0	newError = 27	estError = 27
#literals = 195
--------- round 207 ---------
#candidates = 427
Build cut network time = 6066
seed = 2634609602
Get boolean difference time = 11674
Get error time = 7
runtime = 86.3184
Best ASE = n414		CONST0	0	newError = 26	estError = 26
#literals = 193
--------- round 208 ---------
#candidates = 423
Build cut network time = 4857
seed = 2661934985
Get boolean difference time = 14030
Get error time = 8
runtime = 86.7106
Best ASE = n415		CONST0	0	newError = 24	estError = 24
#literals = 191
--------- round 209 ---------
#candidates = 419
Build cut network time = 5719
seed = 2580643692
Get boolean difference time = 15270
Get error time = 8
runtime = 87.0793
Best ASE = n298		CONST0	0	newError = 30	estError = 30
#literals = 189
--------- round 210 ---------
#candidates = 415
Build cut network time = 5727
seed = 335552441
Get boolean difference time = 13011
Get error time = 7
runtime = 87.4449
Best ASE = n296		CONST0	0	newError = 13	estError = 13
#literals = 187
--------- round 211 ---------
#candidates = 411
Build cut network time = 5119
seed = 301425702
Get boolean difference time = 13051
Get error time = 14
runtime = 87.8169
Best ASE = n292		CONST0	0	newError = 19	estError = 19
#literals = 185
--------- round 212 ---------
#candidates = 407
Build cut network time = 5455
seed = 2577906726
Get boolean difference time = 16790
Get error time = 16
runtime = 88.1901
Best ASE = n290		CONST0	0	newError = 22	estError = 22
#literals = 183
--------- round 213 ---------
#candidates = 403
Build cut network time = 6149
seed = 3339289273
Get boolean difference time = 17516
Get error time = 16
runtime = 88.5702
Best ASE = n286		CONST0	0	newError = 20	estError = 20
#literals = 181
--------- round 214 ---------
#candidates = 399
Build cut network time = 6430
seed = 2888536183
Get boolean difference time = 17854
Get error time = 18
runtime = 88.9473
Best ASE = n284		CONST0	0	newError = 36	estError = 36
#literals = 179
--------- round 215 ---------
#candidates = 395
Build cut network time = 6455
seed = 3432525822
Get boolean difference time = 14012
Get error time = 12
runtime = 89.3193
Best ASE = n447	--0|	INTER	0	newError = 27	estError = 27
#literals = 177
--------- round 216 ---------
#candidates = 389
Build cut network time = 5241
seed = 1786352373
Get boolean difference time = 13544
Get error time = 11
runtime = 89.6887
Best ASE = n461		CONST0	0	newError = 26	estError = 26
#literals = 175
--------- round 217 ---------
#candidates = 385
Build cut network time = 5397
seed = 3086350124
Get boolean difference time = 19742
Get error time = 30
runtime = 90.0667
Best ASE = n463		CONST0	0	newError = 41	estError = 41
#literals = 173
--------- round 218 ---------
#candidates = 381
Build cut network time = 6711
seed = 3356373855
Get boolean difference time = 19251
Get error time = 18
runtime = 90.4417
Best ASE = n453		CONST0	0	newError = 21	estError = 21
#literals = 171
--------- round 219 ---------
#candidates = 377
Build cut network time = 6603
seed = 142618487
Get boolean difference time = 17313
Get error time = 12
runtime = 90.8202
Best ASE = n454		CONST0	0	newError = 39	estError = 39
#literals = 169
--------- round 220 ---------
#candidates = 373
Build cut network time = 6373
seed = 2811246554
Get boolean difference time = 12085
Get error time = 8
runtime = 91.1874
Best ASE = n452		CONST1	0	newError = 27	estError = 27
#literals = 167
--------- round 221 ---------
#candidates = 369
Build cut network time = 5010
seed = 956213334
Get boolean difference time = 9661
Get error time = 6
runtime = 91.5502
Best ASE = n455		CONST0	0	newError = 13	estError = 13
#literals = 165
--------- round 222 ---------
#candidates = 365
Build cut network time = 4051
seed = 844243582
Get boolean difference time = 13052
Get error time = 8
runtime = 91.9137
Best ASE = n141		CONST1	0	newError = 32	estError = 32
#literals = 163
--------- round 223 ---------
#candidates = 361
Build cut network time = 4960
seed = 479841366
Get boolean difference time = 12852
Get error time = 10
runtime = 92.2771
Best ASE = n487		CONST0	0	newError = 27	estError = 27
#literals = 161
--------- round 224 ---------
#candidates = 357
Build cut network time = 4900
seed = 2354917222
Get boolean difference time = 12795
Get error time = 17
runtime = 92.6413
Best ASE = n144		CONST1	0	newError = 21	estError = 21
#literals = 159
--------- round 225 ---------
#candidates = 353
Build cut network time = 4678
seed = 723819080
Get boolean difference time = 15385
Get error time = 13
runtime = 93.0101
Best ASE = n207		CONST0	0	newError = 21	estError = 21
#literals = 158
--------- round 226 ---------
#candidates = 351
Build cut network time = 5510
seed = 4290318181
Get boolean difference time = 20000
Get error time = 12
runtime = 93.3846
Best ASE = n208		CONST0	0	newError = 22	estError = 22
#literals = 157
--------- round 227 ---------
#candidates = 349
Build cut network time = 6277
seed = 3441079311
Get boolean difference time = 19080
Get error time = 15
runtime = 93.7638
Best ASE = n206		CONST0	0	newError = 34	estError = 34
#literals = 156
--------- round 228 ---------
#candidates = 347
Build cut network time = 6538
seed = 1783244934
Get boolean difference time = 19607
Get error time = 16
runtime = 94.1582
Best ASE = n205		CONST0	0	newError = 25	estError = 25
#literals = 155
--------- round 229 ---------
#candidates = 345
Build cut network time = 7107
seed = 309464497
Get boolean difference time = 12130
Get error time = 10
runtime = 94.5293
Best ASE = n204		CONST0	0	newError = 25	estError = 25
#literals = 154
--------- round 230 ---------
#candidates = 343
Build cut network time = 4718
seed = 972293001
Get boolean difference time = 9697
Get error time = 13
runtime = 94.8919
Best ASE = n203		CONST0	0	newError = 30	estError = 30
#literals = 153
--------- round 231 ---------
#candidates = 341
Build cut network time = 4269
seed = 2496526881
Get boolean difference time = 13660
Get error time = 11
runtime = 95.2605
Best ASE = n202		CONST0	0	newError = 27	estError = 27
#literals = 152
--------- round 232 ---------
#candidates = 339
Build cut network time = 5005
seed = 544888998
Get boolean difference time = 12240
Get error time = 10
runtime = 95.6229
Best ASE = n201		CONST0	0	newError = 30	estError = 30
#literals = 151
--------- round 233 ---------
#candidates = 337
Build cut network time = 4893
seed = 2187677775
Get boolean difference time = 13076
Get error time = 12
runtime = 95.9878
Best ASE = n200		CONST0	0	newError = 32	estError = 32
#literals = 150
--------- round 234 ---------
#candidates = 335
Build cut network time = 4258
seed = 3907604526
Get boolean difference time = 10986
Get error time = 8
runtime = 96.3502
Best ASE = n199		CONST0	0	newError = 24	estError = 24
#literals = 149
--------- round 235 ---------
#candidates = 333
Build cut network time = 4303
seed = 1218239403
Get boolean difference time = 16421
Get error time = 15
runtime = 96.7182
Best ASE = n198		CONST0	0	newError = 29	estError = 29
#literals = 148
--------- round 236 ---------
#candidates = 331
Build cut network time = 5773
seed = 147708017
Get boolean difference time = 17088
Get error time = 15
runtime = 97.0899
Best ASE = n197		CONST0	0	newError = 28	estError = 28
#literals = 147
--------- round 237 ---------
#candidates = 329
Build cut network time = 5839
seed = 277610034
Get boolean difference time = 11643
Get error time = 10
runtime = 97.4545
Best ASE = n196		CONST0	0	newError = 21	estError = 21
#literals = 146
--------- round 238 ---------
#candidates = 327
Build cut network time = 4197
seed = 1038770384
Get boolean difference time = 11970
Get error time = 10
runtime = 97.8186
Best ASE = n195		CONST0	0	newError = 34	estError = 34
#literals = 145
--------- round 239 ---------
#candidates = 325
Build cut network time = 4341
seed = 3121781332
Get boolean difference time = 11726
Get error time = 11
runtime = 98.1919
Best ASE = n194		CONST0	0	newError = 22	estError = 22
#literals = 144
--------- round 240 ---------
#candidates = 323
Build cut network time = 5017
seed = 1908596969
Get boolean difference time = 13857
Get error time = 9
runtime = 98.561
Best ASE = n193		CONST0	0	newError = 25	estError = 25
#literals = 143
--------- round 241 ---------
#candidates = 321
Build cut network time = 4919
seed = 3304569061
Get boolean difference time = 16695
Get error time = 11
runtime = 98.9339
Best ASE = n192		CONST0	0	newError = 17	estError = 17
#literals = 142
--------- round 242 ---------
#candidates = 319
Build cut network time = 5330
seed = 1702194766
Get boolean difference time = 10898
Get error time = 5
runtime = 99.2979
Best ASE = n191		CONST0	0	newError = 22	estError = 22
#literals = 141
--------- round 243 ---------
#candidates = 317
Build cut network time = 3861
seed = 1717959938
Get boolean difference time = 10588
Get error time = 8
runtime = 99.667
Best ASE = n190		CONST0	0	newError = 28	estError = 28
#literals = 140
--------- round 244 ---------
#candidates = 315
Build cut network time = 3905
seed = 134092506
Get boolean difference time = 8244
Get error time = 4
runtime = 100.024
Best ASE = n189		CONST0	0	newError = 19	estError = 19
#literals = 139
--------- round 245 ---------
#candidates = 313
Build cut network time = 3391
seed = 1726500932
Get boolean difference time = 8468
Get error time = 5
runtime = 100.382
Best ASE = n188		CONST0	0	newError = 27	estError = 27
#literals = 138
--------- round 246 ---------
#candidates = 311
Build cut network time = 3248
seed = 3916597367
Get boolean difference time = 8412
Get error time = 4
runtime = 100.737
Best ASE = n187		CONST0	0	newError = 27	estError = 27
#literals = 137
--------- round 247 ---------
#candidates = 309
Build cut network time = 3307
seed = 1614402167
Get boolean difference time = 10861
Get error time = 7
runtime = 101.095
Best ASE = n186		CONST0	0	newError = 26	estError = 26
#literals = 136
--------- round 248 ---------
#candidates = 307
Build cut network time = 3677
seed = 1246203375
Get boolean difference time = 11892
Get error time = 9
runtime = 101.454
Best ASE = n185		CONST0	0	newError = 30	estError = 30
#literals = 135
--------- round 249 ---------
#candidates = 305
Build cut network time = 4126
seed = 250889664
Get boolean difference time = 12410
Get error time = 9
runtime = 101.814
Best ASE = n184		CONST0	0	newError = 19	estError = 19
#literals = 134
--------- round 250 ---------
#candidates = 303
Build cut network time = 4430
seed = 3857506763
Get boolean difference time = 12115
Get error time = 6
runtime = 102.182
Best ASE = n183		CONST0	0	newError = 20	estError = 20
#literals = 133
--------- round 251 ---------
#candidates = 301
Build cut network time = 4199
seed = 789726247
Get boolean difference time = 11745
Get error time = 7
runtime = 102.541
Best ASE = n182		CONST0	0	newError = 25	estError = 25
#literals = 132
--------- round 252 ---------
#candidates = 299
Build cut network time = 4161
seed = 2965110319
Get boolean difference time = 10745
Get error time = 11
runtime = 102.902
Best ASE = n181		CONST0	0	newError = 14	estError = 14
#literals = 131
--------- round 253 ---------
#candidates = 297
Build cut network time = 3800
seed = 2167210534
Get boolean difference time = 9078
Get error time = 4
runtime = 103.262
Best ASE = n180		CONST0	0	newError = 23	estError = 23
#literals = 130
--------- round 254 ---------
#candidates = 295
Build cut network time = 3198
seed = 2393400066
Get boolean difference time = 8670
Get error time = 5
runtime = 103.62
Best ASE = n179		CONST0	0	newError = 25	estError = 25
#literals = 129
--------- round 255 ---------
#candidates = 293
Build cut network time = 2958
seed = 1504361177
Get boolean difference time = 7824
Get error time = 3
runtime = 103.974
Best ASE = n178		CONST0	0	newError = 23	estError = 23
#literals = 128
--------- round 256 ---------
#candidates = 291
Build cut network time = 3016
seed = 2705979499
Get boolean difference time = 9031
Get error time = 4
runtime = 104.33
Best ASE = n177		CONST0	0	newError = 33	estError = 33
#literals = 127
--------- round 257 ---------
#candidates = 289
Build cut network time = 3481
seed = 1387103877
Get boolean difference time = 9145
Get error time = 6
runtime = 104.686
Best ASE = n176		CONST0	0	newError = 27	estError = 27
#literals = 126
--------- round 258 ---------
#candidates = 287
Build cut network time = 3325
seed = 3827253286
Get boolean difference time = 12187
Get error time = 8
runtime = 105.046
Best ASE = n175		CONST0	0	newError = 24	estError = 24
#literals = 125
--------- round 259 ---------
#candidates = 285
Build cut network time = 3755
seed = 644669635
Get boolean difference time = 9284
Get error time = 6
runtime = 105.403
Best ASE = n174		CONST0	0	newError = 24	estError = 24
#literals = 124
--------- round 260 ---------
#candidates = 283
Build cut network time = 3295
seed = 2153841175
Get boolean difference time = 10189
Get error time = 8
runtime = 105.763
Best ASE = n173		CONST0	0	newError = 17	estError = 17
#literals = 123
--------- round 261 ---------
#candidates = 281
Build cut network time = 3552
seed = 3854393187
Get boolean difference time = 10039
Get error time = 4
runtime = 106.121
Best ASE = n172		CONST0	0	newError = 19	estError = 19
#literals = 122
--------- round 262 ---------
#candidates = 279
Build cut network time = 3314
seed = 4028084419
Get boolean difference time = 9395
Get error time = 5
runtime = 106.478
Best ASE = n171		CONST0	0	newError = 34	estError = 34
#literals = 121
--------- round 263 ---------
#candidates = 277
Build cut network time = 3414
seed = 2836521592
Get boolean difference time = 10446
Get error time = 6
runtime = 106.835
Best ASE = n170		CONST0	0	newError = 25	estError = 25
#literals = 120
--------- round 264 ---------
#candidates = 275
Build cut network time = 3609
seed = 3361151080
Get boolean difference time = 8903
Get error time = 5
runtime = 107.193
Best ASE = n169		CONST0	0	newError = 24	estError = 24
#literals = 119
--------- round 265 ---------
#candidates = 273
Build cut network time = 3066
seed = 1595917916
Get boolean difference time = 8988
Get error time = 6
runtime = 107.549
Best ASE = n168		CONST0	0	newError = 28	estError = 28
#literals = 118
--------- round 266 ---------
#candidates = 271
Build cut network time = 3088
seed = 2488577505
Get boolean difference time = 6784
Get error time = 6
runtime = 107.903
Best ASE = n167		CONST0	0	newError = 32	estError = 32
#literals = 117
--------- round 267 ---------
#candidates = 269
Build cut network time = 2596
seed = 2448913097
Get boolean difference time = 6614
Get error time = 5
runtime = 108.258
Best ASE = n166		CONST0	0	newError = 23	estError = 23
#literals = 116
--------- round 268 ---------
#candidates = 267
Build cut network time = 2573
seed = 2453174450
Get boolean difference time = 6918
Get error time = 5
runtime = 108.611
Best ASE = n165		CONST0	0	newError = 21	estError = 21
#literals = 115
--------- round 269 ---------
#candidates = 265
Build cut network time = 2610
seed = 1121249596
Get boolean difference time = 8673
Get error time = 6
runtime = 108.965
Best ASE = n164		CONST0	0	newError = 35	estError = 35
#literals = 114
--------- round 270 ---------
#candidates = 263
Build cut network time = 2981
seed = 736177507
Get boolean difference time = 9839
Get error time = 6
runtime = 109.321
Best ASE = n163		CONST0	0	newError = 17	estError = 17
#literals = 113
--------- round 271 ---------
#candidates = 261
Build cut network time = 3410
seed = 3130150402
Get boolean difference time = 10532
Get error time = 5
runtime = 109.68
Best ASE = n162		CONST0	0	newError = 30	estError = 30
#literals = 112
--------- round 272 ---------
#candidates = 259
Build cut network time = 3497
seed = 168319151
Get boolean difference time = 10436
Get error time = 7
runtime = 110.042
Best ASE = n161		CONST0	0	newError = 33	estError = 33
#literals = 111
--------- round 273 ---------
#candidates = 257
Build cut network time = 3332
seed = 2599707836
Get boolean difference time = 9847
Get error time = 9
runtime = 110.4
Best ASE = n160		CONST0	0	newError = 28	estError = 28
#literals = 110
--------- round 274 ---------
#candidates = 255
Build cut network time = 3364
seed = 2671992140
Get boolean difference time = 8063
Get error time = 4
runtime = 110.754
Best ASE = n159		CONST0	0	newError = 19	estError = 19
#literals = 109
--------- round 275 ---------
#candidates = 253
Build cut network time = 2856
seed = 1755415370
Get boolean difference time = 7165
Get error time = 3
runtime = 111.11
Best ASE = n158		CONST0	0	newError = 19	estError = 19
#literals = 108
--------- round 276 ---------
#candidates = 251
Build cut network time = 2618
seed = 2361107573
Get boolean difference time = 6194
Get error time = 4
runtime = 111.463
Best ASE = n157		CONST0	0	newError = 23	estError = 23
#literals = 107
--------- round 277 ---------
#candidates = 249
Build cut network time = 2375
seed = 4019239933
Get boolean difference time = 6032
Get error time = 3
runtime = 111.813
Best ASE = n156		CONST0	0	newError = 31	estError = 31
#literals = 106
--------- round 278 ---------
#candidates = 247
Build cut network time = 2313
seed = 2983801021
Get boolean difference time = 7436
Get error time = 10
runtime = 112.166
Best ASE = n155		CONST0	0	newError = 22	estError = 22
#literals = 105
--------- round 279 ---------
#candidates = 245
Build cut network time = 2666
seed = 3703737818
Get boolean difference time = 6991
Get error time = 5
runtime = 112.519
Best ASE = n154		CONST0	0	newError = 13	estError = 13
#literals = 104
--------- round 280 ---------
#candidates = 243
Build cut network time = 2709
seed = 2521675256
Get boolean difference time = 8924
Get error time = 10
runtime = 112.875
Best ASE = n153		CONST0	0	newError = 20	estError = 20
#literals = 103
--------- round 281 ---------
#candidates = 241
Build cut network time = 2858
seed = 4262829462
Get boolean difference time = 7513
Get error time = 8
runtime = 113.23
Best ASE = n152		CONST0	0	newError = 21	estError = 21
#literals = 102
--------- round 282 ---------
#candidates = 239
Build cut network time = 2661
seed = 3359914883
Get boolean difference time = 7867
Get error time = 9
runtime = 113.586
Best ASE = n151		CONST0	0	newError = 24	estError = 24
#literals = 101
--------- round 283 ---------
#candidates = 237
Build cut network time = 2592
seed = 797911432
Get boolean difference time = 7373
Get error time = 5
runtime = 113.938
Best ASE = n150		CONST0	0	newError = 19	estError = 19
#literals = 100
--------- round 284 ---------
#candidates = 235
Build cut network time = 2711
seed = 1446160184
Get boolean difference time = 7821
Get error time = 9
runtime = 114.291
Best ASE = n278		CONST0	0	newError = 21	estError = 21
#literals = 99
--------- round 285 ---------
#candidates = 233
Build cut network time = 2440
seed = 2798752867
Get boolean difference time = 7959
Get error time = 11
runtime = 114.644
Best ASE = n441		CONST0	0	newError = 25	estError = 25
#literals = 98
--------- round 286 ---------
#candidates = 231
Build cut network time = 2845
seed = 2891218461
Get boolean difference time = 6505
Get error time = 7
runtime = 114.998
Best ASE = n445		CONST0	0	newError = 24	estError = 24
#literals = 97
--------- round 287 ---------
#candidates = 229
Build cut network time = 2529
seed = 3340606872
Get boolean difference time = 6432
Get error time = 10
runtime = 115.35
Best ASE = n307		CONST0	0	newError = 32	estError = 32
#literals = 96
--------- round 288 ---------
#candidates = 227
Build cut network time = 2343
seed = 1083751868
Get boolean difference time = 4984
Get error time = 4
runtime = 115.7
Best ASE = n424		CONST0	0	newError = 26	estError = 26
#literals = 95
--------- round 289 ---------
#candidates = 225
Build cut network time = 2045
seed = 250986734
Get boolean difference time = 4769
Get error time = 4
runtime = 116.051
Best ASE = n380		CONST0	0	newError = 27	estError = 27
#literals = 94
--------- round 290 ---------
#candidates = 223
Build cut network time = 2056
seed = 2975703163
Get boolean difference time = 4956
Get error time = 5
runtime = 116.401
Best ASE = n406		CONST0	0	newError = 25	estError = 25
#literals = 93
--------- round 291 ---------
#candidates = 221
Build cut network time = 2027
seed = 809877607
Get boolean difference time = 6496
Get error time = 9
runtime = 116.753
Best ASE = n291		CONST0	0	newError = 19	estError = 19
#literals = 92
--------- round 292 ---------
#candidates = 219
Build cut network time = 2304
seed = 1796946507
Get boolean difference time = 7605
Get error time = 9
runtime = 117.105
Best ASE = n401		CONST0	0	newError = 17	estError = 17
#literals = 91
--------- round 293 ---------
#candidates = 217
Build cut network time = 2639
seed = 2782139768
Get boolean difference time = 6543
Get error time = 8
runtime = 117.457
Best ASE = n289		CONST0	0	newError = 17	estError = 17
#literals = 90
--------- round 294 ---------
#candidates = 215
Build cut network time = 2505
seed = 3010701941
Get boolean difference time = 6809
Get error time = 10
runtime = 117.809
Best ASE = n399		CONST0	0	newError = 21	estError = 21
#literals = 89
--------- round 295 ---------
#candidates = 213
Build cut network time = 2568
seed = 2513029629
Get boolean difference time = 7806
Get error time = 7
runtime = 118.165
Best ASE = n283		CONST0	0	newError = 11	estError = 11
#literals = 88
--------- round 296 ---------
#candidates = 211
Build cut network time = 2705
seed = 3775702017
Get boolean difference time = 6437
Get error time = 6
runtime = 118.518
Best ASE = n285		CONST0	0	newError = 31	estError = 31
#literals = 87
--------- round 297 ---------
#candidates = 209
Build cut network time = 2131
seed = 1340642461
Get boolean difference time = 4612
Get error time = 5
runtime = 118.871
Best ASE = n374		CONST0	0	newError = 27	estError = 27
#literals = 86
--------- round 298 ---------
#candidates = 207
Build cut network time = 1885
seed = 239472722
Get boolean difference time = 5058
Get error time = 6
runtime = 119.223
Best ASE = n376		CONST0	0	newError = 24	estError = 24
#literals = 85
--------- round 299 ---------
#candidates = 205
Build cut network time = 1957
seed = 3481552710
Get boolean difference time = 3876
Get error time = 5
runtime = 119.572
Best ASE = n388		CONST0	0	newError = 20	estError = 20
#literals = 84
--------- round 300 ---------
#candidates = 203
Build cut network time = 1712
seed = 381709523
Get boolean difference time = 4558
Get error time = 8
runtime = 119.921
Best ASE = n360		CONST0	0	newError = 29	estError = 29
#literals = 83
--------- round 301 ---------
#candidates = 201
Build cut network time = 1983
seed = 1420737330
Get boolean difference time = 5050
Get error time = 6
runtime = 120.272
Best ASE = n354		CONST0	0	newError = 22	estError = 22
#literals = 82
--------- round 302 ---------
#candidates = 199
Build cut network time = 1854
seed = 1651382671
Get boolean difference time = 5017
Get error time = 5
runtime = 120.623
Best ASE = n352		CONST0	0	newError = 33	estError = 33
#literals = 81
--------- round 303 ---------
#candidates = 197
Build cut network time = 2272
seed = 2287795690
Get boolean difference time = 4248
Get error time = 3
runtime = 120.974
Best ASE = n358		CONST0	0	newError = 29	estError = 29
#literals = 80
--------- round 304 ---------
#candidates = 195
Build cut network time = 1884
seed = 235905993
Get boolean difference time = 4573
Get error time = 8
runtime = 121.326
Best ASE = n342		CONST0	0	newError = 27	estError = 27
#literals = 79
--------- round 305 ---------
#candidates = 193
Build cut network time = 1835
seed = 4128176575
Get boolean difference time = 4789
Get error time = 4
runtime = 121.674
Best ASE = n345		CONST0	0	newError = 20	estError = 20
#literals = 78
--------- round 306 ---------
#candidates = 191
Build cut network time = 1727
seed = 2364894413
Get boolean difference time = 4383
Get error time = 6
runtime = 122.024
Best ASE = n336		CONST0	0	newError = 12	estError = 12
#literals = 77
--------- round 307 ---------
#candidates = 189
Build cut network time = 1744
seed = 904677476
Get boolean difference time = 4471
Get error time = 7
runtime = 122.382
Best ASE = n318		CONST0	0	newError = 20	estError = 20
#literals = 76
--------- round 308 ---------
#candidates = 187
Build cut network time = 1906
seed = 455246284
Get boolean difference time = 3750
Get error time = 6
runtime = 122.732
Best ASE = n316		CONST0	0	newError = 22	estError = 22
#literals = 75
--------- round 309 ---------
#candidates = 185
Build cut network time = 1704
seed = 317861633
Get boolean difference time = 3723
Get error time = 3
runtime = 123.081
Best ASE = n267	--0|	INTER	35	newError = 69	estError = 69
#literals = 73
--------- round 310 ---------
#candidates = 179
Build cut network time = 1672
seed = 4123894064
Get boolean difference time = 3341
Get error time = 3
runtime = 123.429
Best ASE = n277		CONST0	16	newError = 89	estError = 89
#literals = 71
--------- round 311 ---------
#candidates = 175
Build cut network time = 1396
seed = 1583742465
Get boolean difference time = 3259
Get error time = 3
runtime = 123.779
Best ASE = n448	-00|	INTER	0	newError = 86	estError = 86
#literals = 69
--------- round 312 ---------
#candidates = 164
Build cut network time = 1364
seed = 3017385232
Get boolean difference time = 3290
Get error time = 2
runtime = 124.126
Best ASE = n266		CONST0	0	newError = 91	estError = 91
#literals = 68
--------- round 313 ---------
#candidates = 162
Build cut network time = 1433
seed = 1752910343
Get boolean difference time = 3553
Get error time = 6
runtime = 124.474
Best ASE = n325		CONST0	0	newError = 89	estError = 89
#literals = 67
--------- round 314 ---------
#candidates = 160
Build cut network time = 1627
seed = 434982936
Get boolean difference time = 4171
Get error time = 5
runtime = 124.822
Best ASE = n268	--0|	INTER	178	newError = 271	estError = 271
#literals = 64
--------- round 315 ---------
#candidates = 147
Build cut network time = 1700
seed = 751768641
Get boolean difference time = 3980
Get error time = 4
runtime = 125.169
Best ASE = n450		CONST1	104	newError = 397	estError = 397
#literals = 61
--------- round 316 ---------
#candidates = 139
Build cut network time = 1698
seed = 3024808657
Get boolean difference time = 4122
Get error time = 4
runtime = 125.517
Best ASE = n276		CONST0	0	newError = 400	estError = 400
#literals = 59
--------- round 317 ---------
#candidates = 135
Build cut network time = 1662
seed = 1293183277
Get boolean difference time = 3946
Get error time = 7
runtime = 125.866
Best ASE = n139	---0|	INTER	0	newError = 374	estError = 374
#literals = 57
--------- round 318 ---------
#candidates = 129
Build cut network time = 1602
seed = 498319851
Get boolean difference time = 3469
Get error time = 3
runtime = 126.213
Best ASE = n483		CONST0	0	newError = 355	estError = 355
#literals = 55
--------- round 319 ---------
#candidates = 125
Build cut network time = 1384
seed = 2456866157
Get boolean difference time = 2686
Get error time = 1
runtime = 126.561
Best ASE = n140		CONST1	0	newError = 398	estError = 398
#literals = 53
--------- round 320 ---------
#candidates = 121
Build cut network time = 2488
seed = 773817651
Get boolean difference time = 3103
Get error time = 2
runtime = 126.919
Best ASE = n149		CONST0	0	newError = 388	estError = 388
#literals = 52
--------- round 321 ---------
#candidates = 119
Build cut network time = 1273
seed = 4185203212
Get boolean difference time = 2817
Get error time = 2
runtime = 127.265
Best ASE = n267		CONST0	0	newError = 404	estError = 404
#literals = 51
--------- round 322 ---------
#candidates = 117
Build cut network time = 1188
seed = 4127016458
Get boolean difference time = 3111
Get error time = 4
runtime = 127.613
Best ASE = n148		CONST0	0	newError = 386	estError = 386
#literals = 50
--------- round 323 ---------
#candidates = 115
Build cut network time = 1441
seed = 2554868651
Get boolean difference time = 2980
Get error time = 4
runtime = 127.961
Best ASE = n312		CONST0	0	newError = 410	estError = 410
#literals = 49
--------- round 324 ---------
#candidates = 113
Build cut network time = 1279
seed = 3463448856
Get boolean difference time = 3073
Get error time = 6
runtime = 128.309
Best ASE = n310		CONST0	0	newError = 417	estError = 417
#literals = 48
--------- round 325 ---------
#candidates = 111
Build cut network time = 1239
seed = 308382631
Get boolean difference time = 2914
Get error time = 3
runtime = 128.657
Best ASE = n295		CONST0	0	newError = 391	estError = 391
#literals = 47
--------- round 326 ---------
#candidates = 109
Build cut network time = 1241
seed = 3048816986
Get boolean difference time = 3560
Get error time = 5
runtime = 129.007
Best ASE = n297		CONST0	0	newError = 401	estError = 401
#literals = 46
--------- round 327 ---------
#candidates = 107
Build cut network time = 1539
seed = 2648356881
Get boolean difference time = 3235
Get error time = 6
runtime = 129.354
Best ASE = n383		CONST0	0	newError = 389	estError = 389
#literals = 45
--------- round 328 ---------
#candidates = 105
Build cut network time = 1185
seed = 617344092
Get boolean difference time = 3595
Get error time = 9
runtime = 129.702
Best ASE = n364		CONST0	0	newError = 385	estError = 385
#literals = 44
--------- round 329 ---------
#candidates = 103
Build cut network time = 1705
seed = 256196545
Get boolean difference time = 3575
Get error time = 4
runtime = 130.059
Best ASE = n340		CONST0	0	newError = 381	estError = 381
#literals = 43
--------- round 330 ---------
#candidates = 101
Build cut network time = 1446
seed = 4112008982
Get boolean difference time = 2789
Get error time = 3
runtime = 130.406
Best ASE = n281		CONST0	0	newError = 367	estError = 367
#literals = 42
--------- round 331 ---------
#candidates = 99
Build cut network time = 1408
seed = 221661655
Get boolean difference time = 2997
Get error time = 2
runtime = 130.755
Best ASE = n447		CONST0	0	newError = 420	estError = 420
#literals = 41
--------- round 332 ---------
#candidates = 97
Build cut network time = 1114
seed = 3419597476
Get boolean difference time = 2300
Get error time = 3
runtime = 131.101
Best ASE = n448	--0|	INTER	0	newError = 421	estError = 421
#literals = 40
--------- round 333 ---------
#candidates = 95
Build cut network time = 881
seed = 4098969630
Get boolean difference time = 2675
Get error time = 3
runtime = 131.449
Best ASE = n460		CONST0	0	newError = 366	estError = 366
#literals = 39
--------- round 334 ---------
#candidates = 93
Build cut network time = 879
seed = 1121828774
Get boolean difference time = 2198
Get error time = 3
runtime = 131.795
Best ASE = n459		CONST0	0	newError = 401	estError = 401
#literals = 38
--------- round 335 ---------
#candidates = 91
Build cut network time = 823
seed = 643131016
Get boolean difference time = 2642
Get error time = 2
runtime = 132.141
Best ASE = n458		CONST0	0	newError = 408	estError = 408
#literals = 37
--------- round 336 ---------
#candidates = 89
Build cut network time = 853
seed = 3849249006
Get boolean difference time = 3023
Get error time = 3
runtime = 132.487
Best ASE = n457		CONST0	0	newError = 428	estError = 428
#literals = 36
--------- round 337 ---------
#candidates = 87
Build cut network time = 970
seed = 1159068557
Get boolean difference time = 3169
Get error time = 5
runtime = 132.833
Best ASE = n456		CONST0	0	newError = 395	estError = 395
#literals = 35
--------- round 338 ---------
#candidates = 85
Build cut network time = 935
seed = 1318599404
Get boolean difference time = 3268
Get error time = 2
runtime = 133.179
Best ASE = n451		CONST0	0	newError = 375	estError = 375
#literals = 34
--------- round 339 ---------
#candidates = 83
Build cut network time = 1323
seed = 3614626167
Get boolean difference time = 2975
Get error time = 2
runtime = 133.525
Best ASE = n476		CONST0	0	newError = 385	estError = 385
#literals = 33
--------- round 340 ---------
#candidates = 81
Build cut network time = 931
seed = 292079029
Get boolean difference time = 2675
Get error time = 3
runtime = 133.872
Best ASE = n484		CONST0	0	newError = 400	estError = 400
#literals = 32
--------- round 341 ---------
#candidates = 79
Build cut network time = 747
seed = 1156908776
Get boolean difference time = 2737
Get error time = 3
runtime = 134.219
Best ASE = n143		CONST1	0	newError = 382	estError = 382
#literals = 31
--------- round 342 ---------
#candidates = 77
Build cut network time = 731
seed = 1514762786
Get boolean difference time = 2305
Get error time = 3
runtime = 134.567
estimated error exceeds error bound
Best ASE = n269	--0|	INTER	777	newError = 1177	estError = 1177
final approximate circuit is: priority_back.blif
area = 26
delay = 5.7
#literals = 29
