fileName = sin
original #literals = 14152
#candidates = 62369
Build cut network time = 3543824
seed = 3826486080
Get boolean difference time = 3907710
Get error time = 2544
runtime = 7.76712
Best ASE = n5495		CONST1	0	newError = 0	estError = 0
#literals = 14144
--------- round 0 ---------
#candidates = 62173
Build cut network time = 1303193
seed = 1096183041
Get boolean difference time = 2370869
Get error time = 1995
runtime = 11.6669
Best ASE = n1050	0---|-00-|	INTER	0	newError = 0	estError = 0
#literals = 14139
--------- round 1 ---------
#candidates = 61985
Build cut network time = 1064564
seed = 488522120
Get boolean difference time = 1905846
Get error time = 1613
runtime = 14.8383
Best ASE = n774	--0-|0--0|	INTER	0	newError = 0	estError = 0
#literals = 14134
--------- round 2 ---------
#candidates = 61797
Build cut network time = 1085838
seed = 2367586775
Get boolean difference time = 2171549
Get error time = 1108
runtime = 18.3675
Best ASE = n3279	0-0-|---0|	INTER	0	newError = 0	estError = 0
#literals = 14129
--------- round 3 ---------
#candidates = 61609
Build cut network time = 898288
seed = 3827663962
Get boolean difference time = 2227911
Get error time = 2328
runtime = 21.7022
Best ASE = n3298	--0-|--0-|---0|	INTER	0	newError = 1	estError = 1
#literals = 14124
--------- round 4 ---------
#candidates = 61419
Build cut network time = 1034421
seed = 1727900625
Get boolean difference time = 1855688
Get error time = 2120
runtime = 24.8312
Best ASE = n114		CONST1	0	newError = 2	estError = 2
#literals = 14120
--------- round 5 ---------
#candidates = 61403
Build cut network time = 1324109
seed = 1133505810
Get boolean difference time = 2239649
Get error time = 1448
runtime = 28.6325
Best ASE = n136		CONST1	0	newError = 2	estError = 2
#literals = 14116
--------- round 6 ---------
#candidates = 61387
Build cut network time = 1198717
seed = 2569323551
Get boolean difference time = 2472860
Get error time = 1299
runtime = 32.5457
Best ASE = n124		CONST1	0	newError = 3	estError = 3
#literals = 14112
--------- round 7 ---------
#candidates = 61371
Build cut network time = 1111771
seed = 1381442619
Get boolean difference time = 2044432
Get error time = 1713
runtime = 35.8799
Best ASE = n96		CONST1	0	newError = 3	estError = 3
#literals = 14108
--------- round 8 ---------
#candidates = 61355
Build cut network time = 1033523
seed = 1244442557
Get boolean difference time = 1865948
Get error time = 1632
runtime = 39.0607
Best ASE = n120		CONST1	0	newError = 2	estError = 2
#literals = 14104
--------- round 9 ---------
#candidates = 61339
Build cut network time = 887458
seed = 2641889536
Get boolean difference time = 2333163
Get error time = 1238
runtime = 42.5461
Best ASE = n535	-00-|0--0|	INTER	0	newError = 3	estError = 3
#literals = 14100
--------- round 10 ---------
#candidates = 61159
Build cut network time = 1123291
seed = 2531007673
Get boolean difference time = 2103699
Get error time = 2300
runtime = 45.975
Best ASE = n719	0-0-|-0-0|	INTER	0	newError = 2	estError = 2
#literals = 14096
--------- round 11 ---------
#candidates = 60979
Build cut network time = 1396191
seed = 3704143807
Get boolean difference time = 1975649
Get error time = 1602
runtime = 49.5585
Best ASE = n823	-00-|0--0|	INTER	0	newError = 4	estError = 4
#literals = 14092
--------- round 12 ---------
#candidates = 60799
Build cut network time = 1233473
seed = 482809910
Get boolean difference time = 2153189
Get error time = 1314
runtime = 53.1451
Best ASE = n1484	0-0-|-0-0|	INTER	0	newError = 4	estError = 4
#literals = 14088
--------- round 13 ---------
#candidates = 60619
Build cut network time = 1374145
seed = 4160276229
Get boolean difference time = 2423382
Get error time = 2282
runtime = 57.1741
Best ASE = n1551	0---|-00-|	INTER	1	newError = 6	estError = 7
#literals = 14083
--------- round 14 ---------
#candidates = 60431
Build cut network time = 1000011
seed = 3455104017
Get boolean difference time = 2344117
Get error time = 1483
runtime = 60.7353
Best ASE = n2102	0-0-|-0-0|	INTER	0	newError = 3	estError = 3
#literals = 14079
--------- round 15 ---------
#candidates = 60251
Build cut network time = 1514211
seed = 2581579424
Get boolean difference time = 2040258
Get error time = 1847
runtime = 64.4678
Best ASE = n3295	0-0-|-0--|	INTER	1	newError = 5	estError = 5
#literals = 14074
--------- round 16 ---------
#candidates = 60063
Build cut network time = 1725262
seed = 2947680973
Get boolean difference time = 1894919
Get error time = 2505
runtime = 68.2759
Best ASE = n3525		CONST0	0	newError = 10	estError = 10
#literals = 14070
--------- round 17 ---------
#candidates = 60048
Build cut network time = 1764396
seed = 1334998008
Get boolean difference time = 2076974
Get error time = 1745
runtime = 72.3609
Best ASE = n2672	-00-|0--0|	INTER	0	newError = 8	estError = 8
#literals = 14066
--------- round 18 ---------
#candidates = 59868
Build cut network time = 797392
seed = 1446264709
Get boolean difference time = 2324716
Get error time = 1783
runtime = 75.6741
Best ASE = n3469	-00-|0--0|	INTER	0	newError = 5	estError = 5
#literals = 14062
--------- round 19 ---------
#candidates = 59688
Build cut network time = 1031948
seed = 102926589
Get boolean difference time = 1791707
Get error time = 1592
runtime = 78.7148
Best ASE = n2735	-00-|0--0|	INTER	0	newError = 5	estError = 5
#literals = 14058
--------- round 20 ---------
#candidates = 59508
Build cut network time = 1532265
seed = 2268929786
Get boolean difference time = 1992174
Get error time = 1197
runtime = 82.4705
Best ASE = n2856	-00-|0--0|	INTER	0	newError = 5	estError = 5
#literals = 14054
--------- round 21 ---------
#candidates = 59328
Build cut network time = 849716
seed = 2603775574
Get boolean difference time = 1919994
Get error time = 2090
runtime = 85.4744
Best ASE = n3300		CONST0	0	newError = 5	estError = 5
#literals = 14050
--------- round 22 ---------
#candidates = 59313
Build cut network time = 1020889
seed = 443494027
Get boolean difference time = 1545104
Get error time = 1828
runtime = 88.2552
Best ASE = n3278		CONST1	0	newError = 5	estError = 5
#literals = 14046
--------- round 23 ---------
#candidates = 59298
Build cut network time = 927384
seed = 2972170552
Get boolean difference time = 1808872
Get error time = 1457
runtime = 91.1938
Best ASE = n3568	-00-|0--0|	INTER	0	newError = 3	estError = 3
#literals = 14042
--------- round 24 ---------
#candidates = 59118
Build cut network time = 919246
seed = 3366169390
Get boolean difference time = 2008739
Get error time = 1039
runtime = 94.3189
Best ASE = n4334	0-0-|-0-0|	INTER	0	newError = 3	estError = 3
#literals = 14038
--------- round 25 ---------
#candidates = 58938
Build cut network time = 952725
seed = 2619930643
Get boolean difference time = 1675002
Get error time = 1338
runtime = 97.1178
Best ASE = n4580	-00-|0--0|	INTER	0	newError = 9	estError = 9
#literals = 14034
--------- round 26 ---------
#candidates = 58758
Build cut network time = 1085266
seed = 1228268795
Get boolean difference time = 1474598
Get error time = 1100
runtime = 99.9163
Best ASE = n4545		CONST1	0	newError = 7	estError = 7
#literals = 14030
--------- round 27 ---------
#candidates = 58742
Build cut network time = 814996
seed = 2421725100
Get boolean difference time = 1754710
Get error time = 1161
runtime = 102.691
Best ASE = n4808	-00-|0--0|	INTER	0	newError = 9	estError = 9
#literals = 14026
--------- round 28 ---------
#candidates = 58562
Build cut network time = 812624
seed = 1755743409
Get boolean difference time = 1445637
Get error time = 1484
runtime = 105.121
Best ASE = n5385	0-0-|-00-|	INTER	0	newError = 2	estError = 2
#literals = 14022
--------- round 29 ---------
#candidates = 58381
Build cut network time = 991167
seed = 576894678
Get boolean difference time = 1411182
Get error time = 1087
runtime = 107.728
Best ASE = n5433		CONST0	0	newError = 5	estError = 5
#literals = 14018
--------- round 30 ---------
#candidates = 58366
Build cut network time = 802904
seed = 3363013351
Get boolean difference time = 1758207
Get error time = 1147
runtime = 110.494
Best ASE = n5436	0-0-|-0-0|	INTER	0	newError = 5	estError = 5
#literals = 14014
--------- round 31 ---------
#candidates = 58186
Build cut network time = 780109
seed = 1054200994
Get boolean difference time = 1434905
Get error time = 1492
runtime = 112.881
Best ASE = n5417		CONST1	0	newError = 7	estError = 7
#literals = 14010
--------- round 32 ---------
#candidates = 58170
Build cut network time = 955711
seed = 289502567
Get boolean difference time = 1421968
Get error time = 1072
runtime = 115.463
Best ASE = n5476		CONST0	0	newError = 2	estError = 2
#literals = 14006
--------- round 33 ---------
#candidates = 58155
Build cut network time = 798776
seed = 28301501
Get boolean difference time = 1736764
Get error time = 1067
runtime = 118.202
Best ASE = n5482		CONST0	0	newError = 8	estError = 8
#literals = 14002
--------- round 34 ---------
#candidates = 58140
Build cut network time = 767247
seed = 4152554124
Get boolean difference time = 1417334
Get error time = 1555
runtime = 120.558
Best ASE = n5477		CONST0	0	newError = 6	estError = 6
#literals = 13998
--------- round 35 ---------
#candidates = 58125
Build cut network time = 940440
seed = 1932555071
Get boolean difference time = 1431763
Get error time = 1126
runtime = 123.133
Best ASE = n5553		CONST0	0	newError = 6	estError = 6
#literals = 13994
--------- round 36 ---------
#candidates = 58110
Build cut network time = 764789
seed = 3677877685
Get boolean difference time = 1728386
Get error time = 1160
runtime = 125.827
Best ASE = n3284		CONST1	-1	newError = 8	estError = 8
#literals = 13990
--------- round 37 ---------
#candidates = 58094
Build cut network time = 750216
seed = 180942745
Get boolean difference time = 1389052
Get error time = 1568
runtime = 128.137
Best ASE = n5563		CONST1	0	newError = 6	estError = 6
#literals = 13986
--------- round 38 ---------
#candidates = 58078
Build cut network time = 891578
seed = 1485148399
Get boolean difference time = 1483417
Get error time = 1112
runtime = 130.713
Best ASE = n5575		CONST1	0	newError = 2	estError = 2
#literals = 13982
--------- round 39 ---------
#candidates = 58062
Build cut network time = 768700
seed = 3116868069
Get boolean difference time = 1723843
Get error time = 1506
runtime = 133.408
Best ASE = n135		CONST1	0	newError = 5	estError = 5
#literals = 13979
--------- round 40 ---------
#candidates = 58054
Build cut network time = 776684
seed = 2239103997
Get boolean difference time = 1362435
Get error time = 1465
runtime = 135.719
Best ASE = n3279		CONST0	-1	newError = 3	estError = 3
#literals = 13976
--------- round 41 ---------
#candidates = 58046
Build cut network time = 852305
seed = 2195124604
Get boolean difference time = 1528771
Get error time = 1095
runtime = 138.297
Best ASE = n3288		CONST0	1	newError = 9	estError = 10
#literals = 13972
--------- round 42 ---------
#candidates = 58031
Build cut network time = 802390
seed = 3808390053
Get boolean difference time = 1682098
Get error time = 1493
runtime = 140.983
Best ASE = n3245	0-0-|---0|	INTER	3	newError = 7	estError = 10
#literals = 13967
--------- round 43 ---------
#candidates = 57843
Build cut network time = 821511
seed = 1760709972
Get boolean difference time = 1356528
Get error time = 1420
runtime = 143.331
Best ASE = n5478		CONST0	-1	newError = 10	estError = 10
#literals = 13964
--------- round 44 ---------
#candidates = 57835
Build cut network time = 790892
seed = 975895066
Get boolean difference time = 1546873
Get error time = 1092
runtime = 145.863
Best ASE = n95		CONST0	0	newError = 7	estError = 7
#literals = 13961
--------- round 45 ---------
#candidates = 57827
Build cut network time = 732033
seed = 160296756
Get boolean difference time = 1674904
Get error time = 1466
runtime = 148.441
Best ASE = n167		CONST1	0	newError = 7	estError = 7
#literals = 13958
--------- round 46 ---------
#candidates = 57819
Build cut network time = 841388
seed = 934942629
Get boolean difference time = 1365201
Get error time = 1391
runtime = 150.821
Best ASE = n3282		CONST0	-1	newError = 9	estError = 10
#literals = 13955
--------- round 47 ---------
#candidates = 57811
Build cut network time = 838481
seed = 1141422015
Get boolean difference time = 1579537
Get error time = 1074
runtime = 153.439
Best ASE = n147		CONST1	0	newError = 6	estError = 6
#literals = 13952
--------- round 48 ---------
#candidates = 57803
Build cut network time = 763027
seed = 430785304
Get boolean difference time = 1626076
Get error time = 1522
runtime = 155.998
Best ASE = n3294		CONST0	2	newError = 9	estError = 13
#literals = 13948
--------- round 49 ---------
#candidates = 57788
Build cut network time = 768777
seed = 2724487216
Get boolean difference time = 1363704
Get error time = 1170
runtime = 158.307
Best ASE = n570	0-0-|-0--|0--0|	INTER	0	newError = 12	estError = 12
#literals = 13945
--------- round 50 ---------
#candidates = 57623
Build cut network time = 851115
seed = 1278778095
Get boolean difference time = 1634053
Get error time = 1097
runtime = 160.987
Best ASE = n5485		CONST0	3	newError = 15	estError = 15
#literals = 13941
--------- round 51 ---------
#candidates = 57608
Build cut network time = 896594
seed = 1865343404
Get boolean difference time = 1660200
Get error time = 1421
runtime = 163.713
Best ASE = n5342		CONST0	-5	newError = 13	estError = 13
#literals = 13937
--------- round 52 ---------
#candidates = 57593
Build cut network time = 800689
seed = 2554174910
Get boolean difference time = 1350107
Get error time = 1426
runtime = 166.035
Best ASE = n5418		CONST1	0	newError = 17	estError = 17
#literals = 13933
--------- round 53 ---------
#candidates = 57577
Build cut network time = 786751
seed = 362920554
Get boolean difference time = 1605172
Get error time = 1165
runtime = 168.621
Best ASE = n5504		CONST1	0	newError = 20	estError = 20
#literals = 13929
--------- round 54 ---------
#candidates = 57561
Build cut network time = 789535
seed = 3380046930
Get boolean difference time = 1615749
Get error time = 1441
runtime = 171.196
Best ASE = n502	--0-|0--0|-0-0|	INTER	0	newError = 13	estError = 13
#literals = 13926
--------- round 55 ---------
#candidates = 57395
Build cut network time = 823944
seed = 3843781365
Get boolean difference time = 1351761
Get error time = 1317
runtime = 173.546
Best ASE = n245	0---|-00-|-0-0|	INTER	0	newError = 16	estError = 16
#literals = 13923
--------- round 56 ---------
#candidates = 57229
Build cut network time = 827028
seed = 223996491
Get boolean difference time = 1604148
Get error time = 1142
runtime = 176.173
Best ASE = n296	--0-|0--0|-0-0|	INTER	0	newError = 18	estError = 18
#literals = 13920
--------- round 57 ---------
#candidates = 57063
Build cut network time = 736238
seed = 1397589988
Get boolean difference time = 1591675
Get error time = 1423
runtime = 178.67
Best ASE = n1572		CONST1	4	newError = 16	estError = 20
#literals = 13916
--------- round 58 ---------
#candidates = 57047
Build cut network time = 770617
seed = 3360891578
Get boolean difference time = 1368990
Get error time = 1184
runtime = 180.986
Best ASE = n1590	0-0-|---0|	INTER	13	newError = 19	estError = 32
#literals = 13911
--------- round 59 ---------
#candidates = 56859
Build cut network time = 881650
seed = 1775490754
Get boolean difference time = 1654361
Get error time = 1123
runtime = 183.716
Best ASE = n4953	0---|-00-|	INTER	11	newError = 27	estError = 27
#literals = 13906
--------- round 60 ---------
#candidates = 56671
Build cut network time = 740194
seed = 3180601768
Get boolean difference time = 1541277
Get error time = 1466
runtime = 186.167
Best ASE = n3197	0-0-|---0|	INTER	18	newError = 50	estError = 58
#literals = 13901
--------- round 61 ---------
#candidates = 56483
Build cut network time = 857215
seed = 225410337
Get boolean difference time = 1352218
Get error time = 1119
runtime = 188.549
Best ASE = n4543	0-0-|---0|	INTER	17	newError = 68	estError = 68
#literals = 13896
--------- round 62 ---------
#candidates = 56295
Build cut network time = 833512
seed = 312299551
Get boolean difference time = 1659233
Get error time = 1097
runtime = 191.236
Best ASE = n3257		CONST0	6	newError = 88	estError = 91
#literals = 13892
--------- round 63 ---------
#candidates = 56280
Build cut network time = 778219
seed = 2709152309
Get boolean difference time = 1538300
Get error time = 1466
runtime = 193.722
Best ASE = n93		CONST1	8	newError = 82	estError = 82
#literals = 13888
--------- round 64 ---------
#candidates = 56264
Build cut network time = 903843
seed = 2711501714
Get boolean difference time = 1345129
Get error time = 1223
runtime = 196.148
Best ASE = n3267		CONST1	13	newError = 89	estError = 101
#literals = 13884
--------- round 65 ---------
#candidates = 56248
Build cut network time = 880378
seed = 3813619331
Get boolean difference time = 1630121
Get error time = 1218
runtime = 198.855
Best ASE = n3265		CONST0	0	newError = 86	estError = 86
#literals = 13880
--------- round 66 ---------
#candidates = 56233
Build cut network time = 815879
seed = 2935893379
Get boolean difference time = 1601038
Get error time = 1508
runtime = 201.442
Best ASE = n2931	0-0-|---0|	INTER	40	newError = 95	estError = 134
#literals = 13875
--------- round 67 ---------
#candidates = 56045
Build cut network time = 841261
seed = 1702456556
Get boolean difference time = 1346982
Get error time = 1340
runtime = 203.805
Best ASE = n3234		CONST1	7	newError = 95	estError = 102
#literals = 13871
--------- round 68 ---------
#candidates = 56030
Build cut network time = 951938
seed = 3595680360
Get boolean difference time = 1590733
Get error time = 1181
runtime = 206.544
Best ASE = n3305		CONST1	15	newError = 83	estError = 94
#literals = 13867
--------- round 69 ---------
#candidates = 56014
Build cut network time = 753115
seed = 1548452736
Get boolean difference time = 1597127
Get error time = 1496
runtime = 209.064
Best ASE = n5058		CONST0	16	newError = 117	estError = 117
#literals = 13863
--------- round 70 ---------
#candidates = 55999
Build cut network time = 807705
seed = 2600078143
Get boolean difference time = 1350303
Get error time = 1173
runtime = 211.398
Best ASE = n5134		CONST0	2	newError = 98	estError = 98
#literals = 13859
--------- round 71 ---------
#candidates = 55984
Build cut network time = 879493
seed = 3064209978
Get boolean difference time = 1602632
Get error time = 1132
runtime = 214.075
Best ASE = n5064		CONST1	5	newError = 125	estError = 125
#literals = 13855
--------- round 72 ---------
#candidates = 55969
Build cut network time = 823297
seed = 235764915
Get boolean difference time = 1619478
Get error time = 1445
runtime = 216.688
Best ASE = n3253		CONST1	21	newError = 138	estError = 151
#literals = 13851
--------- round 73 ---------
#candidates = 55954
Build cut network time = 880979
seed = 3445430154
Get boolean difference time = 1356816
Get error time = 1566
runtime = 219.096
Best ASE = n3254		CONST0	13	newError = 127	estError = 144
#literals = 13847
--------- round 74 ---------
#candidates = 55939
Build cut network time = 1011184
seed = 2182677704
Get boolean difference time = 1539873
Get error time = 1159
runtime = 221.846
Best ASE = n5054		CONST0	20	newError = 164	estError = 164
#literals = 13843
--------- round 75 ---------
#candidates = 55924
Build cut network time = 841857
seed = 3103239991
Get boolean difference time = 1670942
Get error time = 1665
runtime = 224.555
Best ASE = n1553		CONST0	23	newError = 151	estError = 174
#literals = 13839
--------- round 76 ---------
#candidates = 55908
Build cut network time = 851601
seed = 1317517892
Get boolean difference time = 1356214
Get error time = 1488
runtime = 226.933
Best ASE = n1703		CONST0	23	newError = 157	estError = 176
#literals = 13835
--------- round 77 ---------
#candidates = 55893
Build cut network time = 874683
seed = 1297888141
Get boolean difference time = 1471386
Get error time = 1275
runtime = 229.475
Best ASE = n3188		CONST1	27	newError = 159	estError = 178
#literals = 13831
--------- round 78 ---------
#candidates = 55877
Build cut network time = 773014
seed = 2296869472
Get boolean difference time = 1658358
Get error time = 1603
runtime = 232.102
Best ASE = n2946		CONST0	32	newError = 176	estError = 210
#literals = 13827
--------- round 79 ---------
#candidates = 55862
Build cut network time = 855453
seed = 1344318068
Get boolean difference time = 1344600
Get error time = 1535
runtime = 234.48
Best ASE = n1588		CONST0	25	newError = 175	estError = 198
#literals = 13823
--------- round 80 ---------
#candidates = 55847
Build cut network time = 840341
seed = 3082756028
Get boolean difference time = 1465613
Get error time = 1185
runtime = 236.981
Best ASE = n3224		CONST0	34	newError = 173	estError = 196
#literals = 13819
--------- round 81 ---------
#candidates = 55832
Build cut network time = 748342
seed = 2300822249
Get boolean difference time = 1654067
Get error time = 1462
runtime = 239.579
Best ASE = n3223		CONST0	0	newError = 166	estError = 166
#literals = 13815
--------- round 82 ---------
#candidates = 55816
Build cut network time = 754458
seed = 2200756704
Get boolean difference time = 1335796
Get error time = 1694
runtime = 241.839
Best ASE = n1565		CONST0	41	newError = 174	estError = 210
#literals = 13811
--------- round 83 ---------
#candidates = 55801
Build cut network time = 799412
seed = 3282986067
Get boolean difference time = 1514193
Get error time = 1260
runtime = 244.348
Best ASE = n3312		CONST1	50	newError = 195	estError = 238
#literals = 13807
--------- round 84 ---------
#candidates = 55785
Build cut network time = 836101
seed = 2617103655
Get boolean difference time = 1666031
Get error time = 1497
runtime = 247.048
Best ASE = n3329	--0-|0--0|	INTER	108	newError = 234	estError = 301
#literals = 13802
--------- round 85 ---------
#candidates = 55597
Build cut network time = 804158
seed = 3861748574
Get boolean difference time = 1348190
Get error time = 1614
runtime = 249.371
Best ASE = n1573		CONST1	45	newError = 252	estError = 286
#literals = 13798
--------- round 86 ---------
#candidates = 55581
Build cut network time = 785937
seed = 680849728
Get boolean difference time = 1518159
Get error time = 1289
runtime = 251.875
Best ASE = n3228		CONST0	49	newError = 258	estError = 297
#literals = 13794
--------- round 87 ---------
#candidates = 55565
Build cut network time = 919492
seed = 2931710583
Get boolean difference time = 1687851
Get error time = 1683
runtime = 254.679
Best ASE = n3314		CONST1	46	newError = 263	estError = 296
#literals = 13790
--------- round 88 ---------
#candidates = 55549
Build cut network time = 934121
seed = 3478594193
Get boolean difference time = 1384319
Get error time = 1564
runtime = 257.168
Best ASE = n1606		CONST0	63	newError = 268	estError = 326
#literals = 13786
--------- round 89 ---------
#candidates = 55534
Build cut network time = 877559
seed = 820384252
Get boolean difference time = 1434564
Get error time = 1250
runtime = 259.679
Best ASE = n1555		CONST0	16	newError = 276	estError = 292
#literals = 13782
--------- round 90 ---------
#candidates = 55518
Build cut network time = 747401
seed = 4232673114
Get boolean difference time = 1660086
Get error time = 1271
runtime = 262.298
Best ASE = n1578		CONST0	41	newError = 269	estError = 308
#literals = 13778
--------- round 91 ---------
#candidates = 55502
Build cut network time = 721808
seed = 1460146470
Get boolean difference time = 1424224
Get error time = 1746
runtime = 264.618
Best ASE = n3315		CONST0	56	newError = 322	estError = 375
#literals = 13774
--------- round 92 ---------
#candidates = 55487
Build cut network time = 801093
seed = 3261666830
Get boolean difference time = 1427024
Get error time = 1382
runtime = 267.044
Best ASE = n3317		CONST1	39	newError = 271	estError = 311
#literals = 13770
--------- round 93 ---------
#candidates = 55471
Build cut network time = 761792
seed = 1013636984
Get boolean difference time = 1689548
Get error time = 1242
runtime = 269.694
Best ASE = n2895	0-0-|---0|	INTER	142	newError = 303	estError = 434
#literals = 13765
--------- round 94 ---------
#candidates = 55283
Build cut network time = 775367
seed = 3229269210
Get boolean difference time = 1433944
Get error time = 1754
runtime = 272.082
Best ASE = n1604		CONST1	67	newError = 285	estError = 349
#literals = 13761
--------- round 95 ---------
#candidates = 55268
Build cut network time = 845187
seed = 1441154133
Get boolean difference time = 1388420
Get error time = 1205
runtime = 274.514
Best ASE = n1589		CONST0	58	newError = 280	estError = 336
#literals = 13757
--------- round 96 ---------
#candidates = 55253
Build cut network time = 804381
seed = 642567499
Get boolean difference time = 1702514
Get error time = 1226
runtime = 277.22
Best ASE = n102		CONST1	71	newError = 381	estError = 382
#literals = 13753
--------- round 97 ---------
#candidates = 55237
Build cut network time = 787572
seed = 2542360204
Get boolean difference time = 1514344
Get error time = 1575
runtime = 279.696
Best ASE = n3335		CONST0	67	newError = 388	estError = 426
#literals = 13749
--------- round 98 ---------
#candidates = 55222
Build cut network time = 841201
seed = 101989140
Get boolean difference time = 1375629
Get error time = 1184
runtime = 282.087
Best ASE = n2890	0---|-0--|0---|	INTER	177	newError = 416	estError = 586
#literals = 13744
--------- round 99 ---------
#candidates = 55033
Build cut network time = 835567
seed = 2775774634
Get boolean difference time = 1658296
Get error time = 1225
runtime = 284.782
Best ASE = n1581		CONST0	82	newError = 402	estError = 482
#literals = 13740
--------- round 100 ---------
#candidates = 55018
Build cut network time = 781210
seed = 836905691
Get boolean difference time = 1545480
Get error time = 1623
runtime = 287.279
Best ASE = n3348	0-0-|---0|	INTER	201	newError = 437	estError = 610
#literals = 13735
--------- round 101 ---------
#candidates = 54830
Build cut network time = 820075
seed = 2951507391
Get boolean difference time = 1331456
Get error time = 1271
runtime = 289.607
Best ASE = n87		CONST1	91	newError = 565	estError = 565
#literals = 13731
--------- round 102 ---------
#candidates = 54814
Build cut network time = 823830
seed = 3396710729
Get boolean difference time = 1621459
Get error time = 1305
runtime = 292.248
Best ASE = n2930		CONST0	90	newError = 558	estError = 642
#literals = 13727
--------- round 103 ---------
#candidates = 54799
Build cut network time = 732224
seed = 1368846445
Get boolean difference time = 1540644
Get error time = 1606
runtime = 294.691
Best ASE = n3186		CONST1	76	newError = 623	estError = 648
#literals = 13723
--------- round 104 ---------
#candidates = 54784
Build cut network time = 794073
seed = 2271449803
Get boolean difference time = 1336586
Get error time = 1221
runtime = 296.998
Best ASE = n2933		CONST1	96	newError = 620	estError = 711
#literals = 13719
--------- round 105 ---------
#candidates = 54769
Build cut network time = 796780
seed = 3036771437
Get boolean difference time = 1637428
Get error time = 1305
runtime = 299.627
Best ASE = n1521		CONST1	95	newError = 612	estError = 700
#literals = 13715
--------- round 106 ---------
#candidates = 54753
Build cut network time = 747333
seed = 2684481671
Get boolean difference time = 1534363
Get error time = 1609
runtime = 302.078
Best ASE = n2879	--0-|--0-|---0|	INTER	281	newError = 608	estError = 888
#literals = 13710
--------- round 107 ---------
#candidates = 54563
Build cut network time = 831332
seed = 1315795730
Get boolean difference time = 1328068
Get error time = 1303
runtime = 304.415
Best ASE = n3196		CONST0	136	newError = 632	estError = 774
#literals = 13706
--------- round 108 ---------
#candidates = 54548
Build cut network time = 766246
seed = 1122224641
Get boolean difference time = 1647782
Get error time = 1223
runtime = 307.023
Best ASE = n3193		CONST0	122	newError = 658	estError = 720
#literals = 13702
--------- round 109 ---------
#candidates = 54533
Build cut network time = 797229
seed = 2555532539
Get boolean difference time = 1545795
Get error time = 1521
runtime = 309.534
Best ASE = n3352	0-0-|-0-0|	INTER	128	newError = 668	estError = 763
#literals = 13698
--------- round 110 ---------
#candidates = 54353
Build cut network time = 836172
seed = 3663961061
Get boolean difference time = 1321021
Get error time = 1205
runtime = 311.869
Best ASE = n1609		CONST1	136	newError = 662	estError = 789
#literals = 13694
--------- round 111 ---------
#candidates = 54337
Build cut network time = 808747
seed = 403086105
Get boolean difference time = 1607853
Get error time = 1220
runtime = 314.48
estimated error exceeds error bound
Best ASE = n1976	0-0-|---0|	INTER	318	newError = 955	estError = 1011
#literals = 13689
--------- round 112 ---------
#candidates = 54149
Build cut network time = 738672
seed = 556425707
Get boolean difference time = 1547122
Get error time = 1632
runtime = 316.935
estimated error exceeds error bound
Best ASE = n2788		CONST1	1058	newError = 979	estError = 2019
#literals = 13681
--------- round 113 ---------
#candidates = 53953
Build cut network time = 781205
seed = 3008213189
Get boolean difference time = 1326805
Get error time = 1218
runtime = 319.22
estimated error exceeds error bound
Best ASE = n1535	--0-|--0-|---0|	INTER	410	newError = 1034	estError = 1431
final approximate circuit is: sin_back.blif
area = 11391
delay = 183.4
#literals = 13676
