fileName = voter
original #literals = 33977
--------- round 0 ---------
#candidates = 110028
Build cut network time = 25365223
seed = 2372674649
Get boolean difference time = 218168
Get error time = 4787
runtime = 25.9809
Best ASE = n6192		CONST0	0	newError = 0	estError = 0
#literals = 33969
--------- round 1 ---------
#candidates = 109832
Build cut network time = 22298683
seed = 1514293458
Get boolean difference time = 218853
Get error time = 3244
runtime = 48.8831
Best ASE = n6219		CONST1	0	newError = 0	estError = 0
#literals = 33961
--------- round 2 ---------
#candidates = 109636
Build cut network time = 22131753
seed = 419709040
Get boolean difference time = 154662
Get error time = 3242
runtime = 71.5256
Best ASE = n14985		CONST0	0	newError = 0	estError = 0
#literals = 33953
--------- round 3 ---------
#candidates = 109440
Build cut network time = 22442550
seed = 3530434806
Get boolean difference time = 153304
Get error time = 2643
runtime = 94.4672
Best ASE = n6161		CONST0	-1	newError = 0	estError = 0
#literals = 33949
--------- round 4 ---------
#candidates = 109425
Build cut network time = 21463963
seed = 3092515982
Get boolean difference time = 143951
Get error time = 2505
runtime = 116.414
Best ASE = n14858		CONST1	-1	newError = 1	estError = 0
#literals = 33945
--------- round 5 ---------
#candidates = 109410
Build cut network time = 22302675
seed = 3099853381
Get boolean difference time = 150665
Get error time = 3154
runtime = 139.218
Best ASE = n6212		CONST0	0	newError = 0	estError = 0
#literals = 33937
--------- round 6 ---------
#candidates = 109214
Build cut network time = 21649079
seed = 1444757087
Get boolean difference time = 198592
Get error time = 3605
runtime = 161.441
Best ASE = n14991		CONST1	0	newError = 0	estError = 0
#literals = 33929
--------- round 7 ---------
#candidates = 109018
Build cut network time = 21377478
seed = 3461207961
Get boolean difference time = 146409
Get error time = 3158
runtime = 183.309
Best ASE = n9242	0-0-|-0--|	INTER	0	newError = 0	estError = 0
#literals = 33924
--------- round 8 ---------
#candidates = 108830
Build cut network time = 20541161
seed = 2859706998
Get boolean difference time = 136648
Get error time = 2524
runtime = 204.321
Best ASE = n10545	0-0-|-0--|	INTER	0	newError = 0	estError = 0
#literals = 33919
--------- round 9 ---------
#candidates = 108642
Build cut network time = 21053294
seed = 3946804064
Get boolean difference time = 136412
Get error time = 2423
runtime = 225.852
Best ASE = n8776		CONST0	0	newError = 0	estError = 0
#literals = 33915
--------- round 10 ---------
#candidates = 108627
Build cut network time = 20990747
seed = 1439231939
Get boolean difference time = 154748
Get error time = 2601
runtime = 247.351
Best ASE = n8432		CONST1	0	newError = 0	estError = 0
#literals = 33911
--------- round 11 ---------
#candidates = 108611
Build cut network time = 21321174
seed = 2753282566
Get boolean difference time = 144366
Get error time = 2536
runtime = 269.167
Best ASE = n8798	0-0-|-00-|	INTER	0	newError = 1	estError = 1
#literals = 33907
--------- round 12 ---------
#candidates = 108430
Build cut network time = 20865794
seed = 3191786364
Get boolean difference time = 139585
Get error time = 2650
runtime = 290.516
Best ASE = n9211		CONST0	0	newError = 0	estError = 0
#literals = 33903
--------- round 13 ---------
#candidates = 108415
Build cut network time = 21034968
seed = 1762760114
Get boolean difference time = 150532
Get error time = 3715
runtime = 312.049
Best ASE = n9078		CONST1	0	newError = 2	estError = 2
#literals = 33899
--------- round 14 ---------
#candidates = 108399
Build cut network time = 20400828
seed = 1263071188
Get boolean difference time = 134101
Get error time = 2509
runtime = 332.917
Best ASE = n14987		CONST0	-1	newError = 2	estError = 1
#literals = 33895
--------- round 15 ---------
#candidates = 108384
Build cut network time = 19166948
seed = 2933385803
Get boolean difference time = 138432
Get error time = 3053
runtime = 352.562
Best ASE = n15074		CONST1	-2	newError = 2	estError = 2
#literals = 33891
--------- round 16 ---------
#candidates = 108369
Build cut network time = 18967356
seed = 3013876679
Get boolean difference time = 133669
Get error time = 2366
runtime = 371.993
Best ASE = n9232	-0--|	INTER	-1	newError = 2	estError = 1
#literals = 33888
--------- round 17 ---------
#candidates = 108355
Build cut network time = 20062816
seed = 3210035686
Get boolean difference time = 177587
Get error time = 2801
runtime = 392.597
Best ASE = n8430	-00-|-0-0|	INTER	0	newError = 2	estError = 2
#literals = 33884
--------- round 18 ---------
#candidates = 108174
Build cut network time = 20019380
seed = 1548587483
Get boolean difference time = 157008
Get error time = 3263
runtime = 413.127
Best ASE = n9183	0-0-|0--0|	INTER	0	newError = 1	estError = 1
#literals = 33880
--------- round 19 ---------
#candidates = 107993
Build cut network time = 19937708
seed = 1096400109
Get boolean difference time = 143592
Get error time = 2711
runtime = 433.554
Best ASE = n9214		CONST1	0	newError = 0	estError = 0
#literals = 33876
--------- round 20 ---------
#candidates = 107978
Build cut network time = 19213349
seed = 3196103145
Get boolean difference time = 161599
Get error time = 3366
runtime = 453.278
Best ASE = n7303		CONST1	0	newError = 3	estError = 3
#literals = 33872
--------- round 21 ---------
#candidates = 107963
Build cut network time = 19721298
seed = 1460326575
Get boolean difference time = 141504
Get error time = 2685
runtime = 473.482
Best ASE = n9317		CONST0	0	newError = 1	estError = 1
#literals = 33868
--------- round 22 ---------
#candidates = 107948
Build cut network time = 19027487
seed = 1771196743
Get boolean difference time = 136749
Get error time = 2245
runtime = 492.981
Best ASE = n7569		CONST1	0	newError = 3	estError = 3
#literals = 33864
--------- round 23 ---------
#candidates = 107932
Build cut network time = 19655000
seed = 3920835497
Get boolean difference time = 144794
Get error time = 2438
runtime = 513.133
Best ASE = n7936		CONST0	0	newError = 2	estError = 2
#literals = 33860
--------- round 24 ---------
#candidates = 107916
Build cut network time = 19689191
seed = 2313552572
Get boolean difference time = 166960
Get error time = 2527
runtime = 533.364
Best ASE = n9876	0--0|-0-0|	INTER	0	newError = 3	estError = 3
#literals = 33856
--------- round 25 ---------
#candidates = 107735
Build cut network time = 20790588
seed = 1862694336
Get boolean difference time = 205327
Get error time = 3716
runtime = 554.751
Best ASE = n12295	0-0-|-0-0|	INTER	0	newError = 4	estError = 4
#literals = 33852
--------- round 26 ---------
#candidates = 107555
Build cut network time = 20558990
seed = 3626266408
Get boolean difference time = 138676
Get error time = 2773
runtime = 575.786
Best ASE = n10211		CONST0	0	newError = 3	estError = 3
#literals = 33848
--------- round 27 ---------
#candidates = 107540
Build cut network time = 20306685
seed = 287149156
Get boolean difference time = 142958
Get error time = 2370
runtime = 596.6
Best ASE = n13202		CONST0	0	newError = 9	estError = 9
#literals = 33844
--------- round 28 ---------
#candidates = 107525
Build cut network time = 20119241
seed = 3306558418
Get boolean difference time = 143160
Get error time = 2796
runtime = 617.213
Best ASE = n11992		CONST0	0	newError = 4	estError = 4
#literals = 33840
--------- round 29 ---------
#candidates = 107510
Build cut network time = 20105339
seed = 828062095
Get boolean difference time = 130767
Get error time = 2136
runtime = 637.779
Best ASE = n11979		CONST1	0	newError = 3	estError = 3
#literals = 33836
--------- round 30 ---------
#candidates = 107494
Build cut network time = 19252708
seed = 985426057
Get boolean difference time = 140917
Get error time = 3030
runtime = 657.513
Best ASE = n14890		CONST1	-1	newError = 2	estError = 2
#literals = 33832
--------- round 31 ---------
#candidates = 107478
Build cut network time = 19639239
seed = 2046534490
Get boolean difference time = 139945
Get error time = 2535
runtime = 677.635
Best ASE = n11947		CONST0	0	newError = 2	estError = 2
#literals = 33828
--------- round 32 ---------
#candidates = 107463
Build cut network time = 20211488
seed = 763477292
Get boolean difference time = 180242
Get error time = 3021
runtime = 698.39
Best ASE = n11953		CONST0	0	newError = 2	estError = 2
#literals = 33824
--------- round 33 ---------
#candidates = 107448
Build cut network time = 20068148
seed = 961560008
Get boolean difference time = 137215
Get error time = 2464
runtime = 718.93
Best ASE = n11969		CONST1	0	newError = 4	estError = 4
#literals = 33820
--------- round 34 ---------
#candidates = 107432
Build cut network time = 20417228
seed = 4057095476
Get boolean difference time = 199650
Get error time = 3784
runtime = 739.928
Best ASE = n14820		CONST0	0	newError = 5	estError = 5
#literals = 33816
--------- round 35 ---------
#candidates = 107416
Build cut network time = 20317829
seed = 2123794498
Get boolean difference time = 163590
Get error time = 3025
runtime = 760.79
Best ASE = n14866		CONST0	0	newError = 1	estError = 1
#literals = 33812
--------- round 36 ---------
#candidates = 107401
Build cut network time = 19927358
seed = 3110960921
Get boolean difference time = 152648
Get error time = 2586
runtime = 781.225
Best ASE = n14817		CONST0	0	newError = 6	estError = 6
#literals = 33808
--------- round 37 ---------
#candidates = 107386
Build cut network time = 20140518
seed = 2042844203
Get boolean difference time = 208505
Get error time = 3859
runtime = 801.964
Best ASE = n14854		CONST0	0	newError = 4	estError = 4
#literals = 33804
--------- round 38 ---------
#candidates = 107371
Build cut network time = 21284663
seed = 3588566108
Get boolean difference time = 276130
Get error time = 4694
runtime = 823.911
Best ASE = n11973		CONST0	0	newError = 3	estError = 3
#literals = 33800
--------- round 39 ---------
#candidates = 107356
Build cut network time = 20064158
seed = 894528636
Get boolean difference time = 199369
Get error time = 3444
runtime = 844.544
Best ASE = n11965		CONST0	0	newError = 8	estError = 8
#literals = 33796
--------- round 40 ---------
#candidates = 107341
Build cut network time = 20606500
seed = 2234673217
Get boolean difference time = 202512
Get error time = 3498
runtime = 865.739
Best ASE = n11967		CONST1	0	newError = 7	estError = 7
#literals = 33792
--------- round 41 ---------
#candidates = 107325
Build cut network time = 21179882
seed = 2257418494
Get boolean difference time = 153406
Get error time = 2406
runtime = 887.435
Best ASE = n11971		CONST1	0	newError = 5	estError = 5
#literals = 33788
--------- round 42 ---------
#candidates = 107310
Build cut network time = 20871098
seed = 348656714
Get boolean difference time = 176960
Get error time = 3555
runtime = 908.844
Best ASE = n14859		CONST0	0	newError = 6	estError = 6
#literals = 33784
--------- round 43 ---------
#candidates = 107294
Build cut network time = 20186783
seed = 2163972217
Get boolean difference time = 197849
Get error time = 3340
runtime = 929.602
Best ASE = n9845		CONST1	0	newError = 3	estError = 3
#literals = 33780
--------- round 44 ---------
#candidates = 107278
Build cut network time = 20477392
seed = 2101897006
Get boolean difference time = 191249
Get error time = 2984
runtime = 950.641
Best ASE = n14795		CONST0	0	newError = 3	estError = 3
#literals = 33776
--------- round 45 ---------
#candidates = 107263
Build cut network time = 20255814
seed = 345703945
Get boolean difference time = 156886
Get error time = 2850
runtime = 971.421
Best ASE = n14860		CONST0	0	newError = 8	estError = 8
#literals = 33772
--------- round 46 ---------
#candidates = 107247
Build cut network time = 20382887
seed = 2133740621
Get boolean difference time = 169280
Get error time = 3303
runtime = 992.347
Best ASE = n14955		CONST1	-1	newError = 13	estError = 12
#literals = 33768
--------- round 47 ---------
#candidates = 107231
Build cut network time = 20682854
seed = 2533752916
Get boolean difference time = 201433
Get error time = 3630
runtime = 1013.62
Best ASE = n14847		CONST0	0	newError = 10	estError = 10
#literals = 33764
--------- round 48 ---------
#candidates = 107215
Build cut network time = 20439118
seed = 107437225
Get boolean difference time = 161876
Get error time = 2772
runtime = 1034.58
Best ASE = n14825		CONST1	0	newError = 9	estError = 9
#literals = 33760
--------- round 49 ---------
#candidates = 107199
Build cut network time = 20956450
seed = 3322270421
Get boolean difference time = 161207
Get error time = 2951
runtime = 1056.06
Best ASE = n14887		CONST0	0	newError = 6	estError = 6
#literals = 33756
--------- round 50 ---------
#candidates = 107184
Build cut network time = 21299720
seed = 2477065951
Get boolean difference time = 157942
Get error time = 3074
runtime = 1077.88
Best ASE = n14827		CONST0	-1	newError = 6	estError = 7
#literals = 33752
--------- round 51 ---------
#candidates = 107169
Build cut network time = 21321325
seed = 1330596020
Get boolean difference time = 202343
Get error time = 3897
runtime = 1099.79
Best ASE = n14839		CONST0	0	newError = 13	estError = 13
#literals = 33748
--------- round 52 ---------
#candidates = 107153
Build cut network time = 20648085
seed = 706179383
Get boolean difference time = 168663
Get error time = 2735
runtime = 1120.97
Best ASE = n4739	0-0-|-0-0|	INTER	0	newError = 7	estError = 7
#literals = 33744
--------- round 53 ---------
#candidates = 106973
Build cut network time = 20297110
seed = 2003287579
Get boolean difference time = 160756
Get error time = 2835
runtime = 1141.79
Best ASE = n3937	0-0-|-0-0|	INTER	0	newError = 8	estError = 8
#literals = 33740
--------- round 54 ---------
#candidates = 106793
Build cut network time = 20752599
seed = 225631351
Get boolean difference time = 192617
Get error time = 2903
runtime = 1163.13
Best ASE = n14787		CONST1	0	newError = 10	estError = 10
#literals = 33736
--------- round 55 ---------
#candidates = 106777
Build cut network time = 20652977
seed = 2984560314
Get boolean difference time = 160215
Get error time = 3059
runtime = 1184.3
Best ASE = n5923	-00-|0--0|	INTER	0	newError = 12	estError = 12
#literals = 33732
--------- round 56 ---------
#candidates = 106597
Build cut network time = 20493706
seed = 1334995454
Get boolean difference time = 149814
Get error time = 2932
runtime = 1205.3
Best ASE = n2084	0-0-|-0-0|	INTER	0	newError = 8	estError = 8
#literals = 33728
--------- round 57 ---------
#candidates = 106417
Build cut network time = 20092619
seed = 1994228039
Get boolean difference time = 162985
Get error time = 3053
runtime = 1225.93
Best ASE = n8474	-00-|---0|	INTER	2	newError = 6	estError = 9
#literals = 33723
--------- round 58 ---------
#candidates = 106229
Build cut network time = 20290958
seed = 3688045722
Get boolean difference time = 153983
Get error time = 3075
runtime = 1246.76
Best ASE = n1436	0-0-|-0-0|	INTER	0	newError = 10	estError = 10
#literals = 33719
--------- round 59 ---------
#candidates = 106049
Build cut network time = 20133036
seed = 361185742
Get boolean difference time = 187005
Get error time = 3416
runtime = 1267.47
Best ASE = n12061		CONST1	0	newError = 15	estError = 15
#literals = 33715
--------- round 60 ---------
#candidates = 106033
Build cut network time = 20310589
seed = 4280785486
Get boolean difference time = 203432
Get error time = 3565
runtime = 1288.36
Best ASE = n1291	0-0-|-0-0|	INTER	0	newError = 11	estError = 11
#literals = 33711
--------- round 61 ---------
#candidates = 105853
Build cut network time = 20106416
seed = 3534158011
Get boolean difference time = 191793
Get error time = 3419
runtime = 1309.04
Best ASE = n14807		CONST1	0	newError = 10	estError = 10
#literals = 33707
--------- round 62 ---------
#candidates = 105837
Build cut network time = 20350138
seed = 528605423
Get boolean difference time = 140517
Get error time = 2354
runtime = 1329.92
Best ASE = n1578		CONST1	0	newError = 15	estError = 15
#literals = 33703
--------- round 63 ---------
#candidates = 105821
Build cut network time = 20031051
seed = 1074104496
Get boolean difference time = 142843
Get error time = 2779
runtime = 1350.44
Best ASE = n2167	0-0-|0--0|	INTER	0	newError = 17	estError = 17
#literals = 33699
--------- round 64 ---------
#candidates = 105640
Build cut network time = 20391711
seed = 4099034947
Get boolean difference time = 176472
Get error time = 3466
runtime = 1371.37
Best ASE = n6054		CONST0	0	newError = 13	estError = 13
#literals = 33695
--------- round 65 ---------
#candidates = 105624
Build cut network time = 20101980
seed = 245056291
Get boolean difference time = 150157
Get error time = 3145
runtime = 1391.98
Best ASE = n14797		CONST1	0	newError = 13	estError = 15
#literals = 33691
--------- round 66 ---------
#candidates = 105609
Build cut network time = 20193192
seed = 1868545732
Get boolean difference time = 146240
Get error time = 2955
runtime = 1412.68
Best ASE = n14788		CONST0	0	newError = 15	estError = 15
#literals = 33687
--------- round 67 ---------
#candidates = 105594
Build cut network time = 20943984
seed = 647408336
Get boolean difference time = 150527
Get error time = 2983
runtime = 1434.14
Best ASE = n14793		CONST0	0	newError = 18	estError = 18
#literals = 33683
--------- round 68 ---------
#candidates = 105579
Build cut network time = 20292940
seed = 1368619665
Get boolean difference time = 168303
Get error time = 3279
runtime = 1454.97
Best ASE = n14811		CONST0	0	newError = 23	estError = 23
#literals = 33679
--------- round 69 ---------
#candidates = 105563
Build cut network time = 20064862
seed = 297790382
Get boolean difference time = 146643
Get error time = 2413
runtime = 1475.54
Best ASE = n14805		CONST0	0	newError = 19	estError = 19
#literals = 33675
--------- round 70 ---------
#candidates = 105547
Build cut network time = 20277677
seed = 367296546
Get boolean difference time = 182567
Get error time = 3405
runtime = 1496.37
Best ASE = n6055		CONST1	0	newError = 20	estError = 20
#literals = 33671
--------- round 71 ---------
#candidates = 105531
Build cut network time = 20098282
seed = 809765085
Get boolean difference time = 159084
Get error time = 3036
runtime = 1517
Best ASE = n3533		CONST0	0	newError = 15	estError = 15
#literals = 33667
--------- round 72 ---------
#candidates = 105516
Build cut network time = 20064400
seed = 2416698352
Get boolean difference time = 146207
Get error time = 2419
runtime = 1537.57
Best ASE = n6056		CONST0	0	newError = 19	estError = 19
#literals = 33663
--------- round 73 ---------
#candidates = 105501
Build cut network time = 20592165
seed = 3025090109
Get boolean difference time = 150441
Get error time = 3088
runtime = 1558.68
Best ASE = n3523		CONST0	0	newError = 20	estError = 20
#literals = 33659
--------- round 74 ---------
#candidates = 105486
Build cut network time = 19955085
seed = 2006268909
Get boolean difference time = 157968
Get error time = 2848
runtime = 1579.15
Best ASE = n6057		CONST0	0	newError = 12	estError = 12
#literals = 33655
--------- round 75 ---------
#candidates = 105471
Build cut network time = 20409386
seed = 4129368092
Get boolean difference time = 154053
Get error time = 2937
runtime = 1600.08
Best ASE = n14836		CONST1	0	newError = 17	estError = 17
#literals = 33651
--------- round 76 ---------
#candidates = 105456
Build cut network time = 20161885
seed = 3293515525
Get boolean difference time = 237617
Get error time = 3364
runtime = 1620.86
Best ASE = n6190		CONST0	0	newError = 25	estError = 25
#literals = 33647
--------- round 77 ---------
#candidates = 105441
Build cut network time = 19769207
seed = 247408126
Get boolean difference time = 160535
Get error time = 2814
runtime = 1641.15
Best ASE = n10681		CONST0	-1	newError = 30	estError = 26
#literals = 33643
--------- round 78 ---------
#candidates = 105425
Build cut network time = 20520474
seed = 2373361236
Get boolean difference time = 138136
Get error time = 2500
runtime = 1662.18
Best ASE = n10673		CONST0	0	newError = 17	estError = 17
#literals = 33639
--------- round 79 ---------
#candidates = 105409
Build cut network time = 20369565
seed = 1968374887
Get boolean difference time = 150897
Get error time = 2810
runtime = 1683.06
Best ASE = n10672		CONST0	0	newError = 30	estError = 30
#literals = 33635
--------- round 80 ---------
#candidates = 105394
Build cut network time = 19670979
seed = 2962106861
Get boolean difference time = 186806
Get error time = 3199
runtime = 1703.3
Best ASE = n6194		CONST0	0	newError = 15	estError = 15
#literals = 33631
--------- round 81 ---------
#candidates = 105379
Build cut network time = 20259752
seed = 3179412204
Get boolean difference time = 152180
Get error time = 3077
runtime = 1724.07
Best ASE = n6188		CONST0	0	newError = 32	estError = 32
#literals = 33627
--------- round 82 ---------
#candidates = 105363
Build cut network time = 19976526
seed = 3654548664
Get boolean difference time = 210766
Get error time = 4073
runtime = 1744.64
Best ASE = n6186		CONST0	0	newError = 21	estError = 21
#literals = 33623
--------- round 83 ---------
#candidates = 105347
Build cut network time = 20817860
seed = 3500133381
Get boolean difference time = 155129
Get error time = 2560
runtime = 1765.97
Best ASE = n6181		CONST0	0	newError = 28	estError = 28
#literals = 33619
--------- round 84 ---------
#candidates = 105332
Build cut network time = 19968717
seed = 4029790728
Get boolean difference time = 142101
Get error time = 2763
runtime = 1786.43
Best ASE = n6149		CONST0	0	newError = 33	estError = 33
#literals = 33615
--------- round 85 ---------
#candidates = 105317
Build cut network time = 19698005
seed = 3955582810
Get boolean difference time = 143517
Get error time = 2283
runtime = 1806.62
Best ASE = n3526		CONST0	0	newError = 21	estError = 21
#literals = 33611
--------- round 86 ---------
#candidates = 105302
Build cut network time = 18289536
seed = 316459754
Get boolean difference time = 142287
Get error time = 2985
runtime = 1825.38
Best ASE = n6156		CONST0	0	newError = 21	estError = 21
#literals = 33607
--------- round 87 ---------
#candidates = 105287
Build cut network time = 18570666
seed = 3178656575
Get boolean difference time = 153696
Get error time = 3611
runtime = 1844.45
Best ASE = n6220		CONST0	0	newError = 21	estError = 21
#literals = 33603
--------- round 88 ---------
#candidates = 105271
Build cut network time = 18059510
seed = 400078946
Get boolean difference time = 245481
Get error time = 3681
runtime = 1863.12
Best ASE = n6059		CONST1	0	newError = 27	estError = 27
#literals = 33599
--------- round 89 ---------
#candidates = 105256
Build cut network time = 18840852
seed = 3064232552
Get boolean difference time = 147790
Get error time = 2152
runtime = 1882.49
Best ASE = n6197		CONST0	0	newError = 27	estError = 27
#literals = 33595
--------- round 90 ---------
#candidates = 105240
Build cut network time = 18509293
seed = 907743919
Get boolean difference time = 148315
Get error time = 3100
runtime = 1901.48
Best ASE = n6167		CONST1	0	newError = 23	estError = 23
#literals = 33591
--------- round 91 ---------
#candidates = 105225
Build cut network time = 18654066
seed = 1891150324
Get boolean difference time = 154938
Get error time = 2928
runtime = 1920.65
Best ASE = n14983		CONST0	0	newError = 22	estError = 22
#literals = 33587
--------- round 92 ---------
#candidates = 105210
Build cut network time = 18186151
seed = 453878113
Get boolean difference time = 155572
Get error time = 2408
runtime = 1939.36
Best ASE = n14970		CONST0	0	newError = 32	estError = 32
#literals = 33583
--------- round 93 ---------
#candidates = 105195
Build cut network time = 18640410
seed = 2546977072
Get boolean difference time = 160429
Get error time = 2400
runtime = 1958.52
Best ASE = n14967		CONST1	0	newError = 26	estError = 26
#literals = 33579
--------- round 94 ---------
#candidates = 105179
Build cut network time = 18382304
seed = 1878135375
Get boolean difference time = 137497
Get error time = 2631
runtime = 1977.38
Best ASE = n14979		CONST0	-1	newError = 38	estError = 38
#literals = 33575
--------- round 95 ---------
#candidates = 105163
Build cut network time = 18943081
seed = 558548655
Get boolean difference time = 149039
Get error time = 2939
runtime = 1996.84
Best ASE = n2244		CONST0	0	newError = 19	estError = 19
#literals = 33571
--------- round 96 ---------
#candidates = 105148
Build cut network time = 18499528
seed = 1871451093
Get boolean difference time = 171806
Get error time = 3087
runtime = 2015.87
Best ASE = n3515		CONST1	0	newError = 29	estError = 29
#literals = 33567
--------- round 97 ---------
#candidates = 105133
Build cut network time = 19154057
seed = 3567144681
Get boolean difference time = 145963
Get error time = 2916
runtime = 2035.52
Best ASE = n3519		CONST1	0	newError = 32	estError = 32
#literals = 33563
--------- round 98 ---------
#candidates = 105118
Build cut network time = 18433855
seed = 394284705
Get boolean difference time = 148041
Get error time = 2687
runtime = 2054.46
Best ASE = n14986		CONST0	0	newError = 29	estError = 29
#literals = 33559
--------- round 99 ---------
#candidates = 105102
Build cut network time = 18468962
seed = 1160384153
Get boolean difference time = 160794
Get error time = 2248
runtime = 2073.46
Best ASE = n14956		CONST0	0	newError = 33	estError = 33
#literals = 33555
--------- round 100 ---------
#candidates = 105087
Build cut network time = 18788494
seed = 2254170374
Get boolean difference time = 149387
Get error time = 2318
runtime = 2092.75
Best ASE = n6201		CONST1	0	newError = 32	estError = 32
#literals = 33551
--------- round 101 ---------
#candidates = 105071
Build cut network time = 19537410
seed = 530021612
Get boolean difference time = 137933
Get error time = 2689
runtime = 2112.77
Best ASE = n6203		CONST1	0	newError = 24	estError = 24
#literals = 33547
--------- round 102 ---------
#candidates = 105056
Build cut network time = 18831387
seed = 3977177184
Get boolean difference time = 155650
Get error time = 2211
runtime = 2132.12
Best ASE = n3548		CONST1	0	newError = 23	estError = 23
#literals = 33543
--------- round 103 ---------
#candidates = 105041
Build cut network time = 18689623
seed = 3507986971
Get boolean difference time = 152298
Get error time = 2323
runtime = 2151.31
Best ASE = n3565		CONST0	0	newError = 33	estError = 33
#literals = 33539
--------- round 104 ---------
#candidates = 105026
Build cut network time = 18700676
seed = 371729035
Get boolean difference time = 251665
Get error time = 3504
runtime = 2170.63
Best ASE = n6228		CONST0	0	newError = 31	estError = 31
#literals = 33535
--------- round 105 ---------
#candidates = 105011
Build cut network time = 18976783
seed = 4130333373
Get boolean difference time = 148094
Get error time = 2889
runtime = 2190.11
Best ASE = n6211		CONST0	0	newError = 37	estError = 37
#literals = 33531
--------- round 106 ---------
#candidates = 104995
Build cut network time = 18161218
seed = 3512663989
Get boolean difference time = 164010
Get error time = 3259
runtime = 2208.79
Best ASE = n6230		CONST0	0	newError = 29	estError = 29
#literals = 33527
--------- round 107 ---------
#candidates = 104979
Build cut network time = 18581431
seed = 1983783058
Get boolean difference time = 145977
Get error time = 2381
runtime = 2227.87
Best ASE = n6224		CONST0	0	newError = 28	estError = 28
#literals = 33523
--------- round 108 ---------
#candidates = 104963
Build cut network time = 19108242
seed = 2259587117
Get boolean difference time = 141203
Get error time = 2804
runtime = 2247.47
Best ASE = n6246		CONST0	0	newError = 27	estError = 27
#literals = 33519
--------- round 109 ---------
#candidates = 104947
Build cut network time = 18686373
seed = 1716448842
Get boolean difference time = 149507
Get error time = 2534
runtime = 2266.65
Best ASE = n6217		CONST0	0	newError = 22	estError = 22
#literals = 33515
--------- round 110 ---------
#candidates = 104932
Build cut network time = 17893763
seed = 240131298
Get boolean difference time = 145834
Get error time = 2327
runtime = 2285.05
Best ASE = n15077		CONST1	0	newError = 28	estError = 28
#literals = 33511
--------- round 111 ---------
#candidates = 104917
Build cut network time = 18413996
seed = 2533424150
Get boolean difference time = 138797
Get error time = 2308
runtime = 2303.95
Best ASE = n15086		CONST0	0	newError = 26	estError = 26
#literals = 33507
--------- round 112 ---------
#candidates = 104902
Build cut network time = 18570177
seed = 121484490
Get boolean difference time = 152355
Get error time = 2862
runtime = 2323.03
Best ASE = n12000		CONST1	4	newError = 30	estError = 34
#literals = 33503
--------- round 113 ---------
#candidates = 104887
Build cut network time = 17934769
seed = 11889192
Get boolean difference time = 154453
Get error time = 2952
runtime = 2341.47
Best ASE = n12001		CONST0	0	newError = 28	estError = 28
#literals = 33499
--------- round 114 ---------
#candidates = 104872
Build cut network time = 18704503
seed = 4269272939
Get boolean difference time = 150901
Get error time = 2574
runtime = 2360.69
Best ASE = n11981		CONST0	0	newError = 44	estError = 44
#literals = 33495
--------- round 115 ---------
#candidates = 104857
Build cut network time = 18904983
seed = 4172031805
Get boolean difference time = 155148
Get error time = 3197
runtime = 2380.1
Best ASE = n6060		CONST0	9	newError = 44	estError = 45
#literals = 33491
--------- round 116 ---------
#candidates = 104841
Build cut network time = 18609505
seed = 2527985632
Get boolean difference time = 140966
Get error time = 2874
runtime = 2399.22
Best ASE = n9240		CONST1	-1	newError = 31	estError = 30
#literals = 33488
--------- round 117 ---------
#candidates = 104833
Build cut network time = 18889826
seed = 1058291191
Get boolean difference time = 145840
Get error time = 2599
runtime = 2418.59
Best ASE = n10939	--0-|0--0|	INTER	11	newError = 26	estError = 36
#literals = 33483
--------- round 118 ---------
#candidates = 104645
Build cut network time = 18349547
seed = 113723983
Get boolean difference time = 153107
Get error time = 2595
runtime = 2437.45
Best ASE = n9199		CONST0	12	newError = 38	estError = 48
#literals = 33479
--------- round 119 ---------
#candidates = 104629
Build cut network time = 18203356
seed = 2080489092
Get boolean difference time = 129194
Get error time = 2362
runtime = 2456.13
Best ASE = n3543	0-0-|---0|	INTER	28	newError = 72	estError = 85
#literals = 33474
--------- round 120 ---------
#candidates = 104441
Build cut network time = 18197479
seed = 3691401434
Get boolean difference time = 144305
Get error time = 2295
runtime = 2474.83
Best ASE = n10501		CONST0	11	newError = 75	estError = 83
#literals = 33470
--------- round 121 ---------
#candidates = 104426
Build cut network time = 17890930
seed = 329571529
Get boolean difference time = 141888
Get error time = 3774
runtime = 2493.21
Best ASE = n5882		CONST1	16	newError = 63	estError = 76
#literals = 33466
--------- round 122 ---------
#candidates = 104410
Build cut network time = 18596885
seed = 2502444821
Get boolean difference time = 141573
Get error time = 2258
runtime = 2512.3
Best ASE = n13815		CONST1	15	newError = 68	estError = 77
#literals = 33462
--------- round 123 ---------
#candidates = 104394
Build cut network time = 18151521
seed = 1553980352
Get boolean difference time = 132353
Get error time = 2475
runtime = 2530.92
Best ASE = n6042		CONST1	11	newError = 53	estError = 57
#literals = 33458
--------- round 124 ---------
#candidates = 104379
Build cut network time = 18157390
seed = 2607128816
Get boolean difference time = 156609
Get error time = 2735
runtime = 2549.6
Best ASE = n1445	0-0-|---0|	INTER	31	newError = 108	estError = 133
#literals = 33453
--------- round 125 ---------
#candidates = 104191
Build cut network time = 17909120
seed = 4035489566
Get boolean difference time = 186422
Get error time = 3415
runtime = 2568.06
Best ASE = n7307	0-0-|---0|	INTER	36	newError = 122	estError = 135
#literals = 33448
--------- round 126 ---------
#candidates = 104003
Build cut network time = 18754391
seed = 831356941
Get boolean difference time = 152726
Get error time = 2254
runtime = 2587.33
Best ASE = n2790		CONST1	14	newError = 122	estError = 135
#literals = 33444
--------- round 127 ---------
#candidates = 103987
Build cut network time = 17965044
seed = 1318107198
Get boolean difference time = 162816
Get error time = 2986
runtime = 2605.81
Best ASE = n7312		CONST1	9	newError = 119	estError = 139
#literals = 33440
--------- round 128 ---------
#candidates = 103971
Build cut network time = 18435987
seed = 1757443833
Get boolean difference time = 134960
Get error time = 2593
runtime = 2624.72
Best ASE = n7305		CONST1	0	newError = 132	estError = 132
#literals = 33436
--------- round 129 ---------
#candidates = 103956
Build cut network time = 18180123
seed = 702825100
Get boolean difference time = 145595
Get error time = 2619
runtime = 2643.38
Best ASE = n14830		CONST1	9	newError = 135	estError = 138
#literals = 33432
--------- round 130 ---------
#candidates = 103940
Build cut network time = 18009997
seed = 3873946438
Get boolean difference time = 133132
Get error time = 2321
runtime = 2661.87
Best ASE = n1478		CONST1	150	newError = 213	estError = 289
#literals = 33424
--------- round 131 ---------
#candidates = 103744
Build cut network time = 18019578
seed = 2318639020
Get boolean difference time = 138672
Get error time = 2395
runtime = 2680.38
Best ASE = n13647	--0-|--0-|---0|	INTER	58	newError = 223	estError = 280
#literals = 33419
--------- round 132 ---------
#candidates = 103554
Build cut network time = 18407270
seed = 2401522683
Get boolean difference time = 173122
Get error time = 2643
runtime = 2699.35
Best ASE = n10641	-0--|0--0|	INTER	50	newError = 207	estError = 236
#literals = 33414
--------- round 133 ---------
#candidates = 103366
Build cut network time = 18250137
seed = 1866886690
Get boolean difference time = 145789
Get error time = 2563
runtime = 2718.1
Best ASE = n1224		CONST1	18	newError = 216	estError = 227
#literals = 33410
--------- round 134 ---------
#candidates = 103351
Build cut network time = 18500766
seed = 2363597181
Get boolean difference time = 154770
Get error time = 2268
runtime = 2737.11
Best ASE = n6023	0---|-00-|	INTER	59	newError = 252	estError = 291
#literals = 33405
--------- round 135 ---------
#candidates = 103163
Build cut network time = 18240790
seed = 230976878
Get boolean difference time = 137608
Get error time = 2691
runtime = 2755.84
Best ASE = n13646	--0-|--0-|---0|	INTER	75	newError = 266	estError = 339
#literals = 33400
--------- round 136 ---------
#candidates = 102973
Build cut network time = 18746843
seed = 829260358
Get boolean difference time = 144043
Get error time = 2469
runtime = 2775.07
Best ASE = n6498		CONST1	17	newError = 254	estError = 270
#literals = 33396
--------- round 137 ---------
#candidates = 102957
Build cut network time = 17970521
seed = 3230065402
Get boolean difference time = 141296
Get error time = 2524
runtime = 2793.54
Best ASE = n2753		CONST1	17	newError = 297	estError = 309
#literals = 33392
--------- round 138 ---------
#candidates = 102941
Build cut network time = 18273017
seed = 2508966233
Get boolean difference time = 128237
Get error time = 2399
runtime = 2812.28
Best ASE = n9936		CONST1	16	newError = 255	estError = 267
#literals = 33388
--------- round 139 ---------
#candidates = 102926
Build cut network time = 18885915
seed = 4084901101
Get boolean difference time = 153427
Get error time = 3104
runtime = 2831.67
Best ASE = n12055	0-0-|-00-|	INTER	21	newError = 276	estError = 282
#literals = 33384
--------- round 140 ---------
#candidates = 102745
Build cut network time = 18694009
seed = 1006394594
Get boolean difference time = 157479
Get error time = 3058
runtime = 2850.88
estimated error exceeds error bound
Best ASE = n9266		CONST0	333	newError = 376	estError = 633
#literals = 33376
--------- round 141 ---------
#candidates = 102549
Build cut network time = 17760437
seed = 3750865080
Get boolean difference time = 129806
Get error time = 2394
runtime = 2869.11
estimated error exceeds error bound
Best ASE = n3356		CONST1	363	newError = 437	estError = 731
#literals = 33368
--------- round 142 ---------
#candidates = 102353
Build cut network time = 18741009
seed = 1390973656
Get boolean difference time = 139024
Get error time = 3079
runtime = 2888.33
estimated error exceeds error bound
Best ASE = n14456		CONST0	371	newError = 488	estError = 804
#literals = 33360
--------- round 143 ---------
#candidates = 102157
Build cut network time = 18405150
seed = 3563824424
Get boolean difference time = 141324
Get error time = 2773
runtime = 2907.21
estimated error exceeds error bound
Best ASE = n12469		CONST0	418	newError = 512	estError = 913
output approximate circuit: voter_back.blif
area = 28564
delay = 68.7
#literals = 33352
