abc command read data/library/mcnc.genlib
Entered genlib library with 23 gates from file "data/library/mcnc.genlib".
abc command read_blif data/su/alu4.blif
abc command print_stats
[1;37malu4                          :[0m i/o =   14/    8  lat =    0  nd =  1114  edge =   2789  area =2798.00  delay =12.70  lev = 11
--------------- round 1 ---------------
seed = 3279352611
maxLevel = 4
n688 is replaced by n305 with estimated error 0
error = 0
area = 2793
delay = 12.7
#gates = 1114
output circuit appNtk/alu4_1_0_2793_12.7.blif
time = 39496598 us
--------------- round 2 ---------------
seed = 4234002019
maxLevel = 4
n900 is replaced by n1129 with estimated error 0
error = 0
area = 2789
delay = 12.7
#gates = 1112
output circuit appNtk/alu4_2_0_2789_12.7.blif
time = 76521040 us
--------------- round 3 ---------------
seed = 1248693998
maxLevel = 4
n569 is replaced by n979 with estimated error 0
error = 0
area = 2786
delay = 12.7
#gates = 1111
output circuit appNtk/alu4_3_0_2786_12.7.blif
time = 114747567 us
--------------- round 4 ---------------
seed = 21362528
maxLevel = 4
n1106 is replaced by n1059 with estimated error 0
error = 0
area = 2783
delay = 12.7
#gates = 1110
output circuit appNtk/alu4_4_0_2783_12.7.blif
time = 151589701 us
--------------- round 5 ---------------
seed = 2788319645
maxLevel = 4
n441 is replaced by n1115 with estimated error 0
error = 0
area = 2780
delay = 12.7
#gates = 1109
output circuit appNtk/alu4_5_0_2780_12.7.blif
time = 189236997 us
--------------- round 6 ---------------
seed = 537788541
maxLevel = 4
n409 is replaced by n770 with estimated error 0
error = 0
area = 2777
delay = 12.7
#gates = 1108
output circuit appNtk/alu4_6_0_2777_12.7.blif
time = 224923314 us
--------------- round 7 ---------------
seed = 995678183
maxLevel = 4
n659 is replaced by n611 with estimated error 0
error = 0
area = 2775
delay = 12.7
#gates = 1107
output circuit appNtk/alu4_7_0_2775_12.7.blif
time = 259432972 us
--------------- round 8 ---------------
seed = 2664236850
maxLevel = 4
n401 is replaced by n550 with estimated error 0.00084
error = 0.00084
area = 2773
delay = 12.7
#gates = 1106
output circuit appNtk/alu4_8_0.00084_2773_12.7.blif
time = 292914724 us
--------------- round 9 ---------------
seed = 2504515071
maxLevel = 4
n403 is replaced by zero with estimated error 0.00101
error = 0.00101
area = 2769
delay = 12.7
#gates = 1105
output circuit appNtk/alu4_9_0.00101_2769_12.7.blif
time = 319315210 us
--------------- round 10 ---------------
seed = 3569518976
maxLevel = 4
n550 is replaced by one with estimated error 0.00039
error = 0.00076
area = 2767
delay = 12.7
#gates = 1104
output circuit appNtk/alu4_10_0.00076_2767_12.7.blif
time = 340939014 us
--------------- round 11 ---------------
seed = 4004116707
maxLevel = 4
n378 is replaced by n375 with estimated error 0.00083
error = 0.00083
area = 2763
delay = 12.7
#gates = 1102
output circuit appNtk/alu4_11_0.00083_2763_12.7.blif
time = 359260221 us
--------------- round 12 ---------------
seed = 3807033150
maxLevel = 4
n404 is replaced by one with estimated error 0.00079
error = 0.00079
area = 2758
delay = 12.7
#gates = 1100
output circuit appNtk/alu4_12_0.00079_2758_12.7.blif
time = 371793377 us
--------------- round 13 ---------------
seed = 2446168737
maxLevel = 4
n325 is replaced by n286 with estimated error 0.00086
error = 0.00086
area = 2756
delay = 12.7
#gates = 1099
output circuit appNtk/alu4_13_0.00086_2756_12.7.blif
time = 384293664 us
--------------- round 14 ---------------
seed = 1835673539
maxLevel = 4
n588 is replaced by n327 with estimated error 0.00093
error = 0.00093
area = 2754
delay = 12.7
#gates = 1098
output circuit appNtk/alu4_14_0.00093_2754_12.7.blif
time = 396716440 us
--------------- round 15 ---------------
seed = 2802147188
maxLevel = 4
n292 is replaced by n574 with estimated error 0.0009
error = 0.0009
area = 2752
delay = 12.7
#gates = 1097
output circuit appNtk/alu4_15_0.0009_2752_12.7.blif
time = 409243577 us
--------------- round 16 ---------------
seed = 4286586038
maxLevel = 4
n108 is replaced by n39 with estimated error 0.00068
error = 0.00068
area = 2750
delay = 12.7
#gates = 1096
output circuit appNtk/alu4_16_0.00068_2750_12.7.blif
time = 421596737 us
--------------- round 17 ---------------
seed = 2472197990
maxLevel = 4
n736 is replaced by n118 with estimated error 0.00216
error = 0.00216
area = 2748
delay = 12.7
#gates = 1095
output circuit appNtk/alu4_17_0.00216_2748_12.7.blif
time = 433834533 us
--------------- round 18 ---------------
seed = 124013026
maxLevel = 4
n721 is replaced by n394 with inverter with estimated error 0.00225
error = 0.00225
area = 2743
delay = 12.7
#gates = 1094
output circuit appNtk/alu4_18_0.00225_2743_12.7.blif
time = 446086533 us
--------------- round 19 ---------------
seed = 1032564794
maxLevel = 4
n691 is replaced by n168 with estimated error 0.00252
error = 0.00252
area = 2741
delay = 12.7
#gates = 1093
output circuit appNtk/alu4_19_0.00252_2741_12.7.blif
time = 458233285 us
--------------- round 20 ---------------
seed = 1802298734
maxLevel = 4
n572 is replaced by n502 with estimated error 0.00247
error = 0.00247
area = 2739
delay = 12.7
#gates = 1092
output circuit appNtk/alu4_20_0.00247_2739_12.7.blif
time = 470374468 us
--------------- round 21 ---------------
seed = 474213424
maxLevel = 4
n284 is replaced by one with estimated error 0.00242
error = 0.00247
area = 2735
delay = 12.7
#gates = 1091
output circuit appNtk/alu4_21_0.00247_2735_12.7.blif
time = 482550400 us
--------------- round 22 ---------------
seed = 763082570
maxLevel = 4
n839 is replaced by n194 with estimated error 0.00295
error = 0.00295
area = 2732
delay = 12.7
#gates = 1090
output circuit appNtk/alu4_22_0.00295_2732_12.7.blif
time = 494715305 us
--------------- round 23 ---------------
seed = 829139852
maxLevel = 4
n950 is replaced by one with estimated error 0.00281
error = 0.00272
area = 2730
delay = 12.7
#gates = 1089
output circuit appNtk/alu4_23_0.00272_2730_12.7.blif
time = 506915354 us
--------------- round 24 ---------------
seed = 1340552367
maxLevel = 4
n1048 is replaced by one with estimated error 0.00281
error = 0.00281
area = 2728
delay = 12.7
#gates = 1088
output circuit appNtk/alu4_24_0.00281_2728_12.7.blif
time = 519024588 us
--------------- round 25 ---------------
seed = 3519443400
maxLevel = 4
n896 is replaced by zero with estimated error 0.00286
error = 0.00286
area = 2725
delay = 12.7
#gates = 1087
output circuit appNtk/alu4_25_0.00286_2725_12.7.blif
time = 531082742 us
--------------- round 26 ---------------
seed = 4136268067
maxLevel = 4
n927 is replaced by one with estimated error 0.00298
error = 0.00298
area = 2723
delay = 12.7
#gates = 1086
output circuit appNtk/alu4_26_0.00298_2723_12.7.blif
time = 543094582 us
--------------- round 27 ---------------
seed = 3529795545
maxLevel = 4
exceed error bound
