abc command read data/library/mcnc.genlib
Entered genlib library with 23 gates from file "data/library/mcnc.genlib".
abc command read_blif data/su/c1908.blif
Line 7: Skipping line ".default_input_arrival 0.00 0.00 ".
Line 8: Skipping line ".default_output_required 0.00 0.00 ".
Line 9: Skipping line ".default_input_drive 0.10 0.10 ".
Line 10: Skipping line ".default_output_load 2.00 ".
Line 11: Skipping line ".default_max_input_load 999.00 ".
abc command print_stats
[1;37mc1908                         :[0m i/o =   33/   25  lat =    0  nd =   288  edge =    689  area =758.00  delay =37.30  lev = 25
--------------- round 1 ---------------
seed = 2253793177
maxLevel = 4
n180 is replaced by n265 with estimated error 0.00121
error = 0.00121
area = 755
delay = 37.3
#gates = 289
output circuit appNtk/c1908_1_0.00121_755_37.3.blif
time = 6792501 us
--------------- round 2 ---------------
seed = 2975279695
maxLevel = 4
n289 is replaced by one with estimated error 0.00108
error = 0.00108
area = 739
delay = 37.3
#gates = 284
output circuit appNtk/c1908_2_0.00108_739_37.3.blif
time = 12609743 us
--------------- round 3 ---------------
seed = 1639338983
maxLevel = 4
n253 is replaced by n248 with estimated error 0.00117
error = 0.00117
area = 737
delay = 37.3
#gates = 283
output circuit appNtk/c1908_3_0.00117_737_37.3.blif
time = 18315703 us
--------------- round 4 ---------------
seed = 436201199
maxLevel = 4
n220 is replaced by n206 with estimated error 0.00121
error = 0.00121
area = 735
delay = 37.3
#gates = 282
output circuit appNtk/c1908_4_0.00121_735_37.3.blif
time = 23578279 us
--------------- round 5 ---------------
seed = 932427400
maxLevel = 4
n187 is replaced by n194 with estimated error 0.0012
error = 0.0012
area = 733
delay = 37.3
#gates = 281
output circuit appNtk/c1908_5_0.0012_733_37.3.blif
time = 29097495 us
--------------- round 6 ---------------
seed = 2553867966
maxLevel = 4
n213 is replaced by n129 with estimated error 0.00128
error = 0.00128
area = 731
delay = 37.3
#gates = 280
output circuit appNtk/c1908_6_0.00128_731_37.3.blif
time = 34390821 us
--------------- round 7 ---------------
seed = 1900070506
maxLevel = 4
n226 is replaced by n230 with estimated error 0.001
error = 0.001
area = 729
delay = 37.3
#gates = 279
output circuit appNtk/c1908_7_0.001_729_37.3.blif
time = 39936136 us
--------------- round 8 ---------------
seed = 2480973440
maxLevel = 4
n269 is replaced by n265 with estimated error 0.00123
error = 0.00123
area = 727
delay = 37.3
#gates = 278
output circuit appNtk/c1908_8_0.00123_727_37.3.blif
time = 45177033 us
--------------- round 9 ---------------
seed = 3034782171
maxLevel = 4
n271 is replaced by n265 with estimated error 0.00103
error = 0.00103
area = 725
delay = 37.3
#gates = 277
output circuit appNtk/c1908_9_0.00103_725_37.3.blif
time = 50267155 us
--------------- round 10 ---------------
seed = 4260242739
maxLevel = 4
n281 is replaced by n283 with estimated error 0.00123
error = 0.00123
area = 723
delay = 37.3
#gates = 276
output circuit appNtk/c1908_10_0.00123_723_37.3.blif
time = 55409865 us
--------------- round 11 ---------------
seed = 2262258619
maxLevel = 4
n273 is replaced by n127 with estimated error 0.0012
error = 0.0012
area = 722
delay = 37.3
#gates = 275
output circuit appNtk/c1908_11_0.0012_722_37.3.blif
time = 60268164 us
--------------- round 12 ---------------
seed = 1184328482
maxLevel = 4
n290 is replaced by n270 with estimated error 0.00715
error = 0.00715
area = 686
delay = 37.3
#gates = 263
output circuit appNtk/c1908_12_0.00715_686_37.3.blif
time = 65237919 us
--------------- round 13 ---------------
seed = 958747010
maxLevel = 4
n262 is replaced by one with estimated error 0.00823
error = 0.00823
area = 680
delay = 37.3
#gates = 261
output circuit appNtk/c1908_13_0.00823_680_37.3.blif
time = 69935603 us
--------------- round 14 ---------------
seed = 812948289
maxLevel = 4
n264 is replaced by n64 with inverter with estimated error 0.00878
error = 0.00878
area = 676
delay = 37.3
#gates = 260
output circuit appNtk/c1908_14_0.00878_676_37.3.blif
time = 74350334 us
--------------- round 15 ---------------
seed = 1540114048
maxLevel = 4
n239 is replaced by one with estimated error 0.01039
error = 0.01039
area = 670
delay = 37.3
#gates = 258
output circuit appNtk/c1908_15_0.01039_670_37.3.blif
time = 79006003 us
--------------- round 16 ---------------
seed = 2350736465
maxLevel = 4
n241 is replaced by n137 with inverter with estimated error 0.01082
error = 0.01082
area = 666
delay = 37.3
#gates = 257
output circuit appNtk/c1908_16_0.01082_666_37.3.blif
time = 83685337 us
--------------- round 17 ---------------
seed = 1048901395
maxLevel = 4
n217 is replaced by one with estimated error 0.01213
error = 0.01213
area = 658
delay = 37.3
#gates = 254
output circuit appNtk/c1908_17_0.01213_658_37.3.blif
time = 88354660 us
--------------- round 18 ---------------
seed = 1943808714
maxLevel = 4
n219 is replaced by n74 with inverter with estimated error 0.01255
error = 0.01255
area = 654
delay = 37.3
#gates = 253
output circuit appNtk/c1908_18_0.01255_654_37.3.blif
time = 92786784 us
--------------- round 19 ---------------
seed = 4025201539
maxLevel = 4
n202 is replaced by one with estimated error 0.01288
error = 0.01288
area = 648
delay = 37.3
#gates = 251
output circuit appNtk/c1908_19_0.01288_648_37.3.blif
time = 97181585 us
--------------- round 20 ---------------
seed = 1863499475
maxLevel = 4
n204 is replaced by n65 with inverter with estimated error 0.01341
error = 0.01341
area = 644
delay = 37.3
#gates = 250
output circuit appNtk/c1908_20_0.01341_644_37.3.blif
time = 101500966 us
--------------- round 21 ---------------
seed = 551635605
maxLevel = 4
n243 is replaced by one with estimated error 0.0152
error = 0.0152
area = 635
delay = 37.3
#gates = 247
output circuit appNtk/c1908_21_0.0152_635_37.3.blif
time = 105644488 us
--------------- round 22 ---------------
seed = 2701668102
maxLevel = 4
n245 is replaced by n114 with inverter with estimated error 0.01549
error = 0.01549
area = 631
delay = 37.3
#gates = 246
output circuit appNtk/c1908_22_0.01549_631_37.3.blif
time = 109575861 us
--------------- round 23 ---------------
seed = 4127704467
maxLevel = 4
n182 is replaced by one with estimated error 0.01647
error = 0.01647
area = 625
delay = 37.3
#gates = 244
output circuit appNtk/c1908_23_0.01647_625_37.3.blif
time = 113477055 us
--------------- round 24 ---------------
seed = 2810286764
maxLevel = 4
n184 is replaced by n101 with inverter with estimated error 0.01646
error = 0.01646
area = 621
delay = 37.3
#gates = 243
output circuit appNtk/c1908_24_0.01646_621_37.3.blif
time = 117478497 us
--------------- round 25 ---------------
seed = 1431175428
maxLevel = 4
n60 is replaced by n130 with estimated error 0.02336
error = 0.02336
area = 619
delay = 37.3
#gates = 242
output circuit appNtk/c1908_25_0.02336_619_37.3.blif
time = 121504009 us
--------------- round 26 ---------------
seed = 1909112865
maxLevel = 4
n130 is replaced by one with estimated error 0.02343
error = 0.0269
area = 617
delay = 37.3
#gates = 241
output circuit appNtk/c1908_26_0.0269_617_37.3.blif
time = 125303735 us
--------------- round 27 ---------------
seed = 3713299154
maxLevel = 4
n145 is replaced by n106 with estimated error 0.02621
error = 0.02621
area = 616
delay = 37
#gates = 240
output circuit appNtk/c1908_27_0.02621_616_37.blif
time = 129022533 us
--------------- round 28 ---------------
seed = 555934490
maxLevel = 4
n61 is replaced by G221 with inverter with estimated error 0.02652
error = 0.02652
area = 615
delay = 37
#gates = 240
output circuit appNtk/c1908_28_0.02652_615_37.blif
time = 132770105 us
--------------- round 29 ---------------
seed = 4102263391
maxLevel = 4
n124 is replaced by G217 with inverter with estimated error 0.0268
error = 0.0268
area = 614
delay = 37
#gates = 240
output circuit appNtk/c1908_29_0.0268_614_37.blif
time = 136541984 us
--------------- round 30 ---------------
seed = 3020074741
maxLevel = 4
n131 is replaced by G214 with inverter with estimated error 0.02655
error = 0.02655
area = 613
delay = 37
#gates = 240
output circuit appNtk/c1908_30_0.02655_613_37.blif
time = 140008798 us
--------------- round 31 ---------------
seed = 2940647640
maxLevel = 4
n146 is replaced by G210 with inverter with estimated error 0.02632
error = 0.02632
area = 612
delay = 37
#gates = 240
output circuit appNtk/c1908_31_0.02632_612_37.blif
time = 143810156 us
--------------- round 32 ---------------
seed = 3100692421
maxLevel = 4
n147 is replaced by zero with estimated error 0.02777
error = 0.03121
area = 611
delay = 37
#gates = 239
output circuit appNtk/c1908_32_0.03121_611_37.blif
time = 147517433 us
--------------- round 33 ---------------
seed = 3543601936
maxLevel = 4
n302 is replaced by n231 with estimated error 0.03019
error = 0.03019
area = 608
delay = 37
#gates = 238
output circuit appNtk/c1908_33_0.03019_608_37.blif
time = 151233925 us
--------------- round 34 ---------------
seed = 4249677626
maxLevel = 4
n235 is replaced by one with estimated error 0.03029
error = 0.03029
area = 602
delay = 37
#gates = 236
output circuit appNtk/c1908_34_0.03029_602_37.blif
time = 154912272 us
--------------- round 35 ---------------
seed = 1433389071
maxLevel = 4
n125 is replaced by zero with estimated error 0.03053
error = 0.03126
area = 601
delay = 37
#gates = 235
output circuit appNtk/c1908_35_0.03126_601_37.blif
time = 158287651 us
--------------- round 36 ---------------
seed = 1130125451
maxLevel = 4
n322 is replaced by n258 with estimated error 0.03048
error = 0.03048
area = 598
delay = 37
#gates = 234
output circuit appNtk/c1908_36_0.03048_598_37.blif
time = 161586194 us
--------------- round 37 ---------------
seed = 1202096026
maxLevel = 4
n237 is replaced by n90 with inverter with estimated error 0.03122
error = 0.03122
area = 594
delay = 37
#gates = 233
output circuit appNtk/c1908_37_0.03122_594_37.blif
time = 164868704 us
--------------- round 38 ---------------
seed = 1905439462
maxLevel = 4
n123 is replaced by zero with estimated error 0.03012
error = 0.03012
area = 593
delay = 37
#gates = 232
output circuit appNtk/c1908_38_0.03012_593_37.blif
time = 168172616 us
--------------- round 39 ---------------
seed = 2283716120
maxLevel = 4
n292 is replaced by n304 with estimated error 0.03141
error = 0.03141
area = 589
delay = 37
#gates = 231
output circuit appNtk/c1908_39_0.03141_589_37.blif
time = 171516670 us
--------------- round 40 ---------------
seed = 2848883050
maxLevel = 4
n229 is replaced by n167 with inverter with estimated error 0.0312
error = 0.0312
area = 581
delay = 37
#gates = 229
output circuit appNtk/c1908_40_0.0312_581_37.blif
time = 174432661 us
--------------- round 41 ---------------
seed = 3516393102
maxLevel = 4
n210 is replaced by one with estimated error 0.03199
error = 0.03199
area = 577
delay = 37
#gates = 228
output circuit appNtk/c1908_41_0.03199_577_37.blif
time = 177399986 us
--------------- round 42 ---------------
seed = 2885085828
maxLevel = 4
n212 is replaced by n111 with inverter with estimated error 0.03225
error = 0.03225
area = 573
delay = 37
#gates = 227
output circuit appNtk/c1908_42_0.03225_573_37.blif
time = 180467668 us
--------------- round 43 ---------------
seed = 5597542
maxLevel = 4
n121 is replaced by n64 with estimated error 0.3908
error = 0.3908
area = 546
delay = 37
#gates = 219
output circuit appNtk/c1908_43_0.3908_546_37.blif
time = 183329674 us
--------------- round 44 ---------------
seed = 2503193000
maxLevel = 4
exceed error bound
