abc command read data/library/mcnc.genlib
Entered genlib library with 23 gates from file "data/library/mcnc.genlib".
abc command read_blif data/su/c1908.blif
Line 7: Skipping line ".default_input_arrival 0.00 0.00 ".
Line 8: Skipping line ".default_output_required 0.00 0.00 ".
Line 9: Skipping line ".default_input_drive 0.10 0.10 ".
Line 10: Skipping line ".default_output_load 2.00 ".
Line 11: Skipping line ".default_max_input_load 999.00 ".
abc command print_stats
[1;37mc1908                         :[0m i/o =   33/   25  lat =    0  nd =   288  edge =    689  area =758.00  delay =37.30  lev = 25
--------------- round 1 ---------------
seed = 4065714978
maxLevel = 4
n226 is replaced by n230 with estimated error 0
error = 0
area = 756
delay = 37.3
#gates = 289
output circuit appNtk/c1908_1_0_756_37.3.blif
time = 6621692 us
--------------- round 2 ---------------
seed = 1645970365
maxLevel = 4
n187 is replaced by n194 with estimated error 0
error = 0
area = 754
delay = 37.3
#gates = 288
output circuit appNtk/c1908_2_0_754_37.3.blif
time = 12031587 us
--------------- round 3 ---------------
seed = 3507372005
maxLevel = 4
n253 is replaced by n248 with estimated error 0
error = 0
area = 752
delay = 37.3
#gates = 287
output circuit appNtk/c1908_3_0_752_37.3.blif
time = 17492383 us
--------------- round 4 ---------------
seed = 362463030
maxLevel = 4
n213 is replaced by n129 with estimated error 0
error = 0
area = 750
delay = 37.3
#gates = 286
output circuit appNtk/c1908_4_0_750_37.3.blif
time = 23015563 us
--------------- round 5 ---------------
seed = 2087900181
maxLevel = 4
n271 is replaced by n265 with estimated error 0
error = 0
area = 748
delay = 37.3
#gates = 285
output circuit appNtk/c1908_5_0_748_37.3.blif
time = 28087388 us
--------------- round 6 ---------------
seed = 3588037517
maxLevel = 4
n206 is replaced by n220 with estimated error 0
error = 0
area = 746
delay = 37.3
#gates = 284
output circuit appNtk/c1908_6_0_746_37.3.blif
time = 33273807 us
--------------- round 7 ---------------
seed = 3574877374
maxLevel = 4
n281 is replaced by n283 with estimated error 0
error = 0
area = 744
delay = 37.3
#gates = 283
output circuit appNtk/c1908_7_0_744_37.3.blif
time = 38549521 us
--------------- round 8 ---------------
seed = 2158046146
maxLevel = 4
n269 is replaced by n265 with estimated error 0
error = 0
area = 742
delay = 37.3
#gates = 282
output circuit appNtk/c1908_8_0_742_37.3.blif
time = 44060909 us
--------------- round 9 ---------------
seed = 2523354469
maxLevel = 4
n273 is replaced by n127 with estimated error 0
error = 0
area = 741
delay = 37.3
#gates = 281
output circuit appNtk/c1908_9_0_741_37.3.blif
time = 49222513 us
--------------- round 10 ---------------
seed = 3239774720
maxLevel = 4
n286 is replaced by n224 with estimated error 0.00011
error = 0.00011
area = 738
delay = 37.3
#gates = 280
output circuit appNtk/c1908_10_0.00011_738_37.3.blif
time = 54420324 us
--------------- round 11 ---------------
seed = 3956606677
maxLevel = 4
n289 is replaced by one with estimated error 0.00127
error = 0.00127
area = 725
delay = 37.3
#gates = 276
output circuit appNtk/c1908_11_0.00127_725_37.3.blif
time = 59699974 us
--------------- round 12 ---------------
seed = 4002690253
maxLevel = 4
n180 is replaced by n265 with estimated error 0.00099
error = 0.00099
area = 722
delay = 37.3
#gates = 275
output circuit appNtk/c1908_12_0.00099_722_37.3.blif
time = 64857131 us
--------------- round 13 ---------------
seed = 2340076755
maxLevel = 4
n290 is replaced by n272 with estimated error 0.00716
error = 0.00716
area = 686
delay = 37.3
#gates = 263
output circuit appNtk/c1908_13_0.00716_686_37.3.blif
time = 69779153 us
--------------- round 14 ---------------
seed = 3609502798
maxLevel = 4
n202 is replaced by one with estimated error 0.0091
error = 0.0091
area = 680
delay = 37.3
#gates = 261
output circuit appNtk/c1908_14_0.0091_680_37.3.blif
time = 74433492 us
--------------- round 15 ---------------
seed = 127339260
maxLevel = 4
n204 is replaced by n65 with inverter with estimated error 0.009
error = 0.009
area = 676
delay = 37.3
#gates = 260
output circuit appNtk/c1908_15_0.009_676_37.3.blif
time = 79153248 us
--------------- round 16 ---------------
seed = 432537601
maxLevel = 4
n263 is replaced by n64 with estimated error 0.00951
error = 0.00951
area = 674
delay = 37.3
#gates = 259
output circuit appNtk/c1908_16_0.00951_674_37.3.blif
time = 84102306 us
--------------- round 17 ---------------
seed = 1703894374
maxLevel = 4
n63 is replaced by G227 with inverter with estimated error 0.13269
error = 0.13269
area = 673
delay = 37.3
#gates = 259
output circuit appNtk/c1908_17_0.13269_673_37.3.blif
time = 88571832 us
--------------- round 18 ---------------
seed = 3291692218
maxLevel = 4
exceed error bound
