abc command read data/library/mcnc.genlib
Entered genlib library with 23 gates from file "data/library/mcnc.genlib".
abc command read_blif data/su/c3540.blif
Line 7: Skipping line ".default_input_arrival 0.00 0.00 ".
Line 8: Skipping line ".default_output_required 0.00 0.00 ".
Line 9: Skipping line ".default_input_drive 0.10 0.10 ".
Line 10: Skipping line ".default_output_load 2.00 ".
Line 11: Skipping line ".default_max_input_load 999.00 ".
abc command print_stats
[1;37mc3540                         :[0m i/o =   50/   22  lat =    0  nd =   626  edge =   1568  area =1604.00  delay =55.00  lev = 41
--------------- round 1 ---------------
seed = 1539710317
maxLevel = 4
n418 is replaced by n362 with estimated error 0
error = 0
area = 1601
delay = 55
#gates = 627
output circuit appNtk/c3540_1_0_1601_55.blif
time = 21111064 us
--------------- round 2 ---------------
seed = 2982144475
maxLevel = 4
n160 is replaced by one with estimated error 0
error = 0.10955
area = 1599
delay = 55
#gates = 626
output circuit appNtk/c3540_2_0.10955_1599_55.blif
time = 40341576 us
--------------- round 3 ---------------
seed = 584954679
maxLevel = 4
exceed error bound
