abc command read data/library/mcnc.genlib
Entered genlib library with 23 gates from file "data/library/mcnc.genlib".
abc command read_blif data/su/c880.blif
Line 12: Skipping line ".default_input_arrival 0.00 0.00 ".
Line 13: Skipping line ".default_output_required 0.00 0.00 ".
Line 14: Skipping line ".default_input_drive 0.10 0.10 ".
Line 15: Skipping line ".default_output_load 2.00 ".
Line 16: Skipping line ".default_max_input_load 999.00 ".
abc command print_stats
[1;37mc880                          :[0m i/o =   60/   26  lat =    0  nd =   224  edge =    542  area =585.00  delay =24.90  lev = 18
--------------- round 1 ---------------
seed = 2531465778
maxLevel = 4
n155 is replaced by one with estimated error 0.00071
error = 0.00071
area = 577
delay = 24.9
#gates = 223
output circuit appNtk/c880_1_0.00071_577_24.9.blif
time = 3327911 us
--------------- round 2 ---------------
seed = 2531465778
maxLevel = 4
n235 is replaced by one with estimated error 0.00071
error = 0.00071
area = 575
delay = 24.9
#gates = 222
output circuit appNtk/c880_2_0.00071_575_24.9.blif
time = 6918654 us
--------------- round 3 ---------------
seed = 2531465778
maxLevel = 4
n189 is replaced by zero with estimated error 0.00071
error = 0.00071
area = 574
delay = 24.9
#gates = 221
output circuit appNtk/c880_3_0.00071_574_24.9.blif
time = 10484465 us
--------------- round 4 ---------------
seed = 2531465778
maxLevel = 4
n159 is replaced by one with estimated error 0.00263
error = 0.00296
area = 568
delay = 24.9
#gates = 218
output circuit appNtk/c880_4_0.00296_568_24.9.blif
time = 13910621 us
--------------- round 5 ---------------
seed = 2531465778
maxLevel = 4
n244 is replaced by one with estimated error 0.00449
error = 0.00468
area = 559
delay = 24.9
#gates = 214
output circuit appNtk/c880_5_0.00468_559_24.9.blif
time = 17237837 us
--------------- round 6 ---------------
seed = 2531465778
maxLevel = 4
n164 is replaced by n105 with inverter with estimated error 0.00986
error = 0.00986
area = 556
delay = 24.9
#gates = 213
output circuit appNtk/c880_6_0.00986_556_24.9.blif
time = 20466880 us
--------------- round 7 ---------------
seed = 2531465778
maxLevel = 4
exceed error bound
