abc command read data/library/mcnc.genlib
Entered genlib library with 23 gates from file "data/library/mcnc.genlib".
abc command read_blif data/su/ksa32.blif
Line 11: Skipping line ".default_input_arrival 0.00 0.00 ".
Line 12: Skipping line ".default_output_required 0.00 0.00 ".
Line 13: Skipping line ".default_input_drive 0.10 0.10 ".
Line 14: Skipping line ".default_output_load 2.00 ".
Line 15: Skipping line ".default_max_input_load 999.00 ".
abc command print_stats
[1;37mksa32                         :[0m i/o =   64/   33  lat =    0  nd =   513  edge =   1090  area =1128.00  delay =17.80  lev = 14
--------------- round 1 ---------------
seed = 3746442734
maxLevel = 4
n532 is replaced by one with estimated error 0
error = 0
area = 1124
delay = 17.8
#gates = 513
output circuit appNtk/ksa32_1_0_1124_17.8.blif
time = 10271450 us
--------------- round 2 ---------------
seed = 2892061621
maxLevel = 4
n493 is replaced by one with estimated error 0
error = 0
area = 1120
delay = 17.8
#gates = 511
output circuit appNtk/ksa32_2_0_1120_17.8.blif
time = 18647517 us
--------------- round 3 ---------------
seed = 2893640338
maxLevel = 4
n472 is replaced by one with estimated error 2e-05
error = 2e-05
area = 1116
delay = 17.8
#gates = 509
output circuit appNtk/ksa32_3_2e-05_1116_17.8.blif
time = 26342126 us
--------------- round 4 ---------------
seed = 2139699001
maxLevel = 4
n511 is replaced by one with estimated error 2e-05
error = 2e-05
area = 1112
delay = 17.7
#gates = 507
output circuit appNtk/ksa32_4_2e-05_1112_17.7.blif
time = 33945547 us
--------------- round 5 ---------------
seed = 737161705
maxLevel = 4
n397 is replaced by n418 with estimated error 4e-05
error = 4e-05
area = 1109
delay = 17.7
#gates = 506
output circuit appNtk/ksa32_5_4e-05_1109_17.7.blif
time = 41337460 us
--------------- round 6 ---------------
seed = 2518236116
maxLevel = 4
n361 is replaced by n345 with estimated error 4e-05
error = 4e-05
area = 1106
delay = 17.7
#gates = 505
output circuit appNtk/ksa32_6_4e-05_1106_17.7.blif
time = 49094440 us
--------------- round 7 ---------------
seed = 2896761928
maxLevel = 4
n326 is replaced by zero with estimated error 1e-05
error = 1e-05
area = 1103
delay = 17.7
#gates = 504
output circuit appNtk/ksa32_7_1e-05_1103_17.7.blif
time = 56668545 us
--------------- round 8 ---------------
seed = 411490441
maxLevel = 4
n345 is replaced by n380 with estimated error 4e-05
error = 4e-05
area = 1100
delay = 17.7
#gates = 503
output circuit appNtk/ksa32_8_4e-05_1100_17.7.blif
time = 64005690 us
--------------- round 9 ---------------
seed = 2673198174
maxLevel = 4
n380 is replaced by zero with estimated error 3e-05
error = 3e-05
area = 1097
delay = 17.7
#gates = 502
output circuit appNtk/ksa32_9_3e-05_1097_17.7.blif
time = 71484862 us
--------------- round 10 ---------------
seed = 3086403370
maxLevel = 4
n435 is replaced by n418 with estimated error 3e-05
error = 3e-05
area = 1094
delay = 17.7
#gates = 501
output circuit appNtk/ksa32_10_3e-05_1094_17.7.blif
time = 79470212 us
--------------- round 11 ---------------
seed = 926592024
maxLevel = 4
n418 is replaced by one with estimated error 4e-05
error = 4e-05
area = 1091
delay = 17.7
#gates = 500
output circuit appNtk/ksa32_11_4e-05_1091_17.7.blif
time = 87314805 us
--------------- round 12 ---------------
seed = 3580952747
maxLevel = 4
n459 is replaced by one with estimated error 4e-05
error = 4e-05
area = 1088
delay = 17.7
#gates = 499
output circuit appNtk/ksa32_12_4e-05_1088_17.7.blif
time = 94908076 us
--------------- round 13 ---------------
seed = 462917920
maxLevel = 4
n605 is replaced by one with estimated error 2e-05
error = 2e-05
area = 1086
delay = 17.7
#gates = 498
output circuit appNtk/ksa32_13_2e-05_1086_17.7.blif
time = 101835432 us
--------------- round 14 ---------------
seed = 3306004576
maxLevel = 4
n550 is replaced by one with estimated error 4e-05
error = 4e-05
area = 1084
delay = 17.7
#gates = 497
output circuit appNtk/ksa32_14_4e-05_1084_17.7.blif
time = 108675348 us
--------------- round 15 ---------------
seed = 971290855
maxLevel = 4
n586 is replaced by one with estimated error 5e-05
error = 5e-05
area = 1082
delay = 17.7
#gates = 496
output circuit appNtk/ksa32_15_5e-05_1082_17.7.blif
time = 115443684 us
--------------- round 16 ---------------
seed = 502699116
maxLevel = 4
n569 is replaced by one with estimated error 6e-05
error = 6e-05
area = 1080
delay = 17.7
#gates = 495
output circuit appNtk/ksa32_16_6e-05_1080_17.7.blif
time = 122581171 us
--------------- round 17 ---------------
seed = 49943713
maxLevel = 4
n540 is replaced by n538 with estimated error 4e-05
error = 4e-05
area = 1079
delay = 17.7
#gates = 494
output circuit appNtk/ksa32_17_4e-05_1079_17.7.blif
time = 129415577 us
--------------- round 18 ---------------
seed = 4135337902
maxLevel = 4
n444 is replaced by n442 with estimated error 4e-05
error = 4e-05
area = 1078
delay = 17.7
#gates = 493
output circuit appNtk/ksa32_18_4e-05_1078_17.7.blif
time = 135775635 us
--------------- round 19 ---------------
seed = 4209636282
maxLevel = 4
n443 is replaced by n465 with estimated error 5e-05
error = 5e-05
area = 1076
delay = 17.7
#gates = 492
output circuit appNtk/ksa32_19_5e-05_1076_17.7.blif
time = 142136085 us
--------------- round 20 ---------------
seed = 2252648235
maxLevel = 4
n594 is replaced by n592 with estimated error 5e-05
error = 5e-05
area = 1075
delay = 17.7
#gates = 491
output circuit appNtk/ksa32_20_5e-05_1075_17.7.blif
time = 148783342 us
--------------- round 21 ---------------
seed = 1550237969
maxLevel = 4
n593 is replaced by n609 with inverter with estimated error 6e-05
error = 6e-05
area = 1073
delay = 17.7
#gates = 491
output circuit appNtk/ksa32_21_6e-05_1073_17.7.blif
time = 155355085 us
--------------- round 22 ---------------
seed = 166622825
maxLevel = 4
n610 is replaced by n613 with estimated error 9e-05
error = 9e-05
area = 1070
delay = 17.7
#gates = 490
output circuit appNtk/ksa32_22_9e-05_1070_17.7.blif
time = 161860876 us
--------------- round 23 ---------------
seed = 1885421800
maxLevel = 4
n407 is replaced by n405 with estimated error 6e-05
error = 6e-05
area = 1069
delay = 17.7
#gates = 489
output circuit appNtk/ksa32_23_6e-05_1069_17.7.blif
time = 168014441 us
--------------- round 24 ---------------
seed = 731180037
maxLevel = 4
n406 is replaced by n424 with estimated error 6e-05
error = 6e-05
area = 1067
delay = 17.7
#gates = 488
output circuit appNtk/ksa32_24_6e-05_1067_17.7.blif
time = 173915933 us
--------------- round 25 ---------------
seed = 1998684253
maxLevel = 4
n576 is replaced by n574 with estimated error 3e-05
error = 3e-05
area = 1066
delay = 17.7
#gates = 487
output circuit appNtk/ksa32_25_3e-05_1066_17.7.blif
time = 180080710 us
--------------- round 26 ---------------
seed = 2756641222
maxLevel = 4
n558 is replaced by n556 with estimated error 2e-05
error = 2e-05
area = 1065
delay = 17.7
#gates = 486
output circuit appNtk/ksa32_26_2e-05_1065_17.7.blif
time = 185893755 us
--------------- round 27 ---------------
seed = 3649681331
maxLevel = 4
n557 is replaced by n575 with estimated error 6e-05
error = 6e-05
area = 1062
delay = 17.7
#gates = 485
output circuit appNtk/ksa32_27_6e-05_1062_17.7.blif
time = 191538597 us
--------------- round 28 ---------------
seed = 4242406666
maxLevel = 4
n521 is replaced by n519 with estimated error 2e-05
error = 2e-05
area = 1061
delay = 17.7
#gates = 484
output circuit appNtk/ksa32_28_2e-05_1061_17.7.blif
time = 197233034 us
--------------- round 29 ---------------
seed = 4150393584
maxLevel = 4
n520 is replaced by n539 with estimated error 8e-05
error = 8e-05
area = 1059
delay = 17.7
#gates = 483
output circuit appNtk/ksa32_29_8e-05_1059_17.7.blif
time = 202411251 us
--------------- round 30 ---------------
seed = 482181952
maxLevel = 4
n501 is replaced by n499 with estimated error 4e-05
error = 4e-05
area = 1058
delay = 17.7
#gates = 482
output circuit appNtk/ksa32_30_4e-05_1058_17.7.blif
time = 207572918 us
--------------- round 31 ---------------
seed = 918087846
maxLevel = 4
n482 is replaced by n480 with estimated error 8e-05
error = 8e-05
area = 1057
delay = 17.7
#gates = 481
output circuit appNtk/ksa32_31_8e-05_1057_17.7.blif
time = 212848929 us
--------------- round 32 ---------------
seed = 3817170398
maxLevel = 4
n481 is replaced by n500 with estimated error 6e-05
error = 6e-05
area = 1055
delay = 17.7
#gates = 480
output circuit appNtk/ksa32_32_6e-05_1055_17.7.blif
time = 218350583 us
--------------- round 33 ---------------
seed = 122058044
maxLevel = 4
n466 is replaced by n464 with estimated error 3e-05
error = 3e-05
area = 1054
delay = 17.7
#gates = 479
output circuit appNtk/ksa32_33_3e-05_1054_17.7.blif
time = 223751042 us
--------------- round 34 ---------------
seed = 16917196
maxLevel = 4
n425 is replaced by n423 with estimated error 1e-05
error = 1e-05
area = 1053
delay = 17.7
#gates = 478
output circuit appNtk/ksa32_34_1e-05_1053_17.7.blif
time = 229017548 us
--------------- round 35 ---------------
seed = 2184918625
maxLevel = 4
n613 is replaced by n608 with estimated error 0.00167
error = 0.00167
area = 1045
delay = 17.7
#gates = 474
output circuit appNtk/ksa32_35_0.00167_1045_17.7.blif
time = 234098620 us
--------------- round 36 ---------------
seed = 1112460214
maxLevel = 4
n206 is replaced by n204 with estimated error 0.00269
error = 0.00269
area = 1039
delay = 17.7
#gates = 472
output circuit appNtk/ksa32_36_0.00269_1039_17.7.blif
time = 239044936 us
--------------- round 37 ---------------
seed = 1818217750
maxLevel = 4
n207 is replaced by n205 with estimated error 0.00275
error = 0.00275
area = 1038
delay = 17.7
#gates = 471
output circuit appNtk/ksa32_37_0.00275_1038_17.7.blif
time = 244041703 us
--------------- round 38 ---------------
seed = 1282633629
maxLevel = 4
n549 is replaced by n533 with estimated error 0.00378
error = 0.00378
area = 1034
delay = 17.7
#gates = 469
output circuit appNtk/ksa32_38_0.00378_1034_17.7.blif
time = 248729471 us
--------------- round 39 ---------------
seed = 1730464863
maxLevel = 4
n512 is replaced by n494 with estimated error 0.00404
error = 0.00404
area = 1030
delay = 17.7
#gates = 467
output circuit appNtk/ksa32_39_0.00404_1030_17.7.blif
time = 253711681 us
--------------- round 40 ---------------
seed = 3603778359
maxLevel = 4
n222 is replaced by n220 with estimated error 0.00584
error = 0.00584
area = 1024
delay = 17.7
#gates = 465
output circuit appNtk/ksa32_40_0.00584_1024_17.7.blif
time = 258111625 us
--------------- round 41 ---------------
seed = 1557733008
maxLevel = 4
n223 is replaced by n221 with estimated error 0.00603
error = 0.00603
area = 1023
delay = 17.7
#gates = 464
output circuit appNtk/ksa32_41_0.00603_1023_17.7.blif
time = 262612763 us
--------------- round 42 ---------------
seed = 67135106
maxLevel = 4
n239 is replaced by n237 with estimated error 0.00639
error = 0.00639
area = 1017
delay = 17.7
#gates = 462
output circuit appNtk/ksa32_42_0.00639_1017_17.7.blif
time = 267398135 us
--------------- round 43 ---------------
seed = 1845480040
maxLevel = 4
n240 is replaced by n238 with estimated error 0.00678
error = 0.00678
area = 1016
delay = 17.7
#gates = 461
output circuit appNtk/ksa32_43_0.00678_1016_17.7.blif
time = 271482065 us
--------------- round 44 ---------------
seed = 2677321347
maxLevel = 4
n434 is replaced by n417 with estimated error 0.00747
error = 0.00747
area = 1012
delay = 17.7
#gates = 459
output circuit appNtk/ksa32_44_0.00747_1012_17.7.blif
time = 275499345 us
--------------- round 45 ---------------
seed = 1582033067
maxLevel = 4
n395 is replaced by n379 with estimated error 0.00789
error = 0.00789
area = 1009
delay = 17.7
#gates = 458
output circuit appNtk/ksa32_45_0.00789_1009_17.7.blif
time = 279345918 us
--------------- round 46 ---------------
seed = 4213519467
maxLevel = 4
n396 is replaced by zero with estimated error 0.008
error = 0.008
area = 1008
delay = 17.7
#gates = 457
output circuit appNtk/ksa32_46_0.008_1008_17.7.blif
time = 282877251 us
--------------- round 47 ---------------
seed = 2762708968
maxLevel = 4
exceed error bound
