abc command read data/library/mcnc.genlib
Entered genlib library with 23 gates from file "data/library/mcnc.genlib".
abc command read_blif data/su/mtp8.blif
Line 7: Skipping line ".default_input_arrival 0.00 0.00 ".
Line 8: Skipping line ".default_output_required 0.00 0.00 ".
Line 9: Skipping line ".default_input_drive 0.10 0.10 ".
Line 10: Skipping line ".default_output_load 2.00 ".
Line 11: Skipping line ".default_max_input_load 999.00 ".
abc command print_stats
[1;37mmtp8                          :[0m i/o =   16/   16  lat =    0  nd =   430  edge =   1037  area =1069.00  delay =37.80  lev = 32
--------------- round 1 ---------------
seed = 247673409
maxLevel = 4
n272 is replaced by n36 with estimated error 0
error = 0
area = 1065
delay = 37.8
#gates = 430
output circuit appNtk/mtp8_1_0_1065_37.8.blif
time = 16868145 us
--------------- round 2 ---------------
seed = 1139111809
maxLevel = 4
n37 is replaced by n273 with estimated error 0
error = 0
area = 1061
delay = 37.8
#gates = 429
output circuit appNtk/mtp8_2_0_1061_37.8.blif
time = 32915660 us
--------------- round 3 ---------------
seed = 3268330608
maxLevel = 4
n44 is replaced by y[0] with estimated error 0
error = 0
area = 1057
delay = 37.8
#gates = 428
output circuit appNtk/mtp8_3_0_1057_37.8.blif
time = 49190328 us
--------------- round 4 ---------------
seed = 70019315
maxLevel = 4
n389 is replaced by n403 with estimated error 0
error = 0
area = 1054
delay = 37.8
#gates = 427
output circuit appNtk/mtp8_4_0_1054_37.8.blif
time = 65247252 us
--------------- round 5 ---------------
seed = 1014968446
maxLevel = 4
n202 is replaced by n201 with estimated error 0
error = 0
area = 1052
delay = 37.8
#gates = 426
output circuit appNtk/mtp8_5_0_1052_37.8.blif
time = 81668460 us
--------------- round 6 ---------------
seed = 2520292409
maxLevel = 4
n198 is replaced by n165 with inverter with estimated error 0
error = 0
area = 1050
delay = 37.8
#gates = 426
output circuit appNtk/mtp8_6_0_1050_37.8.blif
time = 97856058 us
--------------- round 7 ---------------
seed = 590614858
maxLevel = 4
n126 is replaced by n137 with estimated error 0
error = 0
area = 1048
delay = 37.8
#gates = 425
output circuit appNtk/mtp8_7_0_1048_37.8.blif
time = 113869439 us
--------------- round 8 ---------------
seed = 3735817164
maxLevel = 4
n59 is replaced by n54 with estimated error 0
error = 0
area = 1047
delay = 37.8
#gates = 424
output circuit appNtk/mtp8_8_0_1047_37.8.blif
time = 130210065 us
--------------- round 9 ---------------
seed = 2148397749
maxLevel = 4
n82 is replaced by n55 with estimated error 0
error = 0
area = 1046
delay = 37.8
#gates = 423
output circuit appNtk/mtp8_9_0_1046_37.8.blif
time = 145732436 us
--------------- round 10 ---------------
seed = 2451562747
maxLevel = 4
n452 is replaced by n454 with estimated error 0
error = 0
area = 1045
delay = 37.4
#gates = 422
output circuit appNtk/mtp8_10_0_1045_37.4.blif
time = 161467369 us
--------------- round 11 ---------------
seed = 3650185040
maxLevel = 4
n461 is replaced by n454 with estimated error 0
error = 0
area = 1044
delay = 37.4
#gates = 421
output circuit appNtk/mtp8_11_0_1044_37.4.blif
time = 176674853 us
--------------- round 12 ---------------
seed = 852326435
maxLevel = 4
n456 is replaced by n147 with estimated error 0
error = 0
area = 1039
delay = 37.4
#gates = 419
output circuit appNtk/mtp8_12_0_1039_37.4.blif
time = 190783180 us
--------------- round 13 ---------------
seed = 1697011278
maxLevel = 4
n460 is replaced by n147 with estimated error 0.02294
error = 0.02294
area = 1022
delay = 37.4
#gates = 414
output circuit appNtk/mtp8_13_0.02294_1022_37.4.blif
time = 205774938 us
--------------- round 14 ---------------
seed = 3102881051
maxLevel = 4
n197 is replaced by n34 with estimated error 0.0287
error = 0.0287
area = 1020
delay = 37.4
#gates = 413
output circuit appNtk/mtp8_14_0.0287_1020_37.4.blif
time = 220091207 us
--------------- round 15 ---------------
seed = 1162566328
maxLevel = 4
n180 is replaced by zero with estimated error 0.02837
error = 0.52488
area = 1019
delay = 37.4
#gates = 412
output circuit appNtk/mtp8_15_0.52488_1019_37.4.blif
time = 234731907 us
--------------- round 16 ---------------
seed = 2868352772
maxLevel = 4
exceed error bound
