abc command read data/library/mcnc.genlib
Entered genlib library with 23 gates from file "data/library/mcnc.genlib".
abc command read_blif data/su/rca32.blif
abc command print_stats
[1;37mrca32                         :[0m i/o =   64/   33  lat =    0  nd =   298  edge =    585  area =666.00  delay =16.10  lev = 12
--------------- round 1 ---------------
seed = 3405851255
maxLevel = 4
n356 is replaced by zero with estimated error 0.00015
error = 0.00015
area = 661
delay = 16
#gates = 298
output circuit appNtk/rca32_1_0.00015_661_16.blif
time = 4045339 us
--------------- round 2 ---------------
seed = 1010113409
maxLevel = 4
n242 is replaced by one with estimated error 0.00207
error = 0.00207
area = 656
delay = 16
#gates = 296
output circuit appNtk/rca32_2_0.00207_656_16.blif
time = 7285015 us
--------------- round 3 ---------------
seed = 1134204108
maxLevel = 4
n320 is replaced by zero with estimated error 0.00402
error = 0.00402
area = 654
delay = 16
#gates = 295
output circuit appNtk/rca32_3_0.00402_654_16.blif
time = 10058518 us
--------------- round 4 ---------------
seed = 1606824245
maxLevel = 4
exceed error bound
