abc command read data/library/mcnc.genlib
Entered genlib library with 23 gates from file "data/library/mcnc.genlib".
abc command read_blif data/su/wal8.blif
Line 9: Skipping line ".default_input_arrival 0.00 0.00 ".
Line 10: Skipping line ".default_output_required 0.00 0.00 ".
Line 11: Skipping line ".default_input_drive 0.10 0.10 ".
Line 12: Skipping line ".default_output_load 2.00 ".
Line 13: Skipping line ".default_max_input_load 999.00 ".
abc command print_stats
[1;37mwal8                          :[0m i/o =   16/   16  lat =    0  nd =   490  edge =   1058  area =1081.00  delay =45.30  lev = 36
--------------- round 1 ---------------
seed = 3259601213
maxLevel = 4
n449 is replaced by n446 with estimated error 0
error = 0
area = 1078
delay = 44.7
#gates = 491
output circuit appNtk/wal8_1_0_1078_44.7.blif
time = 17861309 us
--------------- round 2 ---------------
seed = 532056994
maxLevel = 4
n365 is replaced by n363 with estimated error 0
error = 0
area = 1075
delay = 44.1
#gates = 490
output circuit appNtk/wal8_2_0_1075_44.1.blif
time = 34934226 us
--------------- round 3 ---------------
seed = 4265632333
maxLevel = 4
n392 is replaced by n415 with estimated error 0
error = 0
area = 1073
delay = 44.1
#gates = 489
output circuit appNtk/wal8_3_0_1073_44.1.blif
time = 51666251 us
--------------- round 4 ---------------
seed = 4070386759
maxLevel = 4
n207 is replaced by n275 with inverter with estimated error 0
error = 0
area = 1071
delay = 44.1
#gates = 488
output circuit appNtk/wal8_4_0_1071_44.1.blif
time = 68219287 us
--------------- round 5 ---------------
seed = 440313754
maxLevel = 4
n521 is replaced by n508 with estimated error 0
error = 0
area = 1069
delay = 43.1
#gates = 487
output circuit appNtk/wal8_5_0_1069_43.1.blif
time = 85291364 us
--------------- round 6 ---------------
seed = 1709937605
maxLevel = 4
n518 is replaced by n507 with estimated error 0
error = 0
area = 1067
delay = 43.1
#gates = 486
output circuit appNtk/wal8_6_0_1067_43.1.blif
time = 101966528 us
--------------- round 7 ---------------
seed = 2448682972
maxLevel = 4
n342 is replaced by n341 with estimated error 0
error = 0
area = 1065
delay = 43.1
#gates = 485
output circuit appNtk/wal8_7_0_1065_43.1.blif
time = 118423092 us
--------------- round 8 ---------------
seed = 3001218922
maxLevel = 4
n517 is replaced by n513 with estimated error 0
error = 0
area = 1063
delay = 43.1
#gates = 484
output circuit appNtk/wal8_8_0_1063_43.1.blif
time = 134925215 us
--------------- round 9 ---------------
seed = 4144050031
maxLevel = 4
n106 is replaced by n185 with inverter with estimated error 0
error = 0
area = 1061
delay = 43.1
#gates = 484
output circuit appNtk/wal8_9_0_1061_43.1.blif
time = 151130114 us
--------------- round 10 ---------------
seed = 2346214664
maxLevel = 4
n156 is replaced by n211 with inverter with estimated error 0
error = 0
area = 1059
delay = 43.1
#gates = 483
output circuit appNtk/wal8_10_0_1059_43.1.blif
time = 167675803 us
--------------- round 11 ---------------
seed = 193684562
maxLevel = 4
n173 is replaced by n228 with estimated error 0
error = 0
area = 1057
delay = 43.1
#gates = 482
output circuit appNtk/wal8_11_0_1057_43.1.blif
time = 182812618 us
--------------- round 12 ---------------
seed = 3177108044
maxLevel = 4
n501 is replaced by n497 with estimated error 0
error = 0
area = 1055
delay = 43.1
#gates = 481
output circuit appNtk/wal8_12_0_1055_43.1.blif
time = 197866525 us
--------------- round 13 ---------------
seed = 3309836609
maxLevel = 4
n466 is replaced by n467 with inverter with estimated error 0
error = 0
area = 1053
delay = 43.1
#gates = 481
output circuit appNtk/wal8_13_0_1053_43.1.blif
time = 213608523 us
--------------- round 14 ---------------
seed = 1165826952
maxLevel = 4
n515 is replaced by n510 with estimated error 0
error = 0
area = 1052
delay = 43.1
#gates = 480
output circuit appNtk/wal8_14_0_1052_43.1.blif
time = 228687031 us
--------------- round 15 ---------------
seed = 4273050941
maxLevel = 4
n248 is replaced by n245 with estimated error 0
error = 0
area = 1051
delay = 43.1
#gates = 479
output circuit appNtk/wal8_15_0_1051_43.1.blif
time = 244365646 us
--------------- round 16 ---------------
seed = 889475245
maxLevel = 4
n502 is replaced by n494 with estimated error 0.0001
error = 0.0001
area = 1049
delay = 43.1
#gates = 478
output circuit appNtk/wal8_16_0.0001_1049_43.1.blif
time = 258965642 us
--------------- round 17 ---------------
seed = 898554250
maxLevel = 4
n366 is replaced by n357 with estimated error 0.00106
error = 0.00106
area = 1047
delay = 43.1
#gates = 477
output circuit appNtk/wal8_17_0.00106_1047_43.1.blif
time = 271409477 us
--------------- round 18 ---------------
seed = 4152356896
maxLevel = 4
n251 is replaced by one with estimated error 0.00337
error = 0.00337
area = 1045
delay = 43.1
#gates = 476
output circuit appNtk/wal8_18_0.00337_1045_43.1.blif
time = 285062469 us
--------------- round 19 ---------------
seed = 3034798270
maxLevel = 4
n201 is replaced by n250 with estimated error 0.00347
error = 0.00347
area = 1044
delay = 43.1
#gates = 475
output circuit appNtk/wal8_19_0.00347_1044_43.1.blif
time = 297204602 us
--------------- round 20 ---------------
seed = 2555355088
maxLevel = 4
n448 is replaced by n443 with estimated error 0.00508
error = 0.00508
area = 1042
delay = 43.1
#gates = 474
output circuit appNtk/wal8_20_0.00508_1042_43.1.blif
time = 306419595 us
--------------- round 21 ---------------
seed = 1849000166
maxLevel = 4
n182 is replaced by n105 with estimated error 0.00847
error = 0.00847
area = 1039
delay = 41.7
#gates = 472
output circuit appNtk/wal8_21_0.00847_1039_41.7.blif
time = 316522583 us
--------------- round 22 ---------------
seed = 4204112498
maxLevel = 4
exceed error bound
