abc command read data/library/mcnc.genlib
Entered genlib library with 23 gates from file "data/library/mcnc.genlib".
abc command read_blif data/su/wal8.blif
Line 9: Skipping line ".default_input_arrival 0.00 0.00 ".
Line 10: Skipping line ".default_output_required 0.00 0.00 ".
Line 11: Skipping line ".default_input_drive 0.10 0.10 ".
Line 12: Skipping line ".default_output_load 2.00 ".
Line 13: Skipping line ".default_max_input_load 999.00 ".
abc command print_stats
[1;37mwal8                          :[0m i/o =   16/   16  lat =    0  nd =   490  edge =   1058  area =1081.00  delay =45.30  lev = 36
--------------- round 1 ---------------
seed = 3776383800
maxLevel = 4
n365 is replaced by n363 with estimated error 0
error = 0
area = 1078
delay = 44.7
#gates = 491
output circuit appNtk/wal8_1_0_1078_44.7.blif
time = 18192800 us
--------------- round 2 ---------------
seed = 1619781638
maxLevel = 4
n449 is replaced by n446 with estimated error 0
error = 0
area = 1075
delay = 44.1
#gates = 490
output circuit appNtk/wal8_2_0_1075_44.1.blif
time = 35348941 us
--------------- round 3 ---------------
seed = 3584757425
maxLevel = 4
n501 is replaced by n497 with estimated error 0
error = 0
area = 1073
delay = 44.1
#gates = 489
output circuit appNtk/wal8_3_0_1073_44.1.blif
time = 52679249 us
--------------- round 4 ---------------
seed = 3227262629
maxLevel = 4
n521 is replaced by n508 with estimated error 0
error = 0
area = 1071
delay = 43.1
#gates = 488
output circuit appNtk/wal8_4_0_1071_43.1.blif
time = 69580342 us
--------------- round 5 ---------------
seed = 1906194005
maxLevel = 4
n415 is replaced by n392 with estimated error 0
error = 0
area = 1069
delay = 43.1
#gates = 487
output circuit appNtk/wal8_5_0_1069_43.1.blif
time = 86810133 us
--------------- round 6 ---------------
seed = 1158678026
maxLevel = 4
n466 is replaced by n467 with inverter with estimated error 0
error = 0
area = 1067
delay = 43.1
#gates = 487
output circuit appNtk/wal8_6_0_1067_43.1.blif
time = 103786513 us
--------------- round 7 ---------------
seed = 211041782
maxLevel = 4
n228 is replaced by n173 with estimated error 0
error = 0
area = 1065
delay = 43.1
#gates = 486
output circuit appNtk/wal8_7_0_1065_43.1.blif
time = 120792615 us
--------------- round 8 ---------------
seed = 3440364346
maxLevel = 4
n207 is replaced by n275 with inverter with estimated error 0
error = 0
area = 1063
delay = 43.1
#gates = 485
output circuit appNtk/wal8_8_0_1063_43.1.blif
time = 137737764 us
--------------- round 9 ---------------
seed = 154356170
maxLevel = 4
n518 is replaced by n507 with estimated error 0
error = 0
area = 1061
delay = 43.1
#gates = 484
output circuit appNtk/wal8_9_0_1061_43.1.blif
time = 154277238 us
--------------- round 10 ---------------
seed = 3189934440
maxLevel = 4
n517 is replaced by n513 with estimated error 0
error = 0
area = 1059
delay = 43.1
#gates = 483
output circuit appNtk/wal8_10_0_1059_43.1.blif
time = 170988613 us
--------------- round 11 ---------------
seed = 2278281451
maxLevel = 4
n341 is replaced by n342 with estimated error 0
error = 0
area = 1057
delay = 43.1
#gates = 482
output circuit appNtk/wal8_11_0_1057_43.1.blif
time = 186282601 us
--------------- round 12 ---------------
seed = 1550969807
maxLevel = 4
n156 is replaced by n211 with inverter with estimated error 0
error = 0
area = 1055
delay = 43.1
#gates = 481
output circuit appNtk/wal8_12_0_1055_43.1.blif
time = 202789628 us
--------------- round 13 ---------------
seed = 1755949936
maxLevel = 4
n106 is replaced by n185 with inverter with estimated error 0
error = 0
area = 1053
delay = 43.1
#gates = 481
output circuit appNtk/wal8_13_0_1053_43.1.blif
time = 218796897 us
--------------- round 14 ---------------
seed = 1040058255
maxLevel = 4
n515 is replaced by n510 with estimated error 0
error = 0
area = 1052
delay = 43.1
#gates = 480
output circuit appNtk/wal8_14_0_1052_43.1.blif
time = 235062261 us
--------------- round 15 ---------------
seed = 263303304
maxLevel = 4
n248 is replaced by n245 with estimated error 0
error = 0
area = 1051
delay = 43.1
#gates = 479
output circuit appNtk/wal8_15_0_1051_43.1.blif
time = 251070055 us
--------------- round 16 ---------------
seed = 2295350515
maxLevel = 4
n502 is replaced by n494 with estimated error 9e-05
error = 9e-05
area = 1049
delay = 43.1
#gates = 478
output circuit appNtk/wal8_16_9e-05_1049_43.1.blif
time = 265655908 us
--------------- round 17 ---------------
seed = 4245309361
maxLevel = 4
n366 is replaced by n357 with estimated error 0.00101
error = 0.00101
area = 1047
delay = 43.1
#gates = 477
output circuit appNtk/wal8_17_0.00101_1047_43.1.blif
time = 279453009 us
--------------- round 18 ---------------
seed = 117126335
maxLevel = 4
n251 is replaced by one with estimated error 0.00337
error = 0.00337
area = 1045
delay = 43.1
#gates = 476
output circuit appNtk/wal8_18_0.00337_1045_43.1.blif
time = 292835284 us
--------------- round 19 ---------------
seed = 1396982281
maxLevel = 4
n201 is replaced by n250 with estimated error 0.00348
error = 0.00348
area = 1044
delay = 43.1
#gates = 475
output circuit appNtk/wal8_19_0.00348_1044_43.1.blif
time = 304165802 us
--------------- round 20 ---------------
seed = 3777466759
maxLevel = 4
n448 is replaced by n443 with estimated error 0.0055
error = 0.0055
area = 1042
delay = 43.1
#gates = 474
output circuit appNtk/wal8_20_0.0055_1042_43.1.blif
time = 312967902 us
--------------- round 21 ---------------
seed = 2430582281
maxLevel = 4
n182 is replaced by n105 with estimated error 0.00945
error = 0.00945
area = 1039
delay = 41.7
#gates = 472
output circuit appNtk/wal8_21_0.00945_1039_41.7.blif
time = 322141028 us
--------------- round 22 ---------------
seed = 1433818902
maxLevel = 4
n105 is replaced by one with estimated error 0.01308
error = 0.01308
area = 1036
delay = 41.7
#gates = 470
output circuit appNtk/wal8_22_0.01308_1036_41.7.blif
time = 330492481 us
--------------- round 23 ---------------
seed = 2874150259
maxLevel = 4
n499 is replaced by n494 with estimated error 0.01525
error = 0.01525
area = 1035
delay = 41.7
#gates = 469
output circuit appNtk/wal8_23_0.01525_1035_41.7.blif
time = 336796248 us
--------------- round 24 ---------------
seed = 2212171194
maxLevel = 4
n74 is replaced by one with estimated error 0.02235
error = 0.02235
area = 1032
delay = 41.7
#gates = 467
output circuit appNtk/wal8_24_0.02235_1032_41.7.blif
time = 342374839 us
--------------- round 25 ---------------
seed = 4017052089
maxLevel = 4
n143 is replaced by n135 with estimated error 0.02548
error = 0.02548
area = 1031
delay = 41.7
#gates = 466
output circuit appNtk/wal8_25_0.02548_1031_41.7.blif
time = 347454403 us
--------------- round 26 ---------------
seed = 4021534778
maxLevel = 4
n411 is replaced by n396 with estimated error 0.0371
error = 0.0371
area = 1028
delay = 41.7
#gates = 465
output circuit appNtk/wal8_26_0.0371_1028_41.7.blif
time = 353208588 us
--------------- round 27 ---------------
seed = 2654545651
maxLevel = 4
n476 is replaced by n470 with estimated error 0.03902
error = 0.03902
area = 1027
delay = 41.7
#gates = 464
output circuit appNtk/wal8_27_0.03902_1027_41.7.blif
time = 359349717 us
--------------- round 28 ---------------
seed = 2605575001
maxLevel = 4
n406 is replaced by n401 with estimated error 0.04316
error = 0.04316
area = 1026
delay = 41.7
#gates = 463
output circuit appNtk/wal8_28_0.04316_1026_41.7.blif
time = 362859821 us
--------------- round 29 ---------------
seed = 1541861427
maxLevel = 4
n461 is replaced by n459 with estimated error 0.04934
error = 0.04934
area = 1025
delay = 41.7
#gates = 462
output circuit appNtk/wal8_29_0.04934_1025_41.7.blif
time = 365883165 us
--------------- round 30 ---------------
seed = 1503767720
maxLevel = 4
exceed error bound
