abc command read data/library/mcnc.genlib
Entered genlib library with 23 gates from file "data/library/mcnc.genlib".
abc command read_blif data/su/wal8.blif
Line 9: Skipping line ".default_input_arrival 0.00 0.00 ".
Line 10: Skipping line ".default_output_required 0.00 0.00 ".
Line 11: Skipping line ".default_input_drive 0.10 0.10 ".
Line 12: Skipping line ".default_output_load 2.00 ".
Line 13: Skipping line ".default_max_input_load 999.00 ".
abc command print_stats
[1;37mwal8                          :[0m i/o =   16/   16  lat =    0  nd =   490  edge =   1058  area =1081.00  delay =45.30  lev = 36
--------------- round 1 ---------------
seed = 3911754739
maxLevel = 4
n365 is replaced by n363 with estimated error 0
error = 0
area = 1078
delay = 44.7
#gates = 491
output circuit appNtk/wal8_1_0_1078_44.7.blif
time = 17030359 us
--------------- round 2 ---------------
seed = 2971169165
maxLevel = 4
n449 is replaced by n446 with estimated error 0
error = 0
area = 1075
delay = 44.1
#gates = 490
output circuit appNtk/wal8_2_0_1075_44.1.blif
time = 33034002 us
--------------- round 3 ---------------
seed = 955298428
maxLevel = 4
n341 is replaced by n342 with estimated error 0
error = 0
area = 1073
delay = 44.1
#gates = 489
output circuit appNtk/wal8_3_0_1073_44.1.blif
time = 49658108 us
--------------- round 4 ---------------
seed = 3389268336
maxLevel = 4
n497 is replaced by n501 with estimated error 0
error = 0
area = 1071
delay = 44.1
#gates = 488
output circuit appNtk/wal8_4_0_1071_44.1.blif
time = 66043640 us
--------------- round 5 ---------------
seed = 2598766742
maxLevel = 4
n521 is replaced by n508 with estimated error 0
error = 0
area = 1069
delay = 43.1
#gates = 487
output circuit appNtk/wal8_5_0_1069_43.1.blif
time = 82131288 us
--------------- round 6 ---------------
seed = 2066764788
maxLevel = 4
n518 is replaced by n507 with estimated error 0
error = 0
area = 1067
delay = 43.1
#gates = 486
output circuit appNtk/wal8_6_0_1067_43.1.blif
time = 98311300 us
--------------- round 7 ---------------
seed = 1648139190
maxLevel = 4
n517 is replaced by n513 with estimated error 0
error = 0
area = 1065
delay = 43.1
#gates = 485
output circuit appNtk/wal8_7_0_1065_43.1.blif
time = 114134306 us
--------------- round 8 ---------------
seed = 1885971661
maxLevel = 4
n392 is replaced by n415 with estimated error 0
error = 0
area = 1063
delay = 43.1
#gates = 484
output circuit appNtk/wal8_8_0_1063_43.1.blif
time = 130847633 us
--------------- round 9 ---------------
seed = 1554157474
maxLevel = 4
n106 is replaced by n185 with inverter with estimated error 0
error = 0
area = 1061
delay = 43.1
#gates = 484
output circuit appNtk/wal8_9_0_1061_43.1.blif
time = 145936963 us
--------------- round 10 ---------------
seed = 3914414514
maxLevel = 4
n228 is replaced by n173 with estimated error 0
error = 0
area = 1059
delay = 43.1
#gates = 483
output circuit appNtk/wal8_10_0_1059_43.1.blif
time = 160574885 us
--------------- round 11 ---------------
seed = 3749245915
maxLevel = 4
n207 is replaced by n275 with inverter with estimated error 0
error = 0
area = 1057
delay = 43.1
#gates = 482
output circuit appNtk/wal8_11_0_1057_43.1.blif
time = 175615318 us
--------------- round 12 ---------------
seed = 3939012248
maxLevel = 4
n156 is replaced by n211 with inverter with estimated error 0
error = 0
area = 1055
delay = 43.1
#gates = 481
output circuit appNtk/wal8_12_0_1055_43.1.blif
time = 190866322 us
--------------- round 13 ---------------
seed = 2346770728
maxLevel = 4
n466 is replaced by n467 with inverter with estimated error 0
error = 0
area = 1053
delay = 43.1
#gates = 481
output circuit appNtk/wal8_13_0_1053_43.1.blif
time = 206034587 us
--------------- round 14 ---------------
seed = 1165877343
maxLevel = 4
n515 is replaced by n510 with estimated error 0
error = 0
area = 1052
delay = 43.1
#gates = 480
output circuit appNtk/wal8_14_0_1052_43.1.blif
time = 220413822 us
--------------- round 15 ---------------
seed = 273159209
maxLevel = 4
n248 is replaced by n245 with estimated error 0
error = 0
area = 1051
delay = 43.1
#gates = 479
output circuit appNtk/wal8_15_0_1051_43.1.blif
time = 235425062 us
--------------- round 16 ---------------
seed = 2580534608
maxLevel = 4
n502 is replaced by n494 with estimated error 7e-05
error = 7e-05
area = 1049
delay = 43.1
#gates = 478
output circuit appNtk/wal8_16_7e-05_1049_43.1.blif
time = 249462275 us
--------------- round 17 ---------------
seed = 3831550900
maxLevel = 4
n366 is replaced by n357 with estimated error 0.00115
error = 0.00115
area = 1047
delay = 43.1
#gates = 477
output circuit appNtk/wal8_17_0.00115_1047_43.1.blif
time = 262729463 us
--------------- round 18 ---------------
seed = 3859836950
maxLevel = 4
n448 is replaced by n443 with estimated error 0.00307
error = 0.00307
area = 1045
delay = 43.1
#gates = 476
output circuit appNtk/wal8_18_0.00307_1045_43.1.blif
time = 276094652 us
--------------- round 19 ---------------
seed = 4027499769
maxLevel = 4
n251 is replaced by one with estimated error 0.00506
error = 0.00506
area = 1043
delay = 43.1
#gates = 475
output circuit appNtk/wal8_19_0.00506_1043_43.1.blif
time = 288008709 us
--------------- round 20 ---------------
seed = 2644521301
maxLevel = 4
n201 is replaced by n250 with estimated error 0.00534
error = 0.00534
area = 1042
delay = 43.1
#gates = 474
output circuit appNtk/wal8_20_0.00534_1042_43.1.blif
time = 296883379 us
--------------- round 21 ---------------
seed = 3349012370
maxLevel = 4
n182 is replaced by one with estimated error 0.00919
error = 0.00919
area = 1039
delay = 41.7
#gates = 472
output circuit appNtk/wal8_21_0.00919_1039_41.7.blif
time = 303864761 us
--------------- round 22 ---------------
seed = 2035381027
maxLevel = 4
n105 is replaced by one with estimated error 0.01281
error = 0.01281
area = 1036
delay = 41.7
#gates = 470
output circuit appNtk/wal8_22_0.01281_1036_41.7.blif
time = 309673846 us
--------------- round 23 ---------------
seed = 3323768956
maxLevel = 4
n499 is replaced by n494 with estimated error 0.01511
error = 0.01511
area = 1035
delay = 41.7
#gates = 469
output circuit appNtk/wal8_23_0.01511_1035_41.7.blif
time = 318270614 us
--------------- round 24 ---------------
seed = 4106671249
maxLevel = 4
n74 is replaced by one with estimated error 0.02273
error = 0.02273
area = 1032
delay = 41.7
#gates = 467
output circuit appNtk/wal8_24_0.02273_1032_41.7.blif
time = 328304523 us
--------------- round 25 ---------------
seed = 3956233050
maxLevel = 4
n143 is replaced by n135 with estimated error 0.02562
error = 0.02562
area = 1031
delay = 41.7
#gates = 466
output circuit appNtk/wal8_25_0.02562_1031_41.7.blif
time = 335938262 us
--------------- round 26 ---------------
seed = 1366068956
maxLevel = 4
n476 is replaced by n470 with estimated error 0.02936
error = 0.02936
area = 1030
delay = 41.7
#gates = 465
output circuit appNtk/wal8_26_0.02936_1030_41.7.blif
time = 340555904 us
--------------- round 27 ---------------
seed = 1745601172
maxLevel = 4
exceed error bound
