abc command read data/library/mcnc.genlib
Entered genlib library with 23 gates from file "data/library/mcnc.genlib".
abc command read_blif data/su/cla32.blif
Line 11: Skipping line ".default_input_arrival 0.00 0.00 ".
Line 12: Skipping line ".default_output_required 0.00 0.00 ".
Line 13: Skipping line ".default_input_drive 0.10 0.10 ".
Line 14: Skipping line ".default_output_load 2.00 ".
Line 15: Skipping line ".default_max_input_load 999.00 ".
abc command print_stats
[1;37mcla32                         :[0m i/o =   64/   33  lat =    0  nd =   419  edge =    952  area =958.00  delay =38.50  lev = 27
--------------- round 1 ---------------
seed = 2736303685
maxLevel = 1
[2874] is replaced by [1746] with estimated error 0
error = 0
area = 952
delay = 38.5
#gates = 419
output circuit appNtk/cla32_1_0_952_38.5.blif
time = 21178045 us
--------------- round 2 ---------------
seed = 3831212936
maxLevel = 1
[3172] is replaced by zero with estimated error 0
error = 0
area = 946
delay = 38.5
#gates = 416
output circuit appNtk/cla32_2_0_946_38.5.blif
time = 41971583 us
--------------- round 3 ---------------
seed = 465782414
maxLevel = 1
[1105] is replaced by n273 with estimated error 0
error = 0
area = 941
delay = 38.5
#gates = 414
output circuit appNtk/cla32_3_0_941_38.5.blif
time = 62176179 us
--------------- round 4 ---------------
seed = 3751855249
maxLevel = 1
[1644] is replaced by [2670] with estimated error 7.62939e-06
error = 7.62939e-06
area = 937
delay = 38.5
#gates = 412
output circuit appNtk/cla32_4_7.62939e-06_937_38.5.blif
time = 82162773 us
--------------- round 5 ---------------
seed = 1652648966
maxLevel = 1
[2636] is replaced by [2632] with inverter with estimated error 1.14441e-05
error = 1.14441e-05
area = 935
delay = 38.5
#gates = 412
output circuit appNtk/cla32_5_1.14441e-05_935_38.5.blif
time = 101930459 us
--------------- round 6 ---------------
seed = 3447038261
maxLevel = 1
[2614] is replaced by one with estimated error 3.8147e-06
error = 2.28882e-05
area = 932
delay = 38.5
#gates = 411
output circuit appNtk/cla32_6_2.28882e-05_932_38.5.blif
time = 121918541 us
--------------- round 7 ---------------
seed = 224125345
maxLevel = 1
[2479] is replaced by [2484] with estimated error 0.00144339
error = 0.00144339
area = 929
delay = 38.5
#gates = 410
output circuit appNtk/cla32_7_0.00144339_929_38.5.blif
time = 142755268 us
--------------- round 8 ---------------
seed = 4085572725
maxLevel = 1
[2484] is replaced by [1555] with inverter with estimated error 0.00077939
error = 0.00077939
area = 927
delay = 38.5
#gates = 409
output circuit appNtk/cla32_8_0.00077939_927_38.5.blif
time = 162285214 us
--------------- round 9 ---------------
seed = 4136248839
maxLevel = 1
[2316] is replaced by zero with estimated error 0.001224
error = 0.001224
area = 925
delay = 38.5
#gates = 408
output circuit appNtk/cla32_9_0.001224_925_38.5.blif
time = 182853111 us
--------------- round 10 ---------------
seed = 1028494703
maxLevel = 1
[2286] is replaced by [1536] with estimated error 0.000851187
error = 0.000851187
area = 923
delay = 38.5
#gates = 407
output circuit appNtk/cla32_10_0.000851187_923_38.5.blif
time = 202158389 us
--------------- round 11 ---------------
seed = 2484375322
maxLevel = 1
sum[1] is replaced by zero with estimated error 0.00191569
error = 0.00191569
area = 917
delay = 38.5
#gates = 404
output circuit appNtk/cla32_11_0.00191569_917_38.5.blif
time = 222604657 us
--------------- round 12 ---------------
seed = 1442529391
maxLevel = 1
sum[3] is replaced by [1545] with inverter with estimated error 0.000977163
error = 0.000977163
area = 913
delay = 38.5
#gates = 403
output circuit appNtk/cla32_12_0.000977163_913_38.5.blif
time = 241696109 us
--------------- round 13 ---------------
seed = 3760235290
maxLevel = 1
[1537] is replaced by b[2] with inverter with estimated error 0.000982251
error = 0.000982251
area = 909
delay = 38.5
#gates = 402
output circuit appNtk/cla32_13_0.000982251_909_38.5.blif
time = 261885839 us
--------------- round 14 ---------------
seed = 8495654
maxLevel = 1
[1532] is replaced by [1562] with inverter with estimated error 0.000890567
error = 0.000890567
area = 905
delay = 37.4
#gates = 401
output circuit appNtk/cla32_14_0.000890567_905_37.4.blif
time = 304377027 us
--------------- round 15 ---------------
seed = 881585287
maxLevel = 1
[2270] is replaced by [1533] with estimated error 0.000825039
error = 0.000825039
area = 903
delay = 37.4
#gates = 400
output circuit appNtk/cla32_15_0.000825039_903_37.4.blif
time = 348141962 us
--------------- round 16 ---------------
seed = 2215116751
maxLevel = 1
[2294] is replaced by [1593] with estimated error 0.00115744
error = 0.00115744
area = 896
delay = 37.4
#gates = 396
output circuit appNtk/cla32_16_0.00115744_896_37.4.blif
time = 391199944 us
--------------- round 17 ---------------
seed = 1708899386
maxLevel = 1
[1538] is replaced by a[2] with estimated error 0.00103289
error = 0.00103289
area = 891
delay = 32.4
#gates = 393
output circuit appNtk/cla32_17_0.00103289_891_32.4.blif
time = 433706060 us
--------------- round 18 ---------------
seed = 1404076954
maxLevel = 1
sum[0] is replaced by a[0] with estimated error 0.000949757
error = 0.000949757
area = 885
delay = 32.4
#gates = 390
output circuit appNtk/cla32_18_0.000949757_885_32.4.blif
Abc_NtkLogicToNetlist() warning: The network is converted to have simple COs.
time = 474072538 us
--------------- round 19 ---------------
seed = 2855967413
maxLevel = 1
[1544] is replaced by [1811] with inverter with estimated error 0.000974597
error = 0.000974597
area = 880
delay = 32.4
#gates = 388
output circuit appNtk/cla32_19_0.000974597_880_32.4.blif
Abc_NtkLogicToNetlist() warning: The network is converted to have simple COs.
time = 514743407 us
--------------- round 20 ---------------
seed = 49351260
maxLevel = 1
[2320] is replaced by [1774] with estimated error 0.00204828
error = 0.00204828
area = 879
delay = 31.5
#gates = 387
output circuit appNtk/cla32_20_0.00204828_879_31.5.blif
Abc_NtkLogicToNetlist() warning: The network is converted to have simple COs.
time = 555266827 us
--------------- round 21 ---------------
seed = 2625275114
maxLevel = 1
n522 is replaced by zero with estimated error 0.00195623
error = 0.00195623
area = 878
delay = 31.5
#gates = 386
output circuit appNtk/cla32_21_0.00195623_878_31.5.blif
Abc_NtkLogicToNetlist() warning: The network is converted to have simple COs.
time = 595694265 us
--------------- round 22 ---------------
seed = 2858301079
maxLevel = 1
n524 is replaced by [1701] with estimated error 0.00108361
error = 0.00108361
area = 877
delay = 31.5
#gates = 385
output circuit appNtk/cla32_22_0.00108361_877_31.5.blif
Abc_NtkLogicToNetlist() warning: The network is converted to have simple COs.
time = 636044375 us
--------------- round 23 ---------------
seed = 3183729040
maxLevel = 1
[2641] is replaced by [2576] with estimated error 0.00185589
error = 0.00185589
area = 872
delay = 31.5
#gates = 383
output circuit appNtk/cla32_23_0.00185589_872_31.5.blif
Abc_NtkLogicToNetlist() warning: The network is converted to have simple COs.
time = 676221284 us
--------------- round 24 ---------------
seed = 1035633089
maxLevel = 1
[2607] is replaced by [2739] with estimated error 0.00174541
error = 0.00174541
area = 869
delay = 31.5
#gates = 382
output circuit appNtk/cla32_24_0.00174541_869_31.5.blif
Abc_NtkLogicToNetlist() warning: The network is converted to have simple COs.
time = 715987835 us
--------------- round 25 ---------------
seed = 2439327621
maxLevel = 1
sum[2] is replaced by [1688] with estimated error 0.000784904
error = 0.000784904
area = 858
delay = 31.5
#gates = 377
output circuit appNtk/cla32_25_0.000784904_858_31.5.blif
Abc_NtkLogicToNetlist() warning: The network is converted to have simple COs.
time = 754415396 us
--------------- round 26 ---------------
seed = 3081909022
maxLevel = 1
[1546] is replaced by [1794] with estimated error 0.000815788
error = 0.000815788
area = 856
delay = 31.5
#gates = 376
output circuit appNtk/cla32_26_0.000815788_856_31.5.blif
Abc_NtkLogicToNetlist() warning: The network is converted to have simple COs.
time = 792148311 us
--------------- round 27 ---------------
seed = 3646823966
maxLevel = 1
sum[4] is replaced by [1774] with estimated error 0.000825088
error = 0.000825088
area = 851
delay = 31.5
#gates = 374
output circuit appNtk/cla32_27_0.000825088_851_31.5.blif
Abc_NtkLogicToNetlist() warning: The network is converted to have simple COs.
time = 829727202 us
--------------- round 28 ---------------
seed = 284616489
maxLevel = 1
[2619] is replaced by [1633] with estimated error 0.000900362
error = 0.000900362
area = 844
delay = 31.5
#gates = 371
output circuit appNtk/cla32_28_0.000900362_844_31.5.blif
Abc_NtkLogicToNetlist() warning: The network is converted to have simple COs.
time = 867929411 us
--------------- round 29 ---------------
seed = 2878993373
maxLevel = 1
[1545] is replaced by b[0] with inverter with estimated error 0.000628378
error = 0.000628378
area = 843
delay = 31.5
#gates = 371
output circuit appNtk/cla32_29_0.000628378_843_31.5.blif
Abc_NtkLogicToNetlist() warning: The network is converted to have simple COs.
time = 904518967 us
--------------- round 30 ---------------
seed = 2099925071
maxLevel = 1
n521 is replaced by [2706] with estimated error 0.00063092
error = 0.00063092
area = 842
delay = 31.5
#gates = 370
output circuit appNtk/cla32_30_0.00063092_842_31.5.blif
Abc_NtkLogicToNetlist() warning: The network is converted to have simple COs.
time = 941213642 us
--------------- round 31 ---------------
seed = 742900719
maxLevel = 1
n295 is replaced by [3098] with estimated error 0.00135235
error = 0.00135235
area = 834
delay = 28.6
#gates = 367
output circuit appNtk/cla32_31_0.00135235_834_28.6.blif
Abc_NtkLogicToNetlist() warning: The network is converted to have simple COs.
time = 979076805 us
--------------- round 32 ---------------
seed = 2449619567
maxLevel = 1
[2482] is replaced by one with estimated error 0.253082
error = 0.253082
area = 830
delay = 28.6
#gates = 365
output circuit appNtk/cla32_32_0.253082_830_28.6.blif
Abc_NtkLogicToNetlist() warning: The network is converted to have simple COs.
time = 1016282820 us
--------------- round 33 ---------------
seed = 1860741687
maxLevel = 1
[1554] is replaced by [142105] with inverter with estimated error 0.252563
error = 0.252563
area = 825
delay = 28.6
#gates = 364
output circuit appNtk/cla32_33_0.252563_825_28.6.blif
Abc_NtkLogicToNetlist() warning: The network is converted to have simple COs.
time = 1053105375 us
--------------- round 34 ---------------
seed = 3575752264
maxLevel = 1
[2405] is replaced by [1575] with estimated error 0.128742
error = 0.128742
area = 822
delay = 28.6
#gates = 363
output circuit appNtk/cla32_34_0.128742_822_28.6.blif
Abc_NtkLogicToNetlist() warning: The network is converted to have simple COs.
time = 1089718388 us
--------------- round 35 ---------------
seed = 2637624989
maxLevel = 1
[1550] is replaced by [2706] with inverter with estimated error 0.503572
error = 0.503572
area = 819
delay = 28.6
#gates = 363
output circuit appNtk/cla32_35_0.503572_819_28.6.blif
Abc_NtkLogicToNetlist() warning: The network is converted to have simple COs.
time = 1126217949 us
--------------- round 36 ---------------
seed = 3713869929
maxLevel = 1
[1596] is replaced by [2437] with estimated error 0.398559
error = 0.398559
area = 816
delay = 28.6
#gates = 362
output circuit appNtk/cla32_36_0.398559_816_28.6.blif
Abc_NtkLogicToNetlist() warning: The network is converted to have simple COs.
time = 1162872054 us
--------------- round 37 ---------------
seed = 2544193763
maxLevel = 1
[2432] is replaced by [2408] with estimated error 0.37897
error = 0.37897
area = 813
delay = 28.6
#gates = 361
output circuit appNtk/cla32_37_0.37897_813_28.6.blif
Abc_NtkLogicToNetlist() warning: The network is converted to have simple COs.
time = 1202599832 us
--------------- round 38 ---------------
seed = 3823262238
maxLevel = 1
[2327] is replaced by zero with estimated error 0.255495
error = 0.255495
area = 811
delay = 28.6
#gates = 360
output circuit appNtk/cla32_38_0.255495_811_28.6.blif
Abc_NtkLogicToNetlist() warning: The network is converted to have simple COs.
time = 1240994180 us
--------------- round 39 ---------------
seed = 583975411
maxLevel = 1
[2491] is replaced by [2408] with estimated error 0.0469575
error = 0.0469575
area = 810
delay = 28.6
#gates = 359
output circuit appNtk/cla32_39_0.0469575_810_28.6.blif
Abc_NtkLogicToNetlist() warning: The network is converted to have simple COs.
time = 1278204739 us
--------------- round 40 ---------------
seed = 4076852817
maxLevel = 1
n526 is replaced by [1663] with estimated error 0.129774
error = 0.129774
area = 809
delay = 28.6
#gates = 358
output circuit appNtk/cla32_40_0.129774_809_28.6.blif
Abc_NtkLogicToNetlist() warning: The network is converted to have simple COs.
time = 1315601340 us
--------------- round 41 ---------------
seed = 1146710558
maxLevel = 1
sum[7] is replaced by [2410] with estimated error 0.379225
error = 0.379225
area = 801
delay = 28.6
#gates = 355
output circuit appNtk/cla32_41_0.379225_801_28.6.blif
Abc_NtkLogicToNetlist() warning: The network is converted to have simple COs.
time = 1351555126 us
--------------- round 42 ---------------
seed = 2329621147
maxLevel = 1
sum[5] is replaced by [2463] with inverter with estimated error 0.00484785
error = 0.00484785
area = 794
delay = 28.6
#gates = 353
output circuit appNtk/cla32_42_0.00484785_794_28.6.blif
Abc_NtkLogicToNetlist() warning: The network is converted to have simple COs.
time = 1387342879 us
--------------- round 43 ---------------
seed = 3003740863
maxLevel = 1
[2750] is replaced by [1670] with estimated error 0.129842
error = 0.129842
area = 790
delay = 28.6
#gates = 352
output circuit appNtk/cla32_43_0.129842_790_28.6.blif
Abc_NtkLogicToNetlist() warning: The network is converted to have simple COs.
time = 1424032847 us
--------------- round 44 ---------------
seed = 3895830942
maxLevel = 1
[2368] is replaced by [1574] with estimated error 0.255146
error = 0.255146
area = 788
delay = 28.6
#gates = 351
output circuit appNtk/cla32_44_0.255146_788_28.6.blif
Abc_NtkLogicToNetlist() warning: The network is converted to have simple COs.
time = 1461081886 us
--------------- round 45 ---------------
seed = 282574897
maxLevel = 1
n528 is replaced by zero with estimated error 0.129566
error = 0.129566
area = 787
delay = 28.6
#gates = 350
output circuit appNtk/cla32_45_0.129566_787_28.6.blif
Abc_NtkLogicToNetlist() warning: The network is converted to have simple COs.
time = 1496837184 us
--------------- round 46 ---------------
seed = 3481836074
maxLevel = 1
[2371] is replaced by [1788] with estimated error 0.139385
error = 0.139385
area = 783
delay = 28.6
#gates = 348
output circuit appNtk/cla32_46_0.139385_783_28.6.blif
Abc_NtkLogicToNetlist() warning: The network is converted to have simple COs.
time = 1535791156 us
--------------- round 47 ---------------
seed = 1080201029
maxLevel = 1
[1552] is replaced by one with estimated error 0.00466436
error = 0.00466436
area = 781
delay = 28.6
#gates = 347
output circuit appNtk/cla32_47_0.00466436_781_28.6.blif
Abc_NtkLogicToNetlist() warning: The network is converted to have simple COs.
time = 1570947780 us
--------------- round 48 ---------------
seed = 1948665130
maxLevel = 1
[1556] is replaced by zero with estimated error 0.504897
error = 0.504897
area = 780
delay = 28.6
#gates = 346
output circuit appNtk/cla32_48_0.504897_780_28.6.blif
Abc_NtkLogicToNetlist() warning: The network is converted to have simple COs.
time = 1605831030 us
--------------- round 49 ---------------
seed = 1133873558
maxLevel = 1
[1555] is replaced by zero with estimated error 0.254874
error = 0.254874
area = 779
delay = 28.6
#gates = 345
output circuit appNtk/cla32_49_0.254874_779_28.6.blif
Abc_NtkLogicToNetlist() warning: The network is converted to have simple COs.
time = 1641122672 us
--------------- round 50 ---------------
seed = 2576055745
maxLevel = 1
sum[6] is replaced by [1575] with estimated error 0.254597
error = 0.254597
area = 776
delay = 28.6
#gates = 344
output circuit appNtk/cla32_50_0.254597_776_28.6.blif
Abc_NtkLogicToNetlist() warning: The network is converted to have simple COs.
time = 1675719455 us
--------------- round 51 ---------------
seed = 2091341141
maxLevel = 1
[2408] is replaced by [1573] with estimated error 0.130007
error = 0.130007
area = 772
delay = 28.6
#gates = 342
output circuit appNtk/cla32_51_0.130007_772_28.6.blif
Abc_NtkLogicToNetlist() warning: The network is converted to have simple COs.
time = 1710139224 us
--------------- round 52 ---------------
seed = 1720939179
maxLevel = 1
[2434] is replaced by [1636] with estimated error 0.130217
error = 0.130217
area = 769
delay = 28.6
#gates = 341
output circuit appNtk/cla32_52_0.130217_769_28.6.blif
Abc_NtkLogicToNetlist() warning: The network is converted to have simple COs.
time = 1744680143 us
--------------- round 53 ---------------
seed = 2235313821
maxLevel = 1
[2418] is replaced by [2448] with estimated error 0.256114
error = 0.256114
area = 768
delay = 28.6
#gates = 340
output circuit appNtk/cla32_53_0.256114_768_28.6.blif
Abc_NtkLogicToNetlist() warning: The network is converted to have simple COs.
time = 1778017145 us
--------------- round 54 ---------------
seed = 1654297291
maxLevel = 1
[1557] is replaced by [1653] with estimated error 0.00473236
error = 0.00473236
area = 764
delay = 28.6
#gates = 339
output circuit appNtk/cla32_54_0.00473236_764_28.6.blif
Abc_NtkLogicToNetlist() warning: The network is converted to have simple COs.
time = 1813418462 us
--------------- round 55 ---------------
seed = 2983187315
maxLevel = 1
[2441] is replaced by [2439] with estimated error 0.256543
error = 0.256543
area = 763
delay = 28.6
#gates = 338
output circuit appNtk/cla32_55_0.256543_763_28.6.blif
Abc_NtkLogicToNetlist() warning: The network is converted to have simple COs.
time = 1846300025 us
--------------- round 56 ---------------
seed = 995914430
maxLevel = 1
[2399] is replaced by [2647] with estimated error 0.00591371
error = 0.00591371
area = 758
delay = 28.6
#gates = 336
output circuit appNtk/cla32_56_0.00591371_758_28.6.blif
Abc_NtkLogicToNetlist() warning: The network is converted to have simple COs.
time = 1878924922 us
--------------- round 57 ---------------
seed = 583461143
maxLevel = 1
[2486] is replaced by [2403] with estimated error 0.131905
error = 0.131905
area = 754
delay = 28.6
#gates = 334
output circuit appNtk/cla32_57_0.131905_754_28.6.blif
Abc_NtkLogicToNetlist() warning: The network is converted to have simple COs.
time = 1911509317 us
--------------- round 58 ---------------
seed = 2952410452
maxLevel = 1
[2410] is replaced by [1573] with estimated error 0.00510528
error = 0.00510528
area = 753
delay = 28.6
#gates = 333
output circuit appNtk/cla32_58_0.00510528_753_28.6.blif
Abc_NtkLogicToNetlist() warning: The network is converted to have simple COs.
time = 1944867552 us
--------------- round 59 ---------------
seed = 1859667565
maxLevel = 1
sum[8] is replaced by [1572] with inverter with estimated error 0.132491
error = 0.132491
area = 750
delay = 28.6
#gates = 333
output circuit appNtk/cla32_59_0.132491_750_28.6.blif
Abc_NtkLogicToNetlist() warning: The network is converted to have simple COs.
time = 1978407011 us
--------------- round 60 ---------------
seed = 2491786786
maxLevel = 1
[1564] is replaced by n527 with estimated error 0.379914
error = 0.379914
area = 744
delay = 28.6
#gates = 330
output circuit appNtk/cla32_60_0.379914_744_28.6.blif
Abc_NtkLogicToNetlist() warning: The network is converted to have simple COs.
time = 2011581873 us
--------------- round 61 ---------------
seed = 3732244757
maxLevel = 1
[1571] is replaced by [2493] with estimated error 0.379865
error = 0.379865
area = 741
delay = 28.6
#gates = 329
output circuit appNtk/cla32_61_0.379865_741_28.6.blif
Abc_NtkLogicToNetlist() warning: The network is converted to have simple COs.
time = 2043574273 us
--------------- round 62 ---------------
seed = 3070369451
maxLevel = 1
[2439] is replaced by [2493] with inverter with estimated error 0.00414515
error = 0.00414515
area = 730
delay = 28.6
#gates = 326
output circuit appNtk/cla32_62_0.00414515_730_28.6.blif
Abc_NtkLogicToNetlist() warning: The network is converted to have simple COs.
time = 2075614905 us
--------------- round 63 ---------------
seed = 1779059710
maxLevel = 1
[1549] is replaced by one with estimated error 0.253674
error = 0.253643
area = 729
delay = 28.6
#gates = 325
output circuit appNtk/cla32_63_0.253643_729_28.6.blif
Abc_NtkLogicToNetlist() warning: The network is converted to have simple COs.
time = 2107113531 us
--------------- round 64 ---------------
seed = 1230209928
maxLevel = 1
[1618] is replaced by [1751] with inverter with estimated error 0.256467
error = 0.256467
area = 728
delay = 28.6
#gates = 325
output circuit appNtk/cla32_64_0.256467_728_28.6.blif
Abc_NtkLogicToNetlist() warning: The network is converted to have simple COs.
time = 2139787795 us
--------------- round 65 ---------------
seed = 3588480795
maxLevel = 1
[2517] is replaced by [1723] with estimated error 0.271813
error = 0.271813
area = 721
delay = 28.6
#gates = 322
output circuit appNtk/cla32_65_0.271813_721_28.6.blif
Abc_NtkLogicToNetlist() warning: The network is converted to have simple COs.
time = 2171657791 us
--------------- round 66 ---------------
seed = 2659269192
maxLevel = 1
[2715] is replaced by zero with estimated error 0.496736
error = 0.496736
area = 720
delay = 28.6
#gates = 321
output circuit appNtk/cla32_66_0.496736_720_28.6.blif
Abc_NtkLogicToNetlist() warning: The network is converted to have simple COs.
time = 2203475434 us
--------------- round 67 ---------------
seed = 3378838731
maxLevel = 1
[1607] is replaced by [3382] with inverter with estimated error 0.464992
error = 0.464992
area = 706
delay = 28.6
#gates = 315
output circuit appNtk/cla32_67_0.464992_706_28.6.blif
Abc_NtkLogicToNetlist() warning: The network is converted to have simple COs.
time = 2234565497 us
--------------- round 68 ---------------
seed = 2663024637
maxLevel = 1
[2466] is replaced by [1782] with estimated error 0.0935056
error = 0.0935056
area = 699
delay = 28.6
#gates = 312
output circuit appNtk/cla32_68_0.0935056_699_28.6.blif
Abc_NtkLogicToNetlist() warning: The network is converted to have simple COs.
time = 2264886317 us
--------------- round 69 ---------------
seed = 4223017216
maxLevel = 1
sum[10] is replaced by [2863] with estimated error 0.22553
error = 0.22553
area = 694
delay = 28.6
#gates = 310
output circuit appNtk/cla32_69_0.22553_694_28.6.blif
Abc_NtkLogicToNetlist() warning: The network is converted to have simple COs.
time = 2298862601 us
--------------- round 70 ---------------
seed = 4104865283
maxLevel = 1
[1574] is replaced by [1624] with estimated error 0.279154
error = 0.279154
area = 690
delay = 28.6
#gates = 309
output circuit appNtk/cla32_70_0.279154_690_28.6.blif
Abc_NtkLogicToNetlist() warning: The network is converted to have simple COs.
time = 2331678273 us
--------------- round 71 ---------------
seed = 947392558
maxLevel = 1
[1572] is replaced by [1580] with estimated error 0.211716
error = 0.211716
area = 689
delay = 28.6
#gates = 308
output circuit appNtk/cla32_71_0.211716_689_28.6.blif
Abc_NtkLogicToNetlist() warning: The network is converted to have simple COs.
time = 2360862621 us
--------------- round 72 ---------------
seed = 887790121
maxLevel = 1
[2430] is replaced by [2604] with estimated error 0.480571
error = 0.480571
area = 688
delay = 28.6
#gates = 307
output circuit appNtk/cla32_72_0.480571_688_28.6.blif
Abc_NtkLogicToNetlist() warning: The network is converted to have simple COs.
time = 2390081853 us
--------------- round 73 ---------------
seed = 1806727854
maxLevel = 1
n529 is replaced by n531 with estimated error 0.614385
error = 0.614385
area = 687
delay = 28.6
#gates = 306
output circuit appNtk/cla32_73_0.614385_687_28.6.blif
Abc_NtkLogicToNetlist() warning: The network is converted to have simple COs.
time = 2419812678 us
--------------- round 74 ---------------
seed = 1260553737
maxLevel = 1
sum[11] is replaced by [2547] with estimated error 0.344835
error = 0.344835
area = 680
delay = 28.6
#gates = 302
output circuit appNtk/cla32_74_0.344835_680_28.6.blif
Abc_NtkLogicToNetlist() warning: The network is converted to have simple COs.
time = 2448513978 us
--------------- round 75 ---------------
seed = 3452245231
maxLevel = 1
n530 is replaced by [1766] with estimated error 0.33841
error = 0.33841
area = 679
delay = 28.6
#gates = 301
output circuit appNtk/cla32_75_0.33841_679_28.6.blif
Abc_NtkLogicToNetlist() warning: The network is converted to have simple COs.
time = 2476543717 us
--------------- round 76 ---------------
seed = 3213850906
maxLevel = 1
n531 is replaced by [1755] with estimated error 0.216561
error = 0.216561
area = 678
delay = 28.6
#gates = 300
output circuit appNtk/cla32_76_0.216561_678_28.6.blif
Abc_NtkLogicToNetlist() warning: The network is converted to have simple COs.
time = 2504886450 us
--------------- round 77 ---------------
seed = 1395004984
maxLevel = 1
[2461] is replaced by [1790] with inverter with estimated error 0.815766
error = 0.815766
area = 675
delay = 28.6
#gates = 299
output circuit appNtk/cla32_77_0.815766_675_28.6.blif
Abc_NtkLogicToNetlist() warning: The network is converted to have simple COs.
time = 2532752435 us
--------------- round 78 ---------------
seed = 3249445413
maxLevel = 1
[1575] is replaced by [1711] with estimated error 0.0967799
error = 0.0967799
area = 673
delay = 28.6
#gates = 298
output circuit appNtk/cla32_78_0.0967799_673_28.6.blif
Abc_NtkLogicToNetlist() warning: The network is converted to have simple COs.
time = 2560284776 us
--------------- round 79 ---------------
seed = 3802459388
maxLevel = 1
n177 is replaced by [2564] with estimated error 1.17802
error = 1.17802
area = 667
delay = 28.6
#gates = 295
output circuit appNtk/cla32_79_1.17802_667_28.6.blif
Abc_NtkLogicToNetlist() warning: The network is converted to have simple COs.
time = 2587449945 us
--------------- round 80 ---------------
seed = 3416706864
maxLevel = 1
[1619] is replaced by [1654] with estimated error 0.248311
error = 0.248311
area = 665
delay = 28.6
#gates = 294
output circuit appNtk/cla32_80_0.248311_665_28.6.blif
Abc_NtkLogicToNetlist() warning: The network is converted to have simple COs.
time = 2614983474 us
--------------- round 81 ---------------
seed = 550838765
maxLevel = 1
[2547] is replaced by n273 with estimated error 0.607203
error = 0.607203
area = 664
delay = 28.6
#gates = 293
output circuit appNtk/cla32_81_0.607203_664_28.6.blif
Abc_NtkLogicToNetlist() warning: The network is converted to have simple COs.
time = 2642296043 us
--------------- round 82 ---------------
seed = 1011360452
maxLevel = 1
[3382] is replaced by [2622] with estimated error 0.342364
error = 0.342364
area = 645
delay = 28.6
#gates = 285
output circuit appNtk/cla32_82_0.342364_645_28.6.blif
Abc_NtkLogicToNetlist() warning: The network is converted to have simple COs.
time = 2669252803 us
--------------- round 83 ---------------
seed = 1873367277
maxLevel = 1
[1581] is replaced by [1710] with estimated error 0.345477
error = 0.345477
area = 644
delay = 28.6
#gates = 284
output circuit appNtk/cla32_83_0.345477_644_28.6.blif
Abc_NtkLogicToNetlist() warning: The network is converted to have simple COs.
time = 2695097943 us
--------------- round 84 ---------------
seed = 2028931405
maxLevel = 1
[2539] is replaced by [1664] with estimated error 0.0984438
error = 0.0984438
area = 637
delay = 28.6
#gates = 282
output circuit appNtk/cla32_84_0.0984438_637_28.6.blif
Abc_NtkLogicToNetlist() warning: The network is converted to have simple COs.
time = 2720635085 us
--------------- round 85 ---------------
seed = 708267282
maxLevel = 1
[1592] is replaced by [1791] with estimated error 0.0959078
error = 0.0959078
area = 628
delay = 28.6
#gates = 278
output circuit appNtk/cla32_85_0.0959078_628_28.6.blif
Abc_NtkLogicToNetlist() warning: The network is converted to have simple COs.
time = 2746053678 us
--------------- round 86 ---------------
seed = 3654368500
maxLevel = 1
[1584] is replaced by [1593] with estimated error 0.459475
error = 0.459475
area = 627
delay = 28.6
#gates = 277
output circuit appNtk/cla32_86_0.459475_627_28.6.blif
Abc_NtkLogicToNetlist() warning: The network is converted to have simple COs.
time = 2770188691 us
--------------- round 87 ---------------
seed = 1933320034
maxLevel = 1
[1610] is replaced by [2552] with estimated error 0.0825678
error = 0.0825678
area = 621
delay = 28.6
#gates = 274
output circuit appNtk/cla32_87_0.0825678_621_28.6.blif
Abc_NtkLogicToNetlist() warning: The network is converted to have simple COs.
time = 2794066937 us
--------------- round 88 ---------------
seed = 1037943817
maxLevel = 1
[2587] is replaced by [2741] with estimated error 0.212571
error = 0.212571
area = 612
delay = 28.6
#gates = 271
output circuit appNtk/cla32_88_0.212571_612_28.6.blif
Abc_NtkLogicToNetlist() warning: The network is converted to have simple COs.
time = 2817459006 us
--------------- round 89 ---------------
seed = 1568526659
maxLevel = 1
[1617] is replaced by a[6] with inverter with estimated error 0.469141
error = 0.469141
area = 611
delay = 28.6
#gates = 271
output circuit appNtk/cla32_89_0.469141_611_28.6.blif
Abc_NtkLogicToNetlist() warning: The network is converted to have simple COs.
time = 2842308542 us
--------------- round 90 ---------------
seed = 3400481419
maxLevel = 1
sum[12] is replaced by zero with estimated error 0.331577
error = 0.331577
area = 606
delay = 28.6
#gates = 269
output circuit appNtk/cla32_90_0.331577_606_28.6.blif
Abc_NtkLogicToNetlist() warning: The network is converted to have simple COs.
time = 2865793897 us
--------------- round 91 ---------------
seed = 3466437522
maxLevel = 1
[1579] is replaced by [1702] with estimated error 0.64583
error = 0.64583
area = 603
delay = 28.6
#gates = 268
output circuit appNtk/cla32_91_0.64583_603_28.6.blif
Abc_NtkLogicToNetlist() warning: The network is converted to have simple COs.
time = 2888621872 us
--------------- round 92 ---------------
seed = 210058874
maxLevel = 1
[2670] is replaced by one with estimated error 0.119646
error = 0.119646
area = 598
delay = 28.6
#gates = 266
output circuit appNtk/cla32_92_0.119646_598_28.6.blif
Abc_NtkLogicToNetlist() warning: The network is converted to have simple COs.
time = 2911412992 us
--------------- round 93 ---------------
seed = 3291104080
maxLevel = 1
[2552] is replaced by [1593] with estimated error 0.110617
error = 0.110617
area = 597
delay = 28.6
#gates = 265
output circuit appNtk/cla32_93_0.110617_597_28.6.blif
Abc_NtkLogicToNetlist() warning: The network is converted to have simple COs.
time = 2933739098 us
--------------- round 94 ---------------
seed = 2980817464
maxLevel = 1
sum[13] is replaced by [2591] with estimated error 0.362085
error = 0.362085
area = 592
delay = 28.6
#gates = 263
output circuit appNtk/cla32_94_0.362085_592_28.6.blif
Abc_NtkLogicToNetlist() warning: The network is converted to have simple COs.
time = 2955931941 us
--------------- round 95 ---------------
seed = 3938647214
maxLevel = 1
[141994] is replaced by [2734] with estimated error 0.105851
error = 0.105851
area = 590
delay = 28.6
#gates = 262
output circuit appNtk/cla32_95_0.105851_590_28.6.blif
Abc_NtkLogicToNetlist() warning: The network is converted to have simple COs.
time = 2977812074 us
--------------- round 96 ---------------
seed = 2821410207
maxLevel = 1
[1654] is replaced by b[6] with estimated error 0.246062
error = 0.246062
area = 586
delay = 28.6
#gates = 261
output circuit appNtk/cla32_96_0.246062_586_28.6.blif
Abc_NtkLogicToNetlist() warning: The network is converted to have simple COs.
time = 2999752419 us
--------------- round 97 ---------------
seed = 1215037943
maxLevel = 1
sum[15] is replaced by b[6] with inverter with estimated error 0.369095
error = 0.369095
area = 573
delay = 28.6
#gates = 254
output circuit appNtk/cla32_97_0.369095_573_28.6.blif
Abc_NtkLogicToNetlist() warning: The network is converted to have simple COs.
time = 3021877887 us
--------------- round 98 ---------------
seed = 3068553720
maxLevel = 1
sum[14] is replaced by [1658] with inverter with estimated error 0.243639
error = 0.243639
area = 569
delay = 28.6
#gates = 253
output circuit appNtk/cla32_98_0.243639_569_28.6.blif
Abc_NtkLogicToNetlist() warning: The network is converted to have simple COs.
time = 3043504262 us
--------------- round 99 ---------------
seed = 3255637134
maxLevel = 1
[1626] is replaced by [1692] with estimated error 0.36534
error = 0.36534
area = 565
delay = 28.6
#gates = 252
output circuit appNtk/cla32_99_0.36534_565_28.6.blif
Abc_NtkLogicToNetlist() warning: The network is converted to have simple COs.
time = 3064848270 us
--------------- round 100 ---------------
seed = 734085045
maxLevel = 1
n273 is replaced by [2594] with estimated error 0.222618
error = 0.222618
area = 556
delay = 28.6
#gates = 248
output circuit appNtk/cla32_100_0.222618_556_28.6.blif
Abc_NtkLogicToNetlist() warning: The network is converted to have simple COs.
time = 3086422235 us
--------------- round 101 ---------------
seed = 211181333
maxLevel = 1
[1664] is replaced by [1735] with estimated error 0.746697
error = 0.746697
area = 550
delay = 28.4
#gates = 245
output circuit appNtk/cla32_101_0.746697_550_28.4.blif
Abc_NtkLogicToNetlist() warning: The network is converted to have simple COs.
time = 3108029259 us
--------------- round 102 ---------------
seed = 2014530519
maxLevel = 1
[142684] is replaced by [2867] with estimated error 0.860042
error = 0.860042
area = 547
delay = 28.4
#gates = 243
output circuit appNtk/cla32_102_0.860042_547_28.4.blif
Abc_NtkLogicToNetlist() warning: The network is converted to have simple COs.
time = 3128950503 us
--------------- round 103 ---------------
seed = 2453175340
maxLevel = 1
[1593] is replaced by [1672] with estimated error 0.830997
error = 0.830997
area = 546
delay = 28.4
#gates = 242
output circuit appNtk/cla32_103_0.830997_546_28.4.blif
Abc_NtkLogicToNetlist() warning: The network is converted to have simple COs.
time = 3149614006 us
--------------- round 104 ---------------
seed = 3724245861
maxLevel = 1
[2591] is replaced by [2703] with estimated error 0.704284
error = 0.704284
area = 543
delay = 28.4
#gates = 241
output circuit appNtk/cla32_104_0.704284_543_28.4.blif
Abc_NtkLogicToNetlist() warning: The network is converted to have simple COs.
time = 3170638156 us
--------------- round 105 ---------------
seed = 619036698
maxLevel = 1
[2650] is replaced by [1689] with estimated error 0.895165
error = 0.895165
area = 536
delay = 28.4
#gates = 238
output circuit appNtk/cla32_105_0.895165_536_28.4.blif
Abc_NtkLogicToNetlist() warning: The network is converted to have simple COs.
time = 3192015211 us
--------------- round 106 ---------------
seed = 3776513037
maxLevel = 1
[1636] is replaced by [1811] with estimated error 0.928239
error = 0.928239
area = 530
delay = 28.4
#gates = 235
output circuit appNtk/cla32_106_0.928239_530_28.4.blif
Abc_NtkLogicToNetlist() warning: The network is converted to have simple COs.
time = 3213122773 us
--------------- round 107 ---------------
seed = 3715796717
maxLevel = 1
[2622] is replaced by [1811] with estimated error 0.9408
error = 0.9408
area = 527
delay = 28.4
#gates = 233
output circuit appNtk/cla32_107_0.9408_527_28.4.blif
Abc_NtkLogicToNetlist() warning: The network is converted to have simple COs.
time = 3233876512 us
--------------- round 108 ---------------
seed = 1148348233
maxLevel = 1
[1633] is replaced by [1691] with estimated error 0.88396
error = 0.88396
area = 517
delay = 28.4
#gates = 229
output circuit appNtk/cla32_108_0.88396_517_28.4.blif
Abc_NtkLogicToNetlist() warning: The network is converted to have simple COs.
time = 3253059776 us
--------------- round 109 ---------------
seed = 3582182897
maxLevel = 1
[1628] is replaced by [3100] with inverter with estimated error 0.907986
error = 0.907986
area = 513
delay = 28.4
#gates = 227
output circuit appNtk/cla32_109_0.907986_513_28.4.blif
Abc_NtkLogicToNetlist() warning: The network is converted to have simple COs.
time = 3274358305 us
--------------- round 110 ---------------
seed = 1725254958
maxLevel = 1
[2682] is replaced by [141928] with estimated error 0.926903
error = 0.926903
area = 512
delay = 28.4
#gates = 226
output circuit appNtk/cla32_110_0.926903_512_28.4.blif
Abc_NtkLogicToNetlist() warning: The network is converted to have simple COs.
time = 3294352589 us
--------------- round 111 ---------------
seed = 1386784274
maxLevel = 1
sum[16] is replaced by [2746] with estimated error 0.904579
error = 0.904579
area = 507
delay = 28.4
#gates = 224
output circuit appNtk/cla32_111_0.904579_507_28.4.blif
Abc_NtkLogicToNetlist() warning: The network is converted to have simple COs.
time = 3314252325 us
--------------- round 112 ---------------
seed = 2145129049
maxLevel = 1
[2719] is replaced by n282 with estimated error 0.851005
error = 0.851005
area = 506
delay = 28.4
#gates = 223
output circuit appNtk/cla32_112_0.851005_506_28.4.blif
Abc_NtkLogicToNetlist() warning: The network is converted to have simple COs.
time = 3332535275 us
--------------- round 113 ---------------
seed = 2452638868
maxLevel = 1
n536 is replaced by [1737] with estimated error 0.878006
error = 0.878006
area = 505
delay = 28.4
#gates = 222
output circuit appNtk/cla32_113_0.878006_505_28.4.blif
Abc_NtkLogicToNetlist() warning: The network is converted to have simple COs.
time = 3350397462 us
--------------- round 114 ---------------
seed = 2110699453
maxLevel = 1
[1670] is replaced by [1683] with estimated error 0.773448
error = 0.773448
area = 497
delay = 28.4
#gates = 219
output circuit appNtk/cla32_114_0.773448_497_28.4.blif
Abc_NtkLogicToNetlist() warning: The network is converted to have simple COs.
time = 3368531971 us
--------------- round 115 ---------------
seed = 3252489534
maxLevel = 1
[1665] is replaced by [2674] with estimated error 0.916482
error = 0.916482
area = 495
delay = 28.4
#gates = 218
output circuit appNtk/cla32_115_0.916482_495_28.4.blif
Abc_NtkLogicToNetlist() warning: The network is converted to have simple COs.
time = 3387292362 us
--------------- round 116 ---------------
seed = 762702052
maxLevel = 1
[2737] is replaced by one with estimated error 0.879341
error = 0.879341
area = 491
delay = 28.4
#gates = 217
output circuit appNtk/cla32_116_0.879341_491_28.4.blif
Abc_NtkLogicToNetlist() warning: The network is converted to have simple COs.
time = 3405181026 us
--------------- round 117 ---------------
seed = 123644217
maxLevel = 1
[2674] is replaced by [1736] with estimated error 0.657409
error = 0.657409
area = 488
delay = 28.4
#gates = 216
output circuit appNtk/cla32_117_0.657409_488_28.4.blif
Abc_NtkLogicToNetlist() warning: The network is converted to have simple COs.
time = 3422499938 us
--------------- round 118 ---------------
seed = 2059503527
maxLevel = 1
[141978] is replaced by [1678] with estimated error 0.646681
error = 0.646681
area = 486
delay = 28.4
#gates = 215
output circuit appNtk/cla32_118_0.646681_486_28.4.blif
Abc_NtkLogicToNetlist() warning: The network is converted to have simple COs.
time = 3439904774 us
--------------- round 119 ---------------
seed = 989934235
maxLevel = 1
[1661] is replaced by [1658] with estimated error 0.522974
error = 0.522974
area = 481
delay = 28.4
#gates = 213
output circuit appNtk/cla32_119_0.522974_481_28.4.blif
Abc_NtkLogicToNetlist() warning: The network is converted to have simple COs.
time = 3459696367 us
--------------- round 120 ---------------
seed = 1170976134
maxLevel = 1
[1809] is replaced by [3103] with estimated error 0.524947
error = 0.524947
area = 451
delay = 24.8
#gates = 201
output circuit appNtk/cla32_120_0.524947_451_24.8.blif
Abc_NtkLogicToNetlist() warning: The network is converted to have simple COs.
time = 3475998670 us
--------------- round 121 ---------------
seed = 4258726044
maxLevel = 1
[141876] is replaced by n107 with estimated error 0.522228
error = 0.522228
area = 433
delay = 24.1
#gates = 193
output circuit appNtk/cla32_121_0.522228_433_24.1.blif
Abc_NtkLogicToNetlist() warning: The network is converted to have simple COs.
time = 3491948554 us
--------------- round 122 ---------------
seed = 1926425057
maxLevel = 1
n535 is replaced by [1733] with estimated error 0.523792
error = 0.523792
area = 432
delay = 24.1
#gates = 192
output circuit appNtk/cla32_122_0.523792_432_24.1.blif
Abc_NtkLogicToNetlist() warning: The network is converted to have simple COs.
time = 3508865080 us
--------------- round 123 ---------------
seed = 3490212633
maxLevel = 1
[2594] is replaced by [1674] with estimated error 0.5223
error = 0.5223
area = 430
delay = 24.1
#gates = 190
output circuit appNtk/cla32_123_0.5223_430_24.1.blif
Abc_NtkLogicToNetlist() warning: The network is converted to have simple COs.
time = 3524821378 us
--------------- round 124 ---------------
seed = 1345939511
maxLevel = 1
[1658] is replaced by zero with estimated error 0.501435
error = 0.501435
area = 425
delay = 24.1
#gates = 187
output circuit appNtk/cla32_124_0.501435_425_24.1.blif
Abc_NtkLogicToNetlist() warning: The network is converted to have simple COs.
time = 3540452393 us
--------------- round 125 ---------------
seed = 778489855
maxLevel = 1
[1688] is replaced by [2734] with estimated error 0.500156
error = 0.500156
area = 423
delay = 24.1
#gates = 186
output circuit appNtk/cla32_125_0.500156_423_24.1.blif
Abc_NtkLogicToNetlist() warning: The network is converted to have simple COs.
time = 3554503235 us
--------------- round 126 ---------------
seed = 484241087
maxLevel = 1
[2783] is replaced by one with estimated error 0.498643
error = 0.498643
area = 419
delay = 24.1
#gates = 185
output circuit appNtk/cla32_126_0.498643_419_24.1.blif
Abc_NtkLogicToNetlist() warning: The network is converted to have simple COs.
time = 3567775395 us
--------------- round 127 ---------------
seed = 4111339935
maxLevel = 1
[2739] is replaced by one with estimated error 0.496897
error = 0.496897
area = 416
delay = 24.1
#gates = 184
output circuit appNtk/cla32_127_0.496897_416_24.1.blif
Abc_NtkLogicToNetlist() warning: The network is converted to have simple COs.
time = 3580945287 us
--------------- round 128 ---------------
seed = 2789153497
maxLevel = 1
[1796] is replaced by [3099] with inverter with estimated error 0.499244
error = 0.499244
area = 414
delay = 24.1
#gates = 184
output circuit appNtk/cla32_128_0.499244_414_24.1.blif
Abc_NtkLogicToNetlist() warning: The network is converted to have simple COs.
time = 3594010174 us
--------------- round 129 ---------------
seed = 2693716109
maxLevel = 1
n538 is replaced by [3098] with estimated error 0.499359
error = 0.499359
area = 413
delay = 24.1
#gates = 183
output circuit appNtk/cla32_129_0.499359_413_24.1.blif
Abc_NtkLogicToNetlist() warning: The network is converted to have simple COs.
time = 3607102251 us
--------------- round 130 ---------------
seed = 3351645058
maxLevel = 1
[1771] is replaced by [1781] with estimated error 0.50005
error = 0.50005
area = 412
delay = 24.1
#gates = 182
output circuit appNtk/cla32_130_0.50005_412_24.1.blif
Abc_NtkLogicToNetlist() warning: The network is converted to have simple COs.
time = 3620061954 us
--------------- round 131 ---------------
seed = 3174628075
maxLevel = 1
[2795] is replaced by n164 with estimated error 0.500005
error = 0.500005
area = 411
delay = 24.1
#gates = 181
output circuit appNtk/cla32_131_0.500005_411_24.1.blif
Abc_NtkLogicToNetlist() warning: The network is converted to have simple COs.
time = 3632918345 us
--------------- round 132 ---------------
seed = 2200248613
maxLevel = 1
[1700] is replaced by [1709] with estimated error 0.496886
error = 0.496886
area = 409
delay = 24.1
#gates = 180
output circuit appNtk/cla32_132_0.496886_409_24.1.blif
Abc_NtkLogicToNetlist() warning: The network is converted to have simple COs.
time = 3645683362 us
--------------- round 133 ---------------
seed = 3682840953
maxLevel = 1
[2746] is replaced by [2744] with estimated error 0.501686
error = 0.501686
area = 408
delay = 24.1
#gates = 179
output circuit appNtk/cla32_133_0.501686_408_24.1.blif
Abc_NtkLogicToNetlist() warning: The network is converted to have simple COs.
time = 3658336992 us
--------------- round 134 ---------------
seed = 3480903992
maxLevel = 1
[2752] is replaced by [1676] with estimated error 0.499611
error = 0.499611
area = 407
delay = 24.1
#gates = 178
output circuit appNtk/cla32_134_0.499611_407_24.1.blif
Abc_NtkLogicToNetlist() warning: The network is converted to have simple COs.
time = 3670899175 us
--------------- round 135 ---------------
seed = 718064107
maxLevel = 1
[2759] is replaced by [1676] with estimated error 0.49936
error = 0.49936
area = 402
delay = 24.1
#gates = 175
output circuit appNtk/cla32_135_0.49936_402_24.1.blif
Abc_NtkLogicToNetlist() warning: The network is converted to have simple COs.
time = 3683370396 us
--------------- round 136 ---------------
seed = 1916543574
maxLevel = 1
n282 is replaced by [1671] with estimated error 0.533199
error = 0.533199
area = 398
delay = 24.1
#gates = 173
output circuit appNtk/cla32_136_0.533199_398_24.1.blif
Abc_NtkLogicToNetlist() warning: The network is converted to have simple COs.
time = 3695517651 us
--------------- round 137 ---------------
seed = 2181533722
maxLevel = 1
[2761] is replaced by one with estimated error 0.537428
error = 0.537428
area = 395
delay = 24.1
#gates = 172
output circuit appNtk/cla32_137_0.537428_395_24.1.blif
Abc_NtkLogicToNetlist() warning: The network is converted to have simple COs.
time = 3707477047 us
--------------- round 138 ---------------
seed = 2414703460
maxLevel = 1
[2741] is replaced by [2706] with estimated error 0.537113
error = 0.537113
area = 392
delay = 22.7
#gates = 171
output circuit appNtk/cla32_138_0.537113_392_22.7.blif
Abc_NtkLogicToNetlist() warning: The network is converted to have simple COs.
time = 3719521911 us
--------------- round 139 ---------------
seed = 1407621603
maxLevel = 1
sum[17] is replaced by a[17] with estimated error 0.802361
error = 0.802361
area = 383
delay = 22.7
#gates = 168
output circuit appNtk/cla32_139_0.802361_383_22.7.blif
Abc_NtkLogicToNetlist() warning: The network is converted to have simple COs.
time = 3731509485 us
--------------- round 140 ---------------
seed = 2220604088
maxLevel = 1
[1678] is replaced by b[17] with estimated error 0.62377
error = 0.62377
area = 378
delay = 22.7
#gates = 165
output circuit appNtk/cla32_140_0.62377_378_22.7.blif
Abc_NtkLogicToNetlist() warning: The network is converted to have simple COs.
time = 3743321261 us
--------------- round 141 ---------------
seed = 3522344772
maxLevel = 1
[142548] is replaced by [1705] with inverter with estimated error 0.625296
error = 0.625296
area = 377
delay = 22.7
#gates = 165
output circuit appNtk/cla32_141_0.625296_377_22.7.blif
Abc_NtkLogicToNetlist() warning: The network is converted to have simple COs.
time = 3755078359 us
--------------- round 142 ---------------
seed = 1305316052
maxLevel = 1
sum[18] is replaced by n303 with estimated error 1.13798
error = 1.13798
area = 373
delay = 22.7
#gates = 164
output circuit appNtk/cla32_142_1.13798_373_22.7.blif
Abc_NtkLogicToNetlist() warning: The network is converted to have simple COs.
time = 3767835547 us
--------------- round 143 ---------------
seed = 3073050106
maxLevel = 1
[1676] is replaced by a[18] with estimated error 1.38766
error = 1.38766
area = 369
delay = 22.7
#gates = 163
output circuit appNtk/cla32_143_1.38766_369_22.7.blif
Abc_NtkLogicToNetlist() warning: The network is converted to have simple COs.
time = 3779358932 us
--------------- round 144 ---------------
seed = 4236978251
maxLevel = 1
[2744] is replaced by one with estimated error 1.43062
error = 1.43062
area = 368
delay = 22.7
#gates = 162
output circuit appNtk/cla32_144_1.43062_368_22.7.blif
Abc_NtkLogicToNetlist() warning: The network is converted to have simple COs.
time = 3791738283 us
--------------- round 145 ---------------
seed = 287943874
maxLevel = 1
[1683] is replaced by b[17] with estimated error 1.33646
error = 1.33646
area = 365
delay = 22.7
#gates = 161
output circuit appNtk/cla32_145_1.33646_365_22.7.blif
Abc_NtkLogicToNetlist() warning: The network is converted to have simple COs.
time = 3803586446 us
--------------- round 146 ---------------
seed = 4028382163
maxLevel = 1
[2837] is replaced by one with estimated error 2.91809
error = 2.91809
area = 359
delay = 22.7
#gates = 159
output circuit appNtk/cla32_146_2.91809_359_22.7.blif
Abc_NtkLogicToNetlist() warning: The network is converted to have simple COs.
time = 3814576872 us
--------------- round 147 ---------------
seed = 1173049213
maxLevel = 1
[1705] is replaced by one with estimated error 1.95289
error = 1.95289
area = 357
delay = 22.7
#gates = 158
output circuit appNtk/cla32_147_1.95289_357_22.7.blif
Abc_NtkLogicToNetlist() warning: The network is converted to have simple COs.
time = 3825418334 us
--------------- round 148 ---------------
seed = 4040887687
maxLevel = 1
n303 is replaced by [2787] with estimated error 1.7956
error = 1.7956
area = 354
delay = 22.7
#gates = 157
output circuit appNtk/cla32_148_1.7956_354_22.7.blif
Abc_NtkLogicToNetlist() warning: The network is converted to have simple COs.
time = 3836215016 us
--------------- round 149 ---------------
seed = 1960682605
maxLevel = 1
n539 is replaced by zero with estimated error 1.79773
error = 1.79773
area = 353
delay = 22.7
#gates = 156
output circuit appNtk/cla32_149_1.79773_353_22.7.blif
Abc_NtkLogicToNetlist() warning: The network is converted to have simple COs.
time = 3847235721 us
--------------- round 150 ---------------
seed = 2802062152
maxLevel = 1
[2824] is replaced by n267 with estimated error 1.79171
error = 1.79171
area = 352
delay = 22.7
#gates = 155
output circuit appNtk/cla32_150_1.79171_352_22.7.blif
Abc_NtkLogicToNetlist() warning: The network is converted to have simple COs.
time = 3858662468 us
--------------- round 151 ---------------
seed = 4086125480
maxLevel = 1
sum[19] is replaced by [1697] with inverter with estimated error 2.48757
error = 2.48757
area = 348
delay = 22.7
#gates = 154
output circuit appNtk/cla32_151_2.48757_348_22.7.blif
Abc_NtkLogicToNetlist() warning: The network is converted to have simple COs.
time = 3869328382 us
--------------- round 152 ---------------
seed = 3299249823
maxLevel = 1
n540 is replaced by [1693] with estimated error 2.26618
error = 2.26618
area = 347
delay = 22.7
#gates = 153
output circuit appNtk/cla32_152_2.26618_347_22.7.blif
Abc_NtkLogicToNetlist() warning: The network is converted to have simple COs.
time = 3879497242 us
--------------- round 153 ---------------
seed = 3868828061
maxLevel = 1
sum[20] is replaced by n267 with estimated error 4.60025
error = 4.60025
area = 339
delay = 22.7
#gates = 150
output circuit appNtk/cla32_153_4.60025_339_22.7.blif
Abc_NtkLogicToNetlist() warning: The network is converted to have simple COs.
time = 3889610191 us
--------------- round 154 ---------------
seed = 3049839390
maxLevel = 1
[1709] is replaced by [1720] with estimated error 4.60233
error = 4.60233
area = 336
delay = 22.2
#gates = 149
output circuit appNtk/cla32_154_4.60233_336_22.2.blif
Abc_NtkLogicToNetlist() warning: The network is converted to have simple COs.
time = 3899788331 us
--------------- round 155 ---------------
seed = 1128643280
maxLevel = 1
[2867] is replaced by [1723] with estimated error 4.56206
error = 4.56206
area = 333
delay = 22.2
#gates = 147
output circuit appNtk/cla32_155_4.56206_333_22.2.blif
Abc_NtkLogicToNetlist() warning: The network is converted to have simple COs.
time = 3910023714 us
--------------- round 156 ---------------
seed = 3862456150
maxLevel = 1
[2876] is replaced by one with estimated error 4.56833
error = 4.56833
area = 330
delay = 21.7
#gates = 146
output circuit appNtk/cla32_156_4.56833_330_21.7.blif
Abc_NtkLogicToNetlist() warning: The network is converted to have simple COs.
time = 3921350477 us
--------------- round 157 ---------------
seed = 3078889215
maxLevel = 1
[1693] is replaced by [1702] with inverter with estimated error 4.83383
error = 4.83383
area = 327
delay = 21.5
#gates = 146
output circuit appNtk/cla32_157_4.83383_327_21.5.blif
Abc_NtkLogicToNetlist() warning: The network is converted to have simple COs.
time = 3932469595 us
--------------- round 158 ---------------
seed = 2278750055
maxLevel = 1
[2806] is replaced by [2787] with inverter with estimated error 4.84909
error = 4.84909
area = 325
delay = 21.5
#gates = 145
output circuit appNtk/cla32_158_4.84909_325_21.5.blif
Abc_NtkLogicToNetlist() warning: The network is converted to have simple COs.
time = 3943376561 us
--------------- round 159 ---------------
seed = 1716799047
maxLevel = 1
[1674] is replaced by zero with estimated error 4.82935
error = 4.82935
area = 324
delay = 21.5
#gates = 144
output circuit appNtk/cla32_159_4.82935_324_21.5.blif
Abc_NtkLogicToNetlist() warning: The network is converted to have simple COs.
time = 3953245651 us
--------------- round 160 ---------------
seed = 3353924883
maxLevel = 1
[2787] is replaced by one with estimated error 4.53401
error = 4.53401
area = 321
delay = 21.5
#gates = 143
output circuit appNtk/cla32_160_4.53401_321_21.5.blif
Abc_NtkLogicToNetlist() warning: The network is converted to have simple COs.
time = 3962961442 us
--------------- round 161 ---------------
seed = 1168054096
maxLevel = 1
[1685] is replaced by zero with estimated error 4.55662
error = 4.55662
area = 317
delay = 21.5
#gates = 141
output circuit appNtk/cla32_161_4.55662_317_21.5.blif
Abc_NtkLogicToNetlist() warning: The network is converted to have simple COs.
time = 3973015088 us
--------------- round 162 ---------------
seed = 104961395
maxLevel = 1
n542 is replaced by zero with estimated error 4.54368
error = 4.54368
area = 316
delay = 21.5
#gates = 140
output circuit appNtk/cla32_162_4.54368_316_21.5.blif
Abc_NtkLogicToNetlist() warning: The network is converted to have simple COs.
time = 3982698491 us
--------------- round 163 ---------------
seed = 2380091621
maxLevel = 1
[1703] is replaced by a[20] with estimated error 4.69244
error = 4.69244
area = 312
delay = 21.5
#gates = 139
output circuit appNtk/cla32_163_4.69244_312_21.5.blif
Abc_NtkLogicToNetlist() warning: The network is converted to have simple COs.
time = 3992903260 us
--------------- round 164 ---------------
seed = 3791579557
maxLevel = 1
[1697] is replaced by [2814] with inverter with estimated error 4.68639
error = 4.68639
area = 308
delay = 21.5
#gates = 137
output circuit appNtk/cla32_164_4.68639_308_21.5.blif
Abc_NtkLogicToNetlist() warning: The network is converted to have simple COs.
time = 4002140990 us
--------------- round 165 ---------------
seed = 4225242257
maxLevel = 1
[2814] is replaced by [1701] with estimated error 4.96388
error = 4.96388
area = 305
delay = 21.5
#gates = 136
output circuit appNtk/cla32_165_4.96388_305_21.5.blif
Abc_NtkLogicToNetlist() warning: The network is converted to have simple COs.
time = 4011765684 us
--------------- round 166 ---------------
seed = 2692934565
maxLevel = 1
n267 is replaced by [1701] with estimated error 4.95909
error = 4.95909
area = 299
delay = 21.5
#gates = 134
output circuit appNtk/cla32_166_4.95909_299_21.5.blif
Abc_NtkLogicToNetlist() warning: The network is converted to have simple COs.
time = 4020811550 us
--------------- round 167 ---------------
seed = 2353616483
maxLevel = 1
[2841] is replaced by one with estimated error 4.96235
error = 4.96235
area = 296
delay = 19.9
#gates = 133
output circuit appNtk/cla32_167_4.96235_296_19.9.blif
Abc_NtkLogicToNetlist() warning: The network is converted to have simple COs.
time = 4029556005 us
--------------- round 168 ---------------
seed = 744193568
maxLevel = 1
n543 is replaced by one with estimated error 4.96278
error = 4.96278
area = 295
delay = 19.9
#gates = 132
output circuit appNtk/cla32_168_4.96278_295_19.9.blif
Abc_NtkLogicToNetlist() warning: The network is converted to have simple COs.
time = 4038400986 us
--------------- round 169 ---------------
seed = 2748325463
maxLevel = 1
[2844] is replaced by [1710] with estimated error 7.64655
error = 7.64655
area = 291
delay = 19.9
#gates = 130
output circuit appNtk/cla32_169_7.64655_291_19.9.blif
Abc_NtkLogicToNetlist() warning: The network is converted to have simple COs.
time = 4047161645 us
--------------- round 170 ---------------
seed = 2121467080
maxLevel = 1
[1720] is replaced by a[21] with estimated error 9.8338
error = 9.8338
area = 285
delay = 19.9
#gates = 128
output circuit appNtk/cla32_170_9.8338_285_19.9.blif
Abc_NtkLogicToNetlist() warning: The network is converted to have simple COs.
time = 4056208734 us
--------------- round 171 ---------------
seed = 681841557
maxLevel = 1
[1701] is replaced by [1710] with estimated error 8.57702
error = 8.57702
area = 284
delay = 19.9
#gates = 127
output circuit appNtk/cla32_171_8.57702_284_19.9.blif
Abc_NtkLogicToNetlist() warning: The network is converted to have simple COs.
time = 4064795363 us
--------------- round 172 ---------------
seed = 4034326899
maxLevel = 1
n541 is replaced by [2846] with estimated error 8.61832
error = 8.61832
area = 283
delay = 19.9
#gates = 126
output circuit appNtk/cla32_172_8.61832_283_19.9.blif
Abc_NtkLogicToNetlist() warning: The network is converted to have simple COs.
time = 4072723464 us
--------------- round 173 ---------------
seed = 1291745365
maxLevel = 1
sum[21] is replaced by [1711] with inverter with estimated error 8.58208
error = 8.58208
area = 275
delay = 19.9
#gates = 124
output circuit appNtk/cla32_173_8.58208_275_19.9.blif
Abc_NtkLogicToNetlist() warning: The network is converted to have simple COs.
time = 4080952123 us
--------------- round 174 ---------------
seed = 1716355005
maxLevel = 1
[2904] is replaced by one with estimated error 8.62505
error = 8.62505
area = 271
delay = 19.9
#gates = 123
output circuit appNtk/cla32_174_8.62505_271_19.9.blif
Abc_NtkLogicToNetlist() warning: The network is converted to have simple COs.
time = 4089386899 us
--------------- round 175 ---------------
seed = 2721723651
maxLevel = 1
[142398] is replaced by [1731] with estimated error 8.62827
error = 8.62827
area = 269
delay = 19.9
#gates = 122
output circuit appNtk/cla32_175_8.62827_269_19.9.blif
Abc_NtkLogicToNetlist() warning: The network is converted to have simple COs.
time = 4097607402 us
--------------- round 176 ---------------
seed = 3412173701
maxLevel = 1
[2916] is replaced by n155 with estimated error 8.59936
error = 8.59936
area = 268
delay = 19.9
#gates = 121
output circuit appNtk/cla32_176_8.59936_268_19.9.blif
Abc_NtkLogicToNetlist() warning: The network is converted to have simple COs.
time = 4106116011 us
--------------- round 177 ---------------
seed = 3602172505
maxLevel = 1
[1702] is replaced by one with estimated error 8.60423
error = 8.60423
area = 267
delay = 19.9
#gates = 120
output circuit appNtk/cla32_177_8.60423_267_19.9.blif
Abc_NtkLogicToNetlist() warning: The network is converted to have simple COs.
time = 4114475900 us
--------------- round 178 ---------------
seed = 3158290222
maxLevel = 1
[1710] is replaced by zero with estimated error 11.5598
error = 11.5598
area = 266
delay = 19.9
#gates = 119
output circuit appNtk/cla32_178_11.5598_266_19.9.blif
Abc_NtkLogicToNetlist() warning: The network is converted to have simple COs.
time = 4122588714 us
--------------- round 179 ---------------
seed = 562850092
maxLevel = 1
sum[22] is replaced by [1746] with estimated error 16.9589
error = 16.9589
area = 262
delay = 19.9
#gates = 118
output circuit appNtk/cla32_179_16.9589_262_19.9.blif
Abc_NtkLogicToNetlist() warning: The network is converted to have simple COs.
time = 4130803082 us
--------------- round 180 ---------------
seed = 1405529163
maxLevel = 1
[1723] is replaced by zero with estimated error 25.5917
error = 25.5917
area = 258
delay = 19.9
#gates = 117
output circuit appNtk/cla32_180_25.5917_258_19.9.blif
Abc_NtkLogicToNetlist() warning: The network is converted to have simple COs.
time = 4139001274 us
--------------- round 181 ---------------
seed = 2657714844
maxLevel = 1
[2959] is replaced by one with estimated error 25.5456
error = 25.5456
area = 251
delay = 19.9
#gates = 114
output circuit appNtk/cla32_181_25.5456_251_19.9.blif
Abc_NtkLogicToNetlist() warning: The network is converted to have simple COs.
time = 4147056422 us
--------------- round 182 ---------------
seed = 3231936853
maxLevel = 1
[1746] is replaced by one with estimated error 25.6142
error = 25.6142
area = 249
delay = 19.9
#gates = 113
output circuit appNtk/cla32_182_25.6142_249_19.9.blif
Abc_NtkLogicToNetlist() warning: The network is converted to have simple COs.
time = 4154471177 us
--------------- round 183 ---------------
seed = 650820564
maxLevel = 1
[1744] is replaced by [1741] with estimated error 25.6471
error = 25.6471
area = 247
delay = 19.9
#gates = 112
output circuit appNtk/cla32_183_25.6471_247_19.9.blif
Abc_NtkLogicToNetlist() warning: The network is converted to have simple COs.
time = 4162107746 us
--------------- round 184 ---------------
seed = 3632830726
maxLevel = 1
[1731] is replaced by [1730] with estimated error 25.6102
error = 25.6102
area = 245
delay = 19.9
#gates = 111
output circuit appNtk/cla32_184_25.6102_245_19.9.blif
Abc_NtkLogicToNetlist() warning: The network is converted to have simple COs.
time = 4169356698 us
--------------- round 185 ---------------
seed = 1374781886
maxLevel = 1
[2448] is replaced by zero with estimated error 25.6548
error = 25.6548
area = 244
delay = 19.9
#gates = 110
output circuit appNtk/cla32_185_25.6548_244_19.9.blif
Abc_NtkLogicToNetlist() warning: The network is converted to have simple COs.
time = 4176680630 us
--------------- round 186 ---------------
seed = 521110256
maxLevel = 1
[2939] is replaced by n266 with estimated error 25.7621
error = 25.7621
area = 243
delay = 19.9
#gates = 109
output circuit appNtk/cla32_186_25.7621_243_19.9.blif
Abc_NtkLogicToNetlist() warning: The network is converted to have simple COs.
time = 4183998504 us
--------------- round 187 ---------------
seed = 2891834055
maxLevel = 1
[1750] is replaced by [1764] with estimated error 25.7432
error = 25.7432
area = 240
delay = 19.1
#gates = 108
output circuit appNtk/cla32_187_25.7432_240_19.1.blif
Abc_NtkLogicToNetlist() warning: The network is converted to have simple COs.
time = 4191246331 us
--------------- round 188 ---------------
seed = 1407535444
maxLevel = 1
[2885] is replaced by [2879] with estimated error 25.6449
error = 25.6449
area = 239
delay = 19.1
#gates = 107
output circuit appNtk/cla32_188_25.6449_239_19.1.blif
Abc_NtkLogicToNetlist() warning: The network is converted to have simple COs.
time = 4198667337 us
--------------- round 189 ---------------
seed = 697321766
maxLevel = 1
[141928] is replaced by [2908] with inverter with estimated error 31.7076
error = 31.7076
area = 236
delay = 19.1
#gates = 106
output circuit appNtk/cla32_189_31.7076_236_19.1.blif
Abc_NtkLogicToNetlist() warning: The network is converted to have simple COs.
time = 4205523326 us
--------------- round 190 ---------------
seed = 3877241501
maxLevel = 1
[2908] is replaced by one with estimated error 34.9502
error = 34.9502
area = 233
delay = 18.9
#gates = 105
output circuit appNtk/cla32_190_34.9502_233_18.9.blif
Abc_NtkLogicToNetlist() warning: The network is converted to have simple COs.
time = 4212470450 us
--------------- round 191 ---------------
seed = 3940279922
maxLevel = 1
n545 is replaced by zero with estimated error 35.1776
error = 35.1776
area = 232
delay = 18.9
#gates = 104
output circuit appNtk/cla32_191_35.1776_232_18.9.blif
Abc_NtkLogicToNetlist() warning: The network is converted to have simple COs.
time = 4219260517 us
--------------- round 192 ---------------
seed = 3174381749
maxLevel = 1
[1730] is replaced by zero with estimated error 39.425
error = 39.425
area = 227
delay = 18.9
#gates = 101
output circuit appNtk/cla32_192_39.425_227_18.9.blif
Abc_NtkLogicToNetlist() warning: The network is converted to have simple COs.
time = 4225952616 us
--------------- round 193 ---------------
seed = 2850567893
maxLevel = 1
[1711] is replaced by zero with estimated error 35.99
error = 35.99
area = 226
delay = 18.9
#gates = 100
output circuit appNtk/cla32_193_35.99_226_18.9.blif
Abc_NtkLogicToNetlist() warning: The network is converted to have simple COs.
time = 4232145494 us
--------------- round 194 ---------------
seed = 2971207143
maxLevel = 1
n544 is replaced by one with estimated error 36.0088
error = 36.0088
area = 225
delay = 18.9
#gates = 99
output circuit appNtk/cla32_194_36.0088_225_18.9.blif
Abc_NtkLogicToNetlist() warning: The network is converted to have simple COs.
time = 4238289094 us
--------------- round 195 ---------------
seed = 2722737105
maxLevel = 1
[2879] is replaced by one with estimated error 36.0549
error = 36.0549
area = 224
delay = 18.9
#gates = 98
output circuit appNtk/cla32_195_36.0549_224_18.9.blif
Abc_NtkLogicToNetlist() warning: The network is converted to have simple COs.
time = 4244615915 us
--------------- round 196 ---------------
seed = 505723289
maxLevel = 1
sum[23] is replaced by n155 with estimated error 47.452
error = 47.452
area = 219
delay = 18.9
#gates = 96
output circuit appNtk/cla32_196_47.452_219_18.9.blif
Abc_NtkLogicToNetlist() warning: The network is converted to have simple COs.
time = 4251179973 us
--------------- round 197 ---------------
seed = 2349110182
maxLevel = 1
[1734] is replaced by zero with estimated error 47.0393
error = 47.0393
area = 215
delay = 18.9
#gates = 95
output circuit appNtk/cla32_197_47.0393_215_18.9.blif
Abc_NtkLogicToNetlist() warning: The network is converted to have simple COs.
time = 4258067224 us
--------------- round 198 ---------------
seed = 1038807277
maxLevel = 1
n155 is replaced by [2929] with estimated error 57.0338
error = 57.0338
area = 212
delay = 18.9
#gates = 94
output circuit appNtk/cla32_198_57.0338_212_18.9.blif
Abc_NtkLogicToNetlist() warning: The network is converted to have simple COs.
time = 4264400737 us
--------------- round 199 ---------------
seed = 1918561566
maxLevel = 1
[2929] is replaced by [1741] with inverter with estimated error 58.0291
error = 58.0291
area = 210
delay = 18.9
#gates = 94
output circuit appNtk/cla32_199_58.0291_210_18.9.blif
Abc_NtkLogicToNetlist() warning: The network is converted to have simple COs.
time = 4270484174 us
--------------- round 200 ---------------
seed = 2222369677
maxLevel = 1
[1733] is replaced by [1735] with estimated error 62.6686
error = 62.6686
area = 209
delay = 18.9
#gates = 93
output circuit appNtk/cla32_200_62.6686_209_18.9.blif
Abc_NtkLogicToNetlist() warning: The network is converted to have simple COs.
time = 4276382172 us
--------------- round 201 ---------------
seed = 2839752001
maxLevel = 1
[1732] is replaced by one with estimated error 66.8024
error = 66.8024
area = 208
delay = 18.9
#gates = 92
output circuit appNtk/cla32_201_66.8024_208_18.9.blif
Abc_NtkLogicToNetlist() warning: The network is converted to have simple COs.
time = 4282257702 us
--------------- round 202 ---------------
seed = 614467896
maxLevel = 1
[1764] is replaced by [1758] with estimated error 66.8299
error = 66.8299
area = 202
delay = 16.9
#gates = 90
output circuit appNtk/cla32_202_66.8299_202_16.9.blif
Abc_NtkLogicToNetlist() warning: The network is converted to have simple COs.
time = 4288239259 us
--------------- round 203 ---------------
seed = 495559386
maxLevel = 1
[3018] is replaced by one with estimated error 66.7453
error = 66.7453
area = 198
delay = 16.9
#gates = 89
output circuit appNtk/cla32_203_66.7453_198_16.9.blif
Abc_NtkLogicToNetlist() warning: The network is converted to have simple COs.
time = 4293972312 us
--------------- round 204 ---------------
seed = 2608712329
maxLevel = 1
[1741] is replaced by zero with estimated error 67.0783
error = 67.0783
area = 195
delay = 16.9
#gates = 88
output circuit appNtk/cla32_204_67.0783_195_16.9.blif
Abc_NtkLogicToNetlist() warning: The network is converted to have simple COs.
time = 4299803818 us
--------------- round 205 ---------------
seed = 4240200030
maxLevel = 1
[2987] is replaced by [1756] with estimated error 66.8221
error = 66.8221
area = 192
delay = 16.9
#gates = 86
output circuit appNtk/cla32_205_66.8221_192_16.9.blif
Abc_NtkLogicToNetlist() warning: The network is converted to have simple COs.
time = 4305326946 us
--------------- round 206 ---------------
seed = 2329430742
maxLevel = 1
[1769] is replaced by [1778] with inverter with estimated error 66.9735
error = 66.9735
area = 187
delay = 16.9
#gates = 85
output circuit appNtk/cla32_206_66.9735_187_16.9.blif
Abc_NtkLogicToNetlist() warning: The network is converted to have simple COs.
time = 4310626163 us
--------------- round 207 ---------------
seed = 1686465107
maxLevel = 1
[2966] is replaced by [2969] with estimated error 66.8812
error = 66.8812
area = 186
delay = 16.9
#gates = 84
output circuit appNtk/cla32_207_66.8812_186_16.9.blif
Abc_NtkLogicToNetlist() warning: The network is converted to have simple COs.
time = 4315883121 us
--------------- round 208 ---------------
seed = 377187495
maxLevel = 1
n546 is replaced by one with estimated error 66.9289
error = 66.9289
area = 185
delay = 16.9
#gates = 83
output circuit appNtk/cla32_208_66.9289_185_16.9.blif
Abc_NtkLogicToNetlist() warning: The network is converted to have simple COs.
time = 4321750206 us
--------------- round 209 ---------------
seed = 2371218767
maxLevel = 1
sum[24] is replaced by n266 with estimated error 95.0282
error = 95.0282
area = 180
delay = 16.9
#gates = 81
output circuit appNtk/cla32_209_95.0282_180_16.9.blif
Abc_NtkLogicToNetlist() warning: The network is converted to have simple COs.
time = 4327796153 us
--------------- round 210 ---------------
seed = 921050317
maxLevel = 1
[2846] is replaced by [1786] with estimated error 94.5575
error = 94.5575
area = 179
delay = 16.9
#gates = 80
output circuit appNtk/cla32_210_94.5575_179_16.9.blif
Abc_NtkLogicToNetlist() warning: The network is converted to have simple COs.
time = 4333167507 us
--------------- round 211 ---------------
seed = 3301453859
maxLevel = 1
[1737] is replaced by a[23] with estimated error 94.8745
error = 94.8745
area = 175
delay = 16.9
#gates = 79
output circuit appNtk/cla32_211_94.8745_175_16.9.blif
Abc_NtkLogicToNetlist() warning: The network is converted to have simple COs.
time = 4338052289 us
--------------- round 212 ---------------
seed = 113319470
maxLevel = 1
[2703] is replaced by [1765] with estimated error 94.4316
error = 94.4316
area = 172
delay = 16.9
#gates = 78
output circuit appNtk/cla32_212_94.4316_172_16.9.blif
Abc_NtkLogicToNetlist() warning: The network is converted to have simple COs.
time = 4342628806 us
--------------- round 213 ---------------
seed = 1297977798
maxLevel = 1
[2863] is replaced by [1773] with estimated error 94.7716
error = 94.7716
area = 169
delay = 16.9
#gates = 77
output circuit appNtk/cla32_213_94.7716_169_16.9.blif
Abc_NtkLogicToNetlist() warning: The network is converted to have simple COs.
time = 4347382548 us
--------------- round 214 ---------------
seed = 3340266330
maxLevel = 1
[1573] is replaced by [1751] with estimated error 94.6908
error = 94.6908
area = 168
delay = 16.9
#gates = 76
output circuit appNtk/cla32_214_94.6908_168_16.9.blif
Abc_NtkLogicToNetlist() warning: The network is converted to have simple COs.
time = 4351558224 us
--------------- round 215 ---------------
seed = 2863248308
maxLevel = 1
[2706] is replaced by [1790] with estimated error 94.4172
error = 94.4172
area = 166
delay = 16.9
#gates = 75
output circuit appNtk/cla32_215_94.4172_166_16.9.blif
Abc_NtkLogicToNetlist() warning: The network is converted to have simple COs.
time = 4355908864 us
--------------- round 216 ---------------
seed = 514907550
maxLevel = 1
sum[9] is replaced by zero with estimated error 94.5404
error = 94.5404
area = 157
delay = 16.9
#gates = 72
output circuit appNtk/cla32_216_94.5404_157_16.9.blif
Abc_NtkLogicToNetlist() warning: The network is converted to have simple COs.
time = 4360018258 us
--------------- round 217 ---------------
seed = 1444367287
maxLevel = 1
[2734] is replaced by [1752] with estimated error 94.8045
error = 94.8045
area = 156
delay = 16.9
#gates = 71
output circuit appNtk/cla32_217_94.8045_156_16.9.blif
Abc_NtkLogicToNetlist() warning: The network is converted to have simple COs.
time = 4363750638 us
--------------- round 218 ---------------
seed = 4107472450
maxLevel = 1
exceed error bound
