abc command read data/library/mcnc.genlib
Entered genlib library with 23 gates from file "data/library/mcnc.genlib".
abc command read_blif data/su/rca32.blif
abc command print_stats
[1;37mrca32                         :[0m i/o =   64/   33  lat =    0  nd =   298  edge =    585  area =666.00  delay =16.10  lev = 12
--------------- round 1 ---------------
seed = 2954918104
maxLevel = 1
s[0] is replaced by n99 with estimated error 2.86719e-06
error = 2.86719e-06
area = 661
delay = 16.1
#gates = 299
output circuit appNtk/rca32_1_2.86719e-06_661_16.1.blif
time = 10574341 us
--------------- round 2 ---------------
seed = 903994445
maxLevel = 1
s[1] is replaced by n113 with estimated error 8.74279e-06
error = 8.74279e-06
area = 654
delay = 16.1
#gates = 297
output circuit appNtk/rca32_2_8.74279e-06_654_16.1.blif
time = 20997685 us
--------------- round 3 ---------------
seed = 4096639263
maxLevel = 1
n102 is replaced by one with estimated error 1.01366e-05
error = 1.01366e-05
area = 650
delay = 16.1
#gates = 294
output circuit appNtk/rca32_3_1.01366e-05_650_16.1.blif
time = 31440699 us
--------------- round 4 ---------------
seed = 474134410
maxLevel = 1
n99 is replaced by one with estimated error 1.02406e-05
error = 1.02406e-05
area = 648
delay = 16.1
#gates = 293
output circuit appNtk/rca32_4_1.02406e-05_648_16.1.blif
time = 41556264 us
--------------- round 5 ---------------
seed = 1738638919
maxLevel = 1
n113 is replaced by n103 with estimated error 1.02087e-05
error = 1.02087e-05
area = 646
delay = 16.1
#gates = 292
output circuit appNtk/rca32_5_1.02087e-05_646_16.1.blif
time = 66013184 us
--------------- round 6 ---------------
seed = 2401148402
maxLevel = 1
n111 is replaced by n114 with estimated error 1.27357e-05
error = 1.27357e-05
area = 644
delay = 16.1
#gates = 291
output circuit appNtk/rca32_6_1.27357e-05_644_16.1.blif
time = 90174447 us
--------------- round 7 ---------------
seed = 4013558165
maxLevel = 1
n103 is replaced by one with estimated error 1.45994e-05
error = 1.45994e-05
area = 642
delay = 16.1
#gates = 290
output circuit appNtk/rca32_7_1.45994e-05_642_16.1.blif
Abc_NtkLogicToNetlist() warning: The network is converted to have simple COs.
time = 114247774 us
--------------- round 8 ---------------
seed = 1261341077
maxLevel = 1
n130 is replaced by one with estimated error 1.45603e-05
error = 1.45603e-05
area = 636
delay = 16.1
#gates = 288
output circuit appNtk/rca32_8_1.45603e-05_636_16.1.blif
Abc_NtkLogicToNetlist() warning: The network is converted to have simple COs.
time = 138310498 us
--------------- round 9 ---------------
seed = 4201094563
maxLevel = 1
n123 is replaced by n114 with estimated error 1.45826e-05
error = 1.45826e-05
area = 634
delay = 16.1
#gates = 287
output circuit appNtk/rca32_9_1.45826e-05_634_16.1.blif
Abc_NtkLogicToNetlist() warning: The network is converted to have simple COs.
time = 161797535 us
--------------- round 10 ---------------
seed = 322149057
maxLevel = 1
n115 is replaced by n110 with estimated error 1.45552e-05
error = 1.45552e-05
area = 632
delay = 16.1
#gates = 286
output circuit appNtk/rca32_10_1.45552e-05_632_16.1.blif
Abc_NtkLogicToNetlist() warning: The network is converted to have simple COs.
time = 184891553 us
--------------- round 11 ---------------
seed = 2542853908
maxLevel = 1
s[2] is replaced by y[1] with estimated error 2.46867e-05
error = 2.46867e-05
area = 623
delay = 16.1
#gates = 281
output circuit appNtk/rca32_11_2.46867e-05_623_16.1.blif
Abc_NtkLogicToNetlist() warning: The network is converted to have simple COs.
time = 207826767 us
--------------- round 12 ---------------
seed = 4176245840
maxLevel = 1
n121 is replaced by one with estimated error 3.89594e-05
error = 3.89594e-05
area = 622
delay = 16.1
#gates = 280
output circuit appNtk/rca32_12_3.89594e-05_622_16.1.blif
Abc_NtkLogicToNetlist() warning: The network is converted to have simple COs.
time = 231708962 us
--------------- round 13 ---------------
seed = 17790740
maxLevel = 1
n114 is replaced by n117 with estimated error 5.01267e-05
error = 5.01267e-05
area = 621
delay = 16.1
#gates = 279
output circuit appNtk/rca32_13_5.01267e-05_621_16.1.blif
Abc_NtkLogicToNetlist() warning: The network is converted to have simple COs.
time = 255155335 us
--------------- round 14 ---------------
seed = 2675181075
maxLevel = 1
n162 is replaced by zero with estimated error 0.000118144
error = 0.000118144
area = 614
delay = 16
#gates = 277
output circuit appNtk/rca32_14_0.000118144_614_16.blif
Abc_NtkLogicToNetlist() warning: The network is converted to have simple COs.
time = 278502818 us
--------------- round 15 ---------------
seed = 3776185363
maxLevel = 1
n135 is replaced by n128 with estimated error 0.000109652
error = 0.000109652
area = 610
delay = 16
#gates = 275
output circuit appNtk/rca32_15_0.000109652_610_16.blif
Abc_NtkLogicToNetlist() warning: The network is converted to have simple COs.
time = 301809180 us
--------------- round 16 ---------------
seed = 1830414541
maxLevel = 1
n110 is replaced by n148 with estimated error 0.000106127
error = 0.000106127
area = 607
delay = 16
#gates = 274
output circuit appNtk/rca32_16_0.000106127_607_16.blif
Abc_NtkLogicToNetlist() warning: The network is converted to have simple COs.
time = 324928028 us
--------------- round 17 ---------------
seed = 4249234418
maxLevel = 1
n117 is replaced by n118 with estimated error 0.000117934
error = 0.000117934
area = 606
delay = 16
#gates = 273
output circuit appNtk/rca32_17_0.000117934_606_16.blif
Abc_NtkLogicToNetlist() warning: The network is converted to have simple COs.
time = 348264924 us
--------------- round 18 ---------------
seed = 737910582
maxLevel = 1
n118 is replaced by n235 with estimated error 0.000121977
error = 0.000121977
area = 605
delay = 16
#gates = 272
output circuit appNtk/rca32_18_0.000121977_605_16.blif
Abc_NtkLogicToNetlist() warning: The network is converted to have simple COs.
time = 371536939 us
--------------- round 19 ---------------
seed = 2773935009
maxLevel = 1
n127 is replaced by one with estimated error 0.000134912
error = 0.000134912
area = 601
delay = 16
#gates = 269
output circuit appNtk/rca32_19_0.000134912_601_16.blif
Abc_NtkLogicToNetlist() warning: The network is converted to have simple COs.
time = 394556056 us
--------------- round 20 ---------------
seed = 932417470
maxLevel = 1
s[5] is replaced by n150 with estimated error 0.000176873
error = 0.000176873
area = 594
delay = 16
#gates = 267
output circuit appNtk/rca32_20_0.000176873_594_16.blif
Abc_NtkLogicToNetlist() warning: The network is converted to have simple COs.
time = 416942742 us
--------------- round 21 ---------------
seed = 1608666888
maxLevel = 1
n138 is replaced by one with estimated error 0.000196164
error = 0.000196164
area = 590
delay = 16
#gates = 264
output circuit appNtk/rca32_21_0.000196164_590_16.blif
Abc_NtkLogicToNetlist() warning: The network is converted to have simple COs.
time = 439050156 us
--------------- round 22 ---------------
seed = 846245834
maxLevel = 1
n128 is replaced by one with estimated error 0.000225228
error = 0.000212695
area = 588
delay = 16
#gates = 263
output circuit appNtk/rca32_22_0.000212695_588_16.blif
Abc_NtkLogicToNetlist() warning: The network is converted to have simple COs.
time = 460779744 us
--------------- round 23 ---------------
seed = 1875552472
maxLevel = 1
n163 is replaced by n149 with estimated error 0.000211983
error = 0.000211983
area = 586
delay = 16
#gates = 262
output circuit appNtk/rca32_23_0.000211983_586_16.blif
Abc_NtkLogicToNetlist() warning: The network is converted to have simple COs.
time = 482771778 us
--------------- round 24 ---------------
seed = 4228664292
maxLevel = 1
n148 is replaced by zero with estimated error 0.000212534
error = 0.000212534
area = 585
delay = 16
#gates = 261
output circuit appNtk/rca32_24_0.000212534_585_16.blif
Abc_NtkLogicToNetlist() warning: The network is converted to have simple COs.
time = 504491470 us
--------------- round 25 ---------------
seed = 636010738
maxLevel = 1
n149 is replaced by x[5] with estimated error 0.000222771
error = 0.000222771
area = 582
delay = 16
#gates = 259
output circuit appNtk/rca32_25_0.000222771_582_16.blif
Abc_NtkLogicToNetlist() warning: The network is converted to have simple COs.
time = 525650527 us
--------------- round 26 ---------------
seed = 3390480059
maxLevel = 1
s[6] is replaced by n154 with estimated error 0.000354608
error = 0.000354608
area = 575
delay = 16
#gates = 256
output circuit appNtk/rca32_26_0.000354608_575_16.blif
Abc_NtkLogicToNetlist() warning: The network is converted to have simple COs.
time = 546868320 us
--------------- round 27 ---------------
seed = 3969891394
maxLevel = 1
n144 is replaced by zero with estimated error 0.00041593
error = 0.00041593
area = 573
delay = 16
#gates = 255
output circuit appNtk/rca32_27_0.00041593_573_16.blif
Abc_NtkLogicToNetlist() warning: The network is converted to have simple COs.
time = 567955156 us
--------------- round 28 ---------------
seed = 1417413717
maxLevel = 1
n150 is replaced by x[5] with inverter with estimated error 0.000416813
error = 0.000416813
area = 571
delay = 16
#gates = 255
output circuit appNtk/rca32_28_0.000416813_571_16.blif
Abc_NtkLogicToNetlist() warning: The network is converted to have simple COs.
time = 588376215 us
--------------- round 29 ---------------
seed = 3293523158
maxLevel = 1
n154 is replaced by n164 with estimated error 0.000469544
error = 0.000469544
area = 566
delay = 16
#gates = 252
output circuit appNtk/rca32_29_0.000469544_566_16.blif
Abc_NtkLogicToNetlist() warning: The network is converted to have simple COs.
time = 608888866 us
--------------- round 30 ---------------
seed = 2453854891
maxLevel = 1
n165 is replaced by one with estimated error 0.000470678
error = 0.000470678
area = 564
delay = 16
#gates = 251
output circuit appNtk/rca32_30_0.000470678_564_16.blif
Abc_NtkLogicToNetlist() warning: The network is converted to have simple COs.
time = 628860005 us
--------------- round 31 ---------------
seed = 1142870770
maxLevel = 1
n146 is replaced by one with estimated error 0.00052173
error = 0.00052173
area = 560
delay = 16
#gates = 248
output circuit appNtk/rca32_31_0.00052173_560_16.blif
Abc_NtkLogicToNetlist() warning: The network is converted to have simple COs.
time = 649069894 us
--------------- round 32 ---------------
seed = 1449703177
maxLevel = 1
s[7] is replaced by y[6] with estimated error 0.000761831
error = 0.000761831
area = 553
delay = 16
#gates = 246
output circuit appNtk/rca32_32_0.000761831_553_16.blif
Abc_NtkLogicToNetlist() warning: The network is converted to have simple COs.
time = 668881897 us
--------------- round 33 ---------------
seed = 1886391110
maxLevel = 1
n157 is replaced by y[7] with estimated error 0.000844544
error = 0.000844544
area = 549
delay = 16
#gates = 243
output circuit appNtk/rca32_33_0.000844544_549_16.blif
Abc_NtkLogicToNetlist() warning: The network is converted to have simple COs.
time = 688216679 us
--------------- round 34 ---------------
seed = 866180234
maxLevel = 1
n164 is replaced by n158 with estimated error 0.000884997
error = 0.000884997
area = 545
delay = 16
#gates = 242
output circuit appNtk/rca32_34_0.000884997_545_16.blif
Abc_NtkLogicToNetlist() warning: The network is converted to have simple COs.
time = 707481251 us
--------------- round 35 ---------------
seed = 3994578270
maxLevel = 1
n167 is replaced by n158 with estimated error 0.000883705
error = 0.000883705
area = 543
delay = 16
#gates = 241
output circuit appNtk/rca32_35_0.000883705_543_16.blif
Abc_NtkLogicToNetlist() warning: The network is converted to have simple COs.
time = 725995484 us
--------------- round 36 ---------------
seed = 2195253544
maxLevel = 1
n158 is replaced by x[7] with inverter with estimated error 0.000890307
error = 0.000890307
area = 542
delay = 16
#gates = 241
output circuit appNtk/rca32_36_0.000890307_542_16.blif
Abc_NtkLogicToNetlist() warning: The network is converted to have simple COs.
time = 744379477 us
--------------- round 37 ---------------
seed = 4025331313
maxLevel = 1
n119 is replaced by y[15] with estimated error 0.000893858
error = 0.000893858
area = 540
delay = 16
#gates = 240
output circuit appNtk/rca32_37_0.000893858_540_16.blif
Abc_NtkLogicToNetlist() warning: The network is converted to have simple COs.
time = 763277612 us
--------------- round 38 ---------------
seed = 2855805577
maxLevel = 1
s[8] is replaced by y[7] with estimated error 0.00156608
error = 0.00156608
area = 533
delay = 16
#gates = 238
output circuit appNtk/rca32_38_0.00156608_533_16.blif
Abc_NtkLogicToNetlist() warning: The network is converted to have simple COs.
time = 782369725 us
--------------- round 39 ---------------
seed = 2516212421
maxLevel = 1
n170 is replaced by x[8] with estimated error 0.00183794
error = 0.00183794
area = 529
delay = 16
#gates = 235
output circuit appNtk/rca32_39_0.00183794_529_16.blif
Abc_NtkLogicToNetlist() warning: The network is converted to have simple COs.
time = 800861494 us
--------------- round 40 ---------------
seed = 996287017
maxLevel = 1
n129 is replaced by zero with estimated error 0.00183763
error = 0.00183763
area = 527
delay = 16
#gates = 234
output circuit appNtk/rca32_40_0.00183763_527_16.blif
Abc_NtkLogicToNetlist() warning: The network is converted to have simple COs.
time = 819055804 us
--------------- round 41 ---------------
seed = 4105207946
maxLevel = 1
n171 is replaced by y[8] with inverter with estimated error 0.00184535
error = 0.00184535
area = 526
delay = 16
#gates = 234
output circuit appNtk/rca32_41_0.00184535_526_16.blif
Abc_NtkLogicToNetlist() warning: The network is converted to have simple COs.
time = 836509640 us
--------------- round 42 ---------------
seed = 2608518990
maxLevel = 1
s[9] is replaced by n188 with estimated error 0.00257539
error = 0.00257539
area = 519
delay = 16
#gates = 232
output circuit appNtk/rca32_42_0.00257539_519_16.blif
Abc_NtkLogicToNetlist() warning: The network is converted to have simple COs.
time = 854564579 us
--------------- round 43 ---------------
seed = 1345643040
maxLevel = 1
n242 is replaced by one with estimated error 0.00328509
error = 0.00328509
area = 511
delay = 16
#gates = 229
output circuit appNtk/rca32_43_0.00328509_511_16.blif
Abc_NtkLogicToNetlist() warning: The network is converted to have simple COs.
time = 872887950 us
--------------- round 44 ---------------
seed = 2451189771
maxLevel = 1
n400 is replaced by zero with estimated error 0.00330197
error = 0.00330197
area = 510
delay = 16
#gates = 228
output circuit appNtk/rca32_44_0.00330197_510_16.blif
Abc_NtkLogicToNetlist() warning: The network is converted to have simple COs.
time = 894111389 us
--------------- round 45 ---------------
seed = 1594926538
maxLevel = 1
n122 is replaced by n235 with estimated error 0.00330897
error = 0.00330897
area = 508
delay = 16
#gates = 227
output circuit appNtk/rca32_45_0.00330897_508_16.blif
Abc_NtkLogicToNetlist() warning: The network is converted to have simple COs.
time = 911743470 us
--------------- round 46 ---------------
seed = 202135862
maxLevel = 1
n179 is replaced by one with estimated error 0.00330576
error = 0.00330576
area = 506
delay = 16
#gates = 226
output circuit appNtk/rca32_46_0.00330576_506_16.blif
Abc_NtkLogicToNetlist() warning: The network is converted to have simple COs.
time = 928574819 us
--------------- round 47 ---------------
seed = 1845009109
maxLevel = 1
n207 is replaced by one with estimated error 0.00329532
error = 0.00329532
area = 504
delay = 16
#gates = 225
output circuit appNtk/rca32_47_0.00329532_504_16.blif
Abc_NtkLogicToNetlist() warning: The network is converted to have simple COs.
time = 945080785 us
--------------- round 48 ---------------
seed = 4045697792
maxLevel = 1
n174 is replaced by zero with estimated error 0.00330575
error = 0.00330575
area = 503
delay = 16
#gates = 224
output circuit appNtk/rca32_48_0.00330575_503_16.blif
Abc_NtkLogicToNetlist() warning: The network is converted to have simple COs.
time = 962224174 us
--------------- round 49 ---------------
seed = 4269161018
maxLevel = 1
n187 is replaced by zero with estimated error 0.00331714
error = 0.00331714
area = 502
delay = 16
#gates = 223
output circuit appNtk/rca32_49_0.00331714_502_16.blif
Abc_NtkLogicToNetlist() warning: The network is converted to have simple COs.
time = 978830298 us
--------------- round 50 ---------------
seed = 2649999900
maxLevel = 1
n188 is replaced by n208 with estimated error 0.00392189
error = 0.00392189
area = 496
delay = 16
#gates = 221
output circuit appNtk/rca32_50_0.00392189_496_16.blif
Abc_NtkLogicToNetlist() warning: The network is converted to have simple COs.
time = 995393854 us
--------------- round 51 ---------------
seed = 2280333955
maxLevel = 1
n208 is replaced by n204 with estimated error 0.00394925
error = 0.00394925
area = 492
delay = 16
#gates = 220
output circuit appNtk/rca32_51_0.00394925_492_16.blif
Abc_NtkLogicToNetlist() warning: The network is converted to have simple COs.
time = 1011195796 us
--------------- round 52 ---------------
seed = 3398695432
maxLevel = 1
n204 is replaced by one with estimated error 0.00470725
error = 0.00470725
area = 484
delay = 16
#gates = 216
output circuit appNtk/rca32_52_0.00470725_484_16.blif
Abc_NtkLogicToNetlist() warning: The network is converted to have simple COs.
time = 1026909145 us
--------------- round 53 ---------------
seed = 3988464072
maxLevel = 1
n189 is replaced by zero with estimated error 0.00470705
error = 0.00470705
area = 483
delay = 16
#gates = 215
output circuit appNtk/rca32_53_0.00470705_483_16.blif
Abc_NtkLogicToNetlist() warning: The network is converted to have simple COs.
time = 1042520578 us
--------------- round 54 ---------------
seed = 1403360901
maxLevel = 1
s[10] is replaced by n192 with inverter with estimated error 0.00577593
error = 0.00577593
area = 472
delay = 16
#gates = 210
output circuit appNtk/rca32_54_0.00577593_472_16.blif
Abc_NtkLogicToNetlist() warning: The network is converted to have simple COs.
time = 1058619916 us
--------------- round 55 ---------------
seed = 1988344663
maxLevel = 1
n192 is replaced by n205 with estimated error 0.00703972
error = 0.00703972
area = 469
delay = 16
#gates = 209
output circuit appNtk/rca32_55_0.00703972_469_16.blif
Abc_NtkLogicToNetlist() warning: The network is converted to have simple COs.
time = 1074289531 us
--------------- round 56 ---------------
seed = 2446026081
maxLevel = 1
n205 is replaced by n195 with estimated error 0.0102408
error = 0.0102408
area = 465
delay = 16
#gates = 207
output circuit appNtk/rca32_56_0.0102408_465_16.blif
Abc_NtkLogicToNetlist() warning: The network is converted to have simple COs.
time = 1091126825 us
--------------- round 57 ---------------
seed = 3188028761
maxLevel = 1
n193 is replaced by one with estimated error 0.00962577
error = 0.0142494
area = 464
delay = 16
#gates = 206
output circuit appNtk/rca32_57_0.0142494_464_16.blif
Abc_NtkLogicToNetlist() warning: The network is converted to have simple COs.
time = 1106633409 us
--------------- round 58 ---------------
seed = 1347717740
maxLevel = 1
n210 is replaced by n195 with estimated error 0.0142292
error = 0.0142292
area = 458
delay = 16
#gates = 204
output circuit appNtk/rca32_58_0.0142292_458_16.blif
Abc_NtkLogicToNetlist() warning: The network is converted to have simple COs.
time = 1121810622 us
--------------- round 59 ---------------
seed = 2739634971
maxLevel = 1
n195 is replaced by y[11] with estimated error 0.0142645
error = 0.0142645
area = 455
delay = 16
#gates = 202
output circuit appNtk/rca32_59_0.0142645_455_16.blif
Abc_NtkLogicToNetlist() warning: The network is converted to have simple COs.
time = 1136604970 us
--------------- round 60 ---------------
seed = 1594192075
maxLevel = 1
n196 is replaced by x[11] with inverter with estimated error 0.0142099
error = 0.0142099
area = 454
delay = 16
#gates = 202
output circuit appNtk/rca32_60_0.0142099_454_16.blif
Abc_NtkLogicToNetlist() warning: The network is converted to have simple COs.
time = 1151230163 us
--------------- round 61 ---------------
seed = 810765658
maxLevel = 1
n206 is replaced by n401 with estimated error 0.0142193
error = 0.0142193
area = 452
delay = 16
#gates = 201
output circuit appNtk/rca32_61_0.0142193_452_16.blif
Abc_NtkLogicToNetlist() warning: The network is converted to have simple COs.
time = 1166100913 us
--------------- round 62 ---------------
seed = 1160372691
maxLevel = 1
s[12] is replaced by n213 with estimated error 0.0196058
error = 0.0196058
area = 445
delay = 16
#gates = 199
output circuit appNtk/rca32_62_0.0196058_445_16.blif
Abc_NtkLogicToNetlist() warning: The network is converted to have simple COs.
time = 1180670270 us
--------------- round 63 ---------------
seed = 4243577687
maxLevel = 1
n197 is replaced by n212 with estimated error 0.0213028
error = 0.0213028
area = 442
delay = 16
#gates = 197
output circuit appNtk/rca32_63_0.0213028_442_16.blif
Abc_NtkLogicToNetlist() warning: The network is converted to have simple COs.
time = 1195971742 us
--------------- round 64 ---------------
seed = 1188419263
maxLevel = 1
n202 is replaced by n199 with estimated error 0.0246094
error = 0.0246094
area = 440
delay = 16
#gates = 196
output circuit appNtk/rca32_64_0.0246094_440_16.blif
Abc_NtkLogicToNetlist() warning: The network is converted to have simple COs.
time = 1210400892 us
--------------- round 65 ---------------
seed = 1937870441
maxLevel = 1
n199 is replaced by n200 with estimated error 0.0292168
error = 0.0292168
area = 439
delay = 16
#gates = 195
output circuit appNtk/rca32_65_0.0292168_439_16.blif
Abc_NtkLogicToNetlist() warning: The network is converted to have simple COs.
time = 1224675915 us
--------------- round 66 ---------------
seed = 1742903025
maxLevel = 1
n401 is replaced by one with estimated error 0.0281536
error = 0.0281536
area = 438
delay = 16
#gates = 194
output circuit appNtk/rca32_66_0.0281536_438_16.blif
Abc_NtkLogicToNetlist() warning: The network is converted to have simple COs.
time = 1238705848 us
--------------- round 67 ---------------
seed = 3505272866
maxLevel = 1
n240 is replaced by zero with estimated error 0.0281634
error = 0.0281634
area = 434
delay = 16
#gates = 193
output circuit appNtk/rca32_67_0.0281634_434_16.blif
Abc_NtkLogicToNetlist() warning: The network is converted to have simple COs.
time = 1252668890 us
--------------- round 68 ---------------
seed = 3872486249
maxLevel = 1
n243 is replaced by zero with estimated error 0.0282365
error = 0.0282365
area = 431
delay = 16
#gates = 192
output circuit appNtk/rca32_68_0.0282365_431_16.blif
Abc_NtkLogicToNetlist() warning: The network is converted to have simple COs.
time = 1266025633 us
--------------- round 69 ---------------
seed = 296742584
maxLevel = 1
n201 is replaced by zero with estimated error 0.0281154
error = 0.0281154
area = 429
delay = 16
#gates = 191
output circuit appNtk/rca32_69_0.0281154_429_16.blif
Abc_NtkLogicToNetlist() warning: The network is converted to have simple COs.
time = 1279582402 us
--------------- round 70 ---------------
seed = 3581820480
maxLevel = 1
n249 is replaced by n247 with estimated error 0.0280837
error = 0.0280837
area = 427
delay = 16
#gates = 190
output circuit appNtk/rca32_70_0.0280837_427_16.blif
Abc_NtkLogicToNetlist() warning: The network is converted to have simple COs.
time = 1292684955 us
--------------- round 71 ---------------
seed = 1225444832
maxLevel = 1
n248 is replaced by n255 with estimated error 0.0281196
error = 0.0281196
area = 425
delay = 16
#gates = 189
output circuit appNtk/rca32_71_0.0281196_425_16.blif
Abc_NtkLogicToNetlist() warning: The network is converted to have simple COs.
time = 1305651758 us
--------------- round 72 ---------------
seed = 1409601307
maxLevel = 1
s[13] is replaced by n246 with estimated error 0.0480425
error = 0.0480425
area = 418
delay = 16
#gates = 187
output circuit appNtk/rca32_72_0.0480425_418_16.blif
Abc_NtkLogicToNetlist() warning: The network is converted to have simple COs.
time = 1318543605 us
--------------- round 73 ---------------
seed = 1518898159
maxLevel = 1
n213 is replaced by n200 with estimated error 0.0480731
error = 0.0480731
area = 415
delay = 16
#gates = 186
output circuit appNtk/rca32_73_0.0480731_415_16.blif
Abc_NtkLogicToNetlist() warning: The network is converted to have simple COs.
time = 1331207734 us
--------------- round 74 ---------------
seed = 2920393216
maxLevel = 1
n200 is replaced by zero with estimated error 0.0477794
error = 0.0477794
area = 414
delay = 16
#gates = 185
output circuit appNtk/rca32_74_0.0477794_414_16.blif
Abc_NtkLogicToNetlist() warning: The network is converted to have simple COs.
time = 1343976659 us
--------------- round 75 ---------------
seed = 2700611684
maxLevel = 1
n217 is replaced by one with estimated error 0.0478358
error = 0.0478358
area = 412
delay = 16
#gates = 184
output circuit appNtk/rca32_75_0.0478358_412_16.blif
Abc_NtkLogicToNetlist() warning: The network is converted to have simple COs.
time = 1356473862 us
--------------- round 76 ---------------
seed = 2365862502
maxLevel = 1
n245 is replaced by one with estimated error 0.0477742
error = 0.0477742
area = 410
delay = 16
#gates = 183
output circuit appNtk/rca32_76_0.0477742_410_16.blif
Abc_NtkLogicToNetlist() warning: The network is converted to have simple COs.
time = 1368825184 us
--------------- round 77 ---------------
seed = 2774155127
maxLevel = 1
n229 is replaced by n227 with estimated error 0.0478887
error = 0.0478887
area = 408
delay = 16
#gates = 182
output circuit appNtk/rca32_77_0.0478887_408_16.blif
Abc_NtkLogicToNetlist() warning: The network is converted to have simple COs.
time = 1381500249 us
--------------- round 78 ---------------
seed = 3545117780
maxLevel = 1
n212 is replaced by one with estimated error 0.0478659
error = 0.0478659
area = 407
delay = 16
#gates = 181
output circuit appNtk/rca32_78_0.0478659_407_16.blif
Abc_NtkLogicToNetlist() warning: The network is converted to have simple COs.
time = 1394041627 us
--------------- round 79 ---------------
seed = 2419228524
maxLevel = 1
n226 is replaced by zero with estimated error 0.0478104
error = 0.0478104
area = 406
delay = 16
#gates = 180
output circuit appNtk/rca32_79_0.0478104_406_16.blif
Abc_NtkLogicToNetlist() warning: The network is converted to have simple COs.
time = 1407452795 us
--------------- round 80 ---------------
seed = 1004061535
maxLevel = 1
n225 is replaced by n244 with estimated error 0.0544073
error = 0.0544073
area = 404
delay = 16
#gates = 179
output circuit appNtk/rca32_80_0.0544073_404_16.blif
Abc_NtkLogicToNetlist() warning: The network is converted to have simple COs.
time = 1420678883 us
--------------- round 81 ---------------
seed = 4245531336
maxLevel = 1
n216 is replaced by x[13] with estimated error 0.0665663
error = 0.0665663
area = 400
delay = 16
#gates = 176
output circuit appNtk/rca32_81_0.0665663_400_16.blif
Abc_NtkLogicToNetlist() warning: The network is converted to have simple COs.
time = 1433279260 us
--------------- round 82 ---------------
seed = 601498857
maxLevel = 1
s[14] is replaced by n230 with estimated error 0.0907403
error = 0.0907403
area = 395
delay = 16
#gates = 174
output circuit appNtk/rca32_82_0.0907403_395_16.blif
Abc_NtkLogicToNetlist() warning: The network is converted to have simple COs.
time = 1445437211 us
--------------- round 83 ---------------
seed = 776269147
maxLevel = 1
n224 is replaced by one with estimated error 0.106106
error = 0.106106
area = 391
delay = 16
#gates = 171
output circuit appNtk/rca32_83_0.106106_391_16.blif
Abc_NtkLogicToNetlist() warning: The network is converted to have simple COs.
time = 1457372088 us
--------------- round 84 ---------------
seed = 1816481065
maxLevel = 1
n228 is replaced by x[13] with estimated error 0.106235
error = 0.106235
area = 388
delay = 16
#gates = 169
output circuit appNtk/rca32_84_0.106235_388_16.blif
Abc_NtkLogicToNetlist() warning: The network is converted to have simple COs.
time = 1468965670 us
--------------- round 85 ---------------
seed = 2601511408
maxLevel = 1
n244 is replaced by n238 with estimated error 0.106258
error = 0.106258
area = 386
delay = 16
#gates = 168
output circuit appNtk/rca32_85_0.106258_386_16.blif
Abc_NtkLogicToNetlist() warning: The network is converted to have simple COs.
time = 1480742514 us
--------------- round 86 ---------------
seed = 2822963648
maxLevel = 1
n220 is replaced by zero with estimated error 0.121966
error = 0.121966
area = 383
delay = 16
#gates = 167
output circuit appNtk/rca32_86_0.121966_383_16.blif
Abc_NtkLogicToNetlist() warning: The network is converted to have simple COs.
time = 1492452757 us
--------------- round 87 ---------------
seed = 3645070062
maxLevel = 1
n246 is replaced by n230 with estimated error 0.121001
error = 0.121001
area = 380
delay = 16
#gates = 166
output circuit appNtk/rca32_87_0.121001_380_16.blif
Abc_NtkLogicToNetlist() warning: The network is converted to have simple COs.
time = 1504008936 us
--------------- round 88 ---------------
seed = 2054206147
maxLevel = 1
n233 is replaced by x[13] with estimated error 0.121327
error = 0.121327
area = 377
delay = 16
#gates = 164
output circuit appNtk/rca32_88_0.121327_377_16.blif
Abc_NtkLogicToNetlist() warning: The network is converted to have simple COs.
time = 1515403453 us
--------------- round 89 ---------------
seed = 3352151553
maxLevel = 1
n236 is replaced by one with estimated error 0.182774
error = 0.182774
area = 374
delay = 16
#gates = 162
output circuit appNtk/rca32_89_0.182774_374_16.blif
Abc_NtkLogicToNetlist() warning: The network is converted to have simple COs.
time = 1526848961 us
--------------- round 90 ---------------
seed = 2738249379
maxLevel = 1
n235 is replaced by zero with estimated error 0.182068
error = 0.182068
area = 373
delay = 16
#gates = 161
output circuit appNtk/rca32_90_0.182068_373_16.blif
Abc_NtkLogicToNetlist() warning: The network is converted to have simple COs.
time = 1537389302 us
--------------- round 91 ---------------
seed = 3723019989
maxLevel = 1
s[15] is replaced by zero with estimated error 0.255071
error = 0.255071
area = 368
delay = 16
#gates = 160
output circuit appNtk/rca32_91_0.255071_368_16.blif
Abc_NtkLogicToNetlist() warning: The network is converted to have simple COs.
time = 1548088884 us
--------------- round 92 ---------------
seed = 2584810912
maxLevel = 1
n238 is replaced by zero with estimated error 0.254331
error = 0.254331
area = 366
delay = 16
#gates = 159
output circuit appNtk/rca32_92_0.254331_366_16.blif
Abc_NtkLogicToNetlist() warning: The network is converted to have simple COs.
time = 1558826083 us
--------------- round 93 ---------------
seed = 3022241109
maxLevel = 1
n230 is replaced by y[14] with inverter with estimated error 0.237674
error = 0.237674
area = 364
delay = 16
#gates = 159
output circuit appNtk/rca32_93_0.237674_364_16.blif
Abc_NtkLogicToNetlist() warning: The network is converted to have simple COs.
time = 1569688703 us
--------------- round 94 ---------------
seed = 532055169
maxLevel = 1
n403 is replaced by zero with estimated error 0.254979
error = 0.254979
area = 363
delay = 16
#gates = 158
output circuit appNtk/rca32_94_0.254979_363_16.blif
Abc_NtkLogicToNetlist() warning: The network is converted to have simple COs.
time = 1580295319 us
--------------- round 95 ---------------
seed = 947532754
maxLevel = 1
n255 is replaced by n250 with estimated error 0.255486
error = 0.255486
area = 361
delay = 16
#gates = 157
output circuit appNtk/rca32_95_0.255486_361_16.blif
Abc_NtkLogicToNetlist() warning: The network is converted to have simple COs.
time = 1590589236 us
--------------- round 96 ---------------
seed = 2496797475
maxLevel = 1
n237 is replaced by zero with estimated error 0.255313
error = 0.255313
area = 359
delay = 16
#gates = 156
output circuit appNtk/rca32_96_0.255313_359_16.blif
Abc_NtkLogicToNetlist() warning: The network is converted to have simple COs.
time = 1601207596 us
--------------- round 97 ---------------
seed = 2740850669
maxLevel = 1
n256 is replaced by n251 with estimated error 0.254745
error = 0.254745
area = 357
delay = 16
#gates = 155
output circuit appNtk/rca32_97_0.254745_357_16.blif
Abc_NtkLogicToNetlist() warning: The network is converted to have simple COs.
time = 1611925877 us
--------------- round 98 ---------------
seed = 1699719465
maxLevel = 1
n286 is replaced by n259 with estimated error 0.254992
error = 0.254992
area = 355
delay = 16
#gates = 154
output circuit appNtk/rca32_98_0.254992_355_16.blif
Abc_NtkLogicToNetlist() warning: The network is converted to have simple COs.
time = 1622344316 us
--------------- round 99 ---------------
seed = 3434231469
maxLevel = 1
s[16] is replaced by n250 with estimated error 0.37416
error = 0.37416
area = 346
delay = 16
#gates = 151
output circuit appNtk/rca32_99_0.37416_346_16.blif
Abc_NtkLogicToNetlist() warning: The network is converted to have simple COs.
time = 1632500360 us
--------------- round 100 ---------------
seed = 480112072
maxLevel = 1
s[17] is replaced by n270 with estimated error 0.706146
error = 0.706146
area = 339
delay = 16
#gates = 149
output circuit appNtk/rca32_100_0.706146_339_16.blif
Abc_NtkLogicToNetlist() warning: The network is converted to have simple COs.
time = 1642554281 us
--------------- round 101 ---------------
seed = 1717191113
maxLevel = 1
n259 is replaced by zero with estimated error 0.781547
error = 0.781547
area = 336
delay = 16
#gates = 147
output circuit appNtk/rca32_101_0.781547_336_16.blif
Abc_NtkLogicToNetlist() warning: The network is converted to have simple COs.
time = 1652336679 us
--------------- round 102 ---------------
seed = 3345255717
maxLevel = 1
n287 is replaced by one with estimated error 0.780826
error = 0.780826
area = 333
delay = 16
#gates = 146
output circuit appNtk/rca32_102_0.780826_333_16.blif
Abc_NtkLogicToNetlist() warning: The network is converted to have simple COs.
time = 1661978729 us
--------------- round 103 ---------------
seed = 3895109067
maxLevel = 1
n271 is replaced by n283 with estimated error 0.886536
error = 0.886536
area = 331
delay = 16
#gates = 145
output circuit appNtk/rca32_103_0.886536_331_16.blif
Abc_NtkLogicToNetlist() warning: The network is converted to have simple COs.
time = 1671452488 us
--------------- round 104 ---------------
seed = 149956627
maxLevel = 1
n269 is replaced by n284 with estimated error 1.1041
error = 1.1041
area = 328
delay = 16
#gates = 143
output circuit appNtk/rca32_104_1.1041_328_16.blif
Abc_NtkLogicToNetlist() warning: The network is converted to have simple COs.
time = 1680882641 us
--------------- round 105 ---------------
seed = 2235038107
maxLevel = 1
n281 is replaced by n267 with estimated error 1.10198
error = 1.10198
area = 326
delay = 16
#gates = 142
output circuit appNtk/rca32_105_1.10198_326_16.blif
Abc_NtkLogicToNetlist() warning: The network is converted to have simple COs.
time = 1690017048 us
--------------- round 106 ---------------
seed = 1543448019
maxLevel = 1
n270 is replaced by n250 with estimated error 1.12929
error = 1.12929
area = 323
delay = 16
#gates = 141
output circuit appNtk/rca32_106_1.12929_323_16.blif
Abc_NtkLogicToNetlist() warning: The network is converted to have simple COs.
time = 1699032412 us
--------------- round 107 ---------------
seed = 1147517763
maxLevel = 1
n247 is replaced by one with estimated error 1.12239
error = 1.12239
area = 320
delay = 16
#gates = 140
output circuit appNtk/rca32_107_1.12239_320_16.blif
Abc_NtkLogicToNetlist() warning: The network is converted to have simple COs.
time = 1708180488 us
--------------- round 108 ---------------
seed = 2586850787
maxLevel = 1
n268 is replaced by n266 with estimated error 1.25889
error = 1.25889
area = 318
delay = 16
#gates = 139
output circuit appNtk/rca32_108_1.25889_318_16.blif
Abc_NtkLogicToNetlist() warning: The network is converted to have simple COs.
time = 1717417752 us
--------------- round 109 ---------------
seed = 3106807043
maxLevel = 1
n264 is replaced by zero with estimated error 1.5813
error = 1.5813
area = 314
delay = 16
#gates = 136
output circuit appNtk/rca32_109_1.5813_314_16.blif
Abc_NtkLogicToNetlist() warning: The network is converted to have simple COs.
time = 1726369333 us
--------------- round 110 ---------------
seed = 399235953
maxLevel = 1
n265 is replaced by one with estimated error 1.58519
error = 1.58519
area = 313
delay = 16
#gates = 135
output circuit appNtk/rca32_110_1.58519_313_16.blif
Abc_NtkLogicToNetlist() warning: The network is converted to have simple COs.
time = 1735149472 us
--------------- round 111 ---------------
seed = 4160844209
maxLevel = 1
s[18] is replaced by n273 with inverter with estimated error 1.65422
error = 1.65422
area = 310
delay = 16
#gates = 135
output circuit appNtk/rca32_111_1.65422_310_16.blif
Abc_NtkLogicToNetlist() warning: The network is converted to have simple COs.
time = 1743740972 us
--------------- round 112 ---------------
seed = 3840415588
maxLevel = 1
n404 is replaced by n282 with estimated error 1.72182
error = 1.72182
area = 309
delay = 16
#gates = 134
output circuit appNtk/rca32_112_1.72182_309_16.blif
Abc_NtkLogicToNetlist() warning: The network is converted to have simple COs.
time = 1752359309 us
--------------- round 113 ---------------
seed = 2180278650
maxLevel = 1
n250 is replaced by y[16] with inverter with estimated error 1.84858
error = 1.84858
area = 308
delay = 16
#gates = 134
output circuit appNtk/rca32_113_1.84858_308_16.blif
Abc_NtkLogicToNetlist() warning: The network is converted to have simple COs.
time = 1761045381 us
--------------- round 114 ---------------
seed = 2570832147
maxLevel = 1
n266 is replaced by zero with estimated error 2.16853
error = 2.16853
area = 306
delay = 16
#gates = 133
output circuit appNtk/rca32_114_2.16853_306_16.blif
Abc_NtkLogicToNetlist() warning: The network is converted to have simple COs.
time = 1769341298 us
--------------- round 115 ---------------
seed = 1742705590
maxLevel = 1
n273 is replaced by n251 with estimated error 2.16049
error = 2.16049
area = 303
delay = 16
#gates = 132
output circuit appNtk/rca32_115_2.16049_303_16.blif
Abc_NtkLogicToNetlist() warning: The network is converted to have simple COs.
time = 1777613177 us
--------------- round 116 ---------------
seed = 1705153161
maxLevel = 1
n288 is replaced by n275 with estimated error 2.15841
error = 2.15841
area = 301
delay = 16
#gates = 131
output circuit appNtk/rca32_116_2.15841_301_16.blif
Abc_NtkLogicToNetlist() warning: The network is converted to have simple COs.
time = 1786603193 us
--------------- round 117 ---------------
seed = 2763507677
maxLevel = 1
n267 is replaced by one with estimated error 2.15102
error = 2.15102
area = 300
delay = 16
#gates = 130
output circuit appNtk/rca32_117_2.15102_300_16.blif
Abc_NtkLogicToNetlist() warning: The network is converted to have simple COs.
time = 1795013729 us
--------------- round 118 ---------------
seed = 1699063148
maxLevel = 1
n274 is replaced by zero with estimated error 2.97355
error = 2.97355
area = 298
delay = 16
#gates = 129
output circuit appNtk/rca32_118_2.97355_298_16.blif
Abc_NtkLogicToNetlist() warning: The network is converted to have simple COs.
time = 1803468018 us
--------------- round 119 ---------------
seed = 683962397
maxLevel = 1
n285 is replaced by n276 with estimated error 2.96356
error = 2.96356
area = 295
delay = 16
#gates = 128
output circuit appNtk/rca32_119_2.96356_295_16.blif
Abc_NtkLogicToNetlist() warning: The network is converted to have simple COs.
time = 1811858665 us
--------------- round 120 ---------------
seed = 701788814
maxLevel = 1
n282 is replaced by n405 with estimated error 2.95523
error = 2.95523
area = 291
delay = 16
#gates = 126
output circuit appNtk/rca32_120_2.95523_291_16.blif
Abc_NtkLogicToNetlist() warning: The network is converted to have simple COs.
time = 1819878761 us
--------------- round 121 ---------------
seed = 349878964
maxLevel = 1
n251 is replaced by n283 with estimated error 2.95641
error = 2.95641
area = 290
delay = 16
#gates = 125
output circuit appNtk/rca32_121_2.95641_290_16.blif
Abc_NtkLogicToNetlist() warning: The network is converted to have simple COs.
time = 1827925621 us
--------------- round 122 ---------------
seed = 2304763048
maxLevel = 1
n405 is replaced by one with estimated error 2.94282
error = 2.94282
area = 289
delay = 16
#gates = 124
output circuit appNtk/rca32_122_2.94282_289_16.blif
Abc_NtkLogicToNetlist() warning: The network is converted to have simple COs.
time = 1835738970 us
--------------- round 123 ---------------
seed = 2058019411
maxLevel = 1
n356 is replaced by zero with estimated error 2.93262
error = 2.93262
area = 284
delay = 16
#gates = 122
output circuit appNtk/rca32_123_2.93262_284_16.blif
Abc_NtkLogicToNetlist() warning: The network is converted to have simple COs.
time = 1843644207 us
--------------- round 124 ---------------
seed = 2188849995
maxLevel = 1
n289 is replaced by n276 with estimated error 2.92879
error = 2.92879
area = 281
delay = 16
#gates = 121
output circuit appNtk/rca32_124_2.92879_281_16.blif
Abc_NtkLogicToNetlist() warning: The network is converted to have simple COs.
time = 1851391826 us
--------------- round 125 ---------------
seed = 4216004303
maxLevel = 1
n320 is replaced by zero with estimated error 2.93704
error = 2.93704
area = 279
delay = 16
#gates = 120
output circuit appNtk/rca32_125_2.93704_279_16.blif
Abc_NtkLogicToNetlist() warning: The network is converted to have simple COs.
time = 1858984021 us
--------------- round 126 ---------------
seed = 2361099773
maxLevel = 1
n283 is replaced by zero with estimated error 2.93836
error = 2.93836
area = 278
delay = 16
#gates = 119
output circuit appNtk/rca32_126_2.93836_278_16.blif
Abc_NtkLogicToNetlist() warning: The network is converted to have simple COs.
time = 1866734362 us
--------------- round 127 ---------------
seed = 2406161231
maxLevel = 1
s[19] is replaced by n275 with inverter with estimated error 2.93422
error = 2.93422
area = 274
delay = 16
#gates = 119
output circuit appNtk/rca32_127_2.93422_274_16.blif
Abc_NtkLogicToNetlist() warning: The network is converted to have simple COs.
time = 1874251049 us
--------------- round 128 ---------------
seed = 482257314
maxLevel = 1
n276 is replaced by n406 with estimated error 2.934
error = 2.934
area = 272
delay = 16
#gates = 118
output circuit appNtk/rca32_128_2.934_272_16.blif
Abc_NtkLogicToNetlist() warning: The network is converted to have simple COs.
time = 1881642319 us
--------------- round 129 ---------------
seed = 2276794496
maxLevel = 1
s[11] is replaced by n337 with inverter with estimated error 2.92836
error = 2.92836
area = 268
delay = 16
#gates = 118
output circuit appNtk/rca32_129_2.92836_268_16.blif
Abc_NtkLogicToNetlist() warning: The network is converted to have simple COs.
time = 1888984493 us
--------------- round 130 ---------------
seed = 2599616269
maxLevel = 1
n407 is replaced by n364 with estimated error 2.91376
error = 2.91376
area = 267
delay = 16
#gates = 117
output circuit appNtk/rca32_130_2.91376_267_16.blif
Abc_NtkLogicToNetlist() warning: The network is converted to have simple COs.
time = 1896433437 us
--------------- round 131 ---------------
seed = 3396727899
maxLevel = 1
n399 is replaced by n338 with estimated error 2.92783
error = 2.92783
area = 266
delay = 16
#gates = 116
output circuit appNtk/rca32_131_2.92783_266_16.blif
Abc_NtkLogicToNetlist() warning: The network is converted to have simple COs.
time = 1903518711 us
--------------- round 132 ---------------
seed = 491534652
maxLevel = 1
n398 is replaced by zero with estimated error 2.92869
error = 2.92869
area = 265
delay = 16
#gates = 115
output circuit appNtk/rca32_132_2.92869_265_16.blif
Abc_NtkLogicToNetlist() warning: The network is converted to have simple COs.
time = 1910559334 us
--------------- round 133 ---------------
seed = 2741008547
maxLevel = 1
n120 is replaced by n337 with estimated error 2.93243
error = 2.93243
area = 262
delay = 16
#gates = 114
output circuit appNtk/rca32_133_2.93243_262_16.blif
Abc_NtkLogicToNetlist() warning: The network is converted to have simple COs.
time = 1917300721 us
--------------- round 134 ---------------
seed = 1831688968
maxLevel = 1
s[3] is replaced by y[16] with estimated error 2.93361
error = 2.93361
area = 257
delay = 16
#gates = 113
output circuit appNtk/rca32_134_2.93361_257_16.blif
Abc_NtkLogicToNetlist() warning: The network is converted to have simple COs.
time = 1924089038 us
--------------- round 135 ---------------
seed = 2928488366
maxLevel = 1
n131 is replaced by y[8] with estimated error 2.93291
error = 2.93291
area = 254
delay = 16
#gates = 112
output circuit appNtk/rca32_135_2.93291_254_16.blif
Abc_NtkLogicToNetlist() warning: The network is converted to have simple COs.
time = 1930515882 us
--------------- round 136 ---------------
seed = 1272540094
maxLevel = 1
n132 is replaced by n293 with estimated error 2.94688
error = 2.94688
area = 252
delay = 16
#gates = 111
output circuit appNtk/rca32_136_2.94688_252_16.blif
Abc_NtkLogicToNetlist() warning: The network is converted to have simple COs.
time = 1936670210 us
--------------- round 137 ---------------
seed = 3199204142
maxLevel = 1
s[4] is replaced by x[21] with inverter with estimated error 2.93903
error = 2.93903
area = 248
delay = 16
#gates = 111
output circuit appNtk/rca32_137_2.93903_248_16.blif
Abc_NtkLogicToNetlist() warning: The network is converted to have simple COs.
time = 1942875205 us
--------------- round 138 ---------------
seed = 1210761335
maxLevel = 1
n408 is replaced by n365 with estimated error 2.94146
error = 2.94146
area = 247
delay = 16
#gates = 110
output circuit appNtk/rca32_138_2.94146_247_16.blif
Abc_NtkLogicToNetlist() warning: The network is converted to have simple COs.
time = 1948960802 us
--------------- round 139 ---------------
seed = 3237263072
maxLevel = 1
exceed error bound
