abc command read data/library/mcnc.genlib
Entered genlib library with 23 gates from file "data/library/mcnc.genlib".
abc command read_blif data/su/wal8.blif
Line 9: Skipping line ".default_input_arrival 0.00 0.00 ".
Line 10: Skipping line ".default_output_required 0.00 0.00 ".
Line 11: Skipping line ".default_input_drive 0.10 0.10 ".
Line 12: Skipping line ".default_output_load 2.00 ".
Line 13: Skipping line ".default_max_input_load 999.00 ".
abc command print_stats
[1;37mwal8                          :[0m i/o =   16/   16  lat =    0  nd =   490  edge =   1058  area =1081.00  delay =45.30  lev = 36
--------------- round 1 ---------------
seed = 2889109406
maxLevel = 1
[174797] is replaced by [176053] with estimated error 0
error = 0
area = 1078
delay = 44.7
#gates = 491
output circuit appNtk/wal8_1_0_1078_44.7.blif
time = 46509759 us
--------------- round 2 ---------------
seed = 3142684249
maxLevel = 1
[175875] is replaced by [176013] with estimated error 0
error = 0
area = 1075
delay = 44.1
#gates = 490
output circuit appNtk/wal8_2_0_1075_44.1.blif
time = 92753481 us
--------------- round 3 ---------------
seed = 1790340724
maxLevel = 1
[174713] is replaced by [174337] with estimated error 0
error = 0
area = 1073
delay = 43.1
#gates = 489
output circuit appNtk/wal8_3_0_1073_43.1.blif
time = 138852003 us
--------------- round 4 ---------------
seed = 1411913563
maxLevel = 1
[174867] is replaced by [175015] with estimated error 0
error = 0
area = 1071
delay = 43.1
#gates = 488
output circuit appNtk/wal8_4_0_1071_43.1.blif
time = 184699827 us
--------------- round 5 ---------------
seed = 3971814887
maxLevel = 1
[174864] is replaced by [175953] with estimated error 0
error = 0
area = 1069
delay = 43.1
#gates = 487
output circuit appNtk/wal8_5_0_1069_43.1.blif
time = 230485606 us
--------------- round 6 ---------------
seed = 1328811444
maxLevel = 1
[174151] is replaced by n312 with inverter with estimated error 0
error = 0
area = 1067
delay = 43.1
#gates = 487
output circuit appNtk/wal8_6_0_1067_43.1.blif
time = 276023101 us
--------------- round 7 ---------------
seed = 635776368
maxLevel = 1
[176023] is replaced by [175604] with estimated error 0
error = 0
area = 1065
delay = 43.1
#gates = 486
output circuit appNtk/wal8_7_0_1065_43.1.blif
time = 321780849 us
--------------- round 8 ---------------
seed = 18882423
maxLevel = 1
[176137] is replaced by [175759] with estimated error 0
error = 0
area = 1063
delay = 43.1
#gates = 485
output circuit appNtk/wal8_8_0_1063_43.1.blif
time = 367537587 us
--------------- round 9 ---------------
seed = 3405044844
maxLevel = 1
[174846] is replaced by [175969] with estimated error 0
error = 0
area = 1061
delay = 43.1
#gates = 484
output circuit appNtk/wal8_9_0_1061_43.1.blif
time = 412830901 us
--------------- round 10 ---------------
seed = 2728164051
maxLevel = 1
n108 is replaced by [174200] with inverter with estimated error 0
error = 0
area = 1059
delay = 43.1
#gates = 483
output circuit appNtk/wal8_10_0_1059_43.1.blif
time = 457843252 us
--------------- round 11 ---------------
seed = 90517259
maxLevel = 1
[174314] is replaced by n382 with inverter with estimated error 0
error = 0
area = 1057
delay = 43.1
#gates = 483
output circuit appNtk/wal8_11_0_1057_43.1.blif
time = 502659666 us
--------------- round 12 ---------------
seed = 3112389709
maxLevel = 1
n109 is replaced by [174183] with inverter with estimated error 0
error = 0
area = 1055
delay = 43.1
#gates = 482
output circuit appNtk/wal8_12_0_1055_43.1.blif
time = 547566498 us
--------------- round 13 ---------------
seed = 2518040994
maxLevel = 1
[175768] is replaced by [174261] with estimated error 0
error = 0
area = 1053
delay = 43.1
#gates = 481
output circuit appNtk/wal8_13_0_1053_43.1.blif
time = 592329747 us
--------------- round 14 ---------------
seed = 278370846
maxLevel = 1
[174710] is replaced by [174339] with estimated error 0
error = 0
area = 1052
delay = 43.1
#gates = 480
output circuit appNtk/wal8_14_0_1052_43.1.blif
time = 636823861 us
--------------- round 15 ---------------
seed = 2878862098
maxLevel = 1
[174657] is replaced by [174226] with estimated error 0
error = 0
area = 1051
delay = 43.1
#gates = 479
output circuit appNtk/wal8_15_0_1051_43.1.blif
time = 681171011 us
--------------- round 16 ---------------
seed = 1753937568
maxLevel = 1
product[2] is replaced by [176253] with inverter with estimated error 1.13277
error = 1.13277
area = 1047
delay = 43.1
#gates = 478
output circuit appNtk/wal8_16_1.13277_1047_43.1.blif
time = 725888328 us
--------------- round 17 ---------------
seed = 1093535895
maxLevel = 1
product[1] is replaced by [174108] with inverter with estimated error 1.622
error = 1.622
area = 1042
delay = 43.1
#gates = 476
output circuit appNtk/wal8_17_1.622_1042_43.1.blif
time = 770501697 us
--------------- round 18 ---------------
seed = 2293608506
maxLevel = 1
[174195] is replaced by one with estimated error 1.91882
error = 1.91882
area = 1039
delay = 42.6
#gates = 474
output circuit appNtk/wal8_18_1.91882_1039_42.6.blif
time = 815166780 us
--------------- round 19 ---------------
seed = 26665765
maxLevel = 1
[174113] is replaced by [174126] with estimated error 1.71157
error = 1.71157
area = 1037
delay = 42.6
#gates = 473
output circuit appNtk/wal8_19_1.71157_1037_42.6.blif
time = 859069096 us
--------------- round 20 ---------------
seed = 3172040426
maxLevel = 1
product[0] is replaced by multiplier[0] with estimated error 1.68882
error = 1.68882
area = 1034
delay = 42.6
#gates = 471
output circuit appNtk/wal8_20_1.68882_1034_42.6.blif
Abc_NtkLogicToNetlist() warning: The network is converted to have simple COs.
time = 903101951 us
--------------- round 21 ---------------
seed = 2566200907
maxLevel = 1
n530 is replaced by multiplicand[0] with estimated error 1.69253
error = 1.69253
area = 1032
delay = 42.6
#gates = 469
output circuit appNtk/wal8_21_1.69253_1032_42.6.blif
Abc_NtkLogicToNetlist() warning: The network is converted to have simple COs.
time = 946889106 us
--------------- round 22 ---------------
seed = 4096613523
maxLevel = 1
product[5] is replaced by [176165] with inverter with estimated error 3.93021
error = 3.93021
area = 1022
delay = 42.6
#gates = 465
output circuit appNtk/wal8_22_3.93021_1022_42.6.blif
Abc_NtkLogicToNetlist() warning: The network is converted to have simple COs.
time = 990264817 us
--------------- round 23 ---------------
seed = 1206314827
maxLevel = 1
[174874] is replaced by zero with estimated error 4.11394
error = 3.92741
area = 1021
delay = 42.6
#gates = 464
output circuit appNtk/wal8_23_3.92741_1021_42.6.blif
Abc_NtkLogicToNetlist() warning: The network is converted to have simple COs.
time = 1033070912 us
--------------- round 24 ---------------
seed = 1684839932
maxLevel = 1
[174620] is replaced by zero with estimated error 3.84501
error = 3.84501
area = 1020
delay = 42.6
#gates = 463
output circuit appNtk/wal8_24_3.84501_1020_42.6.blif
Abc_NtkLogicToNetlist() warning: The network is converted to have simple COs.
time = 1075576640 us
--------------- round 25 ---------------
seed = 3490329793
maxLevel = 1
[174125] is replaced by [174615] with estimated error 4.07012
error = 4.07012
area = 1014
delay = 42.6
#gates = 460
output circuit appNtk/wal8_25_4.07012_1014_42.6.blif
Abc_NtkLogicToNetlist() warning: The network is converted to have simple COs.
time = 1118224913 us
--------------- round 26 ---------------
seed = 739582361
maxLevel = 1
[174615] is replaced by zero with estimated error 4.65769
error = 4.47752
area = 1008
delay = 42.6
#gates = 457
output circuit appNtk/wal8_26_4.47752_1008_42.6.blif
Abc_NtkLogicToNetlist() warning: The network is converted to have simple COs.
time = 1160352951 us
--------------- round 27 ---------------
seed = 1657456236
maxLevel = 1
[174880] is replaced by one with estimated error 4.49676
error = 4.49676
area = 1007
delay = 42.6
#gates = 456
output circuit appNtk/wal8_27_4.49676_1007_42.6.blif
Abc_NtkLogicToNetlist() warning: The network is converted to have simple COs.
time = 1201837616 us
--------------- round 28 ---------------
seed = 1105084909
maxLevel = 1
[176241] is replaced by [175043] with estimated error 4.67506
error = 4.67506
area = 1005
delay = 42.6
#gates = 455
output circuit appNtk/wal8_28_4.67506_1005_42.6.blif
Abc_NtkLogicToNetlist() warning: The network is converted to have simple COs.
time = 1243248920 us
--------------- round 29 ---------------
seed = 313001384
maxLevel = 1
product[4] is replaced by [174148] with estimated error 5.9107
error = 5.9107
area = 994
delay = 42.6
#gates = 451
output circuit appNtk/wal8_29_5.9107_994_42.6.blif
Abc_NtkLogicToNetlist() warning: The network is converted to have simple COs.
time = 1284554681 us
--------------- round 30 ---------------
seed = 1274464567
maxLevel = 1
[174733] is replaced by [174884] with estimated error 5.86769
error = 5.86769
area = 993
delay = 42.6
#gates = 450
output circuit appNtk/wal8_30_5.86769_993_42.6.blif
Abc_NtkLogicToNetlist() warning: The network is converted to have simple COs.
time = 1325216883 us
--------------- round 31 ---------------
seed = 1194712780
maxLevel = 1
product[3] is replaced by [174131] with estimated error 6.26748
error = 6.26748
area = 974
delay = 42.6
#gates = 443
output circuit appNtk/wal8_31_6.26748_974_42.6.blif
Abc_NtkLogicToNetlist() warning: The network is converted to have simple COs.
time = 1365719483 us
--------------- round 32 ---------------
seed = 2312621603
maxLevel = 1
[174869] is replaced by zero with estimated error 6.30335
error = 6.30335
area = 973
delay = 42.6
#gates = 442
output circuit appNtk/wal8_32_6.30335_973_42.6.blif
Abc_NtkLogicToNetlist() warning: The network is converted to have simple COs.
time = 1405021441 us
--------------- round 33 ---------------
seed = 3476322376
maxLevel = 1
[174119] is replaced by [175051] with estimated error 7.20641
error = 7.20641
area = 965
delay = 42.6
#gates = 439
output circuit appNtk/wal8_33_7.20641_965_42.6.blif
Abc_NtkLogicToNetlist() warning: The network is converted to have simple COs.
time = 1444122102 us
--------------- round 34 ---------------
seed = 443557982
maxLevel = 1
product[6] is replaced by [174194] with estimated error 9.37
error = 9.37
area = 955
delay = 42.6
#gates = 435
output circuit appNtk/wal8_34_9.37_955_42.6.blif
Abc_NtkLogicToNetlist() warning: The network is converted to have simple COs.
time = 1482828238 us
--------------- round 35 ---------------
seed = 531905845
maxLevel = 1
[174198] is replaced by [174777] with estimated error 9.00075
error = 9.00075
area = 949
delay = 42.6
#gates = 432
output circuit appNtk/wal8_35_9.00075_949_42.6.blif
Abc_NtkLogicToNetlist() warning: The network is converted to have simple COs.
time = 1520676878 us
--------------- round 36 ---------------
seed = 669842231
maxLevel = 1
n531 is replaced by [176169] with inverter with estimated error 8.7713
error = 8.7713
area = 932
delay = 42.6
#gates = 423
output circuit appNtk/wal8_36_8.7713_932_42.6.blif
Abc_NtkLogicToNetlist() warning: The network is converted to have simple COs.
time = 1557999144 us
--------------- round 37 ---------------
seed = 506834707
maxLevel = 1
[175076] is replaced by n413 with estimated error 9.21436
error = 9.21436
area = 931
delay = 41.7
#gates = 422
output circuit appNtk/wal8_37_9.21436_931_41.7.blif
Abc_NtkLogicToNetlist() warning: The network is converted to have simple COs.
time = 1593912883 us
--------------- round 38 ---------------
seed = 2676353223
maxLevel = 1
[176217] is replaced by [175261] with estimated error 10.1602
error = 10.1602
area = 929
delay = 41.7
#gates = 421
output circuit appNtk/wal8_38_10.1602_929_41.7.blif
Abc_NtkLogicToNetlist() warning: The network is converted to have simple COs.
time = 1629733012 us
--------------- round 39 ---------------
seed = 34820438
maxLevel = 1
[175051] is replaced by zero with estimated error 10.7598
error = 10.5289
area = 928
delay = 41.7
#gates = 420
output circuit appNtk/wal8_39_10.5289_928_41.7.blif
Abc_NtkLogicToNetlist() warning: The network is converted to have simple COs.
time = 1665364367 us
--------------- round 40 ---------------
seed = 3560492360
maxLevel = 1
[175046] is replaced by zero with estimated error 10.4741
error = 10.4741
area = 927
delay = 41.7
#gates = 419
output circuit appNtk/wal8_40_10.4741_927_41.7.blif
Abc_NtkLogicToNetlist() warning: The network is converted to have simple COs.
time = 1700780440 us
--------------- round 41 ---------------
seed = 3167824756
maxLevel = 1
[174849] is replaced by [174333] with estimated error 11.4652
error = 11.4652
area = 925
delay = 41.7
#gates = 418
output circuit appNtk/wal8_41_11.4652_925_41.7.blif
Abc_NtkLogicToNetlist() warning: The network is converted to have simple COs.
time = 1736108181 us
--------------- round 42 ---------------
seed = 869971016
maxLevel = 1
[174131] is replaced by one with estimated error 14.2749
error = 14.2749
area = 922
delay = 41.7
#gates = 417
output circuit appNtk/wal8_42_14.2749_922_41.7.blif
Abc_NtkLogicToNetlist() warning: The network is converted to have simple COs.
time = 1771360611 us
--------------- round 43 ---------------
seed = 284800752
maxLevel = 1
[174140] is replaced by [175250] with estimated error 16.127
error = 16.127
area = 907
delay = 41.7
#gates = 410
output circuit appNtk/wal8_43_16.127_907_41.7.blif
Abc_NtkLogicToNetlist() warning: The network is converted to have simple COs.
time = 1806114074 us
--------------- round 44 ---------------
seed = 2757023745
maxLevel = 1
[174901] is replaced by zero with estimated error 16.7649
error = 16.7649
area = 906
delay = 41.7
#gates = 409
output circuit appNtk/wal8_44_16.7649_906_41.7.blif
Abc_NtkLogicToNetlist() warning: The network is converted to have simple COs.
time = 1840135139 us
--------------- round 45 ---------------
seed = 218911861
maxLevel = 1
[174147] is replaced by [174145] with estimated error 18.447
error = 18.447
area = 902
delay = 41.7
#gates = 408
output circuit appNtk/wal8_45_18.447_902_41.7.blif
Abc_NtkLogicToNetlist() warning: The network is converted to have simple COs.
time = 1874066051 us
--------------- round 46 ---------------
seed = 863770314
maxLevel = 1
[174115] is replaced by zero with estimated error 19.902
error = 19.902
area = 900
delay = 41.7
#gates = 407
output circuit appNtk/wal8_46_19.902_900_41.7.blif
Abc_NtkLogicToNetlist() warning: The network is converted to have simple COs.
time = 1907622779 us
--------------- round 47 ---------------
seed = 2956892815
maxLevel = 1
[174152] is replaced by one with estimated error 18.6402
error = 18.6402
area = 898
delay = 41.7
#gates = 406
output circuit appNtk/wal8_47_18.6402_898_41.7.blif
Abc_NtkLogicToNetlist() warning: The network is converted to have simple COs.
time = 1940958923 us
--------------- round 48 ---------------
seed = 2539163787
maxLevel = 1
[174892] is replaced by [175261] with estimated error 19.148
error = 19.148
area = 897
delay = 41.7
#gates = 405
output circuit appNtk/wal8_48_19.148_897_41.7.blif
Abc_NtkLogicToNetlist() warning: The network is converted to have simple COs.
time = 1974351060 us
--------------- round 49 ---------------
seed = 320737882
maxLevel = 1
[174786] is replaced by [174942] with estimated error 18.6697
error = 18.6697
area = 896
delay = 39.7
#gates = 404
output circuit appNtk/wal8_49_18.6697_896_39.7.blif
Abc_NtkLogicToNetlist() warning: The network is converted to have simple COs.
time = 2007476882 us
--------------- round 50 ---------------
seed = 3501029323
maxLevel = 1
[174153] is replaced by [174139] with estimated error 22.439
error = 22.439
area = 884
delay = 39.7
#gates = 398
output circuit appNtk/wal8_50_22.439_884_39.7.blif
Abc_NtkLogicToNetlist() warning: The network is converted to have simple COs.
time = 2040528241 us
--------------- round 51 ---------------
seed = 3225449902
maxLevel = 1
[174137] is replaced by one with estimated error 24.363
error = 24.363
area = 882
delay = 39.7
#gates = 397
output circuit appNtk/wal8_51_24.363_882_39.7.blif
Abc_NtkLogicToNetlist() warning: The network is converted to have simple COs.
time = 2072581801 us
--------------- round 52 ---------------
seed = 1461809818
maxLevel = 1
[175065] is replaced by [174138] with estimated error 23.9657
error = 23.9657
area = 881
delay = 39.7
#gates = 396
output circuit appNtk/wal8_52_23.9657_881_39.7.blif
Abc_NtkLogicToNetlist() warning: The network is converted to have simple COs.
time = 2104298666 us
--------------- round 53 ---------------
seed = 4111664759
maxLevel = 1
[174769] is replaced by [174921] with estimated error 24.458
error = 24.458
area = 880
delay = 39.7
#gates = 395
output circuit appNtk/wal8_53_24.458_880_39.7.blif
Abc_NtkLogicToNetlist() warning: The network is converted to have simple COs.
time = 2136078239 us
--------------- round 54 ---------------
seed = 3649576311
maxLevel = 1
exceed error bound
