Original Area:958.000000, Original Delay:38.500000, Orignial Gate :419
Change gate [1809] with gate[3103]  , changed gate loc: 473,  sub gate loc: 461Inverter: 0
Simulate AEM is 0.000000
Now AEM is 0.000000
Simulate added AEM is 0.000000, Now added AEM is 0.000000
Approximate gate:407, Approximate area:928.000000
Accurate error is 0.000000, Area :928.000000, Delay: 38.500000, Gate: 407
Now running time: 44
Change gate [1796] with gate[3098]  , changed gate loc: 449,  sub gate loc: 458Inverter: 0
Simulate AEM is 0.000000
Now AEM is 0.000000
Simulate added AEM is 0.000000, Now added AEM is 0.000000
Approximate gate:403, Approximate area:917.000000
Accurate error is 0.000000, Area :917.000000, Delay: 31.600000, Gate: 403
Now running time: 86
Change gate [1728] with gate[1700]  , changed gate loc: 361,  sub gate loc: 329Inverter: 0
Simulate AEM is 0.000000
Now AEM is 75161.927680
Simulate added AEM is 0.000000, Now added AEM is 75161.927680
Approximate gate:401, Approximate area:913.000000
Accurate error is 75161.927680, Area :913.000000, Delay: 31.600000, Gate: 401
Now running time: 127
Change gate n107 with gate[141876]  , changed gate loc: 435,  sub gate loc: 456Inverter: 0
Simulate AEM is 0.000000
Now AEM is 0.000000
Simulate added AEM is 0.000000, Now added AEM is -75161.927680
Approximate gate:399, Approximate area:908.000000
Accurate error is 0.000000, Area :908.000000, Delay: 30.100000, Gate: 399
Now running time: 169
Change gate [2750] with gate[1683]  , changed gate loc: 312,  sub gate loc: 310Inverter: 0
Simulate AEM is 0.000000
Now AEM is 21474.836480
Simulate added AEM is 0.000000, Now added AEM is 21474.836480
Approximate gate:398, Approximate area:904.000000
Accurate error is 21474.836480, Area :904.000000, Delay: 30.100000, Gate: 398
Now running time: 209
Change gate [1726] with gate[1703]  , changed gate loc: 359,  sub gate loc: 333Inverter: 1
Simulate AEM is 0.000000
Now AEM is 21474.836480
Simulate added AEM is 0.000000, Now added AEM is 0.000000
Approximate gate:398, Approximate area:902.000000
Accurate error is 21474.836480, Area :902.000000, Delay: 30.100000, Gate: 398
Now running time: 250
Change gate [2636] with gate[2670]  , changed gate loc: 260,  sub gate loc: 276Inverter: 0
Simulate AEM is 0.000000
Now AEM is 16106.127360
Simulate added AEM is 0.000000, Now added AEM is -5368.709120
Approximate gate:395, Approximate area:895.000000
Accurate error is 16106.127360, Area :895.000000, Delay: 30.100000, Gate: 395
Now running time: 290
Change gate [1746] with gate[2874]  , changed gate loc: 389,  sub gate loc: 366Inverter: 0
Simulate AEM is 0.000000
Now AEM is 10737.745920
Simulate added AEM is 0.000000, Now added AEM is -5368.381440
Approximate gate:394, Approximate area:893.000000
Accurate error is 10737.745920, Area :893.000000, Delay: 30.100000, Gate: 394
Now running time: 329
Change gate [1105] with gaten273  , changed gate loc: 255,  sub gate loc: 231Inverter: 0
Simulate AEM is 0.000000
Now AEM is 11073.290240
Simulate added AEM is 0.000000, Now added AEM is 335.544320
Approximate gate:392, Approximate area:888.000000
Accurate error is 11073.290240, Area :888.000000, Delay: 30.100000, Gate: 392
Now running time: 369
Change gate [2641] with gatezero  , changed gate loc: 262,  sub gate loc: 0Inverter: 0
Simulate AEM is 0.000000
Now AEM is 10738.401280
Simulate added AEM is 0.000000, Now added AEM is -334.888960
Approximate gate:391, Approximate area:883.000000
Accurate error is 10738.401280, Area :883.000000, Delay: 30.100000, Gate: 391
Now running time: 409
Change gate [2327] with gate[1552]  , changed gate loc: 129,  sub gate loc: 136Inverter: 0
Simulate AEM is 0.000000
Now AEM is 10737.745920
Simulate added AEM is 0.000000, Now added AEM is -0.655360
Approximate gate:390, Approximate area:881.000000
Accurate error is 10737.745920, Area :881.000000, Delay: 30.100000, Gate: 390
Now running time: 448
Change gate [1771] with gate[1781]  , changed gate loc: 421,  sub gate loc: 430Inverter: 0
Simulate AEM is 0.000000
Now AEM is 42950.328320
Simulate added AEM is 0.000000, Now added AEM is 32212.582400
Approximate gate:389, Approximate area:880.000000
Accurate error is 42950.328320, Area :880.000000, Delay: 30.100000, Gate: 389
Now running time: 488
Change gate [1726] with gate[2803]  , changed gate loc: 359,  sub gate loc: 334Inverter: 0
Simulate AEM is 0.000000
Now AEM is 21475.819520
Simulate added AEM is 0.000000, Now added AEM is -21474.508800
Approximate gate:388, Approximate area:879.000000
Accurate error is 21475.819520, Area :879.000000, Delay: 30.100000, Gate: 388
Now running time: 526
Change gate [2660] with gate[2654]  , changed gate loc: 271,  sub gate loc: 269Inverter: 0
Simulate AEM is 0.000000
Now AEM is 48319.037440
Simulate added AEM is 0.000000, Now added AEM is 26843.217920
Approximate gate:387, Approximate area:878.000000
Accurate error is 48319.037440, Area :878.000000, Delay: 30.100000, Gate: 387
Now running time: 565
Change gate [1651] with gate[1661]  , changed gate loc: 270,  sub gate loc: 281Inverter: 0
Simulate AEM is 0.000000
Now AEM is 32212.582400
Simulate added AEM is 0.000000, Now added AEM is -16106.455040
Approximate gate:386, Approximate area:876.000000
Accurate error is 32212.582400, Area :876.000000, Delay: 30.100000, Gate: 386
Now running time: 603
Change gate sum[0] with gate[1533]  , changed gate loc: 66,  sub gate loc: 105Inverter: 0
Simulate AEM is 0.250260
Now AEM is 1.233440
Simulate added AEM is 0.250260, Now added AEM is -32211.348960
Approximate gate:383, Approximate area:870.000000
Accurate error is 1.233440, Area :870.000000, Delay: 30.100000, Gate: 383
Now running time: 641
Change gate [2552] with gate[1610]  , changed gate loc: 241,  sub gate loc: 216Inverter: 0
Simulate AEM is -68.071020
Now AEM is 22970.783360
Simulate added AEM is -68.321280, Now added AEM is 22969.549920
Approximate gate:382, Approximate area:869.000000
Accurate error is 22970.783360, Area :869.000000, Delay: 30.100000, Gate: 382
Now running time: 685
Change gate [1532] with gate[2270]  , changed gate loc: 103,  sub gate loc: 107Inverter: 1
Simulate AEM is -67.857720
Now AEM is 43888.849380
Simulate added AEM is 0.213300, Now added AEM is 20918.066020
Approximate gate:380, Approximate area:864.000000
Accurate error is 43888.849380, Area :864.000000, Delay: 29.200000, Gate: 380
Now running time: 733
Change gate [2270] with gateone  , changed gate loc: 107,  sub gate loc: 1Inverter: 0
Simulate AEM is -67.864700
Now AEM is 92014.745730
Simulate added AEM is -0.006980, Now added AEM is 48125.896350
Approximate gate:380, Approximate area:862.000000
Accurate error is 92014.745730, Area :862.000000, Delay: 28.200000, Gate: 380
Now running time: 778
Change gate [1537] with gatea[2]  , changed gate loc: 111,  sub gate loc: 4Inverter: 1
Simulate AEM is -67.988540
Now AEM is 12029.568710
Simulate added AEM is -0.123840, Now added AEM is -79985.177020
Approximate gate:378, Approximate area:857.000000
Accurate error is 12029.568710, Area :857.000000, Delay: 28.200000, Gate: 378
Now running time: 818
Change gate [2486] with gate[2405]  , changed gate loc: 200,  sub gate loc: 156Inverter: 0
Simulate AEM is -68.009020
Now AEM is 22482.246270
Simulate added AEM is -0.020480, Now added AEM is 10452.677560
Approximate gate:375, Approximate area:851.000000
Accurate error is 22482.246270, Area :851.000000, Delay: 28.200000, Gate: 375
Now running time: 857
Change gate sum[1] with gateb[0]  , changed gate loc: 67,  sub gate loc: 34Inverter: 1
Simulate AEM is -68.009580
Now AEM is 12418.460980
Simulate added AEM is -0.000560, Now added AEM is -10063.785290
Approximate gate:373, Approximate area:846.000000
Accurate error is 12418.460980, Area :846.000000, Delay: 28.200000, Gate: 373
Now running time: 895
Change gate sum[4] with gate[2286]  , changed gate loc: 70,  sub gate loc: 114Inverter: 0
Simulate AEM is -68.010060
Now AEM is 18134.788820
Simulate added AEM is -0.000480, Now added AEM is 5716.327840
Approximate gate:371, Approximate area:841.000000
Accurate error is 18134.788820, Area :841.000000, Delay: 28.200000, Gate: 371
Now running time: 933
Change gate sum[3] with gatea[0]  , changed gate loc: 69,  sub gate loc: 2Inverter: 0
Simulate AEM is -68.010540
Now AEM is 77274.054760
Simulate added AEM is -0.000480, Now added AEM is 59139.265940
Approximate gate:370, Approximate area:837.000000
Accurate error is 77274.054760, Area :837.000000, Delay: 28.200000, Gate: 370
Now running time: 971
Change gate sum[2] with gateone  , changed gate loc: 68,  sub gate loc: 1Inverter: 0
Simulate AEM is -68.013460
Now AEM is 28907.680530
Simulate added AEM is -0.002920, Now added AEM is -48366.374230
Approximate gate:369, Approximate area:832.000000
Accurate error is 28907.680530, Area :832.000000, Delay: 28.200000, Gate: 369
Now running time: 1009
Change gate sum[5] with gate[2432]  , changed gate loc: 71,  sub gate loc: 169Inverter: 0
Simulate AEM is -68.015060
Now AEM is 6626.913950
Simulate added AEM is -0.001600, Now added AEM is -22280.766580
Approximate gate:367, Approximate area:827.000000
Accurate error is 6626.913950, Area :827.000000, Delay: 28.200000, Gate: 367
Now running time: 1047
Change gate sum[6] with gate[2397]  , changed gate loc: 72,  sub gate loc: 151Inverter: 1
Simulate AEM is -68.017620
Now AEM is 23160.442510
Simulate added AEM is -0.002560, Now added AEM is 16533.528560
Approximate gate:366, Approximate area:823.000000
Accurate error is 23160.442510, Area :823.000000, Delay: 28.200000, Gate: 366
Now running time: 1084
Change gate [2397] with gate[2434]  , changed gate loc: 151,  sub gate loc: 170Inverter: 1
Simulate AEM is -68.018260
Now AEM is 17159.663540
Simulate added AEM is -0.000640, Now added AEM is -6000.778970
Approximate gate:366, Approximate area:822.000000
Accurate error is 17159.663540, Area :822.000000, Delay: 28.200000, Gate: 366
Now running time: 1120
Change gate sum[7] with gatesum[4]  , changed gate loc: 73,  sub gate loc: 70Inverter: 0
Simulate AEM is -68.024660
Now AEM is 43965.418810
Simulate added AEM is -0.006400, Now added AEM is 26805.755270
Approximate gate:365, Approximate area:817.000000
Accurate error is 43965.418810, Area :817.000000, Delay: 28.200000, Gate: 365
Now running time: 1156
Change gate sum[9] with gate[1562]  , changed gate loc: 75,  sub gate loc: 148Inverter: 0
Simulate AEM is -68.034900
Now AEM is 54927.993580
Simulate added AEM is -0.010240, Now added AEM is 10962.574770
Approximate gate:362, Approximate area:811.000000
Accurate error is 54927.993580, Area :811.000000, Delay: 28.200000, Gate: 362
Now running time: 1192
Change gate [2459] with gateone  , changed gate loc: 184,  sub gate loc: 1Inverter: 0
Simulate AEM is -68.065620
Now AEM is 44961.688130
Simulate added AEM is -0.030720, Now added AEM is -9966.305450
Approximate gate:360, Approximate area:801.000000
Accurate error is 44961.688130, Area :801.000000, Delay: 26.200000, Gate: 360
Now running time: 1226
Change gate sum[3] with gatezero  , changed gate loc: 69,  sub gate loc: 0Inverter: 0
Simulate AEM is -68.067060
Now AEM is 2210.812190
Simulate added AEM is -0.001440, Now added AEM is -42750.875940
Approximate gate:360, Approximate area:800.000000
Accurate error is 2210.812190, Area :800.000000, Delay: 26.200000, Gate: 360
Now running time: 1260
Change gate sum[1] with gatezero  , changed gate loc: 67,  sub gate loc: 0Inverter: 0
Simulate AEM is -68.069500
Now AEM is 23527.132240
Simulate added AEM is -0.002440, Now added AEM is 21316.320050
Approximate gate:360, Approximate area:799.000000
Accurate error is 23527.132240, Area :799.000000, Delay: 26.200000, Gate: 360
Now running time: 1294
Change gate sum[10] with gate[1584]  , changed gate loc: 76,  sub gate loc: 178Inverter: 0
Simulate AEM is -68.100220
Now AEM is 77061.221130
Simulate added AEM is -0.030720, Now added AEM is 53534.088890
Approximate gate:358, Approximate area:794.000000
Accurate error is 77061.221130, Area :794.000000, Delay: 26.200000, Gate: 358
Now running time: 1327
Change gate [2274] with gatezero  , changed gate loc: 113,  sub gate loc: 0Inverter: 0
Simulate AEM is -68.123900
Now AEM is 6855.310010
Simulate added AEM is -0.023680, Now added AEM is -70205.911120
Approximate gate:355, Approximate area:789.000000
Accurate error is 6855.310010, Area :789.000000, Delay: 25.000000, Gate: 355
Now running time: 1361
Change gate sum[8] with gate[1548]  , changed gate loc: 74,  sub gate loc: 131Inverter: 0
Simulate AEM is -68.126460
Now AEM is 18365.947610
Simulate added AEM is -0.002560, Now added AEM is 11510.637600
Approximate gate:353, Approximate area:784.000000
Accurate error is 18365.947610, Area :784.000000, Delay: 25.000000, Gate: 353
Now running time: 1394
Change gate sum[0] with gateone  , changed gate loc: 66,  sub gate loc: 1Inverter: 0
Simulate AEM is -68.128200
Now AEM is 12443.789750
Simulate added AEM is -0.001740, Now added AEM is -5922.157860
Approximate gate:353, Approximate area:782.000000
Accurate error is 12443.789750, Area :782.000000, Delay: 25.000000, Gate: 353
Now running time: 1426
Change gate [2482] with gate[2399]  , changed gate loc: 197,  sub gate loc: 160Inverter: 0
Simulate AEM is -68.148680
Now AEM is 12522.781450
Simulate added AEM is -0.020480, Now added AEM is 78.991700
Approximate gate:350, Approximate area:775.000000
Accurate error is 12522.781450, Area :775.000000, Delay: 25.000000, Gate: 350
Now running time: 1458
Change gate [2619] with gate[2567]  , changed gate loc: 256,  sub gate loc: 229Inverter: 0
Simulate AEM is -68.158020
Now AEM is 58520.016840
Simulate added AEM is -0.009340, Now added AEM is 45997.235390
Approximate gate:345, Approximate area:762.000000
Accurate error is 58520.016840, Area :762.000000, Delay: 25.000000, Gate: 345
Now running time: 1490
Change gate [2430] with gate[2434]  , changed gate loc: 168,  sub gate loc: 170Inverter: 0
Simulate AEM is -68.159620
Now AEM is 20512.512060
Simulate added AEM is -0.001600, Now added AEM is -38007.504780
Approximate gate:344, Approximate area:761.000000
Accurate error is 20512.512060, Area :761.000000, Delay: 25.000000, Gate: 344
Now running time: 1522
Change gate sum[6] with gate[1556]  , changed gate loc: 72,  sub gate loc: 140Inverter: 0
Simulate AEM is -68.162820
Now AEM is 95748.467600
Simulate added AEM is -0.003200, Now added AEM is 75235.955540
Approximate gate:342, Approximate area:759.000000
Accurate error is 95748.467600, Area :759.000000, Delay: 25.000000, Gate: 342
Now running time: 1553
Change gate sum[16] with gate[1547]  , changed gate loc: 82,  sub gate loc: 130Inverter: 0
Simulate AEM is -68.177340
Now AEM is 62531.270490
Simulate added AEM is -0.014520, Now added AEM is -33217.197110
Approximate gate:339, Approximate area:753.000000
Accurate error is 62531.270490, Area :753.000000, Delay: 25.000000, Gate: 339
Now running time: 1584
Change gate sum[11] with gatesum[4]  , changed gate loc: 77,  sub gate loc: 70Inverter: 1
Simulate AEM is -68.197820
Now AEM is 105422.869510
Simulate added AEM is -0.020480, Now added AEM is 42891.599020
Approximate gate:328, Approximate area:727.000000
Accurate error is 105422.869510, Area :727.000000, Delay: 25.000000, Gate: 328
Now running time: 1614
Change gate [2371] with gate[1566]  , changed gate loc: 144,  sub gate loc: 157Inverter: 0
Simulate AEM is -68.236540
Now AEM is 46279.362450
Simulate added AEM is -0.038720, Now added AEM is -59143.507060
Approximate gate:326, Approximate area:723.000000
Accurate error is 46279.362450, Area :723.000000, Delay: 25.000000, Gate: 326
Now running time: 1643
Change gate sum[13] with gate[1608]  , changed gate loc: 79,  sub gate loc: 214Inverter: 1
Simulate AEM is -68.400380
Now AEM is 122559.787930
Simulate added AEM is -0.163840, Now added AEM is 76280.425480
Approximate gate:324, Approximate area:718.000000
Accurate error is 122559.787930, Area :718.000000, Delay: 25.000000, Gate: 324
Now running time: 1671
Change gate [1545] with gateb[2]  , changed gate loc: 124,  sub gate loc: 36Inverter: 0
Simulate AEM is -68.520420
Now AEM is 112791.574410
Simulate added AEM is -0.120040, Now added AEM is -9768.213520
Approximate gate:317, Approximate area:706.000000
Accurate error is 112791.574410, Area :706.000000, Delay: 25.000000, Gate: 317
Now running time: 1699
Change gate [1666] with gatea[3]  , changed gate loc: 288,  sub gate loc: 5Inverter: 1
Simulate AEM is -69.831140
Now AEM is 107524.914840
Simulate added AEM is -1.310720, Now added AEM is -5266.659570
Approximate gate:301, Approximate area:665.000000
Accurate error is 107524.914840, Area :665.000000, Delay: 25.000000, Gate: 301
Now running time: 1726
Change gate sum[5] with gate[1572]  , changed gate loc: 71,  sub gate loc: 152Inverter: 0
Simulate AEM is -69.839140
Now AEM is 92769.300580
Simulate added AEM is -0.008000, Now added AEM is -14755.614260
Approximate gate:299, Approximate area:659.000000
Accurate error is 92769.300580, Area :659.000000, Delay: 25.000000, Gate: 299
Now running time: 1751
Change gate sum[7] with gate[1546]  , changed gate loc: 73,  sub gate loc: 126Inverter: 0
Simulate AEM is -69.876260
Now AEM is 112120.128880
Simulate added AEM is -0.037120, Now added AEM is 19350.828300
Approximate gate:298, Approximate area:658.000000
Accurate error is 112120.128880, Area :658.000000, Delay: 25.000000, Gate: 298
Now running time: 1776
Change gate [2403] with gate[1383]  , changed gate loc: 162,  sub gate loc: 159Inverter: 0
Simulate AEM is -70.613540
Now AEM is 74742.489260
Simulate added AEM is -0.737280, Now added AEM is -37377.639620
Approximate gate:291, Approximate area:640.000000
Accurate error is 74742.489260, Area :640.000000, Delay: 25.000000, Gate: 291
Now running time: 1801
Change gate sum[6] with gatezero  , changed gate loc: 72,  sub gate loc: 0Inverter: 0
Simulate AEM is -70.646180
Now AEM is 80909.247380
Simulate added AEM is -0.032640, Now added AEM is 6166.758120
Approximate gate:291, Approximate area:639.000000
Accurate error is 80909.247380, Area :639.000000, Delay: 25.000000, Gate: 291
Now running time: 1825
Change gate sum[4] with gatezero  , changed gate loc: 70,  sub gate loc: 0Inverter: 0
Simulate AEM is -70.808740
Now AEM is 59051.677100
Simulate added AEM is -0.162560, Now added AEM is -21857.570280
Approximate gate:291, Approximate area:637.000000
Accurate error is 59051.677100, Area :637.000000, Delay: 25.000000, Gate: 291
Now running time: 1849
Change gate sum[12] with gate[1580]  , changed gate loc: 78,  sub gate loc: 173Inverter: 0
Simulate AEM is -70.849700
Now AEM is 82865.587620
Simulate added AEM is -0.040960, Now added AEM is 23813.910520
Approximate gate:288, Approximate area:631.000000
Accurate error is 82865.587620, Area :631.000000, Delay: 25.000000, Gate: 288
Now running time: 1873
Change gate sum[15] with gatesum[7]  , changed gate loc: 81,  sub gate loc: 73Inverter: 0
Simulate AEM is -71.505060
Now AEM is 112598.335880
Simulate added AEM is -0.655360, Now added AEM is 29732.748260
Approximate gate:282, Approximate area:619.000000
Accurate error is 112598.335880, Area :619.000000, Delay: 25.000000, Gate: 282
Now running time: 1897
Change gate [1728] with gate[237]  , changed gate loc: 361,  sub gate loc: 451Inverter: 1
Simulate AEM is -72.675840
Now AEM is 513403.896610
Simulate added AEM is -1.170780, Now added AEM is 400805.560730
Approximate gate:263, Approximate area:572.000000
Accurate error is 513403.896610, Area :572.000000, Delay: 25.000000, Gate: 263
Now running time: 1919
Change gate [2750] with gate[1543]  , changed gate loc: 312,  sub gate loc: 121Inverter: 1
Simulate AEM is -74.924400
Now AEM is 786902.545680
Simulate added AEM is -2.248560, Now added AEM is 273498.649070
Approximate gate:256, Approximate area:550.000000
Accurate error is 786902.545680, Area :550.000000, Delay: 25.000000, Gate: 256
Now running time: 1940
Change gate sum[8] with gatezero  , changed gate loc: 74,  sub gate loc: 0Inverter: 0
Simulate AEM is -74.926960
Now AEM is 789976.046500
Simulate added AEM is -0.002560, Now added AEM is 3073.500820
Approximate gate:256, Approximate area:549.000000
Accurate error is 789976.046500, Area :549.000000, Delay: 25.000000, Gate: 256
Now running time: 1959
Change gate [1633] with gateone  , changed gate loc: 244,  sub gate loc: 1Inverter: 0
Simulate AEM is -76.565360
Now AEM is 766852.767980
Simulate added AEM is -1.638400, Now added AEM is -23123.278520
Approximate gate:222, Approximate area:467.000000
Accurate error is 766852.767980, Area :467.000000, Delay: 25.000000, Gate: 222
Now running time: 1979
Change gate sum[14] with gatesum[7]  , changed gate loc: 80,  sub gate loc: 73Inverter: 0
Simulate AEM is -76.729200
Now AEM is 789892.710600
Simulate added AEM is -0.163840, Now added AEM is 23039.942620
Approximate gate:219, Approximate area:462.000000
Accurate error is 789892.710600, Area :462.000000, Delay: 25.000000, Gate: 219
Now running time: 1995
Change gate sum[5] with gateone  , changed gate loc: 71,  sub gate loc: 1Inverter: 0
Simulate AEM is -76.754160
Now AEM is 791490.578430
Simulate added AEM is -0.024960, Now added AEM is 1597.867830
Approximate gate:219, Approximate area:461.000000
Accurate error is 791490.578430, Area :461.000000, Delay: 25.000000, Gate: 219
Now running time: 2011
Change gate sum[19] with gate[1608]  , changed gate loc: 85,  sub gate loc: 214Inverter: 0
Simulate AEM is -77.254320
Now AEM is 858893.407890
Simulate added AEM is -0.500160, Now added AEM is 67402.829460
Approximate gate:216, Approximate area:453.000000
Accurate error is 858893.407890, Area :453.000000, Delay: 25.000000, Gate: 216
Now running time: 2027
Change gate sum[10] with gateone  , changed gate loc: 76,  sub gate loc: 1Inverter: 0
Simulate AEM is -77.305520
Now AEM is 871290.694490
Simulate added AEM is -0.051200, Now added AEM is 12397.286600
Approximate gate:216, Approximate area:452.000000
Accurate error is 871290.694490, Area :452.000000, Delay: 25.000000, Gate: 216
Now running time: 2042
Change gate sum[17] with gate[2761]  , changed gate loc: 83,  sub gate loc: 317Inverter: 0
Simulate AEM is -77.381460
Now AEM is 852413.134900
Simulate added AEM is -0.075940, Now added AEM is -18877.559590
Approximate gate:213, Approximate area:446.000000
Accurate error is 852413.134900, Area :446.000000, Delay: 25.000000, Gate: 213
Now running time: 2054
Change gate sum[18] with gatesum[17]  , changed gate loc: 84,  sub gate loc: 83Inverter: 1
Simulate AEM is -77.696860
Now AEM is 868687.241300
Simulate added AEM is -0.315400, Now added AEM is 16274.106400
Approximate gate:212, Approximate area:442.000000
Accurate error is 868687.241300, Area :442.000000, Delay: 25.000000, Gate: 212
Now running time: 2065
Change gate sum[9] with gateone  , changed gate loc: 75,  sub gate loc: 1Inverter: 0
Simulate AEM is -78.198620
Now AEM is 849418.567300
Simulate added AEM is -0.501760, Now added AEM is -19268.674000
Approximate gate:212, Approximate area:441.000000
Accurate error is 849418.567300, Area :441.000000, Delay: 25.000000, Gate: 212
Now running time: 2076
Change gate sum[16] with gatezero  , changed gate loc: 82,  sub gate loc: 0Inverter: 0
Simulate AEM is -81.475420
Now AEM is 869455.153810
Simulate added AEM is -3.276800, Now added AEM is 20036.586510
Approximate gate:208, Approximate area:430.000000
Accurate error is 869455.153810, Area :430.000000, Delay: 25.000000, Gate: 208
Now running time: 2087
Change gate [1705] with gaten286  , changed gate loc: 336,  sub gate loc: 365Inverter: 0
Simulate AEM is -89.002920
Now AEM is 990496.689090
Simulate added AEM is -7.527500, Now added AEM is 121041.535280
Approximate gate:197, Approximate area:407.000000
Accurate error is 990496.689090, Area :407.000000, Delay: 25.000000, Gate: 197
Now running time: 2101
Change gate sum[20] with gate[1692]  , changed gate loc: 86,  sub gate loc: 321Inverter: 0
Simulate AEM is -94.681620
Now AEM is 1041555.556670
Simulate added AEM is -5.678700, Now added AEM is 51058.867580
Approximate gate:195, Approximate area:402.000000
Accurate error is 1041555.556670, Area :402.000000, Delay: 25.000000, Gate: 195
Now running time: 2114
Change gate sum[7] with gateb[2]  , changed gate loc: 73,  sub gate loc: 36Inverter: 1
Simulate AEM is -96.042680
Now AEM is 1043486.639710
Simulate added AEM is -1.361060, Now added AEM is 1931.083040
Approximate gate:193, Approximate area:398.000000
Accurate error is 1043486.639710, Area :398.000000, Delay: 25.000000, Gate: 193
Now running time: 2126
The 0 choose is not good
Change gate sum[11] with gatezero  , changed gate loc: 77,  sub gate loc: 0Inverter: 0
Simulate AEM is -106.487480
Now AEM is 1024610.684530
Simulate added AEM is -10.444800, Now added AEM is -18875.955180
Approximate gate:193, Approximate area:397.000000
Accurate error is 1024610.684530, Area :397.000000, Delay: 25.000000, Gate: 193
Now running time: 2136
The 0 choose is not good
The 1 choose is not good
Change gate sum[13] with gateone  , changed gate loc: 79,  sub gate loc: 1Inverter: 0
Simulate AEM is -120.250040
Now AEM is 1035919.728770
Simulate added AEM is -13.762560, Now added AEM is 11309.044240
Approximate gate:193, Approximate area:396.000000
Accurate error is 1035919.728770, Area :396.000000, Delay: 25.000000, Gate: 193
Now running time: 2145
Change gate sum[12] with gateone  , changed gate loc: 78,  sub gate loc: 1Inverter: 0
Simulate AEM is -121.355960
Now AEM is 1047704.090710
Simulate added AEM is -1.105920, Now added AEM is 11784.361940
Approximate gate:193, Approximate area:395.000000
Accurate error is 1047704.090710, Area :395.000000, Delay: 25.000000, Gate: 193
Now running time: 2155
The 0 choose is not good
The 1 choose is not good
The 2 choose is not good
The 3 choose is not good
The 4 choose is not good
Change gate sum[14] with gateone  , changed gate loc: 80,  sub gate loc: 1Inverter: 0
Simulate AEM is -174.716060
Now AEM is 1037768.983670
Simulate added AEM is -53.360100, Now added AEM is -9935.107040
Approximate gate:193, Approximate area:394.000000
Accurate error is 1037768.983670, Area :394.000000, Delay: 25.000000, Gate: 193
Now running time: 2165
The 0 choose is not good
The 1 choose is not good
The 2 choose is not good
The 3 choose is not good
Change gate sum[15] with gateone  , changed gate loc: 81,  sub gate loc: 1Inverter: 0
Simulate AEM is -210.105500
Now AEM is 1049502.876800
Simulate added AEM is -35.389440, Now added AEM is 11733.893130
Approximate gate:193, Approximate area:393.000000
Accurate error is 1049502.876800, Area :393.000000, Delay: 25.000000, Gate: 193
Now running time: 2179
The 0 choose is not good
The 1 choose is not good
The 2 choose is not good
Change gate [1709] with gate[1707]  , changed gate loc: 341,  sub gate loc: 339Inverter: 0
Simulate AEM is -528.388700
Now AEM is 1033840.727120
Simulate added AEM is -318.283200, Now added AEM is -15662.149680
Approximate gate:191, Approximate area:387.000000
Accurate error is 1033840.727120, Area :387.000000, Delay: 25.000000, Gate: 191
Now running time: 2192
The 0 choose is not good
The 1 choose is not good
Change gate sum[7] with gatezero  , changed gate loc: 73,  sub gate loc: 0Inverter: 0
Simulate AEM is -529.064540
Now AEM is 1029830.935620
Simulate added AEM is -0.675840, Now added AEM is -4009.791500
Approximate gate:191, Approximate area:386.000000
Accurate error is 1029830.935620, Area :386.000000, Delay: 25.000000, Gate: 191
Now running time: 2203
The 0 choose is not good
The 1 choose is not good
The 2 choose is not good
The 3 choose is not good
Change gate [1673] with gateb[17]  , changed gate loc: 298,  sub gate loc: 51Inverter: 1
Simulate AEM is -732.627880
Now AEM is 1027722.995590
Simulate added AEM is -203.563340, Now added AEM is -2107.940030
Approximate gate:189, Approximate area:381.000000
Accurate error is 1027722.995590, Area :381.000000, Delay: 25.000000, Gate: 189
Now running time: 2215
The 0 choose is not good
The 1 choose is not good
The 2 choose is not good
The 3 choose is not good
The 4 choose is not good
The 5 choose is not good
The 6 choose is not good
The 7 choose is not good
Change gate [2863] with gate[2837]  , changed gate loc: 362,  sub gate loc: 351Inverter: 0
Simulate AEM is -6801.179400
Now AEM is 1030197.027710
Simulate added AEM is -6068.551520, Now added AEM is 2474.032120
Approximate gate:169, Approximate area:342.000000
Accurate error is 1030197.027710, Area :342.000000, Delay: 22.500000, Gate: 169
Now running time: 2227
The 0 choose is not good
Change gate sum[17] with gateone  , changed gate loc: 83,  sub gate loc: 1Inverter: 0
Simulate AEM is -6816.908040
Now AEM is 997502.606990
Simulate added AEM is -15.728640, Now added AEM is -32694.420720
Approximate gate:169, Approximate area:339.000000
Accurate error is 997502.606990, Area :339.000000, Delay: 22.500000, Gate: 169
Now running time: 2235
The 0 choose is not good
The 1 choose is not good
The 2 choose is not good
The 3 choose is not good
The 4 choose is not good
The 5 choose is not good
The 6 choose is not good
The 7 choose is not good
Change gate sum[19] with gateone  , changed gate loc: 85,  sub gate loc: 1Inverter: 0
Simulate AEM is -7026.908940
Now AEM is 955327.173900
Simulate added AEM is -210.000900, Now added AEM is -42175.433090
Approximate gate:169, Approximate area:338.000000
Accurate error is 955327.173900, Area :338.000000, Delay: 22.500000, Gate: 169
Now running time: 2245
The 0 choose is not good
The 1 choose is not good
The 2 choose is not good
The 3 choose is not good
The 4 choose is not good
The 5 choose is not good
The 6 choose is not good
The 7 choose is not good
The 8 choose is not good
The 9 choose is not good
Change gate n266 with gate[2876]  , changed gate loc: 393,  sub gate loc: 367Inverter: 1
Simulate AEM is -8136.070400
Now AEM is 22790045.456470
Simulate added AEM is -1109.161460, Now added AEM is 21834718.282570
AEM Threshold: 1051407 Now AEM: 2.279e+07
ALL running time: 2258
Error propagation matrix time: 157 with 83840 node
Error simulation time: 1985 with 1845925 node
Area time: 1
Whole find time: 2151
