abc command read data/library/mcnc.genlib
Entered genlib library with 23 gates from file "data/library/mcnc.genlib".
abc command read_blif data/su/cla32.blif
Line 11: Skipping line ".default_input_arrival 0.00 0.00 ".
Line 12: Skipping line ".default_output_required 0.00 0.00 ".
Line 13: Skipping line ".default_input_drive 0.10 0.10 ".
Line 14: Skipping line ".default_output_load 2.00 ".
Line 15: Skipping line ".default_max_input_load 999.00 ".
abc command print_stats
[1;37mcla32                         :[0m i/o =   64/   33  lat =    0  nd =   419  edge =    952  area =958.00  delay =38.50  lev = 27
--------------- round 1 ---------------
seed = 2531465778
maxLevel = 2
[3172] is replaced by zero with estimated error 0
error = 0
area = 952
delay = 38.5
#gates = 418
output circuit appNtk-level-2/cla32_1_0_952_38.5.blif
time = 20638233 us
--------------- round 2 ---------------
seed = 2531465778
maxLevel = 2
[2874] is replaced by [1746] with estimated error 0
error = 0
area = 946
delay = 38.5
#gates = 416
output circuit appNtk-level-2/cla32_2_0_946_38.5.blif
time = 45257750 us
--------------- round 3 ---------------
seed = 2531465778
maxLevel = 2
[141861] is replaced by n107 with estimated error 0
error = 0
area = 941
delay = 36.1
#gates = 414
output circuit appNtk-level-2/cla32_3_0_941_36.1.blif
time = 68541469 us
--------------- round 4 ---------------
seed = 2531465778
maxLevel = 2
[2750] is replaced by [1683] with estimated error 0
error = 0
area = 937
delay = 36.1
#gates = 413
output circuit appNtk-level-2/cla32_4_0_937_36.1.blif
time = 89642828 us
--------------- round 5 ---------------
seed = 2531465778
maxLevel = 2
[1798] is replaced by one with estimated error 0
error = 0
area = 934
delay = 36.1
#gates = 411
output circuit appNtk-level-2/cla32_5_0_934_36.1.blif
time = 111223710 us
--------------- round 6 ---------------
seed = 2531465778
maxLevel = 2
[2327] is replaced by [1552] with estimated error 0
error = 0
area = 932
delay = 36.1
#gates = 410
output circuit appNtk-level-2/cla32_6_0_932_36.1.blif
time = 134867443 us
--------------- round 7 ---------------
seed = 2531465778
maxLevel = 2
[2715] is replaced by [1663] with estimated error 0
error = 0
area = 931
delay = 36.1
#gates = 409
output circuit appNtk-level-2/cla32_7_0_931_36.1.blif
time = 157715007 us
--------------- round 8 ---------------
seed = 2531465778
maxLevel = 2
[2999] is replaced by [2987] with estimated error 0
error = 0
area = 930
delay = 36.1
#gates = 408
output circuit appNtk-level-2/cla32_8_0_930_36.1.blif
time = 180082899 us
--------------- round 9 ---------------
seed = 2531465778
maxLevel = 2
[1771] is replaced by [1781] with estimated error 0
error = 0
area = 929
delay = 36.1
#gates = 407
output circuit appNtk-level-2/cla32_9_0_929_36.1.blif
time = 201196199 us
--------------- round 10 ---------------
seed = 2531465778
maxLevel = 2
[1651] is replaced by [1650] with estimated error 3.8147e-06
error = 3.8147e-06
area = 919
delay = 36.1
#gates = 402
output circuit appNtk-level-2/cla32_10_3.8147e-06_919_36.1.blif
time = 223514142 us
--------------- round 11 ---------------
seed = 2531465778
maxLevel = 2
[1105] is replaced by n273 with estimated error 3.8147e-06
error = 3.8147e-06
area = 914
delay = 36.1
#gates = 400
output circuit appNtk-level-2/cla32_11_3.8147e-06_914_36.1.blif
time = 245070431 us
--------------- round 12 ---------------
seed = 2531465778
maxLevel = 2
[2641] is replaced by zero with estimated error 3.8147e-06
error = 3.8147e-06
area = 909
delay = 36.1
#gates = 398
output circuit appNtk-level-2/cla32_12_3.8147e-06_909_36.1.blif
time = 266382740 us
--------------- round 13 ---------------
seed = 2531465778
maxLevel = 2
sum[0] is replaced by [1533] with estimated error 6.73602e-06
error = 6.73602e-06
area = 903
delay = 36.1
#gates = 395
output circuit appNtk-level-2/cla32_13_6.73602e-06_903_36.1.blif
time = 288596471 us
--------------- round 14 ---------------
seed = 2531465778
maxLevel = 2
[2609] is replaced by [1606] with inverter with estimated error 1.05507e-05
error = 1.05507e-05
area = 899
delay = 36.1
#gates = 394
output circuit appNtk-level-2/cla32_14_1.05507e-05_899_36.1.blif
time = 310324059 us
--------------- round 15 ---------------
seed = 2531465778
maxLevel = 2
[2256] is replaced by [2270] with estimated error 1.1967e-05
error = 1.1967e-05
area = 898
delay = 36.1
#gates = 393
output circuit appNtk-level-2/cla32_15_1.1967e-05_898_36.1.blif
time = 331837847 us
--------------- round 16 ---------------
seed = 2531465778
maxLevel = 2
[2263] is replaced by zero with estimated error 1.48867e-05
error = 1.48867e-05
area = 897
delay = 36.1
#gates = 392
output circuit appNtk-level-2/cla32_16_1.48867e-05_897_36.1.blif
time = 350800069 us
--------------- round 17 ---------------
seed = 2531465778
maxLevel = 2
[2614] is replaced by [2509] with estimated error 3.396e-05
error = 3.396e-05
area = 894
delay = 36.1
#gates = 391
output circuit appNtk-level-2/cla32_17_3.396e-05_894_36.1.blif
time = 373286607 us
--------------- round 18 ---------------
seed = 2531465778
maxLevel = 2
[1534] is replaced by zero with estimated error 5.80235e-05
error = 5.80235e-05
area = 891
delay = 33.6
#gates = 390
output circuit appNtk-level-2/cla32_18_5.80235e-05_891_33.6.blif
time = 395559364 us
--------------- round 19 ---------------
seed = 2531465778
maxLevel = 2
sum[2] is replaced by [2286] with estimated error 6.20226e-05
error = 6.20226e-05
area = 886
delay = 33.6
#gates = 388
output circuit appNtk-level-2/cla32_19_6.20226e-05_886_33.6.blif
time = 416825724 us
--------------- round 20 ---------------
seed = 2531465778
maxLevel = 2
[1535] is replaced by zero with estimated error 6.20226e-05
error = 6.20226e-05
area = 885
delay = 33.6
#gates = 387
output circuit appNtk-level-2/cla32_20_6.20226e-05_885_33.6.blif
time = 436549566 us
--------------- round 21 ---------------
seed = 2531465778
maxLevel = 2
sum[3] is replaced by [2294] with estimated error 8.11266e-05
error = 8.11266e-05
area = 880
delay = 33.6
#gates = 385
output circuit appNtk-level-2/cla32_21_8.11266e-05_880_33.6.blif
time = 456600891 us
--------------- round 22 ---------------
seed = 2531465778
maxLevel = 2
[1545] is replaced by [2286] with estimated error 9.46966e-05
error = 9.46966e-05
area = 869
delay = 30.8
#gates = 380
output circuit appNtk-level-2/cla32_22_9.46966e-05_869_30.8.blif
time = 477873257 us
--------------- round 23 ---------------
seed = 2531465778
maxLevel = 2
[2493] is replaced by [1592] with estimated error 9.46966e-05
error = 9.46966e-05
area = 862
delay = 30.8
#gates = 377
output circuit appNtk-level-2/cla32_23_9.46966e-05_862_30.8.blif
time = 497586496 us
--------------- round 24 ---------------
seed = 2531465778
maxLevel = 2
[2616] is replaced by [2587] with estimated error 7.00261e-05
error = 7.00261e-05
area = 858
delay = 30.8
#gates = 375
output circuit appNtk-level-2/cla32_24_7.00261e-05_858_30.8.blif
time = 518675526 us
--------------- round 25 ---------------
seed = 2531465778
maxLevel = 2
[2491] is replaced by zero with estimated error 7.00261e-05
error = 7.00261e-05
area = 854
delay = 30.8
#gates = 373
output circuit appNtk-level-2/cla32_25_7.00261e-05_854_30.8.blif
time = 539466200 us
--------------- round 26 ---------------
seed = 2531465778
maxLevel = 2
[1607] is replaced by [1605] with estimated error 7.00261e-05
error = 7.00261e-05
area = 848
delay = 30.8
#gates = 370
output circuit appNtk-level-2/cla32_26_7.00261e-05_848_30.8.blif
time = 560162094 us
--------------- round 27 ---------------
seed = 2531465778
maxLevel = 2
[2479] is replaced by zero with estimated error 7.00261e-05
error = 7.00261e-05
area = 845
delay = 30.8
#gates = 369
output circuit appNtk-level-2/cla32_27_7.00261e-05_845_30.8.blif
time = 580093456 us
--------------- round 28 ---------------
seed = 2531465778
maxLevel = 2
[2385] is replaced by zero with estimated error 7.00261e-05
error = 7.00261e-05
area = 844
delay = 30.8
#gates = 368
output circuit appNtk-level-2/cla32_28_7.00261e-05_844_30.8.blif
time = 599689839 us
--------------- round 29 ---------------
seed = 2531465778
maxLevel = 2
[2294] is replaced by [2320] with estimated error 7.58234e-05
error = 7.58234e-05
area = 837
delay = 30.8
#gates = 364
output circuit appNtk-level-2/cla32_29_7.58234e-05_837_30.8.blif
time = 618501707 us
--------------- round 30 ---------------
seed = 2531465778
maxLevel = 2
[2399] is replaced by [2432] with estimated error 0.00011756
error = 0.00011756
area = 832
delay = 30.8
#gates = 362
output circuit appNtk-level-2/cla32_30_0.00011756_832_30.8.blif
time = 636521658 us
--------------- round 31 ---------------
seed = 2531465778
maxLevel = 2
sum[4] is replaced by [1547] with inverter with estimated error 0.000158174
error = 0.000158174
area = 828
delay = 30.8
#gates = 361
output circuit appNtk-level-2/cla32_31_0.000158174_828_30.8.blif
time = 655782056 us
--------------- round 32 ---------------
seed = 2531465778
maxLevel = 2
[1542] is replaced by one with estimated error 0.000158174
error = 0.000158174
area = 827
delay = 30.8
#gates = 360
output circuit appNtk-level-2/cla32_32_0.000158174_827_30.8.blif
time = 673192118 us
--------------- round 33 ---------------
seed = 2531465778
maxLevel = 2
[1543] is replaced by zero with estimated error 0.000158174
error = 0.000158174
area = 826
delay = 30.8
#gates = 359
output circuit appNtk-level-2/cla32_33_0.000158174_826_30.8.blif
time = 691274973 us
--------------- round 34 ---------------
seed = 2531465778
maxLevel = 2
[2320] is replaced by [2316] with estimated error 0.00018602
error = 0.00018602
area = 823
delay = 30.8
#gates = 357
output circuit appNtk-level-2/cla32_34_0.00018602_823_30.8.blif
time = 710820423 us
--------------- round 35 ---------------
seed = 2531465778
maxLevel = 2
[2484] is replaced by zero with estimated error 0.00018602
error = 0.00018602
area = 821
delay = 30.8
#gates = 356
output circuit appNtk-level-2/cla32_35_0.00018602_821_30.8.blif
time = 729042146 us
--------------- round 36 ---------------
seed = 2531465778
maxLevel = 2
[2316] is replaced by b[3] with inverter with estimated error 0.000187794
error = 0.000187794
area = 820
delay = 30.8
#gates = 356
output circuit appNtk-level-2/cla32_36_0.000187794_820_30.8.blif
time = 745038080 us
--------------- round 37 ---------------
seed = 2531465778
maxLevel = 2
[1544] is replaced by a[4] with inverter with estimated error 0.000212908
error = 0.000212908
area = 817
delay = 30.8
#gates = 356
output circuit appNtk-level-2/cla32_37_0.000212908_817_30.8.blif
time = 781803873 us
--------------- round 38 ---------------
seed = 2531465778
maxLevel = 2
n521 is replaced by [1787] with estimated error 0.00022356
error = 0.00022356
area = 816
delay = 30.8
#gates = 355
output circuit appNtk-level-2/cla32_38_0.00022356_816_30.8.blif
time = 818759514 us
--------------- round 39 ---------------
seed = 2531465778
maxLevel = 2
[1552] is replaced by n522 with estimated error 0.000223864
error = 0.000223864
area = 814
delay = 30.8
#gates = 354
output circuit appNtk-level-2/cla32_39_0.000223864_814_30.8.blif
time = 855612702 us
--------------- round 40 ---------------
seed = 2531465778
maxLevel = 2
n134 is replaced by zero with estimated error 0.000223864
error = 0.000223864
area = 811
delay = 30.8
#gates = 353
output circuit appNtk-level-2/cla32_40_0.000223864_811_30.8.blif
time = 890576069 us
--------------- round 41 ---------------
seed = 2531465778
maxLevel = 2
[1547] is replaced by a[4] with estimated error 0.000223864
error = 0.000223864
area = 808
delay = 30.8
#gates = 352
output circuit appNtk-level-2/cla32_41_0.000223864_808_30.8.blif
time = 928069981 us
--------------- round 42 ---------------
seed = 2531465778
maxLevel = 2
sum[5] is replaced by b[4] with estimated error 0.00030798
error = 0.00030798
area = 803
delay = 30.8
#gates = 350
output circuit appNtk-level-2/cla32_42_0.00030798_803_30.8.blif
Abc_NtkLogicToNetlist() warning: The network is converted to have simple COs.
time = 965115775 us
--------------- round 43 ---------------
seed = 2531465778
maxLevel = 2
n520 is replaced by n522 with estimated error 0.00030798
error = 0.00030798
area = 802
delay = 30.8
#gates = 349
output circuit appNtk-level-2/cla32_43_0.00030798_802_30.8.blif
Abc_NtkLogicToNetlist() warning: The network is converted to have simple COs.
time = 1001871653 us
--------------- round 44 ---------------
seed = 2531465778
maxLevel = 2
sum[6] is replaced by n302 with estimated error 0.000421401
error = 0.000421401
area = 797
delay = 30.8
#gates = 347
output circuit appNtk-level-2/cla32_44_0.000421401_797_30.8.blif
Abc_NtkLogicToNetlist() warning: The network is converted to have simple COs.
time = 1038393766 us
--------------- round 45 ---------------
seed = 2531465778
maxLevel = 2
[1554] is replaced by [2403] with inverter with estimated error 0.000421401
error = 0.000421401
area = 795
delay = 30.8
#gates = 347
output circuit appNtk-level-2/cla32_45_0.000421401_795_30.8.blif
Abc_NtkLogicToNetlist() warning: The network is converted to have simple COs.
time = 1072197876 us
--------------- round 46 ---------------
seed = 2531465778
maxLevel = 2
n523 is replaced by [1553] with estimated error 0.000421401
error = 0.000421401
area = 794
delay = 30.8
#gates = 346
output circuit appNtk-level-2/cla32_46_0.000421401_794_30.8.blif
Abc_NtkLogicToNetlist() warning: The network is converted to have simple COs.
time = 1104174021 us
--------------- round 47 ---------------
seed = 2531465778
maxLevel = 2
[2432] is replaced by [2459] with estimated error 0.000463545
error = 0.000463545
area = 791
delay = 30.7
#gates = 345
output circuit appNtk-level-2/cla32_47_0.000463545_791_30.7.blif
Abc_NtkLogicToNetlist() warning: The network is converted to have simple COs.
time = 1137650033 us
--------------- round 48 ---------------
seed = 2531465778
maxLevel = 2
[1550] is replaced by a[5] with inverter with estimated error 0.000521736
error = 0.000521736
area = 788
delay = 30.7
#gates = 345
output circuit appNtk-level-2/cla32_48_0.000521736_788_30.7.blif
Abc_NtkLogicToNetlist() warning: The network is converted to have simple COs.
time = 1174237464 us
--------------- round 49 ---------------
seed = 2531465778
maxLevel = 2
n524 is replaced by [1548] with estimated error 0.000521736
error = 0.000521736
area = 787
delay = 30.7
#gates = 344
output circuit appNtk-level-2/cla32_49_0.000521736_787_30.7.blif
Abc_NtkLogicToNetlist() warning: The network is converted to have simple COs.
time = 1210461239 us
--------------- round 50 ---------------
seed = 2531465778
maxLevel = 2
[1560] is replaced by [2403] with estimated error 0.000532287
error = 0.000532287
area = 784
delay = 30.7
#gates = 343
output circuit appNtk-level-2/cla32_50_0.000532287_784_30.7.blif
Abc_NtkLogicToNetlist() warning: The network is converted to have simple COs.
time = 1245958607 us
--------------- round 51 ---------------
seed = 2531465778
maxLevel = 2
[2430] is replaced by [1574] with estimated error 0.000561846
error = 0.000561846
area = 783
delay = 30.7
#gates = 342
output circuit appNtk-level-2/cla32_51_0.000561846_783_30.7.blif
Abc_NtkLogicToNetlist() warning: The network is converted to have simple COs.
time = 1278516571 us
--------------- round 52 ---------------
seed = 2531465778
maxLevel = 2
[2511] is replaced by [1619] with estimated error 0.000973023
error = 0.000973023
area = 774
delay = 30.7
#gates = 339
output circuit appNtk-level-2/cla32_52_0.000973023_774_30.7.blif
Abc_NtkLogicToNetlist() warning: The network is converted to have simple COs.
time = 1312305904 us
--------------- round 53 ---------------
seed = 2531465778
maxLevel = 2
[1557] is replaced by zero with estimated error 0.00117803
error = 0.00117803
area = 770
delay = 30.7
#gates = 338
output circuit appNtk-level-2/cla32_53_0.00117803_770_30.7.blif
Abc_NtkLogicToNetlist() warning: The network is converted to have simple COs.
time = 1345998157 us
--------------- round 54 ---------------
seed = 2531465778
maxLevel = 2
[2403] is replaced by [1558] with estimated error 0.00128933
error = 0.00128933
area = 767
delay = 30.7
#gates = 337
output circuit appNtk-level-2/cla32_54_0.00128933_767_30.7.blif
Abc_NtkLogicToNetlist() warning: The network is converted to have simple COs.
time = 1378474909 us
--------------- round 55 ---------------
seed = 2531465778
maxLevel = 2
[2371] is replaced by zero with estimated error 0.00128933
error = 0.00128933
area = 766
delay = 30.7
#gates = 336
output circuit appNtk-level-2/cla32_55_0.00128933_766_30.7.blif
Abc_NtkLogicToNetlist() warning: The network is converted to have simple COs.
time = 1411116069 us
--------------- round 56 ---------------
seed = 2531465778
maxLevel = 2
[2410] is replaced by [2408] with estimated error 0.00132167
error = 0.00132167
area = 765
delay = 30.7
#gates = 335
output circuit appNtk-level-2/cla32_56_0.00132167_765_30.7.blif
Abc_NtkLogicToNetlist() warning: The network is converted to have simple COs.
time = 1443748066 us
--------------- round 57 ---------------
seed = 2531465778
maxLevel = 2
n302 is replaced by [2405] with estimated error 0.00138744
error = 0.00138744
area = 762
delay = 30.7
#gates = 334
output circuit appNtk-level-2/cla32_57_0.00138744_762_30.7.blif
Abc_NtkLogicToNetlist() warning: The network is converted to have simple COs.
time = 1475550822 us
--------------- round 58 ---------------
seed = 2531465778
maxLevel = 2
sum[7] is replaced by [2408] with estimated error 0.00153758
error = 0.00153758
area = 757
delay = 30.7
#gates = 332
output circuit appNtk-level-2/cla32_58_0.00153758_757_30.7.blif
Abc_NtkLogicToNetlist() warning: The network is converted to have simple COs.
time = 1507324323 us
--------------- round 59 ---------------
seed = 2531465778
maxLevel = 2
n522 is replaced by [1531] with estimated error 0.00157579
error = 0.00157579
area = 756
delay = 30.7
#gates = 331
output circuit appNtk-level-2/cla32_59_0.00157579_756_30.7.blif
Abc_NtkLogicToNetlist() warning: The network is converted to have simple COs.
time = 1536956962 us
--------------- round 60 ---------------
seed = 2531465778
maxLevel = 2
[1559] is replaced by [1553] with estimated error 0.00199641
error = 0.00199641
area = 750
delay = 30.7
#gates = 328
output circuit appNtk-level-2/cla32_60_0.00199641_750_30.7.blif
Abc_NtkLogicToNetlist() warning: The network is converted to have simple COs.
time = 1567336096 us
--------------- round 61 ---------------
seed = 2531465778
maxLevel = 2
[1564] is replaced by b[7] with estimated error 0.00202938
error = 0.00202938
area = 746
delay = 30.7
#gates = 327
output circuit appNtk-level-2/cla32_61_0.00202938_746_30.7.blif
Abc_NtkLogicToNetlist() warning: The network is converted to have simple COs.
time = 1594971725 us
--------------- round 62 ---------------
seed = 2531465778
maxLevel = 2
[2619] is replaced by [1633] with estimated error 0.00202938
error = 0.00202938
area = 744
delay = 30.7
#gates = 326
output circuit appNtk-level-2/cla32_62_0.00202938_744_30.7.blif
Abc_NtkLogicToNetlist() warning: The network is converted to have simple COs.
time = 1622024945 us
--------------- round 63 ---------------
seed = 2531465778
maxLevel = 2
[2366] is replaced by one with estimated error 0.00202938
error = 0.00202938
area = 743
delay = 30.7
#gates = 325
output circuit appNtk-level-2/cla32_63_0.00202938_743_30.7.blif
Abc_NtkLogicToNetlist() warning: The network is converted to have simple COs.
time = 1647823574 us
--------------- round 64 ---------------
seed = 2531465778
maxLevel = 2
[1553] is replaced by [1585] with estimated error 0.0023299
error = 0.0023299
area = 737
delay = 30.7
#gates = 322
output circuit appNtk-level-2/cla32_64_0.0023299_737_30.7.blif
Abc_NtkLogicToNetlist() warning: The network is converted to have simple COs.
time = 1675598025 us
--------------- round 65 ---------------
seed = 2531465778
maxLevel = 2
[1705] is replaced by n303 with estimated error 0.0023299
error = 0.0023299
area = 735
delay = 30.4
#gates = 321
output circuit appNtk-level-2/cla32_65_0.0023299_735_30.4.blif
Abc_NtkLogicToNetlist() warning: The network is converted to have simple COs.
time = 1702014463 us
--------------- round 66 ---------------
seed = 2531465778
maxLevel = 2
[1666] is replaced by [1649] with estimated error 0.0023299
error = 0.0023299
area = 733
delay = 30.4
#gates = 320
output circuit appNtk-level-2/cla32_66_0.0023299_733_30.4.blif
Abc_NtkLogicToNetlist() warning: The network is converted to have simple COs.
time = 1727365676 us
--------------- round 67 ---------------
seed = 2531465778
maxLevel = 2
[2405] is replaced by one with estimated error 0.00235894
error = 0.00235894
area = 730
delay = 30.4
#gates = 319
output circuit appNtk-level-2/cla32_67_0.00235894_730_30.4.blif
Abc_NtkLogicToNetlist() warning: The network is converted to have simple COs.
time = 1751444883 us
--------------- round 68 ---------------
seed = 2531465778
maxLevel = 2
n267 is replaced by [2818] with estimated error 0.00235894
error = 0.00235894
area = 727
delay = 30.4
#gates = 318
output circuit appNtk-level-2/cla32_68_0.00235894_727_30.4.blif
Abc_NtkLogicToNetlist() warning: The network is converted to have simple COs.
time = 1775492898 us
--------------- round 69 ---------------
seed = 2531465778
maxLevel = 2
[1303] is replaced by [2434] with inverter with estimated error 0.00235894
error = 0.00235894
area = 726
delay = 30.4
#gates = 318
output circuit appNtk-level-2/cla32_69_0.00235894_726_30.4.blif
Abc_NtkLogicToNetlist() warning: The network is converted to have simple COs.
time = 1799562841 us
--------------- round 70 ---------------
seed = 2531465778
maxLevel = 2
[2439] is replaced by [1572] with estimated error 0.00247094
error = 0.00247094
area = 718
delay = 30.4
#gates = 315
output circuit appNtk-level-2/cla32_70_0.00247094_718_30.4.blif
Abc_NtkLogicToNetlist() warning: The network is converted to have simple COs.
time = 1823563205 us
--------------- round 71 ---------------
seed = 2531465778
maxLevel = 2
[142842] is replaced by [1605] with estimated error 0.00247094
error = 0.00247094
area = 716
delay = 30.4
#gates = 314
output circuit appNtk-level-2/cla32_71_0.00247094_716_30.4.blif
Abc_NtkLogicToNetlist() warning: The network is converted to have simple COs.
time = 1847161679 us
--------------- round 72 ---------------
seed = 2531465778
maxLevel = 2
[3382] is replaced by one with estimated error 0.00247094
error = 0.00247094
area = 712
delay = 30.4
#gates = 313
output circuit appNtk-level-2/cla32_72_0.00247094_712_30.4.blif
Abc_NtkLogicToNetlist() warning: The network is converted to have simple COs.
time = 1870393363 us
--------------- round 73 ---------------
seed = 2531465778
maxLevel = 2
[2547] is replaced by n177 with estimated error 0.00247094
error = 0.00247094
area = 711
delay = 30.4
#gates = 312
output circuit appNtk-level-2/cla32_73_0.00247094_711_30.4.blif
Abc_NtkLogicToNetlist() warning: The network is converted to have simple COs.
time = 1893454911 us
--------------- round 74 ---------------
seed = 2531465778
maxLevel = 2
sum[8] is replaced by [1566] with estimated error 0.00297152
error = 0.00297152
area = 701
delay = 30.4
#gates = 308
output circuit appNtk-level-2/cla32_74_0.00297152_701_30.4.blif
Abc_NtkLogicToNetlist() warning: The network is converted to have simple COs.
time = 1916418063 us
--------------- round 75 ---------------
seed = 2531465778
maxLevel = 2
[1566] is replaced by zero with estimated error 0.0029411
error = 0.0029411
area = 696
delay = 30.4
#gates = 305
output circuit appNtk-level-2/cla32_75_0.0029411_696_30.4.blif
Abc_NtkLogicToNetlist() warning: The network is converted to have simple COs.
time = 1939095646 us
--------------- round 76 ---------------
seed = 2531465778
maxLevel = 2
[2459] is replaced by [1601] with estimated error 0.00322905
error = 0.00322905
area = 692
delay = 30.4
#gates = 304
output circuit appNtk-level-2/cla32_76_0.00322905_692_30.4.blif
Abc_NtkLogicToNetlist() warning: The network is converted to have simple COs.
time = 1961424993 us
--------------- round 77 ---------------
seed = 2531465778
maxLevel = 2
[2434] is replaced by [1572] with estimated error 0.00332814
error = 0.00332814
area = 684
delay = 30.4
#gates = 301
output circuit appNtk-level-2/cla32_77_0.00332814_684_30.4.blif
Abc_NtkLogicToNetlist() warning: The network is converted to have simple COs.
time = 1983596671 us
--------------- round 78 ---------------
seed = 2531465778
maxLevel = 2
[2441] is replaced by [1572] with estimated error 0.00332814
error = 0.00332814
area = 683
delay = 30.4
#gates = 300
output circuit appNtk-level-2/cla32_78_0.00332814_683_30.4.blif
Abc_NtkLogicToNetlist() warning: The network is converted to have simple COs.
time = 2005732428 us
--------------- round 79 ---------------
seed = 2531465778
maxLevel = 2
[2466] is replaced by [1581] with estimated error 0.00382302
error = 0.00382302
area = 676
delay = 28.6
#gates = 297
output circuit appNtk-level-2/cla32_79_0.00382302_676_28.6.blif
Abc_NtkLogicToNetlist() warning: The network is converted to have simple COs.
time = 2027554154 us
--------------- round 80 ---------------
seed = 2531465778
maxLevel = 2
[1619] is replaced by [1601] with estimated error 0.00382302
error = 0.00382302
area = 673
delay = 28.6
#gates = 295
output circuit appNtk-level-2/cla32_80_0.00382302_673_28.6.blif
Abc_NtkLogicToNetlist() warning: The network is converted to have simple COs.
time = 2049123332 us
--------------- round 81 ---------------
seed = 2531465778
maxLevel = 2
sum[9] is replaced by [2469] with estimated error 0.00415623
error = 0.00415623
area = 665
delay = 28.6
#gates = 292
output circuit appNtk-level-2/cla32_81_0.00415623_665_28.6.blif
Abc_NtkLogicToNetlist() warning: The network is converted to have simple COs.
time = 2070382869 us
--------------- round 82 ---------------
seed = 2531465778
maxLevel = 2
[2461] is replaced by [1580] with estimated error 0.00428214
error = 0.00428214
area = 661
delay = 28.6
#gates = 289
output circuit appNtk-level-2/cla32_82_0.00428214_661_28.6.blif
Abc_NtkLogicToNetlist() warning: The network is converted to have simple COs.
time = 2091287817 us
--------------- round 83 ---------------
seed = 2531465778
maxLevel = 2
[1581] is replaced by one with estimated error 0.00433101
error = 0.00433101
area = 660
delay = 28.6
#gates = 288
output circuit appNtk-level-2/cla32_83_0.00433101_660_28.6.blif
Abc_NtkLogicToNetlist() warning: The network is converted to have simple COs.
time = 2112278373 us
--------------- round 84 ---------------
seed = 2531465778
maxLevel = 2
[2469] is replaced by [1580] with estimated error 0.00433101
error = 0.00433101
area = 659
delay = 28.6
#gates = 287
output circuit appNtk-level-2/cla32_84_0.00433101_659_28.6.blif
Abc_NtkLogicToNetlist() warning: The network is converted to have simple COs.
time = 2133644695 us
--------------- round 85 ---------------
seed = 2531465778
maxLevel = 2
[1601] is replaced by [2456] with estimated error 0.0063926
error = 0.0063926
area = 653
delay = 28.6
#gates = 285
output circuit appNtk-level-2/cla32_85_0.0063926_653_28.6.blif
Abc_NtkLogicToNetlist() warning: The network is converted to have simple COs.
time = 2154409399 us
--------------- round 86 ---------------
seed = 2531465778
maxLevel = 2
[2517] is replaced by [1583] with estimated error 0.0063926
error = 0.0063926
area = 646
delay = 28.6
#gates = 282
output circuit appNtk-level-2/cla32_86_0.0063926_646_28.6.blif
Abc_NtkLogicToNetlist() warning: The network is converted to have simple COs.
time = 2174595933 us
--------------- round 87 ---------------
seed = 2531465778
maxLevel = 2
[1592] is replaced by one with estimated error 0.0063926
error = 0.0063926
area = 643
delay = 28.6
#gates = 281
output circuit appNtk-level-2/cla32_87_0.0063926_643_28.6.blif
Abc_NtkLogicToNetlist() warning: The network is converted to have simple COs.
time = 2194880389 us
--------------- round 88 ---------------
seed = 2531465778
maxLevel = 2
[2456] is replaced by [1584] with estimated error 0.0063926
error = 0.0063926
area = 642
delay = 28.6
#gates = 280
output circuit appNtk-level-2/cla32_88_0.0063926_642_28.6.blif
Abc_NtkLogicToNetlist() warning: The network is converted to have simple COs.
time = 2215098336 us
--------------- round 89 ---------------
seed = 2531465778
maxLevel = 2
[1585] is replaced by [1605] with estimated error 0.00747226
error = 0.00747226
area = 638
delay = 28.6
#gates = 279
output circuit appNtk-level-2/cla32_89_0.00747226_638_28.6.blif
Abc_NtkLogicToNetlist() warning: The network is converted to have simple COs.
time = 2234938524 us
--------------- round 90 ---------------
seed = 2531465778
maxLevel = 2
[2539] is replaced by one with estimated error 0.00747226
error = 0.00747226
area = 635
delay = 28.6
#gates = 278
output circuit appNtk-level-2/cla32_90_0.00747226_635_28.6.blif
Abc_NtkLogicToNetlist() warning: The network is converted to have simple COs.
time = 2255319946 us
--------------- round 91 ---------------
seed = 2531465778
maxLevel = 2
sum[10] is replaced by [2525] with estimated error 0.00850183
error = 0.00850183
area = 631
delay = 28.6
#gates = 277
output circuit appNtk-level-2/cla32_91_0.00850183_631_28.6.blif
Abc_NtkLogicToNetlist() warning: The network is converted to have simple COs.
time = 2274975480 us
--------------- round 92 ---------------
seed = 2531465778
maxLevel = 2
[1584] is replaced by [1583] with estimated error 0.0085554
error = 0.0085554
area = 630
delay = 28.6
#gates = 276
output circuit appNtk-level-2/cla32_92_0.0085554_630_28.6.blif
Abc_NtkLogicToNetlist() warning: The network is converted to have simple COs.
time = 2294236439 us
--------------- round 93 ---------------
seed = 2531465778
maxLevel = 2
[2576] is replaced by n273 with estimated error 0.0085554
error = 0.0085554
area = 629
delay = 28.6
#gates = 275
output circuit appNtk-level-2/cla32_93_0.0085554_629_28.6.blif
Abc_NtkLogicToNetlist() warning: The network is converted to have simple COs.
time = 2313490894 us
--------------- round 94 ---------------
seed = 2531465778
maxLevel = 2
[2525] is replaced by [1583] with estimated error 0.0085554
error = 0.0085554
area = 628
delay = 28.6
#gates = 274
output circuit appNtk-level-2/cla32_94_0.0085554_628_28.6.blif
Abc_NtkLogicToNetlist() warning: The network is converted to have simple COs.
time = 2333171818 us
--------------- round 95 ---------------
seed = 2531465778
maxLevel = 2
[1605] is replaced by a[10] with estimated error 0.0085554
error = 0.0085554
area = 626
delay = 28.6
#gates = 273
output circuit appNtk-level-2/cla32_95_0.0085554_626_28.6.blif
Abc_NtkLogicToNetlist() warning: The network is converted to have simple COs.
time = 2352833648 us
--------------- round 96 ---------------
seed = 2531465778
maxLevel = 2
sum[11] is replaced by n177 with estimated error 0.0125947
error = 0.0125947
area = 621
delay = 28.6
#gates = 271
output circuit appNtk-level-2/cla32_96_0.0125947_621_28.6.blif
Abc_NtkLogicToNetlist() warning: The network is converted to have simple COs.
time = 2372095599 us
--------------- round 97 ---------------
seed = 2531465778
maxLevel = 2
[1595] is replaced by one with estimated error 0.0145991
error = 0.0145991
area = 617
delay = 28.6
#gates = 270
output circuit appNtk-level-2/cla32_97_0.0145991_617_28.6.blif
Abc_NtkLogicToNetlist() warning: The network is converted to have simple COs.
time = 2390822943 us
--------------- round 98 ---------------
seed = 2531465778
maxLevel = 2
[1623] is replaced by [1633] with estimated error 0.0145991
error = 0.0145991
area = 614
delay = 28.6
#gates = 269
output circuit appNtk-level-2/cla32_98_0.0145991_614_28.6.blif
Abc_NtkLogicToNetlist() warning: The network is converted to have simple COs.
time = 2409526792 us
--------------- round 99 ---------------
seed = 2531465778
maxLevel = 2
[1618] is replaced by [2532] with estimated error 0.0145991
error = 0.0145991
area = 612
delay = 28.6
#gates = 268
output circuit appNtk-level-2/cla32_99_0.0145991_612_28.6.blif
Abc_NtkLogicToNetlist() warning: The network is converted to have simple COs.
time = 2428097519 us
--------------- round 100 ---------------
seed = 2531465778
maxLevel = 2
[2552] is replaced by [1610] with estimated error 0.0145991
error = 0.0145991
area = 611
delay = 28.6
#gates = 267
output circuit appNtk-level-2/cla32_100_0.0145991_611_28.6.blif
Abc_NtkLogicToNetlist() warning: The network is converted to have simple COs.
time = 2446518331 us
--------------- round 101 ---------------
seed = 2531465778
maxLevel = 2
[1612] is replaced by zero with estimated error 0.0180777
error = 0.0180777
area = 606
delay = 28.6
#gates = 264
output circuit appNtk-level-2/cla32_101_0.0180777_606_28.6.blif
Abc_NtkLogicToNetlist() warning: The network is converted to have simple COs.
time = 2464824085 us
--------------- round 102 ---------------
seed = 2531465778
maxLevel = 2
[2564] is replaced by one with estimated error 0.0166716
error = 0.0166716
area = 603
delay = 28.6
#gates = 263
output circuit appNtk-level-2/cla32_102_0.0166716_603_28.6.blif
Abc_NtkLogicToNetlist() warning: The network is converted to have simple COs.
time = 2482646439 us
--------------- round 103 ---------------
seed = 2531465778
maxLevel = 2
n177 is replaced by [1583] with estimated error 0.0166716
error = 0.0166716
area = 600
delay = 28.6
#gates = 262
output circuit appNtk-level-2/cla32_103_0.0166716_600_28.6.blif
Abc_NtkLogicToNetlist() warning: The network is converted to have simple COs.
time = 2500454352 us
--------------- round 104 ---------------
seed = 2531465778
maxLevel = 2
[1617] is replaced by a[10] with estimated error 0.0166716
error = 0.0166716
area = 598
delay = 28.6
#gates = 261
output circuit appNtk-level-2/cla32_104_0.0166716_598_28.6.blif
Abc_NtkLogicToNetlist() warning: The network is converted to have simple COs.
time = 2518175432 us
--------------- round 105 ---------------
seed = 2531465778
maxLevel = 2
n273 is replaced by [1608] with estimated error 0.0264614
error = 0.0264614
area = 590
delay = 28.6
#gates = 257
output circuit appNtk-level-2/cla32_105_0.0264614_590_28.6.blif
Abc_NtkLogicToNetlist() warning: The network is converted to have simple COs.
time = 2535809411 us
--------------- round 106 ---------------
seed = 2531465778
maxLevel = 2
[2589] is replaced by one with estimated error 0.0264614
error = 0.0264614
area = 587
delay = 28.6
#gates = 256
output circuit appNtk-level-2/cla32_106_0.0264614_587_28.6.blif
Abc_NtkLogicToNetlist() warning: The network is converted to have simple COs.
time = 2553052472 us
--------------- round 107 ---------------
seed = 2531465778
maxLevel = 2
[1610] is replaced by zero with estimated error 0.0324059
error = 0.0324059
area = 582
delay = 28.6
#gates = 254
output circuit appNtk-level-2/cla32_107_0.0324059_582_28.6.blif
Abc_NtkLogicToNetlist() warning: The network is converted to have simple COs.
time = 2570242282 us
--------------- round 108 ---------------
seed = 2531465778
maxLevel = 2
[1633] is replaced by [1628] with estimated error 0.0324059
error = 0.0324059
area = 575
delay = 28.6
#gates = 252
output circuit appNtk-level-2/cla32_108_0.0324059_575_28.6.blif
Abc_NtkLogicToNetlist() warning: The network is converted to have simple COs.
time = 2587113739 us
--------------- round 109 ---------------
seed = 2531465778
maxLevel = 2
[3087] is replaced by [1764] with estimated error 0.0324059
error = 0.0324059
area = 563
delay = 28
#gates = 247
output circuit appNtk-level-2/cla32_109_0.0324059_563_28.blif
Abc_NtkLogicToNetlist() warning: The network is converted to have simple COs.
time = 2603818365 us
--------------- round 110 ---------------
seed = 2531465778
maxLevel = 2
[1809] is replaced by [3103] with estimated error 0.0324059
error = 0.0324059
area = 539
delay = 25.9
#gates = 239
output circuit appNtk-level-2/cla32_110_0.0324059_539_25.9.blif
Abc_NtkLogicToNetlist() warning: The network is converted to have simple COs.
time = 2619865790 us
--------------- round 111 ---------------
seed = 2531465778
maxLevel = 2
[1796] is replaced by [3098] with estimated error 0.0324059
error = 0.0324059
area = 533
delay = 24.4
#gates = 237
output circuit appNtk-level-2/cla32_111_0.0324059_533_24.4.blif
Abc_NtkLogicToNetlist() warning: The network is converted to have simple COs.
time = 2635113382 us
--------------- round 112 ---------------
seed = 2531465778
maxLevel = 2
n107 is replaced by [141876] with estimated error 0.0324059
error = 0.0324059
area = 528
delay = 24.4
#gates = 235
output circuit appNtk-level-2/cla32_112_0.0324059_528_24.4.blif
Abc_NtkLogicToNetlist() warning: The network is converted to have simple COs.
time = 2650153686 us
--------------- round 113 ---------------
seed = 2531465778
maxLevel = 2
[2759] is replaced by [1676] with estimated error 0.0324059
error = 0.0324059
area = 524
delay = 24.4
#gates = 233
output circuit appNtk-level-2/cla32_113_0.0324059_524_24.4.blif
Abc_NtkLogicToNetlist() warning: The network is converted to have simple COs.
time = 2664978558 us
--------------- round 114 ---------------
seed = 2531465778
maxLevel = 2
sum[12] is replaced by a[10] with estimated error 0.0324059
error = 0.0324059
area = 519
delay = 24.4
#gates = 231
output circuit appNtk-level-2/cla32_114_0.0324059_519_24.4.blif
Abc_NtkLogicToNetlist() warning: The network is converted to have simple COs.
time = 2679650818 us
--------------- round 115 ---------------
seed = 2531465778
maxLevel = 2
n279 is replaced by [141889] with estimated error 0.0324059
error = 0.0324059
area = 516
delay = 24.4
#gates = 230
output circuit appNtk-level-2/cla32_115_0.0324059_516_24.4.blif
Abc_NtkLogicToNetlist() warning: The network is converted to have simple COs.
time = 2694211352 us
--------------- round 116 ---------------
seed = 2531465778
maxLevel = 2
[2622] is replaced by [1636] with estimated error 0.0324059
error = 0.0324059
area = 513
delay = 24.4
#gates = 228
output circuit appNtk-level-2/cla32_116_0.0324059_513_24.4.blif
Abc_NtkLogicToNetlist() warning: The network is converted to have simple COs.
time = 2708612495 us
--------------- round 117 ---------------
seed = 2531465778
maxLevel = 2
[2647] is replaced by one with estimated error 0.0324059
error = 0.0324059
area = 510
delay = 24.4
#gates = 227
output circuit appNtk-level-2/cla32_117_0.0324059_510_24.4.blif
Abc_NtkLogicToNetlist() warning: The network is converted to have simple COs.
time = 2722737472 us
--------------- round 118 ---------------
seed = 2531465778
maxLevel = 2
[2761] is replaced by one with estimated error 0.0324059
error = 0.0324059
area = 507
delay = 24.4
#gates = 226
output circuit appNtk-level-2/cla32_118_0.0324059_507_24.4.blif
Abc_NtkLogicToNetlist() warning: The network is converted to have simple COs.
time = 2736784311 us
--------------- round 119 ---------------
seed = 2531465778
maxLevel = 2
[142684] is replaced by [1649] with inverter with estimated error 0.0324059
error = 0.0324059
area = 505
delay = 24.4
#gates = 225
output circuit appNtk-level-2/cla32_119_0.0324059_505_24.4.blif
Abc_NtkLogicToNetlist() warning: The network is converted to have simple COs.
time = 2750724633 us
--------------- round 120 ---------------
seed = 2531465778
maxLevel = 2
[2408] is replaced by one with estimated error 0.0324059
error = 0.0324059
area = 504
delay = 24.4
#gates = 224
output circuit appNtk-level-2/cla32_120_0.0324059_504_24.4.blif
Abc_NtkLogicToNetlist() warning: The network is converted to have simple COs.
time = 2764601765 us
--------------- round 121 ---------------
seed = 2531465778
maxLevel = 2
[2682] is replaced by n168 with estimated error 0.0324059
error = 0.0324059
area = 503
delay = 24.4
#gates = 223
output circuit appNtk-level-2/cla32_121_0.0324059_503_24.4.blif
Abc_NtkLogicToNetlist() warning: The network is converted to have simple COs.
time = 2778434253 us
--------------- round 122 ---------------
seed = 2531465778
maxLevel = 2
[2670] is replaced by one with estimated error 0.0324059
error = 0.0324059
area = 499
delay = 24.4
#gates = 222
output circuit appNtk-level-2/cla32_122_0.0324059_499_24.4.blif
Abc_NtkLogicToNetlist() warning: The network is converted to have simple COs.
time = 2792081127 us
--------------- round 123 ---------------
seed = 2531465778
maxLevel = 2
sum[13] is replaced by [2591] with estimated error 0.0422839
error = 0.0422839
area = 493
delay = 24.4
#gates = 219
output circuit appNtk-level-2/cla32_123_0.0422839_493_24.4.blif
Abc_NtkLogicToNetlist() warning: The network is converted to have simple COs.
time = 2805680995 us
--------------- round 124 ---------------
seed = 2531465778
maxLevel = 2
[2591] is replaced by [1625] with estimated error 0.0522027
error = 0.0522027
area = 486
delay = 24.1
#gates = 217
output circuit appNtk-level-2/cla32_124_0.0522027_486_24.1.blif
Abc_NtkLogicToNetlist() warning: The network is converted to have simple COs.
time = 2819039668 us
--------------- round 125 ---------------
seed = 2531465778
maxLevel = 2
[1624] is replaced by zero with estimated error 0.0522027
error = 0.0522027
area = 485
delay = 24.1
#gates = 216
output circuit appNtk-level-2/cla32_125_0.0522027_485_24.1.blif
Abc_NtkLogicToNetlist() warning: The network is converted to have simple COs.
time = 2832283070 us
--------------- round 126 ---------------
seed = 2531465778
maxLevel = 2
sum[14] is replaced by [1649] with estimated error 0.0869026
error = 0.0869026
area = 479
delay = 24.1
#gates = 213
output circuit appNtk-level-2/cla32_126_0.0869026_479_24.1.blif
Abc_NtkLogicToNetlist() warning: The network is converted to have simple COs.
time = 2845558437 us
--------------- round 127 ---------------
seed = 2531465778
maxLevel = 2
[1625] is replaced by zero with estimated error 0.0750748
error = 0.0750748
area = 478
delay = 24.1
#gates = 212
output circuit appNtk-level-2/cla32_127_0.0750748_478_24.1.blif
Abc_NtkLogicToNetlist() warning: The network is converted to have simple COs.
time = 2858488889 us
--------------- round 128 ---------------
seed = 2531465778
maxLevel = 2
[2650] is replaced by [1634] with estimated error 0.0750748
error = 0.0750748
area = 474
delay = 24.1
#gates = 210
output circuit appNtk-level-2/cla32_128_0.0750748_474_24.1.blif
Abc_NtkLogicToNetlist() warning: The network is converted to have simple COs.
time = 2871399386 us
--------------- round 129 ---------------
seed = 2531465778
maxLevel = 2
[1628] is replaced by one with estimated error 0.0750748
error = 0.0750748
area = 471
delay = 24.1
#gates = 209
output circuit appNtk-level-2/cla32_129_0.0750748_471_24.1.blif
Abc_NtkLogicToNetlist() warning: The network is converted to have simple COs.
time = 2884019164 us
--------------- round 130 ---------------
seed = 2531465778
maxLevel = 2
n526 is replaced by [1636] with estimated error 0.0750748
error = 0.0750748
area = 470
delay = 24.1
#gates = 208
output circuit appNtk-level-2/cla32_130_0.0750748_470_24.1.blif
Abc_NtkLogicToNetlist() warning: The network is converted to have simple COs.
time = 2896563996 us
--------------- round 131 ---------------
seed = 2531465778
maxLevel = 2
sum[15] is replaced by n168 with estimated error 0.145355
error = 0.145355
area = 461
delay = 24.1
#gates = 204
output circuit appNtk-level-2/cla32_131_0.145355_461_24.1.blif
Abc_NtkLogicToNetlist() warning: The network is converted to have simple COs.
time = 2909078996 us
--------------- round 132 ---------------
seed = 2531465778
maxLevel = 2
[1636] is replaced by b[14] with inverter with estimated error 0.165483
error = 0.165483
area = 457
delay = 24.1
#gates = 203
output circuit appNtk-level-2/cla32_132_0.165483_457_24.1.blif
Abc_NtkLogicToNetlist() warning: The network is converted to have simple COs.
time = 2921255453 us
--------------- round 133 ---------------
seed = 2531465778
maxLevel = 2
[1654] is replaced by b[15] with estimated error 0.19204
error = 0.19204
area = 453
delay = 23.9
#gates = 202
output circuit appNtk-level-2/cla32_133_0.19204_453_23.9.blif
Abc_NtkLogicToNetlist() warning: The network is converted to have simple COs.
time = 2933322701 us
--------------- round 134 ---------------
seed = 2531465778
maxLevel = 2
n527 is replaced by [1652] with estimated error 0.153482
error = 0.153482
area = 452
delay = 23.9
#gates = 201
output circuit appNtk-level-2/cla32_134_0.153482_452_23.9.blif
Abc_NtkLogicToNetlist() warning: The network is converted to have simple COs.
time = 2945201254 us
--------------- round 135 ---------------
seed = 2531465778
maxLevel = 2
[1658] is replaced by b[15] with estimated error 0.153482
error = 0.153482
area = 445
delay = 23.9
#gates = 198
output circuit appNtk-level-2/cla32_135_0.153482_445_23.9.blif
Abc_NtkLogicToNetlist() warning: The network is converted to have simple COs.
time = 2956998027 us
--------------- round 136 ---------------
seed = 2531465778
maxLevel = 2
[2737] is replaced by one with estimated error 0.153482
error = 0.153482
area = 440
delay = 23.9
#gates = 196
output circuit appNtk-level-2/cla32_136_0.153482_440_23.9.blif
Abc_NtkLogicToNetlist() warning: The network is converted to have simple COs.
time = 2968596599 us
--------------- round 137 ---------------
seed = 2531465778
maxLevel = 2
[141978] is replaced by zero with estimated error 0.153482
error = 0.153482
area = 437
delay = 23.9
#gates = 194
output circuit appNtk-level-2/cla32_137_0.153482_437_23.9.blif
Abc_NtkLogicToNetlist() warning: The network is converted to have simple COs.
time = 2980076769 us
--------------- round 138 ---------------
seed = 2531465778
maxLevel = 2
[2703] is replaced by [1665] with estimated error 0.153482
error = 0.153482
area = 434
delay = 23.9
#gates = 193
output circuit appNtk-level-2/cla32_138_0.153482_434_23.9.blif
Abc_NtkLogicToNetlist() warning: The network is converted to have simple COs.
time = 2991372335 us
--------------- round 139 ---------------
seed = 2531465778
maxLevel = 2
[1670] is replaced by [1668] with estimated error 0.153482
error = 0.153482
area = 429
delay = 23.9
#gates = 191
output circuit appNtk-level-2/cla32_139_0.153482_429_23.9.blif
Abc_NtkLogicToNetlist() warning: The network is converted to have simple COs.
time = 3002645396 us
--------------- round 140 ---------------
seed = 2531465778
maxLevel = 2
n168 is replaced by b[15] with inverter with estimated error 0.153482
error = 0.153482
area = 427
delay = 23.9
#gates = 191
output circuit appNtk-level-2/cla32_140_0.153482_427_23.9.blif
Abc_NtkLogicToNetlist() warning: The network is converted to have simple COs.
time = 3013736989 us
--------------- round 141 ---------------
seed = 2531465778
maxLevel = 2
[1649] is replaced by a[15] with estimated error 0.153482
error = 0.153482
area = 424
delay = 23.9
#gates = 189
output circuit appNtk-level-2/cla32_141_0.153482_424_23.9.blif
Abc_NtkLogicToNetlist() warning: The network is converted to have simple COs.
time = 3024935426 us
--------------- round 142 ---------------
seed = 2531465778
maxLevel = 2
[1661] is replaced by b[15] with estimated error 0.153482
error = 0.153482
area = 422
delay = 23.9
#gates = 188
output circuit appNtk-level-2/cla32_142_0.153482_422_23.9.blif
Abc_NtkLogicToNetlist() warning: The network is converted to have simple COs.
time = 3035779302 us
--------------- round 143 ---------------
seed = 2531465778
maxLevel = 2
[1664] is replaced by [2706] with estimated error 0.294309
error = 0.294309
area = 416
delay = 23.9
#gates = 185
output circuit appNtk-level-2/cla32_143_0.294309_416_23.9.blif
Abc_NtkLogicToNetlist() warning: The network is converted to have simple COs.
time = 3046684057 us
--------------- round 144 ---------------
seed = 2531465778
maxLevel = 2
[1665] is replaced by n528 with estimated error 0.294309
error = 0.294309
area = 414
delay = 23.9
#gates = 184
output circuit appNtk-level-2/cla32_144_0.294309_414_23.9.blif
Abc_NtkLogicToNetlist() warning: The network is converted to have simple COs.
time = 3057261213 us
--------------- round 145 ---------------
seed = 2531465778
maxLevel = 2
sum[16] is replaced by [2719] with estimated error 0.37572
error = 0.37572
area = 409
delay = 23.9
#gates = 182
output circuit appNtk-level-2/cla32_145_0.37572_409_23.9.blif
Abc_NtkLogicToNetlist() warning: The network is converted to have simple COs.
time = 3067811884 us
--------------- round 146 ---------------
seed = 2531465778
maxLevel = 2
[2744] is replaced by [1671] with estimated error 0.831769
error = 0.831769
area = 402
delay = 21.6
#gates = 179
output circuit appNtk-level-2/cla32_146_0.831769_402_21.6.blif
Abc_NtkLogicToNetlist() warning: The network is converted to have simple COs.
time = 3078034428 us
--------------- round 147 ---------------
seed = 2531465778
maxLevel = 2
[2726] is replaced by [1672] with estimated error 0.821131
error = 0.821131
area = 401
delay = 21.6
#gates = 178
output circuit appNtk-level-2/cla32_147_0.821131_401_21.6.blif
Abc_NtkLogicToNetlist() warning: The network is converted to have simple COs.
time = 3087995057 us
--------------- round 148 ---------------
seed = 2531465778
maxLevel = 2
[1583] is replaced by zero with estimated error 0.819308
error = 0.819308
area = 400
delay = 21.6
#gates = 177
output circuit appNtk-level-2/cla32_148_0.819308_400_21.6.blif
Abc_NtkLogicToNetlist() warning: The network is converted to have simple COs.
time = 3097848997 us
--------------- round 149 ---------------
seed = 2531465778
maxLevel = 2
[1668] is replaced by [1671] with inverter with estimated error 0.803967
error = 0.803967
area = 399
delay = 21.6
#gates = 177
output circuit appNtk-level-2/cla32_149_0.803967_399_21.6.blif
Abc_NtkLogicToNetlist() warning: The network is converted to have simple COs.
time = 3107627505 us
--------------- round 150 ---------------
seed = 2531465778
maxLevel = 2
[2706] is replaced by one with estimated error 0.799966
error = 0.799966
area = 397
delay = 21.6
#gates = 176
output circuit appNtk-level-2/cla32_150_0.799966_397_21.6.blif
Abc_NtkLogicToNetlist() warning: The network is converted to have simple COs.
time = 3117468956 us
--------------- round 151 ---------------
seed = 2531465778
maxLevel = 2
[2719] is replaced by [1685] with estimated error 0.790863
error = 0.790863
area = 396
delay = 21.6
#gates = 175
output circuit appNtk-level-2/cla32_151_0.790863_396_21.6.blif
Abc_NtkLogicToNetlist() warning: The network is converted to have simple COs.
time = 3127307208 us
--------------- round 152 ---------------
seed = 2531465778
maxLevel = 2
[2746] is replaced by [1671] with estimated error 0.752284
error = 0.752284
area = 395
delay = 21.6
#gates = 174
output circuit appNtk-level-2/cla32_152_0.752284_395_21.6.blif
Abc_NtkLogicToNetlist() warning: The network is converted to have simple COs.
time = 3137069765 us
--------------- round 153 ---------------
seed = 2531465778
maxLevel = 2
n529 is replaced by zero with estimated error 0.78057
error = 0.78057
area = 394
delay = 21.6
#gates = 173
output circuit appNtk-level-2/cla32_153_0.78057_394_21.6.blif
Abc_NtkLogicToNetlist() warning: The network is converted to have simple COs.
time = 3146753183 us
--------------- round 154 ---------------
seed = 2531465778
maxLevel = 2
[1673] is replaced by a[17] with estimated error 0.788657
error = 0.788657
area = 390
delay = 21.6
#gates = 172
output circuit appNtk-level-2/cla32_154_0.788657_390_21.6.blif
Abc_NtkLogicToNetlist() warning: The network is converted to have simple COs.
time = 3156364365 us
--------------- round 155 ---------------
seed = 2531465778
maxLevel = 2
[2783] is replaced by one with estimated error 0.788657
error = 0.788657
area = 383
delay = 21.6
#gates = 169
output circuit appNtk-level-2/cla32_155_0.788657_383_21.6.blif
Abc_NtkLogicToNetlist() warning: The network is converted to have simple COs.
time = 3165877369 us
--------------- round 156 ---------------
seed = 2531465778
maxLevel = 2
[1683] is replaced by a[17] with estimated error 0.788657
error = 0.788657
area = 377
delay = 21.6
#gates = 167
output circuit appNtk-level-2/cla32_156_0.788657_377_21.6.blif
Abc_NtkLogicToNetlist() warning: The network is converted to have simple COs.
time = 3175132235 us
--------------- round 157 ---------------
seed = 2531465778
maxLevel = 2
[2795] is replaced by n164 with estimated error 0.788657
error = 0.788657
area = 376
delay = 21.6
#gates = 166
output circuit appNtk-level-2/cla32_157_0.788657_376_21.6.blif
Abc_NtkLogicToNetlist() warning: The network is converted to have simple COs.
time = 3184187290 us
--------------- round 158 ---------------
seed = 2531465778
maxLevel = 2
[1700] is replaced by [1709] with estimated error 0.788657
error = 0.788657
area = 374
delay = 21.6
#gates = 165
output circuit appNtk-level-2/cla32_158_0.788657_374_21.6.blif
Abc_NtkLogicToNetlist() warning: The network is converted to have simple COs.
time = 3193197713 us
--------------- round 159 ---------------
seed = 2531465778
maxLevel = 2
sum[17] is replaced by [1671] with estimated error 0.903552
error = 0.903552
area = 369
delay = 21.6
#gates = 163
output circuit appNtk-level-2/cla32_159_0.903552_369_21.6.blif
Abc_NtkLogicToNetlist() warning: The network is converted to have simple COs.
time = 3202142526 us
--------------- round 160 ---------------
seed = 2531465778
maxLevel = 2
sum[18] is replaced by n303 with estimated error 1.35087
error = 1.35087
area = 365
delay = 21.6
#gates = 162
output circuit appNtk-level-2/cla32_160_1.35087_365_21.6.blif
Abc_NtkLogicToNetlist() warning: The network is converted to have simple COs.
time = 3211016606 us
--------------- round 161 ---------------
seed = 2531465778
maxLevel = 2
n528 is replaced by [1735] with estimated error 1.33711
error = 1.33711
area = 364
delay = 21.6
#gates = 161
output circuit appNtk-level-2/cla32_161_1.33711_364_21.6.blif
Abc_NtkLogicToNetlist() warning: The network is converted to have simple COs.
time = 3219681099 us
--------------- round 162 ---------------
seed = 2531465778
maxLevel = 2
[1580] is replaced by [1692] with estimated error 1.33711
error = 1.33711
area = 363
delay = 21.6
#gates = 160
output circuit appNtk-level-2/cla32_162_1.33711_363_21.6.blif
Abc_NtkLogicToNetlist() warning: The network is converted to have simple COs.
time = 3228191062 us
--------------- round 163 ---------------
seed = 2531465778
maxLevel = 2
[1530] is replaced by one with estimated error 1.33711
error = 1.33711
area = 362
delay = 21.6
#gates = 159
output circuit appNtk-level-2/cla32_163_1.33711_362_21.6.blif
Abc_NtkLogicToNetlist() warning: The network is converted to have simple COs.
time = 3236566341 us
--------------- round 164 ---------------
seed = 2531465778
maxLevel = 2
[1531] is replaced by [1789] with estimated error 1.33711
error = 1.33711
area = 361
delay = 21.6
#gates = 158
output circuit appNtk-level-2/cla32_164_1.33711_361_21.6.blif
Abc_NtkLogicToNetlist() warning: The network is converted to have simple COs.
time = 3244757841 us
--------------- round 165 ---------------
seed = 2531465778
maxLevel = 2
[2270] is replaced by [1722] with estimated error 1.33711
error = 1.33711
area = 359
delay = 21.6
#gates = 157
output circuit appNtk-level-2/cla32_165_1.33711_359_21.6.blif
Abc_NtkLogicToNetlist() warning: The network is converted to have simple COs.
time = 3252774511 us
--------------- round 166 ---------------
seed = 2531465778
maxLevel = 2
[2286] is replaced by [1794] with estimated error 1.33711
error = 1.33711
area = 357
delay = 21.6
#gates = 156
output circuit appNtk-level-2/cla32_166_1.33711_357_21.6.blif
Abc_NtkLogicToNetlist() warning: The network is converted to have simple COs.
time = 3260598822 us
--------------- round 167 ---------------
seed = 2531465778
maxLevel = 2
[1532] is replaced by [1794] with inverter with estimated error 1.33711
error = 1.33711
area = 354
delay = 21.6
#gates = 156
output circuit appNtk-level-2/cla32_167_1.33711_354_21.6.blif
Abc_NtkLogicToNetlist() warning: The network is converted to have simple COs.
time = 3268330186 us
--------------- round 168 ---------------
seed = 2531465778
maxLevel = 2
n530 is replaced by zero with estimated error 1.33711
error = 1.33711
area = 353
delay = 21.6
#gates = 155
output circuit appNtk-level-2/cla32_168_1.33711_353_21.6.blif
Abc_NtkLogicToNetlist() warning: The network is converted to have simple COs.
time = 3276224256 us
--------------- round 169 ---------------
seed = 2531465778
maxLevel = 2
sum[1] is replaced by [1674] with inverter with estimated error 1.33711
error = 1.33711
area = 350
delay = 21.6
#gates = 155
output circuit appNtk-level-2/cla32_169_1.33711_350_21.6.blif
Abc_NtkLogicToNetlist() warning: The network is converted to have simple COs.
time = 3283932108 us
--------------- round 170 ---------------
seed = 2531465778
maxLevel = 2
[1533] is replaced by [3100] with estimated error 1.33711
error = 1.33711
area = 348
delay = 21.6
#gates = 154
output circuit appNtk-level-2/cla32_170_1.33711_348_21.6.blif
Abc_NtkLogicToNetlist() warning: The network is converted to have simple COs.
time = 3291536659 us
--------------- round 171 ---------------
seed = 2531465778
maxLevel = 2
exceed error bound
