abc command read data/library/mcnc.genlib
Entered genlib library with 23 gates from file "data/library/mcnc.genlib".
abc command read_blif data/su/rca32.blif
abc command print_stats
[1;37mrca32                         :[0m i/o =   64/   33  lat =    0  nd =   298  edge =    585  area =666.00  delay =16.10  lev = 12
--------------- round 1 ---------------
seed = 2531465778
maxLevel = 2
s[0] is replaced by n99 with estimated error 2.92133e-06
error = 2.92133e-06
area = 661
delay = 16.1
#gates = 299
output circuit appNtk-level-2/rca32_1_2.92133e-06_661_16.1.blif
time = 11543194 us
--------------- round 2 ---------------
seed = 2531465778
maxLevel = 2
s[1] is replaced by n113 with estimated error 8.7677e-06
error = 8.7677e-06
area = 654
delay = 16.1
#gates = 297
output circuit appNtk-level-2/rca32_2_8.7677e-06_654_16.1.blif
time = 21010801 us
--------------- round 3 ---------------
seed = 2531465778
maxLevel = 2
n102 is replaced by one with estimated error 1.0184e-05
error = 1.0184e-05
area = 650
delay = 16.1
#gates = 294
output circuit appNtk-level-2/rca32_3_1.0184e-05_650_16.1.blif
time = 31395129 us
--------------- round 4 ---------------
seed = 2531465778
maxLevel = 2
n99 is replaced by one with estimated error 1.0211e-05
error = 1.0211e-05
area = 648
delay = 16.1
#gates = 293
output circuit appNtk-level-2/rca32_4_1.0211e-05_648_16.1.blif
time = 41922940 us
--------------- round 5 ---------------
seed = 2531465778
maxLevel = 2
n113 is replaced by n103 with estimated error 1.0211e-05
error = 1.0211e-05
area = 646
delay = 16.1
#gates = 292
output circuit appNtk-level-2/rca32_5_1.0211e-05_646_16.1.blif
time = 69735615 us
--------------- round 6 ---------------
seed = 2531465778
maxLevel = 2
n111 is replaced by n108 with estimated error 1.27682e-05
error = 1.27682e-05
area = 644
delay = 16.1
#gates = 291
output circuit appNtk-level-2/rca32_6_1.27682e-05_644_16.1.blif
time = 96784175 us
--------------- round 7 ---------------
seed = 2531465778
maxLevel = 2
n103 is replaced by one with estimated error 1.4602e-05
error = 1.4602e-05
area = 642
delay = 16.1
#gates = 290
output circuit appNtk-level-2/rca32_7_1.4602e-05_642_16.1.blif
Abc_NtkLogicToNetlist() warning: The network is converted to have simple COs.
time = 121262646 us
--------------- round 8 ---------------
seed = 2531465778
maxLevel = 2
n130 is replaced by one with estimated error 1.4602e-05
error = 1.4602e-05
area = 636
delay = 16.1
#gates = 288
output circuit appNtk-level-2/rca32_8_1.4602e-05_636_16.1.blif
Abc_NtkLogicToNetlist() warning: The network is converted to have simple COs.
time = 148751070 us
--------------- round 9 ---------------
seed = 2531465778
maxLevel = 2
n115 is replaced by n110 with estimated error 1.4602e-05
error = 1.4602e-05
area = 633
delay = 16.1
#gates = 286
output circuit appNtk-level-2/rca32_9_1.4602e-05_633_16.1.blif
Abc_NtkLogicToNetlist() warning: The network is converted to have simple COs.
time = 173909106 us
--------------- round 10 ---------------
seed = 2531465778
maxLevel = 2
n106 is replaced by n143 with estimated error 2.24838e-05
error = 2.24838e-05
area = 632
delay = 16.1
#gates = 285
output circuit appNtk-level-2/rca32_10_2.24838e-05_632_16.1.blif
Abc_NtkLogicToNetlist() warning: The network is converted to have simple COs.
time = 200075521 us
--------------- round 11 ---------------
seed = 2531465778
maxLevel = 2
n131 is replaced by n121 with estimated error 4.40599e-05
error = 4.40599e-05
area = 629
delay = 16
#gates = 284
output circuit appNtk-level-2/rca32_11_4.40599e-05_629_16.blif
Abc_NtkLogicToNetlist() warning: The network is converted to have simple COs.
time = 228443487 us
--------------- round 12 ---------------
seed = 2531465778
maxLevel = 2
n120 is replaced by n118 with inverter with estimated error 5.08071e-05
error = 5.08071e-05
area = 627
delay = 16
#gates = 284
output circuit appNtk-level-2/rca32_12_5.08071e-05_627_16.blif
Abc_NtkLogicToNetlist() warning: The network is converted to have simple COs.
time = 257654991 us
--------------- round 13 ---------------
seed = 2531465778
maxLevel = 2
n118 is replaced by n117 with estimated error 5.78281e-05
error = 5.78281e-05
area = 626
delay = 16
#gates = 283
output circuit appNtk-level-2/rca32_13_5.78281e-05_626_16.blif
Abc_NtkLogicToNetlist() warning: The network is converted to have simple COs.
time = 286736831 us
--------------- round 14 ---------------
seed = 2531465778
maxLevel = 2
n132 is replaced by n119 with estimated error 5.78281e-05
error = 5.78281e-05
area = 624
delay = 16
#gates = 282
output circuit appNtk-level-2/rca32_14_5.78281e-05_624_16.blif
Abc_NtkLogicToNetlist() warning: The network is converted to have simple COs.
time = 313708642 us
--------------- round 15 ---------------
seed = 2531465778
maxLevel = 2
s[4] is replaced by n135 with estimated error 7.8138e-05
error = 7.8138e-05
area = 617
delay = 16
#gates = 280
output circuit appNtk-level-2/rca32_15_7.8138e-05_617_16.blif
Abc_NtkLogicToNetlist() warning: The network is converted to have simple COs.
time = 337898654 us
--------------- round 16 ---------------
seed = 2531465778
maxLevel = 2
n121 is replaced by n117 with estimated error 7.8138e-05
error = 7.8138e-05
area = 615
delay = 16
#gates = 278
output circuit appNtk-level-2/rca32_16_7.8138e-05_615_16.blif
Abc_NtkLogicToNetlist() warning: The network is converted to have simple COs.
time = 364041078 us
--------------- round 17 ---------------
seed = 2531465778
maxLevel = 2
n127 is replaced by y[3] with estimated error 8.81779e-05
error = 8.81779e-05
area = 611
delay = 16
#gates = 275
output circuit appNtk-level-2/rca32_17_8.81779e-05_611_16.blif
Abc_NtkLogicToNetlist() warning: The network is converted to have simple COs.
time = 390608586 us
--------------- round 18 ---------------
seed = 2531465778
maxLevel = 2
n162 is replaced by zero with estimated error 0.000157689
error = 0.000157689
area = 604
delay = 16
#gates = 273
output circuit appNtk-level-2/rca32_18_0.000157689_604_16.blif
Abc_NtkLogicToNetlist() warning: The network is converted to have simple COs.
time = 416552489 us
--------------- round 19 ---------------
seed = 2531465778
maxLevel = 2
n135 is replaced by n164 with estimated error 0.000131557
error = 0.000131557
area = 600
delay = 16
#gates = 271
output circuit appNtk-level-2/rca32_19_0.000131557_600_16.blif
Abc_NtkLogicToNetlist() warning: The network is converted to have simple COs.
time = 443050569 us
--------------- round 20 ---------------
seed = 2531465778
maxLevel = 2
n117 is replaced by zero with estimated error 0.000131557
error = 0.000131557
area = 599
delay = 16
#gates = 270
output circuit appNtk-level-2/rca32_20_0.000131557_599_16.blif
Abc_NtkLogicToNetlist() warning: The network is converted to have simple COs.
time = 467596343 us
--------------- round 21 ---------------
seed = 2531465778
maxLevel = 2
n128 is replaced by x[4] with inverter with estimated error 0.000131976
error = 0.000131976
area = 598
delay = 16
#gates = 270
output circuit appNtk-level-2/rca32_21_0.000131976_598_16.blif
Abc_NtkLogicToNetlist() warning: The network is converted to have simple COs.
time = 491019423 us
--------------- round 22 ---------------
seed = 2531465778
maxLevel = 2
n163 is replaced by n149 with estimated error 0.000143977
error = 0.000143977
area = 595
delay = 16
#gates = 268
output circuit appNtk-level-2/rca32_22_0.000143977_595_16.blif
Abc_NtkLogicToNetlist() warning: The network is converted to have simple COs.
time = 517820003 us
--------------- round 23 ---------------
seed = 2531465778
maxLevel = 2
n119 is replaced by zero with estimated error 0.000143977
error = 0.000143977
area = 593
delay = 16
#gates = 267
output circuit appNtk-level-2/rca32_23_0.000143977_593_16.blif
Abc_NtkLogicToNetlist() warning: The network is converted to have simple COs.
time = 542672697 us
--------------- round 24 ---------------
seed = 2531465778
maxLevel = 2
n148 is replaced by zero with estimated error 0.000143977
error = 0.000143977
area = 592
delay = 16
#gates = 266
output circuit appNtk-level-2/rca32_24_0.000143977_592_16.blif
Abc_NtkLogicToNetlist() warning: The network is converted to have simple COs.
time = 568359704 us
--------------- round 25 ---------------
seed = 2531465778
maxLevel = 2
s[5] is replaced by n138 with estimated error 0.000158339
error = 0.000158339
area = 585
delay = 16
#gates = 264
output circuit appNtk-level-2/rca32_25_0.000158339_585_16.blif
Abc_NtkLogicToNetlist() warning: The network is converted to have simple COs.
time = 592534037 us
--------------- round 26 ---------------
seed = 2531465778
maxLevel = 2
n152 is replaced by n164 with inverter with estimated error 0.000164198
error = 0.000164198
area = 583
delay = 16
#gates = 263
output circuit appNtk-level-2/rca32_26_0.000164198_583_16.blif
Abc_NtkLogicToNetlist() warning: The network is converted to have simple COs.
time = 616280648 us
--------------- round 27 ---------------
seed = 2531465778
maxLevel = 2
n138 is replaced by one with estimated error 0.000197499
error = 0.000197499
area = 579
delay = 16
#gates = 260
output circuit appNtk-level-2/rca32_27_0.000197499_579_16.blif
Abc_NtkLogicToNetlist() warning: The network is converted to have simple COs.
time = 638762759 us
--------------- round 28 ---------------
seed = 2531465778
maxLevel = 2
n164 is replaced by n165 with estimated error 0.00023348
error = 0.00023348
area = 575
delay = 16
#gates = 259
output circuit appNtk-level-2/rca32_28_0.00023348_575_16.blif
Abc_NtkLogicToNetlist() warning: The network is converted to have simple COs.
time = 660950606 us
--------------- round 29 ---------------
seed = 2531465778
maxLevel = 2
n400 is replaced by zero with estimated error 0.00023348
error = 0.00023348
area = 574
delay = 16
#gates = 258
output circuit appNtk-level-2/rca32_29_0.00023348_574_16.blif
Abc_NtkLogicToNetlist() warning: The network is converted to have simple COs.
time = 682319979 us
--------------- round 30 ---------------
seed = 2531465778
maxLevel = 2
s[6] is replaced by n146 with estimated error 0.000327338
error = 0.000327338
area = 561
delay = 16
#gates = 252
output circuit appNtk-level-2/rca32_30_0.000327338_561_16.blif
Abc_NtkLogicToNetlist() warning: The network is converted to have simple COs.
time = 704704401 us
--------------- round 31 ---------------
seed = 2531465778
maxLevel = 2
s[7] is replaced by n166 with inverter with estimated error 0.000573234
error = 0.000573234
area = 553
delay = 16
#gates = 250
output circuit appNtk-level-2/rca32_31_0.000573234_553_16.blif
Abc_NtkLogicToNetlist() warning: The network is converted to have simple COs.
time = 727513761 us
--------------- round 32 ---------------
seed = 2531465778
maxLevel = 2
n167 is replaced by n401 with estimated error 0.000573234
error = 0.000573234
area = 551
delay = 16
#gates = 249
output circuit appNtk-level-2/rca32_32_0.000573234_551_16.blif
Abc_NtkLogicToNetlist() warning: The network is converted to have simple COs.
time = 749348247 us
--------------- round 33 ---------------
seed = 2531465778
maxLevel = 2
n165 is replaced by one with estimated error 0.00060423
error = 0.00060423
area = 543
delay = 16
#gates = 244
output circuit appNtk-level-2/rca32_33_0.00060423_543_16.blif
Abc_NtkLogicToNetlist() warning: The network is converted to have simple COs.
time = 770476927 us
--------------- round 34 ---------------
seed = 2531465778
maxLevel = 2
n166 is replaced by y[7] with estimated error 0.000805729
error = 0.000805729
area = 538
delay = 16
#gates = 242
output circuit appNtk-level-2/rca32_34_0.000805729_538_16.blif
Abc_NtkLogicToNetlist() warning: The network is converted to have simple COs.
time = 789643054 us
--------------- round 35 ---------------
seed = 2531465778
maxLevel = 2
n142 is replaced by one with estimated error 0.000787224
error = 0.000787224
area = 537
delay = 16
#gates = 241
output circuit appNtk-level-2/rca32_35_0.000787224_537_16.blif
Abc_NtkLogicToNetlist() warning: The network is converted to have simple COs.
time = 807566634 us
--------------- round 36 ---------------
seed = 2531465778
maxLevel = 2
s[8] is replaced by x[7] with estimated error 0.00151517
error = 0.00151517
area = 530
delay = 16
#gates = 239
output circuit appNtk-level-2/rca32_36_0.00151517_530_16.blif
Abc_NtkLogicToNetlist() warning: The network is converted to have simple COs.
time = 826662184 us
--------------- round 37 ---------------
seed = 2531465778
maxLevel = 2
n170 is replaced by x[8] with estimated error 0.00181287
error = 0.00181287
area = 526
delay = 16
#gates = 236
output circuit appNtk-level-2/rca32_37_0.00181287_526_16.blif
Abc_NtkLogicToNetlist() warning: The network is converted to have simple COs.
time = 845685788 us
--------------- round 38 ---------------
seed = 2531465778
maxLevel = 2
n143 is replaced by zero with estimated error 0.00180299
error = 0.00180299
area = 525
delay = 16
#gates = 235
output circuit appNtk-level-2/rca32_38_0.00180299_525_16.blif
Abc_NtkLogicToNetlist() warning: The network is converted to have simple COs.
time = 864346964 us
--------------- round 39 ---------------
seed = 2531465778
maxLevel = 2
n171 is replaced by one with estimated error 0.0020091
error = 0.0020091
area = 523
delay = 16
#gates = 234
output circuit appNtk-level-2/rca32_39_0.0020091_523_16.blif
Abc_NtkLogicToNetlist() warning: The network is converted to have simple COs.
time = 884706315 us
--------------- round 40 ---------------
seed = 2531465778
maxLevel = 2
n107 is replaced by zero with estimated error 0.0020091
error = 0.0020091
area = 522
delay = 16
#gates = 233
output circuit appNtk-level-2/rca32_40_0.0020091_522_16.blif
Abc_NtkLogicToNetlist() warning: The network is converted to have simple COs.
time = 901627225 us
--------------- round 41 ---------------
seed = 2531465778
maxLevel = 2
n178 is replaced by one with estimated error 0.00277905
error = 0.00277905
area = 518
delay = 16
#gates = 230
output circuit appNtk-level-2/rca32_41_0.00277905_518_16.blif
Abc_NtkLogicToNetlist() warning: The network is converted to have simple COs.
time = 920027524 us
--------------- round 42 ---------------
seed = 2531465778
maxLevel = 2
n207 is replaced by n180 with estimated error 0.00277905
error = 0.00277905
area = 516
delay = 16
#gates = 229
output circuit appNtk-level-2/rca32_42_0.00277905_516_16.blif
Abc_NtkLogicToNetlist() warning: The network is converted to have simple COs.
time = 937271284 us
--------------- round 43 ---------------
seed = 2531465778
maxLevel = 2
s[9] is replaced by n188 with estimated error 0.00300582
error = 0.00300582
area = 511
delay = 16
#gates = 228
output circuit appNtk-level-2/rca32_43_0.00300582_511_16.blif
Abc_NtkLogicToNetlist() warning: The network is converted to have simple COs.
time = 952238135 us
--------------- round 44 ---------------
seed = 2531465778
maxLevel = 2
s[10] is replaced by n192 with inverter with estimated error 0.00532883
error = 0.00532883
area = 504
delay = 16
#gates = 226
output circuit appNtk-level-2/rca32_44_0.00532883_504_16.blif
Abc_NtkLogicToNetlist() warning: The network is converted to have simple COs.
time = 968565480 us
--------------- round 45 ---------------
seed = 2531465778
maxLevel = 2
n179 is replaced by one with estimated error 0.00565358
error = 0.00565358
area = 502
delay = 16
#gates = 225
output circuit appNtk-level-2/rca32_45_0.00565358_502_16.blif
Abc_NtkLogicToNetlist() warning: The network is converted to have simple COs.
time = 986406179 us
--------------- round 46 ---------------
seed = 2531465778
maxLevel = 2
n180 is replaced by zero with estimated error 0.00565358
error = 0.00565358
area = 500
delay = 16
#gates = 224
output circuit appNtk-level-2/rca32_46_0.00565358_500_16.blif
Abc_NtkLogicToNetlist() warning: The network is converted to have simple COs.
time = 1003982684 us
--------------- round 47 ---------------
seed = 2531465778
maxLevel = 2
n187 is replaced by zero with estimated error 0.00565358
error = 0.00565358
area = 499
delay = 16
#gates = 223
output circuit appNtk-level-2/rca32_47_0.00565358_499_16.blif
Abc_NtkLogicToNetlist() warning: The network is converted to have simple COs.
time = 1021509200 us
--------------- round 48 ---------------
seed = 2531465778
maxLevel = 2
n185 is replaced by one with estimated error 0.00620521
error = 0.00620521
area = 495
delay = 16
#gates = 220
output circuit appNtk-level-2/rca32_48_0.00620521_495_16.blif
Abc_NtkLogicToNetlist() warning: The network is converted to have simple COs.
time = 1037370403 us
--------------- round 49 ---------------
seed = 2531465778
maxLevel = 2
n189 is replaced by zero with estimated error 0.00620521
error = 0.00620521
area = 494
delay = 16
#gates = 219
output circuit appNtk-level-2/rca32_49_0.00620521_494_16.blif
Abc_NtkLogicToNetlist() warning: The network is converted to have simple COs.
time = 1054656620 us
--------------- round 50 ---------------
seed = 2531465778
maxLevel = 2
n188 is replaced by one with estimated error 0.00958069
error = 0.00958069
area = 487
delay = 16
#gates = 216
output circuit appNtk-level-2/rca32_50_0.00958069_487_16.blif
Abc_NtkLogicToNetlist() warning: The network is converted to have simple COs.
time = 1070912791 us
--------------- round 51 ---------------
seed = 2531465778
maxLevel = 2
n182 is replaced by n401 with estimated error 0.00914702
error = 0.00914702
area = 485
delay = 16
#gates = 215
output circuit appNtk-level-2/rca32_51_0.00914702_485_16.blif
Abc_NtkLogicToNetlist() warning: The network is converted to have simple COs.
time = 1088401662 us
--------------- round 52 ---------------
seed = 2531465778
maxLevel = 2
n242 is replaced by one with estimated error 0.00914702
error = 0.00914702
area = 480
delay = 16
#gates = 213
output circuit appNtk-level-2/rca32_52_0.00914702_480_16.blif
Abc_NtkLogicToNetlist() warning: The network is converted to have simple COs.
time = 1104992758 us
--------------- round 53 ---------------
seed = 2531465778
maxLevel = 2
n208 is replaced by one with estimated error 0.00914702
error = 0.00914702
area = 476
delay = 16
#gates = 212
output circuit appNtk-level-2/rca32_53_0.00914702_476_16.blif
Abc_NtkLogicToNetlist() warning: The network is converted to have simple COs.
time = 1122149590 us
--------------- round 54 ---------------
seed = 2531465778
maxLevel = 2
n204 is replaced by one with estimated error 0.00914702
error = 0.00914702
area = 472
delay = 16
#gates = 211
output circuit appNtk-level-2/rca32_54_0.00914702_472_16.blif
Abc_NtkLogicToNetlist() warning: The network is converted to have simple COs.
time = 1137612848 us
--------------- round 55 ---------------
seed = 2531465778
maxLevel = 2
n210 is replaced by n206 with inverter with estimated error 0.00914702
error = 0.00914702
area = 467
delay = 16
#gates = 210
output circuit appNtk-level-2/rca32_55_0.00914702_467_16.blif
Abc_NtkLogicToNetlist() warning: The network is converted to have simple COs.
time = 1155139168 us
--------------- round 56 ---------------
seed = 2531465778
maxLevel = 2
n192 is replaced by y[7] with estimated error 0.00914702
error = 0.00914702
area = 464
delay = 16
#gates = 209
output circuit appNtk-level-2/rca32_56_0.00914702_464_16.blif
Abc_NtkLogicToNetlist() warning: The network is converted to have simple COs.
time = 1170625310 us
--------------- round 57 ---------------
seed = 2531465778
maxLevel = 2
n195 is replaced by x[11] with estimated error 0.0119363
error = 0.0119363
area = 460
delay = 16
#gates = 206
output circuit appNtk-level-2/rca32_57_0.0119363_460_16.blif
Abc_NtkLogicToNetlist() warning: The network is converted to have simple COs.
time = 1185954548 us
--------------- round 58 ---------------
seed = 2531465778
maxLevel = 2
n206 is replaced by n196 with estimated error 0.0156533
error = 0.0156533
area = 456
delay = 16
#gates = 204
output circuit appNtk-level-2/rca32_58_0.0156533_456_16.blif
Abc_NtkLogicToNetlist() warning: The network is converted to have simple COs.
time = 1199644157 us
--------------- round 59 ---------------
seed = 2531465778
maxLevel = 2
n401 is replaced by one with estimated error 0.0155311
error = 0.0155311
area = 455
delay = 16
#gates = 203
output circuit appNtk-level-2/rca32_59_0.0155311_455_16.blif
Abc_NtkLogicToNetlist() warning: The network is converted to have simple COs.
time = 1214274197 us
--------------- round 60 ---------------
seed = 2531465778
maxLevel = 2
n402 is replaced by one with estimated error 0.0157768
error = 0.0157768
area = 454
delay = 16
#gates = 202
output circuit appNtk-level-2/rca32_60_0.0157768_454_16.blif
Abc_NtkLogicToNetlist() warning: The network is converted to have simple COs.
time = 1229952952 us
--------------- round 61 ---------------
seed = 2531465778
maxLevel = 2
s[12] is replaced by n213 with estimated error 0.0220464
error = 0.0220464
area = 447
delay = 16
#gates = 200
output circuit appNtk-level-2/rca32_61_0.0220464_447_16.blif
Abc_NtkLogicToNetlist() warning: The network is converted to have simple COs.
time = 1244035934 us
--------------- round 62 ---------------
seed = 2531465778
maxLevel = 2
n146 is replaced by zero with estimated error 0.0219899
error = 0.0219899
area = 445
delay = 16
#gates = 199
output circuit appNtk-level-2/rca32_62_0.0219899_445_16.blif
Abc_NtkLogicToNetlist() warning: The network is converted to have simple COs.
time = 1258394211 us
--------------- round 63 ---------------
seed = 2531465778
maxLevel = 2
n201 is replaced by y[12] with estimated error 0.023428
error = 0.023428
area = 441
delay = 16
#gates = 196
output circuit appNtk-level-2/rca32_63_0.023428_441_16.blif
Abc_NtkLogicToNetlist() warning: The network is converted to have simple COs.
time = 1274061658 us
--------------- round 64 ---------------
seed = 2531465778
maxLevel = 2
n243 is replaced by zero with estimated error 0.0292094
error = 0.0292094
area = 434
delay = 16
#gates = 194
output circuit appNtk-level-2/rca32_64_0.0292094_434_16.blif
Abc_NtkLogicToNetlist() warning: The network is converted to have simple COs.
time = 1288055001 us
--------------- round 65 ---------------
seed = 2531465778
maxLevel = 2
n202 is replaced by y[12] with inverter with estimated error 0.0281722
error = 0.0281722
area = 433
delay = 16
#gates = 194
output circuit appNtk-level-2/rca32_65_0.0281722_433_16.blif
Abc_NtkLogicToNetlist() warning: The network is converted to have simple COs.
time = 1301825368 us
--------------- round 66 ---------------
seed = 2531465778
maxLevel = 2
n197 is replaced by one with estimated error 0.0281352
error = 0.0281352
area = 431
delay = 16
#gates = 193
output circuit appNtk-level-2/rca32_66_0.0281352_431_16.blif
Abc_NtkLogicToNetlist() warning: The network is converted to have simple COs.
time = 1314083172 us
--------------- round 67 ---------------
seed = 2531465778
maxLevel = 2
n403 is replaced by zero with estimated error 0.0281352
error = 0.0281352
area = 428
delay = 16
#gates = 191
output circuit appNtk-level-2/rca32_67_0.0281352_428_16.blif
Abc_NtkLogicToNetlist() warning: The network is converted to have simple COs.
time = 1327111216 us
--------------- round 68 ---------------
seed = 2531465778
maxLevel = 2
n249 is replaced by n247 with estimated error 0.0281352
error = 0.0281352
area = 426
delay = 16
#gates = 190
output circuit appNtk-level-2/rca32_68_0.0281352_426_16.blif
Abc_NtkLogicToNetlist() warning: The network is converted to have simple COs.
time = 1339425376 us
--------------- round 69 ---------------
seed = 2531465778
maxLevel = 2
n248 is replaced by n255 with estimated error 0.0281352
error = 0.0281352
area = 424
delay = 16
#gates = 189
output circuit appNtk-level-2/rca32_69_0.0281352_424_16.blif
Abc_NtkLogicToNetlist() warning: The network is converted to have simple COs.
time = 1352776714 us
--------------- round 70 ---------------
seed = 2531465778
maxLevel = 2
s[13] is replaced by n246 with estimated error 0.0477917
error = 0.0477917
area = 417
delay = 16
#gates = 187
output circuit appNtk-level-2/rca32_70_0.0477917_417_16.blif
Abc_NtkLogicToNetlist() warning: The network is converted to have simple COs.
time = 1366072882 us
--------------- round 71 ---------------
seed = 2531465778
maxLevel = 2
n404 is replaced by n222 with estimated error 0.0485513
error = 0.0485513
area = 416
delay = 16
#gates = 186
output circuit appNtk-level-2/rca32_71_0.0485513_416_16.blif
Abc_NtkLogicToNetlist() warning: The network is converted to have simple COs.
time = 1378731055 us
--------------- round 72 ---------------
seed = 2531465778
maxLevel = 2
n228 is replaced by n246 with inverter with estimated error 0.0526396
error = 0.0526396
area = 414
delay = 16
#gates = 185
output circuit appNtk-level-2/rca32_72_0.0526396_414_16.blif
Abc_NtkLogicToNetlist() warning: The network is converted to have simple COs.
time = 1391791746 us
--------------- round 73 ---------------
seed = 2531465778
maxLevel = 2
n212 is replaced by n215 with estimated error 0.0525977
error = 0.0525977
area = 413
delay = 16
#gates = 184
output circuit appNtk-level-2/rca32_73_0.0525977_413_16.blif
Abc_NtkLogicToNetlist() warning: The network is converted to have simple COs.
time = 1404349122 us
--------------- round 74 ---------------
seed = 2531465778
maxLevel = 2
n216 is replaced by n226 with estimated error 0.0510595
error = 0.0510595
area = 410
delay = 16
#gates = 182
output circuit appNtk-level-2/rca32_74_0.0510595_410_16.blif
Abc_NtkLogicToNetlist() warning: The network is converted to have simple COs.
time = 1417571564 us
--------------- round 75 ---------------
seed = 2531465778
maxLevel = 2
n245 is replaced by one with estimated error 0.0510595
error = 0.0510595
area = 408
delay = 16
#gates = 181
output circuit appNtk-level-2/rca32_75_0.0510595_408_16.blif
Abc_NtkLogicToNetlist() warning: The network is converted to have simple COs.
time = 1429596834 us
--------------- round 76 ---------------
seed = 2531465778
maxLevel = 2
n213 is replaced by y[13] with estimated error 0.0510595
error = 0.0510595
area = 404
delay = 16
#gates = 179
output circuit appNtk-level-2/rca32_76_0.0510595_404_16.blif
Abc_NtkLogicToNetlist() warning: The network is converted to have simple COs.
time = 1441532464 us
--------------- round 77 ---------------
seed = 2531465778
maxLevel = 2
n233 is replaced by n231 with estimated error 0.0510595
error = 0.0510595
area = 402
delay = 16
#gates = 178
output circuit appNtk-level-2/rca32_77_0.0510595_402_16.blif
Abc_NtkLogicToNetlist() warning: The network is converted to have simple COs.
time = 1453387771 us
--------------- round 78 ---------------
seed = 2531465778
maxLevel = 2
n405 is replaced by n220 with estimated error 0.0510595
error = 0.0510595
area = 401
delay = 16
#gates = 177
output circuit appNtk-level-2/rca32_78_0.0510595_401_16.blif
Abc_NtkLogicToNetlist() warning: The network is converted to have simple COs.
time = 1465040776 us
--------------- round 79 ---------------
seed = 2531465778
maxLevel = 2
n246 is replaced by n229 with estimated error 0.0510595
error = 0.0510595
area = 398
delay = 16
#gates = 176
output circuit appNtk-level-2/rca32_79_0.0510595_398_16.blif
Abc_NtkLogicToNetlist() warning: The network is converted to have simple COs.
time = 1476798369 us
--------------- round 80 ---------------
seed = 2531465778
maxLevel = 2
s[14] is replaced by n224 with estimated error 0.079483
error = 0.079483
area = 391
delay = 16
#gates = 173
output circuit appNtk-level-2/rca32_80_0.079483_391_16.blif
Abc_NtkLogicToNetlist() warning: The network is converted to have simple COs.
time = 1488429161 us
--------------- round 81 ---------------
seed = 2531465778
maxLevel = 2
n217 is replaced by one with estimated error 0.0650555
error = 0.0650555
area = 389
delay = 16
#gates = 172
output circuit appNtk-level-2/rca32_81_0.0650555_389_16.blif
Abc_NtkLogicToNetlist() warning: The network is converted to have simple COs.
time = 1499842597 us
--------------- round 82 ---------------
seed = 2531465778
maxLevel = 2
n230 is replaced by n229 with estimated error 0.0650555
error = 0.0650555
area = 386
delay = 16
#gates = 171
output circuit appNtk-level-2/rca32_82_0.0650555_386_16.blif
Abc_NtkLogicToNetlist() warning: The network is converted to have simple COs.
time = 1510265448 us
--------------- round 83 ---------------
seed = 2531465778
maxLevel = 2
n231 is replaced by n220 with estimated error 0.0650555
error = 0.0650555
area = 385
delay = 16
#gates = 170
output circuit appNtk-level-2/rca32_83_0.0650555_385_16.blif
Abc_NtkLogicToNetlist() warning: The network is converted to have simple COs.
time = 1520682156 us
--------------- round 84 ---------------
seed = 2531465778
maxLevel = 2
n224 is replaced by one with estimated error 0.0874695
error = 0.0874695
area = 381
delay = 16
#gates = 167
output circuit appNtk-level-2/rca32_84_0.0874695_381_16.blif
Abc_NtkLogicToNetlist() warning: The network is converted to have simple COs.
time = 1530563152 us
--------------- round 85 ---------------
seed = 2531465778
maxLevel = 2
n226 is replaced by zero with estimated error 0.0874695
error = 0.0874695
area = 380
delay = 16
#gates = 166
output circuit appNtk-level-2/rca32_85_0.0874695_380_16.blif
Abc_NtkLogicToNetlist() warning: The network is converted to have simple COs.
time = 1540260614 us
--------------- round 86 ---------------
seed = 2531465778
maxLevel = 2
n220 is replaced by zero with estimated error 0.126456
error = 0.126456
area = 377
delay = 16
#gates = 165
output circuit appNtk-level-2/rca32_86_0.126456_377_16.blif
Abc_NtkLogicToNetlist() warning: The network is converted to have simple COs.
time = 1550365276 us
--------------- round 87 ---------------
seed = 2531465778
maxLevel = 2
s[15] is replaced by n236 with estimated error 0.180733
error = 0.180733
area = 370
delay = 16
#gates = 163
output circuit appNtk-level-2/rca32_87_0.180733_370_16.blif
Abc_NtkLogicToNetlist() warning: The network is converted to have simple COs.
time = 1560826322 us
--------------- round 88 ---------------
seed = 2531465778
maxLevel = 2
n244 is replaced by zero with estimated error 0.180733
error = 0.180733
area = 368
delay = 16
#gates = 162
output circuit appNtk-level-2/rca32_88_0.180733_368_16.blif
Abc_NtkLogicToNetlist() warning: The network is converted to have simple COs.
time = 1569966255 us
--------------- round 89 ---------------
seed = 2531465778
maxLevel = 2
n236 is replaced by n237 with estimated error 0.180776
error = 0.180776
area = 364
delay = 16
#gates = 159
output circuit appNtk-level-2/rca32_89_0.180776_364_16.blif
Abc_NtkLogicToNetlist() warning: The network is converted to have simple COs.
time = 1578835295 us
--------------- round 90 ---------------
seed = 2531465778
maxLevel = 2
s[16] is replaced by n251 with estimated error 0.418808
error = 0.418808
area = 357
delay = 16
#gates = 157
output circuit appNtk-level-2/rca32_90_0.418808_357_16.blif
Abc_NtkLogicToNetlist() warning: The network is converted to have simple COs.
time = 1588197837 us
--------------- round 91 ---------------
seed = 2531465778
maxLevel = 2
n122 is replaced by one with estimated error 0.418808
error = 0.418808
area = 355
delay = 16
#gates = 156
output circuit appNtk-level-2/rca32_91_0.418808_355_16.blif
Abc_NtkLogicToNetlist() warning: The network is converted to have simple COs.
time = 1596625661 us
--------------- round 92 ---------------
seed = 2531465778
maxLevel = 2
n229 is replaced by one with estimated error 0.418808
error = 0.418808
area = 353
delay = 16
#gates = 155
output circuit appNtk-level-2/rca32_92_0.418808_353_16.blif
Abc_NtkLogicToNetlist() warning: The network is converted to have simple COs.
time = 1605784013 us
--------------- round 93 ---------------
seed = 2531465778
maxLevel = 2
n247 is replaced by zero with estimated error 0.42771
error = 0.42771
area = 350
delay = 16
#gates = 154
output circuit appNtk-level-2/rca32_93_0.42771_350_16.blif
Abc_NtkLogicToNetlist() warning: The network is converted to have simple COs.
time = 1614938259 us
--------------- round 94 ---------------
seed = 2531465778
maxLevel = 2
n356 is replaced by zero with estimated error 0.42771
error = 0.42771
area = 345
delay = 16
#gates = 152
output circuit appNtk-level-2/rca32_94_0.42771_345_16.blif
Abc_NtkLogicToNetlist() warning: The network is converted to have simple COs.
time = 1624264833 us
--------------- round 95 ---------------
seed = 2531465778
maxLevel = 2
n282 is replaced by zero with estimated error 0.42771
error = 0.42771
area = 342
delay = 16
#gates = 151
output circuit appNtk-level-2/rca32_95_0.42771_342_16.blif
Abc_NtkLogicToNetlist() warning: The network is converted to have simple COs.
time = 1633528118 us
--------------- round 96 ---------------
seed = 2531465778
maxLevel = 2
n320 is replaced by zero with estimated error 0.42771
error = 0.42771
area = 340
delay = 16
#gates = 150
output circuit appNtk-level-2/rca32_96_0.42771_340_16.blif
Abc_NtkLogicToNetlist() warning: The network is converted to have simple COs.
time = 1641649041 us
--------------- round 97 ---------------
seed = 2531465778
maxLevel = 2
n255 is replaced by one with estimated error 0.42771
error = 0.42771
area = 338
delay = 16
#gates = 149
output circuit appNtk-level-2/rca32_97_0.42771_338_16.blif
Abc_NtkLogicToNetlist() warning: The network is converted to have simple COs.
time = 1649641777 us
--------------- round 98 ---------------
seed = 2531465778
maxLevel = 2
n283 is replaced by zero with estimated error 0.42771
error = 0.42771
area = 337
delay = 16
#gates = 148
output circuit appNtk-level-2/rca32_98_0.42771_337_16.blif
Abc_NtkLogicToNetlist() warning: The network is converted to have simple COs.
time = 1657448345 us
--------------- round 99 ---------------
seed = 2531465778
maxLevel = 2
n251 is replaced by n252 with estimated error 0.430169
error = 0.430169
area = 334
delay = 16
#gates = 146
output circuit appNtk-level-2/rca32_99_0.430169_334_16.blif
Abc_NtkLogicToNetlist() warning: The network is converted to have simple COs.
time = 1665826674 us
--------------- round 100 ---------------
seed = 2531465778
maxLevel = 2
s[17] is replaced by n270 with estimated error 0.738967
error = 0.738967
area = 327
delay = 16
#gates = 144
output circuit appNtk-level-2/rca32_100_0.738967_327_16.blif
Abc_NtkLogicToNetlist() warning: The network is converted to have simple COs.
time = 1674363303 us
--------------- round 101 ---------------
seed = 2531465778
maxLevel = 2
n252 is replaced by n237 with estimated error 0.756682
error = 0.756682
area = 325
delay = 16
#gates = 143
output circuit appNtk-level-2/rca32_101_0.756682_325_16.blif
Abc_NtkLogicToNetlist() warning: The network is converted to have simple COs.
time = 1682836729 us
--------------- round 102 ---------------
seed = 2531465778
maxLevel = 2
n269 is replaced by one with estimated error 0.821524
error = 0.821524
area = 322
delay = 16
#gates = 141
output circuit appNtk-level-2/rca32_102_0.821524_322_16.blif
Abc_NtkLogicToNetlist() warning: The network is converted to have simple COs.
time = 1691185671 us
--------------- round 103 ---------------
seed = 2531465778
maxLevel = 2
n256 is replaced by n286 with estimated error 0.821524
error = 0.821524
area = 320
delay = 16
#gates = 140
output circuit appNtk-level-2/rca32_103_0.821524_320_16.blif
Abc_NtkLogicToNetlist() warning: The network is converted to have simple COs.
time = 1699591753 us
--------------- round 104 ---------------
seed = 2531465778
maxLevel = 2
n286 is replaced by n259 with estimated error 0.896283
error = 0.896283
area = 318
delay = 16
#gates = 139
output circuit appNtk-level-2/rca32_104_0.896283_318_16.blif
Abc_NtkLogicToNetlist() warning: The network is converted to have simple COs.
time = 1707727043 us
--------------- round 105 ---------------
seed = 2531465778
maxLevel = 2
n271 is replaced by n287 with inverter with estimated error 0.957477
error = 0.957477
area = 317
delay = 16
#gates = 139
output circuit appNtk-level-2/rca32_105_0.957477_317_16.blif
Abc_NtkLogicToNetlist() warning: The network is converted to have simple COs.
time = 1715063289 us
--------------- round 106 ---------------
seed = 2531465778
maxLevel = 2
n259 is replaced by zero with estimated error 1.17281
error = 1.17281
area = 314
delay = 16
#gates = 137
output circuit appNtk-level-2/rca32_106_1.17281_314_16.blif
Abc_NtkLogicToNetlist() warning: The network is converted to have simple COs.
time = 1722380141 us
--------------- round 107 ---------------
seed = 2531465778
maxLevel = 2
n270 is replaced by one with estimated error 1.17281
error = 1.17281
area = 311
delay = 16
#gates = 136
output circuit appNtk-level-2/rca32_107_1.17281_311_16.blif
Abc_NtkLogicToNetlist() warning: The network is converted to have simple COs.
time = 1729528873 us
--------------- round 108 ---------------
seed = 2531465778
maxLevel = 2
n273 is replaced by n264 with estimated error 1.17281
error = 1.17281
area = 308
delay = 16
#gates = 135
output circuit appNtk-level-2/rca32_108_1.17281_308_16.blif
Abc_NtkLogicToNetlist() warning: The network is converted to have simple COs.
time = 1736477426 us
--------------- round 109 ---------------
seed = 2531465778
maxLevel = 2
n281 is replaced by zero with estimated error 1.17281
error = 1.17281
area = 306
delay = 16
#gates = 134
output circuit appNtk-level-2/rca32_109_1.17281_306_16.blif
Abc_NtkLogicToNetlist() warning: The network is converted to have simple COs.
time = 1743359889 us
--------------- round 110 ---------------
seed = 2531465778
maxLevel = 2
n406 is replaced by zero with estimated error 1.17281
error = 1.17281
area = 305
delay = 16
#gates = 133
output circuit appNtk-level-2/rca32_110_1.17281_305_16.blif
Abc_NtkLogicToNetlist() warning: The network is converted to have simple COs.
time = 1750160629 us
--------------- round 111 ---------------
seed = 2531465778
maxLevel = 2
n287 is replaced by one with estimated error 1.17281
error = 1.17281
area = 302
delay = 16
#gates = 132
output circuit appNtk-level-2/rca32_111_1.17281_302_16.blif
Abc_NtkLogicToNetlist() warning: The network is converted to have simple COs.
time = 1756821432 us
--------------- round 112 ---------------
seed = 2531465778
maxLevel = 2
n289 is replaced by n285 with estimated error 1.17281
error = 1.17281
area = 297
delay = 16
#gates = 130
output circuit appNtk-level-2/rca32_112_1.17281_297_16.blif
Abc_NtkLogicToNetlist() warning: The network is converted to have simple COs.
time = 1763333408 us
--------------- round 113 ---------------
seed = 2531465778
maxLevel = 2
n237 is replaced by y[15] with estimated error 1.16209
error = 1.16209
area = 295
delay = 16
#gates = 129
output circuit appNtk-level-2/rca32_113_1.16209_295_16.blif
Abc_NtkLogicToNetlist() warning: The network is converted to have simple COs.
time = 1769599471 us
--------------- round 114 ---------------
seed = 2531465778
maxLevel = 2
n267 is replaced by one with estimated error 1.48432
error = 1.48432
area = 292
delay = 16
#gates = 127
output circuit appNtk-level-2/rca32_114_1.48432_292_16.blif
Abc_NtkLogicToNetlist() warning: The network is converted to have simple COs.
time = 1776100477 us
--------------- round 115 ---------------
seed = 2531465778
maxLevel = 2
n268 is replaced by n264 with estimated error 1.48432
error = 1.48432
area = 290
delay = 16
#gates = 126
output circuit appNtk-level-2/rca32_115_1.48432_290_16.blif
Abc_NtkLogicToNetlist() warning: The network is converted to have simple COs.
time = 1782313582 us
--------------- round 116 ---------------
seed = 2531465778
maxLevel = 2
n265 is replaced by zero with estimated error 1.48432
error = 1.48432
area = 289
delay = 16
#gates = 125
output circuit appNtk-level-2/rca32_116_1.48432_289_16.blif
Abc_NtkLogicToNetlist() warning: The network is converted to have simple COs.
time = 1788418755 us
--------------- round 117 ---------------
seed = 2531465778
maxLevel = 2
n108 is replaced by x[14] with estimated error 1.48432
error = 1.48432
area = 287
delay = 16
#gates = 124
output circuit appNtk-level-2/rca32_117_1.48432_287_16.blif
Abc_NtkLogicToNetlist() warning: The network is converted to have simple COs.
time = 1794240272 us
--------------- round 118 ---------------
seed = 2531465778
maxLevel = 2
n109 is replaced by n262 with estimated error 1.48431
error = 1.48431
area = 286
delay = 16
#gates = 123
output circuit appNtk-level-2/rca32_118_1.48431_286_16.blif
Abc_NtkLogicToNetlist() warning: The network is converted to have simple COs.
time = 1800049478 us
--------------- round 119 ---------------
seed = 2531465778
maxLevel = 2
s[2] is replaced by n263 with inverter with estimated error 1.48431
error = 1.48431
area = 283
delay = 16
#gates = 123
output circuit appNtk-level-2/rca32_119_1.48431_283_16.blif
Abc_NtkLogicToNetlist() warning: The network is converted to have simple COs.
time = 1805741722 us
--------------- round 120 ---------------
seed = 2531465778
maxLevel = 2
s[11] is replaced by y[10] with estimated error 1.48431
error = 1.48431
area = 278
delay = 16
#gates = 122
output circuit appNtk-level-2/rca32_120_1.48431_278_16.blif
Abc_NtkLogicToNetlist() warning: The network is converted to have simple COs.
time = 1811308042 us
--------------- round 121 ---------------
seed = 2531465778
maxLevel = 2
n110 is replaced by n293 with estimated error 1.48431
error = 1.48431
area = 275
delay = 16
#gates = 121
output circuit appNtk-level-2/rca32_121_1.48431_275_16.blif
Abc_NtkLogicToNetlist() warning: The network is converted to have simple COs.
time = 1816674860 us
--------------- round 122 ---------------
seed = 2531465778
maxLevel = 2
n123 is replaced by n302 with estimated error 1.48431
error = 1.48431
area = 273
delay = 16
#gates = 120
output circuit appNtk-level-2/rca32_122_1.48431_273_16.blif
Abc_NtkLogicToNetlist() warning: The network is converted to have simple COs.
time = 1821994342 us
--------------- round 123 ---------------
seed = 2531465778
maxLevel = 2
s[3] is replaced by n342 with estimated error 1.48431
error = 1.48431
area = 268
delay = 16
#gates = 119
output circuit appNtk-level-2/rca32_123_1.48431_268_16.blif
Abc_NtkLogicToNetlist() warning: The network is converted to have simple COs.
time = 1827302064 us
--------------- round 124 ---------------
seed = 2531465778
maxLevel = 2
exceed error bound
