abc command read data/library/mcnc.genlib
Entered genlib library with 23 gates from file "data/library/mcnc.genlib".
abc command read_blif data/su/mtp8.blif
Line 7: Skipping line ".default_input_arrival 0.00 0.00 ".
Line 8: Skipping line ".default_output_required 0.00 0.00 ".
Line 9: Skipping line ".default_input_drive 0.10 0.10 ".
Line 10: Skipping line ".default_output_load 2.00 ".
Line 11: Skipping line ".default_max_input_load 999.00 ".
abc command print_stats
[1;37mmtp8                          :[0m i/o =   16/   16  lat =    0  nd =   430  edge =   1037  area =1069.00  delay =37.80  lev = 32
--------------- round 1 ---------------
seed = 4089817757
[166469] is replaced by [166345] with estimated error 0
error = 0
area = 1065
delay = 37.8
#gates = 430
output circuit appNtk/mtp8_1_0_1065_37.8.blif
time = 40343528 us
--------------- round 2 ---------------
seed = 3173540752
[167126] is replaced by [167814] with estimated error 0
error = 0
area = 1061
delay = 37.8
#gates = 429
output circuit appNtk/mtp8_2_0_1061_37.8.blif
time = 80362184 us
--------------- round 3 ---------------
seed = 4283585002
[166351] is replaced by y[0] with estimated error 0
error = 0
area = 1057
delay = 37.8
#gates = 428
output circuit appNtk/mtp8_3_0_1057_37.8.blif
time = 120171011 us
--------------- round 4 ---------------
seed = 2479232343
[164857] is replaced by [167660] with estimated error 0
error = 0
area = 1054
delay = 37.8
#gates = 427
output circuit appNtk/mtp8_4_0_1054_37.8.blif
time = 159607527 us
--------------- round 5 ---------------
seed = 2481398989
[168101] is replaced by [166441] with estimated error 0
error = 0
area = 1052
delay = 37.8
#gates = 426
output circuit appNtk/mtp8_5_0_1052_37.8.blif
time = 199160690 us
--------------- round 6 ---------------
seed = 1555693565
[166406] is replaced by n556 with inverter with estimated error 0
error = 0
area = 1050
delay = 37.8
#gates = 426
output circuit appNtk/mtp8_6_0_1050_37.8.blif
time = 238352194 us
--------------- round 7 ---------------
seed = 2081928799
[166399] is replaced by [167340] with estimated error 0
error = 0
area = 1048
delay = 37.8
#gates = 425
output circuit appNtk/mtp8_7_0_1048_37.8.blif
time = 277411063 us
--------------- round 8 ---------------
seed = 550014790
[166909] is replaced by [166358] with estimated error 0
error = 0
area = 1047
delay = 37.8
#gates = 424
output circuit appNtk/mtp8_8_0_1047_37.8.blif
time = 316361747 us
--------------- round 9 ---------------
seed = 1500723395
[167001] is replaced by [166559] with estimated error 0
error = 0
area = 1046
delay = 37.8
#gates = 423
output circuit appNtk/mtp8_9_0_1046_37.8.blif
time = 355173515 us
--------------- round 10 ---------------
seed = 1069212123
[166558] is replaced by [166559] with estimated error 0
error = 0
area = 1045
delay = 37.4
#gates = 422
output circuit appNtk/mtp8_10_0_1045_37.4.blif
time = 393902343 us
--------------- round 11 ---------------
seed = 135462544
n32 is replaced by [166412] with estimated error 0
error = 0
area = 1040
delay = 37.4
#gates = 420
output circuit appNtk/mtp8_11_0_1040_37.4.blif
time = 432513166 us
--------------- round 12 ---------------
seed = 977432731
[167033] is replaced by [167132] with estimated error 0
error = 0
area = 1039
delay = 37.4
#gates = 419
output circuit appNtk/mtp8_12_0_1039_37.4.blif
time = 470910423 us
--------------- round 13 ---------------
seed = 2117104424
[166359] is replaced by [167132] with estimated error 1.5151
error = 1.5328
area = 1035
delay = 37.4
#gates = 417
output circuit appNtk/mtp8_13_1.5328_1035_37.4.blif
time = 509639698 us
--------------- round 14 ---------------
seed = 4280304464
[166350] is replaced by y[1] with estimated error 2.08631
error = 2.09702
area = 1031
delay = 37.4
#gates = 416
output circuit appNtk/mtp8_14_2.09702_1031_37.4.blif
time = 547751582 us
--------------- round 15 ---------------
seed = 219199253
result[2] is replaced by [166355] with inverter with estimated error 2.67579
error = 2.66685
area = 1027
delay = 37.4
#gates = 415
output circuit appNtk/mtp8_15_2.66685_1027_37.4.blif
time = 585907525 us
--------------- round 16 ---------------
seed = 3180757993
[166348] is replaced by [167814] with estimated error 2.77037
error = 2.75367
area = 1021
delay = 37.4
#gates = 413
output circuit appNtk/mtp8_16_2.75367_1021_37.4.blif
time = 623996132 us
--------------- round 17 ---------------
seed = 679893076
[166357] is replaced by y[2] with estimated error 3.05644
error = 3.0627
area = 1017
delay = 37.4
#gates = 412
output circuit appNtk/mtp8_17_3.0627_1017_37.4.blif
time = 661656127 us
--------------- round 18 ---------------
seed = 2655157538
[166902] is replaced by [166345] with estimated error 3.05644
error = 3.04161
area = 1016
delay = 37.4
#gates = 411
output circuit appNtk/mtp8_18_3.04161_1016_37.4.blif
time = 699068571 us
--------------- round 19 ---------------
seed = 3196468975
[166906] is replaced by [166343] with estimated error 2.77302
error = 2.76411
area = 1015
delay = 37.4
#gates = 410
output circuit appNtk/mtp8_19_2.76411_1015_37.4.blif
time = 736183088 us
--------------- round 20 ---------------
seed = 118664618
n466 is replaced by [167132] with estimated error 3.05507
error = 3.06523
area = 1014
delay = 37.4
#gates = 409
output circuit appNtk/mtp8_20_3.06523_1014_37.4.blif
time = 773474333 us
--------------- round 21 ---------------
seed = 2616697180
[166355] is replaced by [166345] with estimated error 3.05672
error = 3.05458
area = 1012
delay = 37.4
#gates = 408
output circuit appNtk/mtp8_21_3.05458_1012_37.4.blif
time = 810348791 us
--------------- round 22 ---------------
seed = 3670563704
result[0] is replaced by zero with estimated error 3.05754
error = 3.04901
area = 1010
delay = 37.4
#gates = 407
output circuit appNtk/mtp8_22_3.04901_1010_37.4.blif
time = 847249393 us
--------------- round 23 ---------------
seed = 3055784917
[166360] is replaced by one with estimated error 3.05754
error = 3.04428
area = 1008
delay = 37.4
#gates = 406
output circuit appNtk/mtp8_23_3.04428_1008_37.4.blif
time = 883908236 us
--------------- round 24 ---------------
seed = 596025570
[167132] is replaced by [166349] with inverter with estimated error 2.95799
error = 2.9688
area = 1004
delay = 37.4
#gates = 405
output circuit appNtk/mtp8_24_2.9688_1004_37.4.blif
time = 920414900 us
--------------- round 25 ---------------
seed = 1720684337
[166352] is replaced by one with estimated error 2.95528
error = 2.96736
area = 1000
delay = 37.4
#gates = 404
output circuit appNtk/mtp8_25_2.96736_1000_37.4.blif
time = 956548299 us
--------------- round 26 ---------------
seed = 2061177017
exceed error bound
