abc command read data/library/mcnc.genlib
Entered genlib library with 23 gates from file "data/library/mcnc.genlib".
abc command read_blif data/su/wal8.blif
Line 9: Skipping line ".default_input_arrival 0.00 0.00 ".
Line 10: Skipping line ".default_output_required 0.00 0.00 ".
Line 11: Skipping line ".default_input_drive 0.10 0.10 ".
Line 12: Skipping line ".default_output_load 2.00 ".
Line 13: Skipping line ".default_max_input_load 999.00 ".
abc command print_stats
[1;37mwal8                          :[0m i/o =   16/   16  lat =    0  nd =   490  edge =   1058  area =1081.00  delay =45.30  lev = 36
--------------- round 1 ---------------
seed = 4227016178
[174797] is replaced by [176053] with estimated error 0
error = 0
area = 1078
delay = 44.7
#gates = 491
output circuit appNtk/wal8_1_0_1078_44.7.blif
time = 54674902 us
--------------- round 2 ---------------
seed = 1577103028
[175875] is replaced by [176013] with estimated error 0
error = 0
area = 1075
delay = 44.1
#gates = 490
output circuit appNtk/wal8_2_0_1075_44.1.blif
time = 109054357 us
--------------- round 3 ---------------
seed = 564068859
[174713] is replaced by [174337] with estimated error 0
error = 0
area = 1073
delay = 43.1
#gates = 489
output circuit appNtk/wal8_3_0_1073_43.1.blif
time = 162268757 us
--------------- round 4 ---------------
seed = 3377535735
[174867] is replaced by [175015] with estimated error 0
error = 0
area = 1071
delay = 43.1
#gates = 488
output circuit appNtk/wal8_4_0_1071_43.1.blif
time = 216859536 us
--------------- round 5 ---------------
seed = 4130082601
[174864] is replaced by [175953] with estimated error 0
error = 0
area = 1069
delay = 43.1
#gates = 487
output circuit appNtk/wal8_5_0_1069_43.1.blif
time = 272520828 us
--------------- round 6 ---------------
seed = 1267994131
[175604] is replaced by [176023] with estimated error 0
error = 0
area = 1067
delay = 43.1
#gates = 486
output circuit appNtk/wal8_6_0_1067_43.1.blif
time = 323459388 us
--------------- round 7 ---------------
seed = 100137599
[176137] is replaced by [175759] with estimated error 0
error = 0
area = 1065
delay = 43.1
#gates = 485
output circuit appNtk/wal8_7_0_1065_43.1.blif
time = 372816729 us
--------------- round 8 ---------------
seed = 760389227
[174151] is replaced by n312 with inverter with estimated error 0
error = 0
area = 1063
delay = 43.1
#gates = 485
output circuit appNtk/wal8_8_0_1063_43.1.blif
time = 423290199 us
--------------- round 9 ---------------
seed = 1320173090
[174261] is replaced by [175768] with estimated error 0
error = 0
area = 1061
delay = 43.1
#gates = 484
output circuit appNtk/wal8_9_0_1061_43.1.blif
time = 474423499 us
--------------- round 10 ---------------
seed = 1310169745
[174846] is replaced by [175969] with estimated error 0
error = 0
area = 1059
delay = 43.1
#gates = 483
output circuit appNtk/wal8_10_0_1059_43.1.blif
time = 523267608 us
--------------- round 11 ---------------
seed = 2163133628
n108 is replaced by [174200] with inverter with estimated error 0
error = 0
area = 1057
delay = 43.1
#gates = 482
output circuit appNtk/wal8_11_0_1057_43.1.blif
time = 571851560 us
--------------- round 12 ---------------
seed = 3224972841
[174314] is replaced by n382 with inverter with estimated error 0
error = 0
area = 1055
delay = 43.1
#gates = 482
output circuit appNtk/wal8_12_0_1055_43.1.blif
time = 620428860 us
--------------- round 13 ---------------
seed = 3924516290
n109 is replaced by [174183] with inverter with estimated error 0
error = 0
area = 1053
delay = 43.1
#gates = 481
output circuit appNtk/wal8_13_0_1053_43.1.blif
time = 669745496 us
--------------- round 14 ---------------
seed = 814792315
[174657] is replaced by [174226] with estimated error 0
error = 0
area = 1052
delay = 43.1
#gates = 480
output circuit appNtk/wal8_14_0_1052_43.1.blif
time = 719549507 us
--------------- round 15 ---------------
seed = 475123144
[174710] is replaced by [174339] with estimated error 0
error = 0
area = 1051
delay = 43.1
#gates = 479
output circuit appNtk/wal8_15_0_1051_43.1.blif
time = 768174674 us
--------------- round 16 ---------------
seed = 1208940696
[174125] is replaced by [174615] with estimated error 1.51113
error = 1.51296
area = 1045
delay = 43.1
#gates = 476
output circuit appNtk/wal8_16_1.51296_1045_43.1.blif
time = 817061534 us
--------------- round 17 ---------------
seed = 2409864735
[174195] is replaced by one with estimated error 1.85733
error = 1.81741
area = 1042
delay = 42.6
#gates = 474
output circuit appNtk/wal8_17_1.81741_1042_42.6.blif
time = 867897013 us
--------------- round 18 ---------------
seed = 2625204591
[174120] is replaced by product[1] with estimated error 2.85472
error = 2.8527
area = 1025
delay = 42.6
#gates = 466
output circuit appNtk/wal8_18_2.8527_1025_42.6.blif
time = 915993229 us
--------------- round 19 ---------------
seed = 2479780718
[174109] is replaced by zero with estimated error 2.94449
error = 2.9532
area = 1024
delay = 42.6
#gates = 465
output circuit appNtk/wal8_19_2.9532_1024_42.6.blif
time = 963953006 us
--------------- round 20 ---------------
seed = 3705110360
[174108] is replaced by one with estimated error 3.09267
error = 3.094
area = 1023
delay = 42.6
#gates = 464
output circuit appNtk/wal8_20_3.094_1023_42.6.blif
time = 1012502207 us
--------------- round 21 ---------------
seed = 101612560
product[5] is replaced by [176165] with inverter with estimated error 4.76109
error = 4.73262
area = 1013
delay = 42.6
#gates = 460
output circuit appNtk/wal8_21_4.73262_1013_42.6.blif
time = 1058450031 us
--------------- round 22 ---------------
seed = 3174671049
[176247] is replaced by multiplicand[0] with inverter with estimated error 4.8827
error = 4.86371
area = 1012
delay = 42.6
#gates = 460
output circuit appNtk/wal8_22_4.86371_1012_42.6.blif
time = 1103258848 us
--------------- round 23 ---------------
seed = 891289593
product[1] is replaced by [175250] with estimated error 5.56313
error = 5.54224
area = 1006
delay = 42.6
#gates = 457
output circuit appNtk/wal8_23_5.54224_1006_42.6.blif
time = 1149093262 us
--------------- round 24 ---------------
seed = 25549816
[174880] is replaced by [174121] with estimated error 5.56313
error = 5.57797
area = 1005
delay = 42.6
#gates = 456
output circuit appNtk/wal8_24_5.57797_1005_42.6.blif
time = 1195811530 us
--------------- round 25 ---------------
seed = 2289327025
[174197] is replaced by n525 with estimated error 5.63195
error = 5.64094
area = 1003
delay = 42.6
#gates = 455
output circuit appNtk/wal8_25_5.64094_1003_42.6.blif
time = 1242167624 us
--------------- round 26 ---------------
seed = 2099710746
product[0] is replaced by zero with estimated error 5.63195
error = 5.59767
area = 1001
delay = 42.6
#gates = 454
output circuit appNtk/wal8_26_5.59767_1001_42.6.blif
time = 1286992799 us
--------------- round 27 ---------------
seed = 1946931242
[174761] is replaced by n312 with estimated error 5.63195
error = 5.61543
area = 999
delay = 42.6
#gates = 453
output circuit appNtk/wal8_27_5.61543_999_42.6.blif
time = 1336703795 us
--------------- round 28 ---------------
seed = 1636355554
[176241] is replaced by [175043] with estimated error 5.9447
error = 5.89053
area = 997
delay = 42.6
#gates = 452
output circuit appNtk/wal8_28_5.89053_997_42.6.blif
time = 1387210757 us
--------------- round 29 ---------------
seed = 2026351591
product[3] is replaced by [176233] with inverter with estimated error 6.59501
error = 6.64565
area = 993
delay = 42.6
#gates = 451
output circuit appNtk/wal8_29_6.64565_993_42.6.blif
time = 1437384708 us
--------------- round 30 ---------------
seed = 3074298893
product[2] is replaced by multiplicand[0] with estimated error 6.59501
error = 6.62069
area = 989
delay = 42.6
#gates = 449
output circuit appNtk/wal8_30_6.62069_989_42.6.blif
Abc_NtkLogicToNetlist() warning: The network is converted to have simple COs.
time = 1487187021 us
--------------- round 31 ---------------
seed = 4032043151
[174733] is replaced by [174884] with estimated error 6.63944
error = 6.66659
area = 988
delay = 42.6
#gates = 448
output circuit appNtk/wal8_31_6.66659_988_42.6.blif
Abc_NtkLogicToNetlist() warning: The network is converted to have simple COs.
time = 1534066317 us
--------------- round 32 ---------------
seed = 3136205043
[175250] is replaced by [175296] with estimated error 6.79747
error = 6.78306
area = 987
delay = 42.6
#gates = 447
output circuit appNtk/wal8_32_6.78306_987_42.6.blif
Abc_NtkLogicToNetlist() warning: The network is converted to have simple COs.
time = 1580540849 us
--------------- round 33 ---------------
seed = 3930462126
product[4] is replaced by [174148] with estimated error 9.6751
error = 9.63069
area = 970
delay = 42.6
#gates = 440
output circuit appNtk/wal8_33_9.63069_970_42.6.blif
Abc_NtkLogicToNetlist() warning: The network is converted to have simple COs.
time = 1632586178 us
--------------- round 34 ---------------
seed = 201348307
[176233] is replaced by [174884] with estimated error 9.6925
error = 9.64596
area = 963
delay = 42.6
#gates = 437
output circuit appNtk/wal8_34_9.64596_963_42.6.blif
Abc_NtkLogicToNetlist() warning: The network is converted to have simple COs.
time = 1683847572 us
--------------- round 35 ---------------
seed = 2169713823
[174884] is replaced by [175043] with estimated error 10.5705
error = 10.5586
area = 959
delay = 42.6
#gates = 435
output circuit appNtk/wal8_35_10.5586_959_42.6.blif
Abc_NtkLogicToNetlist() warning: The network is converted to have simple COs.
time = 1732770341 us
--------------- round 36 ---------------
seed = 2400251608
[175245] is replaced by [175664] with estimated error 10.5967
error = 10.5156
area = 958
delay = 42.6
#gates = 434
output circuit appNtk/wal8_36_10.5156_958_42.6.blif
Abc_NtkLogicToNetlist() warning: The network is converted to have simple COs.
time = 1784030551 us
--------------- round 37 ---------------
seed = 1576119210
[174140] is replaced by [174113] with inverter with estimated error 11.4662
error = 11.5089
area = 952
delay = 42.6
#gates = 432
output circuit appNtk/wal8_37_11.5089_952_42.6.blif
Abc_NtkLogicToNetlist() warning: The network is converted to have simple COs.
time = 1834135920 us
--------------- round 38 ---------------
seed = 2882891841
[174124] is replaced by one with estimated error 10.3366
error = 10.2738
area = 950
delay = 42.6
#gates = 431
output circuit appNtk/wal8_38_10.2738_950_42.6.blif
Abc_NtkLogicToNetlist() warning: The network is converted to have simple COs.
time = 1880207303 us
--------------- round 39 ---------------
seed = 2222775447
[174111] is replaced by [174137] with estimated error 10.1678
error = 10.1258
area = 948
delay = 42.6
#gates = 430
output circuit appNtk/wal8_39_10.1258_948_42.6.blif
Abc_NtkLogicToNetlist() warning: The network is converted to have simple COs.
time = 1926126960 us
--------------- round 40 ---------------
seed = 3634016137
[175057] is replaced by [174113] with estimated error 10.1678
error = 10.1541
area = 947
delay = 42.6
#gates = 429
output circuit appNtk/wal8_40_10.1541_947_42.6.blif
Abc_NtkLogicToNetlist() warning: The network is converted to have simple COs.
time = 1972776568 us
--------------- round 41 ---------------
seed = 2692505807
product[6] is replaced by [174194] with estimated error 10.5674
error = 10.58
area = 937
delay = 42.6
#gates = 425
output circuit appNtk/wal8_41_10.58_937_42.6.blif
Abc_NtkLogicToNetlist() warning: The network is converted to have simple COs.
time = 2022653970 us
--------------- round 42 ---------------
seed = 1239023649
[174198] is replaced by [174777] with estimated error 10.1579
error = 10.064
area = 935
delay = 42.6
#gates = 424
output circuit appNtk/wal8_42_10.064_935_42.6.blif
Abc_NtkLogicToNetlist() warning: The network is converted to have simple COs.
time = 2069291645 us
--------------- round 43 ---------------
seed = 1995150296
n531 is replaced by [174130] with estimated error 10.1579
error = 10.0172
area = 934
delay = 42.6
#gates = 423
output circuit appNtk/wal8_43_10.0172_934_42.6.blif
Abc_NtkLogicToNetlist() warning: The network is converted to have simple COs.
time = 2109652988 us
--------------- round 44 ---------------
seed = 1096626666
[174130] is replaced by multiplier[1] with estimated error 10.1992
error = 10.2001
area = 926
delay = 42.6
#gates = 420
output circuit appNtk/wal8_44_10.2001_926_42.6.blif
Abc_NtkLogicToNetlist() warning: The network is converted to have simple COs.
time = 2148904598 us
--------------- round 45 ---------------
seed = 2648250816
[176217] is replaced by [175261] with estimated error 10.3467
error = 10.2769
area = 924
delay = 42.6
#gates = 419
output circuit appNtk/wal8_45_10.2769_924_42.6.blif
Abc_NtkLogicToNetlist() warning: The network is converted to have simple COs.
time = 2190918425 us
--------------- round 46 ---------------
seed = 724727324
[176165] is replaced by [176169] with estimated error 11.3652
error = 11.2903
area = 906
delay = 42.6
#gates = 410
output circuit appNtk/wal8_46_11.2903_906_42.6.blif
Abc_NtkLogicToNetlist() warning: The network is converted to have simple COs.
time = 2230882721 us
--------------- round 47 ---------------
seed = 3637907440
[175466] is replaced by [175664] with estimated error 11.8496
error = 11.7389
area = 905
delay = 42.6
#gates = 409
output circuit appNtk/wal8_47_11.7389_905_42.6.blif
Abc_NtkLogicToNetlist() warning: The network is converted to have simple COs.
time = 2271500764 us
--------------- round 48 ---------------
seed = 1436358081
[174654] is replaced by zero with estimated error 12.3984
error = 12.4385
area = 904
delay = 42.6
#gates = 408
output circuit appNtk/wal8_48_12.4385_904_42.6.blif
Abc_NtkLogicToNetlist() warning: The network is converted to have simple COs.
time = 2310672554 us
--------------- round 49 ---------------
seed = 3892597477
[174160] is replaced by [174185] with estimated error 15.7949
error = 15.7354
area = 899
delay = 42.6
#gates = 406
output circuit appNtk/wal8_49_15.7354_899_42.6.blif
Abc_NtkLogicToNetlist() warning: The network is converted to have simple COs.
time = 2349510646 us
--------------- round 50 ---------------
seed = 1100786679
[175472] is replaced by [175945] with estimated error 16.0051
error = 15.9763
area = 898
delay = 42.6
#gates = 405
output circuit appNtk/wal8_50_15.9763_898_42.6.blif
Abc_NtkLogicToNetlist() warning: The network is converted to have simple COs.
time = 2385929700 us
--------------- round 51 ---------------
seed = 3532953313
n529 is replaced by [174169] with estimated error 16.5968
error = 16.665
area = 895
delay = 42.6
#gates = 403
output circuit appNtk/wal8_51_16.665_895_42.6.blif
Abc_NtkLogicToNetlist() warning: The network is converted to have simple COs.
time = 2422027698 us
--------------- round 52 ---------------
seed = 2746284401
[174146] is replaced by [174114] with inverter with estimated error 19.4822
error = 19.4836
area = 881
delay = 42.6
#gates = 397
output circuit appNtk/wal8_52_19.4836_881_42.6.blif
Abc_NtkLogicToNetlist() warning: The network is converted to have simple COs.
time = 2457827566 us
--------------- round 53 ---------------
seed = 3964296879
[175076] is replaced by n413 with estimated error 19.9041
error = 19.9215
area = 880
delay = 41.7
#gates = 396
output circuit appNtk/wal8_53_19.9215_880_41.7.blif
Abc_NtkLogicToNetlist() warning: The network is converted to have simple COs.
time = 2493495236 us
--------------- round 54 ---------------
seed = 3392519899
[174138] is replaced by [174187] with estimated error 20.8196
error = 20.7966
area = 878
delay = 41.7
#gates = 395
output circuit appNtk/wal8_54_20.7966_878_41.7.blif
Abc_NtkLogicToNetlist() warning: The network is converted to have simple COs.
time = 2528220333 us
--------------- round 55 ---------------
seed = 3001736611
[174152] is replaced by one with estimated error 21.3824
error = 21.5431
area = 876
delay = 41.7
#gates = 394
output circuit appNtk/wal8_55_21.5431_876_41.7.blif
Abc_NtkLogicToNetlist() warning: The network is converted to have simple COs.
time = 2575787885 us
--------------- round 56 ---------------
seed = 3793784173
[174139] is replaced by [174188] with estimated error 21.8123
error = 21.9651
area = 868
delay = 41.7
#gates = 390
output circuit appNtk/wal8_56_21.9651_868_41.7.blif
Abc_NtkLogicToNetlist() warning: The network is converted to have simple COs.
time = 2621146405 us
--------------- round 57 ---------------
seed = 4290973353
[174147] is replaced by [175945] with estimated error 23.5379
error = 23.3901
area = 863
delay = 41.7
#gates = 388
output circuit appNtk/wal8_57_23.3901_863_41.7.blif
Abc_NtkLogicToNetlist() warning: The network is converted to have simple COs.
time = 2653572224 us
--------------- round 58 ---------------
seed = 407333188
[174113] is replaced by [174154] with estimated error 24.3004
error = 24.2436
area = 861
delay = 41.7
#gates = 387
output circuit appNtk/wal8_58_24.2436_861_41.7.blif
Abc_NtkLogicToNetlist() warning: The network is converted to have simple COs.
time = 2685306156 us
--------------- round 59 ---------------
seed = 2186063412
n533 is replaced by zero with estimated error 24.6776
error = 24.7236
area = 860
delay = 41.7
#gates = 386
output circuit appNtk/wal8_59_24.7236_860_41.7.blif
Abc_NtkLogicToNetlist() warning: The network is converted to have simple COs.
time = 2717527012 us
--------------- round 60 ---------------
seed = 1606495906
[174799] is replaced by [174274] with estimated error 25.7054
error = 25.5673
area = 858
delay = 41.7
#gates = 385
output circuit appNtk/wal8_60_25.5673_858_41.7.blif
Abc_NtkLogicToNetlist() warning: The network is converted to have simple COs.
time = 2749101326 us
--------------- round 61 ---------------
seed = 339478020
[174892] is replaced by zero with estimated error 26.2364
error = 26.0661
area = 857
delay = 41.7
#gates = 384
output circuit appNtk/wal8_61_26.0661_857_41.7.blif
Abc_NtkLogicToNetlist() warning: The network is converted to have simple COs.
time = 2780751519 us
--------------- round 62 ---------------
seed = 4172330359
[174888] is replaced by [175670] with estimated error 26.2364
error = 26.135
area = 856
delay = 41.7
#gates = 383
output circuit appNtk/wal8_62_26.135_856_41.7.blif
Abc_NtkLogicToNetlist() warning: The network is converted to have simple COs.
time = 2812240122 us
--------------- round 63 ---------------
seed = 2714071470
[174167] is replaced by [174165] with estimated error 30.2015
error = 30.105
area = 852
delay = 40.9
#gates = 382
output circuit appNtk/wal8_63_30.105_852_40.9.blif
Abc_NtkLogicToNetlist() warning: The network is converted to have simple COs.
time = 2843250428 us
--------------- round 64 ---------------
seed = 3125254024
[175061] is replaced by one with estimated error 30.2015
error = 30.3359
area = 851
delay = 40.9
#gates = 381
output circuit appNtk/wal8_64_30.3359_851_40.9.blif
Abc_NtkLogicToNetlist() warning: The network is converted to have simple COs.
time = 2874264020 us
--------------- round 65 ---------------
seed = 2746038474
[174148] is replaced by [176141] with estimated error 30.2773
error = 30.2433
area = 847
delay = 40.9
#gates = 380
output circuit appNtk/wal8_65_30.2433_847_40.9.blif
Abc_NtkLogicToNetlist() warning: The network is converted to have simple COs.
time = 2905217571 us
--------------- round 66 ---------------
seed = 3631184204
[174166] is replaced by [172900] with estimated error 31.1427
error = 31.151
area = 842
delay = 40.9
#gates = 378
output circuit appNtk/wal8_66_31.151_842_40.9.blif
Abc_NtkLogicToNetlist() warning: The network is converted to have simple COs.
time = 2935925115 us
--------------- round 67 ---------------
seed = 3515130126
[175291] is replaced by [175559] with estimated error 32.1021
error = 31.976
area = 841
delay = 40.9
#gates = 377
output circuit appNtk/wal8_67_31.976_841_40.9.blif
Abc_NtkLogicToNetlist() warning: The network is converted to have simple COs.
time = 2966081151 us
--------------- round 68 ---------------
seed = 815486297
[175269] is replaced by [175622] with estimated error 32.1021
error = 32.0534
area = 840
delay = 40.9
#gates = 376
output circuit appNtk/wal8_68_32.0534_840_40.9.blif
Abc_NtkLogicToNetlist() warning: The network is converted to have simple COs.
time = 2996293915 us
--------------- round 69 ---------------
seed = 430937686
[174849] is replaced by [174333] with estimated error 34.1021
error = 34.561
area = 838
delay = 40.9
#gates = 375
output circuit appNtk/wal8_69_34.561_838_40.9.blif
Abc_NtkLogicToNetlist() warning: The network is converted to have simple COs.
time = 3026198635 us
--------------- round 70 ---------------
seed = 1243200193
[175723] is replaced by n528 with estimated error 35.1119
error = 35.5738
area = 837
delay = 40.9
#gates = 374
output circuit appNtk/wal8_70_35.5738_837_40.9.blif
Abc_NtkLogicToNetlist() warning: The network is converted to have simple COs.
time = 3056096416 us
--------------- round 71 ---------------
seed = 3164272217
[174769] is replaced by [174921] with estimated error 36.2107
error = 35.498
area = 836
delay = 39.7
#gates = 373
output circuit appNtk/wal8_71_35.498_836_39.7.blif
Abc_NtkLogicToNetlist() warning: The network is converted to have simple COs.
time = 3086004058 us
--------------- round 72 ---------------
seed = 1190578226
n138 is replaced by n141 with inverter with estimated error 38.5011
error = 38.4071
area = 834
delay = 39.7
#gates = 373
output circuit appNtk/wal8_72_38.4071_834_39.7.blif
Abc_NtkLogicToNetlist() warning: The network is converted to have simple COs.
time = 3115719658 us
--------------- round 73 ---------------
seed = 1792919281
[174161] is replaced by one with estimated error 39.7589
error = 39.7215
area = 832
delay = 39.7
#gates = 372
output circuit appNtk/wal8_73_39.7215_832_39.7.blif
Abc_NtkLogicToNetlist() warning: The network is converted to have simple COs.
time = 3145553857 us
--------------- round 74 ---------------
seed = 2792765084
[175664] is replaced by [175559] with estimated error 40.262
error = 39.4419
area = 831
delay = 39.7
#gates = 371
output circuit appNtk/wal8_74_39.4419_831_39.7.blif
Abc_NtkLogicToNetlist() warning: The network is converted to have simple COs.
time = 3174886278 us
--------------- round 75 ---------------
seed = 93279640
[176141] is replaced by [175670] with estimated error 42.2946
error = 43.9419
area = 829
delay = 39.7
#gates = 370
output circuit appNtk/wal8_75_43.9419_829_39.7.blif
Abc_NtkLogicToNetlist() warning: The network is converted to have simple COs.
time = 3204132180 us
--------------- round 76 ---------------
seed = 1867627990
[174176] is replaced by zero with estimated error 48.9363
error = 50.0341
area = 823
delay = 39.7
#gates = 367
output circuit appNtk/wal8_76_50.0341_823_39.7.blif
Abc_NtkLogicToNetlist() warning: The network is converted to have simple COs.
time = 3233316271 us
--------------- round 77 ---------------
seed = 3151185292
[174786] is replaced by [174942] with estimated error 48.9363
error = 48.5537
area = 822
delay = 39.7
#gates = 366
output circuit appNtk/wal8_77_48.5537_822_39.7.blif
Abc_NtkLogicToNetlist() warning: The network is converted to have simple COs.
time = 3261788917 us
--------------- round 78 ---------------
seed = 1328567713
[174901] is replaced by zero with estimated error 48.9363
error = 49.3318
area = 821
delay = 39.7
#gates = 365
output circuit appNtk/wal8_78_49.3318_821_39.7.blif
Abc_NtkLogicToNetlist() warning: The network is converted to have simple COs.
time = 3290119889 us
--------------- round 79 ---------------
seed = 1311128680
[174927] is replaced by zero with estimated error 48.9363
error = 48.8876
area = 820
delay = 39.7
#gates = 364
output circuit appNtk/wal8_79_48.8876_820_39.7.blif
Abc_NtkLogicToNetlist() warning: The network is converted to have simple COs.
time = 3318252487 us
--------------- round 80 ---------------
seed = 1159712670
[172900] is replaced by [174203] with inverter with estimated error 48.9363
error = 49.4003
area = 819
delay = 39.7
#gates = 364
output circuit appNtk/wal8_80_49.4003_819_39.7.blif
Abc_NtkLogicToNetlist() warning: The network is converted to have simple COs.
time = 3346313581 us
--------------- round 81 ---------------
seed = 1806350063
[174159] is replaced by multiplicand[0] with estimated error 50.3527
error = 51.0216
area = 808
delay = 39.7
#gates = 360
output circuit appNtk/wal8_81_51.0216_808_39.7.blif
Abc_NtkLogicToNetlist() warning: The network is converted to have simple COs.
time = 3374394846 us
--------------- round 82 ---------------
seed = 2722525796
[175296] is replaced by multiplier[3] with estimated error 50.4496
error = 51.6916
area = 805
delay = 39.7
#gates = 358
output circuit appNtk/wal8_82_51.6916_805_39.7.blif
Abc_NtkLogicToNetlist() warning: The network is converted to have simple COs.
time = 3401780871 us
--------------- round 83 ---------------
seed = 2102004652
[174165] is replaced by multiplier[0] with estimated error 53.0803
error = 53.4417
area = 799
delay = 39.7
#gates = 356
output circuit appNtk/wal8_83_53.4417_799_39.7.blif
Abc_NtkLogicToNetlist() warning: The network is converted to have simple COs.
time = 3428943367 us
--------------- round 84 ---------------
seed = 585789674
[175945] is replaced by one with estimated error 55.1084
error = 56.2334
area = 794
delay = 39.7
#gates = 353
output circuit appNtk/wal8_84_56.2334_794_39.7.blif
Abc_NtkLogicToNetlist() warning: The network is converted to have simple COs.
time = 3455807751 us
--------------- round 85 ---------------
seed = 3285843385
[176155] is replaced by one with estimated error 55.1084
error = 57.3228
area = 792
delay = 39.7
#gates = 352
output circuit appNtk/wal8_85_57.3228_792_39.7.blif
Abc_NtkLogicToNetlist() warning: The network is converted to have simple COs.
time = 3481989630 us
--------------- round 86 ---------------
seed = 2512645878
[175084] is replaced by zero with estimated error 55.1084
error = 56.5578
area = 791
delay = 39.7
#gates = 351
output circuit appNtk/wal8_86_56.5578_791_39.7.blif
Abc_NtkLogicToNetlist() warning: The network is converted to have simple COs.
time = 3508254036 us
--------------- round 87 ---------------
seed = 2223808351
n535 is replaced by zero with estimated error 55.1084
error = 56.2419
area = 790
delay = 39.7
#gates = 350
output circuit appNtk/wal8_87_56.2419_790_39.7.blif
Abc_NtkLogicToNetlist() warning: The network is converted to have simple COs.
time = 3534261780 us
--------------- round 88 ---------------
seed = 3448308500
[174184] is replaced by n141 with inverter with estimated error 60.2029
error = 60.4424
area = 784
delay = 39.7
#gates = 348
output circuit appNtk/wal8_88_60.4424_784_39.7.blif
Abc_NtkLogicToNetlist() warning: The network is converted to have simple COs.
time = 3559847347 us
--------------- round 89 ---------------
seed = 1004972450
[174169] is replaced by [175783] with estimated error 60.8407
error = 60.4771
area = 780
delay = 39.7
#gates = 347
output circuit appNtk/wal8_89_60.4771_780_39.7.blif
Abc_NtkLogicToNetlist() warning: The network is converted to have simple COs.
time = 3585398603 us
--------------- round 90 ---------------
seed = 793422760
[175476] is replaced by zero with estimated error 60.8407
error = 62.6554
area = 779
delay = 39.7
#gates = 346
output circuit appNtk/wal8_90_62.6554_779_39.7.blif
Abc_NtkLogicToNetlist() warning: The network is converted to have simple COs.
time = 3610602987 us
--------------- round 91 ---------------
seed = 1034576984
[174172] is replaced by [175921] with inverter with estimated error 62.7979
error = 62.342
area = 764
delay = 39.7
#gates = 341
output circuit appNtk/wal8_91_62.342_764_39.7.blif
Abc_NtkLogicToNetlist() warning: The network is converted to have simple COs.
time = 3635753306 us
--------------- round 92 ---------------
seed = 3198543464
[174252] is replaced by one with estimated error 64.8048
error = 63.9145
area = 761
delay = 39.7
#gates = 340
output circuit appNtk/wal8_92_63.9145_761_39.7.blif
Abc_NtkLogicToNetlist() warning: The network is converted to have simple COs.
time = 3660346146 us
--------------- round 93 ---------------
seed = 2184350155
[174199] is replaced by one with estimated error 64.9945
error = 65.1473
area = 758
delay = 39.7
#gates = 339
output circuit appNtk/wal8_93_65.1473_758_39.7.blif
Abc_NtkLogicToNetlist() warning: The network is converted to have simple COs.
time = 3684797258 us
--------------- round 94 ---------------
seed = 1172696836
[174763] is replaced by zero with estimated error 64.9945
error = 65.7348
area = 757
delay = 39.7
#gates = 338
output circuit appNtk/wal8_94_65.7348_757_39.7.blif
Abc_NtkLogicToNetlist() warning: The network is converted to have simple COs.
time = 3708997086 us
--------------- round 95 ---------------
seed = 3583102485
[175640] is replaced by [175757] with estimated error 64.9945
error = 65.2495
area = 756
delay = 39.7
#gates = 337
output circuit appNtk/wal8_95_65.2495_756_39.7.blif
Abc_NtkLogicToNetlist() warning: The network is converted to have simple COs.
time = 3733425587 us
--------------- round 96 ---------------
seed = 3159973494
[174194] is replaced by [175072] with inverter with estimated error 69.5827
error = 70.5523
area = 747
delay = 39.7
#gates = 333
output circuit appNtk/wal8_96_70.5523_747_39.7.blif
Abc_NtkLogicToNetlist() warning: The network is converted to have simple COs.
time = 3757584105 us
--------------- round 97 ---------------
seed = 2187644934
[174223] is replaced by one with estimated error 69.5827
error = 69.8938
area = 745
delay = 39.7
#gates = 332
output circuit appNtk/wal8_97_69.8938_745_39.7.blif
Abc_NtkLogicToNetlist() warning: The network is converted to have simple COs.
time = 3781151884 us
--------------- round 98 ---------------
seed = 2757821106
[176153] is replaced by [174241] with estimated error 70.6213
error = 71.0821
area = 743
delay = 39.7
#gates = 331
output circuit appNtk/wal8_98_71.0821_743_39.7.blif
Abc_NtkLogicToNetlist() warning: The network is converted to have simple COs.
time = 3804679689 us
--------------- round 99 ---------------
seed = 2351224608
n538 is replaced by [174192] with estimated error 73.7545
error = 73.4895
area = 737
delay = 39.7
#gates = 328
output circuit appNtk/wal8_99_73.4895_737_39.7.blif
Abc_NtkLogicToNetlist() warning: The network is converted to have simple COs.
time = 3828142152 us
--------------- round 100 ---------------
seed = 218424559
[174206] is replaced by [174237] with estimated error 79.997
error = 81.2561
area = 731
delay = 39.7
#gates = 326
output circuit appNtk/wal8_100_81.2561_731_39.7.blif
Abc_NtkLogicToNetlist() warning: The network is converted to have simple COs.
time = 3851258255 us
--------------- round 101 ---------------
seed = 393037846
[175783] is replaced by [175777] with estimated error 79.997
error = 81.0195
area = 730
delay = 39.7
#gates = 325
output circuit appNtk/wal8_101_81.0195_730_39.7.blif
Abc_NtkLogicToNetlist() warning: The network is converted to have simple COs.
time = 3874224962 us
--------------- round 102 ---------------
seed = 3492993137
[175288] is replaced by n342 with estimated error 80.7127
error = 82.0461
area = 729
delay = 39.7
#gates = 324
output circuit appNtk/wal8_102_82.0461_729_39.7.blif
Abc_NtkLogicToNetlist() warning: The network is converted to have simple COs.
time = 3896993891 us
--------------- round 103 ---------------
seed = 3757607125
[172865] is replaced by [174211] with inverter with estimated error 83.2028
error = 82.9728
area = 727
delay = 39.7
#gates = 324
output circuit appNtk/wal8_103_82.9728_727_39.7.blif
Abc_NtkLogicToNetlist() warning: The network is converted to have simple COs.
time = 3919522401 us
--------------- round 104 ---------------
seed = 932440534
n321 is replaced by [174175] with inverter with estimated error 83.9335
error = 84.5595
area = 725
delay = 39.7
#gates = 324
output circuit appNtk/wal8_104_84.5595_725_39.7.blif
Abc_NtkLogicToNetlist() warning: The network is converted to have simple COs.
time = 3942087145 us
--------------- round 105 ---------------
seed = 2054340330
[174173] is replaced by zero with estimated error 84.2338
error = 84.2298
area = 720
delay = 39.7
#gates = 322
output circuit appNtk/wal8_105_84.2298_720_39.7.blif
Abc_NtkLogicToNetlist() warning: The network is converted to have simple COs.
time = 3964670594 us
--------------- round 106 ---------------
seed = 2209995793
n539 is replaced by [175789] with estimated error 84.2338
error = 85.6473
area = 719
delay = 39.7
#gates = 321
output circuit appNtk/wal8_106_85.6473_719_39.7.blif
Abc_NtkLogicToNetlist() warning: The network is converted to have simple COs.
time = 3987105432 us
--------------- round 107 ---------------
seed = 828417010
[174933] is replaced by [174177] with estimated error 84.2338
error = 85.0078
area = 718
delay = 39.7
#gates = 320
output circuit appNtk/wal8_107_85.0078_718_39.7.blif
Abc_NtkLogicToNetlist() warning: The network is converted to have simple COs.
time = 4009365437 us
--------------- round 108 ---------------
seed = 465079317
[175622] is replaced by zero with estimated error 84.2338
error = 84.7566
area = 717
delay = 39.7
#gates = 319
output circuit appNtk/wal8_108_84.7566_717_39.7.blif
Abc_NtkLogicToNetlist() warning: The network is converted to have simple COs.
time = 4031391398 us
--------------- round 109 ---------------
seed = 3542926709
n146 is replaced by n145 with inverter with estimated error 87.6571
error = 87.2688
area = 713
delay = 39.7
#gates = 318
output circuit appNtk/wal8_109_87.2688_713_39.7.blif
Abc_NtkLogicToNetlist() warning: The network is converted to have simple COs.
time = 4053320840 us
--------------- round 110 ---------------
seed = 3156709055
[175481] is replaced by n141 with estimated error 89.8759
error = 89.2636
area = 711
delay = 39.7
#gates = 317
output circuit appNtk/wal8_110_89.2636_711_39.7.blif
Abc_NtkLogicToNetlist() warning: The network is converted to have simple COs.
time = 4075129893 us
--------------- round 111 ---------------
seed = 2579670684
[175100] is replaced by [175104] with estimated error 91.2849
error = 92.8015
area = 709
delay = 39.6
#gates = 316
output circuit appNtk/wal8_111_92.8015_709_39.6.blif
Abc_NtkLogicToNetlist() warning: The network is converted to have simple COs.
time = 4096840019 us
--------------- round 112 ---------------
seed = 3133366185
[174214] is replaced by [174242] with estimated error 93.1907
error = 94.2901
area = 707
delay = 39.6
#gates = 315
output circuit appNtk/wal8_112_94.2901_707_39.6.blif
Abc_NtkLogicToNetlist() warning: The network is converted to have simple COs.
time = 4118411663 us
--------------- round 113 ---------------
seed = 4112715091
[174192] is replaced by [174190] with estimated error 101.702
error = 101.416
area = 699
delay = 39.6
#gates = 312
output circuit appNtk/wal8_113_101.416_699_39.6.blif
Abc_NtkLogicToNetlist() warning: The network is converted to have simple COs.
time = 4139870938 us
--------------- round 114 ---------------
seed = 305338476
n536 is replaced by [174180] with inverter with estimated error 101.876
error = 101.23
area = 694
delay = 39.6
#gates = 310
output circuit appNtk/wal8_114_101.23_694_39.6.blif
Abc_NtkLogicToNetlist() warning: The network is converted to have simple COs.
time = 4160975739 us
--------------- round 115 ---------------
seed = 1762988854
product[7] is replaced by [174661] with estimated error 121.432
error = 121.039
area = 673
delay = 39.6
#gates = 304
output circuit appNtk/wal8_115_121.039_673_39.6.blif
Abc_NtkLogicToNetlist() warning: The network is converted to have simple COs.
time = 4181788949 us
--------------- round 116 ---------------
seed = 810686288
[174221] is replaced by [174248] with inverter with estimated error 123.53
error = 123.862
area = 670
delay = 39.6
#gates = 304
output circuit appNtk/wal8_116_123.862_670_39.6.blif
Abc_NtkLogicToNetlist() warning: The network is converted to have simple COs.
time = 4201843449 us
--------------- round 117 ---------------
seed = 3261646138
[174180] is replaced by one with estimated error 124.519
error = 123.961
area = 668
delay = 39.6
#gates = 303
output circuit appNtk/wal8_117_123.961_668_39.6.blif
Abc_NtkLogicToNetlist() warning: The network is converted to have simple COs.
time = 4221742056 us
--------------- round 118 ---------------
seed = 1378753499
n542 is replaced by zero with estimated error 124.519
error = 125.119
area = 667
delay = 39.6
#gates = 302
output circuit appNtk/wal8_118_125.119_667_39.6.blif
Abc_NtkLogicToNetlist() warning: The network is converted to have simple COs.
time = 4241556642 us
--------------- round 119 ---------------
seed = 3106050640
[175106] is replaced by one with estimated error 124.609
error = 125.483
area = 665
delay = 39.6
#gates = 301
output circuit appNtk/wal8_119_125.483_665_39.6.blif
Abc_NtkLogicToNetlist() warning: The network is converted to have simple COs.
time = 4261256938 us
--------------- round 120 ---------------
seed = 3597958338
[176109] is replaced by [175364] with estimated error 125.778
error = 127.154
area = 663
delay = 39.5
#gates = 300
output circuit appNtk/wal8_120_127.154_663_39.5.blif
Abc_NtkLogicToNetlist() warning: The network is converted to have simple COs.
time = 4280830349 us
--------------- round 121 ---------------
seed = 1565800709
[174777] is replaced by one with estimated error 125.778
error = 126.531
area = 661
delay = 39.5
#gates = 299
output circuit appNtk/wal8_121_126.531_661_39.5.blif
Abc_NtkLogicToNetlist() warning: The network is converted to have simple COs.
time = 4300248357 us
--------------- round 122 ---------------
seed = 2205844329
[174186] is replaced by [174232] with estimated error 126.376
error = 126.37
area = 659
delay = 39.5
#gates = 298
output circuit appNtk/wal8_122_126.37_659_39.5.blif
Abc_NtkLogicToNetlist() warning: The network is converted to have simple COs.
time = 4319639343 us
--------------- round 123 ---------------
seed = 830856801
[175659] is replaced by [175371] with estimated error 126.376
error = 127.929
area = 658
delay = 39.5
#gates = 297
output circuit appNtk/wal8_123_127.929_658_39.5.blif
Abc_NtkLogicToNetlist() warning: The network is converted to have simple COs.
time = 4338966510 us
--------------- round 124 ---------------
seed = 3493549864
[174218] is replaced by [174266] with estimated error 127.95
error = 128.586
area = 653
delay = 39.5
#gates = 295
output circuit appNtk/wal8_124_128.586_653_39.5.blif
Abc_NtkLogicToNetlist() warning: The network is converted to have simple COs.
time = 4358154830 us
--------------- round 125 ---------------
seed = 4197374271
[175509] is replaced by [175154] with estimated error 127.95
error = 129.271
area = 652
delay = 39.5
#gates = 294
output circuit appNtk/wal8_125_129.271_652_39.5.blif
Abc_NtkLogicToNetlist() warning: The network is converted to have simple COs.
time = 4377192881 us
--------------- round 126 ---------------
seed = 4182716130
[174188] is replaced by [174234] with estimated error 129.576
error = 130.644
area = 646
delay = 39.5
#gates = 292
output circuit appNtk/wal8_126_130.644_646_39.5.blif
Abc_NtkLogicToNetlist() warning: The network is converted to have simple COs.
time = 4396083540 us
--------------- round 127 ---------------
seed = 1948200616
[174228] is replaced by [174222] with estimated error 131.196
error = 131.559
area = 636
delay = 39.5
#gates = 288
output circuit appNtk/wal8_127_131.559_636_39.5.blif
Abc_NtkLogicToNetlist() warning: The network is converted to have simple COs.
time = 4414817549 us
--------------- round 128 ---------------
seed = 4192648750
[174213] is replaced by [174248] with estimated error 139.176
error = 139.727
area = 627
delay = 39.5
#gates = 285
output circuit appNtk/wal8_128_139.727_627_39.5.blif
Abc_NtkLogicToNetlist() warning: The network is converted to have simple COs.
time = 4433254848 us
--------------- round 129 ---------------
seed = 26873047
[174661] is replaced by [174921] with estimated error 139.176
error = 140.637
area = 626
delay = 39.5
#gates = 284
output circuit appNtk/wal8_129_140.637_626_39.5.blif
Abc_NtkLogicToNetlist() warning: The network is converted to have simple COs.
time = 4451222223 us
--------------- round 130 ---------------
seed = 2337545753
[175670] is replaced by [175382] with estimated error 139.176
error = 140.088
area = 625
delay = 39.5
#gates = 283
output circuit appNtk/wal8_130_140.088_625_39.5.blif
Abc_NtkLogicToNetlist() warning: The network is converted to have simple COs.
time = 4468997716 us
--------------- round 131 ---------------
seed = 629595443
[175285] is replaced by n543 with estimated error 139.176
error = 139.818
area = 624
delay = 39.5
#gates = 282
output circuit appNtk/wal8_131_139.818_624_39.5.blif
Abc_NtkLogicToNetlist() warning: The network is converted to have simple COs.
time = 4486643210 us
--------------- round 132 ---------------
seed = 3847847008
[174190] is replaced by [174205] with estimated error 143.45
error = 143.225
area = 619
delay = 39.5
#gates = 280
output circuit appNtk/wal8_132_143.225_619_39.5.blif
Abc_NtkLogicToNetlist() warning: The network is converted to have simple COs.
time = 4504187787 us
--------------- round 133 ---------------
seed = 2002701465
[174245] is replaced by [174211] with estimated error 156.509
error = 156.537
area = 613
delay = 39.5
#gates = 277
output circuit appNtk/wal8_133_156.537_613_39.5.blif
Abc_NtkLogicToNetlist() warning: The network is converted to have simple COs.
time = 4521592291 us
--------------- round 134 ---------------
seed = 3232836142
[175104] is replaced by n543 with estimated error 156.509
error = 158.162
area = 612
delay = 38.7
#gates = 276
output circuit appNtk/wal8_134_158.162_612_38.7.blif
Abc_NtkLogicToNetlist() warning: The network is converted to have simple COs.
time = 4538640241 us
--------------- round 135 ---------------
seed = 2804869040
[174940] is replaced by one with estimated error 162.509
error = 162.666
area = 602
delay = 38.7
#gates = 273
output circuit appNtk/wal8_135_162.666_602_38.7.blif
Abc_NtkLogicToNetlist() warning: The network is converted to have simple COs.
time = 4555645500 us
--------------- round 136 ---------------
seed = 7057158
n526 is replaced by zero with estimated error 163.527
error = 164.536
area = 601
delay = 38.7
#gates = 272
output circuit appNtk/wal8_136_164.536_601_38.7.blif
Abc_NtkLogicToNetlist() warning: The network is converted to have simple COs.
time = 4572310327 us
--------------- round 137 ---------------
seed = 5243101
[174680] is replaced by [174293] with estimated error 164.636
error = 164.842
area = 600
delay = 38.7
#gates = 271
output circuit appNtk/wal8_137_164.842_600_38.7.blif
Abc_NtkLogicToNetlist() warning: The network is converted to have simple COs.
time = 4588862076 us
--------------- round 138 ---------------
seed = 52672773
[175646] is replaced by [175513] with estimated error 171.561
error = 172.176
area = 594
delay = 38.7
#gates = 268
output circuit appNtk/wal8_138_172.176_594_38.7.blif
Abc_NtkLogicToNetlist() warning: The network is converted to have simple COs.
time = 4605264977 us
--------------- round 139 ---------------
seed = 466889328
[174921] is replaced by [175513] with estimated error 172.909
error = 171.569
area = 593
delay = 38.7
#gates = 267
output circuit appNtk/wal8_139_171.569_593_38.7.blif
Abc_NtkLogicToNetlist() warning: The network is converted to have simple COs.
time = 4621282095 us
--------------- round 140 ---------------
seed = 1503879390
[174216] is replaced by one with estimated error 176.563
error = 176.361
area = 591
delay = 38.7
#gates = 266
output circuit appNtk/wal8_140_176.361_591_38.7.blif
Abc_NtkLogicToNetlist() warning: The network is converted to have simple COs.
time = 4637099331 us
--------------- round 141 ---------------
seed = 3154361243
[174248] is replaced by zero with estimated error 179.161
error = 178.518
area = 587
delay = 38.7
#gates = 265
output circuit appNtk/wal8_141_178.518_587_38.7.blif
Abc_NtkLogicToNetlist() warning: The network is converted to have simple COs.
time = 4652817621 us
--------------- round 142 ---------------
seed = 1810611902
[174938] is replaced by [175098] with estimated error 179.161
error = 179.578
area = 585
delay = 38.7
#gates = 264
output circuit appNtk/wal8_142_179.578_585_38.7.blif
Abc_NtkLogicToNetlist() warning: The network is converted to have simple COs.
time = 4668350097 us
--------------- round 143 ---------------
seed = 3196565648
[174949] is replaced by one with estimated error 179.161
error = 178.997
area = 584
delay = 38.7
#gates = 263
output circuit appNtk/wal8_143_178.997_584_38.7.blif
Abc_NtkLogicToNetlist() warning: The network is converted to have simple COs.
time = 4683755227 us
--------------- round 144 ---------------
seed = 2736534488
n543 is replaced by one with estimated error 179.161
error = 181.161
area = 583
delay = 38.7
#gates = 262
output circuit appNtk/wal8_144_181.161_583_38.7.blif
Abc_NtkLogicToNetlist() warning: The network is converted to have simple COs.
time = 4699058075 us
--------------- round 145 ---------------
seed = 3879771682
[174780] is replaced by [175098] with estimated error 179.161
error = 179.17
area = 582
delay = 38.7
#gates = 261
output circuit appNtk/wal8_145_179.17_582_38.7.blif
Abc_NtkLogicToNetlist() warning: The network is converted to have simple COs.
time = 4714421065 us
--------------- round 146 ---------------
seed = 3445231040
[175513] is replaced by [174217] with estimated error 187.009
error = 187.454
area = 578
delay = 38.7
#gates = 259
output circuit appNtk/wal8_146_187.454_578_38.7.blif
Abc_NtkLogicToNetlist() warning: The network is converted to have simple COs.
time = 4729613758 us
--------------- round 147 ---------------
seed = 1552831421
[174255] is replaced by zero with estimated error 187.009
error = 187.788
area = 575
delay = 38.7
#gates = 258
output circuit appNtk/wal8_147_187.788_575_38.7.blif
Abc_NtkLogicToNetlist() warning: The network is converted to have simple COs.
time = 4744525646 us
--------------- round 148 ---------------
seed = 2018732851
[174251] is replaced by [174247] with estimated error 187.009
error = 187.224
area = 573
delay = 38.7
#gates = 257
output circuit appNtk/wal8_148_187.224_573_38.7.blif
Abc_NtkLogicToNetlist() warning: The network is converted to have simple COs.
time = 4759356306 us
--------------- round 149 ---------------
seed = 3643352817
[174202] is replaced by multiplier[0] with inverter with estimated error 188.055
error = 187.813
area = 572
delay = 38.7
#gates = 257
output circuit appNtk/wal8_149_187.813_572_38.7.blif
Abc_NtkLogicToNetlist() warning: The network is converted to have simple COs.
time = 4774037038 us
--------------- round 150 ---------------
seed = 3302274736
[176081] is replaced by [175364] with estimated error 191.684
error = 192.98
area = 570
delay = 38.6
#gates = 256
output circuit appNtk/wal8_150_192.98_570_38.6.blif
Abc_NtkLogicToNetlist() warning: The network is converted to have simple COs.
time = 4788606355 us
--------------- round 151 ---------------
seed = 3153315411
[175559] is replaced by [175426] with estimated error 194.293
error = 194.616
area = 569
delay = 38.6
#gates = 255
output circuit appNtk/wal8_151_194.616_569_38.6.blif
Abc_NtkLogicToNetlist() warning: The network is converted to have simple COs.
time = 4802984657 us
--------------- round 152 ---------------
seed = 3333807838
[174942] is replaced by zero with estimated error 194.293
error = 194.129
area = 566
delay = 38.6
#gates = 254
output circuit appNtk/wal8_152_194.129_566_38.6.blif
Abc_NtkLogicToNetlist() warning: The network is converted to have simple COs.
time = 4817214823 us
--------------- round 153 ---------------
seed = 2896008602
[174185] is replaced by zero with estimated error 194.293
error = 194.699
area = 563
delay = 38.6
#gates = 253
output circuit appNtk/wal8_153_194.699_563_38.6.blif
Abc_NtkLogicToNetlist() warning: The network is converted to have simple COs.
time = 4831363473 us
--------------- round 154 ---------------
seed = 921095187
[175757] is replaced by one with estimated error 194.293
error = 194.523
area = 560
delay = 38.6
#gates = 252
output circuit appNtk/wal8_154_194.523_560_38.6.blif
Abc_NtkLogicToNetlist() warning: The network is converted to have simple COs.
time = 4845443002 us
--------------- round 155 ---------------
seed = 591925126
[174222] is replaced by [174217] with inverter with estimated error 194.293
error = 194.109
area = 554
delay = 38.6
#gates = 251
output circuit appNtk/wal8_155_194.109_554_38.6.blif
Abc_NtkLogicToNetlist() warning: The network is converted to have simple COs.
time = 4859303145 us
--------------- round 156 ---------------
seed = 3372988434
n541 is replaced by [175185] with estimated error 192.281
error = 193.093
area = 553
delay = 38.6
#gates = 250
output circuit appNtk/wal8_156_193.093_553_38.6.blif
Abc_NtkLogicToNetlist() warning: The network is converted to have simple COs.
time = 4873090803 us
--------------- round 157 ---------------
seed = 2034189476
[174205] is replaced by [175015] with estimated error 192.208
error = 192.557
area = 548
delay = 38.6
#gates = 249
output circuit appNtk/wal8_157_192.557_548_38.6.blif
Abc_NtkLogicToNetlist() warning: The network is converted to have simple COs.
time = 4886669232 us
--------------- round 158 ---------------
seed = 2649927492
exceed error bound
