abc command read data/library/mcnc.genlib
Entered genlib library with 23 gates from file "data/library/mcnc.genlib".
abc command read_blif data/su/alu4.blif
abc command print_stats
[1;37malu4                          :[0m i/o =   14/    8  lat =    0  nd =  1114  edge =   2789  area =2798.00  delay =12.70  lev = 11
--------------- round 1 ---------------
seed = 2539144405
maxLevel = 1
n688 is replaced by n305 with estimated error 0
error = 0
area = 2793
delay = 12.7
#gates = 1114
output circuit appNtk/alu4_1_0_2793_12.7.blif
time = 19104011 us
--------------- round 2 ---------------
seed = 2841252851
maxLevel = 1
n900 is replaced by n1129 with estimated error 0
error = 0
area = 2789
delay = 12.7
#gates = 1112
output circuit appNtk/alu4_2_0_2789_12.7.blif
time = 37936747 us
--------------- round 3 ---------------
seed = 2403142754
maxLevel = 1
n441 is replaced by n1115 with estimated error 0
error = 0
area = 2786
delay = 12.7
#gates = 1111
output circuit appNtk/alu4_3_0_2786_12.7.blif
time = 56771127 us
--------------- round 4 ---------------
seed = 4273709583
maxLevel = 1
n1106 is replaced by n1059 with estimated error 0
error = 0
area = 2783
delay = 12.7
#gates = 1110
output circuit appNtk/alu4_4_0_2783_12.7.blif
time = 75574085 us
--------------- round 5 ---------------
seed = 2380532775
maxLevel = 1
n569 is replaced by n979 with estimated error 0
error = 0
area = 2780
delay = 12.7
#gates = 1109
output circuit appNtk/alu4_5_0_2780_12.7.blif
time = 95859616 us
--------------- round 6 ---------------
seed = 3278244711
maxLevel = 1
n409 is replaced by n770 with estimated error 0
error = 0
area = 2777
delay = 12.7
#gates = 1108
output circuit appNtk/alu4_6_0_2777_12.7.blif
time = 114638644 us
--------------- round 7 ---------------
seed = 1823960138
maxLevel = 1
n659 is replaced by n611 with estimated error 0
error = 0
area = 2775
delay = 12.7
#gates = 1107
output circuit appNtk/alu4_7_0_2775_12.7.blif
time = 133374103 us
--------------- round 8 ---------------
seed = 3207414849
maxLevel = 1
n108 is replaced by n39 with estimated error 0
error = 0
area = 2773
delay = 12.7
#gates = 1106
output circuit appNtk/alu4_8_0_2773_12.7.blif
time = 152031769 us
--------------- round 9 ---------------
seed = 3779395828
maxLevel = 1
n292 is replaced by n574 with estimated error 0
error = 0
area = 2771
delay = 12.7
#gates = 1105
output circuit appNtk/alu4_9_0_2771_12.7.blif
time = 172570356 us
--------------- round 10 ---------------
seed = 3511414398
maxLevel = 1
n325 is replaced by n286 with estimated error 0
error = 0
area = 2769
delay = 12.7
#gates = 1104
output circuit appNtk/alu4_10_0_2769_12.7.blif
time = 197298247 us
--------------- round 11 ---------------
seed = 3262337749
maxLevel = 1
n967 is replaced by n345 with estimated error 0
error = 0
area = 2767
delay = 12.7
#gates = 1103
output circuit appNtk/alu4_11_0_2767_12.7.blif
time = 220814413 us
--------------- round 12 ---------------
seed = 2655265079
maxLevel = 1
n588 is replaced by n327 with estimated error 0
error = 0
area = 2765
delay = 12.7
#gates = 1102
output circuit appNtk/alu4_12_0_2765_12.7.blif
time = 244667623 us
--------------- round 13 ---------------
seed = 142844416
maxLevel = 1
n334 is replaced by n408 with estimated error 0
error = 0
area = 2764
delay = 12.7
#gates = 1101
output circuit appNtk/alu4_13_0_2764_12.7.blif
time = 268143471 us
--------------- round 14 ---------------
seed = 2482518450
maxLevel = 1
n799 is replaced by n797 with estimated error 0
error = 0
area = 2763
delay = 12.7
#gates = 1100
output circuit appNtk/alu4_14_0_2763_12.7.blif
time = 291806588 us
--------------- round 15 ---------------
seed = 1879089821
maxLevel = 1
n1004 is replaced by one with estimated error 0
error = 0
area = 2760
delay = 12.7
#gates = 1099
output circuit appNtk/alu4_15_0_2760_12.7.blif
time = 315688315 us
--------------- round 16 ---------------
seed = 1619168869
maxLevel = 1
n472 is replaced by one with estimated error 7e-05
error = 7e-05
area = 2756
delay = 12.7
#gates = 1098
output circuit appNtk/alu4_16_7e-05_2756_12.7.blif
time = 339264659 us
--------------- round 17 ---------------
seed = 3313186577
maxLevel = 1
n467 is replaced by one with estimated error 0.0002
error = 0.0002
area = 2754
delay = 12.7
#gates = 1097
output circuit appNtk/alu4_17_0.0002_2754_12.7.blif
time = 363149076 us
--------------- round 18 ---------------
seed = 3751046850
maxLevel = 1
n496 is replaced by one with estimated error 0.00018
error = 0.00018
area = 2751
delay = 12.7
#gates = 1096
output circuit appNtk/alu4_18_0.00018_2751_12.7.blif
time = 387148196 us
--------------- round 19 ---------------
seed = 966071162
maxLevel = 1
n362 is replaced by n422 with estimated error 0.00032
error = 0.00032
area = 2748
delay = 12.7
#gates = 1095
output circuit appNtk/alu4_19_0.00032_2748_12.7.blif
time = 410239524 us
--------------- round 20 ---------------
seed = 2011037382
maxLevel = 1
n361 is replaced by n336 with estimated error 0.00026
error = 0.00026
area = 2747
delay = 12.7
#gates = 1094
output circuit appNtk/alu4_20_0.00026_2747_12.7.blif
time = 433199073 us
--------------- round 21 ---------------
seed = 627500152
maxLevel = 1
n858 is replaced by one with estimated error 0.00029
error = 0.00029
area = 2740
delay = 12.7
#gates = 1091
output circuit appNtk/alu4_21_0.00029_2740_12.7.blif
time = 456601004 us
--------------- round 22 ---------------
seed = 3815658856
maxLevel = 1
n474 is replaced by one with estimated error 0.00036
error = 0.00036
area = 2737
delay = 12.7
#gates = 1090
output circuit appNtk/alu4_22_0.00036_2737_12.7.blif
time = 480108786 us
--------------- round 23 ---------------
seed = 2627209027
maxLevel = 1
n1018 is replaced by n258 with estimated error 0.00064
error = 0.00064
area = 2735
delay = 12.7
#gates = 1089
output circuit appNtk/alu4_23_0.00064_2735_12.7.blif
time = 503383239 us
--------------- round 24 ---------------
seed = 2813542404
maxLevel = 1
n940 is replaced by n622 with inverter with estimated error 0.00049
error = 0.00049
area = 2732
delay = 12.7
#gates = 1089
output circuit appNtk/alu4_24_0.00049_2732_12.7.blif
time = 526688896 us
--------------- round 25 ---------------
seed = 2856252732
maxLevel = 1
n933 is replaced by n267 with estimated error 0.0005
error = 0.0005
area = 2728
delay = 12.7
#gates = 1087
output circuit appNtk/alu4_25_0.0005_2728_12.7.blif
time = 549545988 us
--------------- round 26 ---------------
seed = 2946929875
maxLevel = 1
n843 is replaced by one with estimated error 0.00042
error = 0.00042
area = 2724
delay = 12.7
#gates = 1086
output circuit appNtk/alu4_26_0.00042_2724_12.7.blif
time = 572540736 us
--------------- round 27 ---------------
seed = 3895081646
maxLevel = 1
n476 is replaced by one with estimated error 0.0006
error = 0.0006
area = 2714
delay = 12.7
#gates = 1083
output circuit appNtk/alu4_27_0.0006_2714_12.7.blif
time = 595524906 us
--------------- round 28 ---------------
seed = 4052366454
maxLevel = 1
n515 is replaced by n1077 with estimated error 0.00074
error = 0.00074
area = 2699
delay = 12.7
#gates = 1078
output circuit appNtk/alu4_28_0.00074_2699_12.7.blif
time = 618599155 us
--------------- round 29 ---------------
seed = 2167210609
maxLevel = 1
n343 is replaced by one with estimated error 0.00093
error = 0.00093
area = 2697
delay = 12.7
#gates = 1077
output circuit appNtk/alu4_29_0.00093_2697_12.7.blif
time = 641589217 us
--------------- round 30 ---------------
seed = 3642071560
maxLevel = 1
n346 is replaced by n344 with estimated error 0.00106
error = 0.00106
area = 2695
delay = 12.7
#gates = 1076
output circuit appNtk/alu4_30_0.00106_2695_12.7.blif
time = 664531148 us
--------------- round 31 ---------------
seed = 4092376238
maxLevel = 1
n345 is replaced by n444 with estimated error 0.00087
error = 0.00087
area = 2693
delay = 12.7
#gates = 1075
output circuit appNtk/alu4_31_0.00087_2693_12.7.blif
time = 687252078 us
--------------- round 32 ---------------
seed = 4163963093
maxLevel = 1
n497 is replaced by one with estimated error 0.00096
error = 0.00096
area = 2690
delay = 12.7
#gates = 1074
output circuit appNtk/alu4_32_0.00096_2690_12.7.blif
time = 710250469 us
--------------- round 33 ---------------
seed = 4267597996
maxLevel = 1
n1002 is replaced by one with estimated error 0.00125
error = 0.00125
area = 2688
delay = 12.7
#gates = 1073
output circuit appNtk/alu4_33_0.00125_2688_12.7.blif
time = 733044197 us
--------------- round 34 ---------------
seed = 2247843659
maxLevel = 1
n469 is replaced by one with estimated error 0.00099
error = 0.00099
area = 2682
delay = 12.7
#gates = 1071
output circuit appNtk/alu4_34_0.00099_2682_12.7.blif
time = 755960704 us
--------------- round 35 ---------------
seed = 502665624
maxLevel = 1
n560 is replaced by one with estimated error 0.00106
error = 0.00106
area = 2678
delay = 12.7
#gates = 1070
output circuit appNtk/alu4_35_0.00106_2678_12.7.blif
time = 778419516 us
--------------- round 36 ---------------
seed = 355231366
maxLevel = 1
n489 is replaced by one with estimated error 0.00118
error = 0.00118
area = 2666
delay = 12.7
#gates = 1066
output circuit appNtk/alu4_36_0.00118_2666_12.7.blif
time = 800745062 us
--------------- round 37 ---------------
seed = 21906090
maxLevel = 1
n629 is replaced by n1081 with estimated error 0.0014
error = 0.0014
area = 2663
delay = 12.7
#gates = 1065
output circuit appNtk/alu4_37_0.0014_2663_12.7.blif
time = 823218153 us
--------------- round 38 ---------------
seed = 1575104903
maxLevel = 1
n950 is replaced by one with estimated error 0.00148
error = 0.00148
area = 2661
delay = 12.7
#gates = 1064
output circuit appNtk/alu4_38_0.00148_2661_12.7.blif
time = 845084862 us
--------------- round 39 ---------------
seed = 2279285420
maxLevel = 1
n1081 is replaced by one with estimated error 0.0015
error = 0.0015
area = 2659
delay = 12.7
#gates = 1063
output circuit appNtk/alu4_39_0.0015_2659_12.7.blif
time = 867482986 us
--------------- round 40 ---------------
seed = 2706338351
maxLevel = 1
n1127 is replaced by n906 with estimated error 0.00163
error = 0.00163
area = 2654
delay = 12.7
#gates = 1061
output circuit appNtk/alu4_40_0.00163_2654_12.7.blif
time = 889603517 us
--------------- round 41 ---------------
seed = 2860355996
maxLevel = 1
n504 is replaced by one with estimated error 0.00167
error = 0.00167
area = 2648
delay = 12.7
#gates = 1059
output circuit appNtk/alu4_41_0.00167_2648_12.7.blif
time = 911433128 us
--------------- round 42 ---------------
seed = 3974195607
maxLevel = 1
n559 is replaced by n134 with estimated error 0.00155
error = 0.00155
area = 2644
delay = 12.7
#gates = 1058
output circuit appNtk/alu4_42_0.00155_2644_12.7.blif
time = 933389207 us
--------------- round 43 ---------------
seed = 1875015458
maxLevel = 1
n507 is replaced by one with estimated error 0.00183
error = 0.00183
area = 2632
delay = 12.7
#gates = 1053
output circuit appNtk/alu4_43_0.00183_2632_12.7.blif
time = 955030901 us
--------------- round 44 ---------------
seed = 3168247134
maxLevel = 1
n928 is replaced by one with estimated error 0.00167
error = 0.00167
area = 2628
delay = 12.7
#gates = 1052
output circuit appNtk/alu4_44_0.00167_2628_12.7.blif
time = 976780996 us
--------------- round 45 ---------------
seed = 988468601
maxLevel = 1
n407 is replaced by zero with estimated error 0.00195
error = 0.00195
area = 2625
delay = 12.7
#gates = 1051
output circuit appNtk/alu4_45_0.00195_2625_12.7.blif
time = 998050511 us
--------------- round 46 ---------------
seed = 2964758054
maxLevel = 1
n898 is replaced by zero with estimated error 0.00182
error = 0.00182
area = 2622
delay = 12.7
#gates = 1050
output circuit appNtk/alu4_46_0.00182_2622_12.7.blif
time = 1019311972 us
--------------- round 47 ---------------
seed = 1190911314
maxLevel = 1
n285 is replaced by zero with estimated error 0.00187
error = 0.00187
area = 2616
delay = 12.7
#gates = 1048
output circuit appNtk/alu4_47_0.00187_2616_12.7.blif
time = 1040955263 us
--------------- round 48 ---------------
seed = 3303612891
maxLevel = 1
n613 is replaced by n160 with estimated error 0.002
error = 0.002
area = 2614
delay = 12.7
#gates = 1047
output circuit appNtk/alu4_48_0.002_2614_12.7.blif
time = 1062198808 us
--------------- round 49 ---------------
seed = 1445595775
maxLevel = 1
n300 is replaced by n67 with estimated error 0.00219
error = 0.00219
area = 2611
delay = 12.7
#gates = 1046
output circuit appNtk/alu4_49_0.00219_2611_12.7.blif
time = 1083915785 us
--------------- round 50 ---------------
seed = 2967660577
maxLevel = 1
n901 is replaced by one with estimated error 0.00219
error = 0.00219
area = 2605
delay = 12.7
#gates = 1044
output circuit appNtk/alu4_50_0.00219_2605_12.7.blif
time = 1105730732 us
--------------- round 51 ---------------
seed = 2709039229
maxLevel = 1
n397 is replaced by zero with estimated error 0.00219
error = 0.00219
area = 2603
delay = 12.7
#gates = 1043
output circuit appNtk/alu4_51_0.00219_2603_12.7.blif
time = 1127770341 us
--------------- round 52 ---------------
seed = 888162823
maxLevel = 1
n347 is replaced by zero with estimated error 0.00215
error = 0.00215
area = 2600
delay = 12.7
#gates = 1042
output circuit appNtk/alu4_52_0.00215_2600_12.7.blif
time = 1149555113 us
--------------- round 53 ---------------
seed = 3407216434
maxLevel = 1
n198 is replaced by n259 with estimated error 0.00226
error = 0.00226
area = 2597
delay = 12.7
#gates = 1040
output circuit appNtk/alu4_53_0.00226_2597_12.7.blif
time = 1171664910 us
--------------- round 54 ---------------
seed = 2604239147
maxLevel = 1
n191 is replaced by zero with estimated error 0.00249
error = 0.00249
area = 2594
delay = 12.7
#gates = 1039
output circuit appNtk/alu4_54_0.00249_2594_12.7.blif
time = 1193489370 us
--------------- round 55 ---------------
seed = 1733896891
maxLevel = 1
n318 is replaced by one with estimated error 0.00263
error = 0.00263
area = 2583
delay = 12.7
#gates = 1035
output circuit appNtk/alu4_55_0.00263_2583_12.7.blif
time = 1214778743 us
--------------- round 56 ---------------
seed = 3091205550
maxLevel = 1
n1027 is replaced by one with estimated error 0.00257
error = 0.00257
area = 2581
delay = 12.7
#gates = 1034
output circuit appNtk/alu4_56_0.00257_2581_12.7.blif
time = 1236110529 us
--------------- round 57 ---------------
seed = 3017046525
maxLevel = 1
n1026 is replaced by one with estimated error 0.00273
error = 0.00273
area = 2578
delay = 12.7
#gates = 1033
output circuit appNtk/alu4_57_0.00273_2578_12.7.blif
time = 1257587622 us
--------------- round 58 ---------------
seed = 2429041665
maxLevel = 1
n564 is replaced by zero with estimated error 0.00266
error = 0.00266
area = 2567
delay = 12.7
#gates = 1029
output circuit appNtk/alu4_58_0.00266_2567_12.7.blif
time = 1278956620 us
--------------- round 59 ---------------
seed = 2420953403
maxLevel = 1
n440 is replaced by one with estimated error 0.003
error = 0.003
area = 2565
delay = 12.7
#gates = 1028
output circuit appNtk/alu4_59_0.003_2565_12.7.blif
time = 1300073145 us
--------------- round 60 ---------------
seed = 1530684642
maxLevel = 1
n635 is replaced by one with estimated error 0.00307
error = 0.00307
area = 2561
delay = 12.7
#gates = 1027
output circuit appNtk/alu4_60_0.00307_2561_12.7.blif
time = 1320938121 us
--------------- round 61 ---------------
seed = 3444575660
maxLevel = 1
n614 is replaced by n641 with estimated error 0.00342
error = 0.00342
area = 2558
delay = 12.7
#gates = 1026
output circuit appNtk/alu4_61_0.00342_2558_12.7.blif
time = 1341411740 us
--------------- round 62 ---------------
seed = 3067296348
maxLevel = 1
n949 is replaced by one with estimated error 0.00326
error = 0.00326
area = 2555
delay = 12.7
#gates = 1025
output circuit appNtk/alu4_62_0.00326_2555_12.7.blif
time = 1362193515 us
--------------- round 63 ---------------
seed = 779910579
maxLevel = 1
n442 is replaced by n55 with estimated error 0.00278
error = 0.00278
area = 2553
delay = 12.7
#gates = 1024
output circuit appNtk/alu4_63_0.00278_2553_12.7.blif
time = 1383263394 us
--------------- round 64 ---------------
seed = 2293333282
maxLevel = 1
n952 is replaced by one with estimated error 0.00351
error = 0.00351
area = 2546
delay = 12.7
#gates = 1021
output circuit appNtk/alu4_64_0.00351_2546_12.7.blif
time = 1404516685 us
--------------- round 65 ---------------
seed = 288287536
maxLevel = 1
n449 is replaced by one with estimated error 0.00332
error = 0.00332
area = 2538
delay = 12.7
#gates = 1018
output circuit appNtk/alu4_65_0.00332_2538_12.7.blif
time = 1425366082 us
--------------- round 66 ---------------
seed = 2558944389
maxLevel = 1
n993 is replaced by n572 with estimated error 0.004
error = 0.004
area = 2535
delay = 12.7
#gates = 1016
output circuit appNtk/alu4_66_0.004_2535_12.7.blif
time = 1446457729 us
--------------- round 67 ---------------
seed = 1100639218
maxLevel = 1
n995 is replaced by one with estimated error 0.00359
error = 0.00359
area = 2532
delay = 12.7
#gates = 1015
output circuit appNtk/alu4_67_0.00359_2532_12.7.blif
time = 1466844911 us
--------------- round 68 ---------------
seed = 890689684
maxLevel = 1
n640 is replaced by n1042 with estimated error 0.00365
error = 0.00365
area = 2526
delay = 12.7
#gates = 1013
output circuit appNtk/alu4_68_0.00365_2526_12.7.blif
time = 1487230421 us
--------------- round 69 ---------------
seed = 230216113
maxLevel = 1
n954 is replaced by zero with estimated error 0.0042
error = 0.0042
area = 2524
delay = 12.7
#gates = 1012
output circuit appNtk/alu4_69_0.0042_2524_12.7.blif
time = 1507882713 us
--------------- round 70 ---------------
seed = 693631498
maxLevel = 1
n842 is replaced by one with estimated error 0.00385
error = 0.00385
area = 2522
delay = 12.7
#gates = 1011
output circuit appNtk/alu4_70_0.00385_2522_12.7.blif
time = 1528448240 us
--------------- round 71 ---------------
seed = 2743537613
maxLevel = 1
n893 is replaced by zero with estimated error 0.00414
error = 0.00414
area = 2516
delay = 12.7
#gates = 1008
output circuit appNtk/alu4_71_0.00414_2516_12.7.blif
time = 1548807525 us
--------------- round 72 ---------------
seed = 1724354570
maxLevel = 1
n887 is replaced by zero with estimated error 0.00374
error = 0.00374
area = 2515
delay = 12.7
#gates = 1007
output circuit appNtk/alu4_72_0.00374_2515_12.7.blif
time = 1568912252 us
--------------- round 73 ---------------
seed = 1705085188
maxLevel = 1
n465 is replaced by one with estimated error 0.00427
error = 0.00427
area = 2508
delay = 12.7
#gates = 1004
output circuit appNtk/alu4_73_0.00427_2508_12.7.blif
time = 1589499226 us
--------------- round 74 ---------------
seed = 1998903726
maxLevel = 1
n1023 is replaced by n350 with estimated error 0.00434
error = 0.00434
area = 2505
delay = 12.7
#gates = 1002
output circuit appNtk/alu4_74_0.00434_2505_12.7.blif
time = 1609568470 us
--------------- round 75 ---------------
seed = 3336914445
maxLevel = 1
n547 is replaced by one with estimated error 0.00409
error = 0.00409
area = 2503
delay = 12.7
#gates = 1001
output circuit appNtk/alu4_75_0.00409_2503_12.7.blif
time = 1629953180 us
--------------- round 76 ---------------
seed = 3309864657
maxLevel = 1
n1129 is replaced by zero with estimated error 0.00456
error = 0.00456
area = 2498
delay = 12.7
#gates = 999
output circuit appNtk/alu4_76_0.00456_2498_12.7.blif
time = 1649944381 us
--------------- round 77 ---------------
seed = 1798197026
maxLevel = 1
n1130 is replaced by zero with estimated error 0.00439
error = 0.00439
area = 2496
delay = 12.7
#gates = 998
output circuit appNtk/alu4_77_0.00439_2496_12.7.blif
time = 1669863182 us
--------------- round 78 ---------------
seed = 1690280864
maxLevel = 1
n633 is replaced by one with estimated error 0.00429
error = 0.00429
area = 2489
delay = 12.7
#gates = 995
output circuit appNtk/alu4_78_0.00429_2489_12.7.blif
time = 1690122006 us
--------------- round 79 ---------------
seed = 2276130045
maxLevel = 1
n404 is replaced by n1070 with estimated error 0.00456
error = 0.00456
area = 2482
delay = 12.7
#gates = 993
output circuit appNtk/alu4_79_0.00456_2482_12.7.blif
time = 1710181510 us
--------------- round 80 ---------------
seed = 3111685521
maxLevel = 1
n631 is replaced by one with estimated error 0.00495
error = 0.00495
area = 2479
delay = 12.7
#gates = 991
output circuit appNtk/alu4_80_0.00495_2479_12.7.blif
time = 1727632995 us
--------------- round 81 ---------------
seed = 2173566117
maxLevel = 1
n957 is replaced by one with estimated error 0.00454
error = 0.00454
area = 2471
delay = 12.7
#gates = 988
output circuit appNtk/alu4_81_0.00454_2471_12.7.blif
time = 1743390537 us
--------------- round 82 ---------------
seed = 3054851478
maxLevel = 1
n303 is replaced by one with estimated error 0.00468
error = 0.00468
area = 2468
delay = 12.7
#gates = 987
output circuit appNtk/alu4_82_0.00468_2468_12.7.blif
time = 1759442617 us
--------------- round 83 ---------------
seed = 4130083128
maxLevel = 1
n834 is replaced by one with estimated error 0.00443
error = 0.00443
area = 2466
delay = 12.7
#gates = 986
output circuit appNtk/alu4_83_0.00443_2466_12.7.blif
time = 1775790625 us
--------------- round 84 ---------------
seed = 3259747081
maxLevel = 1
n1063 is replaced by one with estimated error 0.00498
error = 0.00498
area = 2461
delay = 12.7
#gates = 984
output circuit appNtk/alu4_84_0.00498_2461_12.7.blif
time = 1792626118 us
--------------- round 85 ---------------
seed = 2820845075
maxLevel = 1
n438 is replaced by one with estimated error 0.00494
error = 0.00494
area = 2456
delay = 12.7
#gates = 982
output circuit appNtk/alu4_85_0.00494_2456_12.7.blif
time = 1809636766 us
--------------- round 86 ---------------
seed = 664655297
maxLevel = 1
n435 is replaced by n916 with estimated error 0.00523
error = 0.00523
area = 2454
delay = 12.7
#gates = 981
output circuit appNtk/alu4_86_0.00523_2454_12.7.blif
time = 1825420570 us
--------------- round 87 ---------------
seed = 3521172483
maxLevel = 1
n434 is replaced by n92 with estimated error 0.00483
error = 0.00483
area = 2451
delay = 12.7
#gates = 980
output circuit appNtk/alu4_87_0.00483_2451_12.7.blif
time = 1842081137 us
--------------- round 88 ---------------
seed = 917794642
maxLevel = 1
n1055 is replaced by n770 with estimated error 0.00534
error = 0.00534
area = 2440
delay = 12.7
#gates = 976
output circuit appNtk/alu4_88_0.00534_2440_12.7.blif
time = 1857977849 us
--------------- round 89 ---------------
seed = 3794895963
maxLevel = 1
n410 is replaced by n1056 with estimated error 0.00537
error = 0.00537
area = 2437
delay = 12.7
#gates = 975
output circuit appNtk/alu4_89_0.00537_2437_12.7.blif
time = 1874752127 us
--------------- round 90 ---------------
seed = 148739884
maxLevel = 1
n572 is replaced by zero with estimated error 0.00544
error = 0.00544
area = 2435
delay = 12.7
#gates = 974
output circuit appNtk/alu4_90_0.00544_2435_12.7.blif
time = 1891500660 us
--------------- round 91 ---------------
seed = 1059362647
maxLevel = 1
n610 is replaced by one with estimated error 0.00559
error = 0.00559
area = 2431
delay = 12.7
#gates = 973
output circuit appNtk/alu4_91_0.00559_2431_12.7.blif
time = 1907710639 us
--------------- round 92 ---------------
seed = 2519881895
maxLevel = 1
n931 is replaced by n929 with estimated error 0.00565
error = 0.00565
area = 2425
delay = 12.7
#gates = 970
output circuit appNtk/alu4_92_0.00565_2425_12.7.blif
time = 1923922580 us
--------------- round 93 ---------------
seed = 2476155909
maxLevel = 1
n1084 is replaced by one with estimated error 0.00526
error = 0.00526
area = 2419
delay = 12.7
#gates = 967
output circuit appNtk/alu4_93_0.00526_2419_12.7.blif
time = 1940290021 us
--------------- round 94 ---------------
seed = 1774563100
maxLevel = 1
n844 is replaced by zero with estimated error 0.00577
error = 0.00577
area = 2413
delay = 12.7
#gates = 965
output circuit appNtk/alu4_94_0.00577_2413_12.7.blif
time = 1956807154 us
--------------- round 95 ---------------
seed = 486998156
maxLevel = 1
n1116 is replaced by zero with estimated error 0.00601
error = 0.00601
area = 2408
delay = 12.7
#gates = 963
output circuit appNtk/alu4_95_0.00601_2408_12.7.blif
time = 1972700214 us
--------------- round 96 ---------------
seed = 4233255135
maxLevel = 1
n999 is replaced by n997 with estimated error 0.00588
error = 0.00588
area = 2391
delay = 12.7
#gates = 956
output circuit appNtk/alu4_96_0.00588_2391_12.7.blif
time = 1988495225 us
--------------- round 97 ---------------
seed = 2499908868
maxLevel = 1
n450 is replaced by one with estimated error 0.0059
error = 0.0059
area = 2384
delay = 12.7
#gates = 954
output circuit appNtk/alu4_97_0.0059_2384_12.7.blif
time = 2003941611 us
--------------- round 98 ---------------
seed = 3764623772
maxLevel = 1
n568 is replaced by one with estimated error 0.00658
error = 0.00658
area = 2381
delay = 12.7
#gates = 953
output circuit appNtk/alu4_98_0.00658_2381_12.7.blif
time = 2020301284 us
--------------- round 99 ---------------
seed = 2048815807
maxLevel = 1
n996 is replaced by n508 with estimated error 0.00656
error = 0.00656
area = 2379
delay = 12.7
#gates = 952
output circuit appNtk/alu4_99_0.00656_2379_12.7.blif
time = 2035843095 us
--------------- round 100 ---------------
seed = 3718025594
maxLevel = 1
n955 is replaced by n550 with estimated error 0.00653
error = 0.00653
area = 2376
delay = 12.7
#gates = 951
output circuit appNtk/alu4_100_0.00653_2376_12.7.blif
time = 2051047133 us
--------------- round 101 ---------------
seed = 2567990393
maxLevel = 1
n1051 is replaced by one with estimated error 0.00683
error = 0.00683
area = 2373
delay = 12.7
#gates = 950
output circuit appNtk/alu4_101_0.00683_2373_12.7.blif
time = 2065996035 us
--------------- round 102 ---------------
seed = 1535091237
maxLevel = 1
n988 is replaced by one with estimated error 0.00692
error = 0.00692
area = 2362
delay = 12.7
#gates = 946
output circuit appNtk/alu4_102_0.00692_2362_12.7.blif
time = 2081890983 us
--------------- round 103 ---------------
seed = 1726525239
maxLevel = 1
n871 is replaced by one with estimated error 0.00693
error = 0.00693
area = 2356
delay = 12.7
#gates = 944
output circuit appNtk/alu4_103_0.00693_2356_12.7.blif
time = 2097209383 us
--------------- round 104 ---------------
seed = 2865133432
maxLevel = 1
n1113 is replaced by zero with estimated error 0.00668
error = 0.00668
area = 2351
delay = 12.7
#gates = 942
output circuit appNtk/alu4_104_0.00668_2351_12.7.blif
time = 2112778105 us
--------------- round 105 ---------------
seed = 4120238676
maxLevel = 1
n308 is replaced by n298 with estimated error 0.0069
error = 0.0069
area = 2345
delay = 12.7
#gates = 939
output circuit appNtk/alu4_105_0.0069_2345_12.7.blif
time = 2128641278 us
--------------- round 106 ---------------
seed = 4272407566
maxLevel = 1
n240 is replaced by zero with estimated error 0.0073
error = 0.0073
area = 2343
delay = 12.7
#gates = 938
output circuit appNtk/alu4_106_0.0073_2343_12.7.blif
time = 2144166815 us
--------------- round 107 ---------------
seed = 3921995730
maxLevel = 1
n1114 is replaced by one with estimated error 0.00773
error = 0.00773
area = 2340
delay = 12.7
#gates = 937
output circuit appNtk/alu4_107_0.00773_2340_12.7.blif
time = 2159101455 us
--------------- round 108 ---------------
seed = 3422073326
maxLevel = 1
n958 is replaced by n945 with estimated error 0.00762
error = 0.00762
area = 2315
delay = 12.7
#gates = 928
output circuit appNtk/alu4_108_0.00762_2315_12.7.blif
time = 2174550050 us
--------------- round 109 ---------------
seed = 446615093
maxLevel = 1
n1025 is replaced by n602 with estimated error 0.008
error = 0.008
area = 2311
delay = 12.7
#gates = 927
output circuit appNtk/alu4_109_0.008_2311_12.7.blif
time = 2190134192 us
--------------- round 110 ---------------
seed = 810696266
maxLevel = 1
n1024 is replaced by zero with estimated error 0.00848
error = 0.00848
area = 2309
delay = 12.7
#gates = 926
output circuit appNtk/alu4_110_0.00848_2309_12.7.blif
time = 2204840899 us
--------------- round 111 ---------------
seed = 3463963507
maxLevel = 1
n1077 is replaced by one with estimated error 0.0081
error = 0.0081
area = 2304
delay = 12.7
#gates = 924
output circuit appNtk/alu4_111_0.0081_2304_12.7.blif
time = 2218602348 us
--------------- round 112 ---------------
seed = 3186419462
maxLevel = 1
n570 is replaced by n770 with estimated error 0.00849
error = 0.00849
area = 2299
delay = 12.7
#gates = 922
output circuit appNtk/alu4_112_0.00849_2299_12.7.blif
time = 2232401707 us
--------------- round 113 ---------------
seed = 1877043922
maxLevel = 1
n298 is replaced by one with estimated error 0.00809
error = 0.00809
area = 2293
delay = 12.7
#gates = 920
output circuit appNtk/alu4_113_0.00809_2293_12.7.blif
time = 2246250120 us
--------------- round 114 ---------------
seed = 2651771503
maxLevel = 1
n543 is replaced by one with estimated error 0.00881
error = 0.00881
area = 2283
delay = 12.7
#gates = 916
output circuit appNtk/alu4_114_0.00881_2283_12.7.blif
time = 2259956446 us
--------------- round 115 ---------------
seed = 4278322723
maxLevel = 1
n1086 is replaced by n1104 with estimated error 0.00816
error = 0.00816
area = 2279
delay = 12.7
#gates = 915
output circuit appNtk/alu4_115_0.00816_2279_12.7.blif
time = 2273407396 us
--------------- round 116 ---------------
seed = 4053774166
maxLevel = 1
n874 is replaced by one with estimated error 0.00835
error = 0.00835
area = 2275
delay = 12.7
#gates = 914
output circuit appNtk/alu4_116_0.00835_2275_12.7.blif
time = 2286778896 us
--------------- round 117 ---------------
seed = 2542989768
maxLevel = 1
n1070 is replaced by one with estimated error 0.00845
error = 0.00845
area = 2261
delay = 12.7
#gates = 908
output circuit appNtk/alu4_117_0.00845_2261_12.7.blif
time = 2300028666 us
--------------- round 118 ---------------
seed = 3812145983
maxLevel = 1
n391 is replaced by one with estimated error 0.0101
error = 0.0101
area = 2227
delay = 12.7
#gates = 894
output circuit appNtk/alu4_118_0.0101_2227_12.7.blif
time = 2313334703 us
--------------- round 119 ---------------
seed = 968567990
maxLevel = 1
n490 is replaced by zero with estimated error 0.01001
error = 0.01001
area = 2224
delay = 12.7
#gates = 893
output circuit appNtk/alu4_119_0.01001_2224_12.7.blif
time = 2325944311 us
--------------- round 120 ---------------
seed = 3330223058
maxLevel = 1
n1087 is replaced by one with estimated error 0.00982
error = 0.00982
area = 2220
delay = 12.7
#gates = 891
output circuit appNtk/alu4_120_0.00982_2220_12.7.blif
time = 2338501425 us
--------------- round 121 ---------------
seed = 3493003586
maxLevel = 1
n52 is replaced by n807 with estimated error 0.01072
error = 0.01072
area = 2219
delay = 12.7
#gates = 890
output circuit appNtk/alu4_121_0.01072_2219_12.7.blif
time = 2351531720 us
--------------- round 122 ---------------
seed = 2876840450
maxLevel = 1
n883 is replaced by one with estimated error 0.01065
error = 0.01065
area = 2215
delay = 12.7
#gates = 889
output circuit appNtk/alu4_122_0.01065_2215_12.7.blif
time = 2365072479 us
--------------- round 123 ---------------
seed = 875316426
maxLevel = 1
n289 is replaced by one with estimated error 0.01063
error = 0.01063
area = 2212
delay = 12.7
#gates = 888
output circuit appNtk/alu4_123_0.01063_2212_12.7.blif
time = 2377795786 us
--------------- round 124 ---------------
seed = 2746999120
maxLevel = 1
n847 is replaced by one with estimated error 0.01058
error = 0.01058
area = 2210
delay = 12.7
#gates = 887
output circuit appNtk/alu4_124_0.01058_2210_12.7.blif
time = 2390342207 us
--------------- round 125 ---------------
seed = 785736471
maxLevel = 1
n1131 is replaced by one with estimated error 0.0109
error = 0.0109
area = 2206
delay = 12.7
#gates = 886
output circuit appNtk/alu4_125_0.0109_2206_12.7.blif
time = 2402899971 us
--------------- round 126 ---------------
seed = 1910515029
maxLevel = 1
n1013 is replaced by one with estimated error 0.01062
error = 0.01062
area = 2197
delay = 12.7
#gates = 882
output circuit appNtk/alu4_126_0.01062_2197_12.7.blif
time = 2417419720 us
--------------- round 127 ---------------
seed = 3369679936
maxLevel = 1
n1000 is replaced by zero with estimated error 0.01114
error = 0.01114
area = 2190
delay = 12.7
#gates = 880
output circuit appNtk/alu4_127_0.01114_2190_12.7.blif
time = 2431121263 us
--------------- round 128 ---------------
seed = 1945351367
maxLevel = 1
n1040 is replaced by n913 with estimated error 0.01107
error = 0.01107
area = 2187
delay = 12.7
#gates = 879
output circuit appNtk/alu4_128_0.01107_2187_12.7.blif
time = 2443557831 us
--------------- round 129 ---------------
seed = 640912688
maxLevel = 1
n860 is replaced by one with estimated error 0.01132
error = 0.01132
area = 2176
delay = 12.7
#gates = 875
output circuit appNtk/alu4_129_0.01132_2176_12.7.blif
time = 2455758260 us
--------------- round 130 ---------------
seed = 2808503861
maxLevel = 1
n728 is replaced by one with estimated error 0.01171
error = 0.01171
area = 2170
delay = 12.7
#gates = 872
output circuit appNtk/alu4_130_0.01171_2170_12.7.blif
time = 2467520358 us
--------------- round 131 ---------------
seed = 3334432402
maxLevel = 1
n230 is replaced by one with estimated error 0.01182
error = 0.01182
area = 2167
delay = 12.7
#gates = 871
output circuit appNtk/alu4_131_0.01182_2167_12.7.blif
time = 2480500236 us
--------------- round 132 ---------------
seed = 2279421867
maxLevel = 1
n1003 is replaced by zero with estimated error 0.01198
error = 0.01198
area = 2159
delay = 12.7
#gates = 867
output circuit appNtk/alu4_132_0.01198_2159_12.7.blif
time = 2492299981 us
--------------- round 133 ---------------
seed = 2387426465
maxLevel = 1
n906 is replaced by one with estimated error 0.01217
error = 0.01221
area = 2151
delay = 12.7
#gates = 864
output circuit appNtk/alu4_133_0.01221_2151_12.7.blif
time = 2504875669 us
--------------- round 134 ---------------
seed = 379781433
maxLevel = 1
n907 is replaced by zero with estimated error 0.01249
error = 0.01249
area = 2141
delay = 12.7
#gates = 860
output circuit appNtk/alu4_134_0.01249_2141_12.7.blif
time = 2517021785 us
--------------- round 135 ---------------
seed = 2571450740
maxLevel = 1
n552 is replaced by one with estimated error 0.01374
error = 0.01374
area = 2130
delay = 12.7
#gates = 856
output circuit appNtk/alu4_135_0.01374_2130_12.7.blif
time = 2530105639 us
--------------- round 136 ---------------
seed = 1544724617
maxLevel = 1
n903 is replaced by one with estimated error 0.01317
error = 0.01317
area = 2127
delay = 12.7
#gates = 855
output circuit appNtk/alu4_136_0.01317_2127_12.7.blif
time = 2543328223 us
--------------- round 137 ---------------
seed = 753287050
maxLevel = 1
n244 is replaced by one with estimated error 0.01366
error = 0.01366
area = 2124
delay = 12.7
#gates = 854
output circuit appNtk/alu4_137_0.01366_2124_12.7.blif
time = 2556735698 us
--------------- round 138 ---------------
seed = 2054053297
maxLevel = 1
n199 is replaced by n36 with estimated error 0.01333
error = 0.01333
area = 2122
delay = 12.7
#gates = 853
output circuit appNtk/alu4_138_0.01333_2122_12.7.blif
time = 2568246033 us
--------------- round 139 ---------------
seed = 3946657806
maxLevel = 1
n531 is replaced by one with estimated error 0.01421
error = 0.01421
area = 2117
delay = 12.7
#gates = 851
output circuit appNtk/alu4_139_0.01421_2117_12.7.blif
time = 2579646076 us
--------------- round 140 ---------------
seed = 2819771867
maxLevel = 1
n758 is replaced by one with estimated error 0.01387
error = 0.01387
area = 2115
delay = 12.7
#gates = 850
output circuit appNtk/alu4_140_0.01387_2115_12.7.blif
time = 2591422681 us
--------------- round 141 ---------------
seed = 3763301868
maxLevel = 1
n586 is replaced by n322 with inverter with estimated error 0.01476
error = 0.01476
area = 2111
delay = 12.7
#gates = 849
output circuit appNtk/alu4_141_0.01476_2111_12.7.blif
time = 2602620660 us
--------------- round 142 ---------------
seed = 2859860266
maxLevel = 1
n185 is replaced by n1061 with estimated error 0.01459
error = 0.01459
area = 2105
delay = 12.7
#gates = 846
output circuit appNtk/alu4_142_0.01459_2105_12.7.blif
time = 2613765717 us
--------------- round 143 ---------------
seed = 3062596485
maxLevel = 1
n195 is replaced by n846 with estimated error 0.01388
error = 0.01388
area = 2104
delay = 12.7
#gates = 845
output circuit appNtk/alu4_143_0.01388_2104_12.7.blif
time = 2625807675 us
--------------- round 144 ---------------
seed = 17541250
maxLevel = 1
n1032 is replaced by one with estimated error 0.01493
error = 0.01493
area = 2098
delay = 12.7
#gates = 843
output circuit appNtk/alu4_144_0.01493_2098_12.7.blif
time = 2638369670 us
--------------- round 145 ---------------
seed = 2376153133
maxLevel = 1
n352 is replaced by one with estimated error 0.01492
error = 0.01492
area = 2096
delay = 12.7
#gates = 842
output circuit appNtk/alu4_145_0.01492_2096_12.7.blif
time = 2650127082 us
--------------- round 146 ---------------
seed = 3134198940
maxLevel = 1
n312 is replaced by one with estimated error 0.01466
error = 0.01466
area = 2092
delay = 12.7
#gates = 841
output circuit appNtk/alu4_146_0.01466_2092_12.7.blif
time = 2661467560 us
--------------- round 147 ---------------
seed = 228083640
maxLevel = 1
n740 is replaced by zero with estimated error 0.01566
error = 0.01566
area = 2090
delay = 12.7
#gates = 840
output circuit appNtk/alu4_147_0.01566_2090_12.7.blif
time = 2672687640 us
--------------- round 148 ---------------
seed = 1687777366
maxLevel = 1
n841 is replaced by zero with estimated error 0.01525
error = 0.01525
area = 2088
delay = 12.7
#gates = 839
output circuit appNtk/alu4_148_0.01525_2088_12.7.blif
time = 2683933592 us
--------------- round 149 ---------------
seed = 2421067071
maxLevel = 1
n885 is replaced by one with estimated error 0.01615
error = 0.01615
area = 2057
delay = 12.7
#gates = 829
output circuit appNtk/alu4_149_0.01615_2057_12.7.blif
time = 2695034166 us
--------------- round 150 ---------------
seed = 3415444160
maxLevel = 1
n207 is replaced by n846 with estimated error 0.01599
error = 0.01599
area = 2054
delay = 12.7
#gates = 828
output circuit appNtk/alu4_150_0.01599_2054_12.7.blif
time = 2706783524 us
--------------- round 151 ---------------
seed = 2872634016
maxLevel = 1
n213 is replaced by o_2_ with estimated error 0.01654
error = 0.01654
area = 2033
delay = 12.7
#gates = 820
output circuit appNtk/alu4_151_0.01654_2033_12.7.blif
time = 2718188808 us
--------------- round 152 ---------------
seed = 4267682996
maxLevel = 1
n252 is replaced by n1019 with estimated error 0.01671
error = 0.01671
area = 2013
delay = 12.7
#gates = 813
output circuit appNtk/alu4_152_0.01671_2013_12.7.blif
time = 2729187441 us
--------------- round 153 ---------------
seed = 604647229
maxLevel = 1
n265 is replaced by n179 with estimated error 0.01669
error = 0.01669
area = 2000
delay = 12.7
#gates = 808
output circuit appNtk/alu4_153_0.01669_2000_12.7.blif
time = 2740422783 us
--------------- round 154 ---------------
seed = 1259825311
maxLevel = 1
n158 is replaced by n156 with estimated error 0.01674
error = 0.01674
area = 1990
delay = 12.7
#gates = 804
output circuit appNtk/alu4_154_0.01674_1990_12.7.blif
time = 2751498147 us
--------------- round 155 ---------------
seed = 10947325
maxLevel = 1
n145 is replaced by n168 with estimated error 0.01674
error = 0.01674
area = 1981
delay = 12.7
#gates = 801
output circuit appNtk/alu4_155_0.01674_1981_12.7.blif
time = 2762766118 us
--------------- round 156 ---------------
seed = 3406148461
maxLevel = 1
n1020 is replaced by n415 with estimated error 0.01684
error = 0.01684
area = 1975
delay = 12.7
#gates = 799
output circuit appNtk/alu4_156_0.01684_1975_12.7.blif
time = 2773999700 us
--------------- round 157 ---------------
seed = 2226294502
maxLevel = 1
n163 is replaced by one with estimated error 0.01682
error = 0.01682
area = 1972
delay = 12.7
#gates = 797
output circuit appNtk/alu4_157_0.01682_1972_12.7.blif
time = 2785753667 us
--------------- round 158 ---------------
seed = 977751603
maxLevel = 1
n1019 is replaced by zero with estimated error 0.01574
error = 0.01574
area = 1969
delay = 12.7
#gates = 796
output circuit appNtk/alu4_158_0.01574_1969_12.7.blif
time = 2796895566 us
--------------- round 159 ---------------
seed = 1474231560
maxLevel = 1
n761 is replaced by one with estimated error 0.01634
error = 0.01634
area = 1957
delay = 12.7
#gates = 790
output circuit appNtk/alu4_159_0.01634_1957_12.7.blif
time = 2808013432 us
--------------- round 160 ---------------
seed = 3279238937
maxLevel = 1
n920 is replaced by one with estimated error 0.01714
error = 0.01714
area = 1953
delay = 12.7
#gates = 789
output circuit appNtk/alu4_160_0.01714_1953_12.7.blif
time = 2818874241 us
--------------- round 161 ---------------
seed = 35002954
maxLevel = 1
n944 is replaced by one with estimated error 0.01707
error = 0.01707
area = 1950
delay = 12.7
#gates = 788
output circuit appNtk/alu4_161_0.01707_1950_12.7.blif
time = 2830672098 us
--------------- round 162 ---------------
seed = 849200478
maxLevel = 1
n606 is replaced by zero with estimated error 0.01716
error = 0.01716
area = 1949
delay = 12.7
#gates = 787
output circuit appNtk/alu4_162_0.01716_1949_12.7.blif
time = 2841693433 us
--------------- round 163 ---------------
seed = 2895206141
maxLevel = 1
n1090 is replaced by one with estimated error 0.0185
error = 0.0185
area = 1905
delay = 12.7
#gates = 771
output circuit appNtk/alu4_163_0.0185_1905_12.7.blif
time = 2852976783 us
--------------- round 164 ---------------
seed = 3821236570
maxLevel = 1
n921 is replaced by one with estimated error 0.01883
error = 0.01883
area = 1899
delay = 12.7
#gates = 768
output circuit appNtk/alu4_164_0.01883_1899_12.7.blif
time = 2863674257 us
--------------- round 165 ---------------
seed = 1749132427
maxLevel = 1
n657 is replaced by n495 with estimated error 0.01892
error = 0.01892
area = 1894
delay = 12.7
#gates = 765
output circuit appNtk/alu4_165_0.01892_1894_12.7.blif
time = 2873425366 us
--------------- round 166 ---------------
seed = 10095437
maxLevel = 1
n923 is replaced by zero with estimated error 0.01932
error = 0.01932
area = 1881
delay = 12.7
#gates = 760
output circuit appNtk/alu4_166_0.01932_1881_12.7.blif
time = 2882987338 us
--------------- round 167 ---------------
seed = 2085825049
maxLevel = 1
n910 is replaced by zero with estimated error 0.01905
error = 0.01905
area = 1877
delay = 12.7
#gates = 758
output circuit appNtk/alu4_167_0.01905_1877_12.7.blif
time = 2892555128 us
--------------- round 168 ---------------
seed = 3881672201
maxLevel = 1
n945 is replaced by zero with estimated error 0.01936
error = 0.01936
area = 1870
delay = 12.7
#gates = 756
output circuit appNtk/alu4_168_0.01936_1870_12.7.blif
time = 2901975075 us
--------------- round 169 ---------------
seed = 710440310
maxLevel = 1
n1120 is replaced by one with estimated error 0.01961
error = 0.01961
area = 1861
delay = 12.7
#gates = 753
output circuit appNtk/alu4_169_0.01961_1861_12.7.blif
time = 2912263519 us
--------------- round 170 ---------------
seed = 4019513311
maxLevel = 1
n1121 is replaced by zero with estimated error 0.01976
error = 0.01976
area = 1851
delay = 12.7
#gates = 749
output circuit appNtk/alu4_170_0.01976_1851_12.7.blif
time = 2921993439 us
--------------- round 171 ---------------
seed = 2406072319
maxLevel = 1
n1033 is replaced by one with estimated error 0.02078
error = 0.02078
area = 1849
delay = 12.7
#gates = 748
output circuit appNtk/alu4_171_0.02078_1849_12.7.blif
time = 2931449225 us
--------------- round 172 ---------------
seed = 3714459180
maxLevel = 1
n1045 is replaced by one with estimated error 0.02097
error = 0.02097
area = 1837
delay = 12.7
#gates = 743
output circuit appNtk/alu4_172_0.02097_1837_12.7.blif
time = 2940872709 us
--------------- round 173 ---------------
seed = 1772945916
maxLevel = 1
n1122 is replaced by n1064 with estimated error 0.02098
error = 0.02098
area = 1835
delay = 12.7
#gates = 742
output circuit appNtk/alu4_173_0.02098_1835_12.7.blif
time = 2950269968 us
--------------- round 174 ---------------
seed = 2568265855
maxLevel = 1
n1123 is replaced by n724 with estimated error 0.02129
error = 0.02129
area = 1833
delay = 12.7
#gates = 741
output circuit appNtk/alu4_174_0.02129_1833_12.7.blif
time = 2960167995 us
--------------- round 175 ---------------
seed = 3182955268
maxLevel = 1
n742 is replaced by one with estimated error 0.02124
error = 0.02124
area = 1827
delay = 12.7
#gates = 739
output circuit appNtk/alu4_175_0.02124_1827_12.7.blif
time = 2969657334 us
--------------- round 176 ---------------
seed = 3536725184
maxLevel = 1
n1042 is replaced by n890 with inverter with estimated error 0.02253
error = 0.02253
area = 1817
delay = 12.7
#gates = 735
output circuit appNtk/alu4_176_0.02253_1817_12.7.blif
time = 2978928138 us
--------------- round 177 ---------------
seed = 1209768100
maxLevel = 1
n894 is replaced by n1141 with estimated error 0.02167
error = 0.02167
area = 1814
delay = 12.7
#gates = 734
output circuit appNtk/alu4_177_0.02167_1814_12.7.blif
time = 2988011105 us
--------------- round 178 ---------------
seed = 3427236261
maxLevel = 1
n591 is replaced by one with estimated error 0.02186
error = 0.02186
area = 1811
delay = 12.7
#gates = 733
output circuit appNtk/alu4_178_0.02186_1811_12.7.blif
time = 2996871733 us
--------------- round 179 ---------------
seed = 3038374215
maxLevel = 1
n592 is replaced by zero with estimated error 0.02197
error = 0.02197
area = 1807
delay = 12.7
#gates = 732
output circuit appNtk/alu4_179_0.02197_1807_12.7.blif
time = 3007351738 us
--------------- round 180 ---------------
seed = 764665196
maxLevel = 1
n1036 is replaced by one with estimated error 0.02198
error = 0.02198
area = 1805
delay = 12.7
#gates = 731
output circuit appNtk/alu4_180_0.02198_1805_12.7.blif
time = 3016580960 us
--------------- round 181 ---------------
seed = 3475630336
maxLevel = 1
n662 is replaced by n215 with estimated error 0.02162
error = 0.02162
area = 1803
delay = 12.7
#gates = 730
output circuit appNtk/alu4_181_0.02162_1803_12.7.blif
time = 3025663192 us
--------------- round 182 ---------------
seed = 1875311061
maxLevel = 1
n658 is replaced by n324 with estimated error 0.0226
error = 0.0226
area = 1798
delay = 12.7
#gates = 728
output circuit appNtk/alu4_182_0.0226_1798_12.7.blif
time = 3034674799 us
--------------- round 183 ---------------
seed = 3351651529
maxLevel = 1
n731 is replaced by zero with estimated error 0.02225
error = 0.02225
area = 1793
delay = 12.7
#gates = 726
output circuit appNtk/alu4_183_0.02225_1793_12.7.blif
time = 3043338244 us
--------------- round 184 ---------------
seed = 2756048405
maxLevel = 1
n363 is replaced by n23 with estimated error 0.02249
error = 0.02249
area = 1791
delay = 12.7
#gates = 725
output circuit appNtk/alu4_184_0.02249_1791_12.7.blif
time = 3052068290 us
--------------- round 185 ---------------
seed = 2325480431
maxLevel = 1
n959 is replaced by one with estimated error 0.02293
error = 0.02293
area = 1780
delay = 12.7
#gates = 721
output circuit appNtk/alu4_185_0.02293_1780_12.7.blif
time = 3060853217 us
--------------- round 186 ---------------
seed = 2949146864
maxLevel = 1
n94 is replaced by n56 with estimated error 0.02331
error = 0.02331
area = 1773
delay = 12.7
#gates = 718
output circuit appNtk/alu4_186_0.02331_1773_12.7.blif
time = 3070752106 us
--------------- round 187 ---------------
seed = 2262032684
maxLevel = 1
n344 is replaced by n134 with estimated error 0.02374
error = 0.02374
area = 1770
delay = 12.7
#gates = 717
output circuit appNtk/alu4_187_0.02374_1770_12.7.blif
time = 3080073718 us
--------------- round 188 ---------------
seed = 4213558857
maxLevel = 1
n358 is replaced by n149 with estimated error 0.02401
error = 0.02401
area = 1767
delay = 12.7
#gates = 716
output circuit appNtk/alu4_188_0.02401_1767_12.7.blif
time = 3088712210 us
--------------- round 189 ---------------
seed = 3720875025
maxLevel = 1
n1078 is replaced by zero with estimated error 0.02494
error = 0.02494
area = 1750
delay = 12.7
#gates = 710
output circuit appNtk/alu4_189_0.02494_1750_12.7.blif
time = 3097196329 us
--------------- round 190 ---------------
seed = 1725877205
maxLevel = 1
n350 is replaced by zero with estimated error 0.02484
error = 0.02484
area = 1748
delay = 12.7
#gates = 709
output circuit appNtk/alu4_190_0.02484_1748_12.7.blif
time = 3105627585 us
--------------- round 191 ---------------
seed = 401238163
maxLevel = 1
n1039 is replaced by zero with estimated error 0.02492
error = 0.02492
area = 1744
delay = 12.7
#gates = 707
output circuit appNtk/alu4_191_0.02492_1744_12.7.blif
time = 3113310883 us
--------------- round 192 ---------------
seed = 2232482319
maxLevel = 1
n888 is replaced by n821 with estimated error 0.02535
error = 0.02535
area = 1740
delay = 12.7
#gates = 706
output circuit appNtk/alu4_192_0.02535_1740_12.7.blif
time = 3121158897 us
--------------- round 193 ---------------
seed = 3667166873
maxLevel = 1
n762 is replaced by one with estimated error 0.02542
error = 0.02542
area = 1735
delay = 12.7
#gates = 704
output circuit appNtk/alu4_193_0.02542_1735_12.7.blif
time = 3130188924 us
--------------- round 194 ---------------
seed = 364505093
maxLevel = 1
n632 is replaced by n636 with estimated error 0.0253
error = 0.0253
area = 1728
delay = 12.7
#gates = 701
output circuit appNtk/alu4_194_0.0253_1728_12.7.blif
time = 3138629314 us
--------------- round 195 ---------------
seed = 3666432319
maxLevel = 1
n1141 is replaced by one with estimated error 0.02605
error = 0.0261
area = 1720
delay = 12.7
#gates = 698
output circuit appNtk/alu4_195_0.0261_1720_12.7.blif
time = 3146314615 us
--------------- round 196 ---------------
seed = 1255086222
maxLevel = 1
n776 is replaced by n178 with estimated error 0.02684
error = 0.02684
area = 1717
delay = 12.7
#gates = 697
output circuit appNtk/alu4_196_0.02684_1717_12.7.blif
time = 3154291765 us
--------------- round 197 ---------------
seed = 4196729903
maxLevel = 1
n969 is replaced by one with estimated error 0.02697
error = 0.02697
area = 1709
delay = 12.7
#gates = 694
output circuit appNtk/alu4_197_0.02697_1709_12.7.blif
time = 3162495193 us
--------------- round 198 ---------------
seed = 2592251438
maxLevel = 1
n612 is replaced by zero with estimated error 0.0262
error = 0.0262
area = 1707
delay = 12.7
#gates = 693
output circuit appNtk/alu4_198_0.0262_1707_12.7.blif
time = 3170438015 us
--------------- round 199 ---------------
seed = 1324106259
maxLevel = 1
n611 is replaced by n393 with estimated error 0.02683
error = 0.02683
area = 1703
delay = 12.7
#gates = 692
output circuit appNtk/alu4_199_0.02683_1703_12.7.blif
time = 3177866786 us
--------------- round 200 ---------------
seed = 1734369309
maxLevel = 1
n590 is replaced by one with estimated error 0.02652
error = 0.02652
area = 1696
delay = 12.7
#gates = 689
output circuit appNtk/alu4_200_0.02652_1696_12.7.blif
time = 3185866385 us
--------------- round 201 ---------------
seed = 1666155977
maxLevel = 1
n253 is replaced by one with estimated error 0.02796
error = 0.02796
area = 1693
delay = 12.7
#gates = 688
output circuit appNtk/alu4_201_0.02796_1693_12.7.blif
time = 3194313575 us
--------------- round 202 ---------------
seed = 3755012750
maxLevel = 1
n419 is replaced by zero with estimated error 0.0273
error = 0.0273
area = 1691
delay = 12.7
#gates = 687
output circuit appNtk/alu4_202_0.0273_1691_12.7.blif
time = 3201722834 us
--------------- round 203 ---------------
seed = 3265218403
maxLevel = 1
n258 is replaced by one with estimated error 0.02823
error = 0.02823
area = 1680
delay = 12.7
#gates = 683
output circuit appNtk/alu4_203_0.02823_1680_12.7.blif
time = 3209112115 us
--------------- round 204 ---------------
seed = 130059921
maxLevel = 1
n1006 is replaced by one with estimated error 0.02863
error = 0.02863
area = 1673
delay = 12.7
#gates = 680
output circuit appNtk/alu4_204_0.02863_1673_12.7.blif
time = 3216439696 us
--------------- round 205 ---------------
seed = 2598569422
maxLevel = 1
n719 is replaced by one with estimated error 0.0275
error = 0.0275
area = 1671
delay = 12.7
#gates = 679
output circuit appNtk/alu4_205_0.0275_1671_12.7.blif
time = 3223686122 us
--------------- round 206 ---------------
seed = 3200738688
maxLevel = 1
n917 is replaced by n97 with inverter with estimated error 0.02848
error = 0.02848
area = 1669
delay = 12.7
#gates = 678
output circuit appNtk/alu4_206_0.02848_1669_12.7.blif
time = 3230916541 us
--------------- round 207 ---------------
seed = 4237850890
maxLevel = 1
n1142 is replaced by n512 with estimated error 0.02991
error = 0.02991
area = 1668
delay = 12.7
#gates = 677
output circuit appNtk/alu4_207_0.02991_1668_12.7.blif
time = 3238109821 us
--------------- round 208 ---------------
seed = 3321395273
maxLevel = 1
n501 is replaced by one with estimated error 0.02983
error = 0.02983
area = 1652
delay = 12.7
#gates = 671
output circuit appNtk/alu4_208_0.02983_1652_12.7.blif
time = 3245267332 us
--------------- round 209 ---------------
seed = 1584360982
maxLevel = 1
exceed error bound
