abc command read data/library/mcnc.genlib
Entered genlib library with 23 gates from file "data/library/mcnc.genlib".
abc command read_blif data/su/ksa32.blif
Line 11: Skipping line ".default_input_arrival 0.00 0.00 ".
Line 12: Skipping line ".default_output_required 0.00 0.00 ".
Line 13: Skipping line ".default_input_drive 0.10 0.10 ".
Line 14: Skipping line ".default_output_load 2.00 ".
Line 15: Skipping line ".default_max_input_load 999.00 ".
abc command print_stats
[1;37mksa32                         :[0m i/o =   64/   33  lat =    0  nd =   513  edge =   1090  area =1128.00  delay =17.80  lev = 14
--------------- round 1 ---------------
seed = 2277330663
maxLevel = 1
[164347] is replaced by one with estimated error 0
error = 0
area = 1124
delay = 17.8
#gates = 513
output circuit appNtk/ksa32_1_0_1124_17.8.blif
time = 3318890 us
--------------- round 2 ---------------
seed = 4193879867
maxLevel = 1
[164353] is replaced by one with estimated error 1e-05
error = 1e-05
area = 1120
delay = 17.8
#gates = 511
output circuit appNtk/ksa32_2_1e-05_1120_17.8.blif
time = 6371837 us
--------------- round 3 ---------------
seed = 4180137062
maxLevel = 1
[164351] is replaced by one with estimated error 0
error = 0
area = 1116
delay = 17.7
#gates = 509
output circuit appNtk/ksa32_3_0_1116_17.7.blif
time = 9358178 us
--------------- round 4 ---------------
seed = 3769110410
maxLevel = 1
[164349] is replaced by one with estimated error 2e-05
error = 2e-05
area = 1112
delay = 17.7
#gates = 507
output circuit appNtk/ksa32_4_2e-05_1112_17.7.blif
time = 12269188 us
--------------- round 5 ---------------
seed = 2764915597
maxLevel = 1
[164341] is replaced by one with estimated error 1e-05
error = 1e-05
area = 1109
delay = 17.7
#gates = 506
output circuit appNtk/ksa32_5_1e-05_1109_17.7.blif
time = 15122502 us
--------------- round 6 ---------------
seed = 1753165636
maxLevel = 1
[161059] is replaced by zero with estimated error 1e-05
error = 1e-05
area = 1106
delay = 17.7
#gates = 505
output circuit appNtk/ksa32_6_1e-05_1106_17.7.blif
time = 17935826 us
--------------- round 7 ---------------
seed = 2512591851
maxLevel = 1
[164343] is replaced by one with estimated error 1e-05
error = 1e-05
area = 1103
delay = 17.7
#gates = 504
output circuit appNtk/ksa32_7_1e-05_1103_17.7.blif
time = 20753561 us
--------------- round 8 ---------------
seed = 4219639326
maxLevel = 1
[161061] is replaced by zero with estimated error 4e-05
error = 4e-05
area = 1100
delay = 17.7
#gates = 503
output circuit appNtk/ksa32_8_4e-05_1100_17.7.blif
time = 23521005 us
--------------- round 9 ---------------
seed = 1712795927
maxLevel = 1
[161060] is replaced by zero with estimated error 4e-05
error = 4e-05
area = 1097
delay = 17.7
#gates = 502
output circuit appNtk/ksa32_9_4e-05_1097_17.7.blif
time = 26260400 us
--------------- round 10 ---------------
seed = 617573976
maxLevel = 1
[161062] is replaced by zero with estimated error 4e-05
error = 4e-05
area = 1094
delay = 17.7
#gates = 501
output circuit appNtk/ksa32_10_4e-05_1094_17.7.blif
time = 28990615 us
--------------- round 11 ---------------
seed = 2963726440
maxLevel = 1
[164345] is replaced by one with estimated error 4e-05
error = 4e-05
area = 1091
delay = 17.7
#gates = 500
output circuit appNtk/ksa32_11_4e-05_1091_17.7.blif
time = 31684378 us
--------------- round 12 ---------------
seed = 3880961915
maxLevel = 1
[164331] is replaced by one with estimated error 7e-05
error = 7e-05
area = 1088
delay = 17.7
#gates = 499
output circuit appNtk/ksa32_12_7e-05_1088_17.7.blif
time = 34350175 us
--------------- round 13 ---------------
seed = 2892209493
maxLevel = 1
[162831] is replaced by one with estimated error 6e-05
error = 6e-05
area = 1086
delay = 17.7
#gates = 498
output circuit appNtk/ksa32_13_6e-05_1086_17.7.blif
time = 36968520 us
--------------- round 14 ---------------
seed = 4231455550
maxLevel = 1
[162822] is replaced by one with estimated error 2e-05
error = 2e-05
area = 1084
delay = 17.7
#gates = 497
output circuit appNtk/ksa32_14_2e-05_1084_17.7.blif
time = 39571864 us
--------------- round 15 ---------------
seed = 3656487949
maxLevel = 1
[162809] is replaced by one with estimated error 9e-05
error = 9e-05
area = 1082
delay = 17.7
#gates = 496
output circuit appNtk/ksa32_15_9e-05_1082_17.7.blif
time = 42174503 us
--------------- round 16 ---------------
seed = 3682280897
maxLevel = 1
[162796] is replaced by one with estimated error 5e-05
error = 5e-05
area = 1080
delay = 17.7
#gates = 495
output circuit appNtk/ksa32_16_5e-05_1080_17.7.blif
time = 44757176 us
--------------- round 17 ---------------
seed = 109345037
maxLevel = 1
[163373] is replaced by n499 with estimated error 4e-05
error = 4e-05
area = 1079
delay = 17.7
#gates = 494
output circuit appNtk/ksa32_17_4e-05_1079_17.7.blif
time = 47329886 us
--------------- round 18 ---------------
seed = 1327436134
maxLevel = 1
[162693] is replaced by [162706] with estimated error 7e-05
error = 7e-05
area = 1077
delay = 17.7
#gates = 493
output circuit appNtk/ksa32_18_7e-05_1077_17.7.blif
time = 49889375 us
--------------- round 19 ---------------
seed = 817051834
maxLevel = 1
[163382] is replaced by n508 with estimated error 5e-05
error = 5e-05
area = 1076
delay = 17.7
#gates = 492
output circuit appNtk/ksa32_19_5e-05_1076_17.7.blif
time = 52407118 us
--------------- round 20 ---------------
seed = 1269111743
maxLevel = 1
[163457] is replaced by n503 with estimated error 4e-05
error = 4e-05
area = 1075
delay = 17.7
#gates = 491
output circuit appNtk/ksa32_20_4e-05_1075_17.7.blif
time = 54910642 us
--------------- round 21 ---------------
seed = 151327521
maxLevel = 1
[162823] is replaced by n494 with inverter with estimated error 9e-05
error = 9e-05
area = 1073
delay = 17.7
#gates = 491
output circuit appNtk/ksa32_21_9e-05_1073_17.7.blif
time = 57376261 us
--------------- round 22 ---------------
seed = 3545244405
maxLevel = 1
cout is replaced by n613 with estimated error 1e-05
error = 1e-05
area = 1070
delay = 17.7
#gates = 490
output circuit appNtk/ksa32_22_1e-05_1070_17.7.blif
time = 59817406 us
--------------- round 23 ---------------
seed = 4020821658
maxLevel = 1
[163391] is replaced by n502 with estimated error 6e-05
error = 6e-05
area = 1069
delay = 17.7
#gates = 489
output circuit appNtk/ksa32_23_6e-05_1069_17.7.blif
time = 62217371 us
--------------- round 24 ---------------
seed = 2124925751
maxLevel = 1
[162719] is replaced by [162732] with estimated error 2e-05
error = 2e-05
area = 1067
delay = 17.7
#gates = 488
output circuit appNtk/ksa32_24_2e-05_1067_17.7.blif
time = 64593609 us
--------------- round 25 ---------------
seed = 4178192331
maxLevel = 1
[163470] is replaced by n491 with estimated error 9e-05
error = 9e-05
area = 1066
delay = 17.7
#gates = 487
output circuit appNtk/ksa32_25_9e-05_1066_17.7.blif
time = 66938276 us
--------------- round 26 ---------------
seed = 2619742419
maxLevel = 1
[163449] is replaced by n504 with estimated error 5e-05
error = 5e-05
area = 1065
delay = 17.7
#gates = 486
output circuit appNtk/ksa32_26_5e-05_1065_17.7.blif
time = 69287359 us
--------------- round 27 ---------------
seed = 745146209
maxLevel = 1
[163440] is replaced by n505 with estimated error 7e-05
error = 7e-05
area = 1064
delay = 17.7
#gates = 485
output circuit appNtk/ksa32_27_7e-05_1064_17.7.blif
time = 71593832 us
--------------- round 28 ---------------
seed = 317808245
maxLevel = 1
[162797] is replaced by [162810] with estimated error 8e-05
error = 8e-05
area = 1061
delay = 17.7
#gates = 484
output circuit appNtk/ksa32_28_8e-05_1061_17.7.blif
time = 73847749 us
--------------- round 29 ---------------
seed = 1641982534
maxLevel = 1
[163404] is replaced by n498 with estimated error 0.0001
error = 0.0001
area = 1060
delay = 17.7
#gates = 483
output circuit appNtk/ksa32_29_0.0001_1060_17.7.blif
time = 76098718 us
--------------- round 30 ---------------
seed = 2001924968
maxLevel = 1
[162745] is replaced by [162758] with estimated error 3e-05
error = 3e-05
area = 1058
delay = 17.7
#gates = 482
output circuit appNtk/ksa32_30_3e-05_1058_17.7.blif
time = 78314982 us
--------------- round 31 ---------------
seed = 683817379
maxLevel = 1
[163431] is replaced by n510 with estimated error 5e-05
error = 5e-05
area = 1057
delay = 17.7
#gates = 481
output circuit appNtk/ksa32_31_5e-05_1057_17.7.blif
time = 80503873 us
--------------- round 32 ---------------
seed = 2002026941
maxLevel = 1
[163422] is replaced by n506 with estimated error 1e-05
error = 1e-05
area = 1056
delay = 17.7
#gates = 480
output circuit appNtk/ksa32_32_1e-05_1056_17.7.blif
time = 82667544 us
--------------- round 33 ---------------
seed = 2945715888
maxLevel = 1
[162771] is replaced by [162784] with estimated error 5e-05
error = 5e-05
area = 1054
delay = 17.7
#gates = 479
output circuit appNtk/ksa32_33_5e-05_1054_17.7.blif
time = 84838228 us
--------------- round 34 ---------------
seed = 2379766522
maxLevel = 1
[163413] is replaced by n507 with estimated error 5e-05
error = 5e-05
area = 1053
delay = 17.7
#gates = 478
output circuit appNtk/ksa32_34_5e-05_1053_17.7.blif
time = 86965018 us
--------------- round 35 ---------------
seed = 1687537819
maxLevel = 1
[162551] is replaced by [162549] with estimated error 0.00095
error = 0.00095
area = 1047
delay = 17.7
#gates = 476
output circuit appNtk/ksa32_35_0.00095_1047_17.7.blif
time = 89088954 us
--------------- round 36 ---------------
seed = 3360675296
maxLevel = 1
[163257] is replaced by [164105] with estimated error 0.00098
error = 0.00098
area = 1046
delay = 17.7
#gates = 475
output circuit appNtk/ksa32_36_0.00098_1046_17.7.blif
time = 91166715 us
--------------- round 37 ---------------
seed = 3378958188
maxLevel = 1
n613 is replaced by [162828] with estimated error 0.00298
error = 0.00298
area = 1038
delay = 17.7
#gates = 471
output circuit appNtk/ksa32_37_0.00298_1038_17.7.blif
time = 93246602 us
--------------- round 38 ---------------
seed = 1851233082
maxLevel = 1
[164237] is replaced by [164233] with estimated error 0.00354
error = 0.00354
area = 1034
delay = 17.7
#gates = 469
output circuit appNtk/ksa32_38_0.00354_1034_17.7.blif
time = 95287414 us
--------------- round 39 ---------------
seed = 3902602471
maxLevel = 1
[164211] is replaced by [164067] with estimated error 0.00431
error = 0.00431
area = 1030
delay = 17.7
#gates = 467
output circuit appNtk/ksa32_39_0.00431_1030_17.7.blif
time = 97306210 us
--------------- round 40 ---------------
seed = 3648220605
maxLevel = 1
[164207] is replaced by [164201] with estimated error 0.00513
error = 0.00513
area = 1026
delay = 17.7
#gates = 465
output circuit appNtk/ksa32_40_0.00513_1026_17.7.blif
time = 99306584 us
--------------- round 41 ---------------
seed = 3547640911
maxLevel = 1
[162562] is replaced by [162560] with estimated error 0.0062
error = 0.0062
area = 1020
delay = 17.7
#gates = 463
output circuit appNtk/ksa32_41_0.0062_1020_17.7.blif
time = 101289537 us
--------------- round 42 ---------------
seed = 2675727098
maxLevel = 1
[163267] is replaced by [164102] with estimated error 0.00603
error = 0.00603
area = 1019
delay = 17.7
#gates = 462
output circuit appNtk/ksa32_42_0.00603_1019_17.7.blif
time = 103249099 us
--------------- round 43 ---------------
seed = 1785627535
maxLevel = 1
[162573] is replaced by [162571] with estimated error 0.00694
error = 0.00694
area = 1013
delay = 17.7
#gates = 460
output circuit appNtk/ksa32_43_0.00694_1013_17.7.blif
time = 105195520 us
--------------- round 44 ---------------
seed = 4189431088
maxLevel = 1
[164099] is replaced by [163277] with estimated error 0.00684
error = 0.00684
area = 1012
delay = 17.7
#gates = 459
output circuit appNtk/ksa32_44_0.00684_1012_17.7.blif
time = 107114615 us
--------------- round 45 ---------------
seed = 812595426
maxLevel = 1
[163287] is replaced by [164096] with estimated error 0.00795
error = 0.00795
area = 1011
delay = 17.7
#gates = 458
output circuit appNtk/ksa32_45_0.00795_1011_17.7.blif
time = 109025093 us
--------------- round 46 ---------------
seed = 1834657406
maxLevel = 1
[162584] is replaced by [162582] with estimated error 0.00784
error = 0.00784
area = 1005
delay = 17.7
#gates = 456
output circuit appNtk/ksa32_46_0.00784_1005_17.7.blif
time = 110921564 us
--------------- round 47 ---------------
seed = 2105604164
maxLevel = 1
exceed error bound
