abc command read data/library/mcnc.genlib
Entered genlib library with 23 gates from file "data/library/mcnc.genlib".
abc command read_blif data/su/ksa32.blif
Line 11: Skipping line ".default_input_arrival 0.00 0.00 ".
Line 12: Skipping line ".default_output_required 0.00 0.00 ".
Line 13: Skipping line ".default_input_drive 0.10 0.10 ".
Line 14: Skipping line ".default_output_load 2.00 ".
Line 15: Skipping line ".default_max_input_load 999.00 ".
abc command print_stats
[1;37mksa32                         :[0m i/o =   64/   33  lat =    0  nd =   513  edge =   1090  area =1128.00  delay =17.80  lev = 14
--------------- round 1 ---------------
seed = 1386153572
maxLevel = 1
[164351] is replaced by one with estimated error 0
error = 0
area = 1124
delay = 17.8
#gates = 513
output circuit appNtk/ksa32_1_0_1124_17.8.blif
time = 3427577 us
--------------- round 2 ---------------
seed = 1969488863
maxLevel = 1
[164349] is replaced by one with estimated error 1e-05
error = 1e-05
area = 1120
delay = 17.8
#gates = 511
output circuit appNtk/ksa32_2_1e-05_1120_17.8.blif
time = 6569234 us
--------------- round 3 ---------------
seed = 1596906225
maxLevel = 1
[164347] is replaced by one with estimated error 1e-05
error = 1e-05
area = 1116
delay = 17.7
#gates = 509
output circuit appNtk/ksa32_3_1e-05_1116_17.7.blif
time = 9656072 us
--------------- round 4 ---------------
seed = 3836848419
maxLevel = 1
[161061] is replaced by [161062] with estimated error 4e-05
error = 4e-05
area = 1113
delay = 17.7
#gates = 508
output circuit appNtk/ksa32_4_4e-05_1113_17.7.blif
time = 12682704 us
--------------- round 5 ---------------
seed = 710891103
maxLevel = 1
[161062] is replaced by [161060] with estimated error 2e-05
error = 2e-05
area = 1110
delay = 17.7
#gates = 507
output circuit appNtk/ksa32_5_2e-05_1110_17.7.blif
time = 15673063 us
--------------- round 6 ---------------
seed = 1592617437
maxLevel = 1
[164341] is replaced by [164343] with estimated error 5e-05
error = 5e-05
area = 1107
delay = 17.7
#gates = 506
output circuit appNtk/ksa32_6_5e-05_1107_17.7.blif
time = 18656580 us
--------------- round 7 ---------------
seed = 599580922
maxLevel = 1
[164353] is replaced by [162809] with estimated error 3e-05
error = 3e-05
area = 1103
delay = 17.7
#gates = 504
output circuit appNtk/ksa32_7_3e-05_1103_17.7.blif
time = 21614408 us
--------------- round 8 ---------------
seed = 2380153772
maxLevel = 1
[164343] is replaced by one with estimated error 1e-05
error = 1e-05
area = 1100
delay = 17.7
#gates = 503
output circuit appNtk/ksa32_8_1e-05_1100_17.7.blif
time = 24510984 us
--------------- round 9 ---------------
seed = 608641019
maxLevel = 1
[161059] is replaced by zero with estimated error 4e-05
error = 4e-05
area = 1097
delay = 17.7
#gates = 502
output circuit appNtk/ksa32_9_4e-05_1097_17.7.blif
time = 27359483 us
--------------- round 10 ---------------
seed = 1099593950
maxLevel = 1
[162809] is replaced by one with estimated error 9e-05
error = 9e-05
area = 1095
delay = 17.7
#gates = 501
output circuit appNtk/ksa32_10_9e-05_1095_17.7.blif
time = 30192626 us
--------------- round 11 ---------------
seed = 2527315158
maxLevel = 1
[161060] is replaced by zero with estimated error 3e-05
error = 3e-05
area = 1092
delay = 17.7
#gates = 500
output circuit appNtk/ksa32_11_3e-05_1092_17.7.blif
time = 33014897 us
--------------- round 12 ---------------
seed = 628375044
maxLevel = 1
[164345] is replaced by one with estimated error 1e-05
error = 1e-05
area = 1089
delay = 17.7
#gates = 499
output circuit appNtk/ksa32_12_1e-05_1089_17.7.blif
time = 35784561 us
--------------- round 13 ---------------
seed = 318335145
maxLevel = 1
[162831] is replaced by one with estimated error 9e-05
error = 9e-05
area = 1087
delay = 17.7
#gates = 498
output circuit appNtk/ksa32_13_9e-05_1087_17.7.blif
time = 38533484 us
--------------- round 14 ---------------
seed = 2955615461
maxLevel = 1
[164331] is replaced by one with estimated error 3e-05
error = 3e-05
area = 1084
delay = 17.7
#gates = 497
output circuit appNtk/ksa32_14_3e-05_1084_17.7.blif
time = 41254789 us
--------------- round 15 ---------------
seed = 3835052019
maxLevel = 1
[162822] is replaced by one with estimated error 2e-05
error = 2e-05
area = 1082
delay = 17.7
#gates = 496
output circuit appNtk/ksa32_15_2e-05_1082_17.7.blif
time = 43939887 us
--------------- round 16 ---------------
seed = 1362059389
maxLevel = 1
[162796] is replaced by one with estimated error 4e-05
error = 4e-05
area = 1080
delay = 17.7
#gates = 495
output circuit appNtk/ksa32_16_4e-05_1080_17.7.blif
time = 46684847 us
--------------- round 17 ---------------
seed = 3468558592
maxLevel = 1
[163457] is replaced by n503 with estimated error 5e-05
error = 5e-05
area = 1079
delay = 17.7
#gates = 494
output circuit appNtk/ksa32_17_5e-05_1079_17.7.blif
time = 49351672 us
--------------- round 18 ---------------
seed = 4084518518
maxLevel = 1
[162823] is replaced by n494 with inverter with estimated error 0.0001
error = 0.0001
area = 1077
delay = 17.7
#gates = 494
output circuit appNtk/ksa32_18_0.0001_1077_17.7.blif
time = 51966950 us
--------------- round 19 ---------------
seed = 3707874553
maxLevel = 1
cout is replaced by n613 with estimated error 5e-05
error = 5e-05
area = 1074
delay = 17.7
#gates = 493
output circuit appNtk/ksa32_19_5e-05_1074_17.7.blif
time = 54554126 us
--------------- round 20 ---------------
seed = 2378746224
maxLevel = 1
[163449] is replaced by n504 with estimated error 7e-05
error = 7e-05
area = 1073
delay = 17.7
#gates = 492
output circuit appNtk/ksa32_20_7e-05_1073_17.7.blif
time = 57107841 us
--------------- round 21 ---------------
seed = 4122360215
maxLevel = 1
[163440] is replaced by n505 with estimated error 6e-05
error = 6e-05
area = 1072
delay = 17.7
#gates = 491
output circuit appNtk/ksa32_21_6e-05_1072_17.7.blif
time = 59630083 us
--------------- round 22 ---------------
seed = 1351427297
maxLevel = 1
[162797] is replaced by [162810] with estimated error 7e-05
error = 7e-05
area = 1069
delay = 17.7
#gates = 490
output circuit appNtk/ksa32_22_7e-05_1069_17.7.blif
time = 62129895 us
--------------- round 23 ---------------
seed = 2532482254
maxLevel = 1
[163431] is replaced by n510 with estimated error 9e-05
error = 9e-05
area = 1068
delay = 17.7
#gates = 489
output circuit appNtk/ksa32_23_9e-05_1068_17.7.blif
time = 64582249 us
--------------- round 24 ---------------
seed = 1667413670
maxLevel = 1
[163422] is replaced by n506 with estimated error 6e-05
error = 6e-05
area = 1067
delay = 17.7
#gates = 488
output circuit appNtk/ksa32_24_6e-05_1067_17.7.blif
time = 67017602 us
--------------- round 25 ---------------
seed = 406493315
maxLevel = 1
[162771] is replaced by [162784] with estimated error 6e-05
error = 6e-05
area = 1065
delay = 17.7
#gates = 487
output circuit appNtk/ksa32_25_6e-05_1065_17.7.blif
time = 69449404 us
--------------- round 26 ---------------
seed = 792971366
maxLevel = 1
[163413] is replaced by n507 with estimated error 6e-05
error = 6e-05
area = 1064
delay = 17.7
#gates = 486
output circuit appNtk/ksa32_26_6e-05_1064_17.7.blif
time = 71830145 us
--------------- round 27 ---------------
seed = 1524115953
maxLevel = 1
[163404] is replaced by n498 with estimated error 8e-05
error = 8e-05
area = 1063
delay = 17.7
#gates = 485
output circuit appNtk/ksa32_27_8e-05_1063_17.7.blif
time = 74187503 us
--------------- round 28 ---------------
seed = 2730400332
maxLevel = 1
[162745] is replaced by [162758] with estimated error 5e-05
error = 5e-05
area = 1061
delay = 17.7
#gates = 484
output circuit appNtk/ksa32_28_5e-05_1061_17.7.blif
time = 76535915 us
--------------- round 29 ---------------
seed = 394357371
maxLevel = 1
[163470] is replaced by n491 with estimated error 4e-05
error = 4e-05
area = 1060
delay = 17.7
#gates = 483
output circuit appNtk/ksa32_29_4e-05_1060_17.7.blif
time = 78852991 us
--------------- round 30 ---------------
seed = 884132096
maxLevel = 1
[163391] is replaced by n502 with estimated error 4e-05
error = 4e-05
area = 1059
delay = 17.7
#gates = 482
output circuit appNtk/ksa32_30_4e-05_1059_17.7.blif
time = 81152890 us
--------------- round 31 ---------------
seed = 4000374851
maxLevel = 1
[162719] is replaced by [162732] with estimated error 2e-05
error = 2e-05
area = 1057
delay = 17.7
#gates = 481
output circuit appNtk/ksa32_31_2e-05_1057_17.7.blif
time = 83418771 us
--------------- round 32 ---------------
seed = 4027847384
maxLevel = 1
[163382] is replaced by n508 with estimated error 5e-05
error = 5e-05
area = 1056
delay = 17.7
#gates = 480
output circuit appNtk/ksa32_32_5e-05_1056_17.7.blif
time = 85664880 us
--------------- round 33 ---------------
seed = 2401499857
maxLevel = 1
[163373] is replaced by n499 with estimated error 3e-05
error = 3e-05
area = 1055
delay = 17.7
#gates = 479
output circuit appNtk/ksa32_33_3e-05_1055_17.7.blif
time = 87906620 us
--------------- round 34 ---------------
seed = 3484450673
maxLevel = 1
[162693] is replaced by [162706] with estimated error 5e-05
error = 5e-05
area = 1053
delay = 17.7
#gates = 478
output circuit appNtk/ksa32_34_5e-05_1053_17.7.blif
time = 90113669 us
--------------- round 35 ---------------
seed = 911396114
maxLevel = 1
[164229] is replaced by [164223] with estimated error 0.00064
error = 0.00064
area = 1049
delay = 17.7
#gates = 476
output circuit appNtk/ksa32_35_0.00064_1049_17.7.blif
time = 92284100 us
--------------- round 36 ---------------
seed = 2863792538
maxLevel = 1
n613 is replaced by [162828] with estimated error 0.0029
error = 0.0029
area = 1041
delay = 17.7
#gates = 472
output circuit appNtk/ksa32_36_0.0029_1041_17.7.blif
time = 94449104 us
--------------- round 37 ---------------
seed = 3560555209
maxLevel = 1
exceed error bound
