abc command read data/library/mcnc.genlib
Entered genlib library with 23 gates from file "data/library/mcnc.genlib".
abc command read_blif data/su/rca32.blif
abc command print_stats
[1;37mrca32                         :[0m i/o =   64/   33  lat =    0  nd =   298  edge =    585  area =666.00  delay =16.10  lev = 12
--------------- round 1 ---------------
seed = 2535302500
maxLevel = 1
n356 is replaced by zero with estimated error 0.00011
error = 0.00011
area = 661
delay = 16
#gates = 298
output circuit appNtk/rca32_1_0.00011_661_16.blif
time = 1389586 us
--------------- round 2 ---------------
seed = 350413506
maxLevel = 1
n242 is replaced by one with estimated error 0.0022
error = 0.0022
area = 656
delay = 16
#gates = 296
output circuit appNtk/rca32_2_0.0022_656_16.blif
time = 2446541 us
--------------- round 3 ---------------
seed = 274382480
maxLevel = 1
n320 is replaced by zero with estimated error 0.00382
error = 0.00382
area = 654
delay = 16
#gates = 295
output circuit appNtk/rca32_3_0.00382_654_16.blif
time = 3324586 us
--------------- round 4 ---------------
seed = 1083543254
maxLevel = 1
exceed error bound
