abc command read data/library/mcnc.genlib
Entered genlib library with 23 gates from file "data/library/mcnc.genlib".
abc command read_blif data/su/rca32.blif
abc command print_stats
[1;37mrca32                         :[0m i/o =   64/   33  lat =    0  nd =   298  edge =    585  area =666.00  delay =16.10  lev = 12
--------------- round 1 ---------------
seed = 470202288
maxLevel = 1
n356 is replaced by zero with estimated error 0.00022
error = 0.00022
area = 661
delay = 16
#gates = 298
output circuit appNtk/rca32_1_0.00022_661_16.blif
time = 1369353 us
--------------- round 2 ---------------
seed = 1564493797
maxLevel = 1
n242 is replaced by one with estimated error 0.00209
error = 0.00209
area = 656
delay = 16
#gates = 296
output circuit appNtk/rca32_2_0.00209_656_16.blif
time = 2414361 us
--------------- round 3 ---------------
seed = 1765486354
maxLevel = 1
n320 is replaced by zero with estimated error 0.0038
error = 0.0038
area = 654
delay = 16
#gates = 295
output circuit appNtk/rca32_3_0.0038_654_16.blif
time = 3286359 us
--------------- round 4 ---------------
seed = 4100979645
maxLevel = 1
n358 is replaced by n334 with estimated error 0.01972
error = 0.01972
area = 651
delay = 16
#gates = 294
output circuit appNtk/rca32_4_0.01972_651_16.blif
time = 4143354 us
--------------- round 5 ---------------
seed = 4203277183
maxLevel = 1
exceed error bound
