abc command read data/library/mcnc.genlib
Entered genlib library with 23 gates from file "data/library/mcnc.genlib".
abc command read_blif data/su/wal8.blif
Line 9: Skipping line ".default_input_arrival 0.00 0.00 ".
Line 10: Skipping line ".default_output_required 0.00 0.00 ".
Line 11: Skipping line ".default_input_drive 0.10 0.10 ".
Line 12: Skipping line ".default_output_load 2.00 ".
Line 13: Skipping line ".default_max_input_load 999.00 ".
abc command print_stats
[1;37mwal8                          :[0m i/o =   16/   16  lat =    0  nd =   490  edge =   1058  area =1081.00  delay =45.30  lev = 36
--------------- round 1 ---------------
seed = 1706657148
maxLevel = 1
[174797] is replaced by [176053] with estimated error 0
error = 0
area = 1078
delay = 44.7
#gates = 491
output circuit appNtk/wal8_1_0_1078_44.7.blif
time = 6165985 us
--------------- round 2 ---------------
seed = 2176577124
maxLevel = 1
[175875] is replaced by [176013] with estimated error 0
error = 0
area = 1075
delay = 44.1
#gates = 490
output circuit appNtk/wal8_2_0_1075_44.1.blif
time = 12220569 us
--------------- round 3 ---------------
seed = 2400185499
maxLevel = 1
[174261] is replaced by [175768] with estimated error 0
error = 0
area = 1073
delay = 44.1
#gates = 489
output circuit appNtk/wal8_3_0_1073_44.1.blif
time = 18180096 us
--------------- round 4 ---------------
seed = 4045666044
maxLevel = 1
[174713] is replaced by [174337] with estimated error 0
error = 0
area = 1071
delay = 43.1
#gates = 488
output circuit appNtk/wal8_4_0_1071_43.1.blif
time = 24151004 us
--------------- round 5 ---------------
seed = 646019517
maxLevel = 1
[175969] is replaced by [174846] with estimated error 0
error = 0
area = 1069
delay = 43.1
#gates = 487
output circuit appNtk/wal8_5_0_1069_43.1.blif
time = 30105357 us
--------------- round 6 ---------------
seed = 2544483735
maxLevel = 1
[174867] is replaced by [175015] with estimated error 0
error = 0
area = 1067
delay = 43.1
#gates = 486
output circuit appNtk/wal8_6_0_1067_43.1.blif
time = 36020743 us
--------------- round 7 ---------------
seed = 2335626332
maxLevel = 1
[174864] is replaced by [175953] with estimated error 0
error = 0
area = 1065
delay = 43.1
#gates = 485
output circuit appNtk/wal8_7_0_1065_43.1.blif
time = 41820191 us
--------------- round 8 ---------------
seed = 520263889
maxLevel = 1
[175604] is replaced by [176023] with estimated error 0
error = 0
area = 1063
delay = 43.1
#gates = 484
output circuit appNtk/wal8_8_0_1063_43.1.blif
time = 47492796 us
--------------- round 9 ---------------
seed = 575691949
maxLevel = 1
[174151] is replaced by n312 with inverter with estimated error 0
error = 0
area = 1061
delay = 43.1
#gates = 484
output circuit appNtk/wal8_9_0_1061_43.1.blif
time = 53149606 us
--------------- round 10 ---------------
seed = 301589283
maxLevel = 1
[174314] is replaced by n382 with inverter with estimated error 0
error = 0
area = 1059
delay = 43.1
#gates = 484
output circuit appNtk/wal8_10_0_1059_43.1.blif
time = 58804582 us
--------------- round 11 ---------------
seed = 1922034914
maxLevel = 1
[175759] is replaced by [176137] with estimated error 0
error = 0
area = 1057
delay = 43.1
#gates = 483
output circuit appNtk/wal8_11_0_1057_43.1.blif
time = 64462487 us
--------------- round 12 ---------------
seed = 721623411
maxLevel = 1
n108 is replaced by [174200] with inverter with estimated error 0
error = 0
area = 1055
delay = 43.1
#gates = 482
output circuit appNtk/wal8_12_0_1055_43.1.blif
time = 70129936 us
--------------- round 13 ---------------
seed = 2247062298
maxLevel = 1
n109 is replaced by [174183] with inverter with estimated error 0
error = 0
area = 1053
delay = 43.1
#gates = 481
output circuit appNtk/wal8_13_0_1053_43.1.blif
time = 75767368 us
--------------- round 14 ---------------
seed = 4270329012
maxLevel = 1
[174710] is replaced by [174339] with estimated error 0
error = 0
area = 1052
delay = 43.1
#gates = 480
output circuit appNtk/wal8_14_0_1052_43.1.blif
time = 81374577 us
--------------- round 15 ---------------
seed = 658400716
maxLevel = 1
[174657] is replaced by [174226] with estimated error 0
error = 0
area = 1051
delay = 43.1
#gates = 479
output circuit appNtk/wal8_15_0_1051_43.1.blif
time = 86976092 us
--------------- round 16 ---------------
seed = 1585072518
maxLevel = 1
[174849] is replaced by [174333] with estimated error 0.00012
error = 0.00012
area = 1049
delay = 43.1
#gates = 478
output circuit appNtk/wal8_16_0.00012_1049_43.1.blif
time = 92550020 us
--------------- round 17 ---------------
seed = 259103658
maxLevel = 1
[174799] is replaced by [174274] with estimated error 0.00139
error = 0.00139
area = 1047
delay = 43.1
#gates = 477
output circuit appNtk/wal8_17_0.00139_1047_43.1.blif
time = 98095374 us
--------------- round 18 ---------------
seed = 905834108
maxLevel = 1
[174830] is replaced by [174310] with estimated error 0.00314
error = 0.00314
area = 1045
delay = 43.1
#gates = 476
output circuit appNtk/wal8_18_0.00314_1045_43.1.blif
time = 103631400 us
--------------- round 19 ---------------
seed = 3495167076
maxLevel = 1
[174777] is replaced by one with estimated error 0.00526
error = 0.00526
area = 1043
delay = 43.1
#gates = 475
output circuit appNtk/wal8_19_0.00526_1043_43.1.blif
time = 109152236 us
--------------- round 20 ---------------
seed = 2997569820
maxLevel = 1
[175076] is replaced by n413 with estimated error 0.00584
error = 0.00584
area = 1042
delay = 43.1
#gates = 474
output circuit appNtk/wal8_20_0.00584_1042_43.1.blif
time = 114632012 us
--------------- round 21 ---------------
seed = 4003993845
maxLevel = 1
[174195] is replaced by one with estimated error 0.00964
error = 0.00964
area = 1039
delay = 41.7
#gates = 472
output circuit appNtk/wal8_21_0.00964_1039_41.7.blif
time = 120268296 us
--------------- round 22 ---------------
seed = 2076209728
maxLevel = 1
[174150] is replaced by one with estimated error 0.013
error = 0.013
area = 1036
delay = 41.7
#gates = 470
output circuit appNtk/wal8_22_0.013_1036_41.7.blif
time = 125922140 us
--------------- round 23 ---------------
seed = 3506216470
maxLevel = 1
[174702] is replaced by [174333] with estimated error 0.01545
error = 0.01545
area = 1035
delay = 41.7
#gates = 469
output circuit appNtk/wal8_23_0.01545_1035_41.7.blif
time = 131514965 us
--------------- round 24 ---------------
seed = 438320172
maxLevel = 1
[174134] is replaced by one with estimated error 0.02335
error = 0.02335
area = 1032
delay = 41.7
#gates = 467
output circuit appNtk/wal8_24_0.02335_1032_41.7.blif
time = 137085763 us
--------------- round 25 ---------------
seed = 3800644135
maxLevel = 1
[174901] is replaced by [175069] with estimated error 0.02592
error = 0.02592
area = 1031
delay = 41.7
#gates = 466
output circuit appNtk/wal8_25_0.02592_1031_41.7.blif
time = 142603422 us
--------------- round 26 ---------------
seed = 1069416312
maxLevel = 1
[174694] is replaced by [174835] with estimated error 0.0297
error = 0.0297
area = 1030
delay = 41.7
#gates = 465
output circuit appNtk/wal8_26_0.0297_1030_41.7.blif
time = 148103812 us
--------------- round 27 ---------------
seed = 1563519297
maxLevel = 1
exceed error bound
