abc command read data/library/mcnc.genlib
Entered genlib library with 23 gates from file "data/library/mcnc.genlib".
abc command read_blif data/sasimi-arith/EUDIST.blif
abc command print_stats
[1;37mEUDIST                        :[0m i/o =   32/   16  lat =    0  nd =  1122  edge =   2336  area =2731.00  delay =53.80  lev = 51
--------------- round 1 ---------------
seed = 1141429481
maxLevel = 1

0%   10   20   30   40   50   60   70   80   90   100%
|----|----|----|----|----|----|----|----|----|----|
***************************************************
size of nodeLACs = 1173
size of candLACs = 112
n274 is replaced by n205 with estimated error 0
error = 0
high accuracy error = 0
area = 2719
delay = 53.8
#gates = 1119
output circuit appNtk/EUDIST_1_0_2719_53.8.blif
time = 27321115 us
--------------- round 2 ---------------
seed = 3224577963
maxLevel = 1

0%   10   20   30   40   50   60   70   80   90   100%
|----|----|----|----|----|----|----|----|----|----|
***************************************************
size of nodeLACs = 1173
size of candLACs = 109
n210 is replaced by one with estimated error 0.0751965
error = 0.0751965
high accuracy error = 7.62121
area = 2716
delay = 53.8
#gates = 1118
output circuit appNtk/EUDIST_2_0.0751965_2716_53.8.blif
time = 56720733 us
--------------- round 3 ---------------
seed = 570563237
maxLevel = 1

0%   10   20   30   40   50   60   70   80   90   100%
|----|----|----|----|----|----|----|----|----|----|
***************************************************
size of nodeLACs = 1173
size of candLACs = 110
n269 is replaced by n170 with estimated error 0.162783
error = 0.162783
high accuracy error = 18.203
area = 2711
delay = 53.8
#gates = 1117
output circuit appNtk/EUDIST_3_0.162783_2711_53.8.blif
time = 86734649 us
--------------- round 4 ---------------
seed = 553755261
maxLevel = 1

0%   10   20   30   40   50   60   70   80   90   100%
|----|----|----|----|----|----|----|----|----|----|
***************************************************
size of nodeLACs = 1173
size of candLACs = 103
n208 is replaced by n201 with estimated error 0.287724
error = 0.287724
high accuracy error = 32.5479
area = 2706
delay = 53.8
#gates = 1115
output circuit appNtk/EUDIST_4_0.287724_2706_53.8.blif
time = 116760311 us
--------------- round 5 ---------------
seed = 473389743
maxLevel = 1

0%   10   20   30   40   50   60   70   80   90   100%
|----|----|----|----|----|----|----|----|----|----|
***************************************************
size of nodeLACs = 1173
size of candLACs = 93
n260 is replaced by n255 with estimated error 0.341314
error = 0.341314
high accuracy error = 37.5053
area = 2703
delay = 53.8
#gates = 1114
output circuit appNtk/EUDIST_5_0.341314_2703_53.8.blif
time = 147637231 us
--------------- round 6 ---------------
seed = 3981239327
maxLevel = 1

0%   10   20   30   40   50   60   70   80   90   100%
|----|----|----|----|----|----|----|----|----|----|
***************************************************
size of nodeLACs = 1173
size of candLACs = 91
n271 is replaced by n266 with estimated error 0.346685
error = 0.346685
high accuracy error = 37.9921
area = 2698
delay = 53.8
#gates = 1112
output circuit appNtk/EUDIST_6_0.346685_2698_53.8.blif
time = 178517089 us
--------------- round 7 ---------------
seed = 3398275840
maxLevel = 1

0%   10   20   30   40   50   60   70   80   90   100%
|----|----|----|----|----|----|----|----|----|----|
***************************************************
size of nodeLACs = 1173
size of candLACs = 86
n211 is replaced by n256 with estimated error 0.438483
error = 0.438483
high accuracy error = 45.3564
area = 2694
delay = 53.8
#gates = 1110
output circuit appNtk/EUDIST_7_0.438483_2694_53.8.blif
time = 209589421 us
--------------- round 8 ---------------
seed = 866106460
maxLevel = 1

0%   10   20   30   40   50   60   70   80   90   100%
|----|----|----|----|----|----|----|----|----|----|
***************************************************
size of nodeLACs = 1173
size of candLACs = 81
n201 is replaced by n205 with estimated error 0.61915
error = 0.61915
high accuracy error = 63.602
area = 2687
delay = 53.8
#gates = 1107
output circuit appNtk/EUDIST_8_0.61915_2687_53.8.blif
time = 240617919 us
--------------- round 9 ---------------
seed = 3296369950
maxLevel = 1

0%   10   20   30   40   50   60   70   80   90   100%
|----|----|----|----|----|----|----|----|----|----|
***************************************************
size of nodeLACs = 1173
size of candLACs = 69
n261 is replaced by n257 with estimated error 0.654673
error = 0.654673
high accuracy error = 67.5209
area = 2683
delay = 53.8
#gates = 1105
output circuit appNtk/EUDIST_9_0.654673_2683_53.8.blif
time = 270914437 us
--------------- round 10 ---------------
seed = 310700559
maxLevel = 1

0%   10   20   30   40   50   60   70   80   90   100%
|----|----|----|----|----|----|----|----|----|----|
***************************************************
size of nodeLACs = 1173
size of candLACs = 61
n351 is replaced by n343 with estimated error 0.713573
error = 0.713573
high accuracy error = 74.9798
area = 2681
delay = 53.8
#gates = 1104
output circuit appNtk/EUDIST_10_0.713573_2681_53.8.blif
time = 300763139 us
--------------- round 11 ---------------
seed = 3443856493
maxLevel = 1

0%   10   20   30   40   50   60   70   80   90   100%
|----|----|----|----|----|----|----|----|----|----|
***************************************************
size of nodeLACs = 1173
size of candLACs = 59
n352 is replaced by one with estimated error 0.92842
error = 0.92842
high accuracy error = 98.7566
area = 2674
delay = 53.8
#gates = 1102
output circuit appNtk/EUDIST_11_0.92842_2674_53.8.blif
time = 328707396 us
--------------- round 12 ---------------
seed = 289375116
maxLevel = 1

0%   10   20   30   40   50   60   70   80   90   100%
|----|----|----|----|----|----|----|----|----|----|
***************************************************
size of nodeLACs = 1173
size of candLACs = 45
n213 is replaced by n199 with estimated error 0.956619
error = 0.956619
high accuracy error = 100.601
area = 2672
delay = 53.8
#gates = 1101
output circuit appNtk/EUDIST_12_0.956619_2672_53.8.blif
time = 357588241 us
--------------- round 13 ---------------
seed = 2329466512
maxLevel = 1

0%   10   20   30   40   50   60   70   80   90   100%
|----|----|----|----|----|----|----|----|----|----|
***************************************************
size of nodeLACs = 1173
size of candLACs = 41
n356 is replaced by n475 with estimated error 1.20333
error = 1.20333
high accuracy error = 150.014
area = 2652
delay = 53.8
#gates = 1093
output circuit appNtk/EUDIST_13_1.20333_2652_53.8.blif
time = 382515157 us
--------------- round 14 ---------------
seed = 498168701
maxLevel = 1

0%   10   20   30   40   50   60   70   80   90   100%
|----|----|----|----|----|----|----|----|----|----|
***************************************************
size of nodeLACs = 1173
size of candLACs = 19
n290 is replaced by n360 with estimated error 1.15175
error = 1.15175
high accuracy error = 148.224
area = 2651
delay = 53.8
#gates = 1092
output circuit appNtk/EUDIST_14_1.15175_2651_53.8.blif
time = 407975629 us
--------------- round 15 ---------------
seed = 2358532425
maxLevel = 1

0%   10   20   30   40   50   60   70   80   90   100%
|----|----|----|----|----|----|----|----|----|----|
***************************************************
size of nodeLACs = 1173
size of candLACs = 24
n472 is replaced by n369 with estimated error 1.12282
error = 1.12282
high accuracy error = 151.078
area = 2649
delay = 53.8
#gates = 1091
output circuit appNtk/EUDIST_15_1.12282_2649_53.8.blif
time = 432762391 us
--------------- round 16 ---------------
seed = 274252489
maxLevel = 1

0%   10   20   30   40   50   60   70   80   90   100%
|----|----|----|----|----|----|----|----|----|----|
***************************************************
size of nodeLACs = 1173
size of candLACs = 0
exceed error bound
