abc command read data/library/mcnc.genlib
Entered genlib library with 23 gates from file "data/library/mcnc.genlib".
abc command read_blif data/sasimi-arith/EUDIST.blif
abc command print_stats
[1;37mEUDIST                        :[0m i/o =   32/   16  lat =    0  nd =  1122  edge =   2336  area =2731.00  delay =53.80  lev = 51
--------------- round 1 ---------------
seed = 3957908442
maxLevel = 1

0%   10   20   30   40   50   60   70   80   90   100%
|----|----|----|----|----|----|----|----|----|----|
***************************************************
size of nodeLACs = 1173
size of candLACs = 47
n274 is replaced by n205 with estimated error 0
error = 0
high accuracy error = 0
area = 2719
delay = 53.8
#gates = 1119
output circuit appNtk/EUDIST_1_0_2719_53.8.blif
time = 24800706 us
--------------- round 2 ---------------
seed = 2341765712
maxLevel = 1

0%   10   20   30   40   50   60   70   80   90   100%
|----|----|----|----|----|----|----|----|----|----|
***************************************************
size of nodeLACs = 1173
size of candLACs = 41
n210 is replaced by n203 with estimated error 0.0740978
error = 0.0740978
high accuracy error = 7.63
area = 2716
delay = 53.8
#gates = 1118
output circuit appNtk/EUDIST_2_0.0740978_2716_53.8.blif
time = 53478859 us
--------------- round 3 ---------------
seed = 205750569
maxLevel = 1

0%   10   20   30   40   50   60   70   80   90   100%
|----|----|----|----|----|----|----|----|----|----|
***************************************************
size of nodeLACs = 1173
size of candLACs = 33
n208 is replaced by n201 with estimated error 0.188113
error = 0.188113
high accuracy error = 19.0979
area = 2711
delay = 53.8
#gates = 1116
output circuit appNtk/EUDIST_3_0.188113_2711_53.8.blif
time = 82815545 us
--------------- round 4 ---------------
seed = 2289947061
maxLevel = 1

0%   10   20   30   40   50   60   70   80   90   100%
|----|----|----|----|----|----|----|----|----|----|
***************************************************
size of nodeLACs = 1173
size of candLACs = 19
n269 is replaced by n180 with estimated error 0.274968
error = 0.274968
high accuracy error = 31.7969
area = 2706
delay = 53.8
#gates = 1115
output circuit appNtk/EUDIST_4_0.274968_2706_53.8.blif
time = 111738533 us
--------------- round 5 ---------------
seed = 961630768
maxLevel = 1

0%   10   20   30   40   50   60   70   80   90   100%
|----|----|----|----|----|----|----|----|----|----|
***************************************************
size of nodeLACs = 1173
size of candLACs = 5
n63 is replaced by n64 with estimated error 0.276555
error = 0.276555
high accuracy error = 29.695
area = 2704
delay = 53.8
#gates = 1114
output circuit appNtk/EUDIST_5_0.276555_2704_53.8.blif
time = 141859747 us
--------------- round 6 ---------------
seed = 2889670919
maxLevel = 1

0%   10   20   30   40   50   60   70   80   90   100%
|----|----|----|----|----|----|----|----|----|----|
***************************************************
size of nodeLACs = 1173
size of candLACs = 6
n258 is replaced by n259 with estimated error 0.293324
error = 0.293324
high accuracy error = 81.505
area = 2701
delay = 53.8
#gates = 1113
output circuit appNtk/EUDIST_6_0.293324_2701_53.8.blif
time = 172643773 us
--------------- round 7 ---------------
seed = 3769787399
maxLevel = 1

0%   10   20   30   40   50   60   70   80   90   100%
|----|----|----|----|----|----|----|----|----|----|
***************************************************
size of nodeLACs = 1173
size of candLACs = 5
n67 is replaced by n204 with estimated error 0.300496
error = 0.300496
high accuracy error = 88.8214
area = 2697
delay = 53.8
#gates = 1111
output circuit appNtk/EUDIST_7_0.300496_2697_53.8.blif
time = 203388974 us
--------------- round 8 ---------------
seed = 2590178031
maxLevel = 1

0%   10   20   30   40   50   60   70   80   90   100%
|----|----|----|----|----|----|----|----|----|----|
***************************************************
size of nodeLACs = 1173
size of candLACs = 2
n209 is replaced by n213 with estimated error 0.290471
error = 0.290471
high accuracy error = 73.8496
area = 2695
delay = 53.8
#gates = 1110
output circuit appNtk/EUDIST_8_0.290471_2695_53.8.blif
time = 234054704 us
--------------- round 9 ---------------
seed = 403008579
maxLevel = 1

0%   10   20   30   40   50   60   70   80   90   100%
|----|----|----|----|----|----|----|----|----|----|
***************************************************
size of nodeLACs = 1173
size of candLACs = 0
exceed error bound
