abc command read data/library/mcnc.genlib
Entered genlib library with 23 gates from file "data/library/mcnc.genlib".
abc command read_blif data/sasimi-arith/MAC.blif
abc command print_stats
[1;37mMAC                           :[0m i/o =   32/   17  lat =    0  nd =   560  edge =   1166  area =1372.00  delay =36.60  lev = 33
--------------- round 1 ---------------
seed = 99012354
maxLevel = 1

0%   10   20   30   40   50   60   70   80   90   100%
|----|----|----|----|----|----|----|----|----|----|
***************************************************
size of nodeLACs = 612
size of candLACs = 294
n64 is replaced by n50 with estimated error 0.00946052
error = 0.00946052
high accuracy error = 0.959694
area = 1370
delay = 36.6
#gates = 561
output circuit appNtk/MAC_1_0.00946052_1370_36.6.blif
time = 5252392 us
--------------- round 2 ---------------
seed = 1423272984
maxLevel = 1

0%   10   20   30   40   50   60   70   80   90   100%
|----|----|----|----|----|----|----|----|----|----|
***************************************************
size of nodeLACs = 612
size of candLACs = 293
n80 is replaced by n78 with estimated error 0.0229494
error = 0.0229494
high accuracy error = 2.3821
area = 1367
delay = 36.6
#gates = 560
output circuit appNtk/MAC_2_0.0229494_1367_36.6.blif
time = 10444876 us
--------------- round 3 ---------------
seed = 3408264132
maxLevel = 1

0%   10   20   30   40   50   60   70   80   90   100%
|----|----|----|----|----|----|----|----|----|----|
***************************************************
size of nodeLACs = 612
size of candLACs = 290
n94 is replaced by one with estimated error 0.0311892
error = 0.0280459
high accuracy error = 2.73745
area = 1365
delay = 36.6
#gates = 559
output circuit appNtk/MAC_3_0.0280459_1365_36.6.blif
time = 15618242 us
--------------- round 4 ---------------
seed = 3648019082
maxLevel = 1

0%   10   20   30   40   50   60   70   80   90   100%
|----|----|----|----|----|----|----|----|----|----|
***************************************************
size of nodeLACs = 612
size of candLACs = 290
n149 is replaced by n165 with estimated error 0.038895
error = 0.038895
high accuracy error = 4.06844
area = 1362
delay = 36.6
#gates = 558
output circuit appNtk/MAC_4_0.038895_1362_36.6.blif
time = 20790888 us
--------------- round 5 ---------------
seed = 1741604515
maxLevel = 1

0%   10   20   30   40   50   60   70   80   90   100%
|----|----|----|----|----|----|----|----|----|----|
***************************************************
size of nodeLACs = 612
size of candLACs = 291
n66 is replaced by n60 with estimated error 0.0745245
error = 0.0745245
high accuracy error = 7.37886
area = 1353
delay = 36.6
#gates = 555
output circuit appNtk/MAC_5_0.0745245_1353_36.6.blif
time = 26380390 us
--------------- round 6 ---------------
seed = 1755928619
maxLevel = 1

0%   10   20   30   40   50   60   70   80   90   100%
|----|----|----|----|----|----|----|----|----|----|
***************************************************
size of nodeLACs = 612
size of candLACs = 283
n57 is replaced by one with estimated error 0.0794073
error = 0.0632939
high accuracy error = 6.1028
area = 1350
delay = 36.6
#gates = 554
output circuit appNtk/MAC_6_0.0632939_1350_36.6.blif
time = 31749539 us
--------------- round 7 ---------------
seed = 1118036805
maxLevel = 1

0%   10   20   30   40   50   60   70   80   90   100%
|----|----|----|----|----|----|----|----|----|----|
***************************************************
size of nodeLACs = 612
size of candLACs = 285
n81 is replaced by n76 with estimated error 0.0675512
error = 0.0675512
high accuracy error = 6.70519
area = 1344
delay = 36.6
#gates = 552
output circuit appNtk/MAC_7_0.0675512_1344_36.6.blif
time = 36981811 us
--------------- round 8 ---------------
seed = 3581201328
maxLevel = 1

0%   10   20   30   40   50   60   70   80   90   100%
|----|----|----|----|----|----|----|----|----|----|
***************************************************
size of nodeLACs = 612
size of candLACs = 281
n56 is replaced by a[0] with estimated error 0.0746618
error = 0.0746618
high accuracy error = 7.29014
area = 1339
delay = 36.6
#gates = 549
output circuit appNtk/MAC_8_0.0746618_1339_36.6.blif
Abc_NtkLogicToNetlist() warning: The network is converted to have simple COs.
time = 42215226 us
--------------- round 9 ---------------
seed = 3717576351
maxLevel = 1

0%   10   20   30   40   50   60   70   80   90   100%
|----|----|----|----|----|----|----|----|----|----|
***************************************************
size of nodeLACs = 612
size of candLACs = 280
n78 is replaced by one with estimated error 0.0781409
error = 0.0781409
high accuracy error = 7.90682
area = 1337
delay = 36.6
#gates = 548
output circuit appNtk/MAC_9_0.0781409_1337_36.6.blif
Abc_NtkLogicToNetlist() warning: The network is converted to have simple COs.
time = 47409187 us
--------------- round 10 ---------------
seed = 3622247548
maxLevel = 1

0%   10   20   30   40   50   60   70   80   90   100%
|----|----|----|----|----|----|----|----|----|----|
***************************************************
size of nodeLACs = 612
size of candLACs = 280
n73 is replaced by zero with estimated error 0.0789267
error = 0.0789267
high accuracy error = 7.87677
area = 1336
delay = 36.6
#gates = 547
output circuit appNtk/MAC_10_0.0789267_1336_36.6.blif
Abc_NtkLogicToNetlist() warning: The network is converted to have simple COs.
time = 52556035 us
--------------- round 11 ---------------
seed = 313304540
maxLevel = 1

0%   10   20   30   40   50   60   70   80   90   100%
|----|----|----|----|----|----|----|----|----|----|
***************************************************
size of nodeLACs = 612
size of candLACs = 279
n59 is replaced by n52 with estimated error 0.083718
error = 0.083718
high accuracy error = 8.3778
area = 1334
delay = 36.6
#gates = 546
output circuit appNtk/MAC_11_0.083718_1334_36.6.blif
Abc_NtkLogicToNetlist() warning: The network is converted to have simple COs.
time = 57871338 us
--------------- round 12 ---------------
seed = 2244657893
maxLevel = 1

0%   10   20   30   40   50   60   70   80   90   100%
|----|----|----|----|----|----|----|----|----|----|
***************************************************
size of nodeLACs = 612
size of candLACs = 276
n133 is replaced by n204 with estimated error 0.0908515
error = 0.0908515
high accuracy error = 8.9256
area = 1331
delay = 36.6
#gates = 545
output circuit appNtk/MAC_12_0.0908515_1331_36.6.blif
Abc_NtkLogicToNetlist() warning: The network is converted to have simple COs.
time = 64013367 us
--------------- round 13 ---------------
seed = 3887196112
maxLevel = 1

0%   10   20   30   40   50   60   70   80   90   100%
|----|----|----|----|----|----|----|----|----|----|
***************************************************
size of nodeLACs = 612
size of candLACs = 277
n97 is replaced by n77 with estimated error 0.104363
error = 0.104363
high accuracy error = 10.2061
area = 1325
delay = 36.6
#gates = 543
output circuit appNtk/MAC_13_0.104363_1325_36.6.blif
Abc_NtkLogicToNetlist() warning: The network is converted to have simple COs.
time = 70867253 us
--------------- round 14 ---------------
seed = 1457065170
maxLevel = 1

0%   10   20   30   40   50   60   70   80   90   100%
|----|----|----|----|----|----|----|----|----|----|
***************************************************
size of nodeLACs = 612
size of candLACs = 275
n107 is replaced by one with estimated error 0.151025
error = 0.151025
high accuracy error = 15.3352
area = 1314
delay = 36.6
#gates = 539
output circuit appNtk/MAC_14_0.151025_1314_36.6.blif
Abc_NtkLogicToNetlist() warning: The network is converted to have simple COs.
time = 76784741 us
--------------- round 15 ---------------
seed = 3047508747
maxLevel = 1

0%   10   20   30   40   50   60   70   80   90   100%
|----|----|----|----|----|----|----|----|----|----|
***************************************************
size of nodeLACs = 612
size of candLACs = 270
n70 is replaced by a[2] with estimated error 0.167474
error = 0.167474
high accuracy error = 16.8585
area = 1310
delay = 36.6
#gates = 537
output circuit appNtk/MAC_15_0.167474_1310_36.6.blif
Abc_NtkLogicToNetlist() warning: The network is converted to have simple COs.
time = 82398804 us
--------------- round 16 ---------------
seed = 3031330093
maxLevel = 1

0%   10   20   30   40   50   60   70   80   90   100%
|----|----|----|----|----|----|----|----|----|----|
***************************************************
size of nodeLACs = 612
size of candLACs = 266
n87 is replaced by n77 with estimated error 0.205949
error = 0.205949
high accuracy error = 20.6401
area = 1303
delay = 36.6
#gates = 535
output circuit appNtk/MAC_16_0.205949_1303_36.6.blif
Abc_NtkLogicToNetlist() warning: The network is converted to have simple COs.
time = 87841390 us
--------------- round 17 ---------------
seed = 3785932761
maxLevel = 1

0%   10   20   30   40   50   60   70   80   90   100%
|----|----|----|----|----|----|----|----|----|----|
***************************************************
size of nodeLACs = 612
size of candLACs = 266
n98 is replaced by n93 with estimated error 0.20849
error = 0.20849
high accuracy error = 20.8538
area = 1301
delay = 36.6
#gates = 534
output circuit appNtk/MAC_17_0.20849_1301_36.6.blif
Abc_NtkLogicToNetlist() warning: The network is converted to have simple COs.
time = 94027540 us
--------------- round 18 ---------------
seed = 147127229
maxLevel = 1

0%   10   20   30   40   50   60   70   80   90   100%
|----|----|----|----|----|----|----|----|----|----|
***************************************************
size of nodeLACs = 612
size of candLACs = 264
n103 is replaced by n93 with inverter with estimated error 0.25551
error = 0.25551
high accuracy error = 25.6703
area = 1266
delay = 36.6
#gates = 520
output circuit appNtk/MAC_18_0.25551_1266_36.6.blif
Abc_NtkLogicToNetlist() warning: The network is converted to have simple COs.
time = 99157752 us
--------------- round 19 ---------------
seed = 3273715911
maxLevel = 1

0%   10   20   30   40   50   60   70   80   90   100%
|----|----|----|----|----|----|----|----|----|----|
***************************************************
size of nodeLACs = 613
size of candLACs = 248
n119 is replaced by n144 with estimated error 0.276407
error = 0.276407
high accuracy error = 27.9812
area = 1261
delay = 36.6
#gates = 518
output circuit appNtk/MAC_19_0.276407_1261_36.6.blif
Abc_NtkLogicToNetlist() warning: The network is converted to have simple COs.
time = 104003254 us
--------------- round 20 ---------------
seed = 3725815884
maxLevel = 1

0%   10   20   30   40   50   60   70   80   90   100%
|----|----|----|----|----|----|----|----|----|----|
***************************************************
size of nodeLACs = 613
size of candLACs = 245
n115 is replaced by n111 with inverter with estimated error 0.335688
error = 0.335688
high accuracy error = 33.2129
area = 1254
delay = 36.6
#gates = 517
output circuit appNtk/MAC_20_0.335688_1254_36.6.blif
Abc_NtkLogicToNetlist() warning: The network is converted to have simple COs.
time = 110199679 us
--------------- round 21 ---------------
seed = 970082339
maxLevel = 1

0%   10   20   30   40   50   60   70   80   90   100%
|----|----|----|----|----|----|----|----|----|----|
***************************************************
size of nodeLACs = 614
size of candLACs = 241
n77 is replaced by one with estimated error 0.350673
error = 0.354533
high accuracy error = 35.4168
area = 1250
delay = 36.6
#gates = 516
output circuit appNtk/MAC_21_0.354533_1250_36.6.blif
Abc_NtkLogicToNetlist() warning: The network is converted to have simple COs.
time = 116592601 us
--------------- round 22 ---------------
seed = 2551859073
maxLevel = 1

0%   10   20   30   40   50   60   70   80   90   100%
|----|----|----|----|----|----|----|----|----|----|
***************************************************
size of nodeLACs = 614
size of candLACs = 245
n612 is replaced by n92 with estimated error 0.350673
error = 0.350673
high accuracy error = 35.3005
area = 1249
delay = 36.6
#gates = 515
output circuit appNtk/MAC_22_0.350673_1249_36.6.blif
Abc_NtkLogicToNetlist() warning: The network is converted to have simple COs.
time = 122935369 us
--------------- round 23 ---------------
seed = 1832265348
maxLevel = 1

0%   10   20   30   40   50   60   70   80   90   100%
|----|----|----|----|----|----|----|----|----|----|
***************************************************
size of nodeLACs = 614
size of candLACs = 241
n60 is replaced by a[1] with estimated error 0.353755
error = 0.353755
high accuracy error = 35.8685
area = 1246
delay = 36.6
#gates = 513
output circuit appNtk/MAC_23_0.353755_1246_36.6.blif
Abc_NtkLogicToNetlist() warning: The network is converted to have simple COs.
time = 129272821 us
--------------- round 24 ---------------
seed = 3910021110
maxLevel = 1

0%   10   20   30   40   50   60   70   80   90   100%
|----|----|----|----|----|----|----|----|----|----|
***************************************************
size of nodeLACs = 614
size of candLACs = 242
n117 is replaced by n158 with estimated error 0.401889
error = 0.401889
high accuracy error = 40.1926
area = 1239
delay = 36.6
#gates = 511
output circuit appNtk/MAC_24_0.401889_1239_36.6.blif
Abc_NtkLogicToNetlist() warning: The network is converted to have simple COs.
time = 135601315 us
--------------- round 25 ---------------
seed = 1271658298
maxLevel = 1

0%   10   20   30   40   50   60   70   80   90   100%
|----|----|----|----|----|----|----|----|----|----|
***************************************************
size of nodeLACs = 614
size of candLACs = 240
n91 is replaced by n75 with estimated error 0.418277
error = 0.418277
high accuracy error = 41.9218
area = 1237
delay = 36.6
#gates = 510
output circuit appNtk/MAC_25_0.418277_1237_36.6.blif
Abc_NtkLogicToNetlist() warning: The network is converted to have simple COs.
time = 141933843 us
--------------- round 26 ---------------
seed = 1925647237
maxLevel = 1

0%   10   20   30   40   50   60   70   80   90   100%
|----|----|----|----|----|----|----|----|----|----|
***************************************************
size of nodeLACs = 614
size of candLACs = 238
n92 is replaced by a[3] with estimated error 0.43198
error = 0.43198
high accuracy error = 43.608
area = 1234
delay = 36.6
#gates = 508
output circuit appNtk/MAC_26_0.43198_1234_36.6.blif
Abc_NtkLogicToNetlist() warning: The network is converted to have simple COs.
time = 148277330 us
--------------- round 27 ---------------
seed = 2451787988
maxLevel = 1

0%   10   20   30   40   50   60   70   80   90   100%
|----|----|----|----|----|----|----|----|----|----|
***************************************************
size of nodeLACs = 614
size of candLACs = 237
n193 is replaced by n161 with estimated error 0.450649
error = 0.450649
high accuracy error = 44.6675
area = 1232
delay = 36.6
#gates = 507
output circuit appNtk/MAC_27_0.450649_1232_36.6.blif
Abc_NtkLogicToNetlist() warning: The network is converted to have simple COs.
time = 154555499 us
--------------- round 28 ---------------
seed = 1482369714
maxLevel = 1

0%   10   20   30   40   50   60   70   80   90   100%
|----|----|----|----|----|----|----|----|----|----|
***************************************************
size of nodeLACs = 614
size of candLACs = 233
n255 is replaced by n155 with estimated error 0.46159
error = 0.46159
high accuracy error = 45.959
area = 1230
delay = 36.6
#gates = 506
output circuit appNtk/MAC_28_0.46159_1230_36.6.blif
Abc_NtkLogicToNetlist() warning: The network is converted to have simple COs.
time = 160820734 us
--------------- round 29 ---------------
seed = 3802066574
maxLevel = 1

0%   10   20   30   40   50   60   70   80   90   100%
|----|----|----|----|----|----|----|----|----|----|
***************************************************
size of nodeLACs = 614
size of candLACs = 233
n188 is replaced by n160 with estimated error 0.462825
error = 0.462825
high accuracy error = 46.1586
area = 1228
delay = 36.6
#gates = 505
output circuit appNtk/MAC_29_0.462825_1228_36.6.blif
Abc_NtkLogicToNetlist() warning: The network is converted to have simple COs.
time = 167063296 us
--------------- round 30 ---------------
seed = 4085647456
maxLevel = 1

0%   10   20   30   40   50   60   70   80   90   100%
|----|----|----|----|----|----|----|----|----|----|
***************************************************
size of nodeLACs = 614
size of candLACs = 235
n131 is replaced by n126 with estimated error 0.472011
error = 0.472011
high accuracy error = 47.1902
area = 1226
delay = 36.6
#gates = 504
output circuit appNtk/MAC_30_0.472011_1226_36.6.blif
Abc_NtkLogicToNetlist() warning: The network is converted to have simple COs.
time = 173387596 us
--------------- round 31 ---------------
seed = 641682831
maxLevel = 1

0%   10   20   30   40   50   60   70   80   90   100%
|----|----|----|----|----|----|----|----|----|----|
***************************************************
size of nodeLACs = 614
size of candLACs = 225
n186 is replaced by n190 with estimated error 0.509747
error = 0.509747
high accuracy error = 51.5317
area = 1221
delay = 36.5
#gates = 503
output circuit appNtk/MAC_31_0.509747_1221_36.5.blif
Abc_NtkLogicToNetlist() warning: The network is converted to have simple COs.
time = 179701284 us
--------------- round 32 ---------------
seed = 606641008
maxLevel = 1

0%   10   20   30   40   50   60   70   80   90   100%
|----|----|----|----|----|----|----|----|----|----|
***************************************************
size of nodeLACs = 614
size of candLACs = 228
n164 is replaced by n159 with estimated error 0.545597
error = 0.545597
high accuracy error = 54.3585
area = 1213
delay = 36.5
#gates = 500
output circuit appNtk/MAC_32_0.545597_1213_36.5.blif
Abc_NtkLogicToNetlist() warning: The network is converted to have simple COs.
time = 186005996 us
--------------- round 33 ---------------
seed = 3024035832
maxLevel = 1

0%   10   20   30   40   50   60   70   80   90   100%
|----|----|----|----|----|----|----|----|----|----|
***************************************************
size of nodeLACs = 614
size of candLACs = 224
n153 is replaced by n146 with inverter with estimated error 0.553669
error = 0.553669
high accuracy error = 55.0534
area = 1212
delay = 36.5
#gates = 500
output circuit appNtk/MAC_33_0.553669_1212_36.5.blif
Abc_NtkLogicToNetlist() warning: The network is converted to have simple COs.
time = 192309075 us
--------------- round 34 ---------------
seed = 3343090915
maxLevel = 1

0%   10   20   30   40   50   60   70   80   90   100%
|----|----|----|----|----|----|----|----|----|----|
***************************************************
size of nodeLACs = 615
size of candLACs = 223
n189 is replaced by one with estimated error 0.547055
error = 0.547055
high accuracy error = 55.3771
area = 1206
delay = 36.5
#gates = 497
output circuit appNtk/MAC_34_0.547055_1206_36.5.blif
Abc_NtkLogicToNetlist() warning: The network is converted to have simple COs.
time = 198653181 us
--------------- round 35 ---------------
seed = 2510801324
maxLevel = 1

0%   10   20   30   40   50   60   70   80   90   100%
|----|----|----|----|----|----|----|----|----|----|
***************************************************
size of nodeLACs = 615
size of candLACs = 223
n67 is replaced by one with estimated error 0.538502
error = 0.538502
high accuracy error = 53.7291
area = 1203
delay = 36.5
#gates = 496
output circuit appNtk/MAC_35_0.538502_1203_36.5.blif
Abc_NtkLogicToNetlist() warning: The network is converted to have simple COs.
time = 204930688 us
--------------- round 36 ---------------
seed = 415570575
maxLevel = 1

0%   10   20   30   40   50   60   70   80   90   100%
|----|----|----|----|----|----|----|----|----|----|
***************************************************
size of nodeLACs = 615
size of candLACs = 221
n93 is replaced by zero with estimated error 0.532803
error = 0.532803
high accuracy error = 53.7368
area = 1201
delay = 36.5
#gates = 495
output circuit appNtk/MAC_36_0.532803_1201_36.5.blif
Abc_NtkLogicToNetlist() warning: The network is converted to have simple COs.
time = 212288915 us
--------------- round 37 ---------------
seed = 3292203977
maxLevel = 1

0%   10   20   30   40   50   60   70   80   90   100%
|----|----|----|----|----|----|----|----|----|----|
***************************************************
size of nodeLACs = 615
size of candLACs = 221
n88 is replaced by zero with estimated error 0.535046
error = 0.535046
high accuracy error = 53.6629
area = 1200
delay = 36.5
#gates = 494
output circuit appNtk/MAC_37_0.535046_1200_36.5.blif
Abc_NtkLogicToNetlist() warning: The network is converted to have simple COs.
time = 219617467 us
--------------- round 38 ---------------
seed = 930506331
maxLevel = 1

0%   10   20   30   40   50   60   70   80   90   100%
|----|----|----|----|----|----|----|----|----|----|
***************************************************
size of nodeLACs = 615
size of candLACs = 220
n152 is replaced by n165 with estimated error 0.538052
error = 0.538052
high accuracy error = 54.4902
area = 1198
delay = 36.5
#gates = 493
output circuit appNtk/MAC_38_0.538052_1198_36.5.blif
Abc_NtkLogicToNetlist() warning: The network is converted to have simple COs.
time = 226943877 us
--------------- round 39 ---------------
seed = 60553198
maxLevel = 1

0%   10   20   30   40   50   60   70   80   90   100%
|----|----|----|----|----|----|----|----|----|----|
***************************************************
size of nodeLACs = 615
size of candLACs = 219
n113 is replaced by n411 with estimated error 0.550259
error = 0.550259
high accuracy error = 54.9025
area = 1196
delay = 36.5
#gates = 492
output circuit appNtk/MAC_39_0.550259_1196_36.5.blif
Abc_NtkLogicToNetlist() warning: The network is converted to have simple COs.
time = 234236899 us
--------------- round 40 ---------------
seed = 1499953477
maxLevel = 1

0%   10   20   30   40   50   60   70   80   90   100%
|----|----|----|----|----|----|----|----|----|----|
***************************************************
size of nodeLACs = 615
size of candLACs = 218
n130 is replaced by n204 with estimated error 0.557415
error = 0.557415
high accuracy error = 56.1136
area = 1194
delay = 36.5
#gates = 491
output circuit appNtk/MAC_40_0.557415_1194_36.5.blif
Abc_NtkLogicToNetlist() warning: The network is converted to have simple COs.
time = 241501303 us
--------------- round 41 ---------------
seed = 2326254871
maxLevel = 1

0%   10   20   30   40   50   60   70   80   90   100%
|----|----|----|----|----|----|----|----|----|----|
***************************************************
size of nodeLACs = 615
size of candLACs = 217
n111 is replaced by n124 with estimated error 0.574818
error = 0.574818
high accuracy error = 57.1335
area = 1190
delay = 36.5
#gates = 490
output circuit appNtk/MAC_41_0.574818_1190_36.5.blif
Abc_NtkLogicToNetlist() warning: The network is converted to have simple COs.
time = 248745914 us
--------------- round 42 ---------------
seed = 258196339
maxLevel = 1

0%   10   20   30   40   50   60   70   80   90   100%
|----|----|----|----|----|----|----|----|----|----|
***************************************************
size of nodeLACs = 615
size of candLACs = 214
n125 is replaced by n613 with estimated error 0.566754
error = 0.566754
high accuracy error = 57.1936
area = 1189
delay = 36.5
#gates = 489
output circuit appNtk/MAC_42_0.566754_1189_36.5.blif
Abc_NtkLogicToNetlist() warning: The network is converted to have simple COs.
time = 255938673 us
--------------- round 43 ---------------
seed = 3192748013
maxLevel = 1

0%   10   20   30   40   50   60   70   80   90   100%
|----|----|----|----|----|----|----|----|----|----|
***************************************************
size of nodeLACs = 615
size of candLACs = 213
n239 is replaced by n296 with estimated error 0.606419
error = 0.606419
high accuracy error = 60.7515
area = 1186
delay = 36.5
#gates = 488
output circuit appNtk/MAC_43_0.606419_1186_36.5.blif
Abc_NtkLogicToNetlist() warning: The network is converted to have simple COs.
time = 263120430 us
--------------- round 44 ---------------
seed = 2726820624
maxLevel = 1

0%   10   20   30   40   50   60   70   80   90   100%
|----|----|----|----|----|----|----|----|----|----|
***************************************************
size of nodeLACs = 615
size of candLACs = 209
n173 is replaced by n143 with estimated error 0.629277
error = 0.629277
high accuracy error = 62.7029
area = 1184
delay = 36.5
#gates = 487
output circuit appNtk/MAC_44_0.629277_1184_36.5.blif
Abc_NtkLogicToNetlist() warning: The network is converted to have simple COs.
time = 270267240 us
--------------- round 45 ---------------
seed = 3253147381
maxLevel = 1

0%   10   20   30   40   50   60   70   80   90   100%
|----|----|----|----|----|----|----|----|----|----|
***************************************************
size of nodeLACs = 615
size of candLACs = 209
n134 is replaced by one with estimated error 0.639859
error = 0.626676
high accuracy error = 62.9742
area = 1181
delay = 36.5
#gates = 486
output circuit appNtk/MAC_45_0.626676_1181_36.5.blif
Abc_NtkLogicToNetlist() warning: The network is converted to have simple COs.
time = 277399473 us
--------------- round 46 ---------------
seed = 2441176241
maxLevel = 1

0%   10   20   30   40   50   60   70   80   90   100%
|----|----|----|----|----|----|----|----|----|----|
***************************************************
size of nodeLACs = 615
size of candLACs = 210
n145 is replaced by n116 with estimated error 0.648771
error = 0.648771
high accuracy error = 65.8028
area = 1174
delay = 36.5
#gates = 483
output circuit appNtk/MAC_46_0.648771_1174_36.5.blif
Abc_NtkLogicToNetlist() warning: The network is converted to have simple COs.
time = 284506093 us
--------------- round 47 ---------------
seed = 1206322864
maxLevel = 1

0%   10   20   30   40   50   60   70   80   90   100%
|----|----|----|----|----|----|----|----|----|----|
***************************************************
size of nodeLACs = 615
size of candLACs = 204
n159 is replaced by n165 with estimated error 0.802962
error = 0.802962
high accuracy error = 80.9633
area = 1160
delay = 36.5
#gates = 479
output circuit appNtk/MAC_47_0.802962_1160_36.5.blif
Abc_NtkLogicToNetlist() warning: The network is converted to have simple COs.
time = 291513281 us
--------------- round 48 ---------------
seed = 3935770576
maxLevel = 1

0%   10   20   30   40   50   60   70   80   90   100%
|----|----|----|----|----|----|----|----|----|----|
***************************************************
size of nodeLACs = 615
size of candLACs = 198
n146 is replaced by n200 with estimated error 0.812262
error = 0.812262
high accuracy error = 81.6196
area = 1158
delay = 36.5
#gates = 478
output circuit appNtk/MAC_48_0.812262_1158_36.5.blif
Abc_NtkLogicToNetlist() warning: The network is converted to have simple COs.
time = 298422464 us
--------------- round 49 ---------------
seed = 4162133111
maxLevel = 1

0%   10   20   30   40   50   60   70   80   90   100%
|----|----|----|----|----|----|----|----|----|----|
***************************************************
size of nodeLACs = 615
size of candLACs = 196
n123 is replaced by a[4] with estimated error 0.858054
error = 0.858054
high accuracy error = 85.8325
area = 1153
delay = 36.5
#gates = 475
output circuit appNtk/MAC_49_0.858054_1153_36.5.blif
Abc_NtkLogicToNetlist() warning: The network is converted to have simple COs.
time = 305311725 us
--------------- round 50 ---------------
seed = 1903432268
maxLevel = 1

0%   10   20   30   40   50   60   70   80   90   100%
|----|----|----|----|----|----|----|----|----|----|
***************************************************
size of nodeLACs = 615
size of candLACs = 195
n147 is replaced by n128 with estimated error 0.868438
error = 0.868438
high accuracy error = 86.4301
area = 1150
delay = 36.5
#gates = 474
output circuit appNtk/MAC_50_0.868438_1150_36.5.blif
Abc_NtkLogicToNetlist() warning: The network is converted to have simple COs.
time = 312121966 us
--------------- round 51 ---------------
seed = 58090495
maxLevel = 1

0%   10   20   30   40   50   60   70   80   90   100%
|----|----|----|----|----|----|----|----|----|----|
***************************************************
size of nodeLACs = 615
size of candLACs = 193
n148 is replaced by n129 with estimated error 0.878333
error = 0.878333
high accuracy error = 87.8354
area = 1147
delay = 36.5
#gates = 473
output circuit appNtk/MAC_51_0.878333_1147_36.5.blif
Abc_NtkLogicToNetlist() warning: The network is converted to have simple COs.
time = 318908331 us
--------------- round 52 ---------------
seed = 4062803362
maxLevel = 1

0%   10   20   30   40   50   60   70   80   90   100%
|----|----|----|----|----|----|----|----|----|----|
***************************************************
size of nodeLACs = 615
size of candLACs = 193
n204 is replaced by one with estimated error 1.03747
error = 0.918235
high accuracy error = 91.5417
area = 1141
delay = 36.5
#gates = 470
output circuit appNtk/MAC_52_0.918235_1141_36.5.blif
Abc_NtkLogicToNetlist() warning: The network is converted to have simple COs.
time = 325661797 us
--------------- round 53 ---------------
seed = 1539316845
maxLevel = 1

0%   10   20   30   40   50   60   70   80   90   100%
|----|----|----|----|----|----|----|----|----|----|
***************************************************
size of nodeLACs = 615
size of candLACs = 189
n143 is replaced by n138 with estimated error 0.982574
error = 0.982574
high accuracy error = 97.4161
area = 1132
delay = 36.5
#gates = 467
output circuit appNtk/MAC_53_0.982574_1132_36.5.blif
Abc_NtkLogicToNetlist() warning: The network is converted to have simple COs.
time = 332316529 us
--------------- round 54 ---------------
seed = 2027243348
maxLevel = 1

0%   10   20   30   40   50   60   70   80   90   100%
|----|----|----|----|----|----|----|----|----|----|
***************************************************
size of nodeLACs = 615
size of candLACs = 184
n129 is replaced by n120 with estimated error 1.07278
error = 1.07278
high accuracy error = 105.939
area = 1126
delay = 36.5
#gates = 465
output circuit appNtk/MAC_54_1.07278_1126_36.5.blif
Abc_NtkLogicToNetlist() warning: The network is converted to have simple COs.
time = 338892470 us
--------------- round 55 ---------------
seed = 2853080710
maxLevel = 1

0%   10   20   30   40   50   60   70   80   90   100%
|----|----|----|----|----|----|----|----|----|----|
***************************************************
size of nodeLACs = 615
size of candLACs = 181
n224 is replaced by n318 with estimated error 1.14758
error = 1.14758
high accuracy error = 115.313
area = 1121
delay = 36.5
#gates = 464
output circuit appNtk/MAC_55_1.14758_1121_36.5.blif
Abc_NtkLogicToNetlist() warning: The network is converted to have simple COs.
time = 345384299 us
--------------- round 56 ---------------
seed = 4166108639
maxLevel = 1

0%   10   20   30   40   50   60   70   80   90   100%
|----|----|----|----|----|----|----|----|----|----|
***************************************************
size of nodeLACs = 615
size of candLACs = 180
n257 is replaced by n259 with estimated error 1.59409
error = 1.59409
high accuracy error = 159.396
area = 1110
delay = 36.5
#gates = 461
output circuit appNtk/MAC_56_1.59409_1110_36.5.blif
Abc_NtkLogicToNetlist() warning: The network is converted to have simple COs.
time = 351881246 us
--------------- round 57 ---------------
seed = 2206010363
maxLevel = 1

0%   10   20   30   40   50   60   70   80   90   100%
|----|----|----|----|----|----|----|----|----|----|
***************************************************
size of nodeLACs = 615
size of candLACs = 170
n175 is replaced by n171 with estimated error 1.79426
error = 1.79426
high accuracy error = 179.186
area = 1106
delay = 36.5
#gates = 459
output circuit appNtk/MAC_57_1.79426_1106_36.5.blif
Abc_NtkLogicToNetlist() warning: The network is converted to have simple COs.
time = 358281890 us
--------------- round 58 ---------------
seed = 3138207836
maxLevel = 1

0%   10   20   30   40   50   60   70   80   90   100%
|----|----|----|----|----|----|----|----|----|----|
***************************************************
size of nodeLACs = 615
size of candLACs = 169
n172 is replaced by n138 with estimated error 1.811
error = 1.811
high accuracy error = 180.728
area = 1103
delay = 36.5
#gates = 458
output circuit appNtk/MAC_58_1.811_1103_36.5.blif
Abc_NtkLogicToNetlist() warning: The network is converted to have simple COs.
time = 364668810 us
--------------- round 59 ---------------
seed = 2352940276
maxLevel = 1

0%   10   20   30   40   50   60   70   80   90   100%
|----|----|----|----|----|----|----|----|----|----|
***************************************************
size of nodeLACs = 615
size of candLACs = 166
n171 is replaced by n136 with estimated error 2.0482
error = 2.0482
high accuracy error = 203.697
area = 1096
delay = 36.5
#gates = 456
output circuit appNtk/MAC_59_2.0482_1096_36.5.blif
Abc_NtkLogicToNetlist() warning: The network is converted to have simple COs.
time = 371013057 us
--------------- round 60 ---------------
seed = 3516848373
maxLevel = 1

0%   10   20   30   40   50   60   70   80   90   100%
|----|----|----|----|----|----|----|----|----|----|
***************************************************
size of nodeLACs = 615
size of candLACs = 164
n176 is replaced by n165 with estimated error 1.93535
error = 1.93535
high accuracy error = 196.14
area = 1094
delay = 36.5
#gates = 455
output circuit appNtk/MAC_60_1.93535_1094_36.5.blif
Abc_NtkLogicToNetlist() warning: The network is converted to have simple COs.
time = 377326049 us
--------------- round 61 ---------------
seed = 2442397661
maxLevel = 1

0%   10   20   30   40   50   60   70   80   90   100%
|----|----|----|----|----|----|----|----|----|----|
***************************************************
size of nodeLACs = 615
size of candLACs = 162
n190 is replaced by n191 with estimated error 2.16979
error = 2.16979
high accuracy error = 218.549
area = 1092
delay = 36.5
#gates = 454
output circuit appNtk/MAC_61_2.16979_1092_36.5.blif
Abc_NtkLogicToNetlist() warning: The network is converted to have simple COs.
time = 383564699 us
--------------- round 62 ---------------
seed = 1584977642
maxLevel = 1

0%   10   20   30   40   50   60   70   80   90   100%
|----|----|----|----|----|----|----|----|----|----|
***************************************************
size of nodeLACs = 615
size of candLACs = 153
n154 is replaced by n613 with estimated error 2.20172
error = 2.20172
high accuracy error = 218.602
area = 1089
delay = 36.5
#gates = 452
output circuit appNtk/MAC_62_2.20172_1089_36.5.blif
Abc_NtkLogicToNetlist() warning: The network is converted to have simple COs.
time = 389799048 us
--------------- round 63 ---------------
seed = 1069802275
maxLevel = 1

0%   10   20   30   40   50   60   70   80   90   100%
|----|----|----|----|----|----|----|----|----|----|
***************************************************
size of nodeLACs = 615
size of candLACs = 156
n192 is replaced by n217 with estimated error 2.20242
error = 2.20242
high accuracy error = 221.993
area = 1086
delay = 36.5
#gates = 451
output circuit appNtk/MAC_63_2.20242_1086_36.5.blif
Abc_NtkLogicToNetlist() warning: The network is converted to have simple COs.
time = 395982881 us
--------------- round 64 ---------------
seed = 1444933333
maxLevel = 1

0%   10   20   30   40   50   60   70   80   90   100%
|----|----|----|----|----|----|----|----|----|----|
***************************************************
size of nodeLACs = 615
size of candLACs = 155
n139 is replaced by n110 with estimated error 2.21124
error = 2.21124
high accuracy error = 219.479
area = 1083
delay = 36.5
#gates = 449
output circuit appNtk/MAC_64_2.21124_1083_36.5.blif
Abc_NtkLogicToNetlist() warning: The network is converted to have simple COs.
time = 402158109 us
--------------- round 65 ---------------
seed = 4122668844
maxLevel = 1

0%   10   20   30   40   50   60   70   80   90   100%
|----|----|----|----|----|----|----|----|----|----|
***************************************************
size of nodeLACs = 615
size of candLACs = 154
n195 is replaced by n191 with estimated error 2.20903
error = 2.20903
high accuracy error = 223.324
area = 1081
delay = 36.5
#gates = 448
output circuit appNtk/MAC_65_2.20903_1081_36.5.blif
Abc_NtkLogicToNetlist() warning: The network is converted to have simple COs.
time = 408283051 us
--------------- round 66 ---------------
seed = 523053530
maxLevel = 1

0%   10   20   30   40   50   60   70   80   90   100%
|----|----|----|----|----|----|----|----|----|----|
***************************************************
size of nodeLACs = 615
size of candLACs = 151
n259 is replaced by one with estimated error 2.55269
error = 2.47448
high accuracy error = 247.465
area = 1065
delay = 36.5
#gates = 442
output circuit appNtk/MAC_66_2.47448_1065_36.5.blif
Abc_NtkLogicToNetlist() warning: The network is converted to have simple COs.
time = 414123269 us
--------------- round 67 ---------------
seed = 4037902486
maxLevel = 1

0%   10   20   30   40   50   60   70   80   90   100%
|----|----|----|----|----|----|----|----|----|----|
***************************************************
size of nodeLACs = 614
size of candLACs = 134
n200 is replaced by n135 with estimated error 2.38663
error = 2.38663
high accuracy error = 237.206
area = 1060
delay = 36.5
#gates = 440
output circuit appNtk/MAC_67_2.38663_1060_36.5.blif
Abc_NtkLogicToNetlist() warning: The network is converted to have simple COs.
time = 420063253 us
--------------- round 68 ---------------
seed = 2440565171
maxLevel = 1

0%   10   20   30   40   50   60   70   80   90   100%
|----|----|----|----|----|----|----|----|----|----|
***************************************************
size of nodeLACs = 614
size of candLACs = 135
n184 is replaced by n247 with estimated error 2.35046
error = 2.35046
high accuracy error = 235.574
area = 1058
delay = 36.5
#gates = 439
output circuit appNtk/MAC_68_2.35046_1058_36.5.blif
Abc_NtkLogicToNetlist() warning: The network is converted to have simple COs.
time = 426003425 us
--------------- round 69 ---------------
seed = 3662696522
maxLevel = 1

0%   10   20   30   40   50   60   70   80   90   100%
|----|----|----|----|----|----|----|----|----|----|
***************************************************
size of nodeLACs = 614
size of candLACs = 136
n138 is replaced by n167 with estimated error 2.33538
error = 2.33538
high accuracy error = 233.202
area = 1054
delay = 36.5
#gates = 438
output circuit appNtk/MAC_69_2.33538_1054_36.5.blif
Abc_NtkLogicToNetlist() warning: The network is converted to have simple COs.
time = 431875706 us
--------------- round 70 ---------------
seed = 4284236597
maxLevel = 1

0%   10   20   30   40   50   60   70   80   90   100%
|----|----|----|----|----|----|----|----|----|----|
***************************************************
size of nodeLACs = 614
size of candLACs = 139
n613 is replaced by n281 with inverter with estimated error 2.29505
error = 2.29505
high accuracy error = 229.62
area = 1052
delay = 36.5
#gates = 437
output circuit appNtk/MAC_70_2.29505_1052_36.5.blif
Abc_NtkLogicToNetlist() warning: The network is converted to have simple COs.
time = 437659439 us
--------------- round 71 ---------------
seed = 1394750386
maxLevel = 1

0%   10   20   30   40   50   60   70   80   90   100%
|----|----|----|----|----|----|----|----|----|----|
***************************************************
size of nodeLACs = 616
size of candLACs = 138
n322 is replaced by n167 with estimated error 2.32701
error = 2.32701
high accuracy error = 229.537
area = 1050
delay = 36.5
#gates = 436
output circuit appNtk/MAC_71_2.32701_1050_36.5.blif
Abc_NtkLogicToNetlist() warning: The network is converted to have simple COs.
time = 443396258 us
--------------- round 72 ---------------
seed = 4039801681
maxLevel = 1

0%   10   20   30   40   50   60   70   80   90   100%
|----|----|----|----|----|----|----|----|----|----|
***************************************************
size of nodeLACs = 616
size of candLACs = 134
n209 is replaced by one with estimated error 2.25719
error = 2.25719
high accuracy error = 229.791
area = 1048
delay = 36.5
#gates = 435
output circuit appNtk/MAC_72_2.25719_1048_36.5.blif
Abc_NtkLogicToNetlist() warning: The network is converted to have simple COs.
time = 449026609 us
--------------- round 73 ---------------
seed = 4171324246
maxLevel = 1

0%   10   20   30   40   50   60   70   80   90   100%
|----|----|----|----|----|----|----|----|----|----|
***************************************************
size of nodeLACs = 616
size of candLACs = 133
n261 is replaced by n258 with estimated error 2.3323
error = 2.3323
high accuracy error = 229.118
area = 1046
delay = 36.5
#gates = 434
output circuit appNtk/MAC_73_2.3323_1046_36.5.blif
Abc_NtkLogicToNetlist() warning: The network is converted to have simple COs.
time = 453664066 us
--------------- round 74 ---------------
seed = 3662915749
maxLevel = 1

0%   10   20   30   40   50   60   70   80   90   100%
|----|----|----|----|----|----|----|----|----|----|
***************************************************
size of nodeLACs = 616
size of candLACs = 137
n263 is replaced by n167 with estimated error 2.27381
error = 2.27381
high accuracy error = 229.536
area = 1045
delay = 36.5
#gates = 433
output circuit appNtk/MAC_74_2.27381_1045_36.5.blif
Abc_NtkLogicToNetlist() warning: The network is converted to have simple COs.
time = 458438059 us
--------------- round 75 ---------------
seed = 448563009
maxLevel = 1

0%   10   20   30   40   50   60   70   80   90   100%
|----|----|----|----|----|----|----|----|----|----|
***************************************************
size of nodeLACs = 616
size of candLACs = 134
n135 is replaced by n52 with estimated error 2.20873
error = 2.20873
high accuracy error = 223.866
area = 1043
delay = 36.5
#gates = 432
output circuit appNtk/MAC_75_2.20873_1043_36.5.blif
Abc_NtkLogicToNetlist() warning: The network is converted to have simple COs.
time = 463260185 us
--------------- round 76 ---------------
seed = 1507511976
maxLevel = 1

0%   10   20   30   40   50   60   70   80   90   100%
|----|----|----|----|----|----|----|----|----|----|
***************************************************
size of nodeLACs = 616
size of candLACs = 133
n126 is replaced by n178 with estimated error 1.9797
error = 1.9797
high accuracy error = 200.324
area = 1040
delay = 36.5
#gates = 431
output circuit appNtk/MAC_76_1.9797_1040_36.5.blif
Abc_NtkLogicToNetlist() warning: The network is converted to have simple COs.
time = 467931270 us
--------------- round 77 ---------------
seed = 2631132444
maxLevel = 1

0%   10   20   30   40   50   60   70   80   90   100%
|----|----|----|----|----|----|----|----|----|----|
***************************************************
size of nodeLACs = 616
size of candLACs = 137
n203 is replaced by n211 with estimated error 2.07666
error = 2.07666
high accuracy error = 205.466
area = 1038
delay = 36.5
#gates = 430
output circuit appNtk/MAC_77_2.07666_1038_36.5.blif
Abc_NtkLogicToNetlist() warning: The network is converted to have simple COs.
time = 473256871 us
--------------- round 78 ---------------
seed = 2214578687
maxLevel = 1

0%   10   20   30   40   50   60   70   80   90   100%
|----|----|----|----|----|----|----|----|----|----|
***************************************************
size of nodeLACs = 616
size of candLACs = 132
n324 is replaced by n332 with estimated error 2.28649
error = 2.28649
high accuracy error = 229.213
area = 1033
delay = 36.5
#gates = 429
output circuit appNtk/MAC_78_2.28649_1033_36.5.blif
Abc_NtkLogicToNetlist() warning: The network is converted to have simple COs.
time = 478150520 us
--------------- round 79 ---------------
seed = 3754037596
maxLevel = 1

0%   10   20   30   40   50   60   70   80   90   100%
|----|----|----|----|----|----|----|----|----|----|
***************************************************
size of nodeLACs = 616
size of candLACs = 132
n241 is replaced by n226 with estimated error 2.34641
error = 2.34641
high accuracy error = 235.425
area = 1030
delay = 36.5
#gates = 428
output circuit appNtk/MAC_79_2.34641_1030_36.5.blif
Abc_NtkLogicToNetlist() warning: The network is converted to have simple COs.
time = 482519506 us
--------------- round 80 ---------------
seed = 3128966443
maxLevel = 1

0%   10   20   30   40   50   60   70   80   90   100%
|----|----|----|----|----|----|----|----|----|----|
***************************************************
size of nodeLACs = 616
size of candLACs = 120
n211 is replaced by n178 with estimated error 2.36929
error = 2.36929
high accuracy error = 234.946
area = 1026
delay = 36.5
#gates = 426
output circuit appNtk/MAC_80_2.36929_1026_36.5.blif
Abc_NtkLogicToNetlist() warning: The network is converted to have simple COs.
time = 486859819 us
--------------- round 81 ---------------
seed = 2002394859
maxLevel = 1

0%   10   20   30   40   50   60   70   80   90   100%
|----|----|----|----|----|----|----|----|----|----|
***************************************************
size of nodeLACs = 616
size of candLACs = 122
n202 is replaced by n168 with inverter with estimated error 2.41349
error = 2.41349
high accuracy error = 239.659
area = 1018
delay = 36.5
#gates = 424
output circuit appNtk/MAC_81_2.41349_1018_36.5.blif
Abc_NtkLogicToNetlist() warning: The network is converted to have simple COs.
time = 491060366 us
--------------- round 82 ---------------
seed = 641816003
maxLevel = 1

0%   10   20   30   40   50   60   70   80   90   100%
|----|----|----|----|----|----|----|----|----|----|
***************************************************
size of nodeLACs = 617
size of candLACs = 115
n210 is replaced by n165 with estimated error 2.42957
error = 2.42957
high accuracy error = 242.967
area = 1016
delay = 36.5
#gates = 423
output circuit appNtk/MAC_82_2.42957_1016_36.5.blif
Abc_NtkLogicToNetlist() warning: The network is converted to have simple COs.
time = 495982481 us
--------------- round 83 ---------------
seed = 4102397771
maxLevel = 1

0%   10   20   30   40   50   60   70   80   90   100%
|----|----|----|----|----|----|----|----|----|----|
***************************************************
size of nodeLACs = 617
size of candLACs = 113
n325 is replaced by one with estimated error 2.59083
error = 2.59083
high accuracy error = 259.843
area = 1013
delay = 36.5
#gates = 422
output circuit appNtk/MAC_83_2.59083_1013_36.5.blif
Abc_NtkLogicToNetlist() warning: The network is converted to have simple COs.
time = 501278272 us
--------------- round 84 ---------------
seed = 2978462797
maxLevel = 1

0%   10   20   30   40   50   60   70   80   90   100%
|----|----|----|----|----|----|----|----|----|----|
***************************************************
size of nodeLACs = 617
size of candLACs = 116
n165 is replaced by n391 with estimated error 2.63985
error = 2.63985
high accuracy error = 265.019
area = 1011
delay = 36.5
#gates = 421
output circuit appNtk/MAC_84_2.63985_1011_36.5.blif
Abc_NtkLogicToNetlist() warning: The network is converted to have simple COs.
time = 506268898 us
--------------- round 85 ---------------
seed = 482097343
maxLevel = 1

0%   10   20   30   40   50   60   70   80   90   100%
|----|----|----|----|----|----|----|----|----|----|
***************************************************
size of nodeLACs = 617
size of candLACs = 110
n191 is replaced by n212 with estimated error 2.7228
error = 2.7228
high accuracy error = 268.804
area = 1005
delay = 36.5
#gates = 419
output circuit appNtk/MAC_85_2.7228_1005_36.5.blif
Abc_NtkLogicToNetlist() warning: The network is converted to have simple COs.
time = 510903217 us
--------------- round 86 ---------------
seed = 1113344906
maxLevel = 1

0%   10   20   30   40   50   60   70   80   90   100%
|----|----|----|----|----|----|----|----|----|----|
***************************************************
size of nodeLACs = 617
size of candLACs = 108
n208 is replaced by n411 with estimated error 2.76165
error = 2.76165
high accuracy error = 273.493
area = 992
delay = 36.5
#gates = 415
output circuit appNtk/MAC_86_2.76165_992_36.5.blif
Abc_NtkLogicToNetlist() warning: The network is converted to have simple COs.
time = 515763487 us
--------------- round 87 ---------------
seed = 2287816795
maxLevel = 1

0%   10   20   30   40   50   60   70   80   90   100%
|----|----|----|----|----|----|----|----|----|----|
***************************************************
size of nodeLACs = 617
size of candLACs = 103
n243 is replaced by one with estimated error 2.94437
error = 2.87566
high accuracy error = 290.492
area = 986
delay = 36.5
#gates = 413
output circuit appNtk/MAC_87_2.87566_986_36.5.blif
Abc_NtkLogicToNetlist() warning: The network is converted to have simple COs.
time = 520061209 us
--------------- round 88 ---------------
seed = 2358250315
maxLevel = 1

0%   10   20   30   40   50   60   70   80   90   100%
|----|----|----|----|----|----|----|----|----|----|
***************************************************
size of nodeLACs = 617
size of candLACs = 99
n258 is replaced by n327 with estimated error 3.18698
error = 3.18698
high accuracy error = 316.763
area = 979
delay = 36.5
#gates = 411
output circuit appNtk/MAC_88_3.18698_979_36.5.blif
Abc_NtkLogicToNetlist() warning: The network is converted to have simple COs.
time = 524541901 us
--------------- round 89 ---------------
seed = 2025338914
maxLevel = 1

0%   10   20   30   40   50   60   70   80   90   100%
|----|----|----|----|----|----|----|----|----|----|
***************************************************
size of nodeLACs = 617
size of candLACs = 90
n236 is replaced by n225 with estimated error 3.33625
error = 3.33625
high accuracy error = 336.575
area = 970
delay = 36.5
#gates = 408
output circuit appNtk/MAC_89_3.33625_970_36.5.blif
Abc_NtkLogicToNetlist() warning: The network is converted to have simple COs.
time = 528445865 us
--------------- round 90 ---------------
seed = 423477523
maxLevel = 1

0%   10   20   30   40   50   60   70   80   90   100%
|----|----|----|----|----|----|----|----|----|----|
***************************************************
size of nodeLACs = 617
size of candLACs = 82
n212 is replaced by n215 with estimated error 3.36166
error = 3.36166
high accuracy error = 335.819
area = 967
delay = 36.5
#gates = 406
output circuit appNtk/MAC_90_3.36166_967_36.5.blif
Abc_NtkLogicToNetlist() warning: The network is converted to have simple COs.
time = 532267158 us
--------------- round 91 ---------------
seed = 251431424
maxLevel = 1

0%   10   20   30   40   50   60   70   80   90   100%
|----|----|----|----|----|----|----|----|----|----|
***************************************************
size of nodeLACs = 616
size of candLACs = 82
n250 is replaced by one with estimated error 3.46656
error = 3.37326
high accuracy error = 340.348
area = 963
delay = 36.5
#gates = 404
output circuit appNtk/MAC_91_3.37326_963_36.5.blif
Abc_NtkLogicToNetlist() warning: The network is converted to have simple COs.
time = 536691220 us
--------------- round 92 ---------------
seed = 1747900227
maxLevel = 1

0%   10   20   30   40   50   60   70   80   90   100%
|----|----|----|----|----|----|----|----|----|----|
***************************************************
size of nodeLACs = 616
size of candLACs = 79
n220 is replaced by one with estimated error 3.61602
error = 3.41191
high accuracy error = 341.632
area = 958
delay = 36.5
#gates = 402
output circuit appNtk/MAC_92_3.41191_958_36.5.blif
Abc_NtkLogicToNetlist() warning: The network is converted to have simple COs.
time = 540397813 us
--------------- round 93 ---------------
seed = 170808642
maxLevel = 1

0%   10   20   30   40   50   60   70   80   90   100%
|----|----|----|----|----|----|----|----|----|----|
***************************************************
size of nodeLACs = 616
size of candLACs = 77
n221 is replaced by zero with estimated error 3.62304
error = 3.45472
high accuracy error = 346.027
area = 950
delay = 36.5
#gates = 398
output circuit appNtk/MAC_93_3.45472_950_36.5.blif
Abc_NtkLogicToNetlist() warning: The network is converted to have simple COs.
time = 544182406 us
--------------- round 94 ---------------
seed = 222850809
maxLevel = 1

0%   10   20   30   40   50   60   70   80   90   100%
|----|----|----|----|----|----|----|----|----|----|
***************************************************
size of nodeLACs = 616
size of candLACs = 68
n222 is replaced by one with estimated error 3.4877
error = 3.4877
high accuracy error = 346.575
area = 949
delay = 36.5
#gates = 397
output circuit appNtk/MAC_94_3.4877_949_36.5.blif
Abc_NtkLogicToNetlist() warning: The network is converted to have simple COs.
time = 548000298 us
--------------- round 95 ---------------
seed = 86658955
maxLevel = 1

0%   10   20   30   40   50   60   70   80   90   100%
|----|----|----|----|----|----|----|----|----|----|
***************************************************
size of nodeLACs = 616
size of candLACs = 69
n262 is replaced by n260 with estimated error 3.53944
error = 3.53944
high accuracy error = 354.129
area = 944
delay = 36.5
#gates = 396
output circuit appNtk/MAC_95_3.53944_944_36.5.blif
Abc_NtkLogicToNetlist() warning: The network is converted to have simple COs.
time = 551836517 us
--------------- round 96 ---------------
seed = 1876890297
maxLevel = 1

0%   10   20   30   40   50   60   70   80   90   100%
|----|----|----|----|----|----|----|----|----|----|
***************************************************
size of nodeLACs = 616
size of candLACs = 67
n252 is replaced by n276 with estimated error 3.80028
error = 3.80028
high accuracy error = 382.745
area = 937
delay = 36.5
#gates = 394
output circuit appNtk/MAC_96_3.80028_937_36.5.blif
Abc_NtkLogicToNetlist() warning: The network is converted to have simple COs.
time = 555771714 us
--------------- round 97 ---------------
seed = 563785762
maxLevel = 1

0%   10   20   30   40   50   60   70   80   90   100%
|----|----|----|----|----|----|----|----|----|----|
***************************************************
size of nodeLACs = 616
size of candLACs = 51
n327 is replaced by one with estimated error 4.11633
error = 3.92373
high accuracy error = 392.055
area = 931
delay = 36.5
#gates = 391
output circuit appNtk/MAC_97_3.92373_931_36.5.blif
Abc_NtkLogicToNetlist() warning: The network is converted to have simple COs.
time = 559453149 us
--------------- round 98 ---------------
seed = 3718287789
maxLevel = 1

0%   10   20   30   40   50   60   70   80   90   100%
|----|----|----|----|----|----|----|----|----|----|
***************************************************
size of nodeLACs = 616
size of candLACs = 45
n264 is replaced by one with estimated error 3.86996
error = 3.86996
high accuracy error = 392.357
area = 929
delay = 36.5
#gates = 390
output circuit appNtk/MAC_98_3.86996_929_36.5.blif
Abc_NtkLogicToNetlist() warning: The network is converted to have simple COs.
time = 563285516 us
--------------- round 99 ---------------
seed = 1629066552
maxLevel = 1

0%   10   20   30   40   50   60   70   80   90   100%
|----|----|----|----|----|----|----|----|----|----|
***************************************************
size of nodeLACs = 616
size of candLACs = 43
n298 is replaced by n296 with estimated error 3.89196
error = 3.89196
high accuracy error = 391.876
area = 928
delay = 36.5
#gates = 389
output circuit appNtk/MAC_99_3.89196_928_36.5.blif
Abc_NtkLogicToNetlist() warning: The network is converted to have simple COs.
time = 566690170 us
--------------- round 100 ---------------
seed = 2001657641
maxLevel = 1

0%   10   20   30   40   50   60   70   80   90   100%
|----|----|----|----|----|----|----|----|----|----|
***************************************************
size of nodeLACs = 616
size of candLACs = 33
n329 is replaced by zero with estimated error 3.92577
error = 3.92577
high accuracy error = 392.044
area = 927
delay = 36.5
#gates = 388
output circuit appNtk/MAC_100_3.92577_927_36.5.blif
Abc_NtkLogicToNetlist() warning: The network is converted to have simple COs.
time = 570303982 us
--------------- round 101 ---------------
seed = 1304636729
maxLevel = 1

0%   10   20   30   40   50   60   70   80   90   100%
|----|----|----|----|----|----|----|----|----|----|
***************************************************
size of nodeLACs = 616
size of candLACs = 32
n248 is replaced by n182 with estimated error 4.05364
error = 4.05364
high accuracy error = 405.543
area = 916
delay = 36.5
#gates = 383
output circuit appNtk/MAC_101_4.05364_916_36.5.blif
Abc_NtkLogicToNetlist() warning: The network is converted to have simple COs.
time = 573741193 us
--------------- round 102 ---------------
seed = 3732291953
maxLevel = 1

0%   10   20   30   40   50   60   70   80   90   100%
|----|----|----|----|----|----|----|----|----|----|
***************************************************
size of nodeLACs = 616
size of candLACs = 32
n276 is replaced by n269 with estimated error 4.21789
error = 4.21789
high accuracy error = 424.974
area = 907
delay = 36.5
#gates = 380
output circuit appNtk/MAC_102_4.21789_907_36.5.blif
Abc_NtkLogicToNetlist() warning: The network is converted to have simple COs.
time = 577258875 us
--------------- round 103 ---------------
seed = 2510845421
maxLevel = 1

0%   10   20   30   40   50   60   70   80   90   100%
|----|----|----|----|----|----|----|----|----|----|
***************************************************
size of nodeLACs = 616
size of candLACs = 18
n349 is replaced by one with estimated error 4.60099
error = 4.33063
high accuracy error = 438.62
area = 904
delay = 36.5
#gates = 379
output circuit appNtk/MAC_103_4.33063_904_36.5.blif
Abc_NtkLogicToNetlist() warning: The network is converted to have simple COs.
time = 580648158 us
--------------- round 104 ---------------
seed = 389890224
maxLevel = 1

0%   10   20   30   40   50   60   70   80   90   100%
|----|----|----|----|----|----|----|----|----|----|
***************************************************
size of nodeLACs = 616
size of candLACs = 13
n300 is replaced by n292 with estimated error 4.54547
error = 4.54547
high accuracy error = 458.895
area = 901
delay = 36.5
#gates = 378
output circuit appNtk/MAC_104_4.54547_901_36.5.blif
Abc_NtkLogicToNetlist() warning: The network is converted to have simple COs.
time = 584063970 us
--------------- round 105 ---------------
seed = 2326820776
maxLevel = 1

0%   10   20   30   40   50   60   70   80   90   100%
|----|----|----|----|----|----|----|----|----|----|
***************************************************
size of nodeLACs = 616
size of candLACs = 10
n301 is replaced by n278 with estimated error 4.67811
error = 4.67811
high accuracy error = 466.82
area = 899
delay = 36.5
#gates = 377
output circuit appNtk/MAC_105_4.67811_899_36.5.blif
Abc_NtkLogicToNetlist() warning: The network is converted to have simple COs.
time = 587476099 us
--------------- round 106 ---------------
seed = 72852501
maxLevel = 1

0%   10   20   30   40   50   60   70   80   90   100%
|----|----|----|----|----|----|----|----|----|----|
***************************************************
size of nodeLACs = 616
size of candLACs = 10
n331 is replaced by n319 with estimated error 4.86805
error = 4.86805
high accuracy error = 493.473
area = 896
delay = 36.5
#gates = 375
output circuit appNtk/MAC_106_4.86805_896_36.5.blif
Abc_NtkLogicToNetlist() warning: The network is converted to have simple COs.
time = 590740867 us
--------------- round 107 ---------------
seed = 204556820
maxLevel = 1

0%   10   20   30   40   50   60   70   80   90   100%
|----|----|----|----|----|----|----|----|----|----|
***************************************************
size of nodeLACs = 616
size of candLACs = 4
n615 is replaced by n112 with estimated error 4.87968
error = 4.87968
high accuracy error = 488.614
area = 895
delay = 36.5
#gates = 374
output circuit appNtk/MAC_107_4.87968_895_36.5.blif
Abc_NtkLogicToNetlist() warning: The network is converted to have simple COs.
time = 593882044 us
--------------- round 108 ---------------
seed = 3306378237
maxLevel = 1

0%   10   20   30   40   50   60   70   80   90   100%
|----|----|----|----|----|----|----|----|----|----|
***************************************************
size of nodeLACs = 612
size of candLACs = 3
n158 is replaced by n281 with inverter with estimated error 4.87588
error = 4.87588
high accuracy error = 487.67
area = 894
delay = 36.5
#gates = 374
output circuit appNtk/MAC_108_4.87588_894_36.5.blif
Abc_NtkLogicToNetlist() warning: The network is converted to have simple COs.
time = 597056077 us
--------------- round 109 ---------------
seed = 1303687461
maxLevel = 1

0%   10   20   30   40   50   60   70   80   90   100%
|----|----|----|----|----|----|----|----|----|----|
***************************************************
size of nodeLACs = 618
size of candLACs = 10
n381 is replaced by one with estimated error 4.84617
error = 4.84617
high accuracy error = 487.705
area = 892
delay = 36.5
#gates = 373
output circuit appNtk/MAC_109_4.84617_892_36.5.blif
Abc_NtkLogicToNetlist() warning: The network is converted to have simple COs.
time = 600418859 us
--------------- round 110 ---------------
seed = 928792877
maxLevel = 1

0%   10   20   30   40   50   60   70   80   90   100%
|----|----|----|----|----|----|----|----|----|----|
***************************************************
size of nodeLACs = 618
size of candLACs = 2
n297 is replaced by n503 with estimated error 4.88209
error = 4.88209
high accuracy error = 482.506
area = 888
delay = 36.5
#gates = 371
output circuit appNtk/MAC_110_4.88209_888_36.5.blif
Abc_NtkLogicToNetlist() warning: The network is converted to have simple COs.
time = 603616301 us
--------------- round 111 ---------------
seed = 1068006126
maxLevel = 1

0%   10   20   30   40   50   60   70   80   90   100%
|----|----|----|----|----|----|----|----|----|----|
***************************************************
size of nodeLACs = 618
size of candLACs = 7
n617 is replaced by n196 with estimated error 4.76929
error = 4.76929
high accuracy error = 483.289
area = 887
delay = 36.5
#gates = 370
output circuit appNtk/MAC_111_4.76929_887_36.5.blif
Abc_NtkLogicToNetlist() warning: The network is converted to have simple COs.
time = 606738772 us
--------------- round 112 ---------------
seed = 2646442332
maxLevel = 1

0%   10   20   30   40   50   60   70   80   90   100%
|----|----|----|----|----|----|----|----|----|----|
***************************************************
size of nodeLACs = 612
size of candLACs = 6
n326 is replaced by n320 with estimated error 4.7279
error = 4.7279
high accuracy error = 482.604
area = 885
delay = 36.5
#gates = 369
output circuit appNtk/MAC_112_4.7279_885_36.5.blif
Abc_NtkLogicToNetlist() warning: The network is converted to have simple COs.
time = 609778935 us
--------------- round 113 ---------------
seed = 826406079
maxLevel = 1

0%   10   20   30   40   50   60   70   80   90   100%
|----|----|----|----|----|----|----|----|----|----|
***************************************************
size of nodeLACs = 612
size of candLACs = 4
n328 is replaced by one with estimated error 4.85731
error = 4.85731
high accuracy error = 482.802
area = 882
delay = 36.5
#gates = 368
output circuit appNtk/MAC_113_4.85731_882_36.5.blif
Abc_NtkLogicToNetlist() warning: The network is converted to have simple COs.
time = 612814608 us
--------------- round 114 ---------------
seed = 2570659279
maxLevel = 1

0%   10   20   30   40   50   60   70   80   90   100%
|----|----|----|----|----|----|----|----|----|----|
***************************************************
size of nodeLACs = 612
size of candLACs = 3
n384 is replaced by n320 with estimated error 4.87112
error = 4.87112
high accuracy error = 482.748
area = 880
delay = 36.5
#gates = 367
output circuit appNtk/MAC_114_4.87112_880_36.5.blif
Abc_NtkLogicToNetlist() warning: The network is converted to have simple COs.
time = 615924774 us
--------------- round 115 ---------------
seed = 805016029
maxLevel = 1

0%   10   20   30   40   50   60   70   80   90   100%
|----|----|----|----|----|----|----|----|----|----|
***************************************************
size of nodeLACs = 612
size of candLACs = 2
n260 is replaced by zero with estimated error 4.83095
error = 4.83095
high accuracy error = 482.446
area = 877
delay = 36.5
#gates = 366
output circuit appNtk/MAC_115_4.83095_877_36.5.blif
Abc_NtkLogicToNetlist() warning: The network is converted to have simple COs.
time = 619013091 us
--------------- round 116 ---------------
seed = 317070104
maxLevel = 1

0%   10   20   30   40   50   60   70   80   90   100%
|----|----|----|----|----|----|----|----|----|----|
***************************************************
size of nodeLACs = 612
size of candLACs = 1
n302 is replaced by n446 with estimated error 4.82915
error = 4.82915
high accuracy error = 483.562
area = 874
delay = 36.5
#gates = 365
output circuit appNtk/MAC_116_4.82915_874_36.5.blif
Abc_NtkLogicToNetlist() warning: The network is converted to have simple COs.
time = 622175422 us
--------------- round 117 ---------------
seed = 2426428765
maxLevel = 1

0%   10   20   30   40   50   60   70   80   90   100%
|----|----|----|----|----|----|----|----|----|----|
***************************************************
size of nodeLACs = 612
size of candLACs = 0
exceed error bound
