abc command read data/library/mcnc.genlib
Entered genlib library with 23 gates from file "data/library/mcnc.genlib".
abc command read_blif data/su/cla32.blif
Line 11: Skipping line ".default_input_arrival 0.00 0.00 ".
Line 12: Skipping line ".default_output_required 0.00 0.00 ".
Line 13: Skipping line ".default_input_drive 0.10 0.10 ".
Line 14: Skipping line ".default_output_load 2.00 ".
Line 15: Skipping line ".default_max_input_load 999.00 ".
abc command print_stats
[1;37mcla32                         :[0m i/o =   64/   33  lat =    0  nd =   419  edge =    952  area =958.00  delay =38.50  lev = 27
--------------- round 1 ---------------
seed = 77024431
maxLevel = 2147483647
[3172] is replaced by zero with estimated error 0
error = 0
area = 952
delay = 38.5
#gates = 418
output circuit appNtk/cla32_1_0_952_38.5.blif
time = 21031457 us
--------------- round 2 ---------------
seed = 4242162058
maxLevel = 2147483647
[2874] is replaced by [1746] with estimated error 0
error = 0
area = 946
delay = 38.5
#gates = 416
output circuit appNtk/cla32_2_0_946_38.5.blif
time = 41491290 us
--------------- round 3 ---------------
seed = 2961769080
maxLevel = 2147483647
[141861] is replaced by n107 with estimated error 0
error = 0
area = 941
delay = 36.1
#gates = 414
output circuit appNtk/cla32_3_0_941_36.1.blif
time = 61588767 us
--------------- round 4 ---------------
seed = 2063958252
maxLevel = 2147483647
[1809] is replaced by [3103] with estimated error 0
error = 0
area = 913
delay = 36.1
#gates = 403
output circuit appNtk/cla32_4_0_913_36.1.blif
time = 81308906 us
--------------- round 5 ---------------
seed = 1995677195
maxLevel = 2147483647
[2750] is replaced by [1683] with estimated error 0.00195313
error = 0.00195313
area = 909
delay = 36.1
#gates = 402
output circuit appNtk/cla32_5_0.00195313_909_36.1.blif
time = 99518285 us
--------------- round 6 ---------------
seed = 2521362709
maxLevel = 2147483647
[1618] is replaced by zero with estimated error 0.400351
error = 0.400351
area = 907
delay = 36.1
#gates = 401
output circuit appNtk/cla32_6_0.400351_907_36.1.blif
time = 118724671 us
--------------- round 7 ---------------
seed = 1639327678
maxLevel = 2147483647
n177 is replaced by n273 with estimated error 0.114599
error = 0.114599
area = 902
delay = 36.1
#gates = 399
output circuit appNtk/cla32_7_0.114599_902_36.1.blif
time = 137861332 us
--------------- round 8 ---------------
seed = 1960790630
maxLevel = 2147483647
[2547] is replaced by [1585] with estimated error 0.0959044
error = 0.0959044
area = 901
delay = 36.1
#gates = 398
output circuit appNtk/cla32_8_0.0959044_901_36.1.blif
time = 156779273 us
--------------- round 9 ---------------
seed = 2928184821
maxLevel = 2147483647
[1540] is replaced by zero with estimated error 0.344633
error = 0.344633
area = 900
delay = 36.1
#gates = 397
output circuit appNtk/cla32_9_0.344633_900_36.1.blif
time = 175609240 us
--------------- round 10 ---------------
seed = 244846599
maxLevel = 2147483647
[1544] is replaced by a[4] with estimated error 0.086502
error = 0.086502
area = 894
delay = 36.1
#gates = 394
output circuit appNtk/cla32_10_0.086502_894_36.1.blif
time = 194393528 us
--------------- round 11 ---------------
seed = 1637075571
maxLevel = 2147483647
[1554] is replaced by [2614] with estimated error 0.191662
error = 0.191662
area = 888
delay = 36.1
#gates = 392
output circuit appNtk/cla32_11_0.191662_888_36.1.blif
time = 212920987 us
--------------- round 12 ---------------
seed = 185868344
maxLevel = 2147483647
[1651] is replaced by [1650] with estimated error 0.343803
error = 0.343803
area = 878
delay = 36.1
#gates = 387
output circuit appNtk/cla32_12_0.343803_878_36.1.blif
time = 231190850 us
--------------- round 13 ---------------
seed = 1028243854
maxLevel = 2147483647
[2525] is replaced by [2521] with estimated error 0.355879
error = 0.355879
area = 877
delay = 36.1
#gates = 386
output circuit appNtk/cla32_13_0.355879_877_36.1.blif
time = 248895625 us
--------------- round 14 ---------------
seed = 1442164734
maxLevel = 2147483647
sum[3] is replaced by zero with estimated error 0.0821778
error = 0.0821778
area = 872
delay = 36.1
#gates = 384
output circuit appNtk/cla32_14_0.0821778_872_36.1.blif
time = 266477921 us
--------------- round 15 ---------------
seed = 2699235140
maxLevel = 2147483647
sum[5] is replaced by n302 with estimated error 0.129537
error = 0.129537
area = 867
delay = 36.1
#gates = 382
output circuit appNtk/cla32_15_0.129537_867_36.1.blif
time = 283944057 us
--------------- round 16 ---------------
seed = 3916802590
maxLevel = 2147483647
[1105] is replaced by n273 with estimated error 0.587933
error = 0.587933
area = 862
delay = 36.1
#gates = 380
output circuit appNtk/cla32_16_0.587933_862_36.1.blif
time = 301201409 us
--------------- round 17 ---------------
seed = 3886235115
maxLevel = 2147483647
[2284] is replaced by one with estimated error 0.322115
error = 0.322115
area = 860
delay = 36.1
#gates = 379
output circuit appNtk/cla32_17_0.322115_860_36.1.blif
time = 318345625 us
--------------- round 18 ---------------
seed = 4099391036
maxLevel = 2147483647
[1606] is replaced by [2466] with estimated error 0.344463
error = 0.344463
area = 858
delay = 36.1
#gates = 378
output circuit appNtk/cla32_18_0.344463_858_36.1.blif
time = 335371125 us
--------------- round 19 ---------------
seed = 3463112897
maxLevel = 2147483647
[1538] is replaced by [1535] with inverter with estimated error 0.366434
error = 0.366434
area = 855
delay = 32.9
#gates = 377
output circuit appNtk/cla32_19_0.366434_855_32.9.blif
time = 352302572 us
--------------- round 20 ---------------
seed = 315216845
maxLevel = 2147483647
[1533] is replaced by [1528] with estimated error 0.849629
error = 0.849629
area = 853
delay = 32.9
#gates = 376
output circuit appNtk/cla32_20_0.849629_853_32.9.blif
time = 368636792 us
--------------- round 21 ---------------
seed = 2376826171
maxLevel = 2147483647
sum[4] is replaced by [2286] with inverter with estimated error 0.0737731
error = 0.0737731
area = 849
delay = 32.9
#gates = 375
output circuit appNtk/cla32_21_0.0737731_849_32.9.blif
time = 384940963 us
--------------- round 22 ---------------
seed = 760418052
maxLevel = 2147483647
[1531] is replaced by zero with estimated error 0.121671
error = 0.121671
area = 848
delay = 32.9
#gates = 374
output circuit appNtk/cla32_22_0.121671_848_32.9.blif
time = 401173974 us
--------------- round 23 ---------------
seed = 1973464777
maxLevel = 2147483647
[1536] is replaced by zero with estimated error 0.0711016
error = 0.0711016
area = 847
delay = 32.9
#gates = 373
output circuit appNtk/cla32_23_0.0711016_847_32.9.blif
time = 417460624 us
--------------- round 24 ---------------
seed = 2253818127
maxLevel = 2147483647
[1528] is replaced by one with estimated error 0.57567
error = 0.57567
area = 846
delay = 32.9
#gates = 372
output circuit appNtk/cla32_24_0.57567_846_32.9.blif
time = 433635233 us
--------------- round 25 ---------------
seed = 3506449322
maxLevel = 2147483647
[2263] is replaced by one with estimated error 0.0985425
error = 0.0985425
area = 845
delay = 32.9
#gates = 371
output circuit appNtk/cla32_25_0.0985425_845_32.9.blif
time = 449817109 us
--------------- round 26 ---------------
seed = 2104572255
maxLevel = 2147483647
[1539] is replaced by zero with estimated error 0.128137
error = 0.128137
area = 844
delay = 32
#gates = 370
output circuit appNtk/cla32_26_0.128137_844_32.blif
time = 466012887 us
--------------- round 27 ---------------
seed = 2551331551
maxLevel = 2147483647
[1545] is replaced by [2286] with estimated error 0.077716
error = 0.077716
area = 841
delay = 30.8
#gates = 368
output circuit appNtk/cla32_27_0.077716_841_30.8.blif
time = 482119437 us
--------------- round 28 ---------------
seed = 2663404229
maxLevel = 2147483647
[2509] is replaced by [1553] with inverter with estimated error 0.07366
error = 0.07366
area = 839
delay = 30.8
#gates = 368
output circuit appNtk/cla32_28_0.07366_839_30.8.blif
time = 498140638 us
--------------- round 29 ---------------
seed = 2039044229
maxLevel = 2147483647
[2641] is replaced by [2576] with estimated error 0.124702
error = 0.124702
area = 834
delay = 30.8
#gates = 366
output circuit appNtk/cla32_29_0.124702_834_30.8.blif
time = 514092775 us
--------------- round 30 ---------------
seed = 501287560
maxLevel = 2147483647
[2609] is replaced by sum[8] with inverter with estimated error 0.100133
error = 0.100133
area = 825
delay = 30.8
#gates = 363
output circuit appNtk/cla32_30_0.100133_825_30.8.blif
time = 529818195 us
--------------- round 31 ---------------
seed = 464007499
maxLevel = 2147483647
[2399] is replaced by [2432] with estimated error 0.631227
error = 0.631227
area = 820
delay = 30.8
#gates = 361
output circuit appNtk/cla32_31_0.631227_820_30.8.blif
time = 545405893 us
--------------- round 32 ---------------
seed = 307686486
maxLevel = 2147483647
[2486] is replaced by [1572] with estimated error 0.351203
error = 0.351203
area = 814
delay = 30.8
#gates = 358
output circuit appNtk/cla32_32_0.351203_814_30.8.blif
time = 560858469 us
--------------- round 33 ---------------
seed = 3604953407
maxLevel = 2147483647
[1546] is replaced by a[3] with estimated error 0.336947
error = 0.336947
area = 810
delay = 30.8
#gates = 356
output circuit appNtk/cla32_33_0.336947_810_30.8.blif
time = 576119615 us
--------------- round 34 ---------------
seed = 1490444802
maxLevel = 2147483647
[1547] is replaced by [1573] with estimated error 0.0865521
error = 0.0865521
area = 804
delay = 30.8
#gates = 353
output circuit appNtk/cla32_34_0.0865521_804_30.8.blif
time = 610743449 us
--------------- round 35 ---------------
seed = 58786913
maxLevel = 2147483647
[2482] is replaced by [2706] with estimated error 0.118968
error = 0.118968
area = 797
delay = 30.8
#gates = 350
output circuit appNtk/cla32_35_0.118968_797_30.8.blif
time = 644937889 us
--------------- round 36 ---------------
seed = 324941909
maxLevel = 2147483647
[1535] is replaced by zero with estimated error 0.118827
error = 0.118827
area = 796
delay = 30.8
#gates = 349
output circuit appNtk/cla32_36_0.118827_796_30.8.blif
time = 678712879 us
--------------- round 37 ---------------
seed = 4032181526
maxLevel = 2147483647
[1550] is replaced by zero with estimated error 0.396434
error = 0.396434
area = 792
delay = 30.8
#gates = 348
output circuit appNtk/cla32_37_0.396434_792_30.8.blif
time = 712180356 us
--------------- round 38 ---------------
seed = 3458522750
maxLevel = 2147483647
[2403] is replaced by [2514] with estimated error 0.334718
error = 0.334718
area = 789
delay = 30.8
#gates = 347
output circuit appNtk/cla32_38_0.334718_789_30.8.blif
time = 745638896 us
--------------- round 39 ---------------
seed = 2111337754
maxLevel = 2147483647
[2616] is replaced by [1573] with estimated error 0.111992
error = 0.111992
area = 785
delay = 30.8
#gates = 345
output circuit appNtk/cla32_39_0.111992_785_30.8.blif
time = 778880317 us
--------------- round 40 ---------------
seed = 3054515458
maxLevel = 2147483647
[2371] is replaced by [3100] with inverter with estimated error 0.33452
error = 0.33452
area = 782
delay = 30.7
#gates = 344
output circuit appNtk/cla32_40_0.33452_782_30.7.blif
time = 811716070 us
--------------- round 41 ---------------
seed = 3052923283
maxLevel = 2147483647
[2614] is replaced by [1652] with inverter with estimated error 0.132433
error = 0.132433
area = 780
delay = 30.7
#gates = 344
output circuit appNtk/cla32_41_0.132433_780_30.7.blif
time = 844454722 us
--------------- round 42 ---------------
seed = 1636084822
maxLevel = 2147483647
[2511] is replaced by [2432] with estimated error 0.0982292
error = 0.0982292
area = 761
delay = 30.7
#gates = 335
output circuit appNtk/cla32_42_0.0982292_761_30.7.blif
time = 877068540 us
--------------- round 43 ---------------
seed = 578122059
maxLevel = 2147483647
[1582] is replaced by b[4] with inverter with estimated error 0.341671
error = 0.341671
area = 758
delay = 30.7
#gates = 335
output circuit appNtk/cla32_43_0.341671_758_30.7.blif
time = 908473817 us
--------------- round 44 ---------------
seed = 1906755341
maxLevel = 2147483647
sum[8] is replaced by [2466] with estimated error 0.114601
error = 0.114601
area = 753
delay = 30.7
#gates = 333
output circuit appNtk/cla32_44_0.114601_753_30.7.blif
time = 939748801 us
--------------- round 45 ---------------
seed = 1682488014
maxLevel = 2147483647
[2397] is replaced by [2591] with estimated error 0.581775
error = 0.581775
area = 751
delay = 30.7
#gates = 332
output circuit appNtk/cla32_45_0.581775_751_30.7.blif
time = 970702811 us
--------------- round 46 ---------------
seed = 4176040084
maxLevel = 2147483647
sum[7] is replaced by [1626] with estimated error 0.585233
error = 0.585233
area = 748
delay = 30.7
#gates = 331
output circuit appNtk/cla32_46_0.585233_748_30.7.blif
time = 1001432180 us
--------------- round 47 ---------------
seed = 2987495540
maxLevel = 2147483647
n520 is replaced by zero with estimated error 0.174587
error = 0.174587
area = 747
delay = 30.7
#gates = 330
output circuit appNtk/cla32_47_0.174587_747_30.7.blif
Abc_NtkLogicToNetlist() warning: The network is converted to have simple COs.
time = 1032012419 us
--------------- round 48 ---------------
seed = 3778558711
maxLevel = 2147483647
[1559] is replaced by a[3] with inverter with estimated error 0.103704
error = 0.103704
area = 742
delay = 30.7
#gates = 329
output circuit appNtk/cla32_48_0.103704_742_30.7.blif
Abc_NtkLogicToNetlist() warning: The network is converted to have simple COs.
time = 1062422330 us
--------------- round 49 ---------------
seed = 3217249680
maxLevel = 2147483647
[2405] is replaced by [1563] with estimated error 0.429722
error = 0.429722
area = 739
delay = 30.7
#gates = 328
output circuit appNtk/cla32_49_0.429722_739_30.7.blif
Abc_NtkLogicToNetlist() warning: The network is converted to have simple COs.
time = 1092801757 us
--------------- round 50 ---------------
seed = 2301176516
maxLevel = 2147483647
[1564] is replaced by [1721] with estimated error 0.332676
error = 0.332676
area = 735
delay = 30.7
#gates = 327
output circuit appNtk/cla32_50_0.332676_735_30.7.blif
Abc_NtkLogicToNetlist() warning: The network is converted to have simple COs.
time = 1123051247 us
--------------- round 51 ---------------
seed = 4226680010
maxLevel = 2147483647
sum[9] is replaced by [1593] with inverter with estimated error 0.0896735
error = 0.0896735
area = 730
delay = 30.7
#gates = 325
output circuit appNtk/cla32_51_0.0896735_730_30.7.blif
Abc_NtkLogicToNetlist() warning: The network is converted to have simple COs.
time = 1153103622 us
--------------- round 52 ---------------
seed = 2938629981
maxLevel = 2147483647
n302 is replaced by [1574] with estimated error 0.418236
error = 0.418236
area = 727
delay = 30.7
#gates = 324
output circuit appNtk/cla32_52_0.418236_727_30.7.blif
Abc_NtkLogicToNetlist() warning: The network is converted to have simple COs.
time = 1182940392 us
--------------- round 53 ---------------
seed = 3855851478
maxLevel = 2147483647
n524 is replaced by [1811] with estimated error 0.578871
error = 0.578871
area = 726
delay = 30.7
#gates = 323
output circuit appNtk/cla32_53_0.578871_726_30.7.blif
Abc_NtkLogicToNetlist() warning: The network is converted to have simple COs.
time = 1212595067 us
--------------- round 54 ---------------
seed = 1251702442
maxLevel = 2147483647
[1566] is replaced by b[5] with inverter with estimated error 0.103423
error = 0.103423
area = 722
delay = 30.7
#gates = 321
output circuit appNtk/cla32_54_0.103423_722_30.7.blif
Abc_NtkLogicToNetlist() warning: The network is converted to have simple COs.
time = 1242109810 us
--------------- round 55 ---------------
seed = 3474524341
maxLevel = 2147483647
[1556] is replaced by [1653] with estimated error 0.396981
error = 0.396981
area = 721
delay = 30.7
#gates = 320
output circuit appNtk/cla32_55_0.396981_721_30.7.blif
Abc_NtkLogicToNetlist() warning: The network is converted to have simple COs.
time = 1271118976 us
--------------- round 56 ---------------
seed = 1024225378
maxLevel = 2147483647
[1572] is replaced by [1811] with estimated error 0.840806
error = 0.840806
area = 720
delay = 30.7
#gates = 319
output circuit appNtk/cla32_56_0.840806_720_30.7.blif
Abc_NtkLogicToNetlist() warning: The network is converted to have simple COs.
time = 1299941766 us
--------------- round 57 ---------------
seed = 2971785495
maxLevel = 2147483647
n526 is replaced by [1608] with estimated error 0.0886576
error = 0.0886576
area = 719
delay = 30.7
#gates = 318
output circuit appNtk/cla32_57_0.0886576_719_30.7.blif
Abc_NtkLogicToNetlist() warning: The network is converted to have simple COs.
time = 1328617082 us
--------------- round 58 ---------------
seed = 3316464394
maxLevel = 2147483647
[1607] is replaced by [1605] with estimated error 0.0984562
error = 0.0984562
area = 714
delay = 30.7
#gates = 316
output circuit appNtk/cla32_58_0.0984562_714_30.7.blif
Abc_NtkLogicToNetlist() warning: The network is converted to have simple COs.
time = 1357259279 us
--------------- round 59 ---------------
seed = 3047899310
maxLevel = 2147483647
[2459] is replaced by one with estimated error 0.0902652
error = 0.0902652
area = 709
delay = 30.7
#gates = 314
output circuit appNtk/cla32_59_0.0902652_709_30.7.blif
Abc_NtkLogicToNetlist() warning: The network is converted to have simple COs.
time = 1385578864 us
--------------- round 60 ---------------
seed = 2037325053
maxLevel = 2147483647
[2497] is replaced by [2726] with estimated error 0.609362
error = 0.609362
area = 706
delay = 30.7
#gates = 312
output circuit appNtk/cla32_60_0.609362_706_30.7.blif
Abc_NtkLogicToNetlist() warning: The network is converted to have simple COs.
time = 1413506903 us
--------------- round 61 ---------------
seed = 3038152786
maxLevel = 2147483647
[1571] is replaced by [1581] with inverter with estimated error 0.347409
error = 0.347409
area = 704
delay = 30.7
#gates = 312
output circuit appNtk/cla32_61_0.347409_704_30.7.blif
Abc_NtkLogicToNetlist() warning: The network is converted to have simple COs.
time = 1441128301 us
--------------- round 62 ---------------
seed = 608531847
maxLevel = 2147483647
[1555] is replaced by zero with estimated error 0.112481
error = 0.112481
area = 703
delay = 30.7
#gates = 311
output circuit appNtk/cla32_62_0.112481_703_30.7.blif
Abc_NtkLogicToNetlist() warning: The network is converted to have simple COs.
time = 1468755456 us
--------------- round 63 ---------------
seed = 1789940915
maxLevel = 2147483647
[2368] is replaced by n528 with estimated error 0.345823
error = 0.345823
area = 701
delay = 30.7
#gates = 310
output circuit appNtk/cla32_63_0.345823_701_30.7.blif
Abc_NtkLogicToNetlist() warning: The network is converted to have simple COs.
time = 1496160920 us
--------------- round 64 ---------------
seed = 2801809180
maxLevel = 2147483647
[2469] is replaced by [2961] with estimated error 0.144143
error = 0.144143
area = 700
delay = 30.7
#gates = 309
output circuit appNtk/cla32_64_0.144143_700_30.7.blif
Abc_NtkLogicToNetlist() warning: The network is converted to have simple COs.
time = 1523404647 us
--------------- round 65 ---------------
seed = 4100979075
maxLevel = 2147483647
[2521] is replaced by [2432] with estimated error 0.135671
error = 0.135671
area = 699
delay = 30.7
#gates = 308
output circuit appNtk/cla32_65_0.135671_699_30.7.blif
Abc_NtkLogicToNetlist() warning: The network is converted to have simple COs.
time = 1550493556 us
--------------- round 66 ---------------
seed = 705387990
maxLevel = 2147483647
[1604] is replaced by [1751] with estimated error 0.213038
error = 0.213038
area = 693
delay = 30.6
#gates = 306
output circuit appNtk/cla32_66_0.213038_693_30.6.blif
Abc_NtkLogicToNetlist() warning: The network is converted to have simple COs.
time = 1577435778 us
--------------- round 67 ---------------
seed = 38177735
maxLevel = 2147483647
[1595] is replaced by n525 with estimated error 0.414631
error = 0.414631
area = 689
delay = 30.6
#gates = 305
output circuit appNtk/cla32_67_0.414631_689_30.6.blif
Abc_NtkLogicToNetlist() warning: The network is converted to have simple COs.
time = 1604096032 us
--------------- round 68 ---------------
seed = 1337500826
maxLevel = 2147483647
[2466] is replaced by [3095] with estimated error 0.402655
error = 0.402655
area = 681
delay = 30.6
#gates = 301
output circuit appNtk/cla32_68_0.402655_681_30.6.blif
Abc_NtkLogicToNetlist() warning: The network is converted to have simple COs.
time = 1630571197 us
--------------- round 69 ---------------
seed = 3482260490
maxLevel = 2147483647
[1609] is replaced by [1710] with estimated error 0.655016
error = 0.655016
area = 680
delay = 30.6
#gates = 300
output circuit appNtk/cla32_69_0.655016_680_30.6.blif
Abc_NtkLogicToNetlist() warning: The network is converted to have simple COs.
time = 1656621191 us
--------------- round 70 ---------------
seed = 661697535
maxLevel = 2147483647
sum[11] is replaced by [2993] with inverter with estimated error 0.405746
error = 0.405746
area = 674
delay = 30.6
#gates = 298
output circuit appNtk/cla32_70_0.405746_674_30.6.blif
Abc_NtkLogicToNetlist() warning: The network is converted to have simple COs.
time = 1682513637 us
--------------- round 71 ---------------
seed = 1982500514
maxLevel = 2147483647
[3382] is replaced by one with estimated error 0.435925
error = 0.435925
area = 668
delay = 30.6
#gates = 295
output circuit appNtk/cla32_71_0.435925_668_30.6.blif
Abc_NtkLogicToNetlist() warning: The network is converted to have simple COs.
time = 1708119225 us
--------------- round 72 ---------------
seed = 2588402775
maxLevel = 2147483647
[1579] is replaced by [1665] with estimated error 0.179801
error = 0.179801
area = 649
delay = 28.1
#gates = 287
output circuit appNtk/cla32_72_0.179801_649_28.1.blif
Abc_NtkLogicToNetlist() warning: The network is converted to have simple COs.
time = 1733388981 us
--------------- round 73 ---------------
seed = 3661993798
maxLevel = 2147483647
n530 is replaced by [2517] with estimated error 0.210377
error = 0.210377
area = 648
delay = 28.1
#gates = 286
output circuit appNtk/cla32_73_0.210377_648_28.1.blif
Abc_NtkLogicToNetlist() warning: The network is converted to have simple COs.
time = 1757599953 us
--------------- round 74 ---------------
seed = 891058922
maxLevel = 2147483647
[1592] is replaced by [2963] with inverter with estimated error 0.154814
error = 0.154814
area = 640
delay = 28.1
#gates = 282
output circuit appNtk/cla32_74_0.154814_640_28.1.blif
Abc_NtkLogicToNetlist() warning: The network is converted to have simple COs.
time = 1781713107 us
--------------- round 75 ---------------
seed = 229616774
maxLevel = 2147483647
[2863] is replaced by n267 with estimated error 0.716586
error = 0.716586
area = 637
delay = 28.1
#gates = 281
output circuit appNtk/cla32_75_0.716586_637_28.1.blif
Abc_NtkLogicToNetlist() warning: The network is converted to have simple COs.
time = 1805213641 us
--------------- round 76 ---------------
seed = 3230036337
maxLevel = 2147483647
sum[6] is replaced by [2689] with estimated error 1.15271
error = 1.15271
area = 629
delay = 28.1
#gates = 278
output circuit appNtk/cla32_76_1.15271_629_28.1.blif
Abc_NtkLogicToNetlist() warning: The network is converted to have simple COs.
time = 1828562610 us
--------------- round 77 ---------------
seed = 2237642083
maxLevel = 2147483647
sum[10] is replaced by [1626] with estimated error 1.14657
error = 1.14657
area = 624
delay = 28.1
#gates = 276
output circuit appNtk/cla32_77_1.14657_624_28.1.blif
Abc_NtkLogicToNetlist() warning: The network is converted to have simple COs.
time = 1851844300 us
--------------- round 78 ---------------
seed = 628864968
maxLevel = 2147483647
[2587] is replaced by one with estimated error 1.18891
error = 1.18891
area = 618
delay = 28.1
#gates = 273
output circuit appNtk/cla32_78_1.18891_618_28.1.blif
Abc_NtkLogicToNetlist() warning: The network is converted to have simple COs.
time = 1874838692 us
--------------- round 79 ---------------
seed = 632048428
maxLevel = 2147483647
sum[12] is replaced by [2619] with inverter with estimated error 0.949904
error = 0.949904
area = 608
delay = 28.1
#gates = 269
output circuit appNtk/cla32_79_0.949904_608_28.1.blif
Abc_NtkLogicToNetlist() warning: The network is converted to have simple COs.
time = 1897457076 us
--------------- round 80 ---------------
seed = 3150240541
maxLevel = 2147483647
[1619] is replaced by [2876] with estimated error 0.861583
error = 0.861583
area = 606
delay = 28.1
#gates = 268
output circuit appNtk/cla32_80_0.861583_606_28.1.blif
Abc_NtkLogicToNetlist() warning: The network is converted to have simple COs.
time = 1919489742 us
--------------- round 81 ---------------
seed = 748409462
maxLevel = 2147483647
[1573] is replaced by [1733] with estimated error 0.37757
error = 0.37757
area = 605
delay = 28.1
#gates = 267
output circuit appNtk/cla32_81_0.37757_605_28.1.blif
Abc_NtkLogicToNetlist() warning: The network is converted to have simple COs.
time = 1941322908 us
--------------- round 82 ---------------
seed = 118107901
maxLevel = 2147483647
[141994] is replaced by [1787] with estimated error 1.63449
error = 1.63449
area = 603
delay = 28.1
#gates = 266
output circuit appNtk/cla32_82_1.63449_603_28.1.blif
Abc_NtkLogicToNetlist() warning: The network is converted to have simple COs.
time = 1963012712 us
--------------- round 83 ---------------
seed = 1357483990
maxLevel = 2147483647
n527 is replaced by [1710] with estimated error 0.905594
error = 0.905594
area = 602
delay = 28.1
#gates = 265
output circuit appNtk/cla32_83_0.905594_602_28.1.blif
Abc_NtkLogicToNetlist() warning: The network is converted to have simple COs.
time = 1984585079 us
--------------- round 84 ---------------
seed = 1617749173
maxLevel = 2147483647
[1610] is replaced by [1676] with estimated error 1.66612
error = 1.66612
area = 597
delay = 28.1
#gates = 263
output circuit appNtk/cla32_84_1.66612_597_28.1.blif
Abc_NtkLogicToNetlist() warning: The network is converted to have simple COs.
time = 2006020775 us
--------------- round 85 ---------------
seed = 692732565
maxLevel = 2147483647
[1626] is replaced by [1671] with inverter with estimated error 0.639248
error = 0.639248
area = 594
delay = 28.1
#gates = 263
output circuit appNtk/cla32_85_0.639248_594_28.1.blif
Abc_NtkLogicToNetlist() warning: The network is converted to have simple COs.
time = 2027178710 us
--------------- round 86 ---------------
seed = 3081937408
maxLevel = 2147483647
[2539] is replaced by [1765] with estimated error 1.64164
error = 1.64164
area = 590
delay = 28.1
#gates = 261
output circuit appNtk/cla32_86_1.64164_590_28.1.blif
Abc_NtkLogicToNetlist() warning: The network is converted to have simple COs.
time = 2048310084 us
--------------- round 87 ---------------
seed = 4044074294
maxLevel = 2147483647
[1593] is replaced by zero with estimated error 0.643689
error = 0.643689
area = 589
delay = 28.1
#gates = 260
output circuit appNtk/cla32_87_0.643689_589_28.1.blif
Abc_NtkLogicToNetlist() warning: The network is converted to have simple COs.
time = 2069524533 us
--------------- round 88 ---------------
seed = 2628246065
maxLevel = 2147483647
[2564] is replaced by [2270] with inverter with estimated error 0.900976
error = 0.900976
area = 587
delay = 28.1
#gates = 260
output circuit appNtk/cla32_88_0.900976_587_28.1.blif
Abc_NtkLogicToNetlist() warning: The network is converted to have simple COs.
time = 2090600557 us
--------------- round 89 ---------------
seed = 2318505110
maxLevel = 2147483647
[2567] is replaced by b[9] with inverter with estimated error 1.39682
error = 1.39682
area = 586
delay = 28.1
#gates = 260
output circuit appNtk/cla32_89_1.39682_586_28.1.blif
Abc_NtkLogicToNetlist() warning: The network is converted to have simple COs.
time = 2111725816 us
--------------- round 90 ---------------
seed = 3681345250
maxLevel = 2147483647
[1623] is replaced by [1617] with estimated error 1.16208
error = 1.16208
area = 583
delay = 28.1
#gates = 259
output circuit appNtk/cla32_90_1.16208_583_28.1.blif
Abc_NtkLogicToNetlist() warning: The network is converted to have simple COs.
time = 2132722827 us
--------------- round 91 ---------------
seed = 2527455621
maxLevel = 2147483647
sum[13] is replaced by [1666] with estimated error 0.633347
error = 0.633347
area = 578
delay = 28.1
#gates = 257
output circuit appNtk/cla32_91_0.633347_578_28.1.blif
Abc_NtkLogicToNetlist() warning: The network is converted to have simple COs.
time = 2153577885 us
--------------- round 92 ---------------
seed = 2551860552
maxLevel = 2147483647
[1617] is replaced by [1811] with inverter with estimated error 0.928999
error = 0.928999
area = 577
delay = 28.1
#gates = 257
output circuit appNtk/cla32_92_0.928999_577_28.1.blif
Abc_NtkLogicToNetlist() warning: The network is converted to have simple COs.
time = 2174178197 us
--------------- round 93 ---------------
seed = 2341613427
maxLevel = 2147483647
[2270] is replaced by [2706] with estimated error 1.24735
error = 1.24735
area = 575
delay = 28.1
#gates = 256
output circuit appNtk/cla32_93_1.24735_575_28.1.blif
Abc_NtkLogicToNetlist() warning: The network is converted to have simple COs.
time = 2194769337 us
--------------- round 94 ---------------
seed = 2080021764
maxLevel = 2147483647
n273 is replaced by [2589] with estimated error 0.754418
error = 0.754418
area = 569
delay = 28.1
#gates = 252
output circuit appNtk/cla32_94_0.754418_569_28.1.blif
Abc_NtkLogicToNetlist() warning: The network is converted to have simple COs.
time = 2215192288 us
--------------- round 95 ---------------
seed = 1325158899
maxLevel = 2147483647
[1594] is replaced by [1530] with estimated error 1.42801
error = 1.42801
area = 568
delay = 28.1
#gates = 251
output circuit appNtk/cla32_95_1.42801_568_28.1.blif
Abc_NtkLogicToNetlist() warning: The network is converted to have simple COs.
time = 2235250837 us
--------------- round 96 ---------------
seed = 1046250822
maxLevel = 2147483647
[2619] is replaced by [2787] with estimated error 0.185608
error = 0.185608
area = 566
delay = 28.1
#gates = 250
output circuit appNtk/cla32_96_0.185608_566_28.1.blif
Abc_NtkLogicToNetlist() warning: The network is converted to have simple COs.
time = 2255266718 us
--------------- round 97 ---------------
seed = 1421710775
maxLevel = 2147483647
[2589] is replaced by [2741] with estimated error 0.689586
error = 0.689586
area = 560
delay = 28.1
#gates = 248
output circuit appNtk/cla32_97_0.689586_560_28.1.blif
Abc_NtkLogicToNetlist() warning: The network is converted to have simple COs.
time = 2275146088 us
--------------- round 98 ---------------
seed = 1581100934
maxLevel = 2147483647
n532 is replaced by zero with estimated error 0.939849
error = 0.939849
area = 559
delay = 28.1
#gates = 247
output circuit appNtk/cla32_98_0.939849_559_28.1.blif
Abc_NtkLogicToNetlist() warning: The network is converted to have simple COs.
time = 2294781875 us
--------------- round 99 ---------------
seed = 416422340
maxLevel = 2147483647
[1636] is replaced by b[14] with estimated error 0.934678
error = 0.934678
area = 555
delay = 25.5
#gates = 246
output circuit appNtk/cla32_99_0.934678_555_25.5.blif
Abc_NtkLogicToNetlist() warning: The network is converted to have simple COs.
time = 2314328882 us
--------------- round 100 ---------------
seed = 1864252138
maxLevel = 2147483647
[2591] is replaced by [2706] with estimated error 1.43631
error = 1.43631
area = 552
delay = 25.5
#gates = 245
output circuit appNtk/cla32_100_1.43631_552_25.5.blif
Abc_NtkLogicToNetlist() warning: The network is converted to have simple COs.
time = 2333723480 us
--------------- round 101 ---------------
seed = 2786604018
maxLevel = 2147483647
n533 is replaced by [1732] with estimated error 0.933423
error = 0.933423
area = 551
delay = 25.5
#gates = 244
output circuit appNtk/cla32_101_0.933423_551_25.5.blif
Abc_NtkLogicToNetlist() warning: The network is converted to have simple COs.
time = 2353189558 us
--------------- round 102 ---------------
seed = 3860211459
maxLevel = 2147483647
[1649] is replaced by [2670] with estimated error 0.951232
error = 0.951232
area = 549
delay = 25.5
#gates = 243
output circuit appNtk/cla32_102_0.951232_549_25.5.blif
Abc_NtkLogicToNetlist() warning: The network is converted to have simple COs.
time = 2372546641 us
--------------- round 103 ---------------
seed = 1499747576
maxLevel = 2147483647
[2597] is replaced by [2987] with estimated error 1.43552
error = 1.43552
area = 548
delay = 25.5
#gates = 242
output circuit appNtk/cla32_103_1.43552_548_25.5.blif
Abc_NtkLogicToNetlist() warning: The network is converted to have simple COs.
time = 2391766123 us
--------------- round 104 ---------------
seed = 1561958588
maxLevel = 2147483647
n536 is replaced by [1752] with estimated error 0.429383
error = 0.429383
area = 547
delay = 25.5
#gates = 241
output circuit appNtk/cla32_104_0.429383_547_25.5.blif
Abc_NtkLogicToNetlist() warning: The network is converted to have simple COs.
time = 2410857931 us
--------------- round 105 ---------------
seed = 193186081
maxLevel = 2147483647
[2594] is replaced by [2647] with estimated error 0.409214
error = 0.409214
area = 541
delay = 25.5
#gates = 237
output circuit appNtk/cla32_105_0.409214_541_25.5.blif
Abc_NtkLogicToNetlist() warning: The network is converted to have simple COs.
time = 2429775538 us
--------------- round 106 ---------------
seed = 253106507
maxLevel = 2147483647
[2719] is replaced by n282 with estimated error 0.923345
error = 0.923345
area = 540
delay = 25.5
#gates = 236
output circuit appNtk/cla32_106_0.923345_540_25.5.blif
Abc_NtkLogicToNetlist() warning: The network is converted to have simple COs.
time = 2448232511 us
--------------- round 107 ---------------
seed = 2493129819
maxLevel = 2147483647
[1633] is replaced by [142684] with estimated error 0.66424
error = 0.66424
area = 537
delay = 25.5
#gates = 235
output circuit appNtk/cla32_107_0.66424_537_25.5.blif
Abc_NtkLogicToNetlist() warning: The network is converted to have simple COs.
time = 2466532058 us
--------------- round 108 ---------------
seed = 3141494838
maxLevel = 2147483647
[2604] is replaced by zero with estimated error 0.159343
error = 0.159343
area = 536
delay = 25.5
#gates = 234
output circuit appNtk/cla32_108_0.159343_536_25.5.blif
Abc_NtkLogicToNetlist() warning: The network is converted to have simple COs.
time = 2484696379 us
--------------- round 109 ---------------
seed = 3412430926
maxLevel = 2147483647
[1673] is replaced by [1634] with estimated error 1.14745
error = 1.14745
area = 532
delay = 25.5
#gates = 233
output circuit appNtk/cla32_109_1.14745_532_25.5.blif
Abc_NtkLogicToNetlist() warning: The network is converted to have simple COs.
time = 2502737745 us
--------------- round 110 ---------------
seed = 1508980379
maxLevel = 2147483647
n107 is replaced by [141876] with estimated error 1.13087
error = 1.13087
area = 527
delay = 23.8
#gates = 231
output circuit appNtk/cla32_110_1.13087_527_23.8.blif
Abc_NtkLogicToNetlist() warning: The network is converted to have simple COs.
time = 2520624930 us
--------------- round 111 ---------------
seed = 2777438462
maxLevel = 2147483647
[1664] is replaced by [1635] with estimated error 1.28711
error = 1.28711
area = 521
delay = 23.8
#gates = 228
output circuit appNtk/cla32_111_1.28711_521_23.8.blif
Abc_NtkLogicToNetlist() warning: The network is converted to have simple COs.
time = 2538207581 us
--------------- round 112 ---------------
seed = 1716416504
maxLevel = 2147483647
sum[16] is replaced by [1650] with estimated error 1.91205
error = 1.91205
area = 516
delay = 23.8
#gates = 226
output circuit appNtk/cla32_112_1.91205_516_23.8.blif
Abc_NtkLogicToNetlist() warning: The network is converted to have simple COs.
time = 2555369763 us
--------------- round 113 ---------------
seed = 2126336615
maxLevel = 2147483647
[2517] is replaced by [1736] with estimated error 1.47433
error = 1.47433
area = 515
delay = 23.8
#gates = 225
output circuit appNtk/cla32_113_1.47433_515_23.8.blif
Abc_NtkLogicToNetlist() warning: The network is converted to have simple COs.
time = 2572276840 us
--------------- round 114 ---------------
seed = 3565038085
maxLevel = 2147483647
[1642] is replaced by [2706] with estimated error 1.09971
error = 1.09971
area = 513
delay = 23.8
#gates = 224
output circuit appNtk/cla32_114_1.09971_513_23.8.blif
Abc_NtkLogicToNetlist() warning: The network is converted to have simple COs.
time = 2589093633 us
--------------- round 115 ---------------
seed = 3703753926
maxLevel = 2147483647
[2576] is replaced by [1530] with estimated error 1.91385
error = 1.91385
area = 512
delay = 23.8
#gates = 223
output circuit appNtk/cla32_115_1.91385_512_23.8.blif
Abc_NtkLogicToNetlist() warning: The network is converted to have simple COs.
time = 2605826026 us
--------------- round 116 ---------------
seed = 2591618644
maxLevel = 2147483647
[2670] is replaced by one with estimated error 1.47321
error = 1.47321
area = 508
delay = 23.8
#gates = 222
output circuit appNtk/cla32_116_1.47321_508_23.8.blif
Abc_NtkLogicToNetlist() warning: The network is converted to have simple COs.
time = 2622454314 us
--------------- round 117 ---------------
seed = 4252828080
maxLevel = 2147483647
[1658] is replaced by [1697] with estimated error 1.59497
error = 1.59497
area = 502
delay = 23.8
#gates = 220
output circuit appNtk/cla32_117_1.59497_502_23.8.blif
Abc_NtkLogicToNetlist() warning: The network is converted to have simple COs.
time = 2638956021 us
--------------- round 118 ---------------
seed = 2948918542
maxLevel = 2147483647
sum[15] is replaced by [2933] with estimated error 2.12342
error = 2.12342
area = 496
delay = 23.8
#gates = 217
output circuit appNtk/cla32_118_2.12342_496_23.8.blif
Abc_NtkLogicToNetlist() warning: The network is converted to have simple COs.
time = 2655243126 us
--------------- round 119 ---------------
seed = 3727189674
maxLevel = 2147483647
[2695] is replaced by zero with estimated error 1.64799
error = 1.64799
area = 495
delay = 23.8
#gates = 216
output circuit appNtk/cla32_119_1.64799_495_23.8.blif
Abc_NtkLogicToNetlist() warning: The network is converted to have simple COs.
time = 2671188648 us
--------------- round 120 ---------------
seed = 1051062786
maxLevel = 2147483647
sum[17] is replaced by [2908] with estimated error 1.95717
error = 1.95717
area = 490
delay = 23.8
#gates = 214
output circuit appNtk/cla32_120_1.95717_490_23.8.blif
Abc_NtkLogicToNetlist() warning: The network is converted to have simple COs.
time = 2686987839 us
--------------- round 121 ---------------
seed = 3593467040
maxLevel = 2147483647
[2759] is replaced by [1676] with estimated error 2.16943
error = 2.16943
area = 486
delay = 23.8
#gates = 212
output circuit appNtk/cla32_121_2.16943_486_23.8.blif
Abc_NtkLogicToNetlist() warning: The network is converted to have simple COs.
time = 2702602661 us
--------------- round 122 ---------------
seed = 2315697781
maxLevel = 2147483647
[2647] is replaced by one with estimated error 1.3736
error = 1.3736
area = 483
delay = 23.8
#gates = 211
output circuit appNtk/cla32_122_1.3736_483_23.8.blif
Abc_NtkLogicToNetlist() warning: The network is converted to have simple COs.
time = 2717933026 us
--------------- round 123 ---------------
seed = 2079392244
maxLevel = 2147483647
[2650] is replaced by [1634] with estimated error 1.49823
error = 1.49823
area = 479
delay = 23.8
#gates = 209
output circuit appNtk/cla32_123_1.49823_479_23.8.blif
Abc_NtkLogicToNetlist() warning: The network is converted to have simple COs.
time = 2733295540 us
--------------- round 124 ---------------
seed = 1890737667
maxLevel = 2147483647
[1683] is replaced by [1678] with estimated error 1.62531
error = 1.62531
area = 469
delay = 23.8
#gates = 206
output circuit appNtk/cla32_124_1.62531_469_23.8.blif
Abc_NtkLogicToNetlist() warning: The network is converted to have simple COs.
time = 2748456606 us
--------------- round 125 ---------------
seed = 3936026424
maxLevel = 2147483647
sum[14] is replaced by [1756] with estimated error 1.48143
error = 1.48143
area = 465
delay = 23.8
#gates = 205
output circuit appNtk/cla32_125_1.48143_465_23.8.blif
Abc_NtkLogicToNetlist() warning: The network is converted to have simple COs.
time = 2763278763 us
--------------- round 126 ---------------
seed = 3479106486
maxLevel = 2147483647
[1676] is replaced by [1778] with inverter with estimated error 2.01763
error = 2.01763
area = 462
delay = 23.8
#gates = 205
output circuit appNtk/cla32_126_2.01763_462_23.8.blif
Abc_NtkLogicToNetlist() warning: The network is converted to have simple COs.
time = 2778027462 us
--------------- round 127 ---------------
seed = 3015128477
maxLevel = 2147483647
[1650] is replaced by [2706] with estimated error 1.99791
error = 1.99791
area = 459
delay = 23.8
#gates = 204
output circuit appNtk/cla32_127_1.99791_459_23.8.blif
Abc_NtkLogicToNetlist() warning: The network is converted to have simple COs.
time = 2792785624 us
--------------- round 128 ---------------
seed = 2136726381
maxLevel = 2147483647
[1635] is replaced by [1702] with estimated error 2.00197
error = 2.00197
area = 458
delay = 23.8
#gates = 203
output circuit appNtk/cla32_128_2.00197_458_23.8.blif
Abc_NtkLogicToNetlist() warning: The network is converted to have simple COs.
time = 2807455575 us
--------------- round 129 ---------------
seed = 2068087356
maxLevel = 2147483647
[1634] is replaced by one with estimated error 1.99966
error = 1.99966
area = 457
delay = 23.8
#gates = 202
output circuit appNtk/cla32_129_1.99966_457_23.8.blif
Abc_NtkLogicToNetlist() warning: The network is converted to have simple COs.
time = 2822023647 us
--------------- round 130 ---------------
seed = 500138676
maxLevel = 2147483647
[1705] is replaced by [2837] with estimated error 1.89846
error = 1.89846
area = 441
delay = 23.8
#gates = 195
output circuit appNtk/cla32_130_1.89846_441_23.8.blif
Abc_NtkLogicToNetlist() warning: The network is converted to have simple COs.
time = 2836568821 us
--------------- round 131 ---------------
seed = 2629602779
maxLevel = 2147483647
sum[18] is replaced by [1685] with inverter with estimated error 1.80551
error = 1.80551
area = 437
delay = 23.8
#gates = 194
output circuit appNtk/cla32_131_1.80551_437_23.8.blif
Abc_NtkLogicToNetlist() warning: The network is converted to have simple COs.
time = 2850385931 us
--------------- round 132 ---------------
seed = 3752060656
maxLevel = 2147483647
[2706] is replaced by zero with estimated error 1.77978
error = 1.77978
area = 435
delay = 23.8
#gates = 193
output circuit appNtk/cla32_132_1.77978_435_23.8.blif
Abc_NtkLogicToNetlist() warning: The network is converted to have simple COs.
time = 2864077944 us
--------------- round 133 ---------------
seed = 1670017491
maxLevel = 2147483647
[2741] is replaced by one with estimated error 1.59478
error = 1.59478
area = 432
delay = 23.8
#gates = 192
output circuit appNtk/cla32_133_1.59478_432_23.8.blif
Abc_NtkLogicToNetlist() warning: The network is converted to have simple COs.
time = 2877657637 us
--------------- round 134 ---------------
seed = 2080535481
maxLevel = 2147483647
[2783] is replaced by one with estimated error 1.58919
error = 1.58919
area = 412
delay = 23.8
#gates = 183
output circuit appNtk/cla32_134_1.58919_412_23.8.blif
Abc_NtkLogicToNetlist() warning: The network is converted to have simple COs.
time = 2891260673 us
--------------- round 135 ---------------
seed = 1946640962
maxLevel = 2147483647
[141889] is replaced by n279 with estimated error 1.5963
error = 1.5963
area = 400
delay = 23.4
#gates = 178
output circuit appNtk/cla32_135_1.5963_400_23.4.blif
Abc_NtkLogicToNetlist() warning: The network is converted to have simple COs.
time = 2904084220 us
--------------- round 136 ---------------
seed = 2594363316
maxLevel = 2147483647
n537 is replaced by [1790] with estimated error 1.56966
error = 1.56966
area = 399
delay = 23.4
#gates = 177
output circuit appNtk/cla32_136_1.56966_399_23.4.blif
Abc_NtkLogicToNetlist() warning: The network is converted to have simple COs.
time = 2916408336 us
--------------- round 137 ---------------
seed = 3540994146
maxLevel = 2147483647
[1796] is replaced by [3098] with estimated error 1.56119
error = 1.56119
area = 393
delay = 22.7
#gates = 175
output circuit appNtk/cla32_137_1.56119_393_22.7.blif
Abc_NtkLogicToNetlist() warning: The network is converted to have simple COs.
time = 2928642230 us
--------------- round 138 ---------------
seed = 2823080582
maxLevel = 2147483647
[1532] is replaced by zero with estimated error 1.56578
error = 1.56578
area = 388
delay = 22.7
#gates = 173
output circuit appNtk/cla32_138_1.56578_388_22.7.blif
Abc_NtkLogicToNetlist() warning: The network is converted to have simple COs.
time = 2940672416 us
--------------- round 139 ---------------
seed = 2081372691
maxLevel = 2147483647
[1537] is replaced by zero with estimated error 1.57545
error = 1.57545
area = 384
delay = 22.7
#gates = 172
output circuit appNtk/cla32_139_1.57545_384_22.7.blif
Abc_NtkLogicToNetlist() warning: The network is converted to have simple COs.
time = 2952616269 us
--------------- round 140 ---------------
seed = 3973929022
maxLevel = 2147483647
[2622] is replaced by zero with estimated error 1.57188
error = 1.57188
area = 383
delay = 22.7
#gates = 171
output circuit appNtk/cla32_140_1.57188_383_22.7.blif
Abc_NtkLogicToNetlist() warning: The network is converted to have simple COs.
time = 2964636640 us
--------------- round 141 ---------------
seed = 3182565346
maxLevel = 2147483647
[142548] is replaced by [1685] with estimated error 1.56253
error = 1.56253
area = 380
delay = 22.7
#gates = 169
output circuit appNtk/cla32_141_1.56253_380_22.7.blif
Abc_NtkLogicToNetlist() warning: The network is converted to have simple COs.
time = 2976550722 us
--------------- round 142 ---------------
seed = 3987809014
maxLevel = 2147483647
n303 is replaced by n538 with estimated error 1.56683
error = 1.56683
area = 377
delay = 22.7
#gates = 168
output circuit appNtk/cla32_142_1.56683_377_22.7.blif
Abc_NtkLogicToNetlist() warning: The network is converted to have simple COs.
time = 2988274137 us
--------------- round 143 ---------------
seed = 3817794995
maxLevel = 2147483647
[2795] is replaced by n164 with estimated error 1.56339
error = 1.56339
area = 376
delay = 22.7
#gates = 167
output circuit appNtk/cla32_143_1.56339_376_22.7.blif
Abc_NtkLogicToNetlist() warning: The network is converted to have simple COs.
time = 2999902998 us
--------------- round 144 ---------------
seed = 439908887
maxLevel = 2147483647
[1700] is replaced by n267 with inverter with estimated error 1.56737
error = 1.56737
area = 375
delay = 22.7
#gates = 167
output circuit appNtk/cla32_144_1.56737_375_22.7.blif
Abc_NtkLogicToNetlist() warning: The network is converted to have simple COs.
time = 3011445086 us
--------------- round 145 ---------------
seed = 3466263107
maxLevel = 2147483647
[1709] is replaced by n539 with estimated error 1.55713
error = 1.55713
area = 372
delay = 22.2
#gates = 166
output circuit appNtk/cla32_145_1.55713_372_22.2.blif
Abc_NtkLogicToNetlist() warning: The network is converted to have simple COs.
time = 3023005673 us
--------------- round 146 ---------------
seed = 2114471285
maxLevel = 2147483647
[2256] is replaced by zero with estimated error 1.56276
error = 1.56276
area = 371
delay = 22.2
#gates = 165
output circuit appNtk/cla32_146_1.56276_371_22.2.blif
Abc_NtkLogicToNetlist() warning: The network is converted to have simple COs.
time = 3034465930 us
--------------- round 147 ---------------
seed = 1405498175
maxLevel = 2147483647
[1771] is replaced by [1781] with estimated error 1.55851
error = 1.55851
area = 370
delay = 22.2
#gates = 164
output circuit appNtk/cla32_147_1.55851_370_22.2.blif
Abc_NtkLogicToNetlist() warning: The network is converted to have simple COs.
time = 3045841893 us
--------------- round 148 ---------------
seed = 77281015
maxLevel = 2147483647
[2824] is replaced by n267 with estimated error 1.56421
error = 1.56421
area = 369
delay = 22.2
#gates = 163
output circuit appNtk/cla32_148_1.56421_369_22.2.blif
Abc_NtkLogicToNetlist() warning: The network is converted to have simple COs.
time = 3057106739 us
--------------- round 149 ---------------
seed = 846934488
maxLevel = 2147483647
[2837] is replaced by one with estimated error 2.51446
error = 2.51446
area = 357
delay = 22.2
#gates = 157
output circuit appNtk/cla32_149_2.51446_357_22.2.blif
Abc_NtkLogicToNetlist() warning: The network is converted to have simple COs.
time = 3068291197 us
--------------- round 150 ---------------
seed = 3370015427
maxLevel = 2147483647
[2761] is replaced by one with estimated error 1.60855
error = 1.60855
area = 354
delay = 22.2
#gates = 156
output circuit appNtk/cla32_150_1.60855_354_22.2.blif
Abc_NtkLogicToNetlist() warning: The network is converted to have simple COs.
time = 3078874164 us
--------------- round 151 ---------------
seed = 1341920429
maxLevel = 2147483647
sum[19] is replaced by [2787] with estimated error 3.19723
error = 3.19723
area = 349
delay = 22.2
#gates = 154
output circuit appNtk/cla32_151_3.19723_349_22.2.blif
Abc_NtkLogicToNetlist() warning: The network is converted to have simple COs.
time = 3089466809 us
--------------- round 152 ---------------
seed = 848728316
maxLevel = 2147483647
n538 is replaced by [1788] with estimated error 3.00972
error = 3.00972
area = 348
delay = 22.2
#gates = 153
output circuit appNtk/cla32_152_3.00972_348_22.2.blif
Abc_NtkLogicToNetlist() warning: The network is converted to have simple COs.
time = 3099882774 us
--------------- round 153 ---------------
seed = 39000940
maxLevel = 2147483647
[1693] is replaced by zero with estimated error 3.50628
error = 3.50628
area = 344
delay = 22.2
#gates = 152
output circuit appNtk/cla32_153_3.50628_344_22.2.blif
Abc_NtkLogicToNetlist() warning: The network is converted to have simple COs.
time = 3110205294 us
--------------- round 154 ---------------
seed = 120354613
maxLevel = 2147483647
[1685] is replaced by zero with estimated error 3.53304
error = 3.53304
area = 339
delay = 22.2
#gates = 149
output circuit appNtk/cla32_154_3.53304_339_22.2.blif
Abc_NtkLogicToNetlist() warning: The network is converted to have simple COs.
time = 3120422229 us
--------------- round 155 ---------------
seed = 3861008751
maxLevel = 2147483647
[2787] is replaced by one with estimated error 3.53717
error = 3.53717
area = 336
delay = 22.2
#gates = 148
output circuit appNtk/cla32_155_3.53717_336_22.2.blif
Abc_NtkLogicToNetlist() warning: The network is converted to have simple COs.
time = 3130321903 us
--------------- round 156 ---------------
seed = 1464465498
maxLevel = 2147483647
[2806] is replaced by zero with estimated error 3.50902
error = 3.50902
area = 333
delay = 22.2
#gates = 146
output circuit appNtk/cla32_156_3.50902_333_22.2.blif
Abc_NtkLogicToNetlist() warning: The network is converted to have simple COs.
time = 3140260359 us
--------------- round 157 ---------------
seed = 1622078387
maxLevel = 2147483647
n539 is replaced by [1707] with estimated error 3.53529
error = 3.53529
area = 332
delay = 22.2
#gates = 145
output circuit appNtk/cla32_157_3.53529_332_22.2.blif
Abc_NtkLogicToNetlist() warning: The network is converted to have simple COs.
time = 3150034276 us
--------------- round 158 ---------------
seed = 3123852792
maxLevel = 2147483647
[142398] is replaced by [1731] with estimated error 3.52725
error = 3.52725
area = 330
delay = 22.2
#gates = 144
output circuit appNtk/cla32_158_3.52725_330_22.2.blif
Abc_NtkLogicToNetlist() warning: The network is converted to have simple COs.
time = 3159724192 us
--------------- round 159 ---------------
seed = 761913298
maxLevel = 2147483647
[2904] is replaced by one with estimated error 3.52443
error = 3.52443
area = 326
delay = 22.2
#gates = 143
output circuit appNtk/cla32_159_3.52443_326_22.2.blif
Abc_NtkLogicToNetlist() warning: The network is converted to have simple COs.
time = 3169334750 us
--------------- round 160 ---------------
seed = 371024219
maxLevel = 2147483647
[2916] is replaced by n155 with estimated error 3.51636
error = 3.51636
area = 325
delay = 22.2
#gates = 142
output circuit appNtk/cla32_160_3.51636_325_22.2.blif
Abc_NtkLogicToNetlist() warning: The network is converted to have simple COs.
time = 3178852807 us
--------------- round 161 ---------------
seed = 916122107
maxLevel = 2147483647
[2814] is replaced by [2839] with estimated error 3.8385
error = 3.8385
area = 322
delay = 22.2
#gates = 141
output circuit appNtk/cla32_161_3.8385_322_22.2.blif
Abc_NtkLogicToNetlist() warning: The network is converted to have simple COs.
time = 3188272655 us
--------------- round 162 ---------------
seed = 1674380340
maxLevel = 2147483647
[2839] is replaced by one with estimated error 4.17227
error = 4.17227
area = 319
delay = 22.2
#gates = 140
output circuit appNtk/cla32_162_4.17227_319_22.2.blif
Abc_NtkLogicToNetlist() warning: The network is converted to have simple COs.
time = 3197646946 us
--------------- round 163 ---------------
seed = 3593635549
maxLevel = 2147483647
[1720] is replaced by [1714] with estimated error 4.18426
error = 4.18426
area = 315
delay = 22.2
#gates = 138
output circuit appNtk/cla32_163_4.18426_315_22.2.blif
Abc_NtkLogicToNetlist() warning: The network is converted to have simple COs.
time = 3206871504 us
--------------- round 164 ---------------
seed = 601856234
maxLevel = 2147483647
n164 is replaced by one with estimated error 4.82922
error = 4.82922
area = 307
delay = 22.2
#gates = 134
output circuit appNtk/cla32_164_4.82922_307_22.2.blif
Abc_NtkLogicToNetlist() warning: The network is converted to have simple COs.
time = 3215928462 us
--------------- round 165 ---------------
seed = 2067454072
maxLevel = 2147483647
sum[20] is replaced by n267 with estimated error 6.00398
error = 6.00398
area = 298
delay = 22.2
#gates = 131
output circuit appNtk/cla32_165_6.00398_298_22.2.blif
Abc_NtkLogicToNetlist() warning: The network is converted to have simple COs.
time = 3224755071 us
--------------- round 166 ---------------
seed = 455841810
maxLevel = 2147483647
[1746] is replaced by [2841] with estimated error 11.6099
error = 11.6099
area = 293
delay = 22.2
#gates = 128
output circuit appNtk/cla32_166_11.6099_293_22.2.blif
Abc_NtkLogicToNetlist() warning: The network is converted to have simple COs.
time = 3233323801 us
--------------- round 167 ---------------
seed = 2517131544
maxLevel = 2147483647
n267 is replaced by [2841] with estimated error 12.8666
error = 12.8666
area = 290
delay = 22.2
#gates = 127
output circuit appNtk/cla32_167_12.8666_290_22.2.blif
Abc_NtkLogicToNetlist() warning: The network is converted to have simple COs.
time = 3241664072 us
--------------- round 168 ---------------
seed = 1034276671
maxLevel = 2147483647
[2689] is replaced by one with estimated error 12.9495
error = 12.9495
area = 289
delay = 22.2
#gates = 126
output circuit appNtk/cla32_168_12.9495_289_22.2.blif
Abc_NtkLogicToNetlist() warning: The network is converted to have simple COs.
time = 3249927109 us
--------------- round 169 ---------------
seed = 1511739796
maxLevel = 2147483647
[1707] is replaced by zero with estimated error 15.0369
error = 15.0369
area = 284
delay = 22.2
#gates = 123
output circuit appNtk/cla32_169_15.0369_284_22.2.blif
Abc_NtkLogicToNetlist() warning: The network is converted to have simple COs.
time = 3258119342 us
--------------- round 170 ---------------
seed = 2203511786
maxLevel = 2147483647
[2885] is replaced by [2879] with estimated error 15.21
error = 15.21
area = 283
delay = 22.2
#gates = 122
output circuit appNtk/cla32_170_15.21_283_22.2.blif
Abc_NtkLogicToNetlist() warning: The network is converted to have simple COs.
time = 3266056007 us
--------------- round 171 ---------------
seed = 4253575365
maxLevel = 2147483647
[1712] is replaced by zero with estimated error 17.8594
error = 17.8594
area = 279
delay = 22.2
#gates = 121
output circuit appNtk/cla32_171_17.8594_279_22.2.blif
Abc_NtkLogicToNetlist() warning: The network is converted to have simple COs.
time = 3273922517 us
--------------- round 172 ---------------
seed = 1288803372
maxLevel = 2147483647
[2831] is replaced by zero with estimated error 15.1153
error = 15.1153
area = 278
delay = 22.2
#gates = 120
output circuit appNtk/cla32_172_15.1153_278_22.2.blif
Abc_NtkLogicToNetlist() warning: The network is converted to have simple COs.
time = 3281643651 us
--------------- round 173 ---------------
seed = 3623401491
maxLevel = 2147483647
[2841] is replaced by one with estimated error 15.0348
error = 15.0348
area = 275
delay = 22.2
#gates = 119
output circuit appNtk/cla32_173_15.0348_275_22.2.blif
Abc_NtkLogicToNetlist() warning: The network is converted to have simple COs.
time = 3289298765 us
--------------- round 174 ---------------
seed = 118130610
maxLevel = 2147483647
[1731] is replaced by [1730] with estimated error 15.1067
error = 15.1067
area = 273
delay = 22.2
#gates = 118
output circuit appNtk/cla32_174_15.1067_273_22.2.blif
Abc_NtkLogicToNetlist() warning: The network is converted to have simple COs.
time = 3296955412 us
--------------- round 175 ---------------
seed = 2489316304
maxLevel = 2147483647
[2939] is replaced by n266 with estimated error 15.0813
error = 15.0813
area = 272
delay = 22.2
#gates = 117
output circuit appNtk/cla32_175_15.0813_272_22.2.blif
Abc_NtkLogicToNetlist() warning: The network is converted to have simple COs.
time = 3304547310 us
--------------- round 176 ---------------
seed = 3993537768
maxLevel = 2147483647
[1750] is replaced by [1764] with estimated error 15.0893
error = 15.0893
area = 269
delay = 19.1
#gates = 116
output circuit appNtk/cla32_176_15.0893_269_19.1.blif
Abc_NtkLogicToNetlist() warning: The network is converted to have simple COs.
time = 3312059277 us
--------------- round 177 ---------------
seed = 574215890
maxLevel = 2147483647
[2846] is replaced by one with estimated error 15.8913
error = 15.8913
area = 268
delay = 19.1
#gates = 115
output circuit appNtk/cla32_177_15.8913_268_19.1.blif
Abc_NtkLogicToNetlist() warning: The network is converted to have simple COs.
time = 3319490213 us
--------------- round 178 ---------------
seed = 1415582731
maxLevel = 2147483647
sum[22] is replaced by [142346] with estimated error 24.6366
error = 24.6366
area = 264
delay = 19.1
#gates = 114
output circuit appNtk/cla32_178_24.6366_264_19.1.blif
Abc_NtkLogicToNetlist() warning: The network is converted to have simple COs.
time = 3326847011 us
--------------- round 179 ---------------
seed = 3906205291
maxLevel = 2147483647
[142346] is replaced by [1723] with estimated error 27.6171
error = 27.6171
area = 261
delay = 19.1
#gates = 112
output circuit appNtk/cla32_179_27.6171_261_19.1.blif
Abc_NtkLogicToNetlist() warning: The network is converted to have simple COs.
time = 3334135000 us
--------------- round 180 ---------------
seed = 832241462
maxLevel = 2147483647
[1723] is replaced by zero with estimated error 34.0568
error = 34.0568
area = 257
delay = 19.1
#gates = 111
output circuit appNtk/cla32_180_34.0568_257_19.1.blif
Abc_NtkLogicToNetlist() warning: The network is converted to have simple COs.
time = 3341277502 us
--------------- round 181 ---------------
seed = 2372343916
maxLevel = 2147483647
sum[21] is replaced by one with estimated error 33.9783
error = 33.9783
area = 253
delay = 19.1
#gates = 110
output circuit appNtk/cla32_181_33.9783_253_19.1.blif
Abc_NtkLogicToNetlist() warning: The network is converted to have simple COs.
time = 3348320236 us
--------------- round 182 ---------------
seed = 3117124331
maxLevel = 2147483647
[1714] is replaced by zero with estimated error 33.8957
error = 33.8957
area = 249
delay = 19.1
#gates = 108
output circuit appNtk/cla32_182_33.8957_249_19.1.blif
Abc_NtkLogicToNetlist() warning: The network is converted to have simple COs.
time = 3355299566 us
--------------- round 183 ---------------
seed = 2659730075
maxLevel = 2147483647
[2876] is replaced by one with estimated error 33.7675
error = 33.7675
area = 246
delay = 19.1
#gates = 107
output circuit appNtk/cla32_183_33.7675_246_19.1.blif
Abc_NtkLogicToNetlist() warning: The network is converted to have simple COs.
time = 3362104875 us
--------------- round 184 ---------------
seed = 647191953
maxLevel = 2147483647
[1666] is replaced by one with estimated error 33.9995
error = 33.9995
area = 244
delay = 19.1
#gates = 106
output circuit appNtk/cla32_184_33.9995_244_19.1.blif
Abc_NtkLogicToNetlist() warning: The network is converted to have simple COs.
time = 3368879751 us
--------------- round 185 ---------------
seed = 3907283115
maxLevel = 2147483647
[1744] is replaced by [1741] with estimated error 34.0095
error = 34.0095
area = 242
delay = 19.1
#gates = 105
output circuit appNtk/cla32_185_34.0095_242_19.1.blif
Abc_NtkLogicToNetlist() warning: The network is converted to have simple COs.
time = 3375592437 us
--------------- round 186 ---------------
seed = 2328549063
maxLevel = 2147483647
[141928] is replaced by [2908] with inverter with estimated error 39.7533
error = 39.7533
area = 239
delay = 19.1
#gates = 104
output circuit appNtk/cla32_186_39.7533_239_19.1.blif
Abc_NtkLogicToNetlist() warning: The network is converted to have simple COs.
time = 3382212866 us
--------------- round 187 ---------------
seed = 2483941892
maxLevel = 2147483647
[2959] is replaced by one with estimated error 39.811
error = 39.811
area = 235
delay = 19.1
#gates = 103
output circuit appNtk/cla32_187_39.811_235_19.1.blif
Abc_NtkLogicToNetlist() warning: The network is converted to have simple COs.
time = 3388780394 us
--------------- round 188 ---------------
seed = 2477737158
maxLevel = 2147483647
[1730] is replaced by b[22] with estimated error 44.8232
error = 44.8232
area = 230
delay = 19.1
#gates = 100
output circuit appNtk/cla32_188_44.8232_230_19.1.blif
Abc_NtkLogicToNetlist() warning: The network is converted to have simple COs.
time = 3395274737 us
--------------- round 189 ---------------
seed = 1527171619
maxLevel = 2147483647
sum[23] is replaced by [2908] with estimated error 54.1645
error = 54.1645
area = 224
delay = 19.1
#gates = 97
output circuit appNtk/cla32_189_54.1645_224_19.1.blif
Abc_NtkLogicToNetlist() warning: The network is converted to have simple COs.
time = 3401559684 us
--------------- round 190 ---------------
seed = 2947866792
maxLevel = 2147483647
[2908] is replaced by one with estimated error 58.3842
error = 58.3842
area = 221
delay = 18.9
#gates = 96
output circuit appNtk/cla32_190_58.3842_221_18.9.blif
Abc_NtkLogicToNetlist() warning: The network is converted to have simple COs.
time = 3407614494 us
--------------- round 191 ---------------
seed = 3247256267
maxLevel = 2147483647
n266 is replaced by [2933] with estimated error 58.1966
error = 58.1966
area = 218
delay = 18.9
#gates = 94
output circuit appNtk/cla32_191_58.1966_218_18.9.blif
Abc_NtkLogicToNetlist() warning: The network is converted to have simple COs.
time = 3413610270 us
--------------- round 192 ---------------
seed = 3211978260
maxLevel = 2147483647
sum[24] is replaced by [2933] with estimated error 82.3298
error = 82.3298
area = 206
delay = 18.9
#gates = 90
output circuit appNtk/cla32_192_82.3298_206_18.9.blif
Abc_NtkLogicToNetlist() warning: The network is converted to have simple COs.
time = 3419478509 us
--------------- round 193 ---------------
seed = 988566246
maxLevel = 2147483647
[2933] is replaced by [1737] with estimated error 116.233
error = 116.233
area = 199
delay = 18.9
#gates = 87
output circuit appNtk/cla32_193_116.233_199_18.9.blif
Abc_NtkLogicToNetlist() warning: The network is converted to have simple COs.
time = 3425129981 us
--------------- round 194 ---------------
seed = 1554735295
maxLevel = 2147483647
[1736] is replaced by zero with estimated error 112.294
error = 112.294
area = 198
delay = 18.9
#gates = 86
output circuit appNtk/cla32_194_112.294_198_18.9.blif
Abc_NtkLogicToNetlist() warning: The network is converted to have simple COs.
time = 3430586407 us
--------------- round 195 ---------------
seed = 2558100607
maxLevel = 2147483647
[1733] is replaced by [1735] with estimated error 106.631
error = 106.631
area = 197
delay = 18.9
#gates = 85
output circuit appNtk/cla32_195_106.631_197_18.9.blif
Abc_NtkLogicToNetlist() warning: The network is converted to have simple COs.
time = 3435961073 us
--------------- round 196 ---------------
seed = 738274102
maxLevel = 2147483647
[1737] is replaced by a[24] with inverter with estimated error 123.876
error = 123.876
area = 194
delay = 18.9
#gates = 85
output circuit appNtk/cla32_196_123.876_194_18.9.blif
Abc_NtkLogicToNetlist() warning: The network is converted to have simple COs.
time = 3441283092 us
--------------- round 197 ---------------
seed = 1322293825
maxLevel = 2147483647
[3018] is replaced by one with estimated error 124.111
error = 124.111
area = 190
delay = 18.9
#gates = 84
output circuit appNtk/cla32_197_124.111_190_18.9.blif
Abc_NtkLogicToNetlist() warning: The network is converted to have simple COs.
time = 3446611559 us
--------------- round 198 ---------------
seed = 1445230610
maxLevel = 2147483647
[2961] is replaced by one with estimated error 123.994
error = 123.994
area = 184
delay = 18.9
#gates = 82
output circuit appNtk/cla32_198_123.994_184_18.9.blif
Abc_NtkLogicToNetlist() warning: The network is converted to have simple COs.
time = 3451880626 us
--------------- round 199 ---------------
seed = 1439005099
maxLevel = 2147483647
[2987] is replaced by [1756] with estimated error 123.388
error = 123.388
area = 181
delay = 18.9
#gates = 80
output circuit appNtk/cla32_199_123.388_181_18.9.blif
Abc_NtkLogicToNetlist() warning: The network is converted to have simple COs.
time = 3457024426 us
--------------- round 200 ---------------
seed = 702799725
maxLevel = 2147483647
[2993] is replaced by one with estimated error 123.862
error = 123.862
area = 178
delay = 18.9
#gates = 79
output circuit appNtk/cla32_200_123.862_178_18.9.blif
Abc_NtkLogicToNetlist() warning: The network is converted to have simple COs.
time = 3462050823 us
--------------- round 201 ---------------
seed = 3702995204
maxLevel = 2147483647
[1764] is replaced by [1758] with estimated error 123.657
error = 123.657
area = 175
delay = 16.9
#gates = 78
output circuit appNtk/cla32_201_123.657_175_16.9.blif
Abc_NtkLogicToNetlist() warning: The network is converted to have simple COs.
time = 3467016792 us
--------------- round 202 ---------------
seed = 3140899367
maxLevel = 2147483647
n541 is replaced by [1735] with estimated error 123.763
error = 123.763
area = 174
delay = 16.9
#gates = 77
output circuit appNtk/cla32_202_123.763_174_16.9.blif
Abc_NtkLogicToNetlist() warning: The network is converted to have simple COs.
time = 3471923715 us
--------------- round 203 ---------------
seed = 1858011517
maxLevel = 2147483647
[1769] is replaced by [1778] with inverter with estimated error 124.088
error = 124.088
area = 172
delay = 16.9
#gates = 77
output circuit appNtk/cla32_203_124.088_172_16.9.blif
Abc_NtkLogicToNetlist() warning: The network is converted to have simple COs.
time = 3476753661 us
--------------- round 204 ---------------
seed = 410969160
maxLevel = 2147483647
[2969] is replaced by [2966] with estimated error 124.296
error = 124.296
area = 171
delay = 16.9
#gates = 76
output circuit appNtk/cla32_204_124.296_171_16.9.blif
Abc_NtkLogicToNetlist() warning: The network is converted to have simple COs.
time = 3481581864 us
--------------- round 205 ---------------
seed = 1151340510
maxLevel = 2147483647
[1758] is replaced by b[25] with estimated error 181.233
error = 181.233
area = 165
delay = 14.2
#gates = 74
output circuit appNtk/cla32_205_181.233_165_14.2.blif
Abc_NtkLogicToNetlist() warning: The network is converted to have simple COs.
time = 3486348795 us
--------------- round 206 ---------------
seed = 3245275985
maxLevel = 2147483647
[1752] is replaced by [2966] with estimated error 182.132
error = 182.132
area = 164
delay = 14.2
#gates = 73
output circuit appNtk/cla32_206_182.132_164_14.2.blif
Abc_NtkLogicToNetlist() warning: The network is converted to have simple COs.
time = 3491015291 us
--------------- round 207 ---------------
seed = 2617748140
maxLevel = 2147483647
[2946] is replaced by [1751] with estimated error 181.867
error = 181.867
area = 163
delay = 14.2
#gates = 72
output circuit appNtk/cla32_207_181.867_163_14.2.blif
Abc_NtkLogicToNetlist() warning: The network is converted to have simple COs.
time = 3495614603 us
--------------- round 208 ---------------
seed = 3887250300
maxLevel = 2147483647
sum[25] is replaced by [2966] with estimated error 251.375
error = 251.375
area = 154
delay = 14.2
#gates = 69
output circuit appNtk/cla32_208_251.375_154_14.2.blif
Abc_NtkLogicToNetlist() warning: The network is converted to have simple COs.
time = 3500154069 us
--------------- round 209 ---------------
seed = 445402438
maxLevel = 2147483647
[1756] is replaced by [1778] with estimated error 395.484
error = 395.484
area = 148
delay = 13.2
#gates = 66
output circuit appNtk/cla32_209_395.484_148_13.2.blif
Abc_NtkLogicToNetlist() warning: The network is converted to have simple COs.
time = 3504562840 us
--------------- round 210 ---------------
seed = 1525767827
maxLevel = 2147483647
[2954] is replaced by n542 with estimated error 394.954
error = 394.954
area = 147
delay = 13.2
#gates = 65
output circuit appNtk/cla32_210_394.954_147_13.2.blif
Abc_NtkLogicToNetlist() warning: The network is converted to have simple COs.
time = 3508765595 us
--------------- round 211 ---------------
seed = 2591788717
maxLevel = 2147483647
[1735] is replaced by [1810] with estimated error 375.821
error = 375.821
area = 146
delay = 13.2
#gates = 64
output circuit appNtk/cla32_211_375.821_146_13.2.blif
Abc_NtkLogicToNetlist() warning: The network is converted to have simple COs.
time = 3512788804 us
--------------- round 212 ---------------
seed = 3511085249
maxLevel = 2147483647
sum[26] is replaced by n279 with estimated error 440.622
error = 440.622
area = 142
delay = 13.2
#gates = 63
output circuit appNtk/cla32_212_440.622_142_13.2.blif
Abc_NtkLogicToNetlist() warning: The network is converted to have simple COs.
time = 3516778953 us
--------------- round 213 ---------------
seed = 3798377548
maxLevel = 2147483647
[1732] is replaced by [1811] with estimated error 441.645
error = 441.645
area = 141
delay = 13.2
#gates = 62
output circuit appNtk/cla32_213_441.645_141_13.2.blif
Abc_NtkLogicToNetlist() warning: The network is converted to have simple COs.
time = 3520583906 us
--------------- round 214 ---------------
seed = 1374759293
maxLevel = 2147483647
[1710] is replaced by [1787] with estimated error 441.71
error = 441.71
area = 140
delay = 13.2
#gates = 61
output circuit appNtk/cla32_214_441.71_140_13.2.blif
Abc_NtkLogicToNetlist() warning: The network is converted to have simple COs.
time = 3524233814 us
--------------- round 215 ---------------
seed = 2519738040
maxLevel = 2147483647
[1534] is replaced by a[25] with inverter with estimated error 438.674
error = 438.674
area = 138
delay = 13.2
#gates = 61
output circuit appNtk/cla32_215_438.674_138_13.2.blif
Abc_NtkLogicToNetlist() warning: The network is converted to have simple COs.
time = 3527730577 us
--------------- round 216 ---------------
seed = 3190258896
maxLevel = 2147483647
n543 is replaced by one with estimated error 439.97
error = 439.97
area = 137
delay = 13.2
#gates = 60
output circuit appNtk/cla32_216_439.97_137_13.2.blif
Abc_NtkLogicToNetlist() warning: The network is converted to have simple COs.
time = 3531215756 us
--------------- round 217 ---------------
seed = 2647157955
maxLevel = 2147483647
sum[2] is replaced by a[25] with estimated error 440.553
error = 440.553
area = 134
delay = 13.2
#gates = 59
output circuit appNtk/cla32_217_440.553_134_13.2.blif
Abc_NtkLogicToNetlist() warning: The network is converted to have simple COs.
time = 3534539966 us
--------------- round 218 ---------------
seed = 338628991
maxLevel = 2147483647
sum[1] is replaced by zero with estimated error 441.057
error = 441.057
area = 130
delay = 13.2
#gates = 58
output circuit appNtk/cla32_218_441.057_130_13.2.blif
Abc_NtkLogicToNetlist() warning: The network is converted to have simple COs.
time = 3537664728 us
--------------- round 219 ---------------
seed = 2133214560
maxLevel = 2147483647
[1574] is replaced by sum[0] with estimated error 440.703
error = 440.703
area = 126
delay = 13.2
#gates = 57
output circuit appNtk/cla32_219_440.703_126_13.2.blif
Abc_NtkLogicToNetlist() warning: The network is converted to have simple COs.
time = 3540614992 us
--------------- round 220 ---------------
seed = 3353956112
maxLevel = 2147483647
sum[0] is replaced by [3100] with inverter with estimated error 438.979
error = 438.979
area = 122
delay = 13.2
#gates = 56
output circuit appNtk/cla32_220_438.979_122_13.2.blif
Abc_NtkLogicToNetlist() warning: The network is converted to have simple COs.
time = 3543439134 us
--------------- round 221 ---------------
seed = 105992772
maxLevel = 2147483647
n544 is replaced by zero with estimated error 440.17
error = 440.17
area = 121
delay = 13.2
#gates = 55
output circuit appNtk/cla32_221_440.17_121_13.2.blif
Abc_NtkLogicToNetlist() warning: The network is converted to have simple COs.
time = 3546138997 us
--------------- round 222 ---------------
seed = 438087841
maxLevel = 2147483647
exceed error bound
