abc command read data/library/mcnc.genlib
Entered genlib library with 23 gates from file "data/library/mcnc.genlib".
abc command read_blif data/su/rca32.blif
abc command print_stats
[1;37mrca32                         :[0m i/o =   64/   33  lat =    0  nd =   298  edge =    585  area =666.00  delay =16.10  lev = 12
--------------- round 1 ---------------
seed = 2368223839
maxLevel = 2147483647
s[0] is replaced by n99 with estimated error 2.94065e-06
error = 2.94065e-06
area = 661
delay = 16.1
#gates = 299
output circuit appNtk/rca32_1_2.94065e-06_661_16.1.blif
time = 10153861 us
--------------- round 2 ---------------
seed = 3251788549
maxLevel = 2147483647
s[1] is replaced by n113 with estimated error 8.74873e-06
error = 8.74873e-06
area = 654
delay = 16.1
#gates = 297
output circuit appNtk/rca32_2_8.74873e-06_654_16.1.blif
time = 20199522 us
--------------- round 3 ---------------
seed = 477731244
maxLevel = 2147483647
n102 is replaced by one with estimated error 1.01124e-05
error = 1.01124e-05
area = 650
delay = 16.1
#gates = 294
output circuit appNtk/rca32_3_1.01124e-05_650_16.1.blif
time = 30150390 us
--------------- round 4 ---------------
seed = 1056633088
maxLevel = 2147483647
n99 is replaced by one with estimated error 1.02283e-05
error = 1.02283e-05
area = 648
delay = 16.1
#gates = 293
output circuit appNtk/rca32_4_1.02283e-05_648_16.1.blif
time = 39946797 us
--------------- round 5 ---------------
seed = 2070315781
maxLevel = 2147483647
n113 is replaced by n103 with estimated error 1.02225e-05
error = 1.02225e-05
area = 646
delay = 16.1
#gates = 292
output circuit appNtk/rca32_5_1.02225e-05_646_16.1.blif
time = 63459198 us
--------------- round 6 ---------------
seed = 2213125890
maxLevel = 2147483647
n111 is replaced by n108 with estimated error 1.27294e-05
error = 1.27294e-05
area = 644
delay = 16.1
#gates = 291
output circuit appNtk/rca32_6_1.27294e-05_644_16.1.blif
time = 86766789 us
--------------- round 7 ---------------
seed = 1442420811
maxLevel = 2147483647
n103 is replaced by one with estimated error 1.45104e-05
error = 1.45104e-05
area = 642
delay = 16.1
#gates = 290
output circuit appNtk/rca32_7_1.45104e-05_642_16.1.blif
Abc_NtkLogicToNetlist() warning: The network is converted to have simple COs.
time = 109957525 us
--------------- round 8 ---------------
seed = 978257280
maxLevel = 2147483647
n130 is replaced by one with estimated error 1.45047e-05
error = 1.45047e-05
area = 636
delay = 16.1
#gates = 288
output circuit appNtk/rca32_8_1.45047e-05_636_16.1.blif
Abc_NtkLogicToNetlist() warning: The network is converted to have simple COs.
time = 133151764 us
--------------- round 9 ---------------
seed = 4028081500
maxLevel = 2147483647
n115 is replaced by n110 with estimated error 1.46022e-05
error = 1.46022e-05
area = 633
delay = 16.1
#gates = 286
output circuit appNtk/rca32_9_1.46022e-05_633_16.1.blif
Abc_NtkLogicToNetlist() warning: The network is converted to have simple COs.
time = 156057396 us
--------------- round 10 ---------------
seed = 1567950375
maxLevel = 2147483647
s[2] is replaced by n123 with estimated error 2.2524e-05
error = 2.2524e-05
area = 628
delay = 16.1
#gates = 284
output circuit appNtk/rca32_10_2.2524e-05_628_16.1.blif
Abc_NtkLogicToNetlist() warning: The network is converted to have simple COs.
time = 178739192 us
--------------- round 11 ---------------
seed = 1387948633
maxLevel = 2147483647
n108 is replaced by one with estimated error 2.25812e-05
error = 2.25812e-05
area = 624
delay = 16.1
#gates = 281
output circuit appNtk/rca32_11_2.25812e-05_624_16.1.blif
Abc_NtkLogicToNetlist() warning: The network is converted to have simple COs.
time = 201111953 us
--------------- round 12 ---------------
seed = 2481132453
maxLevel = 2147483647
s[3] is replaced by n131 with estimated error 4.32316e-05
error = 4.32316e-05
area = 616
delay = 16.1
#gates = 278
output circuit appNtk/rca32_12_4.32316e-05_616_16.1.blif
Abc_NtkLogicToNetlist() warning: The network is converted to have simple COs.
time = 223096160 us
--------------- round 13 ---------------
seed = 482332952
maxLevel = 2147483647
n123 is replaced by n199 with estimated error 4.32924e-05
error = 4.32924e-05
area = 614
delay = 16.1
#gates = 277
output circuit appNtk/rca32_13_4.32924e-05_614_16.1.blif
Abc_NtkLogicToNetlist() warning: The network is converted to have simple COs.
time = 244616612 us
--------------- round 14 ---------------
seed = 2313717623
maxLevel = 2147483647
n119 is replaced by x[3] with estimated error 4.55384e-05
error = 4.55384e-05
area = 610
delay = 16.1
#gates = 274
output circuit appNtk/rca32_14_4.55384e-05_610_16.1.blif
Abc_NtkLogicToNetlist() warning: The network is converted to have simple COs.
time = 265992478 us
--------------- round 15 ---------------
seed = 2094963538
maxLevel = 2147483647
n110 is replaced by zero with estimated error 4.80125e-05
error = 4.80125e-05
area = 607
delay = 16.1
#gates = 273
output circuit appNtk/rca32_15_4.80125e-05_607_16.1.blif
Abc_NtkLogicToNetlist() warning: The network is converted to have simple COs.
time = 286977239 us
--------------- round 16 ---------------
seed = 1834261987
maxLevel = 2147483647
n132 is replaced by n120 with estimated error 4.83494e-05
error = 4.83494e-05
area = 605
delay = 16.1
#gates = 272
output circuit appNtk/rca32_16_4.83494e-05_605_16.1.blif
Abc_NtkLogicToNetlist() warning: The network is converted to have simple COs.
time = 307965917 us
--------------- round 17 ---------------
seed = 2642382206
maxLevel = 2147483647
n131 is replaced by n135 with estimated error 5.79796e-05
error = 5.79796e-05
area = 602
delay = 16.1
#gates = 271
output circuit appNtk/rca32_17_5.79796e-05_602_16.1.blif
Abc_NtkLogicToNetlist() warning: The network is converted to have simple COs.
time = 328856661 us
--------------- round 18 ---------------
seed = 3207497755
maxLevel = 2147483647
n163 is replaced by n149 with estimated error 5.76406e-05
error = 5.76406e-05
area = 600
delay = 16.1
#gates = 270
output circuit appNtk/rca32_18_5.76406e-05_600_16.1.blif
Abc_NtkLogicToNetlist() warning: The network is converted to have simple COs.
time = 349640842 us
--------------- round 19 ---------------
seed = 903123568
maxLevel = 2147483647
s[4] is replaced by n127 with estimated error 7.79955e-05
error = 7.79955e-05
area = 593
delay = 16.1
#gates = 268
output circuit appNtk/rca32_19_7.79955e-05_593_16.1.blif
Abc_NtkLogicToNetlist() warning: The network is converted to have simple COs.
time = 370278202 us
--------------- round 20 ---------------
seed = 1127273216
maxLevel = 2147483647
n135 is replaced by n128 with estimated error 7.19421e-05
error = 7.19421e-05
area = 586
delay = 16
#gates = 265
output circuit appNtk/rca32_20_7.19421e-05_586_16.blif
Abc_NtkLogicToNetlist() warning: The network is converted to have simple COs.
time = 390648941 us
--------------- round 21 ---------------
seed = 2239925187
maxLevel = 2147483647
n127 is replaced by one with estimated error 9.64876e-05
error = 9.64876e-05
area = 582
delay = 16
#gates = 262
output circuit appNtk/rca32_21_9.64876e-05_582_16.blif
Abc_NtkLogicToNetlist() warning: The network is converted to have simple COs.
time = 410785759 us
--------------- round 22 ---------------
seed = 716093467
maxLevel = 2147483647
s[5] is replaced by n150 with estimated error 0.000168762
error = 0.000168762
area = 575
delay = 16
#gates = 260
output circuit appNtk/rca32_22_0.000168762_575_16.blif
Abc_NtkLogicToNetlist() warning: The network is converted to have simple COs.
time = 430457993 us
--------------- round 23 ---------------
seed = 2418263346
maxLevel = 2147483647
n138 is replaced by y[5] with estimated error 0.000181969
error = 0.000181969
area = 571
delay = 16
#gates = 257
output circuit appNtk/rca32_23_0.000181969_571_16.blif
Abc_NtkLogicToNetlist() warning: The network is converted to have simple COs.
time = 449865157 us
--------------- round 24 ---------------
seed = 1909709053
maxLevel = 2147483647
n128 is replaced by one with estimated error 0.000182055
error = 0.000182055
area = 569
delay = 16
#gates = 256
output circuit appNtk/rca32_24_0.000182055_569_16.blif
Abc_NtkLogicToNetlist() warning: The network is converted to have simple COs.
time = 468934782 us
--------------- round 25 ---------------
seed = 412202800
maxLevel = 2147483647
n162 is replaced by zero with estimated error 0.000182527
error = 0.000182527
area = 562
delay = 16
#gates = 254
output circuit appNtk/rca32_25_0.000182527_562_16.blif
Abc_NtkLogicToNetlist() warning: The network is converted to have simple COs.
time = 488021891 us
--------------- round 26 ---------------
seed = 2933365037
maxLevel = 2147483647
n150 is replaced by n139 with estimated error 0.000182473
error = 0.000182473
area = 558
delay = 16
#gates = 252
output circuit appNtk/rca32_26_0.000182473_558_16.blif
Abc_NtkLogicToNetlist() warning: The network is converted to have simple COs.
time = 506796748 us
--------------- round 27 ---------------
seed = 2366378889
maxLevel = 2147483647
s[6] is replaced by n154 with estimated error 0.000345267
error = 0.000345267
area = 551
delay = 16
#gates = 249
output circuit appNtk/rca32_27_0.000345267_551_16.blif
Abc_NtkLogicToNetlist() warning: The network is converted to have simple COs.
time = 525405982 us
--------------- round 28 ---------------
seed = 430109800
maxLevel = 2147483647
n139 is replaced by one with estimated error 0.000367205
error = 0.000367205
area = 549
delay = 16
#gates = 248
output circuit appNtk/rca32_28_0.000367205_549_16.blif
Abc_NtkLogicToNetlist() warning: The network is converted to have simple COs.
time = 543655193 us
--------------- round 29 ---------------
seed = 2364807626
maxLevel = 2147483647
n164 is replaced by one with estimated error 0.000367461
error = 0.000367461
area = 544
delay = 16
#gates = 246
output circuit appNtk/rca32_29_0.000367461_544_16.blif
Abc_NtkLogicToNetlist() warning: The network is converted to have simple COs.
time = 561796486 us
--------------- round 30 ---------------
seed = 3231652915
maxLevel = 2147483647
n152 is replaced by zero with estimated error 0.000367602
error = 0.000367602
area = 539
delay = 16
#gates = 243
output circuit appNtk/rca32_30_0.000367602_539_16.blif
Abc_NtkLogicToNetlist() warning: The network is converted to have simple COs.
time = 579782035 us
--------------- round 31 ---------------
seed = 2552748419
maxLevel = 2147483647
n154 is replaced by n165 with estimated error 0.000398446
error = 0.000398446
area = 537
delay = 16
#gates = 242
output circuit appNtk/rca32_31_0.000398446_537_16.blif
Abc_NtkLogicToNetlist() warning: The network is converted to have simple COs.
time = 597379442 us
--------------- round 32 ---------------
seed = 2911884135
maxLevel = 2147483647
n165 is replaced by one with estimated error 0.000498073
error = 0.000498073
area = 531
delay = 16
#gates = 238
output circuit appNtk/rca32_32_0.000498073_531_16.blif
Abc_NtkLogicToNetlist() warning: The network is converted to have simple COs.
time = 614829573 us
--------------- round 33 ---------------
seed = 3743049712
maxLevel = 2147483647
n167 is replaced by n158 with estimated error 0.000496349
error = 0.000496349
area = 529
delay = 16
#gates = 237
output circuit appNtk/rca32_33_0.000496349_529_16.blif
Abc_NtkLogicToNetlist() warning: The network is converted to have simple COs.
time = 632018918 us
--------------- round 34 ---------------
seed = 3868720974
maxLevel = 2147483647
s[7] is replaced by n158 with estimated error 0.000737612
error = 0.000737612
area = 518
delay = 16
#gates = 232
output circuit appNtk/rca32_34_0.000737612_518_16.blif
Abc_NtkLogicToNetlist() warning: The network is converted to have simple COs.
time = 649052582 us
--------------- round 35 ---------------
seed = 2930569751
maxLevel = 2147483647
n158 is replaced by one with estimated error 0.000993215
error = 0.000993215
area = 516
delay = 16
#gates = 231
output circuit appNtk/rca32_35_0.000993215_516_16.blif
Abc_NtkLogicToNetlist() warning: The network is converted to have simple COs.
time = 665598585 us
--------------- round 36 ---------------
seed = 3903666306
maxLevel = 2147483647
n242 is replaced by one with estimated error 0.000991782
error = 0.000991782
area = 508
delay = 16
#gates = 228
output circuit appNtk/rca32_36_0.000991782_508_16.blif
Abc_NtkLogicToNetlist() warning: The network is converted to have simple COs.
time = 681969530 us
--------------- round 37 ---------------
seed = 4259134473
maxLevel = 2147483647
n204 is replaced by zero with estimated error 0.000994547
error = 0.000994547
area = 504
delay = 16
#gates = 227
output circuit appNtk/rca32_37_0.000994547_504_16.blif
Abc_NtkLogicToNetlist() warning: The network is converted to have simple COs.
time = 698039256 us
--------------- round 38 ---------------
seed = 2347423378
maxLevel = 2147483647
n174 is replaced by zero with estimated error 0.000991682
error = 0.000991682
area = 503
delay = 16
#gates = 226
output circuit appNtk/rca32_38_0.000991682_503_16.blif
Abc_NtkLogicToNetlist() warning: The network is converted to have simple COs.
time = 713976724 us
--------------- round 39 ---------------
seed = 3221384767
maxLevel = 2147483647
n168 is replaced by n263 with estimated error 0.00148262
error = 0.00148262
area = 502
delay = 16
#gates = 225
output circuit appNtk/rca32_39_0.00148262_502_16.blif
Abc_NtkLogicToNetlist() warning: The network is converted to have simple COs.
time = 730916772 us
--------------- round 40 ---------------
seed = 1354189148
maxLevel = 2147483647
s[10] is replaced by n192 with inverter with estimated error 0.00409758
error = 0.00409758
area = 495
delay = 16
#gates = 223
output circuit appNtk/rca32_40_0.00409758_495_16.blif
Abc_NtkLogicToNetlist() warning: The network is converted to have simple COs.
time = 747797613 us
--------------- round 41 ---------------
seed = 4054510452
maxLevel = 2147483647
n179 is replaced by n176 with estimated error 0.00455517
error = 0.00455517
area = 493
delay = 16
#gates = 222
output circuit appNtk/rca32_41_0.00455517_493_16.blif
Abc_NtkLogicToNetlist() warning: The network is converted to have simple COs.
time = 764408465 us
--------------- round 42 ---------------
seed = 489550706
maxLevel = 2147483647
n185 is replaced by n177 with inverter with estimated error 0.00537426
error = 0.00537426
area = 490
delay = 16
#gates = 220
output circuit appNtk/rca32_42_0.00537426_490_16.blif
Abc_NtkLogicToNetlist() warning: The network is converted to have simple COs.
time = 780903500 us
--------------- round 43 ---------------
seed = 4088112894
maxLevel = 2147483647
n176 is replaced by one with estimated error 0.00536227
error = 0.00536227
area = 489
delay = 16
#gates = 219
output circuit appNtk/rca32_43_0.00536227_489_16.blif
Abc_NtkLogicToNetlist() warning: The network is converted to have simple COs.
time = 797096146 us
--------------- round 44 ---------------
seed = 1623335708
maxLevel = 2147483647
n180 is replaced by n177 with estimated error 0.00539902
error = 0.00539902
area = 487
delay = 16
#gates = 218
output circuit appNtk/rca32_44_0.00539902_487_16.blif
Abc_NtkLogicToNetlist() warning: The network is converted to have simple COs.
time = 813318002 us
--------------- round 45 ---------------
seed = 3470069829
maxLevel = 2147483647
n399 is replaced by one with estimated error 0.00539329
error = 0.00539329
area = 486
delay = 16
#gates = 217
output circuit appNtk/rca32_45_0.00539329_486_16.blif
Abc_NtkLogicToNetlist() warning: The network is converted to have simple COs.
time = 829414478 us
--------------- round 46 ---------------
seed = 2250398537
maxLevel = 2147483647
n189 is replaced by zero with estimated error 0.00539894
error = 0.00539894
area = 485
delay = 16
#gates = 216
output circuit appNtk/rca32_46_0.00539894_485_16.blif
Abc_NtkLogicToNetlist() warning: The network is converted to have simple COs.
time = 845322425 us
--------------- round 47 ---------------
seed = 3769360844
maxLevel = 2147483647
n188 is replaced by n208 with estimated error 0.00551162
error = 0.00551162
area = 481
delay = 16
#gates = 214
output circuit appNtk/rca32_47_0.00551162_481_16.blif
Abc_NtkLogicToNetlist() warning: The network is converted to have simple COs.
time = 861251737 us
--------------- round 48 ---------------
seed = 1530401996
maxLevel = 2147483647
n207 is replaced by zero with estimated error 0.00593966
error = 0.00593966
area = 479
delay = 16
#gates = 213
output circuit appNtk/rca32_48_0.00593966_479_16.blif
Abc_NtkLogicToNetlist() warning: The network is converted to have simple COs.
time = 876868764 us
--------------- round 49 ---------------
seed = 2192187486
maxLevel = 2147483647
n178 is replaced by zero with estimated error 0.00594104
error = 0.00594104
area = 477
delay = 16
#gates = 212
output circuit appNtk/rca32_49_0.00594104_477_16.blif
Abc_NtkLogicToNetlist() warning: The network is converted to have simple COs.
time = 892336633 us
--------------- round 50 ---------------
seed = 2202054906
maxLevel = 2147483647
n398 is replaced by n182 with estimated error 0.00596629
error = 0.00596629
area = 476
delay = 16
#gates = 211
output circuit appNtk/rca32_50_0.00596629_476_16.blif
Abc_NtkLogicToNetlist() warning: The network is converted to have simple COs.
time = 907617320 us
--------------- round 51 ---------------
seed = 1196086345
maxLevel = 2147483647
n177 is replaced by one with estimated error 0.00633524
error = 0.00633524
area = 475
delay = 16
#gates = 210
output circuit appNtk/rca32_51_0.00633524_475_16.blif
Abc_NtkLogicToNetlist() warning: The network is converted to have simple COs.
time = 922830877 us
--------------- round 52 ---------------
seed = 649671134
maxLevel = 2147483647
n208 is replaced by one with estimated error 0.0063557
error = 0.0063557
area = 471
delay = 16
#gates = 209
output circuit appNtk/rca32_52_0.0063557_471_16.blif
Abc_NtkLogicToNetlist() warning: The network is converted to have simple COs.
time = 937988186 us
--------------- round 53 ---------------
seed = 2324523660
maxLevel = 2147483647
s[11] is replaced by n206 with estimated error 0.0107277
error = 0.0107277
area = 461
delay = 16
#gates = 206
output circuit appNtk/rca32_53_0.0107277_461_16.blif
Abc_NtkLogicToNetlist() warning: The network is converted to have simple COs.
time = 953051752 us
--------------- round 54 ---------------
seed = 3128519983
maxLevel = 2147483647
n195 is replaced by one with estimated error 0.0114294
error = 0.0114294
area = 457
delay = 16
#gates = 203
output circuit appNtk/rca32_54_0.0114294_457_16.blif
Abc_NtkLogicToNetlist() warning: The network is converted to have simple COs.
time = 967863270 us
--------------- round 55 ---------------
seed = 1834210987
maxLevel = 2147483647
n209 is replaced by n205 with inverter with estimated error 0.0114474
error = 0.0114474
area = 455
delay = 16
#gates = 203
output circuit appNtk/rca32_55_0.0114474_455_16.blif
Abc_NtkLogicToNetlist() warning: The network is converted to have simple COs.
time = 982254708 us
--------------- round 56 ---------------
seed = 821188840
maxLevel = 2147483647
n206 is replaced by n400 with estimated error 0.0114299
error = 0.0114299
area = 453
delay = 16
#gates = 202
output circuit appNtk/rca32_56_0.0114299_453_16.blif
Abc_NtkLogicToNetlist() warning: The network is converted to have simple COs.
time = 996611443 us
--------------- round 57 ---------------
seed = 3388324592
maxLevel = 2147483647
n400 is replaced by n196 with estimated error 0.0136227
error = 0.0136227
area = 450
delay = 16
#gates = 200
output circuit appNtk/rca32_57_0.0136227_450_16.blif
Abc_NtkLogicToNetlist() warning: The network is converted to have simple COs.
time = 1010884142 us
--------------- round 58 ---------------
seed = 3860306479
maxLevel = 2147483647
n196 is replaced by y[11] with inverter with estimated error 0.0150426
error = 0.0150426
area = 449
delay = 16
#gates = 200
output circuit appNtk/rca32_58_0.0150426_449_16.blif
Abc_NtkLogicToNetlist() warning: The network is converted to have simple COs.
time = 1024910425 us
--------------- round 59 ---------------
seed = 1372703061
maxLevel = 2147483647
n201 is replaced by one with estimated error 0.0239607
error = 0.0239607
area = 446
delay = 16
#gates = 198
output circuit appNtk/rca32_59_0.0239607_446_16.blif
Abc_NtkLogicToNetlist() warning: The network is converted to have simple COs.
time = 1039010656 us
--------------- round 60 ---------------
seed = 4001309322
maxLevel = 2147483647
n182 is replaced by one with estimated error 0.0236618
error = 0.0236618
area = 444
delay = 16
#gates = 197
output circuit appNtk/rca32_60_0.0236618_444_16.blif
Abc_NtkLogicToNetlist() warning: The network is converted to have simple COs.
time = 1052898072 us
--------------- round 61 ---------------
seed = 2161847726
maxLevel = 2147483647
n210 is replaced by y[11] with estimated error 0.0235824
error = 0.0235824
area = 441
delay = 16
#gates = 196
output circuit appNtk/rca32_61_0.0235824_441_16.blif
Abc_NtkLogicToNetlist() warning: The network is converted to have simple COs.
time = 1066867017 us
--------------- round 62 ---------------
seed = 3866452850
maxLevel = 2147483647
s[12] is replaced by n213 with estimated error 0.0270752
error = 0.0270752
area = 434
delay = 16
#gates = 194
output circuit appNtk/rca32_62_0.0270752_434_16.blif
Abc_NtkLogicToNetlist() warning: The network is converted to have simple COs.
time = 1080741253 us
--------------- round 63 ---------------
seed = 732132916
maxLevel = 2147483647
s[13] is replaced by n212 with estimated error 0.0507346
error = 0.0507346
area = 427
delay = 16
#gates = 192
output circuit appNtk/rca32_63_0.0507346_427_16.blif
Abc_NtkLogicToNetlist() warning: The network is converted to have simple COs.
time = 1094389377 us
--------------- round 64 ---------------
seed = 1755996771
maxLevel = 2147483647
n229 is replaced by n227 with estimated error 0.0547846
error = 0.0547846
area = 425
delay = 16
#gates = 191
output circuit appNtk/rca32_64_0.0547846_425_16.blif
Abc_NtkLogicToNetlist() warning: The network is converted to have simple COs.
time = 1108014680 us
--------------- round 65 ---------------
seed = 2993661886
maxLevel = 2147483647
n202 is replaced by n217 with estimated error 0.0573959
error = 0.0573959
area = 423
delay = 16
#gates = 190
output circuit appNtk/rca32_65_0.0573959_423_16.blif
Abc_NtkLogicToNetlist() warning: The network is converted to have simple COs.
time = 1121471635 us
--------------- round 66 ---------------
seed = 2942375697
maxLevel = 2147483647
n226 is replaced by zero with estimated error 0.0571379
error = 0.0571379
area = 422
delay = 16
#gates = 189
output circuit appNtk/rca32_66_0.0571379_422_16.blif
Abc_NtkLogicToNetlist() warning: The network is converted to have simple COs.
time = 1134800656 us
--------------- round 67 ---------------
seed = 365382809
maxLevel = 2147483647
n225 is replaced by n220 with estimated error 0.0628707
error = 0.0628707
area = 420
delay = 16
#gates = 188
output circuit appNtk/rca32_67_0.0628707_420_16.blif
Abc_NtkLogicToNetlist() warning: The network is converted to have simple COs.
time = 1147968221 us
--------------- round 68 ---------------
seed = 1648230966
maxLevel = 2147483647
n216 is replaced by one with estimated error 0.0691007
error = 0.0691007
area = 416
delay = 16
#gates = 185
output circuit appNtk/rca32_68_0.0691007_416_16.blif
Abc_NtkLogicToNetlist() warning: The network is converted to have simple COs.
time = 1161014691 us
--------------- round 69 ---------------
seed = 1170351724
maxLevel = 2147483647
n245 is replaced by n212 with estimated error 0.0687508
error = 0.0687508
area = 414
delay = 16
#gates = 184
output circuit appNtk/rca32_69_0.0687508_414_16.blif
Abc_NtkLogicToNetlist() warning: The network is converted to have simple COs.
time = 1173724186 us
--------------- round 70 ---------------
seed = 1872777545
maxLevel = 2147483647
n227 is replaced by zero with estimated error 0.0693762
error = 0.0693762
area = 413
delay = 16
#gates = 183
output circuit appNtk/rca32_70_0.0693762_413_16.blif
Abc_NtkLogicToNetlist() warning: The network is converted to have simple COs.
time = 1186346568 us
--------------- round 71 ---------------
seed = 535335615
maxLevel = 2147483647
s[14] is replaced by n233 with inverter with estimated error 0.0801394
error = 0.0801394
area = 409
delay = 16
#gates = 182
output circuit appNtk/rca32_71_0.0801394_409_16.blif
Abc_NtkLogicToNetlist() warning: The network is converted to have simple COs.
time = 1198854915 us
--------------- round 72 ---------------
seed = 2459293772
maxLevel = 2147483647
n212 is replaced by n220 with estimated error 0.0831013
error = 0.0831013
area = 406
delay = 16
#gates = 180
output circuit appNtk/rca32_72_0.0831013_406_16.blif
Abc_NtkLogicToNetlist() warning: The network is converted to have simple COs.
time = 1211286388 us
--------------- round 73 ---------------
seed = 1782459102
maxLevel = 2147483647
n240 is replaced by n244 with estimated error 0.0828682
error = 0.0828682
area = 402
delay = 16
#gates = 179
output circuit appNtk/rca32_73_0.0828682_402_16.blif
Abc_NtkLogicToNetlist() warning: The network is converted to have simple COs.
time = 1223627958 us
--------------- round 74 ---------------
seed = 1503724213
maxLevel = 2147483647
n246 is replaced by n221 with estimated error 0.0828571
error = 0.0828571
area = 399
delay = 16
#gates = 178
output circuit appNtk/rca32_74_0.0828571_399_16.blif
Abc_NtkLogicToNetlist() warning: The network is converted to have simple COs.
time = 1235845586 us
--------------- round 75 ---------------
seed = 1445578420
maxLevel = 2147483647
n402 is replaced by n230 with estimated error 0.0828183
error = 0.0828183
area = 398
delay = 16
#gates = 177
output circuit appNtk/rca32_75_0.0828183_398_16.blif
Abc_NtkLogicToNetlist() warning: The network is converted to have simple COs.
time = 1247954026 us
--------------- round 76 ---------------
seed = 3419399356
maxLevel = 2147483647
n230 is replaced by n248 with estimated error 0.104357
error = 0.104357
area = 393
delay = 16
#gates = 175
output circuit appNtk/rca32_76_0.104357_393_16.blif
Abc_NtkLogicToNetlist() warning: The network is converted to have simple COs.
time = 1259990347 us
--------------- round 77 ---------------
seed = 3986938167
maxLevel = 2147483647
n401 is replaced by zero with estimated error 0.101057
error = 0.101057
area = 392
delay = 16
#gates = 174
output circuit appNtk/rca32_77_0.101057_392_16.blif
Abc_NtkLogicToNetlist() warning: The network is converted to have simple COs.
time = 1271856086 us
--------------- round 78 ---------------
seed = 3883641516
maxLevel = 2147483647
n248 is replaced by n236 with inverter with estimated error 0.120379
error = 0.120379
area = 379
delay = 16
#gates = 168
output circuit appNtk/rca32_78_0.120379_379_16.blif
Abc_NtkLogicToNetlist() warning: The network is converted to have simple COs.
time = 1283609878 us
--------------- round 79 ---------------
seed = 87615002
maxLevel = 2147483647
n249 is replaced by n236 with estimated error 0.120574
error = 0.120574
area = 377
delay = 16
#gates = 167
output circuit appNtk/rca32_79_0.120574_377_16.blif
Abc_NtkLogicToNetlist() warning: The network is converted to have simple COs.
time = 1294678779 us
--------------- round 80 ---------------
seed = 225649343
maxLevel = 2147483647
s[15] is replaced by n237 with inverter with estimated error 0.129412
error = 0.129412
area = 368
delay = 16
#gates = 164
output circuit appNtk/rca32_80_0.129412_368_16.blif
Abc_NtkLogicToNetlist() warning: The network is converted to have simple COs.
time = 1305666993 us
--------------- round 81 ---------------
seed = 2459940886
maxLevel = 2147483647
n220 is replaced by x[14] with estimated error 0.133655
error = 0.133655
area = 365
delay = 16
#gates = 163
output circuit appNtk/rca32_81_0.133655_365_16.blif
Abc_NtkLogicToNetlist() warning: The network is converted to have simple COs.
time = 1316398701 us
--------------- round 82 ---------------
seed = 621493501
maxLevel = 2147483647
n404 is replaced by zero with estimated error 0.17677
error = 0.17677
area = 362
delay = 16
#gates = 161
output circuit appNtk/rca32_82_0.17677_362_16.blif
Abc_NtkLogicToNetlist() warning: The network is converted to have simple COs.
time = 1327122904 us
--------------- round 83 ---------------
seed = 1222187589
maxLevel = 2147483647
n236 is replaced by one with estimated error 0.255197
error = 0.255197
area = 358
delay = 16
#gates = 158
output circuit appNtk/rca32_83_0.255197_358_16.blif
Abc_NtkLogicToNetlist() warning: The network is converted to have simple COs.
time = 1337651093 us
--------------- round 84 ---------------
seed = 1018513748
maxLevel = 2147483647
n256 is replaced by n251 with estimated error 0.254843
error = 0.254843
area = 354
delay = 16
#gates = 156
output circuit appNtk/rca32_84_0.254843_354_16.blif
Abc_NtkLogicToNetlist() warning: The network is converted to have simple COs.
time = 1347977257 us
--------------- round 85 ---------------
seed = 1415626945
maxLevel = 2147483647
n286 is replaced by n259 with estimated error 0.255117
error = 0.255117
area = 352
delay = 16
#gates = 155
output circuit appNtk/rca32_85_0.255117_352_16.blif
Abc_NtkLogicToNetlist() warning: The network is converted to have simple COs.
time = 1358129143 us
--------------- round 86 ---------------
seed = 1489492380
maxLevel = 2147483647
n403 is replaced by zero with estimated error 0.25502
error = 0.25502
area = 351
delay = 16
#gates = 154
output circuit appNtk/rca32_86_0.25502_351_16.blif
Abc_NtkLogicToNetlist() warning: The network is converted to have simple COs.
time = 1368212192 us
--------------- round 87 ---------------
seed = 766402660
maxLevel = 2147483647
s[16] is replaced by n250 with estimated error 0.361642
error = 0.361642
area = 342
delay = 16
#gates = 151
output circuit appNtk/rca32_87_0.361642_342_16.blif
Abc_NtkLogicToNetlist() warning: The network is converted to have simple COs.
time = 1378203072 us
--------------- round 88 ---------------
seed = 2896464838
maxLevel = 2147483647
s[17] is replaced by n270 with estimated error 0.692999
error = 0.692999
area = 335
delay = 16
#gates = 149
output circuit appNtk/rca32_88_0.692999_335_16.blif
Abc_NtkLogicToNetlist() warning: The network is converted to have simple COs.
time = 1387945364 us
--------------- round 89 ---------------
seed = 716580514
maxLevel = 2147483647
n259 is replaced by zero with estimated error 0.76571
error = 0.76571
area = 332
delay = 16
#gates = 147
output circuit appNtk/rca32_89_0.76571_332_16.blif
Abc_NtkLogicToNetlist() warning: The network is converted to have simple COs.
time = 1397549129 us
--------------- round 90 ---------------
seed = 3534009074
maxLevel = 2147483647
n250 is replaced by zero with estimated error 0.740956
error = 0.740956
area = 330
delay = 16
#gates = 146
output circuit appNtk/rca32_90_0.740956_330_16.blif
Abc_NtkLogicToNetlist() warning: The network is converted to have simple COs.
time = 1406955330 us
--------------- round 91 ---------------
seed = 3423746569
maxLevel = 2147483647
n287 is replaced by one with estimated error 0.742548
error = 0.742548
area = 327
delay = 16
#gates = 145
output circuit appNtk/rca32_91_0.742548_327_16.blif
Abc_NtkLogicToNetlist() warning: The network is converted to have simple COs.
time = 1416305968 us
--------------- round 92 ---------------
seed = 3152402095
maxLevel = 2147483647
n270 is replaced by n257 with estimated error 0.745973
error = 0.745973
area = 324
delay = 16
#gates = 144
output circuit appNtk/rca32_92_0.745973_324_16.blif
Abc_NtkLogicToNetlist() warning: The network is converted to have simple COs.
time = 1425567203 us
--------------- round 93 ---------------
seed = 2726796798
maxLevel = 2147483647
n251 is replaced by one with estimated error 0.743847
error = 0.743847
area = 323
delay = 16
#gates = 143
output circuit appNtk/rca32_93_0.743847_323_16.blif
Abc_NtkLogicToNetlist() warning: The network is converted to have simple COs.
time = 1434755489 us
--------------- round 94 ---------------
seed = 3914473980
maxLevel = 2147483647
n268 is replaced by n266 with estimated error 0.902227
error = 0.902227
area = 320
delay = 16
#gates = 141
output circuit appNtk/rca32_94_0.902227_320_16.blif
Abc_NtkLogicToNetlist() warning: The network is converted to have simple COs.
time = 1443870917 us
--------------- round 95 ---------------
seed = 2318238116
maxLevel = 2147483647
n257 is replaced by zero with estimated error 1.01586
error = 1.01586
area = 318
delay = 16
#gates = 140
output circuit appNtk/rca32_95_1.01586_318_16.blif
Abc_NtkLogicToNetlist() warning: The network is converted to have simple COs.
time = 1452820926 us
--------------- round 96 ---------------
seed = 1569954549
maxLevel = 2147483647
n273 is replaced by n271 with estimated error 1.01767
error = 1.01767
area = 315
delay = 16
#gates = 139
output circuit appNtk/rca32_96_1.01767_315_16.blif
Abc_NtkLogicToNetlist() warning: The network is converted to have simple COs.
time = 1461758908 us
--------------- round 97 ---------------
seed = 3919845257
maxLevel = 2147483647
n288 is replaced by n275 with estimated error 1.02116
error = 1.02116
area = 313
delay = 16
#gates = 138
output circuit appNtk/rca32_97_1.02116_313_16.blif
Abc_NtkLogicToNetlist() warning: The network is converted to have simple COs.
time = 1470627668 us
--------------- round 98 ---------------
seed = 540461530
maxLevel = 2147483647
n283 is replaced by n281 with estimated error 1.01752
error = 1.01752
area = 312
delay = 16
#gates = 137
output circuit appNtk/rca32_98_1.01752_312_16.blif
Abc_NtkLogicToNetlist() warning: The network is converted to have simple COs.
time = 1479382749 us
--------------- round 99 ---------------
seed = 2630363188
maxLevel = 2147483647
n284 is replaced by n262 with estimated error 1.01892
error = 1.01892
area = 311
delay = 16
#gates = 136
output circuit appNtk/rca32_99_1.01892_311_16.blif
Abc_NtkLogicToNetlist() warning: The network is converted to have simple COs.
time = 1488061574 us
--------------- round 100 ---------------
seed = 3884781780
maxLevel = 2147483647
n269 is replaced by one with estimated error 1.01777
error = 1.01777
area = 310
delay = 16
#gates = 135
output circuit appNtk/rca32_100_1.01777_310_16.blif
Abc_NtkLogicToNetlist() warning: The network is converted to have simple COs.
time = 1496662568 us
--------------- round 101 ---------------
seed = 3090126299
maxLevel = 2147483647
s[18] is replaced by n264 with estimated error 1.50706
error = 1.50706
area = 305
delay = 16
#gates = 133
output circuit appNtk/rca32_101_1.50706_305_16.blif
Abc_NtkLogicToNetlist() warning: The network is converted to have simple COs.
time = 1505253933 us
--------------- round 102 ---------------
seed = 3459376387
maxLevel = 2147483647
n266 is replaced by zero with estimated error 1.55341
error = 1.55341
area = 303
delay = 16
#gates = 132
output circuit appNtk/rca32_102_1.55341_303_16.blif
Abc_NtkLogicToNetlist() warning: The network is converted to have simple COs.
time = 1513623998 us
--------------- round 103 ---------------
seed = 2962145265
maxLevel = 2147483647
n321 is replaced by zero with estimated error 1.54961
error = 1.54961
area = 297
delay = 16
#gates = 130
output circuit appNtk/rca32_103_1.54961_297_16.blif
Abc_NtkLogicToNetlist() warning: The network is converted to have simple COs.
time = 1521975580 us
--------------- round 104 ---------------
seed = 54712136
maxLevel = 2147483647
n328 is replaced by n326 with estimated error 1.54901
error = 1.54901
area = 293
delay = 16
#gates = 127
output circuit appNtk/rca32_104_1.54901_293_16.blif
Abc_NtkLogicToNetlist() warning: The network is converted to have simple COs.
time = 1530132339 us
--------------- round 105 ---------------
seed = 73147522
maxLevel = 2147483647
n289 is replaced by n274 with estimated error 1.54597
error = 1.54597
area = 290
delay = 16
#gates = 126
output circuit appNtk/rca32_105_1.54597_290_16.blif
Abc_NtkLogicToNetlist() warning: The network is converted to have simple COs.
time = 1537958330 us
--------------- round 106 ---------------
seed = 1831604389
maxLevel = 2147483647
n282 is replaced by n274 with estimated error 1.5409
error = 1.5409
area = 285
delay = 16
#gates = 124
output circuit appNtk/rca32_106_1.5409_285_16.blif
Abc_NtkLogicToNetlist() warning: The network is converted to have simple COs.
time = 1545704539 us
--------------- round 107 ---------------
seed = 949884771
maxLevel = 2147483647
n271 is replaced by one with estimated error 1.55009
error = 1.55009
area = 283
delay = 16
#gates = 123
output circuit appNtk/rca32_107_1.55009_283_16.blif
Abc_NtkLogicToNetlist() warning: The network is converted to have simple COs.
time = 1553300716 us
--------------- round 108 ---------------
seed = 1942568516
maxLevel = 2147483647
s[19] is replaced by n274 with estimated error 2.4688
error = 2.4688
area = 273
delay = 16
#gates = 120
output circuit appNtk/rca32_108_2.4688_273_16.blif
Abc_NtkLogicToNetlist() warning: The network is converted to have simple COs.
time = 1560838476 us
--------------- round 109 ---------------
seed = 454845175
maxLevel = 2147483647
n264 is replaced by y[18] with estimated error 2.67816
error = 2.67816
area = 270
delay = 16
#gates = 118
output circuit appNtk/rca32_109_2.67816_270_16.blif
Abc_NtkLogicToNetlist() warning: The network is converted to have simple COs.
time = 1568147032 us
--------------- round 110 ---------------
seed = 1918641163
maxLevel = 2147483647
n169 is replaced by one with estimated error 2.68069
error = 2.68069
area = 269
delay = 16
#gates = 117
output circuit appNtk/rca32_110_2.68069_269_16.blif
Abc_NtkLogicToNetlist() warning: The network is converted to have simple COs.
time = 1575375738 us
--------------- round 111 ---------------
seed = 3223059595
maxLevel = 2147483647
s[20] is replaced by n291 with estimated error 6.3005
error = 6.3005
area = 262
delay = 16
#gates = 115
output circuit appNtk/rca32_111_6.3005_262_16.blif
Abc_NtkLogicToNetlist() warning: The network is converted to have simple COs.
time = 1582524413 us
--------------- round 112 ---------------
seed = 1436058622
maxLevel = 2147483647
n278 is replaced by n279 with estimated error 6.15185
error = 6.15185
area = 259
delay = 16
#gates = 114
output circuit appNtk/rca32_112_6.15185_259_16.blif
Abc_NtkLogicToNetlist() warning: The network is converted to have simple COs.
time = 1589517548 us
--------------- round 113 ---------------
seed = 3420181111
maxLevel = 2147483647
n274 is replaced by zero with estimated error 6.54527
error = 6.54527
area = 257
delay = 16
#gates = 113
output circuit appNtk/rca32_113_6.54527_257_16.blif
Abc_NtkLogicToNetlist() warning: The network is converted to have simple COs.
time = 1596449203 us
--------------- round 114 ---------------
seed = 1000606547
maxLevel = 2147483647
n305 is replaced by n296 with estimated error 6.52913
error = 6.52913
area = 254
delay = 16
#gates = 112
output circuit appNtk/rca32_114_6.52913_254_16.blif
Abc_NtkLogicToNetlist() warning: The network is converted to have simple COs.
time = 1603348687 us
--------------- round 115 ---------------
seed = 2027475894
maxLevel = 2147483647
n292 is replaced by one with estimated error 6.51374
error = 6.51374
area = 251
delay = 16
#gates = 111
output circuit appNtk/rca32_115_6.51374_251_16.blif
Abc_NtkLogicToNetlist() warning: The network is converted to have simple COs.
time = 1610184398 us
--------------- round 116 ---------------
seed = 2109509653
maxLevel = 2147483647
n324 is replaced by one with estimated error 6.5031
error = 6.5031
area = 249
delay = 15.9
#gates = 110
output circuit appNtk/rca32_116_6.5031_249_15.9.blif
Abc_NtkLogicToNetlist() warning: The network is converted to have simple COs.
time = 1616954496 us
--------------- round 117 ---------------
seed = 4064366141
maxLevel = 2147483647
n320 is replaced by zero with estimated error 6.55958
error = 6.55958
area = 244
delay = 15.9
#gates = 108
output circuit appNtk/rca32_117_6.55958_244_15.9.blif
Abc_NtkLogicToNetlist() warning: The network is converted to have simple COs.
time = 1623646728 us
--------------- round 118 ---------------
seed = 3644349201
maxLevel = 2147483647
n356 is replaced by zero with estimated error 6.54679
error = 6.54679
area = 239
delay = 15.9
#gates = 106
output circuit appNtk/rca32_118_6.54679_239_15.9.blif
Abc_NtkLogicToNetlist() warning: The network is converted to have simple COs.
time = 1630162150 us
--------------- round 119 ---------------
seed = 1570787730
maxLevel = 2147483647
s[21] is replaced by n296 with estimated error 9.79458
error = 9.79458
area = 229
delay = 15.9
#gates = 102
output circuit appNtk/rca32_119_9.79458_229_15.9.blif
Abc_NtkLogicToNetlist() warning: The network is converted to have simple COs.
time = 1636542345 us
--------------- round 120 ---------------
seed = 1209179911
maxLevel = 2147483647
n279 is replaced by n293 with estimated error 10.6444
error = 10.6444
area = 227
delay = 15.9
#gates = 101
output circuit appNtk/rca32_120_10.6444_227_15.9.blif
Abc_NtkLogicToNetlist() warning: The network is converted to have simple COs.
time = 1642631541 us
--------------- round 121 ---------------
seed = 3004226198
maxLevel = 2147483647
n295 is replaced by y[21] with estimated error 10.0976
error = 10.0976
area = 224
delay = 15.9
#gates = 99
output circuit appNtk/rca32_121_10.0976_224_15.9.blif
Abc_NtkLogicToNetlist() warning: The network is converted to have simple COs.
time = 1648749270 us
--------------- round 122 ---------------
seed = 2602168734
maxLevel = 2147483647
n291 is replaced by x[21] with estimated error 10.1018
error = 10.1018
area = 222
delay = 15.9
#gates = 97
output circuit appNtk/rca32_122_10.1018_222_15.9.blif
Abc_NtkLogicToNetlist() warning: The network is converted to have simple COs.
time = 1654728735 us
--------------- round 123 ---------------
seed = 1075458547
maxLevel = 2147483647
s[22] is replaced by n308 with inverter with estimated error 19.5925
error = 19.5925
area = 214
delay = 15.9
#gates = 94
output circuit appNtk/rca32_123_19.5925_214_15.9.blif
Abc_NtkLogicToNetlist() warning: The network is converted to have simple COs.
time = 1660571465 us
--------------- round 124 ---------------
seed = 1083704949
maxLevel = 2147483647
n302 is replaced by zero with estimated error 24.0071
error = 24.0071
area = 212
delay = 15.9
#gates = 93
output circuit appNtk/rca32_124_24.0071_212_15.9.blif
Abc_NtkLogicToNetlist() warning: The network is converted to have simple COs.
time = 1666212263 us
--------------- round 125 ---------------
seed = 3071675605
maxLevel = 2147483647
n323 is replaced by n309 with estimated error 24.1087
error = 24.1087
area = 209
delay = 15.9
#gates = 91
output circuit appNtk/rca32_125_24.1087_209_15.9.blif
Abc_NtkLogicToNetlist() warning: The network is converted to have simple COs.
time = 1671785048 us
--------------- round 126 ---------------
seed = 2722055199
maxLevel = 2147483647
n405 is replaced by n325 with estimated error 24.0832
error = 24.0832
area = 208
delay = 15.9
#gates = 90
output circuit appNtk/rca32_126_24.0832_208_15.9.blif
Abc_NtkLogicToNetlist() warning: The network is converted to have simple COs.
time = 1677224802 us
--------------- round 127 ---------------
seed = 2409978846
maxLevel = 2147483647
s[23] is replaced by n329 with estimated error 44.3495
error = 44.3495
area = 195
delay = 15.9
#gates = 85
output circuit appNtk/rca32_127_44.3495_195_15.9.blif
Abc_NtkLogicToNetlist() warning: The network is converted to have simple COs.
time = 1682616027 us
--------------- round 128 ---------------
seed = 895019812
maxLevel = 2147483647
n296 is replaced by one with estimated error 43.2258
error = 43.2258
area = 194
delay = 15.9
#gates = 84
output circuit appNtk/rca32_128_43.2258_194_15.9.blif
Abc_NtkLogicToNetlist() warning: The network is converted to have simple COs.
time = 1687680629 us
--------------- round 129 ---------------
seed = 1200264495
maxLevel = 2147483647
n325 is replaced by n310 with inverter with estimated error 39.5663
error = 39.5663
area = 191
delay = 15.9
#gates = 84
output circuit appNtk/rca32_129_39.5663_191_15.9.blif
Abc_NtkLogicToNetlist() warning: The network is converted to have simple COs.
time = 1692719560 us
--------------- round 130 ---------------
seed = 3165547890
maxLevel = 2147483647
n329 is replaced by n309 with estimated error 39.4813
error = 39.4813
area = 188
delay = 15.9
#gates = 83
output circuit appNtk/rca32_130_39.4813_188_15.9.blif
Abc_NtkLogicToNetlist() warning: The network is converted to have simple COs.
time = 1697813782 us
--------------- round 131 ---------------
seed = 2972455203
maxLevel = 2147483647
n326 is replaced by n331 with estimated error 39.4738
error = 39.4738
area = 185
delay = 15.9
#gates = 82
output circuit appNtk/rca32_131_39.4738_185_15.9.blif
Abc_NtkLogicToNetlist() warning: The network is converted to have simple COs.
time = 1702840697 us
--------------- round 132 ---------------
seed = 2079372371
maxLevel = 2147483647
n358 is replaced by n334 with estimated error 39.3841
error = 39.3841
area = 182
delay = 15.6
#gates = 81
output circuit appNtk/rca32_132_39.3841_182_15.6.blif
Abc_NtkLogicToNetlist() warning: The network is converted to have simple COs.
time = 1707902459 us
--------------- round 133 ---------------
seed = 211859135
maxLevel = 2147483647
n406 is replaced by zero with estimated error 47.5705
error = 47.5705
area = 179
delay = 15.6
#gates = 79
output circuit appNtk/rca32_133_47.5705_179_15.6.blif
Abc_NtkLogicToNetlist() warning: The network is converted to have simple COs.
time = 1712815353 us
--------------- round 134 ---------------
seed = 3873679800
maxLevel = 2147483647
s[24] is replaced by n331 with inverter with estimated error 86.637
error = 86.637
area = 172
delay = 15.6
#gates = 77
output circuit appNtk/rca32_134_86.637_172_15.6.blif
Abc_NtkLogicToNetlist() warning: The network is converted to have simple COs.
time = 1717589306 us
--------------- round 135 ---------------
seed = 3737913421
maxLevel = 2147483647
n309 is replaced by y[23] with inverter with estimated error 88.966
error = 88.966
area = 171
delay = 15.6
#gates = 77
output circuit appNtk/rca32_135_88.966_171_15.6.blif
Abc_NtkLogicToNetlist() warning: The network is converted to have simple COs.
time = 1722282103 us
--------------- round 136 ---------------
seed = 4082580297
maxLevel = 2147483647
n213 is replaced by n263 with estimated error 88.8247
error = 88.8247
area = 168
delay = 15.6
#gates = 76
output circuit appNtk/rca32_136_88.8247_168_15.6.blif
Abc_NtkLogicToNetlist() warning: The network is converted to have simple COs.
time = 1726858468 us
--------------- round 137 ---------------
seed = 1458667961
maxLevel = 2147483647
n408 is replaced by zero with estimated error 93.0092
error = 93.0092
area = 167
delay = 15.6
#gates = 75
output circuit appNtk/rca32_137_93.0092_167_15.6.blif
Abc_NtkLogicToNetlist() warning: The network is converted to have simple COs.
time = 1731424378 us
--------------- round 138 ---------------
seed = 2023087012
maxLevel = 2147483647
n316 is replaced by one with estimated error 93.0393
error = 93.0393
area = 165
delay = 15.6
#gates = 74
output circuit appNtk/rca32_138_93.0393_165_15.6.blif
Abc_NtkLogicToNetlist() warning: The network is converted to have simple COs.
time = 1735924128 us
--------------- round 139 ---------------
seed = 2670173078
maxLevel = 2147483647
n407 is replaced by n314 with estimated error 92.8824
error = 92.8824
area = 164
delay = 15.6
#gates = 73
output circuit appNtk/rca32_139_92.8824_164_15.6.blif
Abc_NtkLogicToNetlist() warning: The network is converted to have simple COs.
time = 1740353506 us
--------------- round 140 ---------------
seed = 3610695458
maxLevel = 2147483647
n263 is replaced by n365 with estimated error 93.3265
error = 93.3265
area = 163
delay = 15.6
#gates = 72
output circuit appNtk/rca32_140_93.3265_163_15.6.blif
Abc_NtkLogicToNetlist() warning: The network is converted to have simple COs.
time = 1744604018 us
--------------- round 141 ---------------
seed = 1086891988
maxLevel = 2147483647
n175 is replaced by n365 with estimated error 92.6945
error = 92.6945
area = 160
delay = 15.6
#gates = 71
output circuit appNtk/rca32_141_92.6945_160_15.6.blif
Abc_NtkLogicToNetlist() warning: The network is converted to have simple COs.
time = 1748676441 us
--------------- round 142 ---------------
seed = 1185944124
maxLevel = 2147483647
s[9] is replaced by n338 with estimated error 93.2798
error = 93.2798
area = 155
delay = 15.6
#gates = 70
output circuit appNtk/rca32_142_93.2798_155_15.6.blif
Abc_NtkLogicToNetlist() warning: The network is converted to have simple COs.
time = 1752564760 us
--------------- round 143 ---------------
seed = 2640216882
maxLevel = 2147483647
n172 is replaced by n386 with estimated error 92.923
error = 92.923
area = 149
delay = 15.6
#gates = 67
output circuit appNtk/rca32_143_92.923_149_15.6.blif
Abc_NtkLogicToNetlist() warning: The network is converted to have simple COs.
time = 1756278005 us
--------------- round 144 ---------------
seed = 2897915283
maxLevel = 2147483647
s[8] is replaced by y[10] with estimated error 93.0525
error = 93.0525
area = 144
delay = 15.6
#gates = 66
output circuit appNtk/rca32_144_93.0525_144_15.6.blif
Abc_NtkLogicToNetlist() warning: The network is converted to have simple COs.
time = 1759519030 us
--------------- round 145 ---------------
seed = 884345239
maxLevel = 2147483647
n199 is replaced by n337 with estimated error 93.2755
error = 93.2755
area = 143
delay = 15.6
#gates = 65
output circuit appNtk/rca32_145_93.2755_143_15.6.blif
Abc_NtkLogicToNetlist() warning: The network is converted to have simple COs.
time = 1762555954 us
--------------- round 146 ---------------
seed = 3971116924
maxLevel = 2147483647
exceed error bound
