abc command read data/library/mcnc.genlib
Entered genlib library with 23 gates from file "data/library/mcnc.genlib".
abc command read_blif data/su/rca32.blif
abc command print_stats
[1;37mrca32                         :[0m i/o =   64/   33  lat =    0  nd =   298  edge =    585  area =666.00  delay =16.10  lev = 12
--------------- round 1 ---------------
seed = 3958535941
maxLevel = 2147483647
s[0] is replaced by n99 with estimated error 2.91655e-06
error = 2.91655e-06
area = 661
delay = 16.1
#gates = 299
output circuit appNtk/rca32_1_2.91655e-06_661_16.1.blif
time = 10177752 us
--------------- round 2 ---------------
seed = 3573963293
maxLevel = 2147483647
s[1] is replaced by n113 with estimated error 8.75397e-06
error = 8.75397e-06
area = 654
delay = 16.1
#gates = 297
output circuit appNtk/rca32_2_8.75397e-06_654_16.1.blif
time = 20237611 us
--------------- round 3 ---------------
seed = 3712690148
maxLevel = 2147483647
n102 is replaced by one with estimated error 1.0169e-05
error = 1.0169e-05
area = 650
delay = 16.1
#gates = 294
output circuit appNtk/rca32_3_1.0169e-05_650_16.1.blif
time = 30173129 us
--------------- round 4 ---------------
seed = 2143478401
maxLevel = 2147483647
n99 is replaced by one with estimated error 1.0149e-05
error = 1.0149e-05
area = 648
delay = 16.1
#gates = 293
output circuit appNtk/rca32_4_1.0149e-05_648_16.1.blif
time = 40070131 us
--------------- round 5 ---------------
seed = 1016046811
maxLevel = 2147483647
n113 is replaced by n103 with estimated error 1.01908e-05
error = 1.01908e-05
area = 646
delay = 16.1
#gates = 292
output circuit appNtk/rca32_5_1.01908e-05_646_16.1.blif
time = 63690952 us
--------------- round 6 ---------------
seed = 3949702427
maxLevel = 2147483647
n111 is replaced by n114 with estimated error 1.26815e-05
error = 1.26815e-05
area = 644
delay = 16.1
#gates = 291
output circuit appNtk/rca32_6_1.26815e-05_644_16.1.blif
time = 86974249 us
--------------- round 7 ---------------
seed = 1447578246
maxLevel = 2147483647
n103 is replaced by one with estimated error 1.45108e-05
error = 1.45108e-05
area = 642
delay = 16.1
#gates = 290
output circuit appNtk/rca32_7_1.45108e-05_642_16.1.blif
Abc_NtkLogicToNetlist() warning: The network is converted to have simple COs.
time = 110153739 us
--------------- round 8 ---------------
seed = 3414137938
maxLevel = 2147483647
n130 is replaced by one with estimated error 1.46047e-05
error = 1.46047e-05
area = 636
delay = 16.1
#gates = 288
output circuit appNtk/rca32_8_1.46047e-05_636_16.1.blif
Abc_NtkLogicToNetlist() warning: The network is converted to have simple COs.
time = 133320321 us
--------------- round 9 ---------------
seed = 3286205730
maxLevel = 2147483647
n115 is replaced by n110 with estimated error 1.45519e-05
error = 1.45519e-05
area = 634
delay = 16.1
#gates = 287
output circuit appNtk/rca32_9_1.45519e-05_634_16.1.blif
Abc_NtkLogicToNetlist() warning: The network is converted to have simple COs.
time = 156261586 us
--------------- round 10 ---------------
seed = 1814646549
maxLevel = 2147483647
n123 is replaced by n114 with estimated error 1.45404e-05
error = 1.45404e-05
area = 632
delay = 16.1
#gates = 286
output circuit appNtk/rca32_10_1.45404e-05_632_16.1.blif
Abc_NtkLogicToNetlist() warning: The network is converted to have simple COs.
time = 179110299 us
--------------- round 11 ---------------
seed = 4246167978
maxLevel = 2147483647
s[2] is replaced by y[1] with estimated error 2.46962e-05
error = 2.46962e-05
area = 623
delay = 16.1
#gates = 281
output circuit appNtk/rca32_11_2.46962e-05_623_16.1.blif
Abc_NtkLogicToNetlist() warning: The network is converted to have simple COs.
time = 201807179 us
--------------- round 12 ---------------
seed = 2568897052
maxLevel = 2147483647
s[3] is replaced by n131 with estimated error 3.89584e-05
error = 3.89584e-05
area = 614
delay = 16.1
#gates = 277
output circuit appNtk/rca32_12_3.89584e-05_614_16.1.blif
Abc_NtkLogicToNetlist() warning: The network is converted to have simple COs.
time = 223587579 us
--------------- round 13 ---------------
seed = 762505752
maxLevel = 2147483647
n119 is replaced by x[3] with estimated error 4.16782e-05
error = 4.16782e-05
area = 610
delay = 16.1
#gates = 274
output circuit appNtk/rca32_13_4.16782e-05_610_16.1.blif
Abc_NtkLogicToNetlist() warning: The network is converted to have simple COs.
time = 244902971 us
--------------- round 14 ---------------
seed = 3579434262
maxLevel = 2147483647
n110 is replaced by zero with estimated error 4.4639e-05
error = 4.4639e-05
area = 607
delay = 16.1
#gates = 273
output circuit appNtk/rca32_14_4.4639e-05_607_16.1.blif
Abc_NtkLogicToNetlist() warning: The network is converted to have simple COs.
time = 265733401 us
--------------- round 15 ---------------
seed = 190077273
maxLevel = 2147483647
n132 is replaced by n120 with estimated error 4.45778e-05
error = 4.45778e-05
area = 605
delay = 16.1
#gates = 272
output circuit appNtk/rca32_15_4.45778e-05_605_16.1.blif
Abc_NtkLogicToNetlist() warning: The network is converted to have simple COs.
time = 286591135 us
--------------- round 16 ---------------
seed = 1566671784
maxLevel = 2147483647
n131 is replaced by n135 with estimated error 5.46994e-05
error = 5.46994e-05
area = 602
delay = 16.1
#gates = 271
output circuit appNtk/rca32_16_5.46994e-05_602_16.1.blif
Abc_NtkLogicToNetlist() warning: The network is converted to have simple COs.
time = 307385057 us
--------------- round 17 ---------------
seed = 2226008078
maxLevel = 2147483647
n163 is replaced by n149 with estimated error 5.45315e-05
error = 5.45315e-05
area = 600
delay = 16.1
#gates = 270
output circuit appNtk/rca32_17_5.45315e-05_600_16.1.blif
Abc_NtkLogicToNetlist() warning: The network is converted to have simple COs.
time = 328042867 us
--------------- round 18 ---------------
seed = 2850896153
maxLevel = 2147483647
s[4] is replaced by n127 with estimated error 7.58292e-05
error = 7.58292e-05
area = 593
delay = 16.1
#gates = 268
output circuit appNtk/rca32_18_7.58292e-05_593_16.1.blif
Abc_NtkLogicToNetlist() warning: The network is converted to have simple COs.
time = 348537569 us
--------------- round 19 ---------------
seed = 4165699684
maxLevel = 2147483647
n135 is replaced by n128 with estimated error 6.96355e-05
error = 6.96355e-05
area = 586
delay = 16
#gates = 265
output circuit appNtk/rca32_19_6.96355e-05_586_16.blif
Abc_NtkLogicToNetlist() warning: The network is converted to have simple COs.
time = 368785053 us
--------------- round 20 ---------------
seed = 158903032
maxLevel = 2147483647
n127 is replaced by one with estimated error 9.42973e-05
error = 9.42973e-05
area = 582
delay = 16
#gates = 262
output circuit appNtk/rca32_20_9.42973e-05_582_16.blif
Abc_NtkLogicToNetlist() warning: The network is converted to have simple COs.
time = 388807208 us
--------------- round 21 ---------------
seed = 931491423
maxLevel = 2147483647
s[5] is replaced by n150 with estimated error 0.00016572
error = 0.00016572
area = 575
delay = 16
#gates = 260
output circuit appNtk/rca32_21_0.00016572_575_16.blif
Abc_NtkLogicToNetlist() warning: The network is converted to have simple COs.
time = 408345885 us
--------------- round 22 ---------------
seed = 2668131676
maxLevel = 2147483647
n138 is replaced by y[5] with estimated error 0.000180236
error = 0.000180236
area = 571
delay = 16
#gates = 257
output circuit appNtk/rca32_22_0.000180236_571_16.blif
Abc_NtkLogicToNetlist() warning: The network is converted to have simple COs.
time = 427669141 us
--------------- round 23 ---------------
seed = 2650702498
maxLevel = 2147483647
n128 is replaced by one with estimated error 0.000181246
error = 0.000181246
area = 569
delay = 16
#gates = 256
output circuit appNtk/rca32_23_0.000181246_569_16.blif
Abc_NtkLogicToNetlist() warning: The network is converted to have simple COs.
time = 446534408 us
--------------- round 24 ---------------
seed = 4172574599
maxLevel = 2147483647
n162 is replaced by zero with estimated error 0.000181281
error = 0.000181281
area = 562
delay = 16
#gates = 254
output circuit appNtk/rca32_24_0.000181281_562_16.blif
Abc_NtkLogicToNetlist() warning: The network is converted to have simple COs.
time = 465396080 us
--------------- round 25 ---------------
seed = 4043972852
maxLevel = 2147483647
n150 is replaced by n139 with estimated error 0.000180694
error = 0.000180694
area = 558
delay = 16
#gates = 252
output circuit appNtk/rca32_25_0.000180694_558_16.blif
Abc_NtkLogicToNetlist() warning: The network is converted to have simple COs.
time = 484017187 us
--------------- round 26 ---------------
seed = 2508667141
maxLevel = 2147483647
s[6] is replaced by n154 with estimated error 0.000342119
error = 0.000342119
area = 551
delay = 16
#gates = 249
output circuit appNtk/rca32_26_0.000342119_551_16.blif
Abc_NtkLogicToNetlist() warning: The network is converted to have simple COs.
time = 502445604 us
--------------- round 27 ---------------
seed = 1589817628
maxLevel = 2147483647
n139 is replaced by one with estimated error 0.000366569
error = 0.000366569
area = 549
delay = 16
#gates = 248
output circuit appNtk/rca32_27_0.000366569_549_16.blif
Abc_NtkLogicToNetlist() warning: The network is converted to have simple COs.
time = 520564252 us
--------------- round 28 ---------------
seed = 1865023762
maxLevel = 2147483647
n164 is replaced by one with estimated error 0.000367675
error = 0.000367675
area = 544
delay = 16
#gates = 246
output circuit appNtk/rca32_28_0.000367675_544_16.blif
Abc_NtkLogicToNetlist() warning: The network is converted to have simple COs.
time = 538517607 us
--------------- round 29 ---------------
seed = 2755014730
maxLevel = 2147483647
n152 is replaced by zero with estimated error 0.000366522
error = 0.000366522
area = 539
delay = 16
#gates = 243
output circuit appNtk/rca32_29_0.000366522_539_16.blif
Abc_NtkLogicToNetlist() warning: The network is converted to have simple COs.
time = 556391877 us
--------------- round 30 ---------------
seed = 3302589238
maxLevel = 2147483647
n154 is replaced by n165 with estimated error 0.000400038
error = 0.000400038
area = 537
delay = 16
#gates = 242
output circuit appNtk/rca32_30_0.000400038_537_16.blif
Abc_NtkLogicToNetlist() warning: The network is converted to have simple COs.
time = 573874971 us
--------------- round 31 ---------------
seed = 2423568167
maxLevel = 2147483647
n165 is replaced by one with estimated error 0.000497202
error = 0.000497202
area = 531
delay = 16
#gates = 238
output circuit appNtk/rca32_31_0.000497202_531_16.blif
Abc_NtkLogicToNetlist() warning: The network is converted to have simple COs.
time = 591211169 us
--------------- round 32 ---------------
seed = 2454106528
maxLevel = 2147483647
n167 is replaced by n158 with estimated error 0.000496616
error = 0.000496616
area = 529
delay = 16
#gates = 237
output circuit appNtk/rca32_32_0.000496616_529_16.blif
Abc_NtkLogicToNetlist() warning: The network is converted to have simple COs.
time = 608187886 us
--------------- round 33 ---------------
seed = 1304331251
maxLevel = 2147483647
s[7] is replaced by n158 with estimated error 0.000737583
error = 0.000737583
area = 518
delay = 16
#gates = 232
output circuit appNtk/rca32_33_0.000737583_518_16.blif
Abc_NtkLogicToNetlist() warning: The network is converted to have simple COs.
time = 625040956 us
--------------- round 34 ---------------
seed = 3947605639
maxLevel = 2147483647
n242 is replaced by one with estimated error 0.00138316
error = 0.00138316
area = 510
delay = 16
#gates = 229
output circuit appNtk/rca32_34_0.00138316_510_16.blif
Abc_NtkLogicToNetlist() warning: The network is converted to have simple COs.
time = 641262768 us
--------------- round 35 ---------------
seed = 1769030223
maxLevel = 2147483647
n158 is replaced by n202 with estimated error 0.00114609
error = 0.00114609
area = 508
delay = 16
#gates = 228
output circuit appNtk/rca32_35_0.00114609_508_16.blif
Abc_NtkLogicToNetlist() warning: The network is converted to have simple COs.
time = 657119580 us
--------------- round 36 ---------------
seed = 259488536
maxLevel = 2147483647
s[8] is replaced by x[7] with estimated error 0.00170497
error = 0.00170497
area = 501
delay = 16
#gates = 226
output circuit appNtk/rca32_36_0.00170497_501_16.blif
Abc_NtkLogicToNetlist() warning: The network is converted to have simple COs.
time = 673066091 us
--------------- round 37 ---------------
seed = 3114734814
maxLevel = 2147483647
n170 is replaced by y[8] with estimated error 0.00170778
error = 0.00170778
area = 497
delay = 16
#gates = 223
output circuit appNtk/rca32_37_0.00170778_497_16.blif
Abc_NtkLogicToNetlist() warning: The network is converted to have simple COs.
time = 688659687 us
--------------- round 38 ---------------
seed = 1998783658
maxLevel = 2147483647
n204 is replaced by one with estimated error 0.00201577
error = 0.00201577
area = 493
delay = 16
#gates = 222
output circuit appNtk/rca32_38_0.00201577_493_16.blif
Abc_NtkLogicToNetlist() warning: The network is converted to have simple COs.
time = 703962938 us
--------------- round 39 ---------------
seed = 2101940672
maxLevel = 2147483647
n174 is replaced by one with estimated error 0.00171159
error = 0.00171159
area = 492
delay = 16
#gates = 221
output circuit appNtk/rca32_39_0.00171159_492_16.blif
Abc_NtkLogicToNetlist() warning: The network is converted to have simple COs.
time = 719089652 us
--------------- round 40 ---------------
seed = 916791084
maxLevel = 2147483647
s[9] is replaced by n188 with estimated error 0.0025477
error = 0.0025477
area = 485
delay = 16
#gates = 219
output circuit appNtk/rca32_40_0.0025477_485_16.blif
Abc_NtkLogicToNetlist() warning: The network is converted to have simple COs.
time = 734124605 us
--------------- round 41 ---------------
seed = 1026775287
maxLevel = 2147483647
n175 is replaced by n207 with estimated error 0.00253224
error = 0.00253224
area = 482
delay = 16
#gates = 218
output circuit appNtk/rca32_41_0.00253224_482_16.blif
Abc_NtkLogicToNetlist() warning: The network is converted to have simple COs.
time = 748934169 us
--------------- round 42 ---------------
seed = 946163299
maxLevel = 2147483647
n187 is replaced by zero with estimated error 0.00254955
error = 0.00254955
area = 481
delay = 16
#gates = 217
output circuit appNtk/rca32_42_0.00254955_481_16.blif
Abc_NtkLogicToNetlist() warning: The network is converted to have simple COs.
time = 763639621 us
--------------- round 43 ---------------
seed = 2040667781
maxLevel = 2147483647
n178 is replaced by x[9] with estimated error 0.00274165
error = 0.00274165
area = 477
delay = 16
#gates = 214
output circuit appNtk/rca32_43_0.00274165_477_16.blif
Abc_NtkLogicToNetlist() warning: The network is converted to have simple COs.
time = 778217370 us
--------------- round 44 ---------------
seed = 2325079359
maxLevel = 2147483647
n179 is replaced by y[9] with inverter with estimated error 0.0027438
error = 0.0027438
area = 476
delay = 16
#gates = 214
output circuit appNtk/rca32_44_0.0027438_476_16.blif
Abc_NtkLogicToNetlist() warning: The network is converted to have simple COs.
time = 792404272 us
--------------- round 45 ---------------
seed = 34893440
maxLevel = 2147483647
n207 is replaced by y[9] with estimated error 0.00295987
error = 0.00295987
area = 471
delay = 16
#gates = 211
output circuit appNtk/rca32_45_0.00295987_471_16.blif
Abc_NtkLogicToNetlist() warning: The network is converted to have simple COs.
time = 806587836 us
--------------- round 46 ---------------
seed = 3681292894
maxLevel = 2147483647
n190 is replaced by zero with estimated error 0.00391086
error = 0.00391086
area = 469
delay = 16
#gates = 210
output circuit appNtk/rca32_46_0.00391086_469_16.blif
Abc_NtkLogicToNetlist() warning: The network is converted to have simple COs.
time = 820689141 us
--------------- round 47 ---------------
seed = 932105764
maxLevel = 2147483647
n206 is replaced by n196 with estimated error 0.00806627
error = 0.00806627
area = 465
delay = 16
#gates = 208
output circuit appNtk/rca32_47_0.00806627_465_16.blif
Abc_NtkLogicToNetlist() warning: The network is converted to have simple COs.
time = 835762528 us
--------------- round 48 ---------------
seed = 3882110601
maxLevel = 2147483647
n189 is replaced by n183 with estimated error 0.00893426
error = 0.00893426
area = 464
delay = 16
#gates = 207
output circuit appNtk/rca32_48_0.00893426_464_16.blif
Abc_NtkLogicToNetlist() warning: The network is converted to have simple COs.
time = 850548814 us
--------------- round 49 ---------------
seed = 3696026899
maxLevel = 2147483647
n184 is replaced by one with estimated error 0.00993818
error = 0.00993818
area = 463
delay = 16
#gates = 206
output circuit appNtk/rca32_49_0.00993818_463_16.blif
Abc_NtkLogicToNetlist() warning: The network is converted to have simple COs.
time = 865309864 us
--------------- round 50 ---------------
seed = 480995480
maxLevel = 2147483647
n196 is replaced by n194 with estimated error 0.0117079
error = 0.0117079
area = 461
delay = 16
#gates = 205
output circuit appNtk/rca32_50_0.0117079_461_16.blif
Abc_NtkLogicToNetlist() warning: The network is converted to have simple COs.
time = 879880913 us
--------------- round 51 ---------------
seed = 2286285413
maxLevel = 2147483647
n208 is replaced by n182 with estimated error 0.012831
error = 0.012831
area = 457
delay = 16
#gates = 204
output circuit appNtk/rca32_51_0.012831_457_16.blif
Abc_NtkLogicToNetlist() warning: The network is converted to have simple COs.
time = 894339682 us
--------------- round 52 ---------------
seed = 1247776338
maxLevel = 2147483647
n197 is replaced by y[11] with estimated error 0.0136017
error = 0.0136017
area = 452
delay = 16
#gates = 201
output circuit appNtk/rca32_52_0.0136017_452_16.blif
Abc_NtkLogicToNetlist() warning: The network is converted to have simple COs.
time = 908610208 us
--------------- round 53 ---------------
seed = 3483436910
maxLevel = 2147483647
n210 is replaced by n194 with inverter with estimated error 0.0215086
error = 0.0215086
area = 447
delay = 16
#gates = 200
output circuit appNtk/rca32_53_0.0215086_447_16.blif
Abc_NtkLogicToNetlist() warning: The network is converted to have simple COs.
time = 922656311 us
--------------- round 54 ---------------
seed = 1661630549
maxLevel = 2147483647
n201 is replaced by x[12] with estimated error 0.0263986
error = 0.0263986
area = 443
delay = 16
#gates = 197
output circuit appNtk/rca32_54_0.0263986_443_16.blif
Abc_NtkLogicToNetlist() warning: The network is converted to have simple COs.
time = 936583787 us
--------------- round 55 ---------------
seed = 3296994010
maxLevel = 2147483647
n202 is replaced by y[12] with inverter with estimated error 0.0271876
error = 0.0271876
area = 442
delay = 16
#gates = 197
output circuit appNtk/rca32_55_0.0271876_442_16.blif
Abc_NtkLogicToNetlist() warning: The network is converted to have simple COs.
time = 950211277 us
--------------- round 56 ---------------
seed = 2245003083
maxLevel = 2147483647
n243 is replaced by zero with estimated error 0.0362279
error = 0.0362279
area = 435
delay = 16
#gates = 195
output circuit appNtk/rca32_56_0.0362279_435_16.blif
Abc_NtkLogicToNetlist() warning: The network is converted to have simple COs.
time = 963829742 us
--------------- round 57 ---------------
seed = 2183184218
maxLevel = 2147483647
n399 is replaced by zero with estimated error 0.0286234
error = 0.0286234
area = 433
delay = 16
#gates = 193
output circuit appNtk/rca32_57_0.0286234_433_16.blif
Abc_NtkLogicToNetlist() warning: The network is converted to have simple COs.
time = 977167297 us
--------------- round 58 ---------------
seed = 3629003893
maxLevel = 2147483647
n192 is replaced by n223 with estimated error 0.0264753
error = 0.0264753
area = 430
delay = 16
#gates = 192
output circuit appNtk/rca32_58_0.0264753_430_16.blif
Abc_NtkLogicToNetlist() warning: The network is converted to have simple COs.
time = 990289903 us
--------------- round 59 ---------------
seed = 85829534
maxLevel = 2147483647
s[12] is replaced by x[12] with estimated error 0.0269251
error = 0.0269251
area = 423
delay = 16
#gates = 190
output circuit appNtk/rca32_59_0.0269251_423_16.blif
Abc_NtkLogicToNetlist() warning: The network is converted to have simple COs.
time = 1003296731 us
--------------- round 60 ---------------
seed = 2348952649
maxLevel = 2147483647
s[13] is replaced by n246 with estimated error 0.043592
error = 0.043592
area = 416
delay = 16
#gates = 188
output circuit appNtk/rca32_60_0.043592_416_16.blif
Abc_NtkLogicToNetlist() warning: The network is converted to have simple COs.
time = 1016095178 us
--------------- round 61 ---------------
seed = 2832500056
maxLevel = 2147483647
n228 is replaced by n246 with inverter with estimated error 0.0468679
error = 0.0468679
area = 410
delay = 16
#gates = 185
output circuit appNtk/rca32_61_0.0468679_410_16.blif
Abc_NtkLogicToNetlist() warning: The network is converted to have simple COs.
time = 1028776754 us
--------------- round 62 ---------------
seed = 3316955776
maxLevel = 2147483647
n226 is replaced by zero with estimated error 0.0467352
error = 0.0467352
area = 409
delay = 16
#gates = 184
output circuit appNtk/rca32_62_0.0467352_409_16.blif
Abc_NtkLogicToNetlist() warning: The network is converted to have simple COs.
time = 1041079643 us
--------------- round 63 ---------------
seed = 4170385688
maxLevel = 2147483647
n229 is replaced by n246 with estimated error 0.0466085
error = 0.0466085
area = 407
delay = 16
#gates = 183
output circuit appNtk/rca32_63_0.0466085_407_16.blif
Abc_NtkLogicToNetlist() warning: The network is converted to have simple COs.
time = 1053314014 us
--------------- round 64 ---------------
seed = 1807535923
maxLevel = 2147483647
n216 is replaced by x[13] with estimated error 0.0508097
error = 0.0508097
area = 403
delay = 16
#gates = 180
output circuit appNtk/rca32_64_0.0508097_403_16.blif
Abc_NtkLogicToNetlist() warning: The network is converted to have simple COs.
time = 1065461745 us
--------------- round 65 ---------------
seed = 1270506191
maxLevel = 2147483647
n245 is replaced by one with estimated error 0.0555508
error = 0.0555508
area = 399
delay = 16
#gates = 178
output circuit appNtk/rca32_65_0.0555508_399_16.blif
Abc_NtkLogicToNetlist() warning: The network is converted to have simple COs.
time = 1077270579 us
--------------- round 66 ---------------
seed = 1522830447
maxLevel = 2147483647
n249 is replaced by n247 with estimated error 0.0553894
error = 0.0553894
area = 397
delay = 16
#gates = 177
output circuit appNtk/rca32_66_0.0553894_397_16.blif
Abc_NtkLogicToNetlist() warning: The network is converted to have simple COs.
time = 1088912842 us
--------------- round 67 ---------------
seed = 3005051607
maxLevel = 2147483647
n248 is replaced by n255 with estimated error 0.0555508
error = 0.0555508
area = 395
delay = 16
#gates = 176
output circuit appNtk/rca32_67_0.0555508_395_16.blif
Abc_NtkLogicToNetlist() warning: The network is converted to have simple COs.
time = 1100458657 us
--------------- round 68 ---------------
seed = 631949721
maxLevel = 2147483647
n225 is replaced by n244 with estimated error 0.0643189
error = 0.0643189
area = 393
delay = 16
#gates = 175
output circuit appNtk/rca32_68_0.0643189_393_16.blif
Abc_NtkLogicToNetlist() warning: The network is converted to have simple COs.
time = 1111921312 us
--------------- round 69 ---------------
seed = 1082429156
maxLevel = 2147483647
n246 is replaced by zero with estimated error 0.0736059
error = 0.0736059
area = 390
delay = 16
#gates = 174
output circuit appNtk/rca32_69_0.0736059_390_16.blif
Abc_NtkLogicToNetlist() warning: The network is converted to have simple COs.
time = 1123278152 us
--------------- round 70 ---------------
seed = 3579999579
maxLevel = 2147483647
n401 is replaced by one with estimated error 0.0737681
error = 0.0737681
area = 389
delay = 16
#gates = 173
output circuit appNtk/rca32_70_0.0737681_389_16.blif
Abc_NtkLogicToNetlist() warning: The network is converted to have simple COs.
time = 1134594751 us
--------------- round 71 ---------------
seed = 237617485
maxLevel = 2147483647
n231 is replaced by n224 with estimated error 0.0736837
error = 0.0736837
area = 388
delay = 16
#gates = 172
output circuit appNtk/rca32_71_0.0736837_388_16.blif
Abc_NtkLogicToNetlist() warning: The network is converted to have simple COs.
time = 1145816481 us
--------------- round 72 ---------------
seed = 2472617804
maxLevel = 2147483647
n221 is replaced by one with estimated error 0.0906491
error = 0.0906491
area = 384
delay = 16
#gates = 170
output circuit appNtk/rca32_72_0.0906491_384_16.blif
Abc_NtkLogicToNetlist() warning: The network is converted to have simple COs.
time = 1156970859 us
--------------- round 73 ---------------
seed = 671152314
maxLevel = 2147483647
s[14] is replaced by n230 with estimated error 0.0903583
error = 0.0903583
area = 380
delay = 16
#gates = 169
output circuit appNtk/rca32_73_0.0903583_380_16.blif
Abc_NtkLogicToNetlist() warning: The network is converted to have simple COs.
time = 1167941669 us
--------------- round 74 ---------------
seed = 215598515
maxLevel = 2147483647
n230 is replaced by n244 with estimated error 0.110801
error = 0.110801
area = 377
delay = 16
#gates = 168
output circuit appNtk/rca32_74_0.110801_377_16.blif
Abc_NtkLogicToNetlist() warning: The network is converted to have simple COs.
time = 1178812943 us
--------------- round 75 ---------------
seed = 3853117818
maxLevel = 2147483647
n224 is replaced by x[14] with estimated error 0.123588
error = 0.123588
area = 374
delay = 16
#gates = 166
output circuit appNtk/rca32_75_0.123588_374_16.blif
Abc_NtkLogicToNetlist() warning: The network is converted to have simple COs.
time = 1189611534 us
--------------- round 76 ---------------
seed = 2609658180
maxLevel = 2147483647
n233 is replaced by x[14] with estimated error 0.113864
error = 0.113864
area = 372
delay = 16
#gates = 165
output circuit appNtk/rca32_76_0.113864_372_16.blif
Abc_NtkLogicToNetlist() warning: The network is converted to have simple COs.
time = 1200193656 us
--------------- round 77 ---------------
seed = 2397986458
maxLevel = 2147483647
s[15] is replaced by n223 with inverter with estimated error 0.180769
error = 0.180769
area = 366
delay = 16
#gates = 164
output circuit appNtk/rca32_77_0.180769_366_16.blif
Abc_NtkLogicToNetlist() warning: The network is converted to have simple COs.
time = 1210685201 us
--------------- round 78 ---------------
seed = 3980118108
maxLevel = 2147483647
n244 is replaced by n235 with estimated error 0.221184
error = 0.221184
area = 361
delay = 16
#gates = 161
output circuit appNtk/rca32_78_0.221184_361_16.blif
Abc_NtkLogicToNetlist() warning: The network is converted to have simple COs.
time = 1221091499 us
--------------- round 79 ---------------
seed = 1205226926
maxLevel = 2147483647
n237 is replaced by one with estimated error 0.219871
error = 0.219871
area = 359
delay = 16
#gates = 160
output circuit appNtk/rca32_79_0.219871_359_16.blif
Abc_NtkLogicToNetlist() warning: The network is converted to have simple COs.
time = 1231254567 us
--------------- round 80 ---------------
seed = 3729761233
maxLevel = 2147483647
s[16] is replaced by n255 with estimated error 0.380537
error = 0.380537
area = 352
delay = 16
#gates = 158
output circuit appNtk/rca32_80_0.380537_352_16.blif
Abc_NtkLogicToNetlist() warning: The network is converted to have simple COs.
time = 1241413125 us
--------------- round 81 ---------------
seed = 1441183539
maxLevel = 2147483647
n247 is replaced by y[15] with estimated error 0.379909
error = 0.379909
area = 349
delay = 16
#gates = 157
output circuit appNtk/rca32_81_0.379909_349_16.blif
Abc_NtkLogicToNetlist() warning: The network is converted to have simple COs.
time = 1251426506 us
--------------- round 82 ---------------
seed = 1120660540
maxLevel = 2147483647
n251 is replaced by n252 with estimated error 0.394463
error = 0.394463
area = 346
delay = 16
#gates = 155
output circuit appNtk/rca32_82_0.394463_346_16.blif
Abc_NtkLogicToNetlist() warning: The network is converted to have simple COs.
time = 1261320454 us
--------------- round 83 ---------------
seed = 1695421611
maxLevel = 2147483647
n235 is replaced by zero with estimated error 0.375554
error = 0.375554
area = 345
delay = 16
#gates = 154
output circuit appNtk/rca32_83_0.375554_345_16.blif
Abc_NtkLogicToNetlist() warning: The network is converted to have simple COs.
time = 1271010371 us
--------------- round 84 ---------------
seed = 4010080038
maxLevel = 2147483647
n223 is replaced by one with estimated error 0.366312
error = 0.366312
area = 344
delay = 16
#gates = 153
output circuit appNtk/rca32_84_0.366312_344_16.blif
Abc_NtkLogicToNetlist() warning: The network is converted to have simple COs.
time = 1280596409 us
--------------- round 85 ---------------
seed = 2886746148
maxLevel = 2147483647
s[18] is replaced by n273 with inverter with estimated error 1.01292
error = 1.01292
area = 336
delay = 16
#gates = 150
output circuit appNtk/rca32_85_1.01292_336_16.blif
Abc_NtkLogicToNetlist() warning: The network is converted to have simple COs.
time = 1290286407 us
--------------- round 86 ---------------
seed = 3741401476
maxLevel = 2147483647
n252 is replaced by x[16] with inverter with estimated error 1.08289
error = 1.08289
area = 335
delay = 16
#gates = 150
output circuit appNtk/rca32_86_1.08289_335_16.blif
Abc_NtkLogicToNetlist() warning: The network is converted to have simple COs.
time = 1299587764 us
--------------- round 87 ---------------
seed = 2981785345
maxLevel = 2147483647
n402 is replaced by zero with estimated error 1.07997
error = 1.07997
area = 334
delay = 16
#gates = 149
output circuit appNtk/rca32_87_1.07997_334_16.blif
Abc_NtkLogicToNetlist() warning: The network is converted to have simple COs.
time = 1308935135 us
--------------- round 88 ---------------
seed = 4255082046
maxLevel = 2147483647
n356 is replaced by zero with estimated error 1.26805
error = 1.26805
area = 329
delay = 16
#gates = 147
output circuit appNtk/rca32_88_1.26805_329_16.blif
Abc_NtkLogicToNetlist() warning: The network is converted to have simple COs.
time = 1318219537 us
--------------- round 89 ---------------
seed = 4102524958
maxLevel = 2147483647
s[17] is replaced by n264 with estimated error 1.41745
error = 1.41745
area = 322
delay = 16
#gates = 145
output circuit appNtk/rca32_89_1.41745_322_16.blif
Abc_NtkLogicToNetlist() warning: The network is converted to have simple COs.
time = 1327320976 us
--------------- round 90 ---------------
seed = 2456813093
maxLevel = 2147483647
n258 is replaced by y[17] with inverter with estimated error 1.18591
error = 1.18591
area = 321
delay = 16
#gates = 145
output circuit appNtk/rca32_90_1.18591_321_16.blif
Abc_NtkLogicToNetlist() warning: The network is converted to have simple COs.
time = 1336277909 us
--------------- round 91 ---------------
seed = 1286915128
maxLevel = 2147483647
n269 is replaced by n259 with estimated error 1.23839
error = 1.23839
area = 318
delay = 16
#gates = 143
output circuit appNtk/rca32_91_1.23839_318_16.blif
Abc_NtkLogicToNetlist() warning: The network is converted to have simple COs.
time = 1345216176 us
--------------- round 92 ---------------
seed = 3972695698
maxLevel = 2147483647
n255 is replaced by n286 with estimated error 1.2214
error = 1.2214
area = 316
delay = 16
#gates = 142
output circuit appNtk/rca32_92_1.2214_316_16.blif
Abc_NtkLogicToNetlist() warning: The network is converted to have simple COs.
time = 1354065381 us
--------------- round 93 ---------------
seed = 403754979
maxLevel = 2147483647
n286 is replaced by one with estimated error 1.18495
error = 1.18495
area = 314
delay = 16
#gates = 141
output circuit appNtk/rca32_93_1.18495_314_16.blif
Abc_NtkLogicToNetlist() warning: The network is converted to have simple COs.
time = 1362784822 us
--------------- round 94 ---------------
seed = 972385827
maxLevel = 2147483647
n282 is replaced by one with estimated error 1.17841
error = 1.17841
area = 311
delay = 16
#gates = 140
output circuit appNtk/rca32_94_1.17841_311_16.blif
Abc_NtkLogicToNetlist() warning: The network is converted to have simple COs.
time = 1371451648 us
--------------- round 95 ---------------
seed = 747148992
maxLevel = 2147483647
n256 is replaced by zero with estimated error 1.18227
error = 1.18227
area = 308
delay = 16
#gates = 138
output circuit appNtk/rca32_95_1.18227_308_16.blif
Abc_NtkLogicToNetlist() warning: The network is converted to have simple COs.
time = 1380036211 us
--------------- round 96 ---------------
seed = 3119797873
maxLevel = 2147483647
n270 is replaced by n405 with estimated error 1.18277
error = 1.18277
area = 305
delay = 16
#gates = 137
output circuit appNtk/rca32_96_1.18277_305_16.blif
Abc_NtkLogicToNetlist() warning: The network is converted to have simple COs.
time = 1388497752 us
--------------- round 97 ---------------
seed = 2071939393
maxLevel = 2147483647
n283 is replaced by zero with estimated error 1.18595
error = 1.18595
area = 304
delay = 16
#gates = 136
output circuit appNtk/rca32_97_1.18595_304_16.blif
Abc_NtkLogicToNetlist() warning: The network is converted to have simple COs.
time = 1396858363 us
--------------- round 98 ---------------
seed = 3342955806
maxLevel = 2147483647
n264 is replaced by y[18] with estimated error 1.4801
error = 1.4801
area = 300
delay = 16
#gates = 133
output circuit appNtk/rca32_98_1.4801_300_16.blif
Abc_NtkLogicToNetlist() warning: The network is converted to have simple COs.
time = 1405240034 us
--------------- round 99 ---------------
seed = 1441556498
maxLevel = 2147483647
n266 is replaced by x[18] with inverter with estimated error 1.47331
error = 1.47331
area = 299
delay = 16
#gates = 133
output circuit appNtk/rca32_99_1.47331_299_16.blif
Abc_NtkLogicToNetlist() warning: The network is converted to have simple COs.
time = 1413335672 us
--------------- round 100 ---------------
seed = 2460682309
maxLevel = 2147483647
n405 is replaced by zero with estimated error 1.4859
error = 1.4859
area = 298
delay = 16
#gates = 132
output circuit appNtk/rca32_100_1.4859_298_16.blif
Abc_NtkLogicToNetlist() warning: The network is converted to have simple COs.
time = 1421446860 us
--------------- round 101 ---------------
seed = 471980813
maxLevel = 2147483647
n259 is replaced by one with estimated error 1.49544
error = 1.49544
area = 297
delay = 16
#gates = 131
output circuit appNtk/rca32_101_1.49544_297_16.blif
Abc_NtkLogicToNetlist() warning: The network is converted to have simple COs.
time = 1429469355 us
--------------- round 102 ---------------
seed = 1254342182
maxLevel = 2147483647
s[19] is replaced by n274 with estimated error 3.03366
error = 3.03366
area = 290
delay = 16
#gates = 129
output circuit appNtk/rca32_102_3.03366_290_16.blif
Abc_NtkLogicToNetlist() warning: The network is converted to have simple COs.
time = 1437503376 us
--------------- round 103 ---------------
seed = 2085671230
maxLevel = 2147483647
n406 is replaced by zero with estimated error 2.73681
error = 2.73681
area = 289
delay = 16
#gates = 128
output circuit appNtk/rca32_103_2.73681_289_16.blif
Abc_NtkLogicToNetlist() warning: The network is converted to have simple COs.
time = 1445321073 us
--------------- round 104 ---------------
seed = 4039223842
maxLevel = 2147483647
n285 is replaced by one with estimated error 2.73934
error = 2.73934
area = 282
delay = 16
#gates = 125
output circuit appNtk/rca32_104_2.73934_282_16.blif
Abc_NtkLogicToNetlist() warning: The network is converted to have simple COs.
time = 1453032524 us
--------------- round 105 ---------------
seed = 2257190397
maxLevel = 2147483647
n289 is replaced by n287 with estimated error 2.73742
error = 2.73742
area = 277
delay = 16
#gates = 123
output circuit appNtk/rca32_105_2.73742_277_16.blif
Abc_NtkLogicToNetlist() warning: The network is converted to have simple COs.
time = 1460540053 us
--------------- round 106 ---------------
seed = 3754627640
maxLevel = 2147483647
n273 is replaced by one with estimated error 2.75288
error = 2.75288
area = 273
delay = 16
#gates = 121
output circuit appNtk/rca32_106_2.75288_273_16.blif
Abc_NtkLogicToNetlist() warning: The network is converted to have simple COs.
time = 1467896115 us
--------------- round 107 ---------------
seed = 200088626
maxLevel = 2147483647
n320 is replaced by zero with estimated error 2.75743
error = 2.75743
area = 271
delay = 16
#gates = 120
output circuit appNtk/rca32_107_2.75743_271_16.blif
Abc_NtkLogicToNetlist() warning: The network is converted to have simple COs.
time = 1475106091 us
--------------- round 108 ---------------
seed = 2152732280
maxLevel = 2147483647
n403 is replaced by zero with estimated error 2.75044
error = 2.75044
area = 270
delay = 16
#gates = 119
output circuit appNtk/rca32_108_2.75044_270_16.blif
Abc_NtkLogicToNetlist() warning: The network is converted to have simple COs.
time = 1482257394 us
--------------- round 109 ---------------
seed = 1665734163
maxLevel = 2147483647
s[20] is replaced by n291 with estimated error 6.34715
error = 6.34715
area = 263
delay = 16
#gates = 117
output circuit appNtk/rca32_109_6.34715_263_16.blif
Abc_NtkLogicToNetlist() warning: The network is converted to have simple COs.
time = 1489313663 us
--------------- round 110 ---------------
seed = 3595909281
maxLevel = 2147483647
n274 is replaced by zero with estimated error 5.75467
error = 5.75467
area = 261
delay = 16
#gates = 116
output circuit appNtk/rca32_110_5.75467_261_16.blif
Abc_NtkLogicToNetlist() warning: The network is converted to have simple COs.
time = 1496205566 us
--------------- round 111 ---------------
seed = 3113312711
maxLevel = 2147483647
n292 is replaced by n278 with estimated error 5.75846
error = 5.75846
area = 258
delay = 16
#gates = 115
output circuit appNtk/rca32_111_5.75846_258_16.blif
Abc_NtkLogicToNetlist() warning: The network is converted to have simple COs.
time = 1503084253 us
--------------- round 112 ---------------
seed = 1760929648
maxLevel = 2147483647
n324 is replaced by n298 with estimated error 5.73287
error = 5.73287
area = 254
delay = 15.9
#gates = 113
output circuit appNtk/rca32_112_5.73287_254_15.9.blif
Abc_NtkLogicToNetlist() warning: The network is converted to have simple COs.
time = 1509929167 us
--------------- round 113 ---------------
seed = 146881432
maxLevel = 2147483647
n281 is replaced by one with estimated error 5.76937
error = 5.76937
area = 252
delay = 15.9
#gates = 112
output circuit appNtk/rca32_113_5.76937_252_15.9.blif
Abc_NtkLogicToNetlist() warning: The network is converted to have simple COs.
time = 1516586339 us
--------------- round 114 ---------------
seed = 2531640157
maxLevel = 2147483647
n322 is replaced by n319 with estimated error 5.77213
error = 5.77213
area = 251
delay = 15.9
#gates = 111
output circuit appNtk/rca32_114_5.77213_251_15.9.blif
Abc_NtkLogicToNetlist() warning: The network is converted to have simple COs.
time = 1523183948 us
--------------- round 115 ---------------
seed = 4169865485
maxLevel = 2147483647
s[21] is replaced by n305 with estimated error 10.9817
error = 10.9817
area = 243
delay = 15.9
#gates = 108
output circuit appNtk/rca32_115_10.9817_243_15.9.blif
Abc_NtkLogicToNetlist() warning: The network is converted to have simple COs.
time = 1529750658 us
--------------- round 116 ---------------
seed = 3060419577
maxLevel = 2147483647
n291 is replaced by n295 with estimated error 9.53922
error = 9.53922
area = 242
delay = 15.9
#gates = 107
output circuit appNtk/rca32_116_9.53922_242_15.9.blif
Abc_NtkLogicToNetlist() warning: The network is converted to have simple COs.
time = 1536096084 us
--------------- round 117 ---------------
seed = 1519906688
maxLevel = 2147483647
n287 is replaced by zero with estimated error 9.53065
error = 9.53065
area = 239
delay = 15.9
#gates = 106
output circuit appNtk/rca32_117_9.53065_239_15.9.blif
Abc_NtkLogicToNetlist() warning: The network is converted to have simple COs.
time = 1542351659 us
--------------- round 118 ---------------
seed = 4139418254
maxLevel = 2147483647
n298 is replaced by zero with estimated error 10.7294
error = 10.7294
area = 236
delay = 15.9
#gates = 104
output circuit appNtk/rca32_118_10.7294_236_15.9.blif
Abc_NtkLogicToNetlist() warning: The network is converted to have simple COs.
time = 1548547365 us
--------------- round 119 ---------------
seed = 14224206
maxLevel = 2147483647
n323 is replaced by n309 with estimated error 10.7104
error = 10.7104
area = 235
delay = 15.9
#gates = 103
output circuit appNtk/rca32_119_10.7104_235_15.9.blif
Abc_NtkLogicToNetlist() warning: The network is converted to have simple COs.
time = 1554611473 us
--------------- round 120 ---------------
seed = 4137614349
maxLevel = 2147483647
n278 is replaced by n294 with inverter with estimated error 11.6752
error = 11.6752
area = 233
delay = 15.9
#gates = 103
output circuit appNtk/rca32_120_11.6752_233_15.9.blif
Abc_NtkLogicToNetlist() warning: The network is converted to have simple COs.
time = 1560628947 us
--------------- round 121 ---------------
seed = 4287327271
maxLevel = 2147483647
n305 is replaced by n294 with estimated error 11.7191
error = 11.7191
area = 230
delay = 15.9
#gates = 102
output circuit appNtk/rca32_121_11.7191_230_15.9.blif
Abc_NtkLogicToNetlist() warning: The network is converted to have simple COs.
time = 1566698101 us
--------------- round 122 ---------------
seed = 1055939865
maxLevel = 2147483647
n295 is replaced by one with estimated error 13.2167
error = 13.2167
area = 227
delay = 15.9
#gates = 100
output circuit appNtk/rca32_122_13.2167_227_15.9.blif
Abc_NtkLogicToNetlist() warning: The network is converted to have simple COs.
time = 1572703388 us
--------------- round 123 ---------------
seed = 423672099
maxLevel = 2147483647
n321 is replaced by n328 with estimated error 13.2677
error = 13.2677
area = 224
delay = 15.9
#gates = 99
output circuit appNtk/rca32_123_13.2677_224_15.9.blif
Abc_NtkLogicToNetlist() warning: The network is converted to have simple COs.
time = 1578600589 us
--------------- round 124 ---------------
seed = 821195243
maxLevel = 2147483647
s[22] is replaced by n308 with inverter with estimated error 22.1159
error = 22.1159
area = 216
delay = 15.9
#gates = 96
output circuit appNtk/rca32_124_22.1159_216_15.9.blif
Abc_NtkLogicToNetlist() warning: The network is converted to have simple COs.
time = 1584425870 us
--------------- round 125 ---------------
seed = 1054279828
maxLevel = 2147483647
n294 is replaced by one with estimated error 23.3554
error = 23.3554
area = 215
delay = 15.9
#gates = 95
output circuit appNtk/rca32_125_23.3554_215_15.9.blif
Abc_NtkLogicToNetlist() warning: The network is converted to have simple COs.
time = 1590046235 us
--------------- round 126 ---------------
seed = 2436270700
maxLevel = 2147483647
n319 is replaced by one with estimated error 23.4532
error = 23.4532
area = 209
delay = 15.9
#gates = 92
output circuit appNtk/rca32_126_23.4532_209_15.9.blif
Abc_NtkLogicToNetlist() warning: The network is converted to have simple COs.
time = 1595616526 us
--------------- round 127 ---------------
seed = 3433276961
maxLevel = 2147483647
n325 is replaced by n301 with estimated error 23.4088
error = 23.4088
area = 205
delay = 15.9
#gates = 91
output circuit appNtk/rca32_127_23.4088_205_15.9.blif
Abc_NtkLogicToNetlist() warning: The network is converted to have simple COs.
time = 1601009362 us
--------------- round 128 ---------------
seed = 2224792913
maxLevel = 2147483647
n328 is replaced by n326 with estimated error 23.3294
error = 23.3294
area = 202
delay = 15.9
#gates = 89
output circuit appNtk/rca32_128_23.3294_202_15.9.blif
Abc_NtkLogicToNetlist() warning: The network is converted to have simple COs.
time = 1606341884 us
--------------- round 129 ---------------
seed = 1197275934
maxLevel = 2147483647
n308 is replaced by n326 with estimated error 31.5665
error = 31.5665
area = 197
delay = 15.9
#gates = 87
output circuit appNtk/rca32_129_31.5665_197_15.9.blif
Abc_NtkLogicToNetlist() warning: The network is converted to have simple COs.
time = 1611547126 us
--------------- round 130 ---------------
seed = 2009661634
maxLevel = 2147483647
n326 is replaced by n311 with estimated error 36.4657
error = 36.4657
area = 192
delay = 15.9
#gates = 85
output circuit appNtk/rca32_130_36.4657_192_15.9.blif
Abc_NtkLogicToNetlist() warning: The network is converted to have simple COs.
time = 1616635940 us
--------------- round 131 ---------------
seed = 3457389994
maxLevel = 2147483647
n329 is replaced by n310 with estimated error 36.7386
error = 36.7386
area = 189
delay = 15.9
#gates = 84
output circuit appNtk/rca32_131_36.7386_189_15.9.blif
Abc_NtkLogicToNetlist() warning: The network is converted to have simple COs.
time = 1621698975 us
--------------- round 132 ---------------
seed = 4098034936
maxLevel = 2147483647
n408 is replaced by n310 with estimated error 36.6853
error = 36.6853
area = 188
delay = 15.9
#gates = 83
output circuit appNtk/rca32_132_36.6853_188_15.9.blif
Abc_NtkLogicToNetlist() warning: The network is converted to have simple COs.
time = 1626696318 us
--------------- round 133 ---------------
seed = 1351818216
maxLevel = 2147483647
n312 is replaced by one with estimated error 53.9836
error = 53.9836
area = 184
delay = 15.9
#gates = 81
output circuit appNtk/rca32_133_53.9836_184_15.9.blif
Abc_NtkLogicToNetlist() warning: The network is converted to have simple COs.
time = 1631634503 us
--------------- round 134 ---------------
seed = 3248763360
maxLevel = 2147483647
n310 is replaced by y[23] with inverter with estimated error 56.9791
error = 56.9791
area = 183
delay = 15.9
#gates = 81
output circuit appNtk/rca32_134_56.9791_183_15.9.blif
Abc_NtkLogicToNetlist() warning: The network is converted to have simple COs.
time = 1636455996 us
--------------- round 135 ---------------
seed = 2438788330
maxLevel = 2147483647
s[24] is replaced by n331 with inverter with estimated error 97.6763
error = 97.6763
area = 176
delay = 15.9
#gates = 79
output circuit appNtk/rca32_135_97.6763_176_15.9.blif
Abc_NtkLogicToNetlist() warning: The network is converted to have simple COs.
time = 1641291890 us
--------------- round 136 ---------------
seed = 1734607969
maxLevel = 2147483647
n409 is replaced by one with estimated error 95.8394
error = 95.8394
area = 175
delay = 15.9
#gates = 78
output circuit appNtk/rca32_136_95.8394_175_15.9.blif
Abc_NtkLogicToNetlist() warning: The network is converted to have simple COs.
time = 1645996047 us
--------------- round 137 ---------------
seed = 2295186610
maxLevel = 2147483647
n362 is replaced by n360 with estimated error 95.3538
error = 95.3538
area = 165
delay = 14
#gates = 74
output circuit appNtk/rca32_137_95.3538_165_14.blif
Abc_NtkLogicToNetlist() warning: The network is converted to have simple COs.
time = 1650645760 us
--------------- round 138 ---------------
seed = 1809841407
maxLevel = 2147483647
n345 is replaced by n358 with inverter with estimated error 95.2268
error = 95.2268
area = 162
delay = 14
#gates = 73
output circuit appNtk/rca32_138_95.2268_162_14.blif
Abc_NtkLogicToNetlist() warning: The network is converted to have simple COs.
time = 1655073464 us
--------------- round 139 ---------------
seed = 2939238039
maxLevel = 2147483647
n314 is replaced by zero with estimated error 95.5606
error = 95.5606
area = 160
delay = 14
#gates = 72
output circuit appNtk/rca32_139_95.5606_160_14.blif
Abc_NtkLogicToNetlist() warning: The network is converted to have simple COs.
time = 1659439280 us
--------------- round 140 ---------------
seed = 1390932430
maxLevel = 2147483647
n410 is replaced by n316 with estimated error 95.7954
error = 95.7954
area = 159
delay = 14
#gates = 71
output circuit appNtk/rca32_140_95.7954_159_14.blif
Abc_NtkLogicToNetlist() warning: The network is converted to have simple COs.
time = 1663744995 us
--------------- round 141 ---------------
seed = 4018773693
maxLevel = 2147483647
s[25] is replaced by n411 with estimated error 180.072
error = 180.072
area = 148
delay = 14
#gates = 67
output circuit appNtk/rca32_141_180.072_148_14.blif
Abc_NtkLogicToNetlist() warning: The network is converted to have simple COs.
time = 1667997346 us
--------------- round 142 ---------------
seed = 3458779894
maxLevel = 2147483647
n311 is replaced by one with estimated error 178.352
error = 178.352
area = 147
delay = 14
#gates = 66
output circuit appNtk/rca32_142_178.352_147_14.blif
Abc_NtkLogicToNetlist() warning: The network is converted to have simple COs.
time = 1672033027 us
--------------- round 143 ---------------
seed = 245656969
maxLevel = 2147483647
n316 is replaced by y[24] with inverter with estimated error 176.817
error = 176.817
area = 146
delay = 14
#gates = 66
output circuit appNtk/rca32_143_176.817_146_14.blif
Abc_NtkLogicToNetlist() warning: The network is converted to have simple COs.
time = 1676027593 us
--------------- round 144 ---------------
seed = 3303914000
maxLevel = 2147483647
n412 is replaced by zero with estimated error 187.217
error = 187.217
area = 145
delay = 14
#gates = 65
output circuit appNtk/rca32_144_187.217_145_14.blif
Abc_NtkLogicToNetlist() warning: The network is converted to have simple COs.
time = 1680048877 us
--------------- round 145 ---------------
seed = 2758977923
maxLevel = 2147483647
n333 is replaced by zero with estimated error 187.721
error = 187.721
area = 143
delay = 14
#gates = 64
output circuit appNtk/rca32_145_187.721_143_14.blif
Abc_NtkLogicToNetlist() warning: The network is converted to have simple COs.
time = 1684020805 us
--------------- round 146 ---------------
seed = 2885035856
maxLevel = 2147483647
n411 is replaced by n332 with estimated error 187.502
error = 187.502
area = 142
delay = 14
#gates = 63
output circuit appNtk/rca32_146_187.502_142_14.blif
Abc_NtkLogicToNetlist() warning: The network is converted to have simple COs.
time = 1687943135 us
--------------- round 147 ---------------
seed = 1620551307
maxLevel = 2147483647
n358 is replaced by n346 with estimated error 187.525
error = 187.525
area = 139
delay = 13.8
#gates = 62
output circuit appNtk/rca32_147_187.525_139_13.8.blif
Abc_NtkLogicToNetlist() warning: The network is converted to have simple COs.
time = 1691820673 us
--------------- round 148 ---------------
seed = 1317982270
maxLevel = 2147483647
n343 is replaced by n339 with estimated error 232.69
error = 232.69
area = 137
delay = 13.8
#gates = 61
output circuit appNtk/rca32_148_232.69_137_13.8.blif
Abc_NtkLogicToNetlist() warning: The network is converted to have simple COs.
time = 1695638283 us
--------------- round 149 ---------------
seed = 1570106139
maxLevel = 2147483647
n342 is replaced by one with estimated error 231.969
error = 231.969
area = 136
delay = 13.8
#gates = 60
output circuit appNtk/rca32_149_231.969_136_13.8.blif
Abc_NtkLogicToNetlist() warning: The network is converted to have simple COs.
time = 1699403613 us
--------------- round 150 ---------------
seed = 4027067235
maxLevel = 2147483647
n332 is replaced by zero with estimated error 270.516
error = 270.516
area = 134
delay = 13.8
#gates = 59
output circuit appNtk/rca32_150_270.516_134_13.8.blif
Abc_NtkLogicToNetlist() warning: The network is converted to have simple COs.
time = 1703135629 us
--------------- round 151 ---------------
seed = 2768447869
maxLevel = 2147483647
n352 is replaced by n346 with estimated error 270.449
error = 270.449
area = 131
delay = 13.8
#gates = 58
output circuit appNtk/rca32_151_270.449_131_13.8.blif
Abc_NtkLogicToNetlist() warning: The network is converted to have simple COs.
time = 1706826471 us
--------------- round 152 ---------------
seed = 2053071839
maxLevel = 2147483647
n359 is replaced by n341 with estimated error 270.047
error = 270.047
area = 128
delay = 10.8
#gates = 57
output circuit appNtk/rca32_152_270.047_128_10.8.blif
Abc_NtkLogicToNetlist() warning: The network is converted to have simple COs.
time = 1710470632 us
--------------- round 153 ---------------
seed = 2109750907
maxLevel = 2147483647
s[26] is replaced by n341 with estimated error 376.75
error = 376.75
area = 119
delay = 10.8
#gates = 52
output circuit appNtk/rca32_153_376.75_119_10.8.blif
Abc_NtkLogicToNetlist() warning: The network is converted to have simple COs.
time = 1714064492 us
--------------- round 154 ---------------
seed = 1668394720
maxLevel = 2147483647
s[23] is replaced by x[16] with inverter with estimated error 374.772
error = 374.772
area = 115
delay = 10.8
#gates = 52
output circuit appNtk/rca32_154_374.772_115_10.8.blif
Abc_NtkLogicToNetlist() warning: The network is converted to have simple COs.
time = 1717283740 us
--------------- round 155 ---------------
seed = 3037091985
maxLevel = 2147483647
n413 is replaced by n364 with estimated error 376.096
error = 376.096
area = 114
delay = 10.8
#gates = 51
output circuit appNtk/rca32_155_376.096_114_10.8.blif
Abc_NtkLogicToNetlist() warning: The network is converted to have simple COs.
time = 1720511483 us
--------------- round 156 ---------------
seed = 2416116500
maxLevel = 2147483647
n182 is replaced by y[8] with estimated error 375.217
error = 375.217
area = 112
delay = 10.8
#gates = 50
output circuit appNtk/rca32_156_375.217_112_10.8.blif
Abc_NtkLogicToNetlist() warning: The network is converted to have simple COs.
time = 1723457944 us
--------------- round 157 ---------------
seed = 56611031
maxLevel = 2147483647
n183 is replaced by zero with estimated error 374.955
error = 374.955
area = 111
delay = 10.8
#gates = 49
output circuit appNtk/rca32_157_374.955_111_10.8.blif
Abc_NtkLogicToNetlist() warning: The network is converted to have simple COs.
time = 1726356392 us
--------------- round 158 ---------------
seed = 2409226789
maxLevel = 2147483647
n400 is replaced by one with estimated error 376.125
error = 376.125
area = 110
delay = 10.8
#gates = 48
output circuit appNtk/rca32_158_376.125_110_10.8.blif
Abc_NtkLogicToNetlist() warning: The network is converted to have simple COs.
time = 1729101082 us
--------------- round 159 ---------------
seed = 4252972245
maxLevel = 2147483647
s[11] is replaced by x[3] with estimated error 375.902
error = 375.902
area = 105
delay = 10.8
#gates = 47
output circuit appNtk/rca32_159_375.902_105_10.8.blif
Abc_NtkLogicToNetlist() warning: The network is converted to have simple COs.
time = 1731686628 us
--------------- round 160 ---------------
seed = 3233246808
maxLevel = 2147483647
n185 is replaced by y[19] with estimated error 376.745
error = 376.745
area = 103
delay = 10.8
#gates = 46
output circuit appNtk/rca32_160_376.745_103_10.8.blif
Abc_NtkLogicToNetlist() warning: The network is converted to have simple COs.
time = 1734109885 us
--------------- round 161 ---------------
seed = 444037600
maxLevel = 2147483647
n186 is replaced by n365 with estimated error 375.403
error = 375.403
area = 101
delay = 10.8
#gates = 45
output circuit appNtk/rca32_161_375.403_101_10.8.blif
Abc_NtkLogicToNetlist() warning: The network is converted to have simple COs.
time = 1736344197 us
--------------- round 162 ---------------
seed = 93026510
maxLevel = 2147483647
s[10] is replaced by x[10] with inverter with estimated error 374.243
error = 374.243
area = 98
delay = 10.8
#gates = 45
output circuit appNtk/rca32_162_374.243_98_10.8.blif
Abc_NtkLogicToNetlist() warning: The network is converted to have simple COs.
time = 1738428719 us
--------------- round 163 ---------------
seed = 2003927483
maxLevel = 2147483647
n414 is replaced by n365 with estimated error 375.744
error = 375.744
area = 97
delay = 10.8
#gates = 44
output circuit appNtk/rca32_163_375.744_97_10.8.blif
Abc_NtkLogicToNetlist() warning: The network is converted to have simple COs.
time = 1740511363 us
--------------- round 164 ---------------
seed = 410460581
maxLevel = 2147483647
n188 is replaced by n372 with estimated error 375.404
error = 375.404
area = 94
delay = 10.8
#gates = 43
output circuit appNtk/rca32_164_375.404_94_10.8.blif
Abc_NtkLogicToNetlist() warning: The network is converted to have simple COs.
time = 1742447867 us
--------------- round 165 ---------------
seed = 1450864781
maxLevel = 2147483647
exceed error bound
