abc command read data/library/mcnc.genlib
Entered genlib library with 23 gates from file "data/library/mcnc.genlib".
abc command read_blif data/su/rca32.blif
abc command print_stats
[1;37mrca32                         :[0m i/o =   64/   33  lat =    0  nd =   298  edge =    585  area =666.00  delay =16.10  lev = 12
--------------- round 1 ---------------
seed = 2177747832
maxLevel = 2147483647
s[0] is replaced by n99 with estimated error 2.90526e-06
error = 2.90526e-06
area = 661
delay = 16.1
#gates = 299
output circuit appNtk/rca32_1_2.90526e-06_661_16.1.blif
time = 11031216 us
--------------- round 2 ---------------
seed = 1458387429
maxLevel = 2147483647
s[1] is replaced by n113 with estimated error 8.72032e-06
error = 8.72032e-06
area = 654
delay = 16.1
#gates = 297
output circuit appNtk/rca32_2_8.72032e-06_654_16.1.blif
time = 21912232 us
--------------- round 3 ---------------
seed = 1820377676
maxLevel = 2147483647
n102 is replaced by one with estimated error 1.01264e-05
error = 1.01264e-05
area = 650
delay = 16.1
#gates = 294
output circuit appNtk/rca32_3_1.01264e-05_650_16.1.blif
time = 32707523 us
--------------- round 4 ---------------
seed = 2831280727
maxLevel = 2147483647
n99 is replaced by one with estimated error 1.02146e-05
error = 1.02146e-05
area = 648
delay = 16.1
#gates = 293
output circuit appNtk/rca32_4_1.02146e-05_648_16.1.blif
time = 43099051 us
--------------- round 5 ---------------
seed = 2858938782
maxLevel = 2147483647
n113 is replaced by n103 with estimated error 1.01577e-05
error = 1.01577e-05
area = 646
delay = 16.1
#gates = 292
output circuit appNtk/rca32_5_1.01577e-05_646_16.1.blif
time = 67787475 us
--------------- round 6 ---------------
seed = 1226389802
maxLevel = 2147483647
n111 is replaced by n114 with estimated error 1.27866e-05
error = 1.27866e-05
area = 644
delay = 16.1
#gates = 291
output circuit appNtk/rca32_6_1.27866e-05_644_16.1.blif
time = 91240443 us
--------------- round 7 ---------------
seed = 658442075
maxLevel = 2147483647
n103 is replaced by one with estimated error 1.45945e-05
error = 1.45945e-05
area = 642
delay = 16.1
#gates = 290
output circuit appNtk/rca32_7_1.45945e-05_642_16.1.blif
Abc_NtkLogicToNetlist() warning: The network is converted to have simple COs.
time = 116343402 us
--------------- round 8 ---------------
seed = 506200884
maxLevel = 2147483647
n130 is replaced by one with estimated error 1.45611e-05
error = 1.45611e-05
area = 636
delay = 16.1
#gates = 288
output circuit appNtk/rca32_8_1.45611e-05_636_16.1.blif
Abc_NtkLogicToNetlist() warning: The network is converted to have simple COs.
time = 145123868 us
--------------- round 9 ---------------
seed = 3727973440
maxLevel = 2147483647
n115 is replaced by n110 with estimated error 1.4545e-05
error = 1.4545e-05
area = 634
delay = 16.1
#gates = 287
output circuit appNtk/rca32_9_1.4545e-05_634_16.1.blif
Abc_NtkLogicToNetlist() warning: The network is converted to have simple COs.
time = 169510758 us
--------------- round 10 ---------------
seed = 508293585
maxLevel = 2147483647
n123 is replaced by n114 with estimated error 1.45414e-05
error = 1.45414e-05
area = 632
delay = 16.1
#gates = 286
output circuit appNtk/rca32_10_1.45414e-05_632_16.1.blif
Abc_NtkLogicToNetlist() warning: The network is converted to have simple COs.
time = 195013597 us
--------------- round 11 ---------------
seed = 2436025758
maxLevel = 2147483647
s[2] is replaced by y[1] with estimated error 2.46858e-05
error = 2.46858e-05
area = 623
delay = 16.1
#gates = 281
output circuit appNtk/rca32_11_2.46858e-05_623_16.1.blif
Abc_NtkLogicToNetlist() warning: The network is converted to have simple COs.
time = 219872568 us
--------------- round 12 ---------------
seed = 476144536
maxLevel = 2147483647
s[3] is replaced by n131 with estimated error 3.90606e-05
error = 3.90606e-05
area = 614
delay = 16.1
#gates = 277
output circuit appNtk/rca32_12_3.90606e-05_614_16.1.blif
Abc_NtkLogicToNetlist() warning: The network is converted to have simple COs.
time = 241769444 us
--------------- round 13 ---------------
seed = 2648642201
maxLevel = 2147483647
n119 is replaced by x[3] with estimated error 4.18011e-05
error = 4.18011e-05
area = 610
delay = 16.1
#gates = 274
output circuit appNtk/rca32_13_4.18011e-05_610_16.1.blif
Abc_NtkLogicToNetlist() warning: The network is converted to have simple COs.
time = 263076621 us
--------------- round 14 ---------------
seed = 2035791603
maxLevel = 2147483647
n110 is replaced by zero with estimated error 4.45773e-05
error = 4.45773e-05
area = 607
delay = 16.1
#gates = 273
output circuit appNtk/rca32_14_4.45773e-05_607_16.1.blif
Abc_NtkLogicToNetlist() warning: The network is converted to have simple COs.
time = 283894003 us
--------------- round 15 ---------------
seed = 1170694981
maxLevel = 2147483647
n132 is replaced by n120 with estimated error 4.45704e-05
error = 4.45704e-05
area = 605
delay = 16.1
#gates = 272
output circuit appNtk/rca32_15_4.45704e-05_605_16.1.blif
Abc_NtkLogicToNetlist() warning: The network is converted to have simple COs.
time = 304795999 us
--------------- round 16 ---------------
seed = 568657050
maxLevel = 2147483647
n131 is replaced by n135 with estimated error 5.44756e-05
error = 5.44756e-05
area = 602
delay = 16.1
#gates = 271
output circuit appNtk/rca32_16_5.44756e-05_602_16.1.blif
Abc_NtkLogicToNetlist() warning: The network is converted to have simple COs.
time = 325565870 us
--------------- round 17 ---------------
seed = 1386631038
maxLevel = 2147483647
n163 is replaced by n149 with estimated error 5.46288e-05
error = 5.46288e-05
area = 600
delay = 16.1
#gates = 270
output circuit appNtk/rca32_17_5.46288e-05_600_16.1.blif
Abc_NtkLogicToNetlist() warning: The network is converted to have simple COs.
time = 346155560 us
--------------- round 18 ---------------
seed = 3303801783
maxLevel = 2147483647
s[4] is replaced by n127 with estimated error 7.5474e-05
error = 7.5474e-05
area = 593
delay = 16.1
#gates = 268
output circuit appNtk/rca32_18_7.5474e-05_593_16.1.blif
Abc_NtkLogicToNetlist() warning: The network is converted to have simple COs.
time = 366667115 us
--------------- round 19 ---------------
seed = 684481673
maxLevel = 2147483647
n135 is replaced by n128 with estimated error 6.99079e-05
error = 6.99079e-05
area = 586
delay = 16
#gates = 265
output circuit appNtk/rca32_19_6.99079e-05_586_16.blif
Abc_NtkLogicToNetlist() warning: The network is converted to have simple COs.
time = 386889871 us
--------------- round 20 ---------------
seed = 3917104167
maxLevel = 2147483647
n127 is replaced by one with estimated error 9.43919e-05
error = 9.43919e-05
area = 582
delay = 16
#gates = 262
output circuit appNtk/rca32_20_9.43919e-05_582_16.blif
Abc_NtkLogicToNetlist() warning: The network is converted to have simple COs.
time = 406889466 us
--------------- round 21 ---------------
seed = 2159040888
maxLevel = 2147483647
s[5] is replaced by n150 with estimated error 0.000166121
error = 0.000166121
area = 575
delay = 16
#gates = 260
output circuit appNtk/rca32_21_0.000166121_575_16.blif
Abc_NtkLogicToNetlist() warning: The network is converted to have simple COs.
time = 426456663 us
--------------- round 22 ---------------
seed = 1858366111
maxLevel = 2147483647
n138 is replaced by y[5] with estimated error 0.000179678
error = 0.000179678
area = 571
delay = 16
#gates = 257
output circuit appNtk/rca32_22_0.000179678_571_16.blif
Abc_NtkLogicToNetlist() warning: The network is converted to have simple COs.
time = 445729459 us
--------------- round 23 ---------------
seed = 3679516802
maxLevel = 2147483647
n128 is replaced by one with estimated error 0.000181362
error = 0.000181362
area = 569
delay = 16
#gates = 256
output circuit appNtk/rca32_23_0.000181362_569_16.blif
Abc_NtkLogicToNetlist() warning: The network is converted to have simple COs.
time = 464577923 us
--------------- round 24 ---------------
seed = 1879034412
maxLevel = 2147483647
n162 is replaced by zero with estimated error 0.00018217
error = 0.00018217
area = 562
delay = 16
#gates = 254
output circuit appNtk/rca32_24_0.00018217_562_16.blif
Abc_NtkLogicToNetlist() warning: The network is converted to have simple COs.
time = 483427681 us
--------------- round 25 ---------------
seed = 2770492356
maxLevel = 2147483647
n150 is replaced by n139 with estimated error 0.000181081
error = 0.000181081
area = 558
delay = 16
#gates = 252
output circuit appNtk/rca32_25_0.000181081_558_16.blif
Abc_NtkLogicToNetlist() warning: The network is converted to have simple COs.
time = 502060233 us
--------------- round 26 ---------------
seed = 797211156
maxLevel = 2147483647
s[6] is replaced by n154 with estimated error 0.000342356
error = 0.000342356
area = 551
delay = 16
#gates = 249
output circuit appNtk/rca32_26_0.000342356_551_16.blif
Abc_NtkLogicToNetlist() warning: The network is converted to have simple COs.
time = 520464535 us
--------------- round 27 ---------------
seed = 799553880
maxLevel = 2147483647
n139 is replaced by one with estimated error 0.000368325
error = 0.000368325
area = 549
delay = 16
#gates = 248
output circuit appNtk/rca32_27_0.000368325_549_16.blif
Abc_NtkLogicToNetlist() warning: The network is converted to have simple COs.
time = 538527145 us
--------------- round 28 ---------------
seed = 3909112627
maxLevel = 2147483647
n164 is replaced by one with estimated error 0.000366807
error = 0.000366807
area = 544
delay = 16
#gates = 246
output circuit appNtk/rca32_28_0.000366807_544_16.blif
Abc_NtkLogicToNetlist() warning: The network is converted to have simple COs.
time = 556469079 us
--------------- round 29 ---------------
seed = 3691731880
maxLevel = 2147483647
n152 is replaced by zero with estimated error 0.000368332
error = 0.000368332
area = 539
delay = 16
#gates = 243
output circuit appNtk/rca32_29_0.000368332_539_16.blif
Abc_NtkLogicToNetlist() warning: The network is converted to have simple COs.
time = 574255596 us
--------------- round 30 ---------------
seed = 4286354267
maxLevel = 2147483647
n154 is replaced by n165 with estimated error 0.000400875
error = 0.000400875
area = 537
delay = 16
#gates = 242
output circuit appNtk/rca32_30_0.000400875_537_16.blif
Abc_NtkLogicToNetlist() warning: The network is converted to have simple COs.
time = 591739650 us
--------------- round 31 ---------------
seed = 3313042097
maxLevel = 2147483647
n165 is replaced by one with estimated error 0.000497206
error = 0.000497206
area = 531
delay = 16
#gates = 238
output circuit appNtk/rca32_31_0.000497206_531_16.blif
Abc_NtkLogicToNetlist() warning: The network is converted to have simple COs.
time = 609045766 us
--------------- round 32 ---------------
seed = 552825656
maxLevel = 2147483647
n167 is replaced by n158 with estimated error 0.00049675
error = 0.00049675
area = 529
delay = 16
#gates = 237
output circuit appNtk/rca32_32_0.00049675_529_16.blif
Abc_NtkLogicToNetlist() warning: The network is converted to have simple COs.
time = 626026629 us
--------------- round 33 ---------------
seed = 1611703095
maxLevel = 2147483647
n166 is replaced by zero with estimated error 0.0011758
error = 0.0011758
area = 526
delay = 16
#gates = 236
output circuit appNtk/rca32_33_0.0011758_526_16.blif
Abc_NtkLogicToNetlist() warning: The network is converted to have simple COs.
time = 644032740 us
--------------- round 34 ---------------
seed = 4094217365
maxLevel = 2147483647
s[8] is replaced by n171 with estimated error 0.00214382
error = 0.00214382
area = 519
delay = 16
#gates = 234
output circuit appNtk/rca32_34_0.00214382_519_16.blif
Abc_NtkLogicToNetlist() warning: The network is converted to have simple COs.
time = 661936237 us
--------------- round 35 ---------------
seed = 2028608471
maxLevel = 2147483647
s[7] is replaced by n171 with inverter with estimated error 0.00219766
error = 0.00219766
area = 509
delay = 16
#gates = 230
output circuit appNtk/rca32_35_0.00219766_509_16.blif
Abc_NtkLogicToNetlist() warning: The network is converted to have simple COs.
time = 679553726 us
--------------- round 36 ---------------
seed = 1600705110
maxLevel = 2147483647
s[9] is replaced by n188 with estimated error 0.00321126
error = 0.00321126
area = 502
delay = 16
#gates = 228
output circuit appNtk/rca32_36_0.00321126_502_16.blif
Abc_NtkLogicToNetlist() warning: The network is converted to have simple COs.
time = 696671589 us
--------------- round 37 ---------------
seed = 2577769282
maxLevel = 2147483647
n242 is replaced by one with estimated error 0.00319788
error = 0.00319788
area = 497
delay = 16
#gates = 226
output circuit appNtk/rca32_37_0.00319788_497_16.blif
Abc_NtkLogicToNetlist() warning: The network is converted to have simple COs.
time = 713538442 us
--------------- round 38 ---------------
seed = 4228506379
maxLevel = 2147483647
n398 is replaced by n187 with estimated error 0.00335131
error = 0.00335131
area = 496
delay = 16
#gates = 225
output circuit appNtk/rca32_38_0.00335131_496_16.blif
Abc_NtkLogicToNetlist() warning: The network is converted to have simple COs.
time = 730213921 us
--------------- round 39 ---------------
seed = 3362975347
maxLevel = 2147483647
n175 is replaced by n207 with estimated error 0.00406407
error = 0.00406407
area = 492
delay = 16
#gates = 223
output circuit appNtk/rca32_39_0.00406407_492_16.blif
Abc_NtkLogicToNetlist() warning: The network is converted to have simple COs.
time = 746807806 us
--------------- round 40 ---------------
seed = 3938055116
maxLevel = 2147483647
n176 is replaced by one with estimated error 0.00362725
error = 0.00362725
area = 491
delay = 16
#gates = 222
output circuit appNtk/rca32_40_0.00362725_491_16.blif
Abc_NtkLogicToNetlist() warning: The network is converted to have simple COs.
time = 763101400 us
--------------- round 41 ---------------
seed = 3228159343
maxLevel = 2147483647
n179 is replaced by n177 with estimated error 0.00393781
error = 0.00393781
area = 489
delay = 16
#gates = 221
output circuit appNtk/rca32_41_0.00393781_489_16.blif
Abc_NtkLogicToNetlist() warning: The network is converted to have simple COs.
time = 779270020 us
--------------- round 42 ---------------
seed = 2865305327
maxLevel = 2147483647
n169 is replaced by zero with estimated error 0.00392458
error = 0.00392458
area = 488
delay = 16
#gates = 220
output circuit appNtk/rca32_42_0.00392458_488_16.blif
Abc_NtkLogicToNetlist() warning: The network is converted to have simple COs.
time = 795408248 us
--------------- round 43 ---------------
seed = 1410604639
maxLevel = 2147483647
n178 is replaced by n187 with estimated error 0.00393931
error = 0.00393931
area = 486
delay = 16
#gates = 219
output circuit appNtk/rca32_43_0.00393931_486_16.blif
Abc_NtkLogicToNetlist() warning: The network is converted to have simple COs.
time = 811397069 us
--------------- round 44 ---------------
seed = 1015343838
maxLevel = 2147483647
n177 is replaced by n168 with estimated error 0.00430397
error = 0.00430397
area = 485
delay = 16
#gates = 218
output circuit appNtk/rca32_44_0.00430397_485_16.blif
Abc_NtkLogicToNetlist() warning: The network is converted to have simple COs.
time = 827287404 us
--------------- round 45 ---------------
seed = 849537986
maxLevel = 2147483647
n187 is replaced by zero with estimated error 0.00471479
error = 0.00471479
area = 484
delay = 16
#gates = 217
output circuit appNtk/rca32_45_0.00471479_484_16.blif
Abc_NtkLogicToNetlist() warning: The network is converted to have simple COs.
time = 843105237 us
--------------- round 46 ---------------
seed = 339633871
maxLevel = 2147483647
n168 is replaced by zero with estimated error 0.00471696
error = 0.00471696
area = 483
delay = 16
#gates = 216
output circuit appNtk/rca32_46_0.00471696_483_16.blif
Abc_NtkLogicToNetlist() warning: The network is converted to have simple COs.
time = 858754769 us
--------------- round 47 ---------------
seed = 357007841
maxLevel = 2147483647
n189 is replaced by zero with estimated error 0.00472523
error = 0.00472523
area = 482
delay = 16
#gates = 215
output circuit appNtk/rca32_47_0.00472523_482_16.blif
Abc_NtkLogicToNetlist() warning: The network is converted to have simple COs.
time = 874304962 us
--------------- round 48 ---------------
seed = 1467159203
maxLevel = 2147483647
s[10] is replaced by n185 with estimated error 0.00598571
error = 0.00598571
area = 474
delay = 16
#gates = 212
output circuit appNtk/rca32_48_0.00598571_474_16.blif
Abc_NtkLogicToNetlist() warning: The network is converted to have simple COs.
time = 889731958 us
--------------- round 49 ---------------
seed = 2452926432
maxLevel = 2147483647
s[11] is replaced by n206 with estimated error 0.00943921
error = 0.00943921
area = 464
delay = 16
#gates = 209
output circuit appNtk/rca32_49_0.00943921_464_16.blif
Abc_NtkLogicToNetlist() warning: The network is converted to have simple COs.
time = 904845236 us
--------------- round 50 ---------------
seed = 2631175811
maxLevel = 2147483647
n195 is replaced by y[11] with estimated error 0.00973173
error = 0.00973173
area = 460
delay = 16
#gates = 206
output circuit appNtk/rca32_50_0.00973173_460_16.blif
Abc_NtkLogicToNetlist() warning: The network is converted to have simple COs.
time = 919611291 us
--------------- round 51 ---------------
seed = 1546367331
maxLevel = 2147483647
n206 is replaced by n196 with estimated error 0.00998661
error = 0.00998661
area = 454
delay = 16
#gates = 203
output circuit appNtk/rca32_51_0.00998661_454_16.blif
Abc_NtkLogicToNetlist() warning: The network is converted to have simple COs.
time = 934039782 us
--------------- round 52 ---------------
seed = 738520401
maxLevel = 2147483647
n184 is replaced by one with estimated error 0.0109888
error = 0.0109888
area = 453
delay = 16
#gates = 202
output circuit appNtk/rca32_52_0.0109888_453_16.blif
Abc_NtkLogicToNetlist() warning: The network is converted to have simple COs.
time = 948141378 us
--------------- round 53 ---------------
seed = 1241953379
maxLevel = 2147483647
s[12] is replaced by n213 with estimated error 0.0207069
error = 0.0207069
area = 446
delay = 16
#gates = 200
output circuit appNtk/rca32_53_0.0207069_446_16.blif
Abc_NtkLogicToNetlist() warning: The network is converted to have simple COs.
time = 962198693 us
--------------- round 54 ---------------
seed = 1587998227
maxLevel = 2147483647
n183 is replaced by n199 with estimated error 0.0205293
error = 0.0205293
area = 445
delay = 16
#gates = 199
output circuit appNtk/rca32_54_0.0205293_445_16.blif
Abc_NtkLogicToNetlist() warning: The network is converted to have simple COs.
time = 976042710 us
--------------- round 55 ---------------
seed = 4209239060
maxLevel = 2147483647
n196 is replaced by y[11] with inverter with estimated error 0.0209976
error = 0.0209976
area = 444
delay = 16
#gates = 199
output circuit appNtk/rca32_55_0.0209976_444_16.blif
Abc_NtkLogicToNetlist() warning: The network is converted to have simple COs.
time = 989854281 us
--------------- round 56 ---------------
seed = 2420174436
maxLevel = 2147483647
n207 is replaced by zero with estimated error 0.0210311
error = 0.0210311
area = 442
delay = 16
#gates = 198
output circuit appNtk/rca32_56_0.0210311_442_16.blif
Abc_NtkLogicToNetlist() warning: The network is converted to have simple COs.
time = 1003738742 us
--------------- round 57 ---------------
seed = 3255871714
maxLevel = 2147483647
n213 is replaced by n248 with estimated error 0.0364596
error = 0.0364596
area = 424
delay = 16
#gates = 191
output circuit appNtk/rca32_57_0.0364596_424_16.blif
Abc_NtkLogicToNetlist() warning: The network is converted to have simple COs.
time = 1017512159 us
--------------- round 58 ---------------
seed = 4240862493
maxLevel = 2147483647
n202 is replaced by one with estimated error 0.0368241
error = 0.0368241
area = 422
delay = 16
#gates = 190
output circuit appNtk/rca32_58_0.0368241_422_16.blif
Abc_NtkLogicToNetlist() warning: The network is converted to have simple COs.
time = 1030750355 us
--------------- round 59 ---------------
seed = 3137304633
maxLevel = 2147483647
n200 is replaced by n215 with estimated error 0.0375053
error = 0.0375053
area = 421
delay = 16
#gates = 189
output circuit appNtk/rca32_59_0.0375053_421_16.blif
Abc_NtkLogicToNetlist() warning: The network is converted to have simple COs.
time = 1043865326 us
--------------- round 60 ---------------
seed = 929344207
maxLevel = 2147483647
n199 is replaced by n214 with estimated error 0.0400364
error = 0.0400364
area = 420
delay = 16
#gates = 188
output circuit appNtk/rca32_60_0.0400364_420_16.blif
Abc_NtkLogicToNetlist() warning: The network is converted to have simple COs.
time = 1056920729 us
--------------- round 61 ---------------
seed = 2896095645
maxLevel = 2147483647
n240 is replaced by one with estimated error 0.0412441
error = 0.0412441
area = 414
delay = 16
#gates = 186
output circuit appNtk/rca32_61_0.0412441_414_16.blif
Abc_NtkLogicToNetlist() warning: The network is converted to have simple COs.
time = 1069927897 us
--------------- round 62 ---------------
seed = 653008074
maxLevel = 2147483647
n216 is replaced by n237 with estimated error 0.0515233
error = 0.0515233
area = 411
delay = 16
#gates = 184
output circuit appNtk/rca32_62_0.0515233_411_16.blif
Abc_NtkLogicToNetlist() warning: The network is converted to have simple COs.
time = 1082756416 us
--------------- round 63 ---------------
seed = 3047774113
maxLevel = 2147483647
s[13] is replaced by n246 with estimated error 0.0592561
error = 0.0592561
area = 404
delay = 16
#gates = 182
output circuit appNtk/rca32_63_0.0592561_404_16.blif
Abc_NtkLogicToNetlist() warning: The network is converted to have simple COs.
time = 1095322634 us
--------------- round 64 ---------------
seed = 5876285
maxLevel = 2147483647
n245 is replaced by n226 with estimated error 0.0591415
error = 0.0591415
area = 402
delay = 16
#gates = 181
output circuit appNtk/rca32_64_0.0591415_402_16.blif
Abc_NtkLogicToNetlist() warning: The network is converted to have simple COs.
time = 1107691312 us
--------------- round 65 ---------------
seed = 3976620676
maxLevel = 2147483647
n214 is replaced by zero with estimated error 0.0596793
error = 0.0596793
area = 401
delay = 16
#gates = 180
output circuit appNtk/rca32_65_0.0596793_401_16.blif
Abc_NtkLogicToNetlist() warning: The network is converted to have simple COs.
time = 1119973209 us
--------------- round 66 ---------------
seed = 1804145097
maxLevel = 2147483647
n246 is replaced by n238 with estimated error 0.0645201
error = 0.0645201
area = 398
delay = 16
#gates = 179
output circuit appNtk/rca32_66_0.0645201_398_16.blif
Abc_NtkLogicToNetlist() warning: The network is converted to have simple COs.
time = 1132109418 us
--------------- round 67 ---------------
seed = 2109327684
maxLevel = 2147483647
n248 is replaced by n244 with estimated error 0.10617
error = 0.10617
area = 386
delay = 16
#gates = 175
output circuit appNtk/rca32_67_0.10617_386_16.blif
Abc_NtkLogicToNetlist() warning: The network is converted to have simple COs.
time = 1144126241 us
--------------- round 68 ---------------
seed = 4187340842
maxLevel = 2147483647
n228 is replaced by n238 with inverter with estimated error 0.108521
error = 0.108521
area = 384
delay = 16
#gates = 174
output circuit appNtk/rca32_68_0.108521_384_16.blif
Abc_NtkLogicToNetlist() warning: The network is converted to have simple COs.
time = 1155782116 us
--------------- round 69 ---------------
seed = 1818946169
maxLevel = 2147483647
s[14] is replaced by n233 with inverter with estimated error 0.121129
error = 0.121129
area = 376
delay = 16
#gates = 171
output circuit appNtk/rca32_69_0.121129_376_16.blif
Abc_NtkLogicToNetlist() warning: The network is converted to have simple COs.
time = 1167305516 us
--------------- round 70 ---------------
seed = 1659704392
maxLevel = 2147483647
n226 is replaced by zero with estimated error 0.125594
error = 0.125594
area = 373
delay = 16
#gates = 169
output circuit appNtk/rca32_70_0.125594_373_16.blif
Abc_NtkLogicToNetlist() warning: The network is converted to have simple COs.
time = 1178552497 us
--------------- round 71 ---------------
seed = 3709391459
maxLevel = 2147483647
n230 is replaced by n244 with estimated error 0.130983
error = 0.130983
area = 369
delay = 16
#gates = 167
output circuit appNtk/rca32_71_0.130983_369_16.blif
Abc_NtkLogicToNetlist() warning: The network is converted to have simple COs.
time = 1189751211 us
--------------- round 72 ---------------
seed = 1625724379
maxLevel = 2147483647
n220 is replaced by zero with estimated error 0.139352
error = 0.139352
area = 366
delay = 16
#gates = 166
output circuit appNtk/rca32_72_0.139352_366_16.blif
Abc_NtkLogicToNetlist() warning: The network is converted to have simple COs.
time = 1200824458 us
--------------- round 73 ---------------
seed = 1835196733
maxLevel = 2147483647
n221 is replaced by one with estimated error 0.140301
error = 0.140301
area = 365
delay = 16
#gates = 165
output circuit appNtk/rca32_73_0.140301_365_16.blif
Abc_NtkLogicToNetlist() warning: The network is converted to have simple COs.
time = 1211736030 us
--------------- round 74 ---------------
seed = 4087147462
maxLevel = 2147483647
s[15] is replaced by n237 with inverter with estimated error 0.142338
error = 0.142338
area = 361
delay = 16
#gates = 165
output circuit appNtk/rca32_74_0.142338_361_16.blif
Abc_NtkLogicToNetlist() warning: The network is converted to have simple COs.
time = 1222560236 us
--------------- round 75 ---------------
seed = 2841457380
maxLevel = 2147483647
n401 is replaced by n244 with estimated error 0.141775
error = 0.141775
area = 358
delay = 16
#gates = 163
output circuit appNtk/rca32_75_0.141775_358_16.blif
Abc_NtkLogicToNetlist() warning: The network is converted to have simple COs.
time = 1233376143 us
--------------- round 76 ---------------
seed = 975595712
maxLevel = 2147483647
n244 is replaced by n238 with estimated error 0.198123
error = 0.198123
area = 352
delay = 16
#gates = 159
output circuit appNtk/rca32_76_0.198123_352_16.blif
Abc_NtkLogicToNetlist() warning: The network is converted to have simple COs.
time = 1244033036 us
--------------- round 77 ---------------
seed = 3201858885
maxLevel = 2147483647
s[17] is replaced by n270 with estimated error 0.512317
error = 0.512317
area = 345
delay = 16
#gates = 157
output circuit appNtk/rca32_77_0.512317_345_16.blif
Abc_NtkLogicToNetlist() warning: The network is converted to have simple COs.
time = 1254412895 us
--------------- round 78 ---------------
seed = 2623658512
maxLevel = 2147483647
n251 is replaced by n258 with estimated error 0.571142
error = 0.571142
area = 342
delay = 16
#gates = 155
output circuit appNtk/rca32_78_0.571142_342_16.blif
Abc_NtkLogicToNetlist() warning: The network is converted to have simple COs.
time = 1264607903 us
--------------- round 79 ---------------
seed = 4207243743
maxLevel = 2147483647
n235 is replaced by zero with estimated error 0.54547
error = 0.54547
area = 341
delay = 16
#gates = 154
output circuit appNtk/rca32_79_0.54547_341_16.blif
Abc_NtkLogicToNetlist() warning: The network is converted to have simple COs.
time = 1274641040 us
--------------- round 80 ---------------
seed = 1479541112
maxLevel = 2147483647
n249 is replaced by n237 with estimated error 0.546121
error = 0.546121
area = 339
delay = 16
#gates = 153
output circuit appNtk/rca32_80_0.546121_339_16.blif
Abc_NtkLogicToNetlist() warning: The network is converted to have simple COs.
time = 1284542703 us
--------------- round 81 ---------------
seed = 3378364978
maxLevel = 2147483647
n253 is replaced by n286 with estimated error 0.547766
error = 0.547766
area = 337
delay = 16
#gates = 152
output circuit appNtk/rca32_81_0.547766_337_16.blif
Abc_NtkLogicToNetlist() warning: The network is converted to have simple COs.
time = 1294353883 us
--------------- round 82 ---------------
seed = 2796389124
maxLevel = 2147483647
n255 is replaced by n402 with estimated error 0.547032
error = 0.547032
area = 335
delay = 16
#gates = 151
output circuit appNtk/rca32_82_0.547032_335_16.blif
Abc_NtkLogicToNetlist() warning: The network is converted to have simple COs.
time = 1304081757 us
--------------- round 83 ---------------
seed = 2918175597
maxLevel = 2147483647
n252 is replaced by n237 with estimated error 0.589048
error = 0.589048
area = 333
delay = 16
#gates = 150
output circuit appNtk/rca32_83_0.589048_333_16.blif
Abc_NtkLogicToNetlist() warning: The network is converted to have simple COs.
time = 1313705489 us
--------------- round 84 ---------------
seed = 3266071372
maxLevel = 2147483647
n270 is replaced by n257 with estimated error 0.58852
error = 0.58852
area = 327
delay = 16
#gates = 147
output circuit appNtk/rca32_84_0.58852_327_16.blif
Abc_NtkLogicToNetlist() warning: The network is converted to have simple COs.
time = 1323343457 us
--------------- round 85 ---------------
seed = 1836802234
maxLevel = 2147483647
n268 is replaced by n266 with estimated error 0.755978
error = 0.755978
area = 324
delay = 16
#gates = 145
output circuit appNtk/rca32_85_0.755978_324_16.blif
Abc_NtkLogicToNetlist() warning: The network is converted to have simple COs.
time = 1332708606 us
--------------- round 86 ---------------
seed = 2927989625
maxLevel = 2147483647
n234 is replaced by zero with estimated error 0.761197
error = 0.761197
area = 323
delay = 16
#gates = 144
output circuit appNtk/rca32_86_0.761197_323_16.blif
Abc_NtkLogicToNetlist() warning: The network is converted to have simple COs.
time = 1341899772 us
--------------- round 87 ---------------
seed = 1202111297
maxLevel = 2147483647
n273 is replaced by n271 with estimated error 0.937822
error = 0.937822
area = 320
delay = 16
#gates = 143
output circuit appNtk/rca32_87_0.937822_320_16.blif
Abc_NtkLogicToNetlist() warning: The network is converted to have simple COs.
time = 1351010693 us
--------------- round 88 ---------------
seed = 3346314680
maxLevel = 2147483647
n236 is replaced by one with estimated error 0.932319
error = 0.932319
area = 318
delay = 16
#gates = 142
output circuit appNtk/rca32_88_0.932319_318_16.blif
Abc_NtkLogicToNetlist() warning: The network is converted to have simple COs.
time = 1360038339 us
--------------- round 89 ---------------
seed = 3344239793
maxLevel = 2147483647
n258 is replaced by one with estimated error 1.06028
error = 1.06028
area = 316
delay = 16
#gates = 141
output circuit appNtk/rca32_89_1.06028_316_16.blif
Abc_NtkLogicToNetlist() warning: The network is converted to have simple COs.
time = 1368992388 us
--------------- round 90 ---------------
seed = 2171903415
maxLevel = 2147483647
n287 is replaced by n282 with estimated error 1.06618
error = 1.06618
area = 313
delay = 16
#gates = 140
output circuit appNtk/rca32_90_1.06618_313_16.blif
Abc_NtkLogicToNetlist() warning: The network is converted to have simple COs.
time = 1377844587 us
--------------- round 91 ---------------
seed = 4118795739
maxLevel = 2147483647
n356 is replaced by zero with estimated error 1.06493
error = 1.06493
area = 308
delay = 16
#gates = 138
output circuit appNtk/rca32_91_1.06493_308_16.blif
Abc_NtkLogicToNetlist() warning: The network is converted to have simple COs.
time = 1386622473 us
--------------- round 92 ---------------
seed = 4269356390
maxLevel = 2147483647
n320 is replaced by zero with estimated error 1.06506
error = 1.06506
area = 306
delay = 16
#gates = 137
output circuit appNtk/rca32_92_1.06506_306_16.blif
Abc_NtkLogicToNetlist() warning: The network is converted to have simple COs.
time = 1395243814 us
--------------- round 93 ---------------
seed = 2952593071
maxLevel = 2147483647
n286 is replaced by n238 with estimated error 1.06835
error = 1.06835
area = 304
delay = 16
#gates = 136
output circuit appNtk/rca32_93_1.06835_304_16.blif
Abc_NtkLogicToNetlist() warning: The network is converted to have simple COs.
time = 1403760893 us
--------------- round 94 ---------------
seed = 3767313580
maxLevel = 2147483647
n283 is replaced by zero with estimated error 1.06127
error = 1.06127
area = 303
delay = 16
#gates = 135
output circuit appNtk/rca32_94_1.06127_303_16.blif
Abc_NtkLogicToNetlist() warning: The network is converted to have simple COs.
time = 1412199442 us
--------------- round 95 ---------------
seed = 1078658671
maxLevel = 2147483647
n264 is replaced by zero with estimated error 1.3471
error = 1.3471
area = 299
delay = 16
#gates = 132
output circuit appNtk/rca32_95_1.3471_299_16.blif
Abc_NtkLogicToNetlist() warning: The network is converted to have simple COs.
time = 1420574626 us
--------------- round 96 ---------------
seed = 461583380
maxLevel = 2147483647
n265 is replaced by one with estimated error 1.33969
error = 1.33969
area = 298
delay = 16
#gates = 131
output circuit appNtk/rca32_96_1.33969_298_16.blif
Abc_NtkLogicToNetlist() warning: The network is converted to have simple COs.
time = 1428679344 us
--------------- round 97 ---------------
seed = 2770392918
maxLevel = 2147483647
s[18] is replaced by n282 with estimated error 1.58411
error = 1.58411
area = 294
delay = 16
#gates = 130
output circuit appNtk/rca32_97_1.58411_294_16.blif
Abc_NtkLogicToNetlist() warning: The network is converted to have simple COs.
time = 1436729296 us
--------------- round 98 ---------------
seed = 2090081121
maxLevel = 2147483647
n257 is replaced by zero with estimated error 1.64007
error = 1.64007
area = 292
delay = 16
#gates = 129
output circuit appNtk/rca32_98_1.64007_292_16.blif
Abc_NtkLogicToNetlist() warning: The network is converted to have simple COs.
time = 1444700209 us
--------------- round 99 ---------------
seed = 2134076434
maxLevel = 2147483647
n284 is replaced by one with estimated error 1.64293
error = 1.64293
area = 291
delay = 16
#gates = 128
output circuit appNtk/rca32_99_1.64293_291_16.blif
Abc_NtkLogicToNetlist() warning: The network is converted to have simple COs.
time = 1452646923 us
--------------- round 100 ---------------
seed = 3920167579
maxLevel = 2147483647
n271 is replaced by n281 with estimated error 1.89086
error = 1.89086
area = 289
delay = 16
#gates = 127
output circuit appNtk/rca32_100_1.89086_289_16.blif
Abc_NtkLogicToNetlist() warning: The network is converted to have simple COs.
time = 1460513857 us
--------------- round 101 ---------------
seed = 3524071932
maxLevel = 2147483647
n282 is replaced by n266 with estimated error 2.16317
error = 2.16317
area = 285
delay = 16
#gates = 125
output circuit appNtk/rca32_101_2.16317_285_16.blif
Abc_NtkLogicToNetlist() warning: The network is converted to have simple COs.
time = 1468295304 us
--------------- round 102 ---------------
seed = 3086085067
maxLevel = 2147483647
s[19] is replaced by n275 with estimated error 3.09629
error = 3.09629
area = 274
delay = 16
#gates = 121
output circuit appNtk/rca32_102_3.09629_274_16.blif
Abc_NtkLogicToNetlist() warning: The network is converted to have simple COs.
time = 1475922154 us
--------------- round 103 ---------------
seed = 3655162807
maxLevel = 2147483647
n266 is replaced by zero with estimated error 3.10467
error = 3.10467
area = 272
delay = 16
#gates = 120
output circuit appNtk/rca32_103_3.10467_272_16.blif
Abc_NtkLogicToNetlist() warning: The network is converted to have simple COs.
time = 1483233626 us
--------------- round 104 ---------------
seed = 2795352758
maxLevel = 2147483647
n285 is replaced by zero with estimated error 3.09003
error = 3.09003
area = 269
delay = 16
#gates = 119
output circuit appNtk/rca32_104_3.09003_269_16.blif
Abc_NtkLogicToNetlist() warning: The network is converted to have simple COs.
time = 1490538128 us
--------------- round 105 ---------------
seed = 2380125514
maxLevel = 2147483647
n288 is replaced by one with estimated error 3.10772
error = 3.10772
area = 267
delay = 16
#gates = 118
output circuit appNtk/rca32_105_3.10772_267_16.blif
Abc_NtkLogicToNetlist() warning: The network is converted to have simple COs.
time = 1497725806 us
--------------- round 106 ---------------
seed = 1029024758
maxLevel = 2147483647
n324 is replaced by n298 with estimated error 3.09936
error = 3.09936
area = 265
delay = 15.9
#gates = 117
output circuit appNtk/rca32_106_3.09936_265_15.9.blif
Abc_NtkLogicToNetlist() warning: The network is converted to have simple COs.
time = 1504865292 us
--------------- round 107 ---------------
seed = 4023073062
maxLevel = 2147483647
n238 is replaced by n402 with estimated error 3.10845
error = 3.10845
area = 263
delay = 15.9
#gates = 116
output circuit appNtk/rca32_107_3.10845_263_15.9.blif
Abc_NtkLogicToNetlist() warning: The network is converted to have simple COs.
time = 1511920358 us
--------------- round 108 ---------------
seed = 1011843926
maxLevel = 2147483647
n402 is replaced by zero with estimated error 3.11044
error = 3.11044
area = 262
delay = 15.9
#gates = 115
output circuit appNtk/rca32_108_3.11044_262_15.9.blif
Abc_NtkLogicToNetlist() warning: The network is converted to have simple COs.
time = 1518904635 us
--------------- round 109 ---------------
seed = 1650796049
maxLevel = 2147483647
s[20] is replaced by n291 with estimated error 4.96058
error = 4.96058
area = 255
delay = 15.9
#gates = 113
output circuit appNtk/rca32_109_4.96058_255_15.9.blif
Abc_NtkLogicToNetlist() warning: The network is converted to have simple COs.
time = 1525813093 us
--------------- round 110 ---------------
seed = 3880340910
maxLevel = 2147483647
n322 is replaced by n319 with estimated error 4.94406
error = 4.94406
area = 254
delay = 15.9
#gates = 112
output circuit appNtk/rca32_110_4.94406_254_15.9.blif
Abc_NtkLogicToNetlist() warning: The network is converted to have simple COs.
time = 1532577244 us
--------------- round 111 ---------------
seed = 483183432
maxLevel = 2147483647
n275 is replaced by y[19] with estimated error 5.34571
error = 5.34571
area = 251
delay = 15.9
#gates = 111
output circuit appNtk/rca32_111_5.34571_251_15.9.blif
Abc_NtkLogicToNetlist() warning: The network is converted to have simple COs.
time = 1539280438 us
--------------- round 112 ---------------
seed = 1915309476
maxLevel = 2147483647
n278 is replaced by y[20] with estimated error 6.56153
error = 6.56153
area = 248
delay = 15.9
#gates = 110
output circuit appNtk/rca32_112_6.56153_248_15.9.blif
Abc_NtkLogicToNetlist() warning: The network is converted to have simple COs.
time = 1545979171 us
--------------- round 113 ---------------
seed = 2175764765
maxLevel = 2147483647
s[21] is replaced by n305 with estimated error 11.0766
error = 11.0766
area = 240
delay = 15.9
#gates = 107
output circuit appNtk/rca32_113_11.0766_240_15.9.blif
Abc_NtkLogicToNetlist() warning: The network is converted to have simple COs.
time = 1552585136 us
--------------- round 114 ---------------
seed = 3628841368
maxLevel = 2147483647
n295 is replaced by one with estimated error 12.9311
error = 12.9311
area = 236
delay = 15.9
#gates = 104
output circuit appNtk/rca32_114_12.9311_236_15.9.blif
Abc_NtkLogicToNetlist() warning: The network is converted to have simple COs.
time = 1558972883 us
--------------- round 115 ---------------
seed = 1248625823
maxLevel = 2147483647
n305 is replaced by n291 with estimated error 19.9388
error = 19.9388
area = 225
delay = 15.9
#gates = 100
output circuit appNtk/rca32_115_19.9388_225_15.9.blif
Abc_NtkLogicToNetlist() warning: The network is converted to have simple COs.
time = 1565159544 us
--------------- round 116 ---------------
seed = 2888495232
maxLevel = 2147483647
n326 is replaced by n311 with estimated error 26.8547
error = 26.8547
area = 214
delay = 15.9
#gates = 95
output circuit appNtk/rca32_116_26.8547_214_15.9.blif
Abc_NtkLogicToNetlist() warning: The network is converted to have simple COs.
time = 1571107846 us
--------------- round 117 ---------------
seed = 900873121
maxLevel = 2147483647
n321 is replaced by n328 with estimated error 26.8674
error = 26.8674
area = 211
delay = 15.9
#gates = 94
output circuit appNtk/rca32_117_26.8674_211_15.9.blif
Abc_NtkLogicToNetlist() warning: The network is converted to have simple COs.
time = 1576772681 us
--------------- round 118 ---------------
seed = 3913835649
maxLevel = 2147483647
n327 is replaced by n310 with estimated error 27.0735
error = 27.0735
area = 210
delay = 15.9
#gates = 93
output circuit appNtk/rca32_118_27.0735_210_15.9.blif
Abc_NtkLogicToNetlist() warning: The network is converted to have simple COs.
time = 1582379688 us
--------------- round 119 ---------------
seed = 3074753402
maxLevel = 2147483647
s[22] is replaced by n319 with estimated error 34.709
error = 34.709
area = 201
delay = 15.9
#gates = 89
output circuit appNtk/rca32_119_34.709_201_15.9.blif
Abc_NtkLogicToNetlist() warning: The network is converted to have simple COs.
time = 1587923157 us
--------------- round 120 ---------------
seed = 664579336
maxLevel = 2147483647
s[23] is replaced by n301 with inverter with estimated error 50.4628
error = 50.4628
area = 192
delay = 15.9
#gates = 87
output circuit appNtk/rca32_120_50.4628_192_15.9.blif
Abc_NtkLogicToNetlist() warning: The network is converted to have simple COs.
time = 1593211889 us
--------------- round 121 ---------------
seed = 3815288142
maxLevel = 2147483647
n311 is replaced by zero with estimated error 50.429
error = 50.429
area = 191
delay = 15.9
#gates = 86
output circuit appNtk/rca32_121_50.429_191_15.9.blif
Abc_NtkLogicToNetlist() warning: The network is converted to have simple COs.
time = 1598382979 us
--------------- round 122 ---------------
seed = 310751238
maxLevel = 2147483647
n185 is replaced by one with estimated error 50.5931
error = 50.5931
area = 189
delay = 15.9
#gates = 85
output circuit appNtk/rca32_122_50.5931_189_15.9.blif
Abc_NtkLogicToNetlist() warning: The network is converted to have simple COs.
time = 1603361911 us
--------------- round 123 ---------------
seed = 514509929
maxLevel = 2147483647
n188 is replaced by one with estimated error 50.3382
error = 50.3382
area = 186
delay = 15.9
#gates = 84
output circuit appNtk/rca32_123_50.3382_186_15.9.blif
Abc_NtkLogicToNetlist() warning: The network is converted to have simple COs.
time = 1608164403 us
--------------- round 124 ---------------
seed = 3143337549
maxLevel = 2147483647
n291 is replaced by one with estimated error 49.3095
error = 49.3095
area = 185
delay = 15.9
#gates = 83
output circuit appNtk/rca32_124_49.3095_185_15.9.blif
Abc_NtkLogicToNetlist() warning: The network is converted to have simple COs.
time = 1612792554 us
--------------- round 125 ---------------
seed = 2937781359
maxLevel = 2147483647
n302 is replaced by zero with estimated error 49.9092
error = 49.9092
area = 183
delay = 15.9
#gates = 82
output circuit appNtk/rca32_125_49.9092_183_15.9.blif
Abc_NtkLogicToNetlist() warning: The network is converted to have simple COs.
time = 1617243287 us
--------------- round 126 ---------------
seed = 3232577683
maxLevel = 2147483647
n319 is replaced by n309 with estimated error 48.7015
error = 48.7015
area = 178
delay = 15.9
#gates = 80
output circuit appNtk/rca32_126_48.7015_178_15.9.blif
Abc_NtkLogicToNetlist() warning: The network is converted to have simple COs.
time = 1621493324 us
--------------- round 127 ---------------
seed = 2737415311
maxLevel = 2147483647
n329 is replaced by n309 with estimated error 48.744
error = 48.744
area = 175
delay = 15.9
#gates = 79
output circuit appNtk/rca32_127_48.744_175_15.9.blif
Abc_NtkLogicToNetlist() warning: The network is converted to have simple COs.
time = 1626005530 us
--------------- round 128 ---------------
seed = 1958268017
maxLevel = 2147483647
n310 is replaced by one with estimated error 48.7843
error = 48.7843
area = 173
delay = 15.9
#gates = 78
output circuit appNtk/rca32_128_48.7843_173_15.9.blif
Abc_NtkLogicToNetlist() warning: The network is converted to have simple COs.
time = 1630336877 us
--------------- round 129 ---------------
seed = 4207620273
maxLevel = 2147483647
n301 is replaced by one with estimated error 46.442
error = 46.442
area = 171
delay = 15.9
#gates = 77
output circuit appNtk/rca32_129_46.442_171_15.9.blif
Abc_NtkLogicToNetlist() warning: The network is converted to have simple COs.
time = 1634491784 us
--------------- round 130 ---------------
seed = 623569151
maxLevel = 2147483647
n403 is replaced by zero with estimated error 46.7251
error = 46.7251
area = 170
delay = 15.9
#gates = 76
output circuit appNtk/rca32_130_46.7251_170_15.9.blif
Abc_NtkLogicToNetlist() warning: The network is converted to have simple COs.
time = 1638527521 us
--------------- round 131 ---------------
seed = 2963698497
maxLevel = 2147483647
n237 is replaced by n349 with estimated error 46.4931
error = 46.4931
area = 168
delay = 15.9
#gates = 75
output circuit appNtk/rca32_131_46.4931_168_15.9.blif
Abc_NtkLogicToNetlist() warning: The network is converted to have simple COs.
time = 1642383339 us
--------------- round 132 ---------------
seed = 3551785212
maxLevel = 2147483647
n399 is replaced by zero with estimated error 46.6819
error = 46.6819
area = 167
delay = 15.9
#gates = 74
output circuit appNtk/rca32_132_46.6819_167_15.9.blif
Abc_NtkLogicToNetlist() warning: The network is converted to have simple COs.
time = 1646133024 us
--------------- round 133 ---------------
seed = 3529561829
maxLevel = 2147483647
s[16] is replaced by n348 with estimated error 46.7066
error = 46.7066
area = 162
delay = 15.9
#gates = 73
output circuit appNtk/rca32_133_46.7066_162_15.9.blif
Abc_NtkLogicToNetlist() warning: The network is converted to have simple COs.
time = 1649728091 us
--------------- round 134 ---------------
seed = 2931751504
maxLevel = 2147483647
n171 is replaced by n365 with estimated error 46.4379
error = 46.4379
area = 160
delay = 15.9
#gates = 72
output circuit appNtk/rca32_134_46.4379_160_15.9.blif
Abc_NtkLogicToNetlist() warning: The network is converted to have simple COs.
time = 1653153078 us
--------------- round 135 ---------------
seed = 4000391066
maxLevel = 2147483647
exceed error bound
