abc command read data/library/mcnc.genlib
Entered genlib library with 23 gates from file "data/library/mcnc.genlib".
abc command read_blif data/su/mtp8.blif
Line 7: Skipping line ".default_input_arrival 0.00 0.00 ".
Line 8: Skipping line ".default_output_required 0.00 0.00 ".
Line 9: Skipping line ".default_input_drive 0.10 0.10 ".
Line 10: Skipping line ".default_output_load 2.00 ".
Line 11: Skipping line ".default_max_input_load 999.00 ".
abc command print_stats
[1;37mmtp8                          :[0m i/o =   16/   16  lat =    0  nd =   430  edge =   1037  area =1069.00  delay =37.80  lev = 32
--------------- round 1 ---------------
seed = 272201683
maxLevel = 1
[166469] is replaced by [166345] with estimated error 0
error = 0
area = 1065
delay = 37.8
#gates = 430
output circuit appNtk/mtp8_1_0_1065_37.8.blif
time = 39691414 us
--------------- round 2 ---------------
seed = 1760767304
maxLevel = 1
[167126] is replaced by [167814] with estimated error 0
error = 0
area = 1061
delay = 37.8
#gates = 429
output circuit appNtk/mtp8_2_0_1061_37.8.blif
time = 79013467 us
--------------- round 3 ---------------
seed = 3182724601
maxLevel = 1
[166351] is replaced by y[0] with estimated error 0
error = 0
area = 1057
delay = 37.8
#gates = 428
output circuit appNtk/mtp8_3_0_1057_37.8.blif
time = 117965249 us
--------------- round 4 ---------------
seed = 4112822062
maxLevel = 1
[164857] is replaced by [167660] with estimated error 0
error = 0
area = 1054
delay = 37.8
#gates = 427
output circuit appNtk/mtp8_4_0_1054_37.8.blif
time = 157016142 us
--------------- round 5 ---------------
seed = 3902304476
maxLevel = 1
[168101] is replaced by [166441] with estimated error 0
error = 0
area = 1052
delay = 37.8
#gates = 426
output circuit appNtk/mtp8_5_0_1052_37.8.blif
time = 195888148 us
--------------- round 6 ---------------
seed = 3270329683
maxLevel = 1
[166406] is replaced by n556 with inverter with estimated error 0
error = 0
area = 1050
delay = 37.8
#gates = 426
output circuit appNtk/mtp8_6_0_1050_37.8.blif
time = 234356955 us
--------------- round 7 ---------------
seed = 1690646244
maxLevel = 1
[166399] is replaced by [167340] with estimated error 0
error = 0
area = 1048
delay = 37.8
#gates = 425
output circuit appNtk/mtp8_7_0_1048_37.8.blif
time = 273260363 us
--------------- round 8 ---------------
seed = 589755735
maxLevel = 1
[167001] is replaced by [166559] with estimated error 0
error = 0
area = 1047
delay = 37.8
#gates = 424
output circuit appNtk/mtp8_8_0_1047_37.8.blif
time = 312626364 us
--------------- round 9 ---------------
seed = 3184694034
maxLevel = 1
[166558] is replaced by [166559] with estimated error 0
error = 0
area = 1046
delay = 37.4
#gates = 423
output circuit appNtk/mtp8_9_0_1046_37.4.blif
time = 351123025 us
--------------- round 10 ---------------
seed = 3464821682
maxLevel = 1
n32 is replaced by [166412] with estimated error 0
error = 0
area = 1041
delay = 37.4
#gates = 421
output circuit appNtk/mtp8_10_0_1041_37.4.blif
time = 389081505 us
--------------- round 11 ---------------
seed = 147962319
maxLevel = 1
[167033] is replaced by [167132] with estimated error 0
error = 0
area = 1040
delay = 37.4
#gates = 420
output circuit appNtk/mtp8_11_0_1040_37.4.blif
time = 426743778 us
--------------- round 12 ---------------
seed = 4088476821
maxLevel = 1
[166909] is replaced by [166358] with estimated error 0
error = 0
area = 1039
delay = 37.4
#gates = 419
output circuit appNtk/mtp8_12_0_1039_37.4.blif
time = 464596344 us
--------------- round 13 ---------------
seed = 4162897895
maxLevel = 1
[167040] is replaced by [166368] with estimated error 1.52493
error = 1.52493
area = 1035
delay = 37.4
#gates = 417
output circuit appNtk/mtp8_13_1.52493_1035_37.4.blif
time = 505442111 us
--------------- round 14 ---------------
seed = 3762726642
maxLevel = 1
[166912] is replaced by [166344] with estimated error 1.8688
error = 1.8688
area = 1034
delay = 37.4
#gates = 416
output circuit appNtk/mtp8_14_1.8688_1034_37.4.blif
time = 546762349 us
--------------- round 15 ---------------
seed = 4053588398
maxLevel = 1
[167031] is replaced by [167261] with estimated error 2.3118
error = 2.3118
area = 1032
delay = 37.4
#gates = 415
output circuit appNtk/mtp8_15_2.3118_1032_37.4.blif
time = 584316445 us
--------------- round 16 ---------------
seed = 3726637490
maxLevel = 1
result[0] is replaced by x[0] with estimated error 2.48382
error = 2.48382
area = 1030
delay = 37.4
#gates = 414
output circuit appNtk/mtp8_16_2.48382_1030_37.4.blif
Abc_NtkLogicToNetlist() warning: The network is converted to have simple COs.
time = 621596649 us
--------------- round 17 ---------------
seed = 4143596125
maxLevel = 1
[166371] is replaced by [166358] with estimated error 3.05634
error = 3.05634
area = 1027
delay = 37.4
#gates = 413
output circuit appNtk/mtp8_17_3.05634_1027_37.4.blif
Abc_NtkLogicToNetlist() warning: The network is converted to have simple COs.
time = 658828972 us
--------------- round 18 ---------------
seed = 317784866
maxLevel = 1
[166355] is replaced by zero with estimated error 3.05771
error = 3.05771
area = 1025
delay = 37.4
#gates = 412
output circuit appNtk/mtp8_18_3.05771_1025_37.4.blif
Abc_NtkLogicToNetlist() warning: The network is converted to have simple COs.
time = 695795402 us
--------------- round 19 ---------------
seed = 164378680
maxLevel = 1
[167034] is replaced by [166358] with inverter with estimated error 3.02495
error = 3.02495
area = 1022
delay = 37.4
#gates = 411
output circuit appNtk/mtp8_19_3.02495_1022_37.4.blif
Abc_NtkLogicToNetlist() warning: The network is converted to have simple COs.
time = 732970020 us
--------------- round 20 ---------------
seed = 3990582036
maxLevel = 1
[166902] is replaced by [166346] with estimated error 2.94173
error = 2.94173
area = 1021
delay = 37.4
#gates = 410
output circuit appNtk/mtp8_20_2.94173_1021_37.4.blif
Abc_NtkLogicToNetlist() warning: The network is converted to have simple COs.
time = 769302788 us
--------------- round 21 ---------------
seed = 2635791682
maxLevel = 1
[166906] is replaced by one with estimated error 3.00461
error = 3.00461
area = 1020
delay = 37.4
#gates = 409
output circuit appNtk/mtp8_21_3.00461_1020_37.4.blif
Abc_NtkLogicToNetlist() warning: The network is converted to have simple COs.
time = 805628209 us
--------------- round 22 ---------------
seed = 2120997727
maxLevel = 1
[166350] is replaced by y[1] with estimated error 2.9639
error = 2.9639
area = 1016
delay = 37.4
#gates = 408
output circuit appNtk/mtp8_22_2.9639_1016_37.4.blif
Abc_NtkLogicToNetlist() warning: The network is converted to have simple COs.
time = 842232359 us
--------------- round 23 ---------------
seed = 3151129550
maxLevel = 1
[168573] is replaced by [166345] with estimated error 2.97757
error = 2.97757
area = 1013
delay = 37.4
#gates = 407
output circuit appNtk/mtp8_23_2.97757_1013_37.4.blif
Abc_NtkLogicToNetlist() warning: The network is converted to have simple COs.
time = 879218830 us
--------------- round 24 ---------------
seed = 340554046
maxLevel = 1
[166348] is replaced by [167814] with estimated error 2.98834
error = 2.98834
area = 1010
delay = 37.4
#gates = 406
output circuit appNtk/mtp8_24_2.98834_1010_37.4.blif
Abc_NtkLogicToNetlist() warning: The network is converted to have simple COs.
time = 916370573 us
--------------- round 25 ---------------
seed = 137032008
maxLevel = 1
exceed error bound
