abc command read data/library/mcnc.genlib
Entered genlib library with 23 gates from file "data/library/mcnc.genlib".
abc command read_blif data/su/rca32.blif
abc command print_stats
[1;37mrca32                         :[0m i/o =   64/   33  lat =    0  nd =   298  edge =    585  area =666.00  delay =16.10  lev = 12
--------------- round 1 ---------------
seed = 41462155
maxLevel = 1
s[0] is replaced by n99 with estimated error 2.9034e-06
error = 2.9034e-06
area = 661
delay = 16.1
#gates = 299
output circuit appNtk/rca32_1_2.9034e-06_661_16.1.blif
time = 10531409 us
--------------- round 2 ---------------
seed = 1378084577
maxLevel = 1
s[1] is replaced by n113 with estimated error 8.74605e-06
error = 8.74605e-06
area = 654
delay = 16.1
#gates = 297
output circuit appNtk/rca32_2_8.74605e-06_654_16.1.blif
time = 21969146 us
--------------- round 3 ---------------
seed = 414776606
maxLevel = 1
n102 is replaced by one with estimated error 1.02207e-05
error = 1.02207e-05
area = 650
delay = 16.1
#gates = 294
output circuit appNtk/rca32_3_1.02207e-05_650_16.1.blif
time = 32306580 us
--------------- round 4 ---------------
seed = 694136721
maxLevel = 1
n99 is replaced by one with estimated error 1.01201e-05
error = 1.01201e-05
area = 648
delay = 16.1
#gates = 293
output circuit appNtk/rca32_4_1.01201e-05_648_16.1.blif
time = 43705138 us
--------------- round 5 ---------------
seed = 2853788511
maxLevel = 1
n113 is replaced by n103 with estimated error 1.02138e-05
error = 1.02138e-05
area = 646
delay = 16.1
#gates = 292
output circuit appNtk/rca32_5_1.02138e-05_646_16.1.blif
time = 68672027 us
--------------- round 6 ---------------
seed = 76563757
maxLevel = 1
n111 is replaced by n114 with estimated error 1.27819e-05
error = 1.27819e-05
area = 644
delay = 16.1
#gates = 291
output circuit appNtk/rca32_6_1.27819e-05_644_16.1.blif
time = 93906638 us
--------------- round 7 ---------------
seed = 1494152508
maxLevel = 1
n103 is replaced by one with estimated error 1.45821e-05
error = 1.45821e-05
area = 642
delay = 16.1
#gates = 290
output circuit appNtk/rca32_7_1.45821e-05_642_16.1.blif
Abc_NtkLogicToNetlist() warning: The network is converted to have simple COs.
time = 120054842 us
--------------- round 8 ---------------
seed = 4211889154
maxLevel = 1
n130 is replaced by one with estimated error 1.46033e-05
error = 1.46033e-05
area = 636
delay = 16.1
#gates = 288
output circuit appNtk/rca32_8_1.46033e-05_636_16.1.blif
Abc_NtkLogicToNetlist() warning: The network is converted to have simple COs.
time = 144199432 us
--------------- round 9 ---------------
seed = 4131840746
maxLevel = 1
n115 is replaced by n110 with estimated error 1.459e-05
error = 1.459e-05
area = 634
delay = 16.1
#gates = 287
output circuit appNtk/rca32_9_1.459e-05_634_16.1.blif
Abc_NtkLogicToNetlist() warning: The network is converted to have simple COs.
time = 168088719 us
--------------- round 10 ---------------
seed = 1090060478
maxLevel = 1
n123 is replaced by n114 with estimated error 1.45278e-05
error = 1.45278e-05
area = 632
delay = 16.1
#gates = 286
output circuit appNtk/rca32_10_1.45278e-05_632_16.1.blif
Abc_NtkLogicToNetlist() warning: The network is converted to have simple COs.
time = 192653916 us
--------------- round 11 ---------------
seed = 3585937349
maxLevel = 1
n131 is replaced by n121 with estimated error 3.61049e-05
error = 3.61049e-05
area = 629
delay = 16
#gates = 285
output circuit appNtk/rca32_11_3.61049e-05_629_16.blif
Abc_NtkLogicToNetlist() warning: The network is converted to have simple COs.
time = 217329042 us
--------------- round 12 ---------------
seed = 372320652
maxLevel = 1
n122 is replaced by one with estimated error 5.3619e-05
error = 5.3619e-05
area = 623
delay = 16
#gates = 281
output circuit appNtk/rca32_12_5.3619e-05_623_16.blif
Abc_NtkLogicToNetlist() warning: The network is converted to have simple COs.
time = 242209468 us
--------------- round 13 ---------------
seed = 123129848
maxLevel = 1
n106 is replaced by zero with estimated error 5.18791e-05
error = 5.18791e-05
area = 622
delay = 16
#gates = 280
output circuit appNtk/rca32_13_5.18791e-05_622_16.blif
Abc_NtkLogicToNetlist() warning: The network is converted to have simple COs.
time = 266031247 us
--------------- round 14 ---------------
seed = 915194399
maxLevel = 1
n120 is replaced by y[3] with estimated error 5.77832e-05
error = 5.77832e-05
area = 619
delay = 16
#gates = 279
output circuit appNtk/rca32_14_5.77832e-05_619_16.blif
Abc_NtkLogicToNetlist() warning: The network is converted to have simple COs.
time = 289226391 us
--------------- round 15 ---------------
seed = 2867289444
maxLevel = 1
n127 is replaced by n121 with estimated error 8.63653e-05
error = 8.63653e-05
area = 615
delay = 16
#gates = 276
output circuit appNtk/rca32_15_8.63653e-05_615_16.blif
Abc_NtkLogicToNetlist() warning: The network is converted to have simple COs.
time = 312408826 us
--------------- round 16 ---------------
seed = 1389399969
maxLevel = 1
n132 is replaced by y[3] with estimated error 8.65436e-05
error = 8.65436e-05
area = 613
delay = 16
#gates = 275
output circuit appNtk/rca32_16_8.65436e-05_613_16.blif
Abc_NtkLogicToNetlist() warning: The network is converted to have simple COs.
time = 334942974 us
--------------- round 17 ---------------
seed = 225267769
maxLevel = 1
n148 is replaced by n134 with estimated error 8.61749e-05
error = 8.61749e-05
area = 612
delay = 16
#gates = 274
output circuit appNtk/rca32_17_8.61749e-05_612_16.blif
Abc_NtkLogicToNetlist() warning: The network is converted to have simple COs.
time = 357779927 us
--------------- round 18 ---------------
seed = 3361987362
maxLevel = 1
s[4] is replaced by n128 with estimated error 9.42677e-05
error = 9.42677e-05
area = 605
delay = 16
#gates = 272
output circuit appNtk/rca32_18_9.42677e-05_605_16.blif
Abc_NtkLogicToNetlist() warning: The network is converted to have simple COs.
time = 380292620 us
--------------- round 19 ---------------
seed = 2894685782
maxLevel = 1
n121 is replaced by zero with estimated error 9.44114e-05
error = 9.44114e-05
area = 604
delay = 16
#gates = 271
output circuit appNtk/rca32_19_9.44114e-05_604_16.blif
Abc_NtkLogicToNetlist() warning: The network is converted to have simple COs.
time = 404779263 us
--------------- round 20 ---------------
seed = 2863133974
maxLevel = 1
n107 is replaced by zero with estimated error 9.44637e-05
error = 9.44637e-05
area = 603
delay = 16
#gates = 270
output circuit appNtk/rca32_20_9.44637e-05_603_16.blif
Abc_NtkLogicToNetlist() warning: The network is converted to have simple COs.
time = 426851696 us
--------------- round 21 ---------------
seed = 1378388037
maxLevel = 1
s[5] is replaced by n150 with estimated error 0.00016583
error = 0.00016583
area = 593
delay = 16
#gates = 267
output circuit appNtk/rca32_21_0.00016583_593_16.blif
Abc_NtkLogicToNetlist() warning: The network is converted to have simple COs.
time = 448846566 us
--------------- round 22 ---------------
seed = 398407511
maxLevel = 1
n138 is replaced by one with estimated error 0.000177773
error = 0.000177773
area = 589
delay = 16
#gates = 264
output circuit appNtk/rca32_22_0.000177773_589_16.blif
Abc_NtkLogicToNetlist() warning: The network is converted to have simple COs.
time = 472020051 us
--------------- round 23 ---------------
seed = 3970626827
maxLevel = 1
n150 is replaced by n163 with inverter with estimated error 0.00017754
error = 0.00017754
area = 585
delay = 16
#gates = 262
output circuit appNtk/rca32_23_0.00017754_585_16.blif
Abc_NtkLogicToNetlist() warning: The network is converted to have simple COs.
time = 494114649 us
--------------- round 24 ---------------
seed = 4158873835
maxLevel = 1
n163 is replaced by y[5] with estimated error 0.000236253
error = 0.000236253
area = 581
delay = 16
#gates = 260
output circuit appNtk/rca32_24_0.000236253_581_16.blif
Abc_NtkLogicToNetlist() warning: The network is converted to have simple COs.
time = 515876260 us
--------------- round 25 ---------------
seed = 492302023
maxLevel = 1
s[7] is replaced by n167 with estimated error 0.000546663
error = 0.000546663
area = 572
delay = 16
#gates = 257
output circuit appNtk/rca32_25_0.000546663_572_16.blif
Abc_NtkLogicToNetlist() warning: The network is converted to have simple COs.
time = 537494849 us
--------------- round 26 ---------------
seed = 2461889168
maxLevel = 1
n161 is replaced by one with estimated error 0.000549623
error = 0.000549623
area = 568
delay = 16
#gates = 256
output circuit appNtk/rca32_26_0.000549623_568_16.blif
Abc_NtkLogicToNetlist() warning: The network is converted to have simple COs.
time = 559389678 us
--------------- round 27 ---------------
seed = 1176476628
maxLevel = 1
s[6] is replaced by n158 with inverter with estimated error 0.000552746
error = 0.000552746
area = 559
delay = 16
#gates = 252
output circuit appNtk/rca32_27_0.000552746_559_16.blif
Abc_NtkLogicToNetlist() warning: The network is converted to have simple COs.
time = 579653328 us
--------------- round 28 ---------------
seed = 4105201487
maxLevel = 1
n146 is replaced by one with estimated error 0.000561594
error = 0.000561594
area = 557
delay = 16
#gates = 251
output circuit appNtk/rca32_28_0.000561594_557_16.blif
Abc_NtkLogicToNetlist() warning: The network is converted to have simple COs.
time = 599066978 us
--------------- round 29 ---------------
seed = 1847504647
maxLevel = 1
n143 is replaced by zero with estimated error 0.000570248
error = 0.000570248
area = 556
delay = 16
#gates = 250
output circuit appNtk/rca32_29_0.000570248_556_16.blif
Abc_NtkLogicToNetlist() warning: The network is converted to have simple COs.
time = 618336375 us
--------------- round 30 ---------------
seed = 3552670729
maxLevel = 1
n162 is replaced by zero with estimated error 0.000570125
error = 0.000570125
area = 553
delay = 16
#gates = 249
output circuit appNtk/rca32_30_0.000570125_553_16.blif
Abc_NtkLogicToNetlist() warning: The network is converted to have simple COs.
time = 637540134 us
--------------- round 31 ---------------
seed = 1757256238
maxLevel = 1
n166 is replaced by n157 with estimated error 0.000659117
error = 0.000659117
area = 541
delay = 16
#gates = 244
output circuit appNtk/rca32_31_0.000659117_541_16.blif
Abc_NtkLogicToNetlist() warning: The network is converted to have simple COs.
time = 656667241 us
--------------- round 32 ---------------
seed = 1876531302
maxLevel = 1
n399 is replaced by zero with estimated error 0.00077431
error = 0.00077431
area = 538
delay = 16
#gates = 242
output circuit appNtk/rca32_32_0.00077431_538_16.blif
Abc_NtkLogicToNetlist() warning: The network is converted to have simple COs.
time = 675191326 us
--------------- round 33 ---------------
seed = 1241906957
maxLevel = 1
n156 is replaced by one with estimated error 0.000882101
error = 0.000882101
area = 537
delay = 16
#gates = 241
output circuit appNtk/rca32_33_0.000882101_537_16.blif
Abc_NtkLogicToNetlist() warning: The network is converted to have simple COs.
time = 693454088 us
--------------- round 34 ---------------
seed = 1908059094
maxLevel = 1
n157 is replaced by x[7] with estimated error 0.000880645
error = 0.000880645
area = 534
delay = 16
#gates = 239
output circuit appNtk/rca32_34_0.000880645_534_16.blif
Abc_NtkLogicToNetlist() warning: The network is converted to have simple COs.
time = 711699259 us
--------------- round 35 ---------------
seed = 3984770592
maxLevel = 1
n170 is replaced by one with estimated error 0.00131832
error = 0.00131832
area = 530
delay = 16
#gates = 236
output circuit appNtk/rca32_35_0.00131832_530_16.blif
Abc_NtkLogicToNetlist() warning: The network is converted to have simple COs.
time = 729701701 us
--------------- round 36 ---------------
seed = 910043389
maxLevel = 1
n174 is replaced by zero with estimated error 0.00132992
error = 0.00132992
area = 529
delay = 16
#gates = 235
output circuit appNtk/rca32_36_0.00132992_529_16.blif
Abc_NtkLogicToNetlist() warning: The network is converted to have simple COs.
time = 749063921 us
--------------- round 37 ---------------
seed = 3337548661
maxLevel = 1
s[8] is replaced by y[8] with estimated error 0.00184683
error = 0.00184683
area = 522
delay = 16
#gates = 233
output circuit appNtk/rca32_37_0.00184683_522_16.blif
Abc_NtkLogicToNetlist() warning: The network is converted to have simple COs.
time = 768107759 us
--------------- round 38 ---------------
seed = 1353445667
maxLevel = 1
n167 is replaced by x[7] with inverter with estimated error 0.00185296
error = 0.00185296
area = 521
delay = 16
#gates = 233
output circuit appNtk/rca32_38_0.00185296_521_16.blif
Abc_NtkLogicToNetlist() warning: The network is converted to have simple COs.
time = 787162067 us
--------------- round 39 ---------------
seed = 2386712715
maxLevel = 1
s[9] is replaced by n188 with estimated error 0.00252304
error = 0.00252304
area = 514
delay = 16
#gates = 231
output circuit appNtk/rca32_39_0.00252304_514_16.blif
Abc_NtkLogicToNetlist() warning: The network is converted to have simple COs.
time = 805526994 us
--------------- round 40 ---------------
seed = 3266584081
maxLevel = 1
n179 is replaced by n177 with estimated error 0.00279912
error = 0.00279912
area = 512
delay = 16
#gates = 230
output circuit appNtk/rca32_40_0.00279912_512_16.blif
Abc_NtkLogicToNetlist() warning: The network is converted to have simple COs.
time = 823933165 us
--------------- round 41 ---------------
seed = 724293382
maxLevel = 1
n207 is replaced by n187 with estimated error 0.00313756
error = 0.00313756
area = 510
delay = 16
#gates = 229
output circuit appNtk/rca32_41_0.00313756_510_16.blif
Abc_NtkLogicToNetlist() warning: The network is converted to have simple COs.
time = 841129876 us
--------------- round 42 ---------------
seed = 1140008800
maxLevel = 1
n171 is replaced by n182 with estimated error 0.00289844
error = 0.00289844
area = 508
delay = 16
#gates = 228
output circuit appNtk/rca32_42_0.00289844_508_16.blif
Abc_NtkLogicToNetlist() warning: The network is converted to have simple COs.
time = 858327280 us
--------------- round 43 ---------------
seed = 3450289067
maxLevel = 1
n177 is replaced by n176 with estimated error 0.00320373
error = 0.00320373
area = 507
delay = 16
#gates = 227
output circuit appNtk/rca32_43_0.00320373_507_16.blif
Abc_NtkLogicToNetlist() warning: The network is converted to have simple COs.
time = 875448152 us
--------------- round 44 ---------------
seed = 3795184708
maxLevel = 1
n188 is replaced by n176 with estimated error 0.00321381
error = 0.00321381
area = 501
delay = 16
#gates = 225
output circuit appNtk/rca32_44_0.00321381_501_16.blif
Abc_NtkLogicToNetlist() warning: The network is converted to have simple COs.
time = 892380445 us
--------------- round 45 ---------------
seed = 927508729
maxLevel = 1
n208 is replaced by n204 with estimated error 0.00320088
error = 0.00320088
area = 496
delay = 16
#gates = 223
output circuit appNtk/rca32_45_0.00320088_496_16.blif
Abc_NtkLogicToNetlist() warning: The network is converted to have simple COs.
time = 909490826 us
--------------- round 46 ---------------
seed = 1327001439
maxLevel = 1
n242 is replaced by one with estimated error 0.00320056
error = 0.00320056
area = 491
delay = 16
#gates = 221
output circuit appNtk/rca32_46_0.00320056_491_16.blif
Abc_NtkLogicToNetlist() warning: The network is converted to have simple COs.
time = 925661985 us
--------------- round 47 ---------------
seed = 1704832308
maxLevel = 1
n178 is replaced by x[9] with estimated error 0.00319421
error = 0.00319421
area = 489
delay = 16
#gates = 220
output circuit appNtk/rca32_47_0.00319421_489_16.blif
Abc_NtkLogicToNetlist() warning: The network is converted to have simple COs.
time = 941616623 us
--------------- round 48 ---------------
seed = 792021897
maxLevel = 1
s[10] is replaced by n192 with inverter with estimated error 0.00537457
error = 0.00537457
area = 482
delay = 16
#gates = 218
output circuit appNtk/rca32_48_0.00537457_482_16.blif
Abc_NtkLogicToNetlist() warning: The network is converted to have simple COs.
time = 957510516 us
--------------- round 49 ---------------
seed = 1382316581
maxLevel = 1
n185 is replaced by one with estimated error 0.00640995
error = 0.00640995
area = 478
delay = 16
#gates = 215
output circuit appNtk/rca32_49_0.00640995_478_16.blif
Abc_NtkLogicToNetlist() warning: The network is converted to have simple COs.
time = 973147756 us
--------------- round 50 ---------------
seed = 3289202871
maxLevel = 1
n189 is replaced by zero with estimated error 0.00644387
error = 0.00644387
area = 477
delay = 16
#gates = 214
output circuit appNtk/rca32_50_0.00644387_477_16.blif
Abc_NtkLogicToNetlist() warning: The network is converted to have simple COs.
time = 988459831 us
--------------- round 51 ---------------
seed = 4248689824
maxLevel = 1
n182 is replaced by one with estimated error 0.00758473
error = 0.00758473
area = 475
delay = 16
#gates = 213
output circuit appNtk/rca32_51_0.00758473_475_16.blif
Abc_NtkLogicToNetlist() warning: The network is converted to have simple COs.
time = 1003678720 us
--------------- round 52 ---------------
seed = 3358829
maxLevel = 1
n206 is replaced by n196 with estimated error 0.00753008
error = 0.00753008
area = 471
delay = 16
#gates = 211
output circuit appNtk/rca32_52_0.00753008_471_16.blif
Abc_NtkLogicToNetlist() warning: The network is converted to have simple COs.
time = 1018916355 us
--------------- round 53 ---------------
seed = 3922551805
maxLevel = 1
n192 is replaced by x[9] with estimated error 0.00755875
error = 0.00755875
area = 468
delay = 16
#gates = 210
output circuit appNtk/rca32_53_0.00755875_468_16.blif
Abc_NtkLogicToNetlist() warning: The network is converted to have simple COs.
time = 1033950969 us
--------------- round 54 ---------------
seed = 1890268693
maxLevel = 1
s[11] is replaced by y[10] with estimated error 0.0127193
error = 0.0127193
area = 461
delay = 16
#gates = 208
output circuit appNtk/rca32_54_0.0127193_461_16.blif
Abc_NtkLogicToNetlist() warning: The network is converted to have simple COs.
time = 1048845090 us
--------------- round 55 ---------------
seed = 3739558988
maxLevel = 1
n204 is replaced by n176 with estimated error 0.0155651
error = 0.0155651
area = 453
delay = 16
#gates = 204
output circuit appNtk/rca32_55_0.0155651_453_16.blif
Abc_NtkLogicToNetlist() warning: The network is converted to have simple COs.
time = 1063430604 us
--------------- round 56 ---------------
seed = 1829782296
maxLevel = 1
n176 is replaced by one with estimated error 0.0161437
error = 0.0161437
area = 452
delay = 16
#gates = 203
output circuit appNtk/rca32_56_0.0161437_452_16.blif
Abc_NtkLogicToNetlist() warning: The network is converted to have simple COs.
time = 1077959634 us
--------------- round 57 ---------------
seed = 2884096461
maxLevel = 1
n109 is replaced by zero with estimated error 0.0161866
error = 0.0161866
area = 449
delay = 16
#gates = 201
output circuit appNtk/rca32_57_0.0161866_449_16.blif
Abc_NtkLogicToNetlist() warning: The network is converted to have simple COs.
time = 1092762823 us
--------------- round 58 ---------------
seed = 592999155
maxLevel = 1
s[12] is replaced by n213 with estimated error 0.0213927
error = 0.0213927
area = 442
delay = 16
#gates = 199
output circuit appNtk/rca32_58_0.0213927_442_16.blif
Abc_NtkLogicToNetlist() warning: The network is converted to have simple COs.
time = 1107220853 us
--------------- round 59 ---------------
seed = 2417831878
maxLevel = 1
n196 is replaced by y[11] with inverter with estimated error 0.0220432
error = 0.0220432
area = 441
delay = 16
#gates = 199
output circuit appNtk/rca32_59_0.0220432_441_16.blif
Abc_NtkLogicToNetlist() warning: The network is converted to have simple COs.
time = 1120992842 us
--------------- round 60 ---------------
seed = 177479808
maxLevel = 1
n209 is replaced by y[11] with inverter with estimated error 0.0220728
error = 0.0220728
area = 439
delay = 16
#gates = 199
output circuit appNtk/rca32_60_0.0220728_439_16.blif
Abc_NtkLogicToNetlist() warning: The network is converted to have simple COs.
time = 1134864877 us
--------------- round 61 ---------------
seed = 631959728
maxLevel = 1
n403 is replaced by n402 with estimated error 0.0219871
error = 0.0219871
area = 438
delay = 16
#gates = 198
output circuit appNtk/rca32_61_0.0219871_438_16.blif
Abc_NtkLogicToNetlist() warning: The network is converted to have simple COs.
time = 1148704185 us
--------------- round 62 ---------------
seed = 3358418534
maxLevel = 1
n201 is replaced by y[12] with estimated error 0.0237453
error = 0.0237453
area = 434
delay = 16
#gates = 195
output circuit appNtk/rca32_62_0.0237453_434_16.blif
Abc_NtkLogicToNetlist() warning: The network is converted to have simple COs.
time = 1162472097 us
--------------- round 63 ---------------
seed = 3014659783
maxLevel = 1
n202 is replaced by x[12] with inverter with estimated error 0.0247416
error = 0.0247416
area = 433
delay = 16
#gates = 195
output circuit appNtk/rca32_63_0.0247416_433_16.blif
Abc_NtkLogicToNetlist() warning: The network is converted to have simple COs.
time = 1175900580 us
--------------- round 64 ---------------
seed = 2922519837
maxLevel = 1
n243 is replaced by zero with estimated error 0.0361815
error = 0.0361815
area = 426
delay = 16
#gates = 193
output circuit appNtk/rca32_64_0.0361815_426_16.blif
Abc_NtkLogicToNetlist() warning: The network is converted to have simple COs.
time = 1189377602 us
--------------- round 65 ---------------
seed = 1922212473
maxLevel = 1
n210 is replaced by n367 with estimated error 0.0327797
error = 0.0327797
area = 422
delay = 16
#gates = 191
output circuit appNtk/rca32_65_0.0327797_422_16.blif
Abc_NtkLogicToNetlist() warning: The network is converted to have simple COs.
time = 1202548321 us
--------------- round 66 ---------------
seed = 1174925338
maxLevel = 1
n249 is replaced by n247 with estimated error 0.0328207
error = 0.0328207
area = 420
delay = 16
#gates = 190
output circuit appNtk/rca32_66_0.0328207_420_16.blif
Abc_NtkLogicToNetlist() warning: The network is converted to have simple COs.
time = 1215564565 us
--------------- round 67 ---------------
seed = 1903776384
maxLevel = 1
n248 is replaced by n255 with estimated error 0.0325223
error = 0.0325223
area = 418
delay = 16
#gates = 189
output circuit appNtk/rca32_67_0.0325223_418_16.blif
Abc_NtkLogicToNetlist() warning: The network is converted to have simple COs.
time = 1228481424 us
--------------- round 68 ---------------
seed = 880306959
maxLevel = 1
s[13] is replaced by n246 with estimated error 0.0539576
error = 0.0539576
area = 411
delay = 16
#gates = 187
output circuit appNtk/rca32_68_0.0539576_411_16.blif
Abc_NtkLogicToNetlist() warning: The network is converted to have simple COs.
time = 1241273184 us
--------------- round 69 ---------------
seed = 120325512
maxLevel = 1
n404 is replaced by n365 with estimated error 0.0513642
error = 0.0513642
area = 410
delay = 16
#gates = 186
output circuit appNtk/rca32_69_0.0513642_410_16.blif
Abc_NtkLogicToNetlist() warning: The network is converted to have simple COs.
time = 1253965209 us
--------------- round 70 ---------------
seed = 1285598214
maxLevel = 1
n217 is replaced by n215 with estimated error 0.0535237
error = 0.0535237
area = 408
delay = 16
#gates = 185
output circuit appNtk/rca32_70_0.0535237_408_16.blif
Abc_NtkLogicToNetlist() warning: The network is converted to have simple COs.
time = 1266539387 us
--------------- round 71 ---------------
seed = 1316024439
maxLevel = 1
n227 is replaced by n214 with estimated error 0.0532888
error = 0.0532888
area = 407
delay = 16
#gates = 184
output circuit appNtk/rca32_71_0.0532888_407_16.blif
Abc_NtkLogicToNetlist() warning: The network is converted to have simple COs.
time = 1279033760 us
--------------- round 72 ---------------
seed = 749541345
maxLevel = 1
n229 is replaced by n216 with inverter with estimated error 0.0564415
error = 0.0564415
area = 406
delay = 16
#gates = 184
output circuit appNtk/rca32_72_0.0564415_406_16.blif
Abc_NtkLogicToNetlist() warning: The network is converted to have simple COs.
time = 1291475551 us
--------------- round 73 ---------------
seed = 2360259371
maxLevel = 1
n228 is replaced by n246 with inverter with estimated error 0.0563239
error = 0.0563239
area = 405
delay = 16
#gates = 184
output circuit appNtk/rca32_73_0.0563239_405_16.blif
Abc_NtkLogicToNetlist() warning: The network is converted to have simple COs.
time = 1303848977 us
--------------- round 74 ---------------
seed = 1255154196
maxLevel = 1
n401 is replaced by n235 with estimated error 0.056159
error = 0.056159
area = 404
delay = 16
#gates = 183
output circuit appNtk/rca32_74_0.056159_404_16.blif
Abc_NtkLogicToNetlist() warning: The network is converted to have simple COs.
time = 1317303787 us
--------------- round 75 ---------------
seed = 4083600892
maxLevel = 1
n245 is replaced by one with estimated error 0.055591
error = 0.055591
area = 402
delay = 16
#gates = 182
output circuit appNtk/rca32_75_0.055591_402_16.blif
Abc_NtkLogicToNetlist() warning: The network is converted to have simple COs.
time = 1330980393 us
--------------- round 76 ---------------
seed = 2438947939
maxLevel = 1
n233 is replaced by n231 with estimated error 0.0554349
error = 0.0554349
area = 400
delay = 16
#gates = 181
output circuit appNtk/rca32_76_0.0554349_400_16.blif
Abc_NtkLogicToNetlist() warning: The network is converted to have simple COs.
time = 1344263501 us
--------------- round 77 ---------------
seed = 970092814
maxLevel = 1
n226 is replaced by zero with estimated error 0.0554701
error = 0.0554701
area = 399
delay = 16
#gates = 180
output circuit appNtk/rca32_77_0.0554701_399_16.blif
Abc_NtkLogicToNetlist() warning: The network is converted to have simple COs.
time = 1356598914 us
--------------- round 78 ---------------
seed = 1712067964
maxLevel = 1
n216 is replaced by x[13] with estimated error 0.0598136
error = 0.0598136
area = 395
delay = 16
#gates = 177
output circuit appNtk/rca32_78_0.0598136_395_16.blif
Abc_NtkLogicToNetlist() warning: The network is converted to have simple COs.
time = 1368987926 us
--------------- round 79 ---------------
seed = 3053308234
maxLevel = 1
n225 is replaced by n244 with estimated error 0.0682054
error = 0.0682054
area = 393
delay = 16
#gates = 176
output circuit appNtk/rca32_79_0.0682054_393_16.blif
Abc_NtkLogicToNetlist() warning: The network is converted to have simple COs.
time = 1382300046 us
--------------- round 80 ---------------
seed = 3334680552
maxLevel = 1
n246 is replaced by zero with estimated error 0.0769464
error = 0.0769464
area = 390
delay = 16
#gates = 175
output circuit appNtk/rca32_80_0.0769464_390_16.blif
Abc_NtkLogicToNetlist() warning: The network is converted to have simple COs.
time = 1393838084 us
--------------- round 81 ---------------
seed = 934154690
maxLevel = 1
n231 is replaced by n224 with estimated error 0.0770781
error = 0.0770781
area = 385
delay = 16
#gates = 172
output circuit appNtk/rca32_81_0.0770781_385_16.blif
Abc_NtkLogicToNetlist() warning: The network is converted to have simple COs.
time = 1405465202 us
--------------- round 82 ---------------
seed = 3081275711
maxLevel = 1
s[14] is replaced by n220 with estimated error 0.0938499
error = 0.0938499
area = 379
delay = 16
#gates = 169
output circuit appNtk/rca32_82_0.0938499_379_16.blif
Abc_NtkLogicToNetlist() warning: The network is converted to have simple COs.
time = 1416663013 us
--------------- round 83 ---------------
seed = 28944742
maxLevel = 1
n220 is replaced by zero with estimated error 0.109713
error = 0.109713
area = 376
delay = 16
#gates = 168
output circuit appNtk/rca32_83_0.109713_376_16.blif
Abc_NtkLogicToNetlist() warning: The network is converted to have simple COs.
time = 1427713752 us
--------------- round 84 ---------------
seed = 3562045203
maxLevel = 1
n224 is replaced by one with estimated error 0.134971
error = 0.134971
area = 372
delay = 16
#gates = 165
output circuit appNtk/rca32_84_0.134971_372_16.blif
Abc_NtkLogicToNetlist() warning: The network is converted to have simple COs.
time = 1438630162 us
--------------- round 85 ---------------
seed = 4124118978
maxLevel = 1
n247 is replaced by n236 with estimated error 0.134824
error = 0.134824
area = 367
delay = 16
#gates = 163
output circuit appNtk/rca32_85_0.134824_367_16.blif
Abc_NtkLogicToNetlist() warning: The network is converted to have simple COs.
time = 1449659353 us
--------------- round 86 ---------------
seed = 3620667673
maxLevel = 1
s[15] is replaced by n236 with inverter with estimated error 0.186655
error = 0.186655
area = 359
delay = 16
#gates = 161
output circuit appNtk/rca32_86_0.186655_359_16.blif
Abc_NtkLogicToNetlist() warning: The network is converted to have simple COs.
time = 1460471531 us
--------------- round 87 ---------------
seed = 1956951579
maxLevel = 1
n236 is replaced by y[15] with estimated error 0.233178
error = 0.233178
area = 356
delay = 16
#gates = 159
output circuit appNtk/rca32_87_0.233178_356_16.blif
Abc_NtkLogicToNetlist() warning: The network is converted to have simple COs.
time = 1470776248 us
--------------- round 88 ---------------
seed = 2057166960
maxLevel = 1
n212 is replaced by n371 with estimated error 0.230787
error = 0.230787
area = 355
delay = 16
#gates = 158
output circuit appNtk/rca32_88_0.230787_355_16.blif
Abc_NtkLogicToNetlist() warning: The network is converted to have simple COs.
time = 1480950047 us
--------------- round 89 ---------------
seed = 2119213234
maxLevel = 1
s[16] is replaced by n256 with inverter with estimated error 0.36499
error = 0.36499
area = 349
delay = 16
#gates = 157
output circuit appNtk/rca32_89_0.36499_349_16.blif
Abc_NtkLogicToNetlist() warning: The network is converted to have simple COs.
time = 1491045083 us
--------------- round 90 ---------------
seed = 1640338718
maxLevel = 1
n407 is replaced by one with estimated error 0.337549
error = 0.337549
area = 348
delay = 16
#gates = 156
output circuit appNtk/rca32_90_0.337549_348_16.blif
Abc_NtkLogicToNetlist() warning: The network is converted to have simple COs.
time = 1501055662 us
--------------- round 91 ---------------
seed = 3562355390
maxLevel = 1
n250 is replaced by y[16] with inverter with estimated error 0.366641
error = 0.366641
area = 347
delay = 16
#gates = 156
output circuit appNtk/rca32_91_0.366641_347_16.blif
Abc_NtkLogicToNetlist() warning: The network is converted to have simple COs.
time = 1510962696 us
--------------- round 92 ---------------
seed = 2564599352
maxLevel = 1
n251 is replaced by y[16] with estimated error 0.366513
error = 0.366513
area = 345
delay = 16
#gates = 154
output circuit appNtk/rca32_92_0.366513_345_16.blif
Abc_NtkLogicToNetlist() warning: The network is converted to have simple COs.
time = 1520841937 us
--------------- round 93 ---------------
seed = 1694965069
maxLevel = 1
n252 is replaced by x[16] with inverter with estimated error 0.386459
error = 0.386459
area = 344
delay = 16
#gates = 154
output circuit appNtk/rca32_93_0.386459_344_16.blif
Abc_NtkLogicToNetlist() warning: The network is converted to have simple COs.
time = 1530557621 us
--------------- round 94 ---------------
seed = 2086278457
maxLevel = 1
n356 is replaced by zero with estimated error 0.575317
error = 0.575317
area = 339
delay = 16
#gates = 152
output circuit appNtk/rca32_94_0.575317_339_16.blif
Abc_NtkLogicToNetlist() warning: The network is converted to have simple COs.
time = 1540302870 us
--------------- round 95 ---------------
seed = 1534439934
maxLevel = 1
n282 is replaced by one with estimated error 0.566542
error = 0.566542
area = 336
delay = 16
#gates = 151
output circuit appNtk/rca32_95_0.566542_336_16.blif
Abc_NtkLogicToNetlist() warning: The network is converted to have simple COs.
time = 1550655936 us
--------------- round 96 ---------------
seed = 1505791357
maxLevel = 1
n256 is replaced by n286 with estimated error 0.468492
error = 0.468492
area = 332
delay = 16
#gates = 149
output circuit appNtk/rca32_96_0.468492_332_16.blif
Abc_NtkLogicToNetlist() warning: The network is converted to have simple COs.
time = 1560194367 us
--------------- round 97 ---------------
seed = 1564170274
maxLevel = 1
n320 is replaced by zero with estimated error 0.470177
error = 0.470177
area = 330
delay = 16
#gates = 148
output circuit appNtk/rca32_97_0.470177_330_16.blif
Abc_NtkLogicToNetlist() warning: The network is converted to have simple COs.
time = 1569602559 us
--------------- round 98 ---------------
seed = 699954446
maxLevel = 1
n283 is replaced by zero with estimated error 0.471131
error = 0.471131
area = 329
delay = 16
#gates = 147
output circuit appNtk/rca32_98_0.471131_329_16.blif
Abc_NtkLogicToNetlist() warning: The network is converted to have simple COs.
time = 1579003838 us
--------------- round 99 ---------------
seed = 1752327228
maxLevel = 1
s[17] is replaced by n270 with estimated error 0.731271
error = 0.731271
area = 322
delay = 16
#gates = 145
output circuit appNtk/rca32_99_0.731271_322_16.blif
Abc_NtkLogicToNetlist() warning: The network is converted to have simple COs.
time = 1588578424 us
--------------- round 100 ---------------
seed = 1374433390
maxLevel = 1
n408 is replaced by n324 with estimated error 0.734524
error = 0.734524
area = 321
delay = 16
#gates = 144
output circuit appNtk/rca32_100_0.734524_321_16.blif
Abc_NtkLogicToNetlist() warning: The network is converted to have simple COs.
time = 1598065900 us
--------------- round 101 ---------------
seed = 3191952222
maxLevel = 1
n259 is replaced by zero with estimated error 0.732574
error = 0.732574
area = 320
delay = 16
#gates = 143
output circuit appNtk/rca32_101_0.732574_320_16.blif
Abc_NtkLogicToNetlist() warning: The network is converted to have simple COs.
time = 1607461427 us
--------------- round 102 ---------------
seed = 1653708647
maxLevel = 1
n286 is replaced by one with estimated error 0.875965
error = 0.875965
area = 315
delay = 16
#gates = 140
output circuit appNtk/rca32_102_0.875965_315_16.blif
Abc_NtkLogicToNetlist() warning: The network is converted to have simple COs.
time = 1616806335 us
--------------- round 103 ---------------
seed = 933799220
maxLevel = 1
n269 is replaced by x[17] with estimated error 0.870192
error = 0.870192
area = 312
delay = 16
#gates = 138
output circuit appNtk/rca32_103_0.870192_312_16.blif
Abc_NtkLogicToNetlist() warning: The network is converted to have simple COs.
time = 1625986091 us
--------------- round 104 ---------------
seed = 1999260447
maxLevel = 1
n270 is replaced by x[17] with inverter with estimated error 0.874246
error = 0.874246
area = 310
delay = 16
#gates = 138
output circuit appNtk/rca32_104_0.874246_310_16.blif
Abc_NtkLogicToNetlist() warning: The network is converted to have simple COs.
time = 1635325042 us
--------------- round 105 ---------------
seed = 868675049
maxLevel = 1
s[18] is replaced by n273 with inverter with estimated error 1.41629
error = 1.41629
area = 302
delay = 16
#gates = 135
output circuit appNtk/rca32_105_1.41629_302_16.blif
Abc_NtkLogicToNetlist() warning: The network is converted to have simple COs.
time = 1644221265 us
--------------- round 106 ---------------
seed = 1564810011
maxLevel = 1
n235 is replaced by one with estimated error 1.41723
error = 1.41723
area = 301
delay = 16
#gates = 134
output circuit appNtk/rca32_106_1.41723_301_16.blif
Abc_NtkLogicToNetlist() warning: The network is converted to have simple COs.
time = 1652844848 us
--------------- round 107 ---------------
seed = 2423820359
maxLevel = 1
n213 is replaced by one with estimated error 1.42065
error = 1.42065
area = 298
delay = 16
#gates = 133
output circuit appNtk/rca32_107_1.42065_298_16.blif
Abc_NtkLogicToNetlist() warning: The network is converted to have simple COs.
time = 1661311235 us
--------------- round 108 ---------------
seed = 3413354298
maxLevel = 1
n400 is replaced by n338 with estimated error 1.416
error = 1.416
area = 297
delay = 16
#gates = 132
output circuit appNtk/rca32_108_1.416_297_16.blif
Abc_NtkLogicToNetlist() warning: The network is converted to have simple COs.
time = 1669384655 us
--------------- round 109 ---------------
seed = 3947702755
maxLevel = 1
n398 is replaced by zero with estimated error 1.41527
error = 1.41527
area = 296
delay = 16
#gates = 131
output circuit appNtk/rca32_109_1.41527_296_16.blif
Abc_NtkLogicToNetlist() warning: The network is converted to have simple COs.
time = 1677252428 us
--------------- round 110 ---------------
seed = 2559278041
maxLevel = 1
n128 is replaced by n337 with estimated error 1.41356
error = 1.41356
area = 294
delay = 16
#gates = 130
output circuit appNtk/rca32_110_1.41356_294_16.blif
Abc_NtkLogicToNetlist() warning: The network is converted to have simple COs.
time = 1684869005 us
--------------- round 111 ---------------
seed = 58935962
maxLevel = 1
s[2] is replaced by x[6] with estimated error 1.41414
error = 1.41414
area = 290
delay = 16
#gates = 129
output circuit appNtk/rca32_111_1.41414_290_16.blif
Abc_NtkLogicToNetlist() warning: The network is converted to have simple COs.
time = 1692487155 us
--------------- round 112 ---------------
seed = 195640172
maxLevel = 1
n110 is replaced by y[1] with estimated error 1.41888
error = 1.41888
area = 287
delay = 16
#gates = 128
output circuit appNtk/rca32_112_1.41888_287_16.blif
Abc_NtkLogicToNetlist() warning: The network is converted to have simple COs.
time = 1699797535 us
--------------- round 113 ---------------
seed = 4216056401
maxLevel = 1
n114 is replaced by one with estimated error 1.41675
error = 1.41675
area = 286
delay = 16
#gates = 127
output circuit appNtk/rca32_113_1.41675_286_16.blif
Abc_NtkLogicToNetlist() warning: The network is converted to have simple COs.
time = 1706959927 us
--------------- round 114 ---------------
seed = 4120391106
maxLevel = 1
s[3] is replaced by y[13] with estimated error 1.41545
error = 1.41545
area = 281
delay = 16
#gates = 126
output circuit appNtk/rca32_114_1.41545_281_16.blif
Abc_NtkLogicToNetlist() warning: The network is converted to have simple COs.
time = 1714090577 us
--------------- round 115 ---------------
seed = 3135793027
maxLevel = 1
exceed error bound
