abc command read data/library/mcnc.genlib
Entered genlib library with 23 gates from file "data/library/mcnc.genlib".
abc command read_blif data/su/wal8.blif
Line 9: Skipping line ".default_input_arrival 0.00 0.00 ".
Line 10: Skipping line ".default_output_required 0.00 0.00 ".
Line 11: Skipping line ".default_input_drive 0.10 0.10 ".
Line 12: Skipping line ".default_output_load 2.00 ".
Line 13: Skipping line ".default_max_input_load 999.00 ".
abc command print_stats
[1;37mwal8                          :[0m i/o =   16/   16  lat =    0  nd =   490  edge =   1058  area =1081.00  delay =45.30  lev = 36
--------------- round 1 ---------------
seed = 1540518065
maxLevel = 1
[175875] is replaced by [176013] with estimated error 0
error = 0
area = 1078
delay = 44.7
#gates = 491
output circuit appNtk/wal8_1_0_1078_44.7.blif
time = 46624407 us
--------------- round 2 ---------------
seed = 1541503698
maxLevel = 1
[174797] is replaced by [176053] with estimated error 0
error = 0
area = 1075
delay = 44.1
#gates = 490
output circuit appNtk/wal8_2_0_1075_44.1.blif
time = 92788787 us
--------------- round 3 ---------------
seed = 2123183106
maxLevel = 1
[175953] is replaced by [174864] with estimated error 0
error = 0
area = 1073
delay = 44.1
#gates = 489
output circuit appNtk/wal8_3_0_1073_44.1.blif
time = 138842650 us
--------------- round 4 ---------------
seed = 556766311
maxLevel = 1
[174713] is replaced by [174337] with estimated error 0
error = 0
area = 1071
delay = 43.1
#gates = 488
output circuit appNtk/wal8_4_0_1071_43.1.blif
time = 184743475 us
--------------- round 5 ---------------
seed = 2419593337
maxLevel = 1
[174867] is replaced by [175015] with estimated error 0
error = 0
area = 1069
delay = 43.1
#gates = 487
output circuit appNtk/wal8_5_0_1069_43.1.blif
time = 230542278 us
--------------- round 6 ---------------
seed = 1800759681
maxLevel = 1
[175759] is replaced by [176137] with estimated error 0
error = 0
area = 1067
delay = 43.1
#gates = 486
output circuit appNtk/wal8_6_0_1067_43.1.blif
time = 276163158 us
--------------- round 7 ---------------
seed = 1007243580
maxLevel = 1
[174314] is replaced by n382 with inverter with estimated error 0
error = 0
area = 1065
delay = 43.1
#gates = 486
output circuit appNtk/wal8_7_0_1065_43.1.blif
time = 321646549 us
--------------- round 8 ---------------
seed = 54113549
maxLevel = 1
n108 is replaced by [174200] with inverter with estimated error 0
error = 0
area = 1063
delay = 43.1
#gates = 485
output circuit appNtk/wal8_8_0_1063_43.1.blif
time = 367062434 us
--------------- round 9 ---------------
seed = 1328904310
maxLevel = 1
n109 is replaced by [174183] with inverter with estimated error 0
error = 0
area = 1061
delay = 43.1
#gates = 484
output circuit appNtk/wal8_9_0_1061_43.1.blif
time = 412315661 us
--------------- round 10 ---------------
seed = 196195732
maxLevel = 1
[175969] is replaced by [174846] with estimated error 0
error = 0
area = 1059
delay = 43.1
#gates = 483
output circuit appNtk/wal8_10_0_1059_43.1.blif
time = 457462086 us
--------------- round 11 ---------------
seed = 1848365749
maxLevel = 1
[175604] is replaced by [176023] with estimated error 0
error = 0
area = 1057
delay = 43.1
#gates = 482
output circuit appNtk/wal8_11_0_1057_43.1.blif
time = 502408431 us
--------------- round 12 ---------------
seed = 619845986
maxLevel = 1
[174151] is replaced by n312 with inverter with estimated error 0
error = 0
area = 1055
delay = 43.1
#gates = 482
output circuit appNtk/wal8_12_0_1055_43.1.blif
time = 547234522 us
--------------- round 13 ---------------
seed = 1682156363
maxLevel = 1
[175768] is replaced by [174261] with estimated error 0
error = 0
area = 1053
delay = 43.1
#gates = 481
output circuit appNtk/wal8_13_0_1053_43.1.blif
time = 592006573 us
--------------- round 14 ---------------
seed = 415168747
maxLevel = 1
[174657] is replaced by [174226] with estimated error 0
error = 0
area = 1052
delay = 43.1
#gates = 480
output circuit appNtk/wal8_14_0_1052_43.1.blif
time = 636848144 us
--------------- round 15 ---------------
seed = 518266522
maxLevel = 1
[174710] is replaced by [174339] with estimated error 0
error = 0
area = 1051
delay = 43.1
#gates = 479
output circuit appNtk/wal8_15_0_1051_43.1.blif
time = 681355601 us
--------------- round 16 ---------------
seed = 4043869668
maxLevel = 1
[176253] is replaced by [174724] with estimated error 0.572213
error = 0.572213
area = 1049
delay = 43.1
#gates = 478
output circuit appNtk/wal8_16_0.572213_1049_43.1.blif
time = 726145505 us
--------------- round 17 ---------------
seed = 1510635005
maxLevel = 1
[174109] is replaced by one with estimated error 0.7664
error = 0.7664
area = 1048
delay = 43.1
#gates = 477
output circuit appNtk/wal8_17_0.7664_1048_43.1.blif
time = 770779185 us
--------------- round 18 ---------------
seed = 2021862695
maxLevel = 1
[174150] is replaced by one with estimated error 1.29564
error = 1.29564
area = 1045
delay = 43.1
#gates = 475
output circuit appNtk/wal8_18_1.29564_1045_43.1.blif
time = 815296342 us
--------------- round 19 ---------------
seed = 865478377
maxLevel = 1
[174195] is replaced by one with estimated error 1.3172
error = 1.3172
area = 1042
delay = 42.6
#gates = 473
output circuit appNtk/wal8_19_1.3172_1042_42.6.blif
time = 859228047 us
--------------- round 20 ---------------
seed = 2961302373
maxLevel = 1
[174108] is replaced by zero with estimated error 1.31325
error = 1.31325
area = 1041
delay = 42.6
#gates = 472
output circuit appNtk/wal8_20_1.31325_1041_42.6.blif
time = 902930669 us
--------------- round 21 ---------------
seed = 823999624
maxLevel = 1
[174113] is replaced by one with estimated error 1.33652
error = 1.33652
area = 1039
delay = 42.6
#gates = 471
output circuit appNtk/wal8_21_1.33652_1039_42.6.blif
time = 946591865 us
--------------- round 22 ---------------
seed = 2188453121
maxLevel = 1
[174111] is replaced by [174118] with estimated error 1.62377
error = 1.62377
area = 1037
delay = 42.6
#gates = 470
output circuit appNtk/wal8_22_1.62377_1037_42.6.blif
time = 989968721 us
--------------- round 23 ---------------
seed = 2631984527
maxLevel = 1
[174874] is replaced by [174600] with estimated error 1.62722
error = 1.62722
area = 1036
delay = 42.6
#gates = 469
output circuit appNtk/wal8_23_1.62722_1036_42.6.blif
time = 1033205704 us
--------------- round 24 ---------------
seed = 367726929
maxLevel = 1
product[5] is replaced by [176165] with inverter with estimated error 3.81248
error = 3.81248
area = 1029
delay = 42.6
#gates = 467
output circuit appNtk/wal8_24_3.81248_1029_42.6.blif
time = 1076260495 us
--------------- round 25 ---------------
seed = 2483747029
maxLevel = 1
product[4] is replaced by [174148] with estimated error 5.65023
error = 5.65023
area = 1017
delay = 42.6
#gates = 462
output circuit appNtk/wal8_25_5.65023_1017_42.6.blif
time = 1119056886 us
--------------- round 26 ---------------
seed = 534301528
maxLevel = 1
[174121] is replaced by one with estimated error 5.67375
error = 5.67375
area = 1014
delay = 42.6
#gates = 461
output circuit appNtk/wal8_26_5.67375_1014_42.6.blif
time = 1160822110 us
--------------- round 27 ---------------
seed = 1077864726
maxLevel = 1
product[0] is replaced by zero with estimated error 5.73579
error = 5.73579
area = 1012
delay = 42.6
#gates = 460
output circuit appNtk/wal8_27_5.73579_1012_42.6.blif
time = 1202560200 us
--------------- round 28 ---------------
seed = 1408474717
maxLevel = 1
[174122] is replaced by one with estimated error 5.66154
error = 5.66154
area = 1009
delay = 42.6
#gates = 458
output circuit appNtk/wal8_28_5.66154_1009_42.6.blif
time = 1244269522 us
--------------- round 29 ---------------
seed = 1492602244
maxLevel = 1
[174605] is replaced by zero with estimated error 5.65191
error = 5.65191
area = 1008
delay = 42.6
#gates = 457
output circuit appNtk/wal8_29_5.65191_1008_42.6.blif
time = 1285694970 us
--------------- round 30 ---------------
seed = 2653399297
maxLevel = 1
[174737] is replaced by one with estimated error 5.72169
error = 5.72169
area = 1002
delay = 42.6
#gates = 454
output circuit appNtk/wal8_30_5.72169_1002_42.6.blif
time = 1327204403 us
--------------- round 31 ---------------
seed = 2083953283
maxLevel = 1
n312 is replaced by zero with estimated error 5.60429
error = 5.60429
area = 999
delay = 42.6
#gates = 452
output circuit appNtk/wal8_31_5.60429_999_42.6.blif
time = 1368149306 us
--------------- round 32 ---------------
seed = 4259349216
maxLevel = 1
[174198] is replaced by one with estimated error 5.68934
error = 5.68934
area = 995
delay = 42.6
#gates = 450
output circuit appNtk/wal8_32_5.68934_995_42.6.blif
time = 1408509308 us
--------------- round 33 ---------------
seed = 71267135
maxLevel = 1
[176127] is replaced by [176131] with estimated error 5.69479
error = 5.69479
area = 993
delay = 42.6
#gates = 449
output circuit appNtk/wal8_33_5.69479_993_42.6.blif
time = 1448752875 us
--------------- round 34 ---------------
seed = 945618069
maxLevel = 1
[174197] is replaced by one with estimated error 5.71881
error = 5.71881
area = 991
delay = 42.6
#gates = 448
output circuit appNtk/wal8_34_5.71881_991_42.6.blif
time = 1488765762 us
--------------- round 35 ---------------
seed = 3118988130
maxLevel = 1
[174196] is replaced by zero with estimated error 5.67214
error = 5.67214
area = 988
delay = 42.6
#gates = 447
output circuit appNtk/wal8_35_5.67214_988_42.6.blif
time = 1528485135 us
--------------- round 36 ---------------
seed = 2774854875
maxLevel = 1
[174786] is replaced by [174942] with estimated error 5.69592
error = 5.69592
area = 987
delay = 40.1
#gates = 446
output circuit appNtk/wal8_36_5.69592_987_40.1.blif
time = 1568060721 us
--------------- round 37 ---------------
seed = 1225764925
maxLevel = 1
n528 is replaced by one with estimated error 5.68029
error = 5.68029
area = 986
delay = 40.1
#gates = 445
output circuit appNtk/wal8_37_5.68029_986_40.1.blif
time = 1607483362 us
--------------- round 38 ---------------
seed = 352141767
maxLevel = 1
[175889] is replaced by one with estimated error 5.75799
error = 5.75799
area = 984
delay = 40.1
#gates = 444
output circuit appNtk/wal8_38_5.75799_984_40.1.blif
time = 1646802708 us
--------------- round 39 ---------------
seed = 403465326
maxLevel = 1
product[3] is replaced by [174884] with inverter with estimated error 5.94401
error = 5.94401
area = 965
delay = 40.1
#gates = 437
output circuit appNtk/wal8_39_5.94401_965_40.1.blif
time = 1686056698 us
--------------- round 40 ---------------
seed = 1274781597
maxLevel = 1
product[2] is replaced by multiplicand[0] with estimated error 6.30837
error = 6.30837
area = 947
delay = 40.1
#gates = 429
output circuit appNtk/wal8_40_6.30837_947_40.1.blif
Abc_NtkLogicToNetlist() warning: The network is converted to have simple COs.
time = 1724285723 us
--------------- round 41 ---------------
seed = 331540221
maxLevel = 1
[176169] is replaced by [174901] with estimated error 6.87512
error = 6.87512
area = 945
delay = 40.1
#gates = 428
output circuit appNtk/wal8_41_6.87512_945_40.1.blif
Abc_NtkLogicToNetlist() warning: The network is converted to have simple COs.
time = 1761408832 us
--------------- round 42 ---------------
seed = 203480276
maxLevel = 1
[176165] is replaced by [174901] with estimated error 8.33156
error = 8.33156
area = 940
delay = 40.1
#gates = 426
output circuit appNtk/wal8_42_8.33156_940_40.1.blif
Abc_NtkLogicToNetlist() warning: The network is converted to have simple COs.
time = 1798227977 us
--------------- round 43 ---------------
seed = 3458644666
maxLevel = 1
[175076] is replaced by n413 with estimated error 8.69535
error = 8.69535
area = 939
delay = 39.7
#gates = 425
output circuit appNtk/wal8_43_8.69535_939_39.7.blif
Abc_NtkLogicToNetlist() warning: The network is converted to have simple COs.
time = 1834630403 us
--------------- round 44 ---------------
seed = 426831802
maxLevel = 1
[174884] is replaced by [175043] with estimated error 10.086
error = 10.086
area = 933
delay = 39.7
#gates = 422
output circuit appNtk/wal8_44_10.086_933_39.7.blif
Abc_NtkLogicToNetlist() warning: The network is converted to have simple COs.
time = 1870967679 us
--------------- round 45 ---------------
seed = 2365482096
maxLevel = 1
[174152] is replaced by one with estimated error 11.1166
error = 11.1166
area = 931
delay = 39.7
#gates = 421
output circuit appNtk/wal8_45_11.1166_931_39.7.blif
Abc_NtkLogicToNetlist() warning: The network is converted to have simple COs.
time = 1906857828 us
--------------- round 46 ---------------
seed = 3896029205
maxLevel = 1
[174777] is replaced by one with estimated error 11.3192
error = 11.3192
area = 929
delay = 39.7
#gates = 420
output circuit appNtk/wal8_46_11.3192_929_39.7.blif
Abc_NtkLogicToNetlist() warning: The network is converted to have simple COs.
time = 1942229998 us
--------------- round 47 ---------------
seed = 3391409820
maxLevel = 1
[174799] is replaced by [174274] with estimated error 11.881
error = 11.881
area = 927
delay = 39.7
#gates = 419
output circuit appNtk/wal8_47_11.881_927_39.7.blif
Abc_NtkLogicToNetlist() warning: The network is converted to have simple COs.
time = 1977542179 us
--------------- round 48 ---------------
seed = 1220458518
maxLevel = 1
[175043] is replaced by zero with estimated error 13.8111
error = 13.4363
area = 922
delay = 39.7
#gates = 417
output circuit appNtk/wal8_48_13.4363_922_39.7.blif
Abc_NtkLogicToNetlist() warning: The network is converted to have simple COs.
time = 2012698036 us
--------------- round 49 ---------------
seed = 3178868651
maxLevel = 1
[175905] is replaced by [175937] with estimated error 14.0583
error = 14.0583
area = 914
delay = 39.7
#gates = 412
output circuit appNtk/wal8_49_14.0583_914_39.7.blif
Abc_NtkLogicToNetlist() warning: The network is converted to have simple COs.
time = 2047505789 us
--------------- round 50 ---------------
seed = 1502050862
maxLevel = 1
[174138] is replaced by one with estimated error 14.5834
error = 14.5834
area = 912
delay = 39.7
#gates = 411
output circuit appNtk/wal8_50_14.5834_912_39.7.blif
Abc_NtkLogicToNetlist() warning: The network is converted to have simple COs.
time = 2081754634 us
--------------- round 51 ---------------
seed = 92100349
maxLevel = 1
[174118] is replaced by multiplicand[1] with inverter with estimated error 14.3715
error = 14.3715
area = 911
delay = 39.7
#gates = 411
output circuit appNtk/wal8_51_14.3715_911_39.7.blif
Abc_NtkLogicToNetlist() warning: The network is converted to have simple COs.
time = 2115649912 us
--------------- round 52 ---------------
seed = 2179544712
maxLevel = 1
[174140] is replaced by [174600] with estimated error 15.093
error = 15.093
area = 906
delay = 39.7
#gates = 409
output circuit appNtk/wal8_52_15.093_906_39.7.blif
Abc_NtkLogicToNetlist() warning: The network is converted to have simple COs.
time = 2149482612 us
--------------- round 53 ---------------
seed = 1492187284
maxLevel = 1
[176217] is replaced by [175261] with estimated error 15.2475
error = 15.2475
area = 904
delay = 39.7
#gates = 408
output circuit appNtk/wal8_53_15.2475_904_39.7.blif
Abc_NtkLogicToNetlist() warning: The network is converted to have simple COs.
time = 2183029577 us
--------------- round 54 ---------------
seed = 1062765738
maxLevel = 1
[174139] is replaced by [175913] with inverter with estimated error 17.306
error = 17.306
area = 897
delay = 39.7
#gates = 405
output circuit appNtk/wal8_54_17.306_897_39.7.blif
Abc_NtkLogicToNetlist() warning: The network is converted to have simple COs.
time = 2216481598 us
--------------- round 55 ---------------
seed = 466888
maxLevel = 1
[174147] is replaced by [175664] with estimated error 20.0614
error = 20.0614
area = 893
delay = 39.7
#gates = 404
output circuit appNtk/wal8_55_20.0614_893_39.7.blif
Abc_NtkLogicToNetlist() warning: The network is converted to have simple COs.
time = 2249742312 us
--------------- round 56 ---------------
seed = 298880761
maxLevel = 1
[174153] is replaced by [174146] with estimated error 21.9496
error = 21.9496
area = 887
delay = 39.7
#gates = 401
output circuit appNtk/wal8_56_21.9496_887_39.7.blif
Abc_NtkLogicToNetlist() warning: The network is converted to have simple COs.
time = 2282571769 us
--------------- round 57 ---------------
seed = 103331543
maxLevel = 1
[174654] is replaced by zero with estimated error 21.8982
error = 21.8982
area = 886
delay = 39.7
#gates = 400
output circuit appNtk/wal8_57_21.8982_886_39.7.blif
Abc_NtkLogicToNetlist() warning: The network is converted to have simple COs.
time = 2315073283 us
--------------- round 58 ---------------
seed = 1231789701
maxLevel = 1
n531 is replaced by one with estimated error 22.0641
error = 22.0641
area = 885
delay = 39.7
#gates = 399
output circuit appNtk/wal8_58_22.0641_885_39.7.blif
Abc_NtkLogicToNetlist() warning: The network is converted to have simple COs.
time = 2347552907 us
--------------- round 59 ---------------
seed = 2472756120
maxLevel = 1
[174146] is replaced by [174176] with estimated error 23.9578
error = 23.9578
area = 882
delay = 39.7
#gates = 398
output circuit appNtk/wal8_59_23.9578_882_39.7.blif
Abc_NtkLogicToNetlist() warning: The network is converted to have simple COs.
time = 2379809441 us
--------------- round 60 ---------------
seed = 3197906356
maxLevel = 1
[174160] is replaced by [174185] with estimated error 26.254
error = 26.254
area = 864
delay = 39.7
#gates = 389
output circuit appNtk/wal8_60_26.254_864_39.7.blif
Abc_NtkLogicToNetlist() warning: The network is converted to have simple COs.
time = 2411763593 us
--------------- round 61 ---------------
seed = 4232342312
maxLevel = 1
[174901] is replaced by [175069] with estimated error 29.3619
error = 29.3619
area = 859
delay = 39.7
#gates = 387
output circuit appNtk/wal8_61_29.3619_859_39.7.blif
Abc_NtkLogicToNetlist() warning: The network is converted to have simple COs.
time = 2442763284 us
--------------- round 62 ---------------
seed = 139346443
maxLevel = 1
n530 is replaced by one with estimated error 29.5956
error = 29.5956
area = 858
delay = 39.7
#gates = 386
output circuit appNtk/wal8_62_29.5956_858_39.7.blif
Abc_NtkLogicToNetlist() warning: The network is converted to have simple COs.
time = 2473337214 us
--------------- round 63 ---------------
seed = 179935157
maxLevel = 1
n529 is replaced by [174168] with estimated error 29.7905
error = 29.7905
area = 857
delay = 39.7
#gates = 385
output circuit appNtk/wal8_63_29.7905_857_39.7.blif
Abc_NtkLogicToNetlist() warning: The network is converted to have simple COs.
time = 2503889713 us
--------------- round 64 ---------------
seed = 1212073786
maxLevel = 1
[174600] is replaced by zero with estimated error 29.7977
error = 29.7977
area = 856
delay = 39.7
#gates = 384
output circuit appNtk/wal8_64_29.7977_856_39.7.blif
Abc_NtkLogicToNetlist() warning: The network is converted to have simple COs.
time = 2534291816 us
--------------- round 65 ---------------
seed = 593149149
maxLevel = 1
[176131] is replaced by [174913] with estimated error 33.914
error = 33.914
area = 850
delay = 39.7
#gates = 382
output circuit appNtk/wal8_65_33.914_850_39.7.blif
Abc_NtkLogicToNetlist() warning: The network is converted to have simple COs.
time = 2564699117 us
--------------- round 66 ---------------
seed = 3055181422
maxLevel = 1
[174199] is replaced by one with estimated error 29.2118
error = 29.2118
area = 840
delay = 39.7
#gates = 377
output circuit appNtk/wal8_66_29.2118_840_39.7.blif
Abc_NtkLogicToNetlist() warning: The network is converted to have simple COs.
time = 2594729422 us
--------------- round 67 ---------------
seed = 1461711610
maxLevel = 1
[174942] is replaced by zero with estimated error 29.1403
error = 29.1403
area = 837
delay = 39.7
#gates = 376
output circuit appNtk/wal8_67_29.1403_837_39.7.blif
Abc_NtkLogicToNetlist() warning: The network is converted to have simple COs.
time = 2623841502 us
--------------- round 68 ---------------
seed = 1840692448
maxLevel = 1
[174763] is replaced by zero with estimated error 29.056
error = 29.056
area = 836
delay = 39.7
#gates = 375
output circuit appNtk/wal8_68_29.056_836_39.7.blif
Abc_NtkLogicToNetlist() warning: The network is converted to have simple COs.
time = 2652806068 us
--------------- round 69 ---------------
seed = 3181391440
maxLevel = 1
[174769] is replaced by zero with estimated error 29.503
error = 29.503
area = 835
delay = 39.7
#gates = 374
output circuit appNtk/wal8_69_29.503_835_39.7.blif
Abc_NtkLogicToNetlist() warning: The network is converted to have simple COs.
time = 2681858687 us
--------------- round 70 ---------------
seed = 4249092507
maxLevel = 1
[176185] is replaced by [175622] with estimated error 31.2933
error = 31.2933
area = 833
delay = 39.7
#gates = 373
output circuit appNtk/wal8_70_31.2933_833_39.7.blif
Abc_NtkLogicToNetlist() warning: The network is converted to have simple COs.
time = 2710718136 us
--------------- round 71 ---------------
seed = 274851659
maxLevel = 1
[174168] is replaced by [175472] with estimated error 34.3256
error = 34.3256
area = 829
delay = 39.7
#gates = 372
output circuit appNtk/wal8_71_34.3256_829_39.7.blif
Abc_NtkLogicToNetlist() warning: The network is converted to have simple COs.
time = 2739440893 us
--------------- round 72 ---------------
seed = 3791975189
maxLevel = 1
[175269] is replaced by [175476] with estimated error 35.9923
error = 35.9923
area = 824
delay = 39.7
#gates = 370
output circuit appNtk/wal8_72_35.9923_824_39.7.blif
Abc_NtkLogicToNetlist() warning: The network is converted to have simple COs.
time = 2767980005 us
--------------- round 73 ---------------
seed = 2215584028
maxLevel = 1
[174173] is replaced by [174185] with estimated error 44.1717
error = 44.1717
area = 810
delay = 39.7
#gates = 364
output circuit appNtk/wal8_73_44.1717_810_39.7.blif
Abc_NtkLogicToNetlist() warning: The network is converted to have simple COs.
time = 2796268947 us
--------------- round 74 ---------------
seed = 4178361024
maxLevel = 1
[174176] is replaced by [175291] with estimated error 47.9025
error = 47.9025
area = 800
delay = 39.7
#gates = 360
output circuit appNtk/wal8_74_47.9025_800_39.7.blif
Abc_NtkLogicToNetlist() warning: The network is converted to have simple COs.
time = 2823573534 us
--------------- round 75 ---------------
seed = 2192538740
maxLevel = 1
[174252] is replaced by one with estimated error 47.9406
error = 47.9406
area = 797
delay = 39.7
#gates = 359
output circuit appNtk/wal8_75_47.9406_797_39.7.blif
Abc_NtkLogicToNetlist() warning: The network is converted to have simple COs.
time = 2850354940 us
--------------- round 76 ---------------
seed = 389336667
maxLevel = 1
[176155] is replaced by [175913] with estimated error 48.3718
error = 48.3718
area = 795
delay = 39.7
#gates = 358
output circuit appNtk/wal8_76_48.3718_795_39.7.blif
Abc_NtkLogicToNetlist() warning: The network is converted to have simple COs.
time = 2876962245 us
--------------- round 77 ---------------
seed = 2318752253
maxLevel = 1
[174155] is replaced by [174186] with estimated error 49.4615
error = 49.4615
area = 793
delay = 39.7
#gates = 357
output circuit appNtk/wal8_77_49.4615_793_39.7.blif
Abc_NtkLogicToNetlist() warning: The network is converted to have simple COs.
time = 2903393258 us
--------------- round 78 ---------------
seed = 66587033
maxLevel = 1
[175622] is replaced by n141 with estimated error 53.1258
error = 53.1258
area = 788
delay = 39.7
#gates = 355
output circuit appNtk/wal8_78_53.1258_788_39.7.blif
Abc_NtkLogicToNetlist() warning: The network is converted to have simple COs.
time = 2929806501 us
--------------- round 79 ---------------
seed = 487893393
maxLevel = 1
[175913] is replaced by [175941] with estimated error 54.1809
error = 54.1809
area = 785
delay = 39.7
#gates = 353
output circuit appNtk/wal8_79_54.1809_785_39.7.blif
Abc_NtkLogicToNetlist() warning: The network is converted to have simple COs.
time = 2956092689 us
--------------- round 80 ---------------
seed = 1467226806
maxLevel = 1
[174164] is replaced by [174179] with estimated error 55.6162
error = 55.6162
area = 783
delay = 39.7
#gates = 352
output circuit appNtk/wal8_80_55.6162_783_39.7.blif
Abc_NtkLogicToNetlist() warning: The network is converted to have simple COs.
time = 2982037580 us
--------------- round 81 ---------------
seed = 282558269
maxLevel = 1
[174913] is replaced by [175072] with estimated error 61.977
error = 61.977
area = 779
delay = 39.7
#gates = 350
output circuit appNtk/wal8_81_61.977_779_39.7.blif
Abc_NtkLogicToNetlist() warning: The network is converted to have simple COs.
time = 3007909622 us
--------------- round 82 ---------------
seed = 1468470583
maxLevel = 1
[176153] is replaced by [174888] with estimated error 62.1919
error = 62.1919
area = 777
delay = 39.7
#gates = 349
output circuit appNtk/wal8_82_62.1919_777_39.7.blif
Abc_NtkLogicToNetlist() warning: The network is converted to have simple COs.
time = 3033428897 us
--------------- round 83 ---------------
seed = 3334093705
maxLevel = 1
[175291] is replaced by multiplier[4] with estimated error 60.77
error = 60.77
area = 774
delay = 39.7
#gates = 347
output circuit appNtk/wal8_83_60.77_774_39.7.blif
Abc_NtkLogicToNetlist() warning: The network is converted to have simple COs.
time = 3058931874 us
--------------- round 84 ---------------
seed = 3526196488
maxLevel = 1
[174178] is replaced by [175472] with estimated error 62.5312
error = 62.5312
area = 771
delay = 39.7
#gates = 346
output circuit appNtk/wal8_84_62.5312_771_39.7.blif
Abc_NtkLogicToNetlist() warning: The network is converted to have simple COs.
time = 3084131769 us
--------------- round 85 ---------------
seed = 1566019886
maxLevel = 1
[174185] is replaced by n138 with estimated error 69.8538
error = 69.8538
area = 760
delay = 39.7
#gates = 340
output circuit appNtk/wal8_85_69.8538_760_39.7.blif
Abc_NtkLogicToNetlist() warning: The network is converted to have simple COs.
time = 3109311854 us
--------------- round 86 ---------------
seed = 2700377017
maxLevel = 1
[174849] is replaced by [174333] with estimated error 71.7711
error = 71.7711
area = 758
delay = 39.7
#gates = 339
output circuit appNtk/wal8_86_71.7711_758_39.7.blif
Abc_NtkLogicToNetlist() warning: The network is converted to have simple COs.
time = 3133768365 us
--------------- round 87 ---------------
seed = 3725526486
maxLevel = 1
[172900] is replaced by zero with estimated error 74.8588
error = 71.8521
area = 756
delay = 39.7
#gates = 338
output circuit appNtk/wal8_87_71.8521_756_39.7.blif
Abc_NtkLogicToNetlist() warning: The network is converted to have simple COs.
time = 3158184273 us
--------------- round 88 ---------------
seed = 881773806
maxLevel = 1
[174192] is replaced by [174190] with estimated error 83.3684
error = 83.3684
area = 748
delay = 39.7
#gates = 335
output circuit appNtk/wal8_88_83.3684_748_39.7.blif
Abc_NtkLogicToNetlist() warning: The network is converted to have simple COs.
time = 3182352476 us
--------------- round 89 ---------------
seed = 189586032
maxLevel = 1
[174224] is replaced by [176137] with estimated error 85.8588
error = 85.8588
area = 738
delay = 39.7
#gates = 332
output circuit appNtk/wal8_89_85.8588_738_39.7.blif
Abc_NtkLogicToNetlist() warning: The network is converted to have simple COs.
time = 3206109773 us
--------------- round 90 ---------------
seed = 957155841
maxLevel = 1
product[6] is replaced by [175757] with estimated error 86.7467
error = 86.7467
area = 733
delay = 39.7
#gates = 330
output circuit appNtk/wal8_90_86.7467_733_39.7.blif
Abc_NtkLogicToNetlist() warning: The network is converted to have simple COs.
time = 3229371812 us
--------------- round 91 ---------------
seed = 1618969026
maxLevel = 1
[176141] is replaced by [175670] with estimated error 88.6506
error = 88.6506
area = 731
delay = 39.7
#gates = 329
output circuit appNtk/wal8_91_88.6506_731_39.7.blif
Abc_NtkLogicToNetlist() warning: The network is converted to have simple COs.
time = 3252391067 us
--------------- round 92 ---------------
seed = 2325534331
maxLevel = 1
[175084] is replaced by zero with estimated error 92.008
error = 92.008
area = 728
delay = 39.7
#gates = 327
output circuit appNtk/wal8_92_92.008_728_39.7.blif
Abc_NtkLogicToNetlist() warning: The network is converted to have simple COs.
time = 3275237620 us
--------------- round 93 ---------------
seed = 3900965872
maxLevel = 1
[174927] is replaced by zero with estimated error 91.331
error = 91.331
area = 727
delay = 39.7
#gates = 326
output circuit appNtk/wal8_93_91.331_727_39.7.blif
Abc_NtkLogicToNetlist() warning: The network is converted to have simple COs.
time = 3297943217 us
--------------- round 94 ---------------
seed = 2727117263
maxLevel = 1
[175757] is replaced by n141 with estimated error 92.4676
error = 92.4676
area = 718
delay = 39.7
#gates = 323
output circuit appNtk/wal8_94_92.4676_718_39.7.blif
Abc_NtkLogicToNetlist() warning: The network is converted to have simple COs.
time = 3320590404 us
--------------- round 95 ---------------
seed = 2027728968
maxLevel = 1
[176137] is replaced by [175364] with estimated error 111.027
error = 111.027
area = 713
delay = 39.7
#gates = 321
output circuit appNtk/wal8_95_111.027_713_39.7.blif
Abc_NtkLogicToNetlist() warning: The network is converted to have simple COs.
time = 3342817660 us
--------------- round 96 ---------------
seed = 1690849770
maxLevel = 1
[174933] is replaced by zero with estimated error 110.623
error = 110.623
area = 712
delay = 39.7
#gates = 320
output circuit appNtk/wal8_96_110.623_712_39.7.blif
Abc_NtkLogicToNetlist() warning: The network is converted to have simple COs.
time = 3364703347 us
--------------- round 97 ---------------
seed = 908083259
maxLevel = 1
[176107] is replaced by [175513] with estimated error 107.115
error = 107.115
area = 710
delay = 39.6
#gates = 319
output circuit appNtk/wal8_97_107.115_710_39.6.blif
Abc_NtkLogicToNetlist() warning: The network is converted to have simple COs.
time = 3386305526 us
--------------- round 98 ---------------
seed = 4211523743
maxLevel = 1
product[8] is replaced by [174251] with estimated error 106.732
error = 106.732
area = 701
delay = 39.6
#gates = 316
output circuit appNtk/wal8_98_106.732_701_39.6.blif
Abc_NtkLogicToNetlist() warning: The network is converted to have simple COs.
time = 3407829905 us
--------------- round 99 ---------------
seed = 983407564
maxLevel = 1
[174254] is replaced by one with estimated error 105.633
error = 105.633
area = 690
delay = 38.7
#gates = 311
output circuit appNtk/wal8_99_105.633_690_38.7.blif
Abc_NtkLogicToNetlist() warning: The network is converted to have simple COs.
time = 3428871557 us
--------------- round 100 ---------------
seed = 3741060559
maxLevel = 1
[174223] is replaced by one with estimated error 106.303
error = 106.303
area = 688
delay = 38.7
#gates = 310
output circuit appNtk/wal8_100_106.303_688_38.7.blif
Abc_NtkLogicToNetlist() warning: The network is converted to have simple COs.
time = 3449299046 us
--------------- round 101 ---------------
seed = 650768770
maxLevel = 1
n413 is replaced by one with estimated error 106.744
error = 106.744
area = 686
delay = 38.7
#gates = 309
output circuit appNtk/wal8_101_106.744_686_38.7.blif
Abc_NtkLogicToNetlist() warning: The network is converted to have simple COs.
time = 3469663940 us
--------------- round 102 ---------------
seed = 616397902
maxLevel = 1
[176109] is replaced by [175509] with estimated error 108.502
error = 108.502
area = 684
delay = 38.7
#gates = 308
output circuit appNtk/wal8_102_108.502_684_38.7.blif
Abc_NtkLogicToNetlist() warning: The network is converted to have simple COs.
time = 3490010899 us
--------------- round 103 ---------------
seed = 2770038478
maxLevel = 1
[174214] is replaced by n138 with estimated error 108.689
error = 108.689
area = 682
delay = 38.7
#gates = 307
output circuit appNtk/wal8_103_108.689_682_38.7.blif
Abc_NtkLogicToNetlist() warning: The network is converted to have simple COs.
time = 3510278126 us
--------------- round 104 ---------------
seed = 1527255992
maxLevel = 1
[174218] is replaced by [174242] with estimated error 109.439
error = 109.439
area = 672
delay = 38.7
#gates = 303
output circuit appNtk/wal8_104_109.439_672_38.7.blif
Abc_NtkLogicToNetlist() warning: The network is converted to have simple COs.
time = 3530301768 us
--------------- round 105 ---------------
seed = 1502632931
maxLevel = 1
product[1] is replaced by one with estimated error 109.786
error = 109.786
area = 668
delay = 38.7
#gates = 302
output circuit appNtk/wal8_105_109.786_668_38.7.blif
Abc_NtkLogicToNetlist() warning: The network is converted to have simple COs.
time = 3549970185 us
--------------- round 106 ---------------
seed = 3405883817
maxLevel = 1
[174888] is replaced by [174281] with estimated error 109.86
error = 109.86
area = 667
delay = 38.7
#gates = 301
output circuit appNtk/wal8_106_109.86_667_38.7.blif
Abc_NtkLogicToNetlist() warning: The network is converted to have simple COs.
time = 3569627152 us
--------------- round 107 ---------------
seed = 3387050910
maxLevel = 1
[175472] is replaced by [174179] with estimated error 111.062
error = 111.062
area = 666
delay = 38.7
#gates = 300
output circuit appNtk/wal8_107_111.062_666_38.7.blif
Abc_NtkLogicToNetlist() warning: The network is converted to have simple COs.
time = 3589151008 us
--------------- round 108 ---------------
seed = 779721527
maxLevel = 1
[175509] is replaced by [175364] with estimated error 108.235
error = 108.235
area = 665
delay = 38.7
#gates = 299
output circuit appNtk/wal8_108_108.235_665_38.7.blif
Abc_NtkLogicToNetlist() warning: The network is converted to have simple COs.
time = 3608663248 us
--------------- round 109 ---------------
seed = 785034435
maxLevel = 1
[175664] is replaced by multiplicand[3] with estimated error 110.193
error = 110.193
area = 662
delay = 38.7
#gates = 297
output circuit appNtk/wal8_109_110.193_662_38.7.blif
Abc_NtkLogicToNetlist() warning: The network is converted to have simple COs.
time = 3628062579 us
--------------- round 110 ---------------
seed = 1473639819
maxLevel = 1
[174226] is replaced by [174211] with estimated error 137.766
error = 137.766
area = 644
delay = 38.7
#gates = 291
output circuit appNtk/wal8_110_137.766_644_38.7.blif
Abc_NtkLogicToNetlist() warning: The network is converted to have simple COs.
time = 3647226878 us
--------------- round 111 ---------------
seed = 3052354154
maxLevel = 1
[175285] is replaced by [174245] with estimated error 147.532
error = 147.532
area = 634
delay = 38.7
#gates = 287
output circuit appNtk/wal8_111_147.532_634_38.7.blif
Abc_NtkLogicToNetlist() warning: The network is converted to have simple COs.
time = 3665512911 us
--------------- round 112 ---------------
seed = 4283729267
maxLevel = 1
[174249] is replaced by [174220] with estimated error 166.244
error = 166.244
area = 622
delay = 38.7
#gates = 282
output circuit appNtk/wal8_112_166.244_622_38.7.blif
Abc_NtkLogicToNetlist() warning: The network is converted to have simple COs.
time = 3683240135 us
--------------- round 113 ---------------
seed = 2106712783
maxLevel = 1
[175100] is replaced by [175104] with estimated error 171.71
error = 171.71
area = 620
delay = 38.7
#gates = 281
output circuit appNtk/wal8_113_171.71_620_38.7.blif
Abc_NtkLogicToNetlist() warning: The network is converted to have simple COs.
time = 3700364741 us
--------------- round 114 ---------------
seed = 3837919010
maxLevel = 1
[175106] is replaced by one with estimated error 174.458
error = 174.458
area = 618
delay = 38.7
#gates = 280
output circuit appNtk/wal8_114_174.458_618_38.7.blif
Abc_NtkLogicToNetlist() warning: The network is converted to have simple COs.
time = 3717445997 us
--------------- round 115 ---------------
seed = 3522181341
maxLevel = 1
[174680] is replaced by [174293] with estimated error 176.346
error = 176.346
area = 617
delay = 38.7
#gates = 279
output circuit appNtk/wal8_115_176.346_617_38.7.blif
Abc_NtkLogicToNetlist() warning: The network is converted to have simple COs.
time = 3734286192 us
--------------- round 116 ---------------
seed = 106040254
maxLevel = 1
n141 is replaced by [174230] with estimated error 165.565
error = 165.565
area = 614
delay = 38.7
#gates = 278
output circuit appNtk/wal8_116_165.565_614_38.7.blif
Abc_NtkLogicToNetlist() warning: The network is converted to have simple COs.
time = 3751011625 us
--------------- round 117 ---------------
seed = 761885603
maxLevel = 1
[174183] is replaced by multiplier[0] with inverter with estimated error 165.648
error = 165.648
area = 613
delay = 38.7
#gates = 278
output circuit appNtk/wal8_117_165.648_613_38.7.blif
Abc_NtkLogicToNetlist() warning: The network is converted to have simple COs.
time = 3767649092 us
--------------- round 118 ---------------
seed = 2661707814
maxLevel = 1
[175102] is replaced by [175513] with inverter with estimated error 187.058
error = 187.058
area = 602
delay = 38.7
#gates = 275
output circuit appNtk/wal8_118_187.058_602_38.7.blif
Abc_NtkLogicToNetlist() warning: The network is converted to have simple COs.
time = 3784259415 us
--------------- round 119 ---------------
seed = 3717186664
maxLevel = 1
[175104] is replaced by [175513] with estimated error 187.53
error = 187.53
area = 601
delay = 38.7
#gates = 274
output circuit appNtk/wal8_119_187.53_601_38.7.blif
Abc_NtkLogicToNetlist() warning: The network is converted to have simple COs.
time = 3800566818 us
--------------- round 120 ---------------
seed = 3209296094
maxLevel = 1
[174180] is replaced by [174203] with estimated error 183.194
error = 183.194
area = 599
delay = 38.7
#gates = 273
output circuit appNtk/wal8_120_183.194_599_38.7.blif
Abc_NtkLogicToNetlist() warning: The network is converted to have simple COs.
time = 3816683861 us
--------------- round 121 ---------------
seed = 1387033791
maxLevel = 1
[174179] is replaced by multiplier[1] with inverter with estimated error 188.4
error = 188.4
area = 598
delay = 38.7
#gates = 273
output circuit appNtk/wal8_121_188.4_598_38.7.blif
Abc_NtkLogicToNetlist() warning: The network is converted to have simple COs.
time = 3832714842 us
--------------- round 122 ---------------
seed = 3556538496
maxLevel = 1
n534 is replaced by [174219] with estimated error 187.896
error = 187.896
area = 597
delay = 38.7
#gates = 272
output circuit appNtk/wal8_122_187.896_597_38.7.blif
Abc_NtkLogicToNetlist() warning: The network is converted to have simple COs.
time = 3848655576 us
--------------- round 123 ---------------
seed = 3748693072
maxLevel = 1
[174892] is replaced by zero with estimated error 185.693
error = 185.693
area = 596
delay = 38.7
#gates = 271
output circuit appNtk/wal8_123_185.693_596_38.7.blif
Abc_NtkLogicToNetlist() warning: The network is converted to have simple COs.
time = 3864405747 us
--------------- round 124 ---------------
seed = 2416356464
maxLevel = 1
[174830] is replaced by [174310] with estimated error 192.716
error = 192.716
area = 594
delay = 38.7
#gates = 270
output circuit appNtk/wal8_124_192.716_594_38.7.blif
Abc_NtkLogicToNetlist() warning: The network is converted to have simple COs.
time = 3880087024 us
--------------- round 125 ---------------
seed = 3674893485
maxLevel = 1
[175659] is replaced by [175795] with estimated error 192.983
error = 192.983
area = 591
delay = 38.7
#gates = 268
output circuit appNtk/wal8_125_192.983_591_38.7.blif
Abc_NtkLogicToNetlist() warning: The network is converted to have simple COs.
time = 3895624999 us
--------------- round 126 ---------------
seed = 1109240787
maxLevel = 1
[174227] is replaced by [174242] with estimated error 190.731
error = 190.731
area = 587
delay = 38.7
#gates = 267
output circuit appNtk/wal8_126_190.731_587_38.7.blif
Abc_NtkLogicToNetlist() warning: The network is converted to have simple COs.
time = 3910851078 us
--------------- round 127 ---------------
seed = 3736725353
maxLevel = 1
product[7] is replaced by [176081] with estimated error 189.102
error = 189.102
area = 583
delay = 38.7
#gates = 266
output circuit appNtk/wal8_127_189.102_583_38.7.blif
Abc_NtkLogicToNetlist() warning: The network is converted to have simple COs.
time = 3925916508 us
--------------- round 128 ---------------
seed = 2628614492
maxLevel = 1
[175941] is replaced by one with estimated error 189.208
error = 189.208
area = 581
delay = 38.7
#gates = 265
output circuit appNtk/wal8_128_189.208_581_38.7.blif
Abc_NtkLogicToNetlist() warning: The network is converted to have simple COs.
time = 3940819317 us
--------------- round 129 ---------------
seed = 3261068304
maxLevel = 1
n532 is replaced by one with estimated error 188.815
error = 188.815
area = 580
delay = 38.7
#gates = 264
output circuit appNtk/wal8_129_188.815_580_38.7.blif
Abc_NtkLogicToNetlist() warning: The network is converted to have simple COs.
time = 3955524700 us
--------------- round 130 ---------------
seed = 2605006720
maxLevel = 1
[174148] is replaced by [175205] with estimated error 187.415
error = 187.415
area = 576
delay = 38.7
#gates = 263
output circuit appNtk/wal8_130_187.415_576_38.7.blif
Abc_NtkLogicToNetlist() warning: The network is converted to have simple COs.
time = 3970170736 us
--------------- round 131 ---------------
seed = 2612159957
maxLevel = 1
exceed error bound
