abc command read data/library/mcnc.genlib
Entered genlib library with 23 gates from file "data/library/mcnc.genlib".
abc command read_blif data/su/c1908.blif
Line 7: Skipping line ".default_input_arrival 0.00 0.00 ".
Line 8: Skipping line ".default_output_required 0.00 0.00 ".
Line 9: Skipping line ".default_input_drive 0.10 0.10 ".
Line 10: Skipping line ".default_output_load 2.00 ".
Line 11: Skipping line ".default_max_input_load 999.00 ".
abc command print_stats
[1;37mc1908                         :[0m i/o =   33/   25  lat =    0  nd =   288  edge =    689  area =758.00  delay =37.30  lev = 25
--------------- round 1 ---------------
seed = 3569149158
maxLevel = 2
n230 is replaced by n226 with estimated error 0
error = 0
area = 756
delay = 37.3
#gates = 289
output circuit appNtk/c1908_1_0_756_37.3.blif
time = 6710259 us
--------------- round 2 ---------------
seed = 3262271955
maxLevel = 2
n269 is replaced by n265 with estimated error 0
error = 0
area = 754
delay = 37.3
#gates = 288
output circuit appNtk/c1908_2_0_754_37.3.blif
time = 12450852 us
--------------- round 3 ---------------
seed = 2789547535
maxLevel = 2
n129 is replaced by n213 with estimated error 0
error = 0
area = 752
delay = 37.3
#gates = 287
output circuit appNtk/c1908_3_0_752_37.3.blif
time = 18047818 us
--------------- round 4 ---------------
seed = 2486871629
maxLevel = 2
n248 is replaced by n253 with estimated error 0
error = 0
area = 750
delay = 37.3
#gates = 286
output circuit appNtk/c1908_4_0_750_37.3.blif
time = 23103935 us
--------------- round 5 ---------------
seed = 745702429
maxLevel = 2
n271 is replaced by n265 with estimated error 0
error = 0
area = 748
delay = 37.3
#gates = 285
output circuit appNtk/c1908_5_0_748_37.3.blif
time = 28477087 us
--------------- round 6 ---------------
seed = 1230197570
maxLevel = 2
n220 is replaced by n206 with estimated error 0
error = 0
area = 746
delay = 37.3
#gates = 284
output circuit appNtk/c1908_6_0_746_37.3.blif
time = 33549244 us
--------------- round 7 ---------------
seed = 4271823764
maxLevel = 2
n187 is replaced by n194 with estimated error 0
error = 0
area = 744
delay = 37.3
#gates = 283
output circuit appNtk/c1908_7_0_744_37.3.blif
time = 38659257 us
--------------- round 8 ---------------
seed = 2465591216
maxLevel = 2
n283 is replaced by n281 with estimated error 0
error = 0
area = 742
delay = 37.3
#gates = 282
output circuit appNtk/c1908_8_0_742_37.3.blif
time = 44266362 us
--------------- round 9 ---------------
seed = 2785393307
maxLevel = 2
n273 is replaced by n127 with estimated error 0
error = 0
area = 741
delay = 37.3
#gates = 281
output circuit appNtk/c1908_9_0_741_37.3.blif
time = 49533712 us
--------------- round 10 ---------------
seed = 1868863787
maxLevel = 2
n286 is replaced by n224 with estimated error 0.00015
error = 0.00015
area = 738
delay = 37.3
#gates = 280
output circuit appNtk/c1908_10_0.00015_738_37.3.blif
time = 54670623 us
--------------- round 11 ---------------
seed = 3482101894
maxLevel = 2
n288 is replaced by n123 with estimated error 0.00053
error = 0.00053
area = 735
delay = 37.3
#gates = 279
output circuit appNtk/c1908_11_0.00053_735_37.3.blif
time = 59687555 us
--------------- round 12 ---------------
seed = 1605784510
maxLevel = 2
n287 is replaced by zero with estimated error 0.00064
error = 0.00064
area = 732
delay = 37.3
#gates = 278
output circuit appNtk/c1908_12_0.00064_732_37.3.blif
time = 64957074 us
--------------- round 13 ---------------
seed = 4148739363
maxLevel = 2
n63 is replaced by G227 with inverter with estimated error 0.1252
error = 0.1252
area = 731
delay = 37.3
#gates = 278
output circuit appNtk/c1908_13_0.1252_731_37.3.blif
time = 70080785 us
--------------- round 14 ---------------
seed = 2043406149
maxLevel = 2
exceed error bound
