abc command read data/library/mcnc.genlib
Entered genlib library with 23 gates from file "data/library/mcnc.genlib".
abc command read_blif data/su/cla32.blif
Line 11: Skipping line ".default_input_arrival 0.00 0.00 ".
Line 12: Skipping line ".default_output_required 0.00 0.00 ".
Line 13: Skipping line ".default_input_drive 0.10 0.10 ".
Line 14: Skipping line ".default_output_load 2.00 ".
Line 15: Skipping line ".default_max_input_load 999.00 ".
abc command print_stats
[1;37mcla32                         :[0m i/o =   64/   33  lat =    0  nd =   419  edge =    952  area =958.00  delay =38.50  lev = 27
--------------- round 1 ---------------
seed = 2974860561
maxLevel = 2
n503 is replaced by n491 with estimated error 0
error = 0
area = 928
delay = 38.5
#gates = 409
output circuit appNtk/cla32_1_0_928_38.5.blif
time = 8410628 us
--------------- round 2 ---------------
seed = 168814892
maxLevel = 2
n388 is replaced by n413 with estimated error 0
error = 0
area = 918
delay = 38.5
#gates = 405
output circuit appNtk/cla32_2_0_918_38.5.blif
time = 14906732 us
--------------- round 3 ---------------
seed = 2794604879
maxLevel = 2
n478 is replaced by n488 with estimated error 2e-05
error = 2e-05
area = 907
delay = 31.6
#gates = 401
output circuit appNtk/cla32_3_2e-05_907_31.6.blif
time = 21193087 us
--------------- round 4 ---------------
seed = 168317681
maxLevel = 2
n274 is replaced by one with estimated error 1e-05
error = 1e-05
area = 900
delay = 31.6
#gates = 398
output circuit appNtk/cla32_4_1e-05_900_31.6.blif
time = 27224852 us
--------------- round 5 ---------------
seed = 12783009
maxLevel = 2
n463 is replaced by n486 with estimated error 4e-05
error = 4e-05
area = 895
delay = 30.1
#gates = 396
output circuit appNtk/cla32_5_4e-05_895_30.1.blif
time = 33002109 us
--------------- round 6 ---------------
seed = 1115898025
maxLevel = 2
n330 is replaced by n327 with estimated error 4e-05
error = 4e-05
area = 891
delay = 30.1
#gates = 395
output circuit appNtk/cla32_6_4e-05_891_30.1.blif
time = 38615419 us
--------------- round 7 ---------------
seed = 786089259
maxLevel = 2
n284 is replaced by n282 with estimated error 3e-05
error = 3e-05
area = 888
delay = 30.1
#gates = 393
output circuit appNtk/cla32_7_3e-05_888_30.1.blif
time = 44559930 us
--------------- round 8 ---------------
seed = 2987576278
maxLevel = 2
n265 is replaced by n214 with estimated error 5e-05
error = 5e-05
area = 885
delay = 30.1
#gates = 392
output circuit appNtk/cla32_8_5e-05_885_30.1.blif
time = 50076678 us
--------------- round 9 ---------------
seed = 2544725396
maxLevel = 2
n141 is replaced by n133 with estimated error 0.0001
error = 0.0001
area = 883
delay = 30.1
#gates = 391
output circuit appNtk/cla32_9_0.0001_883_30.1.blif
time = 55638078 us
--------------- round 10 ---------------
seed = 660266752
maxLevel = 2
n269 is replaced by n243 with estimated error 8e-05
error = 8e-05
area = 878
delay = 30.1
#gates = 389
output circuit appNtk/cla32_10_8e-05_878_30.1.blif
time = 61220202 us
--------------- round 11 ---------------
seed = 2263513856
maxLevel = 2
n276 is replaced by n245 with estimated error 9e-05
error = 9e-05
area = 873
delay = 30.1
#gates = 387
output circuit appNtk/cla32_11_9e-05_873_30.1.blif
time = 66834398 us
--------------- round 12 ---------------
seed = 2259861108
maxLevel = 2
n266 is replaced by n211 with estimated error 0.00011
error = 0.00011
area = 871
delay = 30.1
#gates = 386
output circuit appNtk/cla32_12_0.00011_871_30.1.blif
time = 72254258 us
--------------- round 13 ---------------
seed = 1454254612
maxLevel = 2
n447 is replaced by n457 with estimated error 0.00012
error = 0.00012
area = 870
delay = 30.1
#gates = 385
output circuit appNtk/cla32_13_0.00012_870_30.1.blif
time = 77925611 us
--------------- round 14 ---------------
seed = 3608908499
maxLevel = 2
n267 is replaced by n216 with estimated error 0.00016
error = 0.00016
area = 864
delay = 30.1
#gates = 383
output circuit appNtk/cla32_14_0.00016_864_30.1.blif
time = 83311909 us
--------------- round 15 ---------------
seed = 926144636
maxLevel = 2
n334 is replaced by n332 with estimated error 0.00027
error = 0.00027
area = 860
delay = 30.1
#gates = 381
output circuit appNtk/cla32_15_0.00027_860_30.1.blif
time = 88632476 us
--------------- round 16 ---------------
seed = 2759764233
maxLevel = 2
n384 is replaced by n360 with estimated error 0.00024
error = 0.00024
area = 857
delay = 30.1
#gates = 380
output circuit appNtk/cla32_16_0.00024_857_30.1.blif
time = 93901627 us
--------------- round 17 ---------------
seed = 1596460429
maxLevel = 2
n385 is replaced by one with estimated error 0.00022
error = 0.00022
area = 856
delay = 30.1
#gates = 379
output circuit appNtk/cla32_17_0.00022_856_30.1.blif
time = 99179517 us
--------------- round 18 ---------------
seed = 961414082
maxLevel = 2
n446 is replaced by n484 with estimated error 0.00055
error = 0.00055
area = 853
delay = 30.1
#gates = 378
output circuit appNtk/cla32_18_0.00055_853_30.1.blif
time = 104498124 us
--------------- round 19 ---------------
seed = 1331159906
maxLevel = 2
n278 is replaced by n271 with estimated error 0.00133
error = 0.00133
area = 849
delay = 30.1
#gates = 376
output circuit appNtk/cla32_19_0.00133_849_30.1.blif
time = 110018223 us
--------------- round 20 ---------------
seed = 2974624183
maxLevel = 2
n222 is replaced by n220 with estimated error 0.00289
error = 0.00289
area = 843
delay = 30.1
#gates = 373
output circuit appNtk/cla32_20_0.00289_843_30.1.blif
time = 115432780 us
--------------- round 21 ---------------
seed = 1504116533
maxLevel = 2
n418 is replaced by n483 with estimated error 0.00473
error = 0.00473
area = 836
delay = 30.1
#gates = 370
output circuit appNtk/cla32_21_0.00473_836_30.1.blif
time = 120623377 us
--------------- round 22 ---------------
seed = 1587653014
maxLevel = 2
n207 is replaced by one with estimated error 0.00666
error = 0.00666
area = 832
delay = 30.1
#gates = 368
output circuit appNtk/cla32_22_0.00666_832_30.1.blif
time = 125499697 us
--------------- round 23 ---------------
seed = 3498646979
maxLevel = 2
n215 is replaced by one with estimated error 0.00693
error = 0.00693
area = 829
delay = 30.1
#gates = 367
output circuit appNtk/cla32_23_0.00693_829_30.1.blif
time = 130354496 us
--------------- round 24 ---------------
seed = 4270144751
maxLevel = 2
n238 is replaced by n216 with estimated error 0.00982
error = 0.00982
area = 827
delay = 30.1
#gates = 366
output circuit appNtk/cla32_24_0.00982_827_30.1.blif
time = 135148622 us
--------------- round 25 ---------------
seed = 3307393630
maxLevel = 2
exceed error bound
