abc command read data/library/mcnc.genlib
Entered genlib library with 23 gates from file "data/library/mcnc.genlib".
abc command read_blif data/su/ksa32.blif
Line 11: Skipping line ".default_input_arrival 0.00 0.00 ".
Line 12: Skipping line ".default_output_required 0.00 0.00 ".
Line 13: Skipping line ".default_input_drive 0.10 0.10 ".
Line 14: Skipping line ".default_output_load 2.00 ".
Line 15: Skipping line ".default_max_input_load 999.00 ".
abc command print_stats
[1;37mksa32                         :[0m i/o =   64/   33  lat =    0  nd =   513  edge =   1090  area =1128.00  delay =17.80  lev = 14
--------------- round 1 ---------------
seed = 2915391339
maxLevel = 2
n493 is replaced by n435 with estimated error 0
error = 0
area = 1124
delay = 17.8
#gates = 513
output circuit appNtk/ksa32_1_0_1124_17.8.blif
time = 9698019 us
--------------- round 2 ---------------
seed = 3769384025
maxLevel = 2
n511 is replaced by one with estimated error 1e-05
error = 1e-05
area = 1120
delay = 17.8
#gates = 511
output circuit appNtk/ksa32_2_1e-05_1120_17.8.blif
time = 17845078 us
--------------- round 3 ---------------
seed = 2247371703
maxLevel = 2
n532 is replaced by one with estimated error 3e-05
error = 3e-05
area = 1116
delay = 17.8
#gates = 509
output circuit appNtk/ksa32_3_3e-05_1116_17.8.blif
time = 25333009 us
--------------- round 4 ---------------
seed = 1100501226
maxLevel = 2
n472 is replaced by one with estimated error 1e-05
error = 1e-05
area = 1112
delay = 17.7
#gates = 507
output circuit appNtk/ksa32_4_1e-05_1112_17.7.blif
time = 32684766 us
--------------- round 5 ---------------
seed = 1844402158
maxLevel = 2
n459 is replaced by one with estimated error 0
error = 0
area = 1109
delay = 17.7
#gates = 506
output circuit appNtk/ksa32_5_0_1109_17.7.blif
time = 40384630 us
--------------- round 6 ---------------
seed = 1685511027
maxLevel = 2
n326 is replaced by zero with estimated error 2e-05
error = 2e-05
area = 1106
delay = 17.7
#gates = 505
output circuit appNtk/ksa32_6_2e-05_1106_17.7.blif
time = 47789399 us
--------------- round 7 ---------------
seed = 1000935272
maxLevel = 2
n345 is replaced by zero with estimated error 2e-05
error = 2e-05
area = 1103
delay = 17.7
#gates = 504
output circuit appNtk/ksa32_7_2e-05_1103_17.7.blif
time = 55093201 us
--------------- round 8 ---------------
seed = 1948612989
maxLevel = 2
n361 is replaced by zero with estimated error 7e-05
error = 7e-05
area = 1100
delay = 17.7
#gates = 503
output circuit appNtk/ksa32_8_7e-05_1100_17.7.blif
time = 62306479 us
--------------- round 9 ---------------
seed = 1540777435
maxLevel = 2
n418 is replaced by one with estimated error 3e-05
error = 3e-05
area = 1097
delay = 17.7
#gates = 502
output circuit appNtk/ksa32_9_3e-05_1097_17.7.blif
time = 69629949 us
--------------- round 10 ---------------
seed = 2499508674
maxLevel = 2
n380 is replaced by zero with estimated error 9e-05
error = 9e-05
area = 1094
delay = 17.7
#gates = 501
output circuit appNtk/ksa32_10_9e-05_1094_17.7.blif
time = 76269442 us
--------------- round 11 ---------------
seed = 2481436950
maxLevel = 2
n501 is replaced by n499 with estimated error 2e-05
error = 2e-05
area = 1093
delay = 17.7
#gates = 500
output circuit appNtk/ksa32_11_2e-05_1093_17.7.blif
time = 83367411 us
--------------- round 12 ---------------
seed = 3025711794
maxLevel = 2
n397 is replaced by one with estimated error 5e-05
error = 5e-05
area = 1090
delay = 17.7
#gates = 499
output circuit appNtk/ksa32_12_5e-05_1090_17.7.blif
time = 89856376 us
--------------- round 13 ---------------
seed = 2152046877
maxLevel = 2
n435 is replaced by one with estimated error 3e-05
error = 3e-05
area = 1087
delay = 17.7
#gates = 498
output circuit appNtk/ksa32_13_3e-05_1087_17.7.blif
time = 96559443 us
--------------- round 14 ---------------
seed = 371368940
maxLevel = 2
n605 is replaced by one with estimated error 3e-05
error = 3e-05
area = 1085
delay = 17.7
#gates = 497
output circuit appNtk/ksa32_14_3e-05_1085_17.7.blif
time = 103275109 us
--------------- round 15 ---------------
seed = 4141837825
maxLevel = 2
n586 is replaced by one with estimated error 3e-05
error = 3e-05
area = 1083
delay = 17.7
#gates = 496
output circuit appNtk/ksa32_15_3e-05_1083_17.7.blif
time = 109342721 us
--------------- round 16 ---------------
seed = 2808211307
maxLevel = 2
n569 is replaced by one with estimated error 4e-05
error = 4e-05
area = 1081
delay = 17.7
#gates = 495
output circuit appNtk/ksa32_16_4e-05_1081_17.7.blif
time = 116047859 us
--------------- round 17 ---------------
seed = 3825979202
maxLevel = 2
n550 is replaced by one with estimated error 7e-05
error = 7e-05
area = 1079
delay = 17.7
#gates = 494
output circuit appNtk/ksa32_17_7e-05_1079_17.7.blif
time = 122628323 us
--------------- round 18 ---------------
seed = 333347486
maxLevel = 2
n407 is replaced by n405 with estimated error 7e-05
error = 7e-05
area = 1078
delay = 17.7
#gates = 493
output circuit appNtk/ksa32_18_7e-05_1078_17.7.blif
time = 129450895 us
--------------- round 19 ---------------
seed = 221922077
maxLevel = 2
n406 is replaced by n424 with estimated error 0.0001
error = 0.0001
area = 1076
delay = 17.7
#gates = 492
output circuit appNtk/ksa32_19_0.0001_1076_17.7.blif
time = 135812528 us
--------------- round 20 ---------------
seed = 149407448
maxLevel = 2
n425 is replaced by n423 with estimated error 9e-05
error = 9e-05
area = 1075
delay = 17.7
#gates = 491
output circuit appNtk/ksa32_20_9e-05_1075_17.7.blif
time = 142184021 us
--------------- round 21 ---------------
seed = 4136115766
maxLevel = 2
n444 is replaced by n442 with estimated error 0
error = 0
area = 1074
delay = 17.7
#gates = 490
output circuit appNtk/ksa32_21_0_1074_17.7.blif
time = 148204316 us
--------------- round 22 ---------------
seed = 1658409222
maxLevel = 2
n443 is replaced by n465 with estimated error 5e-05
error = 5e-05
area = 1072
delay = 17.7
#gates = 489
output circuit appNtk/ksa32_22_5e-05_1072_17.7.blif
time = 154812525 us
--------------- round 23 ---------------
seed = 503519237
maxLevel = 2
n466 is replaced by n464 with estimated error 6e-05
error = 6e-05
area = 1071
delay = 17.7
#gates = 488
output circuit appNtk/ksa32_23_6e-05_1071_17.7.blif
time = 161642102 us
--------------- round 24 ---------------
seed = 3260286315
maxLevel = 2
n482 is replaced by n480 with estimated error 6e-05
error = 6e-05
area = 1070
delay = 17.7
#gates = 487
output circuit appNtk/ksa32_24_6e-05_1070_17.7.blif
time = 168162067 us
--------------- round 25 ---------------
seed = 3747475047
maxLevel = 2
n481 is replaced by n500 with estimated error 5e-05
error = 5e-05
area = 1068
delay = 17.7
#gates = 486
output circuit appNtk/ksa32_25_5e-05_1068_17.7.blif
time = 174597970 us
--------------- round 26 ---------------
seed = 3266029825
maxLevel = 2
n521 is replaced by n519 with estimated error 6e-05
error = 6e-05
area = 1067
delay = 17.7
#gates = 485
output circuit appNtk/ksa32_26_6e-05_1067_17.7.blif
time = 181097257 us
--------------- round 27 ---------------
seed = 4289369176
maxLevel = 2
n520 is replaced by n539 with estimated error 4e-05
error = 4e-05
area = 1065
delay = 17.7
#gates = 484
output circuit appNtk/ksa32_27_4e-05_1065_17.7.blif
time = 187483596 us
--------------- round 28 ---------------
seed = 2826894700
maxLevel = 2
n594 is replaced by n592 with estimated error 8e-05
error = 8e-05
area = 1064
delay = 17.7
#gates = 483
output circuit appNtk/ksa32_28_8e-05_1064_17.7.blif
time = 193753596 us
--------------- round 29 ---------------
seed = 117957783
maxLevel = 2
n593 is replaced by n609 with inverter with estimated error 3e-05
error = 3e-05
area = 1062
delay = 17.7
#gates = 483
output circuit appNtk/ksa32_29_3e-05_1062_17.7.blif
time = 199886051 us
--------------- round 30 ---------------
seed = 760727117
maxLevel = 2
n610 is replaced by n613 with estimated error 4e-05
error = 4e-05
area = 1059
delay = 17.7
#gates = 482
output circuit appNtk/ksa32_30_4e-05_1059_17.7.blif
time = 205718642 us
--------------- round 31 ---------------
seed = 803537122
maxLevel = 2
n576 is replaced by n574 with estimated error 7e-05
error = 7e-05
area = 1058
delay = 17.7
#gates = 481
output circuit appNtk/ksa32_31_7e-05_1058_17.7.blif
time = 211599713 us
--------------- round 32 ---------------
seed = 3766589830
maxLevel = 2
n558 is replaced by n556 with estimated error 6e-05
error = 6e-05
area = 1057
delay = 17.7
#gates = 480
output circuit appNtk/ksa32_32_6e-05_1057_17.7.blif
time = 217220073 us
--------------- round 33 ---------------
seed = 2250034710
maxLevel = 2
n557 is replaced by n575 with estimated error 1e-05
error = 1e-05
area = 1054
delay = 17.7
#gates = 479
output circuit appNtk/ksa32_33_1e-05_1054_17.7.blif
time = 222872747 us
--------------- round 34 ---------------
seed = 1091561559
maxLevel = 2
n540 is replaced by n538 with estimated error 5e-05
error = 5e-05
area = 1053
delay = 17.7
#gates = 478
output circuit appNtk/ksa32_34_5e-05_1053_17.7.blif
time = 228427485 us
--------------- round 35 ---------------
seed = 3781071218
maxLevel = 2
n206 is replaced by n204 with estimated error 0.001
error = 0.001
area = 1047
delay = 17.7
#gates = 476
output circuit appNtk/ksa32_35_0.001_1047_17.7.blif
time = 234188281 us
--------------- round 36 ---------------
seed = 3163536452
maxLevel = 2
exceed error bound
