abc command read data/library/mcnc.genlib
Entered genlib library with 23 gates from file "data/library/mcnc.genlib".
abc command read_blif data/su/mtp8.blif
Line 7: Skipping line ".default_input_arrival 0.00 0.00 ".
Line 8: Skipping line ".default_output_required 0.00 0.00 ".
Line 9: Skipping line ".default_input_drive 0.10 0.10 ".
Line 10: Skipping line ".default_output_load 2.00 ".
Line 11: Skipping line ".default_max_input_load 999.00 ".
abc command print_stats
[1;37mmtp8                          :[0m i/o =   16/   16  lat =    0  nd =   430  edge =   1037  area =1069.00  delay =37.80  lev = 32
--------------- round 1 ---------------
seed = 3582960894
maxLevel = 2
n272 is replaced by n36 with estimated error 0
error = 0
area = 1065
delay = 37.8
#gates = 430
output circuit appNtk/mtp8_1_0_1065_37.8.blif
time = 17584502 us
--------------- round 2 ---------------
seed = 3675824529
maxLevel = 2
n37 is replaced by n273 with estimated error 0
error = 0
area = 1061
delay = 37.8
#gates = 429
output circuit appNtk/mtp8_2_0_1061_37.8.blif
time = 34154636 us
--------------- round 3 ---------------
seed = 243863142
maxLevel = 2
n44 is replaced by y[0] with estimated error 0
error = 0
area = 1057
delay = 37.8
#gates = 428
output circuit appNtk/mtp8_3_0_1057_37.8.blif
time = 50918929 us
--------------- round 4 ---------------
seed = 676234433
maxLevel = 2
n389 is replaced by n403 with estimated error 0
error = 0
area = 1054
delay = 37.8
#gates = 427
output circuit appNtk/mtp8_4_0_1054_37.8.blif
time = 67467049 us
--------------- round 5 ---------------
seed = 1949920245
maxLevel = 2
n126 is replaced by n137 with estimated error 0
error = 0
area = 1052
delay = 37.8
#gates = 426
output circuit appNtk/mtp8_5_0_1052_37.8.blif
time = 84134719 us
--------------- round 6 ---------------
seed = 3164593179
maxLevel = 2
n198 is replaced by n165 with inverter with estimated error 0
error = 0
area = 1050
delay = 37.8
#gates = 426
output circuit appNtk/mtp8_6_0_1050_37.8.blif
time = 100462475 us
--------------- round 7 ---------------
seed = 2637176519
maxLevel = 2
n201 is replaced by n202 with estimated error 0
error = 0
area = 1048
delay = 37.8
#gates = 425
output circuit appNtk/mtp8_7_0_1048_37.8.blif
time = 116927784 us
--------------- round 8 ---------------
seed = 307908282
maxLevel = 2
n59 is replaced by n54 with estimated error 0
error = 0
area = 1047
delay = 37.8
#gates = 424
output circuit appNtk/mtp8_8_0_1047_37.8.blif
time = 133479714 us
--------------- round 9 ---------------
seed = 3585226531
maxLevel = 2
n82 is replaced by n55 with estimated error 0
error = 0
area = 1046
delay = 37.8
#gates = 423
output circuit appNtk/mtp8_9_0_1046_37.8.blif
time = 149605984 us
--------------- round 10 ---------------
seed = 1449878058
maxLevel = 2
n452 is replaced by n454 with estimated error 0
error = 0
area = 1045
delay = 37.4
#gates = 422
output circuit appNtk/mtp8_10_0_1045_37.4.blif
time = 165735078 us
--------------- round 11 ---------------
seed = 3439954620
maxLevel = 2
n461 is replaced by n454 with estimated error 0
error = 0
area = 1044
delay = 37.4
#gates = 421
output circuit appNtk/mtp8_11_0_1044_37.4.blif
time = 181091701 us
--------------- round 12 ---------------
seed = 125717464
maxLevel = 2
n456 is replaced by n147 with estimated error 0
error = 0
area = 1039
delay = 37.4
#gates = 419
output circuit appNtk/mtp8_12_0_1039_37.4.blif
time = 195959230 us
--------------- round 13 ---------------
seed = 1212617876
maxLevel = 2
n459 is replaced by n373 with estimated error 0.00392
error = 0.00392
area = 1037
delay = 37.4
#gates = 418
output circuit appNtk/mtp8_13_0.00392_1037_37.4.blif
time = 210708013 us
--------------- round 14 ---------------
seed = 3610392071
maxLevel = 2
n457 is replaced by n162 with inverter with estimated error 0.00391
error = 0.00391
area = 1030
delay = 37.4
#gates = 417
output circuit appNtk/mtp8_14_0.00391_1030_37.4.blif
time = 225110822 us
--------------- round 15 ---------------
seed = 1622679144
maxLevel = 2
n458 is replaced by n183 with estimated error 0.00522
error = 0.00522
area = 1026
delay = 37.4
#gates = 416
output circuit appNtk/mtp8_15_0.00522_1026_37.4.blif
time = 239645519 us
--------------- round 16 ---------------
seed = 3865513112
maxLevel = 2
n466 is replaced by zero with estimated error 0.00488
error = 0.00488
area = 1025
delay = 37.4
#gates = 415
output circuit appNtk/mtp8_16_0.00488_1025_37.4.blif
time = 253681995 us
--------------- round 17 ---------------
seed = 1665357262
maxLevel = 2
exceed error bound
