abc command read data/library/mcnc.genlib
Entered genlib library with 23 gates from file "data/library/mcnc.genlib".
abc command read_blif data/su/rca32.blif
abc command print_stats
[1;37mrca32                         :[0m i/o =   64/   33  lat =    0  nd =   298  edge =    585  area =666.00  delay =16.10  lev = 12
--------------- round 1 ---------------
seed = 101525551
maxLevel = 2
n356 is replaced by zero with estimated error 0.00016
error = 0.00016
area = 661
delay = 16
#gates = 298
output circuit appNtk/rca32_1_0.00016_661_16.blif
time = 4080926 us
--------------- round 2 ---------------
seed = 1663270865
maxLevel = 2
n242 is replaced by one with estimated error 0.00215
error = 0.00215
area = 656
delay = 16
#gates = 296
output circuit appNtk/rca32_2_0.00215_656_16.blif
time = 7344863 us
--------------- round 3 ---------------
seed = 3647469119
maxLevel = 2
n320 is replaced by zero with estimated error 0.00366
error = 0.00366
area = 654
delay = 16
#gates = 295
output circuit appNtk/rca32_3_0.00366_654_16.blif
time = 9941998 us
--------------- round 4 ---------------
seed = 2375182115
maxLevel = 2
n249 is replaced by n247 with estimated error 0.0333
error = 0.0333
area = 643
delay = 16
#gates = 291
output circuit appNtk/rca32_4_0.0333_643_16.blif
time = 12228161 us
--------------- round 5 ---------------
seed = 3000557036
maxLevel = 2
n358 is replaced by n334 with estimated error 0.04706
error = 0.04706
area = 640
delay = 16
#gates = 290
output circuit appNtk/rca32_5_0.04706_640_16.blif
time = 14227384 us
--------------- round 6 ---------------
seed = 99427889
maxLevel = 2
exceed error bound
