Original Area:1069.000000, Original Delay:37.800000, Orignial Gate :430
Change gate [166469] with gate[166345]  , changed gate loc: 264,  sub gate loc: 36Inverter: 0
Simulate AEM is 0.000000
Now AEM is 0.000000
Simulate added AEM is 0.000000, Now added AEM is 0.000000
Approximate gate:428, Approximate area:1065.000000
Accurate error is 0.000000, Area :1065.000000, Delay: 37.800000, Gate: 428
Now running time: 98
Change gate [167126] with gate[167814]  , changed gate loc: 37,  sub gate loc: 265Inverter: 0
Simulate AEM is 0.000000
Now AEM is 0.000000
Simulate added AEM is 0.000000, Now added AEM is 0.000000
Approximate gate:427, Approximate area:1061.000000
Accurate error is 0.000000, Area :1061.000000, Delay: 37.800000, Gate: 427
Now running time: 199
Change gate [166351] with gatey[0]  , changed gate loc: 44,  sub gate loc: 10Inverter: 0
Simulate AEM is 0.000000
Now AEM is 0.000000
Simulate added AEM is 0.000000, Now added AEM is 0.000000
Approximate gate:427, Approximate area:1058.000000
Accurate error is 0.000000, Area :1058.000000, Delay: 37.800000, Gate: 427
Now running time: 301
Change gate [164857] with gate[167660]  , changed gate loc: 378,  sub gate loc: 391Inverter: 0
Simulate AEM is 0.000000
Now AEM is 0.000000
Simulate added AEM is 0.000000, Now added AEM is 0.000000
Approximate gate:426, Approximate area:1055.000000
Accurate error is 0.000000, Area :1055.000000, Delay: 37.800000, Gate: 426
Now running time: 401
Change gate [168101] with gate[166441]  , changed gate loc: 196,  sub gate loc: 195Inverter: 0
Simulate AEM is 0.000000
Now AEM is 0.000000
Simulate added AEM is 0.000000, Now added AEM is 0.000000
Approximate gate:425, Approximate area:1053.000000
Accurate error is 0.000000, Area :1053.000000, Delay: 37.800000, Gate: 425
Now running time: 502
Change gate [166406] with gaten556  , changed gate loc: 192,  sub gate loc: 160Inverter: 1
Simulate AEM is 0.000000
Now AEM is 0.000000
Simulate added AEM is 0.000000, Now added AEM is 0.000000
Approximate gate:425, Approximate area:1051.000000
Accurate error is 0.000000, Area :1051.000000, Delay: 37.800000, Gate: 425
Now running time: 601
Change gate [166399] with gate[167340]  , changed gate loc: 133,  sub gate loc: 122Inverter: 0
Simulate AEM is 0.000000
Now AEM is 0.000000
Simulate added AEM is 0.000000, Now added AEM is 0.000000
Approximate gate:424, Approximate area:1049.000000
Accurate error is 0.000000, Area :1049.000000, Delay: 37.800000, Gate: 424
Now running time: 700
Change gate [167001] with gate[166559]  , changed gate loc: 447,  sub gate loc: 440Inverter: 0
Simulate AEM is 0.000000
Now AEM is 0.000000
Simulate added AEM is 0.000000, Now added AEM is 0.000000
Approximate gate:423, Approximate area:1048.000000
Accurate error is 0.000000, Area :1048.000000, Delay: 37.800000, Gate: 423
Now running time: 798
Change gate [166909] with gate[166358]  , changed gate loc: 58,  sub gate loc: 53Inverter: 0
Simulate AEM is 0.000000
Now AEM is 0.000000
Simulate added AEM is 0.000000, Now added AEM is 0.000000
Approximate gate:422, Approximate area:1047.000000
Accurate error is 0.000000, Area :1047.000000, Delay: 37.800000, Gate: 422
Now running time: 897
Change gate [167033] with gate[167132]  , changed gate loc: 80,  sub gate loc: 54Inverter: 0
Simulate AEM is 0.000000
Now AEM is 0.000000
Simulate added AEM is 0.000000, Now added AEM is 0.000000
Approximate gate:421, Approximate area:1046.000000
Accurate error is 0.000000, Area :1046.000000, Delay: 37.800000, Gate: 421
Now running time: 993
Change gate [166558] with gate[167001]  , changed gate loc: 438,  sub gate loc: 447Inverter: 0
Simulate AEM is 0.000000
Now AEM is 0.000000
Simulate added AEM is 0.000000, Now added AEM is 0.000000
Approximate gate:420, Approximate area:1045.000000
Accurate error is 0.000000, Area :1045.000000, Delay: 37.400000, Gate: 420
Now running time: 1087
Change gate n32 with gate[166412]  , changed gate loc: 442,  sub gate loc: 142Inverter: 0
Simulate AEM is 0.000000
Now AEM is 0.000000
Simulate added AEM is 0.000000, Now added AEM is 0.000000
Approximate gate:418, Approximate area:1040.000000
Accurate error is 0.000000, Area :1040.000000, Delay: 37.400000, Gate: 418
Now running time: 1179
Change gate [166348] with gate[167126]  , changed gate loc: 40,  sub gate loc: 37Inverter: 0
Simulate AEM is 0.309660
Now AEM is 0.248020
Simulate added AEM is 0.309660, Now added AEM is 0.248020
Approximate gate:416, Approximate area:1034.000000
Accurate error is 0.248020, Area :1034.000000, Delay: 37.400000, Gate: 416
Now running time: 1271
Change gate [166902] with gate[166469]  , changed gate loc: 41,  sub gate loc: 264Inverter: 0
Simulate AEM is 0.309660
Now AEM is 0.251800
Simulate added AEM is 0.000000, Now added AEM is 0.003780
Approximate gate:415, Approximate area:1033.000000
Accurate error is 0.251800, Area :1033.000000, Delay: 37.400000, Gate: 415
Now running time: 1374
The 0 choose is not good
Change gate [166360] with gate[166906]  , changed gate loc: 59,  sub gate loc: 46Inverter: 0
Simulate AEM is 0.443420
Now AEM is 0.626340
Simulate added AEM is 0.133760, Now added AEM is 0.374540
Approximate gate:414, Approximate area:1031.000000
Accurate error is 0.626340, Area :1031.000000, Delay: 37.400000, Gate: 414
Now running time: 1485
Change gate [166912] with gate[166352]  , changed gate loc: 60,  sub gate loc: 45Inverter: 0
Simulate AEM is 0.443420
Now AEM is 0.629820
Simulate added AEM is 0.000000, Now added AEM is 0.003480
Approximate gate:413, Approximate area:1030.000000
Accurate error is 0.629820, Area :1030.000000, Delay: 37.400000, Gate: 413
Now running time: 1609
The 0 choose is not good
The 1 choose is not good
The 2 choose is not good
The 3 choose is not good
The 4 choose is not good
Change gate result[0] with gatezero  , changed gate loc: 18,  sub gate loc: 0Inverter: 0
Simulate AEM is 0.556730
Now AEM is 0.624910
Simulate added AEM is 0.113310, Now added AEM is -0.004910
Approximate gate:413, Approximate area:1028.000000
Accurate error is 0.624910, Area :1028.000000, Delay: 37.400000, Gate: 413
Now running time: 1725
The 0 choose is not good
The 1 choose is not good
The 2 choose is not good
The 3 choose is not good
The 4 choose is not good
The 5 choose is not good
The 6 choose is not good
The 7 choose is not good
The 8 choose is not good
The 9 choose is not good
Change gate [167281] with gate[166489]  , changed gate loc: 72,  sub gate loc: 303Inverter: 0
Simulate AEM is 0.532310
Now AEM is 3.491650
Simulate added AEM is -0.024420, Now added AEM is 2.866740
AEM Threshold: 1 Now AEM: 3.49165
ALL running time: 1838
Error propagation matrix time: 60 with 32326 node
Error simulation time: 1741 with 1493016 node
Area time: 0
Whole find time: 1806
