Original Area:666.000000, Original Delay:16.100000, Orignial Gate :298
Change gate s[0] with gaten99  , changed gate loc: 66,  sub gate loc: 99Inverter: 0
Simulate AEM is 0.251090
Now AEM is 0.251090
Simulate added AEM is 0.251090, Now added AEM is 0.251090
Approximate gate:297, Approximate area:661.000000
Accurate error is 0.251090, Area :661.000000, Delay: 16.100000, Gate: 297
Now running time: 22
Change gate n162 with gaten127  , changed gate loc: 155,  sub gate loc: 124Inverter: 1
Simulate AEM is 0.020690
Now AEM is 43.618310
Simulate added AEM is -0.230400, Now added AEM is 43.367220
Approximate gate:296, Approximate area:655.000000
Accurate error is 43.618310, Area :655.000000, Delay: 16.000000, Gate: 296
Now running time: 49
Change gate n165 with gaten145  , changed gate loc: 158,  sub gate loc: 140Inverter: 0
Simulate AEM is -0.406830
Now AEM is 55.511180
Simulate added AEM is -0.427520, Now added AEM is 11.892870
Approximate gate:295, Approximate area:653.000000
Accurate error is 55.511180, Area :653.000000, Delay: 16.000000, Gate: 295
Now running time: 78
Change gate n128 with gaten126  , changed gate loc: 125,  sub gate loc: 123Inverter: 0
Simulate AEM is -0.727150
Now AEM is 55.886960
Simulate added AEM is -0.320320, Now added AEM is 0.375780
Approximate gate:294, Approximate area:651.000000
Accurate error is 55.886960, Area :651.000000, Delay: 16.000000, Gate: 294
Now running time: 106
Change gate n216 with gateone  , changed gate loc: 204,  sub gate loc: 1Inverter: 0
Simulate AEM is -2.857070
Now AEM is 2110.155670
Simulate added AEM is -2.129920, Now added AEM is 2054.268710
Approximate gate:292, Approximate area:647.000000
Accurate error is 2110.155670, Area :647.000000, Delay: 16.000000, Gate: 292
Now running time: 131
Change gate n102 with gatex[1]  , changed gate loc: 102,  sub gate loc: 3Inverter: 0
Simulate AEM is -2.858350
Now AEM is 2088.859780
Simulate added AEM is -0.001280, Now added AEM is -21.295890
Approximate gate:290, Approximate area:644.000000
Accurate error is 2088.859780, Area :644.000000, Delay: 16.000000, Gate: 290
Now running time: 155
Change gate s[2] with gaten107  , changed gate loc: 68,  sub gate loc: 106Inverter: 1
Simulate AEM is -2.859030
Now AEM is 2109.609860
Simulate added AEM is -0.000680, Now added AEM is 20.750080
Approximate gate:288, Approximate area:638.000000
Accurate error is 2109.609860, Area :638.000000, Delay: 16.000000, Gate: 288
Now running time: 180
Change gate s[1] with gatezero  , changed gate loc: 67,  sub gate loc: 0Inverter: 0
Simulate AEM is -2.859050
Now AEM is 2110.778580
Simulate added AEM is -0.000020, Now added AEM is 1.168720
Approximate gate:287, Approximate area:631.000000
Accurate error is 2110.778580, Area :631.000000, Delay: 16.000000, Gate: 287
Now running time: 204
Change gate s[3] with gaten131  , changed gate loc: 69,  sub gate loc: 128Inverter: 1
Simulate AEM is -2.859130
Now AEM is 2095.940200
Simulate added AEM is -0.000080, Now added AEM is -14.838380
Approximate gate:281, Approximate area:617.000000
Accurate error is 2095.940200, Area :617.000000, Delay: 16.000000, Gate: 281
Now running time: 228
Change gate n130 with gatex[2]  , changed gate loc: 127,  sub gate loc: 4Inverter: 0
Simulate AEM is -2.860090
Now AEM is 2115.459770
Simulate added AEM is -0.000960, Now added AEM is 19.519570
Approximate gate:276, Approximate area:606.000000
Accurate error is 2115.459770, Area :606.000000, Delay: 16.000000, Gate: 276
Now running time: 251
Change gate n152 with gaten375  , changed gate loc: 147,  sub gate loc: 347Inverter: 0
Simulate AEM is -2.860730
Now AEM is 2138.420090
Simulate added AEM is -0.000640, Now added AEM is 22.960320
Approximate gate:274, Approximate area:603.000000
Accurate error is 2138.420090, Area :603.000000, Delay: 16.000000, Gate: 274
Now running time: 273
Change gate s[0] with gateone  , changed gate loc: 66,  sub gate loc: 1Inverter: 0
Simulate AEM is -2.861420
Now AEM is 2121.490710
Simulate added AEM is -0.000690, Now added AEM is -16.929380
Approximate gate:274, Approximate area:601.000000
Accurate error is 2121.490710, Area :601.000000, Delay: 16.000000, Gate: 274
Now running time: 295
Change gate n129 with gaten163  , changed gate loc: 126,  sub gate loc: 156Inverter: 0
Simulate AEM is -2.861740
Now AEM is 2127.965230
Simulate added AEM is -0.000320, Now added AEM is 6.474520
Approximate gate:273, Approximate area:599.000000
Accurate error is 2127.965230, Area :599.000000, Delay: 16.000000, Gate: 273
Now running time: 316
Change gate s[5] with gaten125  , changed gate loc: 71,  sub gate loc: 122Inverter: 1
Simulate AEM is -2.863340
Now AEM is 2129.715450
Simulate added AEM is -0.001600, Now added AEM is 1.750220
Approximate gate:272, Approximate area:593.000000
Accurate error is 2129.715450, Area :593.000000, Delay: 16.000000, Gate: 272
Now running time: 338
Change gate s[4] with gateone  , changed gate loc: 70,  sub gate loc: 1Inverter: 0
Simulate AEM is -2.867180
Now AEM is 2137.532660
Simulate added AEM is -0.003840, Now added AEM is 7.817210
Approximate gate:272, Approximate area:588.000000
Accurate error is 2137.532660, Area :588.000000, Delay: 16.000000, Gate: 272
Now running time: 360
Change gate n131 with gaten117  , changed gate loc: 128,  sub gate loc: 115Inverter: 0
Simulate AEM is -2.868540
Now AEM is 2140.935920
Simulate added AEM is -0.001360, Now added AEM is 3.403260
Approximate gate:267, Approximate area:576.000000
Accurate error is 2140.935920, Area :576.000000, Delay: 16.000000, Gate: 267
Now running time: 381
Change gate s[7] with gaten147  , changed gate loc: 73,  sub gate loc: 142Inverter: 0
Simulate AEM is -2.869820
Now AEM is 2131.092580
Simulate added AEM is -0.001280, Now added AEM is -9.843340
Approximate gate:264, Approximate area:567.000000
Accurate error is 2131.092580, Area :567.000000, Delay: 16.000000, Gate: 264
Now running time: 402
Change gate s[8] with gaten107  , changed gate loc: 74,  sub gate loc: 106Inverter: 0
Simulate AEM is -2.872380
Now AEM is 2205.312130
Simulate added AEM is -0.002560, Now added AEM is 74.219550
Approximate gate:262, Approximate area:560.000000
Accurate error is 2205.312130, Area :560.000000, Delay: 16.000000, Gate: 262
Now running time: 422
Change gate s[9] with gaten204  , changed gate loc: 75,  sub gate loc: 193Inverter: 0
Simulate AEM is -2.897980
Now AEM is 2348.494270
Simulate added AEM is -0.025600, Now added AEM is 143.182140
Approximate gate:260, Approximate area:553.000000
Accurate error is 2348.494270, Area :553.000000, Delay: 16.000000, Gate: 260
Now running time: 442
Change gate n132 with gatezero  , changed gate loc: 129,  sub gate loc: 0Inverter: 0
Simulate AEM is -2.901820
Now AEM is 2329.247720
Simulate added AEM is -0.003840, Now added AEM is -19.246550
Approximate gate:259, Approximate area:550.000000
Accurate error is 2329.247720, Area :550.000000, Delay: 16.000000, Gate: 259
Now running time: 462
Change gate s[11] with gaten166  , changed gate loc: 77,  sub gate loc: 159Inverter: 0
Simulate AEM is -2.942780
Now AEM is 3011.180130
Simulate added AEM is -0.040960, Now added AEM is 681.932410
Approximate gate:256, Approximate area:540.000000
Accurate error is 3011.180130, Area :540.000000, Delay: 16.000000, Gate: 256
Now running time: 482
Change gate s[3] with gateone  , changed gate loc: 69,  sub gate loc: 1Inverter: 0
Simulate AEM is -2.943660
Now AEM is 3011.813870
Simulate added AEM is -0.000880, Now added AEM is 0.633740
Approximate gate:255, Approximate area:538.000000
Accurate error is 3011.813870, Area :538.000000, Delay: 16.000000, Gate: 255
Now running time: 501
Change gate s[10] with gaten134  , changed gate loc: 76,  sub gate loc: 130Inverter: 0
Simulate AEM is -2.964140
Now AEM is 3176.231020
Simulate added AEM is -0.020480, Now added AEM is 164.417150
Approximate gate:247, Approximate area:521.000000
Accurate error is 3176.231020, Area :521.000000, Delay: 16.000000, Gate: 247
Now running time: 519
Change gate s[2] with gatezero  , changed gate loc: 68,  sub gate loc: 0Inverter: 0
Simulate AEM is -2.969380
Now AEM is 3153.228840
Simulate added AEM is -0.005240, Now added AEM is -23.002180
Approximate gate:247, Approximate area:520.000000
Accurate error is 3153.228840, Area :520.000000, Delay: 16.000000, Gate: 247
Now running time: 537
Change gate n229 with gaten176  , changed gate loc: 216,  sub gate loc: 168Inverter: 0
Simulate AEM is -2.994380
Now AEM is 6211.982580
Simulate added AEM is -0.025000, Now added AEM is 3058.753740
Approximate gate:246, Approximate area:518.000000
Accurate error is 6211.982580, Area :518.000000, Delay: 16.000000, Gate: 246
Now running time: 555
Change gate s[5] with gaten127  , changed gate loc: 71,  sub gate loc: 124Inverter: 0
Simulate AEM is -3.007180
Now AEM is 6225.926050
Simulate added AEM is -0.012800, Now added AEM is 13.943470
Approximate gate:245, Approximate area:517.000000
Accurate error is 6225.926050, Area :517.000000, Delay: 16.000000, Gate: 245
Now running time: 573
Change gate s[12] with gatezero  , changed gate loc: 78,  sub gate loc: 0Inverter: 0
Simulate AEM is -3.089100
Now AEM is 6464.559010
Simulate added AEM is -0.081920, Now added AEM is 238.632960
Approximate gate:244, Approximate area:510.000000
Accurate error is 6464.559010, Area :510.000000, Delay: 16.000000, Gate: 244
Now running time: 590
Change gate n148 with gateone  , changed gate loc: 143,  sub gate loc: 1Inverter: 0
Simulate AEM is -3.229900
Now AEM is 6455.141300
Simulate added AEM is -0.140800, Now added AEM is -9.417710
Approximate gate:242, Approximate area:506.000000
Accurate error is 6455.141300, Area :506.000000, Delay: 16.000000, Gate: 242
Now running time: 607
Change gate n150 with gatezero  , changed gate loc: 145,  sub gate loc: 0Inverter: 0
Simulate AEM is -3.416140
Now AEM is 6456.126710
Simulate added AEM is -0.186240, Now added AEM is 0.985410
Approximate gate:240, Approximate area:502.000000
Accurate error is 6456.126710, Area :502.000000, Delay: 16.000000, Gate: 240
Now running time: 624
Change gate s[13] with gatex[1]  , changed gate loc: 79,  sub gate loc: 3Inverter: 1
Simulate AEM is -3.437400
Now AEM is 7805.278480
Simulate added AEM is -0.021260, Now added AEM is 1349.151770
Approximate gate:239, Approximate area:496.000000
Accurate error is 7805.278480, Area :496.000000, Delay: 16.000000, Gate: 239
Now running time: 641
Change gate s[14] with gaten249  , changed gate loc: 80,  sub gate loc: 234Inverter: 1
Simulate AEM is -3.601240
Now AEM is 9591.345960
Simulate added AEM is -0.163840, Now added AEM is 1786.067480
Approximate gate:237, Approximate area:490.000000
Accurate error is 9591.345960, Area :490.000000, Delay: 16.000000, Gate: 237
Now running time: 657
Change gate s[15] with gaten129  , changed gate loc: 81,  sub gate loc: 126Inverter: 0
Simulate AEM is -3.613760
Now AEM is 19483.126610
Simulate added AEM is -0.012520, Now added AEM is 9891.780650
Approximate gate:224, Approximate area:461.000000
Accurate error is 19483.126610, Area :461.000000, Delay: 16.000000, Gate: 224
Now running time: 673
Change gate s[7] with gateone  , changed gate loc: 73,  sub gate loc: 1Inverter: 0
Simulate AEM is -3.622720
Now AEM is 19480.949050
Simulate added AEM is -0.008960, Now added AEM is -2.177560
Approximate gate:224, Approximate area:459.000000
Accurate error is 19480.949050, Area :459.000000, Delay: 16.000000, Gate: 224
Now running time: 688
Change gate s[8] with gateone  , changed gate loc: 74,  sub gate loc: 1Inverter: 0
Simulate AEM is -3.673920
Now AEM is 19508.859270
Simulate added AEM is -0.051200, Now added AEM is 27.910220
Approximate gate:224, Approximate area:458.000000
Accurate error is 19508.859270, Area :458.000000, Delay: 16.000000, Gate: 224
Now running time: 703
Change gate n178 with gatex[9]  , changed gate loc: 170,  sub gate loc: 11Inverter: 0
Simulate AEM is -4.108900
Now AEM is 19508.286720
Simulate added AEM is -0.434980, Now added AEM is -0.572550
Approximate gate:222, Approximate area:455.000000
Accurate error is 19508.286720, Area :455.000000, Delay: 16.000000, Gate: 222
Now running time: 717
Change gate n138 with gateone  , changed gate loc: 134,  sub gate loc: 1Inverter: 0
Simulate AEM is -4.416100
Now AEM is 19500.606550
Simulate added AEM is -0.307200, Now added AEM is -7.680170
Approximate gate:220, Approximate area:451.000000
Accurate error is 19500.606550, Area :451.000000, Delay: 16.000000, Gate: 220
Now running time: 732
The 0 choose is not good
Change gate s[11] with gateone  , changed gate loc: 77,  sub gate loc: 1Inverter: 0
Simulate AEM is -6.935140
Now AEM is 19485.473240
Simulate added AEM is -2.519040, Now added AEM is -15.133310
Approximate gate:213, Approximate area:436.000000
Accurate error is 19485.473240, Area :436.000000, Delay: 16.000000, Gate: 213
Now running time: 746
Change gate s[5] with gateone  , changed gate loc: 71,  sub gate loc: 1Inverter: 0
Simulate AEM is -6.995620
Now AEM is 19537.708670
Simulate added AEM is -0.060480, Now added AEM is 52.235430
Approximate gate:212, Approximate area:433.000000
Accurate error is 19537.708670, Area :433.000000, Delay: 16.000000, Gate: 212
Now running time: 760
Change gate s[16] with gates[9]  , changed gate loc: 82,  sub gate loc: 75Inverter: 1
Simulate AEM is -7.325860
Now AEM is 41232.144730
Simulate added AEM is -0.330240, Now added AEM is 21694.436060
Approximate gate:211, Approximate area:427.000000
Accurate error is 41232.144730, Area :427.000000, Delay: 16.000000, Gate: 211
Now running time: 774
Change gate n165 with gateone  , changed gate loc: 158,  sub gate loc: 1Inverter: 0
Simulate AEM is -7.706660
Now AEM is 41271.012110
Simulate added AEM is -0.380800, Now added AEM is 38.867380
Approximate gate:208, Approximate area:422.000000
Accurate error is 41271.012110, Area :422.000000, Delay: 16.000000, Gate: 208
Now running time: 787
The 0 choose is not good
The 1 choose is not good
Change gate n248 with gatezero  , changed gate loc: 233,  sub gate loc: 0Inverter: 0
Simulate AEM is -19.127000
Now AEM is 43079.662550
Simulate added AEM is -11.420340, Now added AEM is 1808.650440
Approximate gate:191, Approximate area:380.000000
Accurate error is 43079.662550, Area :380.000000, Delay: 16.000000, Gate: 191
Now running time: 801
The 0 choose is not good
Change gate s[6] with gatezero  , changed gate loc: 72,  sub gate loc: 0Inverter: 0
Simulate AEM is -20.215000
Now AEM is 43114.167460
Simulate added AEM is -1.088000, Now added AEM is 34.504910
Approximate gate:189, Approximate area:376.000000
Accurate error is 43114.167460, Area :376.000000, Delay: 16.000000, Gate: 189
Now running time: 813
Change gate s[10] with gatezero  , changed gate loc: 76,  sub gate loc: 0Inverter: 0
Simulate AEM is -20.942040
Now AEM is 42846.778380
Simulate added AEM is -0.727040, Now added AEM is -267.389080
Approximate gate:189, Approximate area:375.000000
Accurate error is 42846.778380, Area :375.000000, Delay: 16.000000, Gate: 189
Now running time: 824
The 0 choose is not good
Change gate s[15] with gatey[4]  , changed gate loc: 81,  sub gate loc: 38Inverter: 1
Simulate AEM is -25.123740
Now AEM is 42606.883330
Simulate added AEM is -4.181700, Now added AEM is -239.895050
Approximate gate:187, Approximate area:371.000000
Accurate error is 42606.883330, Area :371.000000, Delay: 16.000000, Gate: 187
Now running time: 837
Change gate s[9] with gatey[8]  , changed gate loc: 75,  sub gate loc: 42Inverter: 0
Simulate AEM is -25.773980
Now AEM is 49242.181810
Simulate added AEM is -0.650240, Now added AEM is 6635.298480
Approximate gate:177, Approximate area:355.000000
Accurate error is 49242.181810, Area :355.000000, Delay: 16.000000, Gate: 177
Now running time: 848
The 0 choose is not good
Change gate n268 with gaten281  , changed gate loc: 251,  sub gate loc: 262Inverter: 0
Simulate AEM is -31.782240
Now AEM is 105119.465360
Simulate added AEM is -6.008260, Now added AEM is 55877.283550
Approximate gate:175, Approximate area:352.000000
Accurate error is 105119.465360, Area :352.000000, Delay: 16.000000, Gate: 175
Now running time: 859
Change gate n260 with gateone  , changed gate loc: 244,  sub gate loc: 1Inverter: 0
Simulate AEM is -32.944100
Now AEM is 123354.362130
Simulate added AEM is -1.161860, Now added AEM is 18234.896770
Approximate gate:175, Approximate area:350.000000
Accurate error is 123354.362130, Area :350.000000, Delay: 16.000000, Gate: 175
Now running time: 870
The 0 choose is not good
Change gate s[14] with gaten200  , changed gate loc: 80,  sub gate loc: 189Inverter: 0
Simulate AEM is -34.090980
Now AEM is 124391.089970
Simulate added AEM is -1.146880, Now added AEM is 1036.727840
Approximate gate:174, Approximate area:349.000000
Accurate error is 124391.089970, Area :349.000000, Delay: 16.000000, Gate: 174
Now running time: 881
The 0 choose is not good
The 1 choose is not good
The 2 choose is not good
Change gate s[13] with gatezero  , changed gate loc: 79,  sub gate loc: 0Inverter: 0
Simulate AEM is -34.664420
Now AEM is 123886.488420
Simulate added AEM is -0.573440, Now added AEM is -504.601550
Approximate gate:174, Approximate area:348.000000
Accurate error is 123886.488420, Area :348.000000, Delay: 16.000000, Gate: 174
Now running time: 892
The 0 choose is not good
Change gate s[17] with gatezero  , changed gate loc: 83,  sub gate loc: 0Inverter: 0
Simulate AEM is -35.975140
Now AEM is 122117.684930
Simulate added AEM is -1.310720, Now added AEM is -1768.803490
Approximate gate:173, Approximate area:343.000000
Accurate error is 122117.684930, Area :343.000000, Delay: 16.000000, Gate: 173
Now running time: 903
The 0 choose is not good
The 1 choose is not good
The 2 choose is not good
The 3 choose is not good
Change gate s[15] with gateone  , changed gate loc: 81,  sub gate loc: 1Inverter: 0
Simulate AEM is -56.459740
Now AEM is 120328.740080
Simulate added AEM is -20.484600, Now added AEM is -1788.944850
Approximate gate:173, Approximate area:342.000000
Accurate error is 120328.740080, Area :342.000000, Delay: 16.000000, Gate: 173
Now running time: 914
The 0 choose is not good
The 1 choose is not good
The 2 choose is not good
The 3 choose is not good
The 4 choose is not good
The 5 choose is not good
The 6 choose is not good
The 7 choose is not good
The 8 choose is not good
The 9 choose is not good
Change gate s[23] with gatex[0]  , changed gate loc: 89,  sub gate loc: 2Inverter: 0
Simulate AEM is -402.618560
Now AEM is 4242445.338820
Simulate added AEM is -346.158820, Now added AEM is 4122116.598740
AEM Threshold: 131425 Now AEM: 4.24245e+06
ALL running time: 927
Error propagation matrix time: 59 with 36277 node
Error simulation time: 812 with 689231 node
Area time: 0
Whole find time: 875
