abc command read data/library/mcnc.genlib
Entered genlib library with 23 gates from file "data/library/mcnc.genlib".
abc command read_blif data/su/c7552.blif
Line 21: Skipping line ".default_input_arrival 0.00 0.00 ".
Line 22: Skipping line ".default_output_required 0.00 0.00 ".
Line 23: Skipping line ".default_input_drive 0.10 0.10 ".
Line 24: Skipping line ".default_output_load 2.00 ".
Line 25: Skipping line ".default_max_input_load 999.00 ".
abc command print_stats
[1;37mc7552                         :[0m i/o =  207/  108  lat =    0  nd =  1125  edge =   2605  area =2756.00  delay =69.40  lev = 50
--------------- round 1 ---------------
seed = 1365475545
maxLevel = 2147483647
size of nodeLACs = 1443
size of candLACs = 18
n1169 is replaced by one with estimated error 0
error = 0
high accuracy error = 0
area = 2747
delay = 69.4
#gates = 1124
new area = 2618
new delay = 54.6
output circuit appNtk/c7552_1_0_2747_69.4.blif
time = 124300570 us
--------------- round 2 ---------------
seed = 2782712623
maxLevel = 2147483647
size of nodeLACs = 1443
size of candLACs = 15
mismatch error: 0, 0.00016
n823 is replaced by zero with estimated error 0.00016
error = 0
high accuracy error = 0
area = 2745
delay = 69.4
#gates = 1123
new area = 2621
new delay = 54.6
output circuit appNtk/c7552_2_0_2745_69.4.blif
time = 248318304 us
--------------- round 3 ---------------
seed = 4211796233
maxLevel = 2147483647
size of nodeLACs = 1443
size of candLACs = 14
mismatch error: 0.03034, 0.03076
n867 is replaced by n865 with estimated error 0.03034
error = 0.03034
high accuracy error = 0.030832
area = 2672
delay = 69.4
#gates = 1095
new area = 2548
new delay = 54.6
