Original Area:958.000000, Original Delay:38.500000, Orignial Gate :419
Change gate [1809] with gate[3103]  , changed gate loc: 473,  sub gate loc: 461Inverter: 0
Simulate AEM is 0.000000
Now AEM is 0.000000
Simulate added AEM is 0.000000, Now added AEM is 0.000000
Approximate gate:407, Approximate area:928.000000
Accurate error is 0.000000, Area :928.000000, Delay: 38.500000, Gate: 407
Now running time: 47
Change gate [1796] with gate[3098]  , changed gate loc: 449,  sub gate loc: 458Inverter: 0
Simulate AEM is 0.000000
Now AEM is 0.000000
Simulate added AEM is 0.000000, Now added AEM is 0.000000
Approximate gate:403, Approximate area:917.000000
Accurate error is 0.000000, Area :917.000000, Delay: 31.600000, Gate: 403
Now running time: 91
Change gate [2874] with gate[1746]  , changed gate loc: 366,  sub gate loc: 389Inverter: 0
Simulate AEM is 0.000000
Now AEM is 0.000000
Simulate added AEM is 0.000000, Now added AEM is 0.000000
Approximate gate:399, Approximate area:907.000000
Accurate error is 0.000000, Area :907.000000, Delay: 31.600000, Gate: 399
Now running time: 134
Change gate [2636] with gate[2670]  , changed gate loc: 260,  sub gate loc: 276Inverter: 0
Simulate AEM is 0.000000
Now AEM is 10737.418240
Simulate added AEM is 0.000000, Now added AEM is 10737.418240
Approximate gate:396, Approximate area:900.000000
Accurate error is 10737.418240, Area :900.000000, Delay: 31.600000, Gate: 396
Now running time: 176
Change gate [2750] with gate[1683]  , changed gate loc: 312,  sub gate loc: 310Inverter: 0
Simulate AEM is 0.000000
Now AEM is 75162.583040
Simulate added AEM is 0.000000, Now added AEM is 64425.164800
Approximate gate:395, Approximate area:896.000000
Accurate error is 75162.583040, Area :896.000000, Delay: 31.600000, Gate: 395
Now running time: 217
Change gate [2327] with gate[1552]  , changed gate loc: 129,  sub gate loc: 136Inverter: 0
Simulate AEM is 0.000000
Now AEM is 21474.836480
Simulate added AEM is 0.000000, Now added AEM is -53687.746560
Approximate gate:394, Approximate area:894.000000
Accurate error is 21474.836480, Area :894.000000, Delay: 31.600000, Gate: 394
Now running time: 259
Change gate [1651] with gate[1650]  , changed gate loc: 270,  sub gate loc: 268Inverter: 0
Simulate AEM is 0.000000
Now AEM is 21475.164160
Simulate added AEM is 0.000000, Now added AEM is 0.327680
Approximate gate:392, Approximate area:891.000000
Accurate error is 21475.164160, Area :891.000000, Delay: 31.600000, Gate: 392
Now running time: 300
Change gate [1771] with gate[1781]  , changed gate loc: 421,  sub gate loc: 430Inverter: 0
Simulate AEM is 0.000000
Now AEM is 10738.401280
Simulate added AEM is 0.000000, Now added AEM is -10736.762880
Approximate gate:391, Approximate area:890.000000
Accurate error is 10738.401280, Area :890.000000, Delay: 31.600000, Gate: 391
Now running time: 341
Change gate [1117] with gate[2552]  , changed gate loc: 254,  sub gate loc: 241Inverter: 0
Simulate AEM is 0.000000
Now AEM is 43034.214400
Simulate added AEM is 0.000000, Now added AEM is 32295.813120
Approximate gate:390, Approximate area:888.000000
Accurate error is 43034.214400, Area :888.000000, Delay: 31.600000, Gate: 390
Now running time: 381
Change gate sum[0] with gate[1533]  , changed gate loc: 66,  sub gate loc: 105Inverter: 0
Simulate AEM is 0.248660
Now AEM is 53687.995280
Simulate added AEM is 0.248660, Now added AEM is 10653.780880
Approximate gate:387, Approximate area:882.000000
Accurate error is 53687.995280, Area :882.000000, Delay: 31.600000, Gate: 387
Now running time: 421
Change gate [2327] with gateone  , changed gate loc: 129,  sub gate loc: 1Inverter: 0
Simulate AEM is -2.764140
Now AEM is 20.109890
Simulate added AEM is -3.012800, Now added AEM is -53667.885390
Approximate gate:387, Approximate area:880.000000
Accurate error is 20.109890, Area :880.000000, Delay: 31.600000, Gate: 387
Now running time: 468
Change gate [2432] with gate[2405]  , changed gate loc: 169,  sub gate loc: 156Inverter: 0
Simulate AEM is -2.779500
Now AEM is 93.896530
Simulate added AEM is -0.015360, Now added AEM is 73.786640
Approximate gate:386, Approximate area:877.000000
Accurate error is 93.896530, Area :877.000000, Delay: 30.100000, Gate: 386
Now running time: 519
Change gate [1554] with gate[1605]  , changed gate loc: 138,  sub gate loc: 210Inverter: 0
Simulate AEM is -2.861420
Now AEM is 10947.132470
Simulate added AEM is -0.081920, Now added AEM is 10853.235940
Approximate gate:384, Approximate area:871.000000
Accurate error is 10947.132470, Area :871.000000, Delay: 28.300000, Gate: 384
Now running time: 566
Change gate [2511] with gate[2311]  , changed gate loc: 206,  sub gate loc: 196Inverter: 0
Simulate AEM is -3.013740
Now AEM is 22914.077180
Simulate added AEM is -0.152320, Now added AEM is 11966.944710
Approximate gate:382, Approximate area:865.000000
Accurate error is 22914.077180, Area :865.000000, Delay: 28.100000, Gate: 382
Now running time: 609
Change gate [2493] with gate[2439]  , changed gate loc: 201,  sub gate loc: 167Inverter: 1
Simulate AEM is -3.034220
Now AEM is 33600.849860
Simulate added AEM is -0.020480, Now added AEM is 10686.772680
Approximate gate:375, Approximate area:847.000000
Accurate error is 33600.849860, Area :847.000000, Delay: 28.100000, Gate: 375
Now running time: 650
Change gate [2263] with gateone  , changed gate loc: 106,  sub gate loc: 1Inverter: 0
Simulate AEM is -3.034240
Now AEM is 33553.586710
Simulate added AEM is -0.000020, Now added AEM is -47.263150
Approximate gate:375, Approximate area:846.000000
Accurate error is 33553.586710, Area :846.000000, Delay: 28.100000, Gate: 375
Now running time: 691
Change gate sum[5] with gate[2368]  , changed gate loc: 71,  sub gate loc: 142Inverter: 1
Simulate AEM is -3.034560
Now AEM is 12107.378500
Simulate added AEM is -0.000320, Now added AEM is -21446.208210
Approximate gate:374, Approximate area:842.000000
Accurate error is 12107.378500, Area :842.000000, Delay: 28.100000, Gate: 374
Now running time: 731
Change gate sum[4] with gate[1538]  , changed gate loc: 70,  sub gate loc: 115Inverter: 0
Simulate AEM is -3.034720
Now AEM is 12203.664100
Simulate added AEM is -0.000160, Now added AEM is 96.285600
Approximate gate:372, Approximate area:837.000000
Accurate error is 12203.664100, Area :837.000000, Delay: 28.100000, Gate: 372
Now running time: 770
Change gate sum[1] with gateone  , changed gate loc: 67,  sub gate loc: 1Inverter: 0
Simulate AEM is -3.034780
Now AEM is 12245.982420
Simulate added AEM is -0.000060, Now added AEM is 42.318320
Approximate gate:370, Approximate area:832.000000
Accurate error is 12245.982420, Area :832.000000, Delay: 28.100000, Gate: 370
Now running time: 809
Change gate sum[2] with gateb[0]  , changed gate loc: 68,  sub gate loc: 34Inverter: 0
Simulate AEM is -3.037940
Now AEM is 33607.024250
Simulate added AEM is -0.003160, Now added AEM is 21361.041830
Approximate gate:369, Approximate area:828.000000
Accurate error is 33607.024250, Area :828.000000, Delay: 28.100000, Gate: 369
Now running time: 848
Change gate sum[3] with gate[2316]  , changed gate loc: 69,  sub gate loc: 125Inverter: 0
Simulate AEM is -3.039220
Now AEM is 12097.991080
Simulate added AEM is -0.001280, Now added AEM is -21509.033170
Approximate gate:367, Approximate area:823.000000
Accurate error is 12097.991080, Area :823.000000, Delay: 28.100000, Gate: 367
Now running time: 887
Change gate sum[7] with gate[2403]  , changed gate loc: 73,  sub gate loc: 162Inverter: 1
Simulate AEM is -3.043060
Now AEM is 22872.205660
Simulate added AEM is -0.003840, Now added AEM is 10774.214580
Approximate gate:364, Approximate area:813.000000
Accurate error is 22872.205660, Area :813.000000, Delay: 28.100000, Gate: 364
Now running time: 925
Change gate sum[2] with gatezero  , changed gate loc: 68,  sub gate loc: 0Inverter: 0
Simulate AEM is -3.046500
Now AEM is 44462.850650
Simulate added AEM is -0.003440, Now added AEM is 21590.644990
Approximate gate:364, Approximate area:812.000000
Accurate error is 44462.850650, Area :812.000000, Delay: 28.100000, Gate: 364
Now running time: 963
Change gate sum[5] with gate[1556]  , changed gate loc: 71,  sub gate loc: 140Inverter: 0
Simulate AEM is -3.047140
Now AEM is 1391.702100
Simulate added AEM is -0.000640, Now added AEM is -43071.148550
Approximate gate:363, Approximate area:811.000000
Accurate error is 1391.702100, Area :811.000000, Delay: 28.100000, Gate: 363
Now running time: 1001
Change gate sum[8] with gate[1563]  , changed gate loc: 74,  sub gate loc: 149Inverter: 1
Simulate AEM is -3.052260
Now AEM is 44424.509330
Simulate added AEM is -0.005120, Now added AEM is 43032.807230
Approximate gate:362, Approximate area:807.000000
Accurate error is 44424.509330, Area :807.000000, Delay: 28.100000, Gate: 362
Now running time: 1039
Change gate sum[6] with gate[1536]  , changed gate loc: 72,  sub gate loc: 110Inverter: 0
Simulate AEM is -3.053540
Now AEM is 44534.805630
Simulate added AEM is -0.001280, Now added AEM is 110.296300
Approximate gate:360, Approximate area:802.000000
Accurate error is 44534.805630, Area :802.000000, Delay: 28.100000, Gate: 360
Now running time: 1076
Change gate sum[11] with gate[1535]  , changed gate loc: 77,  sub gate loc: 109Inverter: 0
Simulate AEM is -3.074020
Now AEM is 23313.386850
Simulate added AEM is -0.020480, Now added AEM is -21221.418780
Approximate gate:355, Approximate area:791.000000
Accurate error is 23313.386850, Area :791.000000, Delay: 28.100000, Gate: 355
Now running time: 1112
Change gate sum[5] with gateone  , changed gate loc: 71,  sub gate loc: 1Inverter: 0
Simulate AEM is -3.075620
Now AEM is 12855.862250
Simulate added AEM is -0.001600, Now added AEM is -10457.524600
Approximate gate:355, Approximate area:790.000000
Accurate error is 12855.862250, Area :790.000000, Delay: 28.100000, Gate: 355
Now running time: 1147
Change gate sum[6] with gateone  , changed gate loc: 72,  sub gate loc: 1Inverter: 0
Simulate AEM is -3.076260
Now AEM is 55526.152370
Simulate added AEM is -0.000640, Now added AEM is 42670.290120
Approximate gate:355, Approximate area:789.000000
Accurate error is 55526.152370, Area :789.000000, Delay: 28.100000, Gate: 355
Now running time: 1182
Change gate sum[15] with gaten303  , changed gate loc: 81,  sub gate loc: 319Inverter: 1
Simulate AEM is -3.403940
Now AEM is 50483.661430
Simulate added AEM is -0.327680, Now added AEM is -5042.490940
Approximate gate:341, Approximate area:756.000000
Accurate error is 50483.661430, Area :756.000000, Delay: 28.100000, Gate: 341
Now running time: 1217
Change gate sum[9] with gateb[0]  , changed gate loc: 75,  sub gate loc: 34Inverter: 0
Simulate AEM is -3.419300
Now AEM is 61108.980670
Simulate added AEM is -0.015360, Now added AEM is 10625.319240
Approximate gate:339, Approximate area:751.000000
Accurate error is 61108.980670, Area :751.000000, Delay: 28.100000, Gate: 339
Now running time: 1249
Change gate sum[0] with gatea[0]  , changed gate loc: 66,  sub gate loc: 2Inverter: 1
Simulate AEM is -3.419870
Now AEM is 39477.160730
Simulate added AEM is -0.000570, Now added AEM is -21631.819940
Approximate gate:339, Approximate area:750.000000
Accurate error is 39477.160730, Area :750.000000, Delay: 28.100000, Gate: 339
Now running time: 1281
Change gate sum[10] with gate[1575]  , changed gate loc: 76,  sub gate loc: 165Inverter: 0
Simulate AEM is -3.450590
Now AEM is 19329.898750
Simulate added AEM is -0.030720, Now added AEM is -20147.261980
Approximate gate:337, Approximate area:745.000000
Accurate error is 19329.898750, Area :745.000000, Delay: 28.100000, Gate: 337
Now running time: 1312
Change gate sum[4] with gatesum[11]  , changed gate loc: 70,  sub gate loc: 77Inverter: 1
Simulate AEM is -3.458590
Now AEM is 93262.220960
Simulate added AEM is -0.008000, Now added AEM is 73932.322210
Approximate gate:329, Approximate area:725.000000
Accurate error is 93262.220960, Area :725.000000, Delay: 26.200000, Gate: 329
Now running time: 1343
Change gate sum[0] with gatezero  , changed gate loc: 66,  sub gate loc: 0Inverter: 0
Simulate AEM is -3.458720
Now AEM is 18345.916420
Simulate added AEM is -0.000130, Now added AEM is -74916.304540
Approximate gate:329, Approximate area:724.000000
Accurate error is 18345.916420, Area :724.000000, Delay: 26.200000, Gate: 329
Now running time: 1374
Change gate [2320] with gatea[0]  , changed gate loc: 128,  sub gate loc: 2Inverter: 0
Simulate AEM is -3.540640
Now AEM is 29026.725230
Simulate added AEM is -0.081920, Now added AEM is 10680.808810
Approximate gate:323, Approximate area:713.000000
Accurate error is 29026.725230, Area :713.000000, Delay: 26.200000, Gate: 323
Now running time: 1406
Change gate sum[3] with gateone  , changed gate loc: 69,  sub gate loc: 1Inverter: 0
Simulate AEM is -3.550160
Now AEM is 29011.361590
Simulate added AEM is -0.009520, Now added AEM is -15.363640
Approximate gate:323, Approximate area:711.000000
Accurate error is 29011.361590, Area :711.000000, Delay: 26.200000, Gate: 323
Now running time: 1436
Change gate sum[7] with gate[1559]  , changed gate loc: 73,  sub gate loc: 146Inverter: 0
Simulate AEM is -3.561680
Now AEM is 71888.611630
Simulate added AEM is -0.011520, Now added AEM is 42877.250040
Approximate gate:322, Approximate area:710.000000
Accurate error is 71888.611630, Area :710.000000, Delay: 26.200000, Gate: 322
Now running time: 1465
Change gate sum[4] with gatezero  , changed gate loc: 70,  sub gate loc: 0Inverter: 0
Simulate AEM is -3.590320
Now AEM is 82512.636220
Simulate added AEM is -0.028640, Now added AEM is 10624.024590
Approximate gate:322, Approximate area:709.000000
Accurate error is 82512.636220, Area :709.000000, Delay: 26.200000, Gate: 322
Now running time: 1496
Change gate sum[13] with gate[2622]  , changed gate loc: 79,  sub gate loc: 263Inverter: 0
Simulate AEM is -3.672240
Now AEM is 41897.942180
Simulate added AEM is -0.081920, Now added AEM is -40614.694040
Approximate gate:319, Approximate area:703.000000
Accurate error is 41897.942180, Area :703.000000, Delay: 26.200000, Gate: 319
Now running time: 1526
Change gate sum[12] with gate[1581]  , changed gate loc: 78,  sub gate loc: 174Inverter: 1
Simulate AEM is -3.795120
Now AEM is 20447.087600
Simulate added AEM is -0.122880, Now added AEM is -21450.854580
Approximate gate:317, Approximate area:698.000000
Accurate error is 20447.087600, Area :698.000000, Delay: 26.200000, Gate: 317
Now running time: 1555
Change gate [1571] with gate[2432]  , changed gate loc: 163,  sub gate loc: 169Inverter: 0
Simulate AEM is -4.450480
Now AEM is 53197.633590
Simulate added AEM is -0.655360, Now added AEM is 32750.545990
Approximate gate:305, Approximate area:672.000000
Accurate error is 53197.633590, Area :672.000000, Delay: 26.200000, Gate: 305
Now running time: 1584
Change gate sum[18] with gate[2514]  , changed gate loc: 84,  sub gate loc: 207Inverter: 1
Simulate AEM is -4.479100
Now AEM is 199635.260790
Simulate added AEM is -0.028620, Now added AEM is 146437.627200
Approximate gate:304, Approximate area:668.000000
Accurate error is 199635.260790, Area :668.000000, Delay: 26.200000, Gate: 304
Now running time: 1611
Change gate sum[16] with gate[1563]  , changed gate loc: 82,  sub gate loc: 149Inverter: 1
Simulate AEM is -4.638080
Now AEM is 211707.646410
Simulate added AEM is -0.158980, Now added AEM is 12072.385620
Approximate gate:302, Approximate area:663.000000
Accurate error is 211707.646410, Area :663.000000, Delay: 26.200000, Gate: 302
Now running time: 1637
Change gate [2587] with gate[2463]  , changed gate loc: 242,  sub gate loc: 181Inverter: 0
Simulate AEM is -8.242560
Now AEM is 202449.415960
Simulate added AEM is -3.604480, Now added AEM is -9258.230450
Approximate gate:286, Approximate area:631.000000
Accurate error is 202449.415960, Area :631.000000, Delay: 26.200000, Gate: 286
Now running time: 1662
Change gate sum[9] with gateone  , changed gate loc: 75,  sub gate loc: 1Inverter: 0
Simulate AEM is -8.432000
Now AEM is 225470.776870
Simulate added AEM is -0.189440, Now added AEM is 23021.360910
Approximate gate:286, Approximate area:630.000000
Accurate error is 225470.776870, Area :630.000000, Delay: 26.200000, Gate: 286
Now running time: 1685
Change gate [1557] with gatezero  , changed gate loc: 141,  sub gate loc: 0Inverter: 0
Simulate AEM is -8.466560
Now AEM is 192774.192660
Simulate added AEM is -0.034560, Now added AEM is -32696.584210
Approximate gate:286, Approximate area:626.000000
Accurate error is 192774.192660, Area :626.000000, Delay: 26.200000, Gate: 286
Now running time: 1708
Change gate sum[14] with gate[2739]  , changed gate loc: 80,  sub gate loc: 309Inverter: 0
Simulate AEM is -9.121920
Now AEM is 169445.214420
Simulate added AEM is -0.655360, Now added AEM is -23328.978240
Approximate gate:284, Approximate area:621.000000
Accurate error is 169445.214420, Area :621.000000, Delay: 26.200000, Gate: 284
Now running time: 1731
Change gate sum[7] with gatezero  , changed gate loc: 73,  sub gate loc: 0Inverter: 0
Simulate AEM is -9.252480
Now AEM is 233214.561240
Simulate added AEM is -0.130560, Now added AEM is 63769.346820
Approximate gate:281, Approximate area:614.000000
Accurate error is 233214.561240, Area :614.000000, Delay: 26.200000, Gate: 281
Now running time: 1753
Change gate sum[17] with gate[2761]  , changed gate loc: 83,  sub gate loc: 317Inverter: 0
Simulate AEM is -9.500020
Now AEM is 165205.588860
Simulate added AEM is -0.247540, Now added AEM is -68008.972380
Approximate gate:278, Approximate area:608.000000
Accurate error is 165205.588860, Area :608.000000, Delay: 26.200000, Gate: 278
Now running time: 1775
Change gate [2591] with gate[2567]  , changed gate loc: 238,  sub gate loc: 229Inverter: 0
Simulate AEM is -10.155380
Now AEM is 181196.888770
Simulate added AEM is -0.655360, Now added AEM is 15991.299910
Approximate gate:277, Approximate area:605.000000
Accurate error is 181196.888770, Area :605.000000, Delay: 26.200000, Gate: 277
Now running time: 1796
The 0 choose is not good
Change gate [1617] with gate[2587]  , changed gate loc: 223,  sub gate loc: 242Inverter: 0
Simulate AEM is -20.641140
Now AEM is 189104.696230
Simulate added AEM is -10.485760, Now added AEM is 7907.807460
Approximate gate:270, Approximate area:589.000000
Accurate error is 189104.696230, Area :589.000000, Delay: 26.200000, Gate: 270
Now running time: 1818
Change gate [1574] with gateb[8]  , changed gate loc: 154,  sub gate loc: 42Inverter: 0
Simulate AEM is -21.542260
Now AEM is 201135.622580
Simulate added AEM is -0.901120, Now added AEM is 12030.926350
Approximate gate:270, Approximate area:586.000000
Accurate error is 201135.622580, Area :586.000000, Delay: 26.200000, Gate: 270
Now running time: 1838
Change gate sum[8] with gatezero  , changed gate loc: 74,  sub gate loc: 0Inverter: 0
Simulate AEM is -21.695860
Now AEM is 195762.536100
Simulate added AEM is -0.153600, Now added AEM is -5373.086480
Approximate gate:270, Approximate area:585.000000
Accurate error is 195762.536100, Area :585.000000, Delay: 26.200000, Gate: 270
Now running time: 1859
The 0 choose is not good
The 1 choose is not good
Change gate sum[11] with gateone  , changed gate loc: 77,  sub gate loc: 1Inverter: 0
Simulate AEM is -22.187380
Now AEM is 157991.231200
Simulate added AEM is -0.491520, Now added AEM is -37771.304900
Approximate gate:270, Approximate area:584.000000
Accurate error is 157991.231200, Area :584.000000, Delay: 26.200000, Gate: 270
Now running time: 1880
Change gate sum[10] with gateone  , changed gate loc: 76,  sub gate loc: 1Inverter: 0
Simulate AEM is -22.525300
Now AEM is 168652.220830
Simulate added AEM is -0.337920, Now added AEM is 10660.989630
Approximate gate:270, Approximate area:582.000000
Accurate error is 168652.220830, Area :582.000000, Delay: 26.200000, Gate: 270
Now running time: 1899
Change gate [2737] with gate[1619]  , changed gate loc: 308,  sub gate loc: 226Inverter: 0
Simulate AEM is -22.527920
Now AEM is 240829.838450
Simulate added AEM is -0.002620, Now added AEM is 72177.617620
Approximate gate:265, Approximate area:566.000000
Accurate error is 240829.838450, Area :566.000000, Delay: 26.200000, Gate: 265
Now running time: 1914
The 0 choose is not good
Change gate [1623] with gate[2434]  , changed gate loc: 232,  sub gate loc: 170Inverter: 0
Simulate AEM is -48.611220
Now AEM is 224626.866820
Simulate added AEM is -26.083300, Now added AEM is -16202.971630
Approximate gate:254, Approximate area:542.000000
Accurate error is 224626.866820, Area :542.000000, Delay: 25.000000, Gate: 254
Now running time: 1927
The 0 choose is not good
Change gate sum[18] with gatezero  , changed gate loc: 84,  sub gate loc: 0Inverter: 0
Simulate AEM is -56.475540
Now AEM is 194930.406160
Simulate added AEM is -7.864320, Now added AEM is -29696.460660
Approximate gate:253, Approximate area:538.000000
Accurate error is 194930.406160, Area :538.000000, Delay: 25.000000, Gate: 253
Now running time: 1941
Change gate sum[15] with gate[1610]  , changed gate loc: 81,  sub gate loc: 216Inverter: 0
Simulate AEM is -57.130900
Now AEM is 243413.235240
Simulate added AEM is -0.655360, Now added AEM is 48482.829080
Approximate gate:252, Approximate area:537.000000
Accurate error is 243413.235240, Area :537.000000, Delay: 25.000000, Gate: 252
Now running time: 1954
Change gate [1579] with gateb[3]  , changed gate loc: 171,  sub gate loc: 37Inverter: 1
Simulate AEM is -95.740540
Now AEM is 215059.772650
Simulate added AEM is -38.609640, Now added AEM is -28353.462590
Approximate gate:245, Approximate area:519.000000
Accurate error is 215059.772650, Area :519.000000, Delay: 25.000000, Gate: 245
Now running time: 1969
The 0 choose is not good
The 1 choose is not good
The 2 choose is not good
The 3 choose is not good
Change gate [2636] with gateone  , changed gate loc: 260,  sub gate loc: 1Inverter: 0
Simulate AEM is -128.077240
Now AEM is 199625.510480
Simulate added AEM is -32.336700, Now added AEM is -15434.262170
Approximate gate:244, Approximate area:512.000000
Accurate error is 199625.510480, Area :512.000000, Delay: 25.000000, Gate: 244
Now running time: 1988
The 0 choose is not good
The 1 choose is not good
Change gate [2497] with gate[1581]  , changed gate loc: 203,  sub gate loc: 174Inverter: 0
Simulate AEM is -175.628680
Now AEM is 243266.184540
Simulate added AEM is -47.551440, Now added AEM is 43640.674060
Approximate gate:237, Approximate area:498.000000
Accurate error is 243266.184540, Area :498.000000, Delay: 25.000000, Gate: 237
Now running time: 2007
Change gate sum[12] with gatezero  , changed gate loc: 78,  sub gate loc: 0Inverter: 0
Simulate AEM is -176.161160
Now AEM is 235348.565680
Simulate added AEM is -0.532480, Now added AEM is -7917.618860
Approximate gate:237, Approximate area:497.000000
Accurate error is 235348.565680, Area :497.000000, Delay: 25.000000, Gate: 237
Now running time: 2024
Change gate sum[15] with gatea[12]  , changed gate loc: 81,  sub gate loc: 14Inverter: 0
Simulate AEM is -180.105960
Now AEM is 260741.090240
Simulate added AEM is -3.944800, Now added AEM is 25392.524560
Approximate gate:235, Approximate area:492.000000
Accurate error is 260741.090240, Area :492.000000, Delay: 25.000000, Gate: 235
Now running time: 2041
The 0 choose is not good
The 1 choose is not good
Change gate sum[13] with gate[1625]  , changed gate loc: 79,  sub gate loc: 235Inverter: 0
Simulate AEM is -212.054760
Now AEM is 262633.834860
Simulate added AEM is -31.948800, Now added AEM is 1892.744620
Approximate gate:232, Approximate area:485.000000
Accurate error is 262633.834860, Area :485.000000, Delay: 25.000000, Gate: 232
Now running time: 2057
The 0 choose is not good
The 1 choose is not good
The 2 choose is not good
The 3 choose is not good
The 4 choose is not good
The 5 choose is not good
The 6 choose is not good
The 7 choose is not good
The 8 choose is not good
Change gate sum[16] with gateone  , changed gate loc: 82,  sub gate loc: 1Inverter: 0
Simulate AEM is -290.413080
Now AEM is 236601.488060
Simulate added AEM is -78.358320, Now added AEM is -26032.346800
Approximate gate:231, Approximate area:483.000000
Accurate error is 236601.488060, Area :483.000000, Delay: 25.000000, Gate: 231
Now running time: 2077
The 0 choose is not good
The 1 choose is not good
The 2 choose is not good
The 3 choose is not good
Change gate [2594] with gatesum[13]  , changed gate loc: 240,  sub gate loc: 79Inverter: 0
Simulate AEM is -395.270680
Now AEM is 244885.206230
Simulate added AEM is -104.857600, Now added AEM is 8283.718170
Approximate gate:228, Approximate area:477.000000
Accurate error is 244885.206230, Area :477.000000, Delay: 25.000000, Gate: 228
Now running time: 2094
The 0 choose is not good
The 1 choose is not good
Change gate [142684] with gatesum[15]  , changed gate loc: 277,  sub gate loc: 81Inverter: 1
Simulate AEM is -410.724520
Now AEM is 228162.390010
Simulate added AEM is -15.453840, Now added AEM is -16722.816220
Approximate gate:226, Approximate area:474.000000
Accurate error is 228162.390010, Area :474.000000, Delay: 25.000000, Gate: 226
Now running time: 2107
The 0 choose is not good
The 1 choose is not good
The 2 choose is not good
The 3 choose is not good
The 4 choose is not good
The 5 choose is not good
The 6 choose is not good
The 7 choose is not good
The 8 choose is not good
Change gate [1670] with gate[1700]  , changed gate loc: 294,  sub gate loc: 329Inverter: 0
Simulate AEM is -2298.263260
Now AEM is 223711.827970
Simulate added AEM is -1887.538740, Now added AEM is -4450.562040
Approximate gate:214, Approximate area:448.000000
Accurate error is 223711.827970, Area :448.000000, Delay: 25.000000, Gate: 214
Now running time: 2122
The 0 choose is not good
The 1 choose is not good
The 2 choose is not good
Change gate sum[13] with gatezero  , changed gate loc: 79,  sub gate loc: 0Inverter: 0
Simulate AEM is -2310.878940
Now AEM is 217256.275040
Simulate added AEM is -12.615680, Now added AEM is -6455.552930
Approximate gate:214, Approximate area:447.000000
Accurate error is 217256.275040, Area :447.000000, Delay: 25.000000, Gate: 214
Now running time: 2134
The 0 choose is not good
The 1 choose is not good
The 2 choose is not good
The 3 choose is not good
The 4 choose is not good
The 5 choose is not good
Change gate [1654] with gateone  , changed gate loc: 274,  sub gate loc: 1Inverter: 0
Simulate AEM is -2410.493660
Now AEM is 231335.923210
Simulate added AEM is -99.614720, Now added AEM is 14079.648170
Approximate gate:214, Approximate area:443.000000
Accurate error is 231335.923210, Area :443.000000, Delay: 25.000000, Gate: 214
Now running time: 2149
The 0 choose is not good
The 1 choose is not good
The 2 choose is not good
The 3 choose is not good
Change gate [2703] with gate[1658]  , changed gate loc: 290,  sub gate loc: 279Inverter: 1
Simulate AEM is -2436.354620
Now AEM is 221670.249700
Simulate added AEM is -25.860960, Now added AEM is -9665.673510
Approximate gate:214, Approximate area:441.000000
Accurate error is 221670.249700, Area :441.000000, Delay: 24.800000, Gate: 214
Now running time: 2164
The 0 choose is not good
The 1 choose is not good
The 2 choose is not good
The 3 choose is not good
The 4 choose is not good
The 5 choose is not good
The 6 choose is not good
The 7 choose is not good
The 8 choose is not good
The 9 choose is not good
Change gate [142346] with gate[1724]  , changed gate loc: 407,  sub gate loc: 364Inverter: 0
Simulate AEM is -2722.939560
Now AEM is 3921265.786850
Simulate added AEM is -286.584940, Now added AEM is 3699595.537150
AEM Threshold: 262851 Now AEM: 3.92127e+06
ALL running time: 2182
Error propagation matrix time: 150 with 78535 node
Error simulation time: 1916 with 1747743 node
Area time: 1
Whole find time: 2074
