abc command read data/library/mcnc.genlib
Entered genlib library with 23 gates from file "data/library/mcnc.genlib".
abc command read_blif data/su/c3540.blif
Line 7: Skipping line ".default_input_arrival 0.00 0.00 ".
Line 8: Skipping line ".default_output_required 0.00 0.00 ".
Line 9: Skipping line ".default_input_drive 0.10 0.10 ".
Line 10: Skipping line ".default_output_load 2.00 ".
Line 11: Skipping line ".default_max_input_load 999.00 ".
abc command print_stats
[1;37mc3540                         :[0m i/o =   50/   22  lat =    0  nd =   626  edge =   1568  area =1604.00  delay =55.00  lev = 41
--------------- round 1 ---------------
seed = 2231107280
maxLevel = 1
[105035] is replaced by [104985] with estimated error 0
error = 0
area = 1601
delay = 55
#gates = 627
output circuit appNtk/c3540_1_0_1601_55.blif
time = 8182099 us
--------------- round 2 ---------------
seed = 2496258364
maxLevel = 1
[105170] is replaced by [143455] with inverter with estimated error 0
error = 0
area = 1599
delay = 55
#gates = 627
output circuit appNtk/c3540_2_0_1599_55.blif
time = 16189244 us
--------------- round 3 ---------------
seed = 3599896367
maxLevel = 1
[106225] is replaced by [104921] with estimated error 0
error = 0
area = 1598
delay = 55
#gates = 626
output circuit appNtk/c3540_3_0_1598_55.blif
time = 24223034 us
--------------- round 4 ---------------
seed = 4129215385
maxLevel = 1
[104840] is replaced by [104824] with estimated error 0
error = 0
area = 1597
delay = 55
#gates = 625
output circuit appNtk/c3540_4_0_1597_55.blif
time = 32223120 us
--------------- round 5 ---------------
seed = 1214559158
maxLevel = 1
[106187] is replaced by [104911] with estimated error 0
error = 0
area = 1596
delay = 55
#gates = 624
output circuit appNtk/c3540_5_0_1596_55.blif
time = 40179711 us
--------------- round 6 ---------------
seed = 977577895
maxLevel = 1
[107035] is replaced by [107635] with estimated error 0
error = 0
area = 1595
delay = 55
#gates = 623
output circuit appNtk/c3540_6_0_1595_55.blif
time = 48174182 us
--------------- round 7 ---------------
seed = 3326172678
maxLevel = 1
[106180] is replaced by [104895] with estimated error 0
error = 0
area = 1594
delay = 55
#gates = 622
output circuit appNtk/c3540_7_0_1594_55.blif
time = 56120837 us
--------------- round 8 ---------------
seed = 2784737925
maxLevel = 1
[106161] is replaced by [106537] with estimated error 0
error = 0
area = 1593
delay = 55
#gates = 621
output circuit appNtk/c3540_8_0_1593_55.blif
time = 64010424 us
--------------- round 9 ---------------
seed = 1867619341
maxLevel = 1
[106662] is replaced by [104886] with estimated error 0
error = 0
area = 1592
delay = 55
#gates = 620
output circuit appNtk/c3540_9_0_1592_55.blif
time = 71876173 us
--------------- round 10 ---------------
seed = 257529640
maxLevel = 1
[106175] is replaced by [104885] with estimated error 0
error = 0
area = 1591
delay = 55
#gates = 619
output circuit appNtk/c3540_10_0_1591_55.blif
time = 79688289 us
--------------- round 11 ---------------
seed = 2013525140
maxLevel = 1
[106628] is replaced by [104912] with estimated error 0
error = 0
area = 1590
delay = 55
#gates = 618
output circuit appNtk/c3540_11_0_1590_55.blif
time = 87488757 us
--------------- round 12 ---------------
seed = 2615136083
maxLevel = 1
[107023] is replaced by [105064] with estimated error 8e-05
error = 8e-05
area = 1587
delay = 55
#gates = 616
output circuit appNtk/c3540_12_8e-05_1587_55.blif
time = 95278432 us
--------------- round 13 ---------------
seed = 3641210423
maxLevel = 1
[153634] is replaced by zero with estimated error 0.00019
error = 0.00019
area = 1584
delay = 55
#gates = 615
output circuit appNtk/c3540_13_0.00019_1584_55.blif
time = 103009649 us
--------------- round 14 ---------------
seed = 1675887564
maxLevel = 1
[105071] is replaced by [104949] with estimated error 0.00062
error = 0.00062
area = 1581
delay = 55
#gates = 614
output circuit appNtk/c3540_14_0.00062_1581_55.blif
time = 110727788 us
--------------- round 15 ---------------
seed = 1181173609
maxLevel = 1
[107554] is replaced by one with estimated error 0.0034
error = 0.0034
area = 1565
delay = 55
#gates = 608
output circuit appNtk/c3540_15_0.0034_1565_55.blif
time = 118407972 us
--------------- round 16 ---------------
seed = 3572177815
maxLevel = 1
[156199] is replaced by [143476] with estimated error 0.00437
error = 0.00437
area = 1561
delay = 55
#gates = 607
output circuit appNtk/c3540_16_0.00437_1561_55.blif
time = 125963948 us
--------------- round 17 ---------------
seed = 3620272468
maxLevel = 1
[106681] is replaced by [108186] with estimated error 0.00488
error = 0.00488
area = 1559
delay = 55
#gates = 606
output circuit appNtk/c3540_17_0.00488_1559_55.blif
time = 133486475 us
--------------- round 18 ---------------
seed = 527906909
maxLevel = 1
[105067] is replaced by [168819] with estimated error 0.00497
error = 0.00497
area = 1556
delay = 55
#gates = 605
output circuit appNtk/c3540_18_0.00497_1556_55.blif
time = 140962704 us
--------------- round 19 ---------------
seed = 3971523396
maxLevel = 1
[106369] is replaced by [102589] with estimated error 0.00479
error = 0.00479
area = 1555
delay = 55
#gates = 604
output circuit appNtk/c3540_19_0.00479_1555_55.blif
time = 148429950 us
--------------- round 20 ---------------
seed = 3180213014
maxLevel = 1
exceed error bound
