abc command read data/library/mcnc.genlib
Entered genlib library with 23 gates from file "data/library/mcnc.genlib".
abc command read_blif data/su/c3540.blif
Line 7: Skipping line ".default_input_arrival 0.00 0.00 ".
Line 8: Skipping line ".default_output_required 0.00 0.00 ".
Line 9: Skipping line ".default_input_drive 0.10 0.10 ".
Line 10: Skipping line ".default_output_load 2.00 ".
Line 11: Skipping line ".default_max_input_load 999.00 ".
abc command print_stats
[1;37mc3540                         :[0m i/o =   50/   22  lat =    0  nd =   626  edge =   1568  area =1604.00  delay =55.00  lev = 41
--------------- round 1 ---------------
seed = 2158309979
maxLevel = 1
[105035] is replaced by [104985] with estimated error 0
error = 0
area = 1601
delay = 55
#gates = 627
output circuit appNtk/c3540_1_0_1601_55.blif
time = 8136335 us
--------------- round 2 ---------------
seed = 381205193
maxLevel = 1
[105170] is replaced by [143455] with inverter with estimated error 0
error = 0
area = 1599
delay = 55
#gates = 627
output circuit appNtk/c3540_2_0_1599_55.blif
time = 16143057 us
--------------- round 3 ---------------
seed = 1801786656
maxLevel = 1
[106225] is replaced by [104921] with estimated error 0
error = 0
area = 1598
delay = 55
#gates = 626
output circuit appNtk/c3540_3_0_1598_55.blif
time = 24059685 us
--------------- round 4 ---------------
seed = 1125356961
maxLevel = 1
[106187] is replaced by [104911] with estimated error 0
error = 0
area = 1597
delay = 55
#gates = 625
output circuit appNtk/c3540_4_0_1597_55.blif
time = 31992575 us
--------------- round 5 ---------------
seed = 343467130
maxLevel = 1
[106628] is replaced by [104912] with estimated error 0
error = 0
area = 1596
delay = 55
#gates = 624
output circuit appNtk/c3540_5_0_1596_55.blif
time = 40148287 us
--------------- round 6 ---------------
seed = 144797960
maxLevel = 1
[106180] is replaced by [104895] with estimated error 0
error = 0
area = 1595
delay = 55
#gates = 623
output circuit appNtk/c3540_6_0_1595_55.blif
time = 48703598 us
--------------- round 7 ---------------
seed = 2217399581
maxLevel = 1
[107035] is replaced by [107635] with estimated error 0
error = 0
area = 1594
delay = 55
#gates = 622
output circuit appNtk/c3540_7_0_1594_55.blif
time = 56778080 us
--------------- round 8 ---------------
seed = 3768561954
maxLevel = 1
[106175] is replaced by [104885] with estimated error 0
error = 0
area = 1593
delay = 55
#gates = 621
output circuit appNtk/c3540_8_0_1593_55.blif
time = 64581071 us
--------------- round 9 ---------------
seed = 1274867783
maxLevel = 1
[106161] is replaced by [106537] with estimated error 0
error = 0
area = 1592
delay = 55
#gates = 620
output circuit appNtk/c3540_9_0_1592_55.blif
time = 72374819 us
--------------- round 10 ---------------
seed = 882379646
maxLevel = 1
[106662] is replaced by [104886] with estimated error 0
error = 0
area = 1591
delay = 55
#gates = 619
output circuit appNtk/c3540_10_0_1591_55.blif
time = 80165312 us
--------------- round 11 ---------------
seed = 3612089350
maxLevel = 1
[104840] is replaced by [104824] with estimated error 0
error = 0
area = 1590
delay = 55
#gates = 618
output circuit appNtk/c3540_11_0_1590_55.blif
time = 88447643 us
--------------- round 12 ---------------
seed = 3825715461
maxLevel = 1
[107023] is replaced by [105064] with estimated error 9e-05
error = 9e-05
area = 1587
delay = 55
#gates = 616
output circuit appNtk/c3540_12_9e-05_1587_55.blif
time = 96276892 us
--------------- round 13 ---------------
seed = 2073875815
maxLevel = 1
[153634] is replaced by zero with estimated error 0.00033
error = 0.00033
area = 1584
delay = 55
#gates = 615
output circuit appNtk/c3540_13_0.00033_1584_55.blif
time = 103981141 us
--------------- round 14 ---------------
seed = 1432986690
maxLevel = 1
[105071] is replaced by [104949] with estimated error 0.00059
error = 0.00059
area = 1581
delay = 55
#gates = 614
output circuit appNtk/c3540_14_0.00059_1581_55.blif
time = 111636530 us
--------------- round 15 ---------------
seed = 1280185786
maxLevel = 1
[107554] is replaced by one with estimated error 0.00336
error = 0.00336
area = 1565
delay = 55
#gates = 608
output circuit appNtk/c3540_15_0.00336_1565_55.blif
time = 119277888 us
--------------- round 16 ---------------
seed = 4051763668
maxLevel = 1
[156199] is replaced by [143476] with estimated error 0.00444
error = 0.00444
area = 1561
delay = 55
#gates = 607
output circuit appNtk/c3540_16_0.00444_1561_55.blif
time = 126773980 us
--------------- round 17 ---------------
seed = 3760876864
maxLevel = 1
[106369] is replaced by [102589] with estimated error 0.00474
error = 0.00474
area = 1560
delay = 55
#gates = 606
output circuit appNtk/c3540_17_0.00474_1560_55.blif
time = 134270424 us
--------------- round 18 ---------------
seed = 894612536
maxLevel = 1
[105186] is replaced by [107082] with estimated error 0.00919
error = 0.00919
area = 1547
delay = 55
#gates = 602
output circuit appNtk/c3540_18_0.00919_1547_55.blif
time = 141738707 us
--------------- round 19 ---------------
seed = 1937165844
maxLevel = 1
[105181] is replaced by [104828] with inverter with estimated error 0.01184
error = 0.01184
area = 1540
delay = 55
#gates = 600
output circuit appNtk/c3540_19_0.01184_1540_55.blif
time = 150613724 us
--------------- round 20 ---------------
seed = 476522062
maxLevel = 1
[106681] is replaced by [108186] with estimated error 0.01243
error = 0.01243
area = 1538
delay = 55
#gates = 599
output circuit appNtk/c3540_20_0.01243_1538_55.blif
time = 159449717 us
--------------- round 21 ---------------
seed = 2816506342
maxLevel = 1
[105067] is replaced by [168819] with estimated error 0.01231
error = 0.01231
area = 1535
delay = 55
#gates = 598
output circuit appNtk/c3540_21_0.01231_1535_55.blif
time = 168333138 us
--------------- round 22 ---------------
seed = 1543112976
maxLevel = 1
[106093] is replaced by one with estimated error 0.01351
error = 0.01351
area = 1531
delay = 55
#gates = 597
output circuit appNtk/c3540_22_0.01351_1531_55.blif
time = 177101378 us
--------------- round 23 ---------------
seed = 3686208374
maxLevel = 1
[143451] is replaced by [104996] with estimated error 0.01422
error = 0.01422
area = 1527
delay = 55
#gates = 596
output circuit appNtk/c3540_23_0.01422_1527_55.blif
time = 185858864 us
--------------- round 24 ---------------
seed = 2454896771
maxLevel = 1
[140560] is replaced by [104772] with estimated error 0.01957
error = 0.01957
area = 1517
delay = 55
#gates = 593
output circuit appNtk/c3540_24_0.01957_1517_55.blif
time = 194586932 us
--------------- round 25 ---------------
seed = 414095993
maxLevel = 1
[153711] is replaced by [104776] with estimated error 0.02015
error = 0.02015
area = 1515
delay = 55
#gates = 592
output circuit appNtk/c3540_25_0.02015_1515_55.blif
time = 203188333 us
--------------- round 26 ---------------
seed = 1424024061
maxLevel = 1
[153710] is replaced by [104994] with estimated error 0.02098
error = 0.02098
area = 1512
delay = 55
#gates = 591
output circuit appNtk/c3540_26_0.02098_1512_55.blif
time = 211761915 us
--------------- round 27 ---------------
seed = 1570120917
maxLevel = 1
[105198] is replaced by [104822] with estimated error 0.02078
error = 0.02078
area = 1509
delay = 55
#gates = 590
output circuit appNtk/c3540_27_0.02078_1509_55.blif
time = 220266798 us
--------------- round 28 ---------------
seed = 421144677
maxLevel = 1
[143401] is replaced by 33 with estimated error 0.02196
error = 0.02196
area = 1506
delay = 55
#gates = 589
output circuit appNtk/c3540_28_0.02196_1506_55.blif
time = 228815829 us
--------------- round 29 ---------------
seed = 949707498
maxLevel = 1
[143425] is replaced by [143408] with estimated error 0.02274
error = 0.02274
area = 1502
delay = 55
#gates = 588
output circuit appNtk/c3540_29_0.02274_1502_55.blif
time = 237344778 us
--------------- round 30 ---------------
seed = 1680951625
maxLevel = 1
[108186] is replaced by one with estimated error 0.02413
error = 0.02413
area = 1499
delay = 55
#gates = 587
output circuit appNtk/c3540_30_0.02413_1499_55.blif
time = 245794042 us
--------------- round 31 ---------------
seed = 128079651
maxLevel = 1
[105031] is replaced by [105007] with estimated error 0.02632
error = 0.02632
area = 1492
delay = 55
#gates = 585
output circuit appNtk/c3540_31_0.02632_1492_55.blif
time = 254256634 us
--------------- round 32 ---------------
seed = 1290319931
maxLevel = 1
[143424] is replaced by [141685] with estimated error 0.0284
error = 0.0284
area = 1488
delay = 55
#gates = 584
output circuit appNtk/c3540_32_0.0284_1488_55.blif
time = 262645946 us
--------------- round 33 ---------------
seed = 1468740032
maxLevel = 1
[141231] is replaced by [104988] with estimated error 0.02849
error = 0.02849
area = 1484
delay = 55
#gates = 583
output circuit appNtk/c3540_33_0.02849_1484_55.blif
time = 271532769 us
--------------- round 34 ---------------
seed = 2590446713
maxLevel = 1
[141685] is replaced by one with estimated error 0.02861
error = 0.02861
area = 1480
delay = 55
#gates = 582
output circuit appNtk/c3540_34_0.02861_1480_55.blif
time = 279969192 us
--------------- round 35 ---------------
seed = 1320605523
maxLevel = 1
[143398] is replaced by [105003] with estimated error 0.02929
error = 0.02929
area = 1476
delay = 55
#gates = 581
output circuit appNtk/c3540_35_0.02929_1476_55.blif
time = 288281123 us
--------------- round 36 ---------------
seed = 1330237015
maxLevel = 1
exceed error bound
