abc command read data/library/mcnc.genlib
Entered genlib library with 23 gates from file "data/library/mcnc.genlib".
abc command read_blif data/su/c3540.blif
Line 7: Skipping line ".default_input_arrival 0.00 0.00 ".
Line 8: Skipping line ".default_output_required 0.00 0.00 ".
Line 9: Skipping line ".default_input_drive 0.10 0.10 ".
Line 10: Skipping line ".default_output_load 2.00 ".
Line 11: Skipping line ".default_max_input_load 999.00 ".
abc command print_stats
[1;37mc3540                         :[0m i/o =   50/   22  lat =    0  nd =   626  edge =   1568  area =1604.00  delay =55.00  lev = 41
--------------- round 1 ---------------
seed = 4062934481
maxLevel = 1
[105035] is replaced by [104985] with estimated error 0
error = 0
area = 1601
delay = 55
#gates = 627
output circuit appNtk/c3540_1_0_1601_55.blif
time = 8164487 us
--------------- round 2 ---------------
seed = 409737132
maxLevel = 1
[105170] is replaced by [143455] with inverter with estimated error 0
error = 0
area = 1599
delay = 55
#gates = 627
output circuit appNtk/c3540_2_0_1599_55.blif
time = 16133298 us
--------------- round 3 ---------------
seed = 87601886
maxLevel = 1
[107035] is replaced by [107635] with estimated error 0
error = 0
area = 1598
delay = 55
#gates = 626
output circuit appNtk/c3540_3_0_1598_55.blif
time = 24118916 us
--------------- round 4 ---------------
seed = 570591812
maxLevel = 1
[104840] is replaced by [104824] with estimated error 0
error = 0
area = 1597
delay = 55
#gates = 625
output circuit appNtk/c3540_4_0_1597_55.blif
time = 32053408 us
--------------- round 5 ---------------
seed = 300168506
maxLevel = 1
[106175] is replaced by [104885] with estimated error 0
error = 0
area = 1596
delay = 55
#gates = 624
output circuit appNtk/c3540_5_0_1596_55.blif
time = 39956586 us
--------------- round 6 ---------------
seed = 687360490
maxLevel = 1
[106662] is replaced by [104886] with estimated error 0
error = 0
area = 1595
delay = 55
#gates = 623
output circuit appNtk/c3540_6_0_1595_55.blif
time = 47850052 us
--------------- round 7 ---------------
seed = 3275832633
maxLevel = 1
[106161] is replaced by [106537] with estimated error 0
error = 0
area = 1594
delay = 55
#gates = 622
output circuit appNtk/c3540_7_0_1594_55.blif
time = 55675600 us
--------------- round 8 ---------------
seed = 4210889130
maxLevel = 1
[106180] is replaced by [104895] with estimated error 0
error = 0
area = 1593
delay = 55
#gates = 621
output circuit appNtk/c3540_8_0_1593_55.blif
time = 63503330 us
--------------- round 9 ---------------
seed = 540260894
maxLevel = 1
[106628] is replaced by [104912] with estimated error 0
error = 0
area = 1592
delay = 55
#gates = 620
output circuit appNtk/c3540_9_0_1592_55.blif
time = 71300817 us
--------------- round 10 ---------------
seed = 628272187
maxLevel = 1
[106225] is replaced by [104921] with estimated error 0
error = 0
area = 1591
delay = 55
#gates = 619
output circuit appNtk/c3540_10_0_1591_55.blif
time = 79520490 us
--------------- round 11 ---------------
seed = 2188782986
maxLevel = 1
[106187] is replaced by [104911] with estimated error 0
error = 0
area = 1590
delay = 55
#gates = 618
output circuit appNtk/c3540_11_0_1590_55.blif
time = 87574551 us
--------------- round 12 ---------------
seed = 2472777206
maxLevel = 1
[107023] is replaced by [105064] with estimated error 4e-05
error = 4e-05
area = 1587
delay = 55
#gates = 616
output circuit appNtk/c3540_12_4e-05_1587_55.blif
time = 95323306 us
--------------- round 13 ---------------
seed = 1113951626
maxLevel = 1
[153634] is replaced by zero with estimated error 0.00021
error = 0.00021
area = 1584
delay = 55
#gates = 615
output circuit appNtk/c3540_13_0.00021_1584_55.blif
time = 103021287 us
--------------- round 14 ---------------
seed = 2104945452
maxLevel = 1
[105071] is replaced by [104949] with estimated error 0.00047
error = 0.00047
area = 1581
delay = 55
#gates = 614
output circuit appNtk/c3540_14_0.00047_1581_55.blif
time = 110930815 us
--------------- round 15 ---------------
seed = 3428895526
maxLevel = 1
[104975] is replaced by [104940] with estimated error 0.00097
error = 0.00097
area = 1579
delay = 55
#gates = 613
output circuit appNtk/c3540_15_0.00097_1579_55.blif
time = 118607494 us
--------------- round 16 ---------------
seed = 4064184141
maxLevel = 1
[107554] is replaced by one with estimated error 0.00312
error = 0.00291
area = 1565
delay = 55
#gates = 608
output circuit appNtk/c3540_16_0.00291_1565_55.blif
time = 126234740 us
--------------- round 17 ---------------
seed = 3390926311
maxLevel = 1
[156199] is replaced by [143476] with estimated error 0.00394
error = 0.00394
area = 1561
delay = 55
#gates = 607
output circuit appNtk/c3540_17_0.00394_1561_55.blif
time = 133763661 us
--------------- round 18 ---------------
seed = 3847580028
maxLevel = 1
[106681] is replaced by [108186] with estimated error 0.00477
error = 0.00477
area = 1559
delay = 55
#gates = 606
output circuit appNtk/c3540_18_0.00477_1559_55.blif
time = 141270108 us
--------------- round 19 ---------------
seed = 3149638175
maxLevel = 1
[105067] is replaced by [168819] with estimated error 0.005
error = 0.005
area = 1556
delay = 55
#gates = 605
output circuit appNtk/c3540_19_0.005_1556_55.blif
time = 148728248 us
--------------- round 20 ---------------
seed = 1710508318
maxLevel = 1
[105186] is replaced by [105029] with estimated error 0.00895
error = 0.00895
area = 1543
delay = 55
#gates = 601
output circuit appNtk/c3540_20_0.00895_1543_55.blif
time = 156154659 us
--------------- round 21 ---------------
seed = 1160904912
maxLevel = 1
exceed error bound
