abc command read data/library/mcnc.genlib
Entered genlib library with 23 gates from file "data/library/mcnc.genlib".
abc command read_blif data/su/c5315.blif
Line 20: Skipping line ".default_input_arrival 0.00 0.00 ".
Line 21: Skipping line ".default_output_required 0.00 0.00 ".
Line 22: Skipping line ".default_input_drive 0.10 0.10 ".
Line 23: Skipping line ".default_output_load 2.00 ".
Line 24: Skipping line ".default_max_input_load 999.00 ".
abc command print_stats
[1;37mc5315                         :[0m i/o =  178/  123  lat =    0  nd =   968  edge =   2328  area =2451.00  delay =47.50  lev = 33
--------------- round 1 ---------------
seed = 1922524737
maxLevel = 1
[109168] is replaced by [113076] with inverter with estimated error 0
error = 0
area = 2443
delay = 47.5
#gates = 968
output circuit appNtk/c5315_1_0_2443_47.5.blif
time = 9295306 us
--------------- round 2 ---------------
seed = 3442604223
maxLevel = 1
[113070] is replaced by [112733] with estimated error 0
error = 0
area = 2432
delay = 47.5
#gates = 964
output circuit appNtk/c5315_2_0_2432_47.5.blif
time = 17667000 us
--------------- round 3 ---------------
seed = 1921819049
maxLevel = 1
[108980] is replaced by [112698] with estimated error 0
error = 0
area = 2429
delay = 47.5
#gates = 962
output circuit appNtk/c5315_3_0_2429_47.5.blif
time = 25987456 us
--------------- round 4 ---------------
seed = 114200293
maxLevel = 1
[117729] is replaced by [112845] with estimated error 0
error = 0
area = 2426
delay = 47.5
#gates = 961
output circuit appNtk/c5315_4_0_2426_47.5.blif
time = 34455655 us
--------------- round 5 ---------------
seed = 551439989
maxLevel = 1
[108950] is replaced by [112912] with estimated error 0
error = 0
area = 2424
delay = 47.5
#gates = 960
output circuit appNtk/c5315_5_0_2424_47.5.blif
time = 42714952 us
--------------- round 6 ---------------
seed = 837077201
maxLevel = 1
[108949] is replaced by [112897] with estimated error 0
error = 0
area = 2421
delay = 47.5
#gates = 958
output circuit appNtk/c5315_6_0_2421_47.5.blif
time = 52226269 us
--------------- round 7 ---------------
seed = 3984710971
maxLevel = 1
[113125] is replaced by [176607] with inverter with estimated error 0
error = 0
area = 2419
delay = 47.5
#gates = 958
output circuit appNtk/c5315_7_0_2419_47.5.blif
time = 60339767 us
--------------- round 8 ---------------
seed = 1380982023
maxLevel = 1
[117053] is replaced by [112609] with estimated error 0
error = 0
area = 2417
delay = 47.5
#gates = 957
output circuit appNtk/c5315_8_0_2417_47.5.blif
time = 68435057 us
--------------- round 9 ---------------
seed = 2351177038
maxLevel = 1
[108957] is replaced by 308 with estimated error 0
error = 0
area = 2415
delay = 47.5
#gates = 956
output circuit appNtk/c5315_9_0_2415_47.5.blif
time = 76847927 us
--------------- round 10 ---------------
seed = 1239634286
maxLevel = 1
[108952] is replaced by 341 with estimated error 0
error = 0
area = 2413
delay = 47.5
#gates = 955
output circuit appNtk/c5315_10_0_2413_47.5.blif
time = 86438928 us
--------------- round 11 ---------------
seed = 2238885491
maxLevel = 1
[108978] is replaced by 324 with estimated error 0
error = 0
area = 2411
delay = 47.5
#gates = 954
output circuit appNtk/c5315_11_0_2411_47.5.blif
time = 94705552 us
--------------- round 12 ---------------
seed = 2850077202
maxLevel = 1
[108953] is replaced by 316 with estimated error 0
error = 0
area = 2409
delay = 47.5
#gates = 953
output circuit appNtk/c5315_12_0_2409_47.5.blif
time = 102902024 us
--------------- round 13 ---------------
seed = 708630868
maxLevel = 1
[108973] is replaced by 206 with estimated error 0
error = 0
area = 2407
delay = 47.5
#gates = 952
output circuit appNtk/c5315_13_0_2407_47.5.blif
time = 111079165 us
--------------- round 14 ---------------
seed = 41527943
maxLevel = 1
[108976] is replaced by 257 with estimated error 0
error = 0
area = 2405
delay = 47.5
#gates = 951
output circuit appNtk/c5315_14_0_2405_47.5.blif
time = 119249055 us
--------------- round 15 ---------------
seed = 3907030721
maxLevel = 1
[108960] is replaced by 226 with estimated error 0
error = 0
area = 2403
delay = 47.5
#gates = 950
output circuit appNtk/c5315_15_0_2403_47.5.blif
time = 129058270 us
--------------- round 16 ---------------
seed = 4174416700
maxLevel = 1
[108962] is replaced by 281 with estimated error 0
error = 0
area = 2401
delay = 47.5
#gates = 949
output circuit appNtk/c5315_16_0_2401_47.5.blif
time = 137181311 us
--------------- round 17 ---------------
seed = 4220552862
maxLevel = 1
[108964] is replaced by 265 with estimated error 0
error = 0
area = 2399
delay = 47.5
#gates = 948
output circuit appNtk/c5315_17_0_2399_47.5.blif
time = 145168966 us
--------------- round 18 ---------------
seed = 1337569881
maxLevel = 1
[108966] is replaced by 273 with estimated error 0
error = 0
area = 2397
delay = 47.5
#gates = 947
output circuit appNtk/c5315_18_0_2397_47.5.blif
time = 153186623 us
--------------- round 19 ---------------
seed = 637786074
maxLevel = 1
[108972] is replaced by 210 with estimated error 0
error = 0
area = 2395
delay = 47.5
#gates = 946
output circuit appNtk/c5315_19_0_2395_47.5.blif
time = 161196735 us
--------------- round 20 ---------------
seed = 238975156
maxLevel = 1
[108968] is replaced by 234 with estimated error 0
error = 0
area = 2393
delay = 47.5
#gates = 945
output circuit appNtk/c5315_20_0_2393_47.5.blif
time = 169138204 us
--------------- round 21 ---------------
seed = 4193112263
maxLevel = 1
[108970] is replaced by 218 with estimated error 0
error = 0
area = 2391
delay = 47.5
#gates = 944
output circuit appNtk/c5315_21_0_2391_47.5.blif
time = 177080299 us
--------------- round 22 ---------------
seed = 2430032135
maxLevel = 1
[109012] is replaced by 218 with estimated error 0
error = 0
area = 2389
delay = 47.5
#gates = 943
output circuit appNtk/c5315_22_0_2389_47.5.blif
time = 185008221 us
--------------- round 23 ---------------
seed = 3683484250
maxLevel = 1
[108956] is replaced by 351 with estimated error 0
error = 0
area = 2387
delay = 47.5
#gates = 942
output circuit appNtk/c5315_23_0_2387_47.5.blif
time = 192922806 us
--------------- round 24 ---------------
seed = 3856076415
maxLevel = 1
[117019] is replaced by 566 with inverter with estimated error 0
error = 0
area = 2386
delay = 47.5
#gates = 942
output circuit appNtk/c5315_24_0_2386_47.5.blif
time = 200812525 us
--------------- round 25 ---------------
seed = 3013305789
maxLevel = 1
[109005] is replaced by 351 with estimated error 0
error = 0
area = 2384
delay = 47.5
#gates = 941
output circuit appNtk/c5315_25_0_2384_47.5.blif
time = 208689750 us
--------------- round 26 ---------------
seed = 4021791080
maxLevel = 1
[115243] is replaced by [112733] with estimated error 0
error = 0
area = 2383
delay = 47.5
#gates = 940
output circuit appNtk/c5315_26_0_2383_47.5.blif
time = 216588814 us
--------------- round 27 ---------------
seed = 339958328
maxLevel = 1
[117015] is replaced by 583 with inverter with estimated error 0
error = 0
area = 2382
delay = 47.4
#gates = 940
output circuit appNtk/c5315_27_0_2382_47.4.blif
time = 224432225 us
--------------- round 28 ---------------
seed = 2113723626
maxLevel = 1
[115837] is replaced by [112629] with estimated error 0
error = 0
area = 2381
delay = 47.4
#gates = 939
output circuit appNtk/c5315_28_0_2381_47.4.blif
time = 232600018 us
--------------- round 29 ---------------
seed = 501855133
maxLevel = 1
[112877] is replaced by [116403] with estimated error 0.00092
error = 0.00092
area = 2371
delay = 47.4
#gates = 935
output circuit appNtk/c5315_29_0.00092_2371_47.4.blif
time = 240571151 us
--------------- round 30 ---------------
seed = 2944920033
maxLevel = 1
[112894] is replaced by [116408] with estimated error 0.00202
error = 0.00202
area = 2362
delay = 47.4
#gates = 932
output circuit appNtk/c5315_30_0.00202_2362_47.4.blif
time = 248355405 us
--------------- round 31 ---------------
seed = 1284945111
maxLevel = 1
7504 is replaced by [116409] with estimated error 0.0028
error = 0.0028
area = 2359
delay = 47.4
#gates = 931
output circuit appNtk/c5315_31_0.0028_2359_47.4.blif
time = 256125050 us
--------------- round 32 ---------------
seed = 2401644188
maxLevel = 1
exceed error bound
