abc command read data/library/mcnc.genlib
Entered genlib library with 23 gates from file "data/library/mcnc.genlib".
abc command read_blif data/su/cla32.blif
Line 11: Skipping line ".default_input_arrival 0.00 0.00 ".
Line 12: Skipping line ".default_output_required 0.00 0.00 ".
Line 13: Skipping line ".default_input_drive 0.10 0.10 ".
Line 14: Skipping line ".default_output_load 2.00 ".
Line 15: Skipping line ".default_max_input_load 999.00 ".
abc command print_stats
[1;37mcla32                         :[0m i/o =   64/   33  lat =    0  nd =   419  edge =    952  area =958.00  delay =38.50  lev = 27
--------------- round 1 ---------------
seed = 3971768275
maxLevel = 1
[1809] is replaced by [3103] with estimated error 0
error = 0
area = 928
delay = 38.5
#gates = 409
output circuit appNtk/cla32_1_0_928_38.5.blif
time = 2500360 us
--------------- round 2 ---------------
seed = 298938928
maxLevel = 1
[2874] is replaced by [1746] with estimated error 0
error = 0
area = 918
delay = 38.5
#gates = 405
output circuit appNtk/cla32_2_0_918_38.5.blif
time = 4605479 us
--------------- round 3 ---------------
seed = 78204141
maxLevel = 1
[1796] is replaced by [3098] with estimated error 3e-05
error = 3e-05
area = 907
delay = 31.6
#gates = 401
output circuit appNtk/cla32_3_3e-05_907_31.6.blif
time = 6674896 us
--------------- round 4 ---------------
seed = 4236003450
maxLevel = 1
[2636] is replaced by [2670] with estimated error 1e-05
error = 1e-05
area = 900
delay = 31.6
#gates = 398
output circuit appNtk/cla32_4_1e-05_900_31.6.blif
time = 8649686 us
--------------- round 5 ---------------
seed = 761279453
maxLevel = 1
[2750] is replaced by [1683] with estimated error 1e-05
error = 1e-05
area = 896
delay = 31.6
#gates = 397
output circuit appNtk/cla32_5_1e-05_896_31.6.blif
time = 10669933 us
--------------- round 6 ---------------
seed = 3209090694
maxLevel = 1
[1105] is replaced by n273 with estimated error 2e-05
error = 2e-05
area = 891
delay = 31.6
#gates = 395
output circuit appNtk/cla32_6_2e-05_891_31.6.blif
time = 12602410 us
--------------- round 7 ---------------
seed = 2653264460
maxLevel = 1
[2641] is replaced by zero with estimated error 0
error = 0
area = 886
delay = 31.6
#gates = 393
output circuit appNtk/cla32_7_0_886_31.6.blif
time = 14531212 us
--------------- round 8 ---------------
seed = 1594950248
maxLevel = 1
[2609] is replaced by [1606] with inverter with estimated error 2e-05
error = 2e-05
area = 882
delay = 31.6
#gates = 392
output circuit appNtk/cla32_8_2e-05_882_31.6.blif
time = 16831125 us
--------------- round 9 ---------------
seed = 837594299
maxLevel = 1
[1552] is replaced by [2327] with estimated error 8e-05
error = 8e-05
area = 880
delay = 31.6
#gates = 391
output circuit appNtk/cla32_9_8e-05_880_31.6.blif
time = 18771460 us
--------------- round 10 ---------------
seed = 3006452131
maxLevel = 1
[2614] is replaced by [2509] with estimated error 5e-05
error = 5e-05
area = 877
delay = 31.6
#gates = 390
output circuit appNtk/cla32_10_5e-05_877_31.6.blif
time = 20672624 us
--------------- round 11 ---------------
seed = 3220273077
maxLevel = 1
[1785] is replaced by [3098] with estimated error 4e-05
error = 4e-05
area = 876
delay = 30.7
#gates = 389
output circuit appNtk/cla32_11_4e-05_876_30.7.blif
time = 22829090 us
--------------- round 12 ---------------
seed = 3090717338
maxLevel = 1
[1771] is replaced by [1781] with estimated error 9e-05
error = 9e-05
area = 875
delay = 30.7
#gates = 388
output circuit appNtk/cla32_12_9e-05_875_30.7.blif
time = 25042603 us
--------------- round 13 ---------------
seed = 3783105598
maxLevel = 1
n107 is replaced by [141876] with estimated error 6e-05
error = 6e-05
area = 870
delay = 30.1
#gates = 386
output circuit appNtk/cla32_13_6e-05_870_30.1.blif
time = 27172902 us
--------------- round 14 ---------------
seed = 4192788191
maxLevel = 1
[2660] is replaced by [2654] with estimated error 6e-05
error = 6e-05
area = 869
delay = 30.1
#gates = 385
output circuit appNtk/cla32_14_6e-05_869_30.1.blif
time = 29198017 us
--------------- round 15 ---------------
seed = 3737538827
maxLevel = 1
[1651] is replaced by [1661] with estimated error 0.00017
error = 0.00017
area = 867
delay = 30.1
#gates = 384
output circuit appNtk/cla32_15_0.00017_867_30.1.blif
time = 30955546 us
--------------- round 16 ---------------
seed = 3580767820
maxLevel = 1
n279 is replaced by [141889] with estimated error 0.00015
error = 0.00015
area = 864
delay = 30.1
#gates = 383
output circuit appNtk/cla32_16_0.00015_864_30.1.blif
time = 32686227 us
--------------- round 17 ---------------
seed = 301858508
maxLevel = 1
[1750] is replaced by [3087] with estimated error 0.0005
error = 0.0005
area = 857
delay = 30.1
#gates = 380
output circuit appNtk/cla32_17_0.0005_857_30.1.blif
time = 34399581 us
--------------- round 18 ---------------
seed = 76651534
maxLevel = 1
[1666] is replaced by [1649] with estimated error 0.00074
error = 0.00074
area = 855
delay = 30.1
#gates = 379
output circuit appNtk/cla32_18_0.00074_855_30.1.blif
time = 36055015 us
--------------- round 19 ---------------
seed = 213173449
maxLevel = 1
[1731] is replaced by [237] with inverter with estimated error 0.00216
error = 0.00216
area = 851
delay = 30.1
#gates = 377
output circuit appNtk/cla32_19_0.00216_851_30.1.blif
time = 37665693 us
--------------- round 20 ---------------
seed = 1364198937
maxLevel = 1
[2885] is replaced by [237] with estimated error 0.00213
error = 0.00213
area = 850
delay = 30.1
#gates = 376
output circuit appNtk/cla32_20_0.00213_850_30.1.blif
time = 39214072 us
--------------- round 21 ---------------
seed = 1346463104
maxLevel = 1
[1607] is replaced by [1605] with estimated error 0.00391
error = 0.00391
area = 846
delay = 30.1
#gates = 374
output circuit appNtk/cla32_21_0.00391_846_30.1.blif
time = 40760216 us
--------------- round 22 ---------------
seed = 2489703614
maxLevel = 1
n519 is replaced by [2497] with estimated error 0.00498
error = 0.00498
area = 843
delay = 30.1
#gates = 372
output circuit appNtk/cla32_22_0.00498_843_30.1.blif
time = 42282090 us
--------------- round 23 ---------------
seed = 1042009425
maxLevel = 1
exceed error bound
