abc command read data/library/mcnc.genlib
Entered genlib library with 23 gates from file "data/library/mcnc.genlib".
abc command read_blif data/su/rca32.blif
abc command print_stats
[1;37mrca32                         :[0m i/o =   64/   33  lat =    0  nd =   298  edge =    585  area =666.00  delay =16.10  lev = 12
--------------- round 1 ---------------
seed = 3219708486
maxLevel = 1
n356 is replaced by zero with estimated error 0.0001
error = 0.0001
area = 661
delay = 16
#gates = 298
output circuit appNtk/rca32_1_0.0001_661_16.blif
time = 1412345 us
--------------- round 2 ---------------
seed = 2477924755
maxLevel = 1
n242 is replaced by one with estimated error 0.00196
error = 0.00196
area = 656
delay = 16
#gates = 296
output circuit appNtk/rca32_2_0.00196_656_16.blif
time = 2497026 us
--------------- round 3 ---------------
seed = 2019619364
maxLevel = 1
exceed error bound
