Original Area:1128.000000, Original Delay:17.800000, Orignial Gate :513
Change gate [164347] with gateone  , changed gate loc: 448,  sub gate loc: 1Inverter: 0
Simulate AEM is 0.000000
Now AEM is 0.000000
Simulate added AEM is 0.000000, Now added AEM is 0.000000
Approximate gate:512, Approximate area:1124.000000
Accurate error is 0.000000, Area :1124.000000, Delay: 17.800000, Gate: 512
Now running time: 58
Change gate [164351] with gate[164353]  , changed gate loc: 485,  sub gate loc: 505Inverter: 0
Simulate AEM is 0.000000
Now AEM is 671.088640
Simulate added AEM is 0.000000, Now added AEM is 671.088640
Approximate gate:510, Approximate area:1120.000000
Accurate error is 671.088640, Area :1120.000000, Delay: 17.700000, Gate: 510
Now running time: 117
Change gate [164351] with gateone  , changed gate loc: 485,  sub gate loc: 1Inverter: 0
Simulate AEM is 0.000000
Now AEM is 0.000000
Simulate added AEM is 0.000000, Now added AEM is -671.088640
Approximate gate:509, Approximate area:1116.000000
Accurate error is 0.000000, Area :1116.000000, Delay: 17.700000, Gate: 509
Now running time: 176
Change gate [161062] with gatezero  , changed gate loc: 361,  sub gate loc: 0Inverter: 0
Simulate AEM is 0.000000
Now AEM is 1006.632960
Simulate added AEM is 0.000000, Now added AEM is 1006.632960
Approximate gate:509, Approximate area:1113.000000
Accurate error is 1006.632960, Area :1113.000000, Delay: 17.700000, Gate: 509
Now running time: 234
Change gate [164349] with gateone  , changed gate loc: 468,  sub gate loc: 1Inverter: 0
Simulate AEM is 0.000000
Now AEM is 4362.076160
Simulate added AEM is 0.000000, Now added AEM is 3355.443200
Approximate gate:508, Approximate area:1109.000000
Accurate error is 4362.076160, Area :1109.000000, Delay: 17.700000, Gate: 508
Now running time: 291
Change gate [164345] with gate[164331]  , changed gate loc: 413,  sub gate loc: 436Inverter: 0
Simulate AEM is 0.000000
Now AEM is 6375.342080
Simulate added AEM is 0.000000, Now added AEM is 2013.265920
Approximate gate:507, Approximate area:1106.000000
Accurate error is 6375.342080, Area :1106.000000, Delay: 17.700000, Gate: 507
Now running time: 348
Change gate [161059] with gatezero  , changed gate loc: 310,  sub gate loc: 0Inverter: 0
Simulate AEM is 0.000000
Now AEM is 838.860800
Simulate added AEM is 0.000000, Now added AEM is -5536.481280
Approximate gate:507, Approximate area:1103.000000
Accurate error is 838.860800, Area :1103.000000, Delay: 17.700000, Gate: 507
Now running time: 405
Change gate [161060] with gatezero  , changed gate loc: 328,  sub gate loc: 0Inverter: 0
Simulate AEM is 0.000000
Now AEM is 0.000000
Simulate added AEM is 0.000000, Now added AEM is -838.860800
Approximate gate:507, Approximate area:1100.000000
Accurate error is 0.000000, Area :1100.000000, Delay: 17.700000, Gate: 507
Now running time: 462
Change gate [164345] with gateone  , changed gate loc: 413,  sub gate loc: 1Inverter: 0
Simulate AEM is 0.000000
Now AEM is 3187.671040
Simulate added AEM is 0.000000, Now added AEM is 3187.671040
Approximate gate:507, Approximate area:1097.000000
Accurate error is 3187.671040, Area :1097.000000, Delay: 17.700000, Gate: 507
Now running time: 518
Change gate [161061] with gatezero  , changed gate loc: 343,  sub gate loc: 0Inverter: 0
Simulate AEM is 0.000000
Now AEM is 252.968960
Simulate added AEM is 0.000000, Now added AEM is -2934.702080
Approximate gate:507, Approximate area:1094.000000
Accurate error is 252.968960, Area :1094.000000, Delay: 17.700000, Gate: 507
Now running time: 574
Change gate [164341] with gateone  , changed gate loc: 377,  sub gate loc: 1Inverter: 0
Simulate AEM is 0.000000
Now AEM is 5548.277760
Simulate added AEM is 0.000000, Now added AEM is 5295.308800
Approximate gate:507, Approximate area:1091.000000
Accurate error is 5548.277760, Area :1091.000000, Delay: 17.700000, Gate: 507
Now running time: 629
Change gate [162809] with gateone  , changed gate loc: 540,  sub gate loc: 1Inverter: 0
Simulate AEM is 0.000000
Now AEM is 178.257920
Simulate added AEM is 0.000000, Now added AEM is -5370.019840
Approximate gate:507, Approximate area:1089.000000
Accurate error is 178.257920, Area :1089.000000, Delay: 17.700000, Gate: 507
Now running time: 684
Change gate [162831] with gateone  , changed gate loc: 574,  sub gate loc: 1Inverter: 0
Simulate AEM is 0.000000
Now AEM is 4784.128000
Simulate added AEM is 0.000000, Now added AEM is 4605.870080
Approximate gate:507, Approximate area:1087.000000
Accurate error is 4784.128000, Area :1087.000000, Delay: 17.700000, Gate: 507
Now running time: 739
Change gate [164343] with gateone  , changed gate loc: 397,  sub gate loc: 1Inverter: 0
Simulate AEM is 0.000000
Now AEM is 32930.529280
Simulate added AEM is 0.000000, Now added AEM is 28146.401280
Approximate gate:507, Approximate area:1084.000000
Accurate error is 32930.529280, Area :1084.000000, Delay: 17.700000, Gate: 507
Now running time: 794
Change gate [162796] with gateone  , changed gate loc: 522,  sub gate loc: 1Inverter: 0
Simulate AEM is 0.000000
Now AEM is 94.371840
Simulate added AEM is 0.000000, Now added AEM is -32836.157440
Approximate gate:507, Approximate area:1082.000000
Accurate error is 94.371840, Area :1082.000000, Delay: 17.700000, Gate: 507
Now running time: 849
Change gate [163422] with gaten506  , changed gate loc: 495,  sub gate loc: 493Inverter: 0
Simulate AEM is 0.000000
Now AEM is 43036.180480
Simulate added AEM is 0.000000, Now added AEM is 42941.808640
Approximate gate:506, Approximate area:1081.000000
Accurate error is 43036.180480, Area :1081.000000, Delay: 17.700000, Gate: 506
Now running time: 903
Change gate [163449] with gaten504  , changed gate loc: 547,  sub gate loc: 545Inverter: 0
Simulate AEM is 0.000000
Now AEM is 98007.777280
Simulate added AEM is 0.000000, Now added AEM is 54971.596800
Approximate gate:505, Approximate area:1080.000000
Accurate error is 98007.777280, Area :1080.000000, Delay: 17.700000, Gate: 505
Now running time: 957
Change gate [163431] with gaten510  , changed gate loc: 513,  sub gate loc: 511Inverter: 0
Simulate AEM is 0.000000
Now AEM is 47018.147840
Simulate added AEM is 0.000000, Now added AEM is -50989.629440
Approximate gate:504, Approximate area:1079.000000
Accurate error is 47018.147840, Area :1079.000000, Delay: 17.700000, Gate: 504
Now running time: 1010
Change gate [162771] with gate[163431]  , changed gate loc: 494,  sub gate loc: 513Inverter: 1
Simulate AEM is 0.000000
Now AEM is 17532.190720
Simulate added AEM is 0.000000, Now added AEM is -29485.957120
Approximate gate:504, Approximate area:1078.000000
Accurate error is 17532.190720, Area :1078.000000, Delay: 17.700000, Gate: 504
Now running time: 1062
Change gate [162822] with gateone  , changed gate loc: 556,  sub gate loc: 1Inverter: 0
Simulate AEM is 0.000000
Now AEM is 10341.580800
Simulate added AEM is 0.000000, Now added AEM is -7190.609920
Approximate gate:504, Approximate area:1076.000000
Accurate error is 10341.580800, Area :1076.000000, Delay: 17.700000, Gate: 504
Now running time: 1114
Change gate [162784] with gate[162771]  , changed gate loc: 512,  sub gate loc: 494Inverter: 0
Simulate AEM is 0.000000
Now AEM is 16108.748800
Simulate added AEM is 0.000000, Now added AEM is 5767.168000
Approximate gate:502, Approximate area:1074.000000
Accurate error is 16108.748800, Area :1074.000000, Delay: 17.700000, Gate: 502
Now running time: 1166
Change gate [163382] with gaten508  , changed gate loc: 404,  sub gate loc: 402Inverter: 0
Simulate AEM is 0.000000
Now AEM is 48764.026880
Simulate added AEM is 0.000000, Now added AEM is 32655.278080
Approximate gate:501, Approximate area:1073.000000
Accurate error is 48764.026880, Area :1073.000000, Delay: 17.700000, Gate: 501
Now running time: 1217
Change gate [163413] with gaten507  , changed gate loc: 476,  sub gate loc: 474Inverter: 0
Simulate AEM is 0.000000
Now AEM is 40114.585600
Simulate added AEM is 0.000000, Now added AEM is -8649.441280
Approximate gate:500, Approximate area:1072.000000
Accurate error is 40114.585600, Area :1072.000000, Delay: 17.700000, Gate: 500
Now running time: 1268
Change gate [163470] with gaten491  , changed gate loc: 443,  sub gate loc: 441Inverter: 0
Simulate AEM is 0.000000
Now AEM is 7570.718720
Simulate added AEM is 0.000000, Now added AEM is -32543.866880
Approximate gate:499, Approximate area:1071.000000
Accurate error is 7570.718720, Area :1071.000000, Delay: 17.700000, Gate: 499
Now running time: 1319
Change gate [163440] with gaten505  , changed gate loc: 530,  sub gate loc: 528Inverter: 0
Simulate AEM is 0.000000
Now AEM is 1006.632960
Simulate added AEM is 0.000000, Now added AEM is -6564.085760
Approximate gate:498, Approximate area:1070.000000
Accurate error is 1006.632960, Area :1070.000000, Delay: 17.700000, Gate: 498
Now running time: 1369
Change gate [162797] with gate[163449]  , changed gate loc: 529,  sub gate loc: 547Inverter: 1
Simulate AEM is 0.000000
Now AEM is 24611.389440
Simulate added AEM is 0.000000, Now added AEM is 23604.756480
Approximate gate:497, Approximate area:1068.000000
Accurate error is 24611.389440, Area :1068.000000, Delay: 17.700000, Gate: 497
Now running time: 1418
Change gate [162810] with gate[162797]  , changed gate loc: 546,  sub gate loc: 529Inverter: 0
Simulate AEM is 0.000000
Now AEM is 5578.424320
Simulate added AEM is 0.000000, Now added AEM is -19032.965120
Approximate gate:495, Approximate area:1065.000000
Accurate error is 5578.424320, Area :1065.000000, Delay: 17.700000, Gate: 495
Now running time: 1468
Change gate [163457] with gaten503  , changed gate loc: 564,  sub gate loc: 562Inverter: 0
Simulate AEM is 0.000000
Now AEM is 1551.892480
Simulate added AEM is 0.000000, Now added AEM is -4026.531840
Approximate gate:494, Approximate area:1064.000000
Accurate error is 1551.892480, Area :1064.000000, Delay: 17.700000, Gate: 494
Now running time: 1516
Change gate [162823] with gaten494  , changed gate loc: 563,  sub gate loc: 578Inverter: 1
Simulate AEM is 0.000000
Now AEM is 44.564480
Simulate added AEM is 0.000000, Now added AEM is -1507.328000
Approximate gate:493, Approximate area:1062.000000
Accurate error is 44.564480, Area :1062.000000, Delay: 17.700000, Gate: 493
Now running time: 1564
Change gate cout with gate[162823]  , changed gate loc: 98,  sub gate loc: 563Inverter: 0
Simulate AEM is 0.000000
Now AEM is 6076.497920
Simulate added AEM is 0.000000, Now added AEM is 6031.933440
Approximate gate:491, Approximate area:1059.000000
Accurate error is 6076.497920, Area :1059.000000, Delay: 17.700000, Gate: 491
Now running time: 1611
Change gate [163373] with gaten499  , changed gate loc: 387,  sub gate loc: 385Inverter: 0
Simulate AEM is 0.000000
Now AEM is 2067.005440
Simulate added AEM is 0.000000, Now added AEM is -4009.492480
Approximate gate:490, Approximate area:1058.000000
Accurate error is 2067.005440, Area :1058.000000, Delay: 17.700000, Gate: 490
Now running time: 1658
Change gate [163404] with gaten498  , changed gate loc: 458,  sub gate loc: 456Inverter: 0
Simulate AEM is 0.000000
Now AEM is 38933.626880
Simulate added AEM is 0.000000, Now added AEM is 36866.621440
Approximate gate:489, Approximate area:1057.000000
Accurate error is 38933.626880, Area :1057.000000, Delay: 17.700000, Gate: 489
Now running time: 1704
Change gate [162693] with gate[163382]  , changed gate loc: 386,  sub gate loc: 404Inverter: 1
Simulate AEM is 0.000000
Now AEM is 31216.107520
Simulate added AEM is 0.000000, Now added AEM is -7717.519360
Approximate gate:488, Approximate area:1056.000000
Accurate error is 31216.107520, Area :1056.000000, Delay: 17.700000, Gate: 488
Now running time: 1751
Change gate [162706] with gate[162693]  , changed gate loc: 403,  sub gate loc: 386Inverter: 0
Simulate AEM is 0.000000
Now AEM is 5485.363200
Simulate added AEM is 0.000000, Now added AEM is -25730.744320
Approximate gate:486, Approximate area:1054.000000
Accurate error is 5485.363200, Area :1054.000000, Delay: 17.700000, Gate: 486
Now running time: 1797
Change gate [162493] with gateone  , changed gate loc: 116,  sub gate loc: 1Inverter: 0
Simulate AEM is -0.772000
Now AEM is 46980.217120
Simulate added AEM is -0.772000, Now added AEM is 41494.853920
Approximate gate:484, Approximate area:1048.000000
Accurate error is 46980.217120, Area :1048.000000, Delay: 17.700000, Gate: 484
Now running time: 1842
Change gate [162489] with gateone  , changed gate loc: 111,  sub gate loc: 1Inverter: 0
Simulate AEM is -0.777200
Now AEM is 11676.081840
Simulate added AEM is -0.005200, Now added AEM is -35304.135280
Approximate gate:484, Approximate area:1046.000000
Accurate error is 11676.081840, Area :1046.000000, Delay: 17.700000, Gate: 484
Now running time: 1903
Change gate [162530] with gate[162548]  , changed gate loc: 164,  sub gate loc: 189Inverter: 0
Simulate AEM is -0.833520
Now AEM is 16127.078520
Simulate added AEM is -0.056320, Now added AEM is 4450.996680
Approximate gate:483, Approximate area:1043.000000
Accurate error is 16127.078520, Area :1043.000000, Delay: 17.700000, Gate: 483
Now running time: 1956
Change gate [163787] with gateone  , changed gate loc: 125,  sub gate loc: 1Inverter: 0
Simulate AEM is -0.851280
Now AEM is 16308.172120
Simulate added AEM is -0.017760, Now added AEM is 181.093600
Approximate gate:482, Approximate area:1040.000000
Accurate error is 16308.172120, Area :1040.000000, Delay: 17.700000, Gate: 482
Now running time: 2006
Change gate [164105] with gate[163890]  , changed gate loc: 197,  sub gate loc: 195Inverter: 0
Simulate AEM is -0.856400
Now AEM is 23654.020040
Simulate added AEM is -0.005120, Now added AEM is 7345.847920
Approximate gate:480, Approximate area:1036.000000
Accurate error is 23654.020040, Area :1036.000000, Delay: 17.700000, Gate: 480
Now running time: 2054
Change gate sum[5] with gate[162732]  , changed gate loc: 71,  sub gate loc: 442Inverter: 0
Simulate AEM is -0.858320
Now AEM is 5444.895680
Simulate added AEM is -0.001920, Now added AEM is -18209.124360
Approximate gate:478, Approximate area:1031.000000
Accurate error is 5444.895680, Area :1031.000000, Delay: 17.700000, Gate: 478
Now running time: 2101
Change gate sum[0] with gateb[0]  , changed gate loc: 66,  sub gate loc: 34Inverter: 0
Simulate AEM is -0.858480
Now AEM is 51503.949840
Simulate added AEM is -0.000160, Now added AEM is 46059.054160
Approximate gate:476, Approximate area:1026.000000
Accurate error is 51503.949840, Area :1026.000000, Delay: 17.700000, Gate: 476
Now running time: 2147
Change gate sum[1] with gate[163154]  , changed gate loc: 67,  sub gate loc: 110Inverter: 1
Simulate AEM is -0.858660
Now AEM is 43088.883090
Simulate added AEM is -0.000180, Now added AEM is -8415.066750
Approximate gate:475, Approximate area:1022.000000
Accurate error is 43088.883090, Area :1022.000000, Delay: 17.700000, Gate: 475
Now running time: 2194
Change gate sum[2] with gatezero  , changed gate loc: 68,  sub gate loc: 0Inverter: 0
Simulate AEM is -0.858700
Now AEM is 445.292110
Simulate added AEM is -0.000040, Now added AEM is -42643.590980
Approximate gate:475, Approximate area:1018.000000
Accurate error is 445.292110, Area :1018.000000, Delay: 17.700000, Gate: 475
Now running time: 2239
Change gate sum[1] with gateone  , changed gate loc: 67,  sub gate loc: 1Inverter: 0
Simulate AEM is -0.859500
Now AEM is 35648.323100
Simulate added AEM is -0.000800, Now added AEM is 35203.030990
Approximate gate:475, Approximate area:1017.000000
Accurate error is 35648.323100, Area :1017.000000, Delay: 17.700000, Gate: 475
Now running time: 2285
Change gate sum[4] with gate[162518]  , changed gate loc: 70,  sub gate loc: 155Inverter: 1
Simulate AEM is -0.859660
Now AEM is 1167.136930
Simulate added AEM is -0.000160, Now added AEM is -34481.186170
Approximate gate:474, Approximate area:1013.000000
Accurate error is 1167.136930, Area :1013.000000, Delay: 17.700000, Gate: 474
Now running time: 2330
Change gate sum[3] with gateone  , changed gate loc: 69,  sub gate loc: 1Inverter: 0
Simulate AEM is -0.860460
Now AEM is 1796.204500
Simulate added AEM is -0.000800, Now added AEM is 629.067570
Approximate gate:474, Approximate area:1009.000000
Accurate error is 1796.204500, Area :1009.000000, Delay: 17.700000, Gate: 474
Now running time: 2375
Change gate [162521] with gate[162539]  , changed gate loc: 153,  sub gate loc: 178Inverter: 0
Simulate AEM is -0.864940
Now AEM is 18603.083720
Simulate added AEM is -0.004480, Now added AEM is 16806.879220
Approximate gate:473, Approximate area:1007.000000
Accurate error is 18603.083720, Area :1007.000000, Delay: 17.700000, Gate: 473
Now running time: 2420
Change gate [162484] with gatea[1]  , changed gate loc: 103,  sub gate loc: 3Inverter: 0
Simulate AEM is -0.866220
Now AEM is 27251.924220
Simulate added AEM is -0.001280, Now added AEM is 8648.840500
Approximate gate:471, Approximate area:1002.000000
Accurate error is 27251.924220, Area :1002.000000, Delay: 17.700000, Gate: 471
Now running time: 2464
Change gate [162490] with gatezero  , changed gate loc: 112,  sub gate loc: 0Inverter: 0
Simulate AEM is -0.869420
Now AEM is 23134.049080
Simulate added AEM is -0.003200, Now added AEM is -4117.875140
Approximate gate:470, Approximate area:998.000000
Accurate error is 23134.049080, Area :998.000000, Delay: 17.700000, Gate: 470
Now running time: 2498
Change gate sum[0] with gatezero  , changed gate loc: 66,  sub gate loc: 0Inverter: 0
Simulate AEM is -0.870370
Now AEM is 27274.418390
Simulate added AEM is -0.000950, Now added AEM is 4140.369310
Approximate gate:470, Approximate area:997.000000
Accurate error is 27274.418390, Area :997.000000, Delay: 17.700000, Gate: 470
Now running time: 2527
Change gate sum[9] with gate[162516]  , changed gate loc: 75,  sub gate loc: 149Inverter: 0
Simulate AEM is -0.875490
Now AEM is 31603.743190
Simulate added AEM is -0.005120, Now added AEM is 4329.324800
Approximate gate:466, Approximate area:986.000000
Accurate error is 31603.743190, Area :986.000000, Delay: 17.700000, Gate: 466
Now running time: 2557
Change gate sum[7] with gate[162523]  , changed gate loc: 73,  sub gate loc: 160Inverter: 0
Simulate AEM is -0.879330
Now AEM is 17785.319240
Simulate added AEM is -0.003840, Now added AEM is -13818.423950
Approximate gate:464, Approximate area:981.000000
Accurate error is 17785.319240, Area :981.000000, Delay: 17.700000, Gate: 464
Now running time: 2586
Change gate sum[6] with gate[162572]  , changed gate loc: 72,  sub gate loc: 221Inverter: 0
Simulate AEM is -0.880610
Now AEM is 23309.679340
Simulate added AEM is -0.001280, Now added AEM is 5524.360100
Approximate gate:462, Approximate area:976.000000
Accurate error is 23309.679340, Area :976.000000, Delay: 17.700000, Gate: 462
Now running time: 2614
Change gate sum[11] with gate[163652]  , changed gate loc: 77,  sub gate loc: 224Inverter: 0
Simulate AEM is -0.901090
Now AEM is 23088.332030
Simulate added AEM is -0.020480, Now added AEM is -221.347310
Approximate gate:459, Approximate area:968.000000
Accurate error is 23088.332030, Area :968.000000, Delay: 17.700000, Gate: 459
Now running time: 2642
Change gate sum[4] with gate[162506]  , changed gate loc: 70,  sub gate loc: 133Inverter: 0
Simulate AEM is -0.901250
Now AEM is 49851.617310
Simulate added AEM is -0.000160, Now added AEM is 26763.285280
Approximate gate:458, Approximate area:967.000000
Accurate error is 49851.617310, Area :967.000000, Delay: 17.700000, Gate: 458
Now running time: 2669
Change gate sum[6] with gateone  , changed gate loc: 72,  sub gate loc: 1Inverter: 0
Simulate AEM is -0.901890
Now AEM is 28197.992390
Simulate added AEM is -0.000640, Now added AEM is -21653.624920
Approximate gate:458, Approximate area:964.000000
Accurate error is 28197.992390, Area :964.000000, Delay: 17.700000, Gate: 458
Now running time: 2696
Change gate sum[10] with gate[162535]  , changed gate loc: 76,  sub gate loc: 179Inverter: 0
Simulate AEM is -0.912130
Now AEM is 44297.723610
Simulate added AEM is -0.010240, Now added AEM is 16099.731220
Approximate gate:454, Approximate area:953.000000
Accurate error is 44297.723610, Area :953.000000, Delay: 17.700000, Gate: 454
Now running time: 2723
Change gate [162584] with gate[162564]  , changed gate loc: 244,  sub gate loc: 215Inverter: 0
Simulate AEM is -0.953090
Now AEM is 26147.581330
Simulate added AEM is -0.040960, Now added AEM is -18150.142280
Approximate gate:452, Approximate area:947.000000
Accurate error is 26147.581330, Area :947.000000, Delay: 17.700000, Gate: 452
Now running time: 2749
Change gate sum[8] with gateb[1]  , changed gate loc: 74,  sub gate loc: 35Inverter: 0
Simulate AEM is -0.958210
Now AEM is 32207.359000
Simulate added AEM is -0.005120, Now added AEM is 6059.777670
Approximate gate:451, Approximate area:943.000000
Accurate error is 32207.359000, Area :943.000000, Delay: 17.700000, Gate: 451
Now running time: 2775
Change gate sum[13] with gate[162519]  , changed gate loc: 79,  sub gate loc: 151Inverter: 0
Simulate AEM is -1.122050
Now AEM is 33113.018820
Simulate added AEM is -0.163840, Now added AEM is 905.659820
Approximate gate:441, Approximate area:919.000000
Accurate error is 33113.018820, Area :919.000000, Delay: 17.700000, Gate: 441
Now running time: 2800
Change gate sum[15] with gate[162499]  , changed gate loc: 81,  sub gate loc: 129Inverter: 1
Simulate AEM is -1.449550
Now AEM is 47564.636990
Simulate added AEM is -0.327500, Now added AEM is 14451.618170
Approximate gate:423, Approximate area:882.000000
Accurate error is 47564.636990, Area :882.000000, Delay: 17.700000, Gate: 423
Now running time: 2824
Change gate [164067] with gate[164215]  , changed gate loc: 435,  sub gate loc: 469Inverter: 0
Simulate AEM is -1.454030
Now AEM is 61882.925140
Simulate added AEM is -0.004480, Now added AEM is 14318.288150
Approximate gate:421, Approximate area:878.000000
Accurate error is 61882.925140, Area :878.000000, Delay: 17.700000, Gate: 421
Now running time: 2846
Change gate sum[18] with gate[163675]  , changed gate loc: 84,  sub gate loc: 236Inverter: 0
Simulate AEM is -1.514330
Now AEM is 191657.996520
Simulate added AEM is -0.060300, Now added AEM is 129775.071380
Approximate gate:413, Approximate area:861.000000
Accurate error is 191657.996520, Area :861.000000, Delay: 17.700000, Gate: 413
Now running time: 2868
Change gate n545 with gate[162557]  , changed gate loc: 271,  sub gate loc: 204Inverter: 0
Simulate AEM is -1.678170
Now AEM is 222580.314190
Simulate added AEM is -0.163840, Now added AEM is 30922.317670
Approximate gate:406, Approximate area:845.000000
Accurate error is 222580.314190, Area :845.000000, Delay: 17.700000, Gate: 406
Now running time: 2889
Change gate [162540] with gate[163287]  , changed gate loc: 182,  sub gate loc: 245Inverter: 0
Simulate AEM is -2.333530
Now AEM is 208714.960050
Simulate added AEM is -0.655360, Now added AEM is -13865.354140
Approximate gate:396, Approximate area:830.000000
Accurate error is 208714.960050, Area :830.000000, Delay: 17.700000, Gate: 396
Now running time: 2909
Change gate sum[17] with gate[162587]  , changed gate loc: 83,  sub gate loc: 259Inverter: 0
Simulate AEM is -3.644250
Now AEM is 205594.300440
Simulate added AEM is -1.310720, Now added AEM is -3120.659610
Approximate gate:390, Approximate area:817.000000
Accurate error is 205594.300440, Area :817.000000, Delay: 17.700000, Gate: 390
Now running time: 2926
Change gate n582 with gatea[2]  , changed gate loc: 352,  sub gate loc: 4Inverter: 1
Simulate AEM is -3.863350
Now AEM is 382062.007530
Simulate added AEM is -0.219100, Now added AEM is 176467.707090
Approximate gate:377, Approximate area:790.000000
Accurate error is 382062.007530, Area :790.000000, Delay: 15.900000, Gate: 377
Now running time: 2941
Change gate sum[12] with gate[162507]  , changed gate loc: 78,  sub gate loc: 135Inverter: 0
Simulate AEM is -3.904310
Now AEM is 404464.908370
Simulate added AEM is -0.040960, Now added AEM is 22402.900840
Approximate gate:376, Approximate area:786.000000
Accurate error is 404464.908370, Area :786.000000, Delay: 15.900000, Gate: 376
Now running time: 2955
Change gate sum[14] with gate[162590]  , changed gate loc: 80,  sub gate loc: 246Inverter: 0
Simulate AEM is -4.068150
Now AEM is 379454.554530
Simulate added AEM is -0.163840, Now added AEM is -25010.353840
Approximate gate:374, Approximate area:781.000000
Accurate error is 379454.554530, Area :781.000000, Delay: 15.900000, Gate: 374
Now running time: 2969
Change gate [162556] with gate[164645]  , changed gate loc: 209,  sub gate loc: 356Inverter: 1
Simulate AEM is -4.071890
Now AEM is 400775.149550
Simulate added AEM is -0.003740, Now added AEM is 21320.595020
Approximate gate:373, Approximate area:778.000000
Accurate error is 400775.149550, Area :778.000000, Delay: 15.900000, Gate: 373
Now running time: 2983
Change gate [161166] with gate[162633]  , changed gate loc: 362,  sub gate loc: 314Inverter: 0
Simulate AEM is -4.722970
Now AEM is 542383.898970
Simulate added AEM is -0.651080, Now added AEM is 141608.749420
Approximate gate:363, Approximate area:757.000000
Accurate error is 542383.898970, Area :757.000000, Delay: 15.900000, Gate: 363
Now running time: 2997
Change gate sum[7] with gatezero  , changed gate loc: 73,  sub gate loc: 0Inverter: 0
Simulate AEM is -4.744730
Now AEM is 537507.009080
Simulate added AEM is -0.021760, Now added AEM is -4876.889890
Approximate gate:363, Approximate area:756.000000
Accurate error is 537507.009080, Area :756.000000, Delay: 15.900000, Gate: 363
Now running time: 3010
Change gate [162625] with gate[162608]  , changed gate loc: 294,  sub gate loc: 288Inverter: 0
Simulate AEM is -4.746650
Now AEM is 498556.909660
Simulate added AEM is -0.001920, Now added AEM is -38950.099420
Approximate gate:362, Approximate area:754.000000
Accurate error is 498556.909660, Area :754.000000, Delay: 15.900000, Gate: 362
Now running time: 3023
Change gate [162514] with gateone  , changed gate loc: 148,  sub gate loc: 1Inverter: 0
Simulate AEM is -5.130650
Now AEM is 523008.786750
Simulate added AEM is -0.384000, Now added AEM is 24451.877090
Approximate gate:362, Approximate area:753.000000
Accurate error is 523008.786750, Area :753.000000, Delay: 15.900000, Gate: 362
Now running time: 3036
Change gate n549 with gate[162525]  , changed gate loc: 302,  sub gate loc: 161Inverter: 0
Simulate AEM is -5.465690
Now AEM is 494348.961480
Simulate added AEM is -0.335040, Now added AEM is -28659.825270
Approximate gate:357, Approximate area:743.000000
Accurate error is 494348.961480, Area :743.000000, Delay: 15.900000, Gate: 357
Now running time: 3050
Change gate [162626] with gate[162546]  , changed gate loc: 301,  sub gate loc: 188Inverter: 0
Simulate AEM is -5.466330
Now AEM is 509515.928940
Simulate added AEM is -0.000640, Now added AEM is 15166.967460
Approximate gate:355, Approximate area:737.000000
Accurate error is 509515.928940, Area :737.000000, Delay: 15.900000, Gate: 355
Now running time: 3062
Change gate sum[9] with gatea[6]  , changed gate loc: 75,  sub gate loc: 8Inverter: 1
Simulate AEM is -5.819610
Now AEM is 518055.834840
Simulate added AEM is -0.353280, Now added AEM is 8539.905900
Approximate gate:353, Approximate area:733.000000
Accurate error is 518055.834840, Area :733.000000, Delay: 15.900000, Gate: 353
Now running time: 3075
Change gate [162626] with gatezero  , changed gate loc: 301,  sub gate loc: 0Inverter: 0
Simulate AEM is -5.824090
Now AEM is 491122.143850
Simulate added AEM is -0.004480, Now added AEM is -26933.690990
Approximate gate:353, Approximate area:731.000000
Accurate error is 491122.143850, Area :731.000000, Delay: 15.900000, Gate: 353
Now running time: 3087
Change gate sum[21] with gaten545  , changed gate loc: 87,  sub gate loc: 271Inverter: 0
Simulate AEM is -7.709470
Now AEM is 1300892.316740
Simulate added AEM is -1.885380, Now added AEM is 809770.172890
Approximate gate:341, Approximate area:703.000000
Accurate error is 1300892.316740, Area :703.000000, Delay: 15.900000, Gate: 341
Now running time: 3100
Change gate sum[8] with gateone  , changed gate loc: 74,  sub gate loc: 1Inverter: 0
Simulate AEM is -7.822110
Now AEM is 1300273.660100
Simulate added AEM is -0.112640, Now added AEM is -618.656640
Approximate gate:341, Approximate area:702.000000
Accurate error is 1300273.660100, Area :702.000000, Delay: 15.900000, Gate: 341
Now running time: 3111
Change gate sum[13] with gatesum[4]  , changed gate loc: 79,  sub gate loc: 70Inverter: 1
Simulate AEM is -7.985950
Now AEM is 1303591.070020
Simulate added AEM is -0.163840, Now added AEM is 3317.409920
Approximate gate:339, Approximate area:696.000000
Accurate error is 1303591.070020, Area :696.000000, Delay: 15.900000, Gate: 339
Now running time: 3123
Change gate sum[12] with gateone  , changed gate loc: 78,  sub gate loc: 1Inverter: 0
Simulate AEM is -8.641310
Now AEM is 1307173.982330
Simulate added AEM is -0.655360, Now added AEM is 3582.912310
Approximate gate:338, Approximate area:691.000000
Accurate error is 1307173.982330, Area :691.000000, Delay: 15.900000, Gate: 338
Now running time: 3134
Change gate sum[9] with gatezero  , changed gate loc: 75,  sub gate loc: 0Inverter: 0
Simulate AEM is -8.784670
Now AEM is 1291996.100810
Simulate added AEM is -0.143360, Now added AEM is -15177.881520
Approximate gate:338, Approximate area:690.000000
Accurate error is 1291996.100810, Area :690.000000, Delay: 15.900000, Gate: 338
Now running time: 3146
Change gate [164645] with gate[162686]  , changed gate loc: 356,  sub gate loc: 373Inverter: 0
Simulate AEM is -10.298070
Now AEM is 1292432.231080
Simulate added AEM is -1.513400, Now added AEM is 436.130270
Approximate gate:337, Approximate area:688.000000
Accurate error is 1292432.231080, Area :688.000000, Delay: 15.900000, Gate: 337
Now running time: 3157
Change gate sum[16] with gate[162554]  , changed gate loc: 82,  sub gate loc: 202Inverter: 0
Simulate AEM is -10.530990
Now AEM is 1321607.382280
Simulate added AEM is -0.232920, Now added AEM is 29175.151200
Approximate gate:335, Approximate area:683.000000
Accurate error is 1321607.382280, Area :683.000000, Delay: 15.900000, Gate: 335
Now running time: 3169
Change gate sum[11] with gate[162566]  , changed gate loc: 77,  sub gate loc: 222Inverter: 0
Simulate AEM is -13.275310
Now AEM is 1327462.413170
Simulate added AEM is -2.744320, Now added AEM is 5855.030890
Approximate gate:331, Approximate area:676.000000
Accurate error is 1327462.413170, Area :676.000000, Delay: 15.900000, Gate: 331
Now running time: 3180
The 0 choose is not good
Change gate sum[10] with gateone  , changed gate loc: 76,  sub gate loc: 1Inverter: 0
Simulate AEM is -14.340270
Now AEM is 1292651.411980
Simulate added AEM is -1.064960, Now added AEM is -34811.001190
Approximate gate:331, Approximate area:674.000000
Accurate error is 1292651.411980, Area :674.000000, Delay: 15.900000, Gate: 331
Now running time: 3191
Change gate sum[19] with gate[162545]  , changed gate loc: 85,  sub gate loc: 192Inverter: 0
Simulate AEM is -16.333970
Now AEM is 1321964.726120
Simulate added AEM is -1.993700, Now added AEM is 29313.314140
Approximate gate:329, Approximate area:670.000000
Accurate error is 1321964.726120, Area :670.000000, Delay: 15.900000, Gate: 329
Now running time: 3202
Change gate sum[16] with gatea[10]  , changed gate loc: 82,  sub gate loc: 12Inverter: 1
Simulate AEM is -16.876790
Now AEM is 1297505.580390
Simulate added AEM is -0.542820, Now added AEM is -24459.145730
Approximate gate:327, Approximate area:665.000000
Accurate error is 1297505.580390, Area :665.000000, Delay: 15.900000, Gate: 327
Now running time: 3213
Change gate sum[14] with gate[163284]  , changed gate loc: 80,  sub gate loc: 234Inverter: 0
Simulate AEM is -20.481270
Now AEM is 1306817.221940
Simulate added AEM is -3.604480, Now added AEM is 9311.641550
Approximate gate:326, Approximate area:663.000000
Accurate error is 1306817.221940, Area :663.000000, Delay: 15.900000, Gate: 326
Now running time: 3224
The 0 choose is not good
Change gate sum[20] with gate[163735]  , changed gate loc: 86,  sub gate loc: 393Inverter: 0
Simulate AEM is -26.968570
Now AEM is 1346736.146490
Simulate added AEM is -6.487300, Now added AEM is 39918.924550
Approximate gate:322, Approximate area:655.000000
Accurate error is 1346736.146490, Area :655.000000, Delay: 15.900000, Gate: 322
Now running time: 3235
Change gate [162622] with gatezero  , changed gate loc: 299,  sub gate loc: 0Inverter: 0
Simulate AEM is -29.910010
Now AEM is 1387252.222490
Simulate added AEM is -2.941440, Now added AEM is 40516.076000
Approximate gate:321, Approximate area:651.000000
Accurate error is 1387252.222490, Area :651.000000, Delay: 15.900000, Gate: 321
Now running time: 3245
The 0 choose is not good
The 1 choose is not good
Change gate [162604] with gate[162579]  , changed gate loc: 270,  sub gate loc: 235Inverter: 0
Simulate AEM is -71.853050
Now AEM is 1360995.728130
Simulate added AEM is -41.943040, Now added AEM is -26256.494360
Approximate gate:311, Approximate area:630.000000
Accurate error is 1360995.728130, Area :630.000000, Delay: 15.900000, Gate: 311
Now running time: 3255
The 0 choose is not good
Change gate sum[15] with gatezero  , changed gate loc: 81,  sub gate loc: 0Inverter: 0
Simulate AEM is -83.649530
Now AEM is 1369810.521210
Simulate added AEM is -11.796480, Now added AEM is 8814.793080
Approximate gate:310, Approximate area:628.000000
Accurate error is 1369810.521210, Area :628.000000, Delay: 15.900000, Gate: 310
Now running time: 3265
Change gate [162644] with gatea[18]  , changed gate loc: 338,  sub gate loc: 20Inverter: 0
Simulate AEM is -86.598030
Now AEM is 1309861.805840
Simulate added AEM is -2.948500, Now added AEM is -59948.715370
Approximate gate:308, Approximate area:623.000000
Accurate error is 1309861.805840, Area :623.000000, Delay: 15.900000, Gate: 308
Now running time: 3275
Change gate [162676] with gate[162634]  , changed gate loc: 367,  sub gate loc: 307Inverter: 1
Simulate AEM is -88.237650
Now AEM is 1778643.094090
Simulate added AEM is -1.639620, Now added AEM is 468781.288250
Approximate gate:306, Approximate area:616.000000
Accurate error is 1778643.094090, Area :616.000000, Delay: 15.900000, Gate: 306
Now running time: 3285
The 0 choose is not good
The 1 choose is not good
Change gate [162615] with gate[162542]  , changed gate loc: 286,  sub gate loc: 184Inverter: 0
Simulate AEM is -172.123730
Now AEM is 1772605.830720
Simulate added AEM is -83.886080, Now added AEM is -6037.263370
Approximate gate:300, Approximate area:603.000000
Accurate error is 1772605.830720, Area :603.000000, Delay: 15.900000, Gate: 300
Now running time: 3295
The 0 choose is not good
Change gate sum[11] with gatezero  , changed gate loc: 77,  sub gate loc: 0Inverter: 0
Simulate AEM is -175.031890
Now AEM is 1817789.326350
Simulate added AEM is -2.908160, Now added AEM is 45183.495630
Approximate gate:300, Approximate area:601.000000
Accurate error is 1817789.326350, Area :601.000000, Delay: 15.900000, Gate: 300
Now running time: 3305
Change gate [162650] with gate[162629]  , changed gate loc: 334,  sub gate loc: 321Inverter: 0
Simulate AEM is -188.807550
Now AEM is 1882772.950730
Simulate added AEM is -13.775660, Now added AEM is 64983.624380
Approximate gate:292, Approximate area:584.000000
Accurate error is 1882772.950730, Area :584.000000, Delay: 15.900000, Gate: 292
Now running time: 3314
The 0 choose is not good
The 1 choose is not good
Change gate [162649] with gate[162631]  , changed gate loc: 326,  sub gate loc: 322Inverter: 0
Simulate AEM is -230.750590
Now AEM is 1895929.565340
Simulate added AEM is -41.943040, Now added AEM is 13156.614610
Approximate gate:289, Approximate area:579.000000
Accurate error is 1895929.565340, Area :579.000000, Delay: 15.900000, Gate: 289
Now running time: 3324
Change gate sum[19] with gate[162533]  , changed gate loc: 85,  sub gate loc: 172Inverter: 1
Simulate AEM is -246.479230
Now AEM is 1865097.077220
Simulate added AEM is -15.728640, Now added AEM is -30832.488120
Approximate gate:287, Approximate area:574.000000
Accurate error is 1865097.077220, Area :574.000000, Delay: 15.900000, Gate: 287
Now running time: 3333
Change gate [162637] with gatesum[17]  , changed gate loc: 318,  sub gate loc: 83Inverter: 1
Simulate AEM is -252.528730
Now AEM is 1840963.925600
Simulate added AEM is -6.049500, Now added AEM is -24133.151620
Approximate gate:284, Approximate area:565.000000
Accurate error is 1840963.925600, Area :565.000000, Delay: 15.900000, Gate: 284
Now running time: 3342
Change gate sum[14] with gateone  , changed gate loc: 80,  sub gate loc: 1Inverter: 0
Simulate AEM is -275.138650
Now AEM is 1864098.314550
Simulate added AEM is -22.609920, Now added AEM is 23134.388950
Approximate gate:281, Approximate area:558.000000
Accurate error is 1864098.314550, Area :558.000000, Delay: 15.900000, Gate: 281
Now running time: 3351
The 0 choose is not good
The 1 choose is not good
The 2 choose is not good
The 3 choose is not good
Change gate sum[4] with gateone  , changed gate loc: 70,  sub gate loc: 1Inverter: 0
Simulate AEM is -283.478170
Now AEM is 1911170.371510
Simulate added AEM is -8.339520, Now added AEM is 47072.056960
Approximate gate:281, Approximate area:557.000000
Accurate error is 1911170.371510, Area :557.000000, Delay: 15.900000, Gate: 281
Now running time: 3361
The 0 choose is not good
Change gate sum[13] with gateone  , changed gate loc: 79,  sub gate loc: 1Inverter: 0
Simulate AEM is -294.455450
Now AEM is 1861620.347530
Simulate added AEM is -10.977280, Now added AEM is -49550.023980
Approximate gate:281, Approximate area:556.000000
Accurate error is 1861620.347530, Area :556.000000, Delay: 15.900000, Gate: 281
Now running time: 3370
The 0 choose is not good
The 1 choose is not good
The 2 choose is not good
The 3 choose is not good
The 4 choose is not good
Change gate sum[18] with gateone  , changed gate loc: 84,  sub gate loc: 1Inverter: 0
Simulate AEM is -306.493410
Now AEM is 1828630.226280
Simulate added AEM is -12.037960, Now added AEM is -32990.121250
Approximate gate:281, Approximate area:555.000000
Accurate error is 1828630.226280, Area :555.000000, Delay: 15.900000, Gate: 281
Now running time: 3380
Change gate [162585] with gateone  , changed gate loc: 258,  sub gate loc: 1Inverter: 0
Simulate AEM is -310.409770
Now AEM is 1885213.832250
Simulate added AEM is -3.916360, Now added AEM is 56583.605970
Approximate gate:281, Approximate area:554.000000
Accurate error is 1885213.832250, Area :554.000000, Delay: 15.900000, Gate: 281
Now running time: 3389
The 0 choose is not good
The 1 choose is not good
Change gate [162565] with gateb[11]  , changed gate loc: 217,  sub gate loc: 45Inverter: 0
Simulate AEM is -383.275210
Now AEM is 1898320.265980
Simulate added AEM is -72.865440, Now added AEM is 13106.433730
Approximate gate:279, Approximate area:549.000000
Accurate error is 1898320.265980, Area :549.000000, Delay: 15.900000, Gate: 279
Now running time: 3398
Change gate n307 with gaten306  , changed gate loc: 366,  sub gate loc: 400Inverter: 0
Simulate AEM is -383.277770
Now AEM is 1907396.732970
Simulate added AEM is -0.002560, Now added AEM is 9076.466990
Approximate gate:278, Approximate area:546.000000
Accurate error is 1907396.732970, Area :546.000000, Delay: 15.900000, Gate: 278
Now running time: 3407
The 0 choose is not good
The 1 choose is not good
The 2 choose is not good
The 3 choose is not good
The 4 choose is not good
The 5 choose is not good
The 6 choose is not good
The 7 choose is not good
The 8 choose is not good
Change gate sum[21] with gate[162615]  , changed gate loc: 87,  sub gate loc: 286Inverter: 0
Simulate AEM is -999.727990
Now AEM is 1997235.739260
Simulate added AEM is -616.450220, Now added AEM is 89839.006290
Approximate gate:273, Approximate area:534.000000
Accurate error is 1997235.739260, Area :534.000000, Delay: 15.900000, Gate: 273
Now running time: 3418
The 0 choose is not good
The 1 choose is not good
The 2 choose is not good
The 3 choose is not good
The 4 choose is not good
Change gate [163622] with gatesum[17]  , changed gate loc: 283,  sub gate loc: 83Inverter: 0
Simulate AEM is -1284.611650
Now AEM is 1941403.645290
Simulate added AEM is -284.883660, Now added AEM is -55832.093970
Approximate gate:269, Approximate area:526.000000
Accurate error is 1941403.645290, Area :526.000000, Delay: 15.900000, Gate: 269
Now running time: 3428
Change gate [162663] with gate[162659]  , changed gate loc: 351,  sub gate loc: 347Inverter: 0
Simulate AEM is -1332.774410
Now AEM is 1990533.365900
Simulate added AEM is -48.162760, Now added AEM is 49129.720610
Approximate gate:258, Approximate area:503.000000
Accurate error is 1990533.365900, Area :503.000000, Delay: 15.900000, Gate: 258
Now running time: 3436
The 0 choose is not good
The 1 choose is not good
The 2 choose is not good
Change gate [162609] with gateb[15]  , changed gate loc: 290,  sub gate loc: 49Inverter: 0
Simulate AEM is -1378.431250
Now AEM is 1993281.501290
Simulate added AEM is -45.656840, Now added AEM is 2748.135390
Approximate gate:256, Approximate area:498.000000
Accurate error is 1993281.501290, Area :498.000000, Delay: 15.900000, Gate: 256
Now running time: 3445
The 0 choose is not good
The 1 choose is not good
The 2 choose is not good
The 3 choose is not good
The 4 choose is not good
The 5 choose is not good
The 6 choose is not good
Change gate [164201] with gate[162701]  , changed gate loc: 396,  sub gate loc: 394Inverter: 1
Simulate AEM is -1437.721790
Now AEM is 2101516.365430
Simulate added AEM is -59.290540, Now added AEM is 108234.864140
Approximate gate:255, Approximate area:495.000000
Accurate error is 2101516.365430, Area :495.000000, Delay: 15.900000, Gate: 255
Now running time: 3455
The 0 choose is not good
The 1 choose is not good
The 2 choose is not good
The 3 choose is not good
Change gate [164207] with gate[164223]  , changed gate loc: 412,  sub gate loc: 506Inverter: 0
Simulate AEM is -1521.607870
Now AEM is 2071093.892180
Simulate added AEM is -83.886080, Now added AEM is -30422.473250
Approximate gate:252, Approximate area:488.000000
Accurate error is 2071093.892180, Area :488.000000, Delay: 15.900000, Gate: 252
Now running time: 3464
The 0 choose is not good
The 1 choose is not good
The 2 choose is not good
The 3 choose is not good
Change gate [162604] with gatea[11]  , changed gate loc: 270,  sub gate loc: 13Inverter: 1
Simulate AEM is -1654.091670
Now AEM is 1976902.669530
Simulate added AEM is -132.483800, Now added AEM is -94191.222650
Approximate gate:251, Approximate area:486.000000
Accurate error is 1976902.669530, Area :486.000000, Delay: 15.900000, Gate: 251
Now running time: 3473
Change gate n317 with gate[162630]  , changed gate loc: 333,  sub gate loc: 320Inverter: 0
Simulate AEM is -2079.534010
Now AEM is 2034982.548860
Simulate added AEM is -425.442340, Now added AEM is 58079.879330
Approximate gate:245, Approximate area:476.000000
Accurate error is 2034982.548860, Area :476.000000, Delay: 15.900000, Gate: 245
Now running time: 3481
The 0 choose is not good
Change gate [163351] with gate[162656]  , changed gate loc: 363,  sub gate loc: 353Inverter: 0
Simulate AEM is -2088.175950
Now AEM is 1997195.296350
Simulate added AEM is -8.641940, Now added AEM is -37787.252510
Approximate gate:244, Approximate area:475.000000
Accurate error is 1997195.296350, Area :475.000000, Delay: 15.900000, Gate: 244
Now running time: 3489
The 0 choose is not good
The 1 choose is not good
The 2 choose is not good
The 3 choose is not good
The 4 choose is not good
The 5 choose is not good
The 6 choose is not good
The 7 choose is not good
The 8 choose is not good
The 9 choose is not good
Change gate sum[19] with gateone  , changed gate loc: 85,  sub gate loc: 1Inverter: 0
Simulate AEM is -2266.766790
Now AEM is 2145579.741360
Simulate added AEM is -178.590840, Now added AEM is 148384.445010
AEM Threshold: 2102815 Now AEM: 2.14558e+06
ALL running time: 3499
Error propagation matrix time: 205 with 156802 node
Error simulation time: 3154 with 3717292 node
Area time: 2
Whole find time: 3373
