Original Area:1069.000000, Original Delay:37.800000, Orignial Gate :430
Change gate [166469] with gate[166345]  , changed gate loc: 264,  sub gate loc: 36Inverter: 0
Simulate AEM is 0.000000
Now AEM is 0.000000
Simulate added AEM is 0.000000, Now added AEM is 0.000000
Approximate gate:428, Approximate area:1065.000000
Accurate error is 0.000000, Area :1065.000000, Delay: 37.800000, Gate: 428
Now running time: 93
Change gate [167126] with gate[167814]  , changed gate loc: 37,  sub gate loc: 265Inverter: 0
Simulate AEM is 0.000000
Now AEM is 0.000000
Simulate added AEM is 0.000000, Now added AEM is 0.000000
Approximate gate:427, Approximate area:1061.000000
Accurate error is 0.000000, Area :1061.000000, Delay: 37.800000, Gate: 427
Now running time: 187
Change gate [166351] with gatey[0]  , changed gate loc: 44,  sub gate loc: 10Inverter: 0
Simulate AEM is 0.000000
Now AEM is 0.000000
Simulate added AEM is 0.000000, Now added AEM is 0.000000
Approximate gate:427, Approximate area:1058.000000
Accurate error is 0.000000, Area :1058.000000, Delay: 37.800000, Gate: 427
Now running time: 281
Change gate [164857] with gate[167660]  , changed gate loc: 378,  sub gate loc: 391Inverter: 0
Simulate AEM is 0.000000
Now AEM is 0.000000
Simulate added AEM is 0.000000, Now added AEM is 0.000000
Approximate gate:426, Approximate area:1055.000000
Accurate error is 0.000000, Area :1055.000000, Delay: 37.800000, Gate: 426
Now running time: 376
Change gate [166406] with gaten556  , changed gate loc: 192,  sub gate loc: 160Inverter: 1
Simulate AEM is 0.000000
Now AEM is 0.000000
Simulate added AEM is 0.000000, Now added AEM is 0.000000
Approximate gate:426, Approximate area:1053.000000
Accurate error is 0.000000, Area :1053.000000, Delay: 37.800000, Gate: 426
Now running time: 471
Change gate [166399] with gate[167340]  , changed gate loc: 133,  sub gate loc: 122Inverter: 0
Simulate AEM is 0.000000
Now AEM is 0.000000
Simulate added AEM is 0.000000, Now added AEM is 0.000000
Approximate gate:425, Approximate area:1051.000000
Accurate error is 0.000000, Area :1051.000000, Delay: 37.800000, Gate: 425
Now running time: 566
Change gate [166441] with gate[168101]  , changed gate loc: 195,  sub gate loc: 196Inverter: 0
Simulate AEM is 0.000000
Now AEM is 0.000000
Simulate added AEM is 0.000000, Now added AEM is 0.000000
Approximate gate:424, Approximate area:1049.000000
Accurate error is 0.000000, Area :1049.000000, Delay: 37.800000, Gate: 424
Now running time: 661
Change gate [166558] with gate[166559]  , changed gate loc: 438,  sub gate loc: 440Inverter: 0
Simulate AEM is 0.000000
Now AEM is 0.000000
Simulate added AEM is 0.000000, Now added AEM is 0.000000
Approximate gate:423, Approximate area:1048.000000
Accurate error is 0.000000, Area :1048.000000, Delay: 37.400000, Gate: 423
Now running time: 756
Change gate [167001] with gate[166558]  , changed gate loc: 447,  sub gate loc: 438Inverter: 0
Simulate AEM is 0.000000
Now AEM is 0.000000
Simulate added AEM is 0.000000, Now added AEM is 0.000000
Approximate gate:422, Approximate area:1047.000000
Accurate error is 0.000000, Area :1047.000000, Delay: 37.400000, Gate: 422
Now running time: 850
Change gate n32 with gate[166412]  , changed gate loc: 442,  sub gate loc: 142Inverter: 0
Simulate AEM is 0.000000
Now AEM is 0.000000
Simulate added AEM is 0.000000, Now added AEM is 0.000000
Approximate gate:420, Approximate area:1042.000000
Accurate error is 0.000000, Area :1042.000000, Delay: 37.400000, Gate: 420
Now running time: 943
Change gate [167033] with gate[167132]  , changed gate loc: 80,  sub gate loc: 54Inverter: 0
Simulate AEM is 0.000000
Now AEM is 0.000000
Simulate added AEM is 0.000000, Now added AEM is 0.000000
Approximate gate:419, Approximate area:1041.000000
Accurate error is 0.000000, Area :1041.000000, Delay: 37.400000, Gate: 419
Now running time: 1036
Change gate [166909] with gate[166358]  , changed gate loc: 58,  sub gate loc: 53Inverter: 0
Simulate AEM is 0.000000
Now AEM is 0.000000
Simulate added AEM is 0.000000, Now added AEM is 0.000000
Approximate gate:418, Approximate area:1040.000000
Accurate error is 0.000000, Area :1040.000000, Delay: 37.400000, Gate: 418
Now running time: 1127
Change gate [166348] with gate[167126]  , changed gate loc: 40,  sub gate loc: 37Inverter: 0
Simulate AEM is 0.318420
Now AEM is 0.252420
Simulate added AEM is 0.318420, Now added AEM is 0.252420
Approximate gate:416, Approximate area:1034.000000
Accurate error is 0.252420, Area :1034.000000, Delay: 37.400000, Gate: 416
Now running time: 1219
Change gate [166902] with gate[166469]  , changed gate loc: 41,  sub gate loc: 264Inverter: 0
Simulate AEM is 0.318420
Now AEM is 0.248720
Simulate added AEM is 0.000000, Now added AEM is -0.003700
Approximate gate:415, Approximate area:1033.000000
Accurate error is 0.248720, Area :1033.000000, Delay: 37.400000, Gate: 415
Now running time: 1321
Change gate result[1] with gate[166349]  , changed gate loc: 19,  sub gate loc: 42Inverter: 1
Simulate AEM is 0.697120
Now AEM is 0.746440
Simulate added AEM is 0.378700, Now added AEM is 0.497720
Approximate gate:414, Approximate area:1029.000000
Accurate error is 0.746440, Area :1029.000000, Delay: 37.400000, Gate: 414
Now running time: 1431
Change gate [166350] with gate[166424]  , changed gate loc: 43,  sub gate loc: 200Inverter: 0
Simulate AEM is 0.568320
Now AEM is 1.560940
Simulate added AEM is -0.128800, Now added AEM is 0.814500
Approximate gate:413, Approximate area:1025.000000
Accurate error is 1.560940, Area :1025.000000, Delay: 37.400000, Gate: 413
Now running time: 1554
Change gate [167040] with gate[166368]  , changed gate loc: 78,  sub gate loc: 75Inverter: 0
Simulate AEM is 0.549960
Now AEM is 2.510360
Simulate added AEM is -0.018360, Now added AEM is 0.949420
Approximate gate:411, Approximate area:1021.000000
Accurate error is 2.510360, Area :1021.000000, Delay: 37.400000, Gate: 411
Now running time: 1666
Change gate [167037] with gate[166348]  , changed gate loc: 76,  sub gate loc: 40Inverter: 0
Simulate AEM is 0.548820
Now AEM is 4.596160
Simulate added AEM is -0.001140, Now added AEM is 2.085800
Approximate gate:408, Approximate area:1014.000000
Accurate error is 4.596160, Area :1014.000000, Delay: 37.400000, Gate: 408
Now running time: 1768
Change gate [166360] with gaten245  , changed gate loc: 59,  sub gate loc: 159Inverter: 0
Simulate AEM is 0.548240
Now AEM is 5.616840
Simulate added AEM is -0.000580, Now added AEM is 1.020680
Approximate gate:405, Approximate area:1007.000000
Accurate error is 5.616840, Area :1007.000000, Delay: 37.400000, Gate: 405
Now running time: 1865
The 0 choose is not good
The 1 choose is not good
Change gate result[4] with gate[166432]  , changed gate loc: 22,  sub gate loc: 178Inverter: 0
Simulate AEM is 0.548040
Now AEM is 10.882860
Simulate added AEM is -0.000200, Now added AEM is 5.266020
Approximate gate:402, Approximate area:1000.000000
Accurate error is 10.882860, Area :1000.000000, Delay: 37.400000, Gate: 402
Now running time: 1963
The 0 choose is not good
The 1 choose is not good
The 2 choose is not good
The 3 choose is not good
Change gate result[0] with gatezero  , changed gate loc: 18,  sub gate loc: 0Inverter: 0
Simulate AEM is 0.547040
Now AEM is 10.866880
Simulate added AEM is -0.001000, Now added AEM is -0.015980
Approximate gate:402, Approximate area:998.000000
Accurate error is 10.866880, Area :998.000000, Delay: 37.400000, Gate: 402
Now running time: 2059
The 0 choose is not good
Change gate [166909] with gate[168219]  , changed gate loc: 58,  sub gate loc: 344Inverter: 1
Simulate AEM is 0.545320
Now AEM is 10.952820
Simulate added AEM is -0.001720, Now added AEM is 0.085940
Approximate gate:402, Approximate area:995.000000
Accurate error is 10.952820, Area :995.000000, Delay: 37.400000, Gate: 402
Now running time: 2153
The 0 choose is not good
The 1 choose is not good
The 2 choose is not good
The 3 choose is not good
The 4 choose is not good
The 5 choose is not good
The 6 choose is not good
The 7 choose is not good
The 8 choose is not good
Change gate [167525] with gate[166509]  , changed gate loc: 88,  sub gate loc: 342Inverter: 0
Simulate AEM is 0.541720
Now AEM is 12.905110
Simulate added AEM is -0.003600, Now added AEM is 1.952290
Approximate gate:401, Approximate area:992.000000
Accurate error is 12.905110, Area :992.000000, Delay: 37.400000, Gate: 401
Now running time: 2226
The 0 choose is not good
Change gate [168517] with gate[166457]  , changed gate loc: 82,  sub gate loc: 241Inverter: 0
Simulate AEM is 0.541560
Now AEM is 14.687130
Simulate added AEM is -0.000160, Now added AEM is 1.782020
Approximate gate:400, Approximate area:990.000000
Accurate error is 14.687130, Area :990.000000, Delay: 37.400000, Gate: 400
Now running time: 2288
The 0 choose is not good
The 1 choose is not good
The 2 choose is not good
The 3 choose is not good
The 4 choose is not good
Change gate result[3] with gate[166490]  , changed gate loc: 21,  sub gate loc: 305Inverter: 0
Simulate AEM is 0.531540
Now AEM is 14.195370
Simulate added AEM is -0.010020, Now added AEM is -0.491760
Approximate gate:398, Approximate area:985.000000
Accurate error is 14.195370, Area :985.000000, Delay: 37.400000, Gate: 398
Now running time: 2353
The 0 choose is not good
The 1 choose is not good
The 2 choose is not good
The 3 choose is not good
The 4 choose is not good
The 5 choose is not good
The 6 choose is not good
Change gate [167040] with gate[166361]  , changed gate loc: 78,  sub gate loc: 61Inverter: 0
Simulate AEM is 0.527420
Now AEM is 15.679910
Simulate added AEM is -0.004120, Now added AEM is 1.484540
Approximate gate:396, Approximate area:980.000000
Accurate error is 15.679910, Area :980.000000, Delay: 37.400000, Gate: 396
Now running time: 2417
The 0 choose is not good
The 1 choose is not good
The 2 choose is not good
The 3 choose is not good
The 4 choose is not good
The 5 choose is not good
The 6 choose is not good
The 7 choose is not good
The 8 choose is not good
The 9 choose is not good
Change gate [166441] with gate[166525]  , changed gate loc: 195,  sub gate loc: 377Inverter: 0
Simulate AEM is 0.513160
Now AEM is 103.913920
Simulate added AEM is -0.014260, Now added AEM is 88.234010
AEM Threshold: 16 Now AEM: 103.914
ALL running time: 2483
Error propagation matrix time: 83 with 47638 node
Error simulation time: 2343 with 2174708 node
Area time: 0
Whole find time: 2433
