abc command read data/library/mcnc.genlib
Entered genlib library with 23 gates from file "data/library/mcnc.genlib".
abc command read_blif data/su/c1908.blif
Line 7: Skipping line ".default_input_arrival 0.00 0.00 ".
Line 8: Skipping line ".default_output_required 0.00 0.00 ".
Line 9: Skipping line ".default_input_drive 0.10 0.10 ".
Line 10: Skipping line ".default_output_load 2.00 ".
Line 11: Skipping line ".default_max_input_load 999.00 ".
abc command print_stats
[1;37mc1908                         :[0m i/o =   33/   25  lat =    0  nd =   288  edge =    689  area =758.00  delay =37.30  lev = 25
--------------- round 1 ---------------
seed = 2531465778
maxLevel = 1
n271 is replaced by n265 with estimated error 0
error = 0
area = 756
delay = 37.3
#gates = 289
output circuit appNtk/c1908_1_0_756_37.3.blif
time = 3908401 us
--------------- round 2 ---------------
seed = 2531465778
maxLevel = 1
n226 is replaced by n230 with estimated error 0
error = 0
area = 754
delay = 37.3
#gates = 288
output circuit appNtk/c1908_2_0_754_37.3.blif
time = 6430947 us
--------------- round 3 ---------------
seed = 2531465778
maxLevel = 1
n283 is replaced by n281 with estimated error 0
error = 0
area = 752
delay = 37.3
#gates = 287
output circuit appNtk/c1908_3_0_752_37.3.blif
time = 8802363 us
--------------- round 4 ---------------
seed = 2531465778
maxLevel = 1
n253 is replaced by n248 with estimated error 0
error = 0
area = 750
delay = 37.3
#gates = 286
output circuit appNtk/c1908_4_0_750_37.3.blif
time = 10754239 us
--------------- round 5 ---------------
seed = 2531465778
maxLevel = 1
n213 is replaced by n129 with estimated error 0
error = 0
area = 748
delay = 37.3
#gates = 285
output circuit appNtk/c1908_5_0_748_37.3.blif
time = 13047306 us
--------------- round 6 ---------------
seed = 2531465778
maxLevel = 1
n220 is replaced by n206 with estimated error 0
error = 0
area = 746
delay = 37.3
#gates = 284
output circuit appNtk/c1908_6_0_746_37.3.blif
time = 16235935 us
--------------- round 7 ---------------
seed = 2531465778
maxLevel = 1
n187 is replaced by n194 with estimated error 0
error = 0
area = 744
delay = 37.3
#gates = 283
output circuit appNtk/c1908_7_0_744_37.3.blif
time = 17865968 us
--------------- round 8 ---------------
seed = 2531465778
maxLevel = 1
n269 is replaced by n265 with estimated error 0
error = 0
area = 742
delay = 37.3
#gates = 282
output circuit appNtk/c1908_8_0_742_37.3.blif
time = 19901857 us
--------------- round 9 ---------------
seed = 2531465778
maxLevel = 1
n273 is replaced by n127 with estimated error 0
error = 0
area = 741
delay = 37.3
#gates = 281
output circuit appNtk/c1908_9_0_741_37.3.blif
time = 21402072 us
--------------- round 10 ---------------
seed = 2531465778
maxLevel = 1
n286 is replaced by n224 with estimated error 0.0001
error = 0.0001
area = 738
delay = 37.3
#gates = 280
output circuit appNtk/c1908_10_0.0001_738_37.3.blif
time = 22679454 us
--------------- round 11 ---------------
seed = 2531465778
maxLevel = 1
n267 is replaced by one with estimated error 0.0001
error = 0.00151
area = 731
delay = 37.3
#gates = 278
output circuit appNtk/c1908_11_0.00151_731_37.3.blif
time = 24413390 us
--------------- round 12 ---------------
seed = 2531465778
maxLevel = 1
n289 is replaced by one with estimated error 0.00299
error = 0.00299
area = 718
delay = 37.3
#gates = 274
output circuit appNtk/c1908_12_0.00299_718_37.3.blif
time = 27766759 us
--------------- round 13 ---------------
seed = 2531465778
maxLevel = 1
n180 is replaced by n265 with estimated error 0.00299
error = 0.00299
area = 715
delay = 37.3
#gates = 273
output circuit appNtk/c1908_13_0.00299_715_37.3.blif
time = 29239267 us
--------------- round 14 ---------------
seed = 2531465778
maxLevel = 1
n278 is replaced by zero with estimated error 0.00408
error = 0.00408
area = 708
delay = 37.3
#gates = 270
output circuit appNtk/c1908_14_0.00408_708_37.3.blif
time = 30450610 us
--------------- round 15 ---------------
seed = 2531465778
maxLevel = 1
n280 is replaced by n238 with estimated error 0.0041
error = 0.0041
area = 705
delay = 37.3
#gates = 269
output circuit appNtk/c1908_15_0.0041_705_37.3.blif
time = 32833076 us
--------------- round 16 ---------------
seed = 2531465778
maxLevel = 1
n290 is replaced by n272 with estimated error 0.00879
error = 0.00879
area = 679
delay = 37.3
#gates = 261
output circuit appNtk/c1908_16_0.00879_679_37.3.blif
time = 34297510 us
--------------- round 17 ---------------
seed = 2531465778
maxLevel = 1
n120 is replaced by one with estimated error 0.0118
error = 0.37723
area = 665
delay = 37.3
#gates = 257
output circuit appNtk/c1908_17_0.37723_665_37.3.blif
time = 35439131 us
--------------- round 18 ---------------
seed = 2531465778
maxLevel = 1
exceed error bound
