abc command read data/library/mcnc.genlib
Entered genlib library with 23 gates from file "data/library/mcnc.genlib".
abc command read_blif data/su/c7552.blif
Line 21: Skipping line ".default_input_arrival 0.00 0.00 ".
Line 22: Skipping line ".default_output_required 0.00 0.00 ".
Line 23: Skipping line ".default_input_drive 0.10 0.10 ".
Line 24: Skipping line ".default_output_load 2.00 ".
Line 25: Skipping line ".default_max_input_load 999.00 ".
abc command print_stats
[1;37mc7552                         :[0m i/o =  207/  108  lat =    0  nd =  1125  edge =   2605  area =2756.00  delay =69.40  lev = 50
--------------- round 1 ---------------
seed = 2531465778
maxLevel = 1
n849 is replaced by n497 with estimated error 0
error = 0
area = 2736
delay = 69.4
#gates = 1119
output circuit appNtk/c7552_1_0_2736_69.4.blif
time = 25096271 us
--------------- round 2 ---------------
seed = 2531465778
maxLevel = 1
n770 is replaced by n430 with estimated error 0
error = 0
area = 2719
delay = 69.4
#gates = 1112
output circuit appNtk/c7552_2_0_2719_69.4.blif
time = 43548336 us
--------------- round 3 ---------------
seed = 2531465778
maxLevel = 1
n1287 is replaced by n405 with estimated error 0.04801
error = 0.04801
area = 2709
delay = 69.4
#gates = 1108
output circuit appNtk/c7552_3_0.04801_2709_69.4.blif
time = 58155451 us
--------------- round 4 ---------------
seed = 2531465778
maxLevel = 1
n1169 is replaced by one with estimated error 0.04801
error = 0.04801
area = 2700
delay = 69.4
#gates = 1105
output circuit appNtk/c7552_4_0.04801_2700_69.4.blif
time = 72887752 us
--------------- round 5 ---------------
seed = 2531465778
maxLevel = 1
n1329 is replaced by n1320 with estimated error 0.21863
error = 0.21863
area = 2695
delay = 69.4
#gates = 1103
output circuit appNtk/c7552_5_0.21863_2695_69.4.blif
time = 86478020 us
--------------- round 6 ---------------
seed = 2531465778
maxLevel = 1
exceed error bound
