abc command read data/library/mcnc.genlib
Entered genlib library with 23 gates from file "data/library/mcnc.genlib".
abc command read_blif data/su/c3540.blif
Line 7: Skipping line ".default_input_arrival 0.00 0.00 ".
Line 8: Skipping line ".default_output_required 0.00 0.00 ".
Line 9: Skipping line ".default_input_drive 0.10 0.10 ".
Line 10: Skipping line ".default_output_load 2.00 ".
Line 11: Skipping line ".default_max_input_load 999.00 ".
abc command print_stats
[1;37mc3540                         :[0m i/o =   50/   22  lat =    0  nd =   626  edge =   1568  area =1604.00  delay =55.00  lev = 41
--------------- round 1 ---------------
seed = 2951150775
maxLevel = 4
n418 is replaced by n362 with estimated error 0
error = 0
area = 1601
delay = 55
#gates = 627
output circuit appNtk/c3540_1_0_1601_55.blif
time = 22106741 us
--------------- round 2 ---------------
seed = 3115242553
maxLevel = 4
n618 is replaced by n608 with inverter with estimated error 0
error = 0
area = 1599
delay = 55
#gates = 627
output circuit appNtk/c3540_2_0_1599_55.blif
time = 42183622 us
--------------- round 3 ---------------
seed = 802348869
maxLevel = 4
n132 is replaced by n130 with estimated error 0
error = 0
area = 1598
delay = 55
#gates = 626
output circuit appNtk/c3540_3_0_1598_55.blif
time = 62043704 us
--------------- round 4 ---------------
seed = 66477428
maxLevel = 4
n354 is replaced by n248 with estimated error 0
error = 0
area = 1597
delay = 55
#gates = 625
output circuit appNtk/c3540_4_0_1597_55.blif
time = 82219970 us
--------------- round 5 ---------------
seed = 1310623798
maxLevel = 4
n454 is replaced by n222 with estimated error 0
error = 0
area = 1596
delay = 55
#gates = 624
output circuit appNtk/c3540_5_0_1596_55.blif
time = 102117838 us
--------------- round 6 ---------------
seed = 321323362
maxLevel = 4
n614 is replaced by n173 with estimated error 0
error = 0
area = 1595
delay = 55
#gates = 623
output circuit appNtk/c3540_6_0_1595_55.blif
time = 121433755 us
--------------- round 7 ---------------
seed = 1101540982
maxLevel = 4
n465 is replaced by n207 with estimated error 0
error = 0
area = 1594
delay = 55
#gates = 622
output circuit appNtk/c3540_7_0_1594_55.blif
time = 140173676 us
--------------- round 8 ---------------
seed = 4015717326
maxLevel = 4
n422 is replaced by n206 with estimated error 0
error = 0
area = 1593
delay = 55
#gates = 621
output circuit appNtk/c3540_8_0_1593_55.blif
time = 159194941 us
--------------- round 9 ---------------
seed = 2853970979
maxLevel = 4
n482 is replaced by n480 with estimated error 0
error = 0
area = 1592
delay = 55
#gates = 620
output circuit appNtk/c3540_9_0_1592_55.blif
time = 177790202 us
--------------- round 10 ---------------
seed = 4106159717
maxLevel = 4
n314 is replaced by n262 with estimated error 0
error = 0
area = 1591
delay = 55
#gates = 619
output circuit appNtk/c3540_10_0_1591_55.blif
time = 196312742 us
--------------- round 11 ---------------
seed = 2052610879
maxLevel = 4
n325 is replaced by n247 with estimated error 0
error = 0
area = 1590
delay = 55
#gates = 618
output circuit appNtk/c3540_11_0_1590_55.blif
time = 214649420 us
--------------- round 12 ---------------
seed = 1226084295
maxLevel = 4
n461 is replaced by n458 with estimated error 4e-05
error = 4e-05
area = 1587
delay = 55
#gates = 616
output circuit appNtk/c3540_12_4e-05_1587_55.blif
time = 232546350 us
--------------- round 13 ---------------
seed = 3964038086
maxLevel = 4
n550 is replaced by zero with estimated error 9e-05
error = 9e-05
area = 1584
delay = 55
#gates = 615
output circuit appNtk/c3540_13_9e-05_1584_55.blif
time = 250964411 us
--------------- round 14 ---------------
seed = 2633128426
maxLevel = 4
n472 is replaced by n304 with estimated error 0.00063
error = 0.00063
area = 1581
delay = 55
#gates = 614
output circuit appNtk/c3540_14_0.00063_1581_55.blif
time = 267812258 us
--------------- round 15 ---------------
seed = 1515669264
maxLevel = 4
n336 is replaced by n280 with estimated error 0.00072
error = 0.00072
area = 1579
delay = 55
#gates = 613
output circuit appNtk/c3540_15_0.00072_1579_55.blif
time = 283737408 us
--------------- round 16 ---------------
seed = 2878954316
maxLevel = 4
n339 is replaced by zero with estimated error 0.00204
error = 0.00204
area = 1572
delay = 55
#gates = 610
output circuit appNtk/c3540_16_0.00204_1572_55.blif
time = 299499655 us
--------------- round 17 ---------------
seed = 2330804233
maxLevel = 4
n340 is replaced by one with estimated error 0.00352
error = 0.00337
area = 1565
delay = 55
#gates = 608
output circuit appNtk/c3540_17_0.00337_1565_55.blif
time = 314198648 us
--------------- round 18 ---------------
seed = 1604469947
maxLevel = 4
n628 is replaced by n659 with estimated error 0.00408
error = 0.00408
area = 1561
delay = 55
#gates = 607
output circuit appNtk/c3540_18_0.00408_1561_55.blif
time = 328682361 us
--------------- round 19 ---------------
seed = 2546918921
maxLevel = 4
n475 is replaced by n462 with estimated error 0.00493
error = 0.00493
area = 1559
delay = 55
#gates = 606
output circuit appNtk/c3540_19_0.00493_1559_55.blif
time = 343397121 us
--------------- round 20 ---------------
seed = 1016635862
maxLevel = 4
n463 is replaced by n586 with estimated error 0.00458
error = 0.00458
area = 1556
delay = 55
#gates = 605
output circuit appNtk/c3540_20_0.00458_1556_55.blif
time = 356804339 us
--------------- round 21 ---------------
seed = 90547381
maxLevel = 4
n609 is replaced by n588 with estimated error 0.0052
error = 0.0052
area = 1555
delay = 55
#gates = 604
output circuit appNtk/c3540_21_0.0052_1555_55.blif
time = 370399544 us
--------------- round 22 ---------------
seed = 2108650581
maxLevel = 4
n462 is replaced by one with estimated error 0.00625
error = 0.00625
area = 1552
delay = 55
#gates = 603
output circuit appNtk/c3540_22_0.00625_1552_55.blif
time = 383149490 us
--------------- round 23 ---------------
seed = 1519522090
maxLevel = 4
n665 is replaced by one with estimated error 0.00753
error = 0.00753
area = 1548
delay = 55
#gates = 602
output circuit appNtk/c3540_23_0.00753_1548_55.blif
time = 395071910 us
--------------- round 24 ---------------
seed = 1750046424
maxLevel = 4
exceed error bound
