abc command read data/library/mcnc.genlib
Entered genlib library with 23 gates from file "data/library/mcnc.genlib".
abc command read_blif data/su/c3540.blif
Line 7: Skipping line ".default_input_arrival 0.00 0.00 ".
Line 8: Skipping line ".default_output_required 0.00 0.00 ".
Line 9: Skipping line ".default_input_drive 0.10 0.10 ".
Line 10: Skipping line ".default_output_load 2.00 ".
Line 11: Skipping line ".default_max_input_load 999.00 ".
abc command print_stats
[1;37mc3540                         :[0m i/o =   50/   22  lat =    0  nd =   626  edge =   1568  area =1604.00  delay =55.00  lev = 41
--------------- round 1 ---------------
seed = 412988063
maxLevel = 4
n418 is replaced by n362 with estimated error 0
error = 0
area = 1601
delay = 55
#gates = 627
output circuit appNtk/c3540_1_0_1601_55.blif
time = 21281671 us
--------------- round 2 ---------------
seed = 1333782156
maxLevel = 4
n618 is replaced by n608 with inverter with estimated error 0
error = 0
area = 1599
delay = 55
#gates = 627
output circuit appNtk/c3540_2_0_1599_55.blif
time = 41275492 us
--------------- round 3 ---------------
seed = 1962019178
maxLevel = 4
n614 is replaced by n173 with estimated error 0
error = 0
area = 1598
delay = 55
#gates = 626
output circuit appNtk/c3540_3_0_1598_55.blif
time = 60579606 us
--------------- round 4 ---------------
seed = 2174045191
maxLevel = 4
n422 is replaced by n206 with estimated error 0
error = 0
area = 1597
delay = 55
#gates = 625
output circuit appNtk/c3540_4_0_1597_55.blif
time = 80478159 us
--------------- round 5 ---------------
seed = 4278369574
maxLevel = 4
n454 is replaced by n222 with estimated error 0
error = 0
area = 1596
delay = 55
#gates = 624
output circuit appNtk/c3540_5_0_1596_55.blif
time = 99572917 us
--------------- round 6 ---------------
seed = 713327151
maxLevel = 4
n314 is replaced by n262 with estimated error 0
error = 0
area = 1595
delay = 55
#gates = 623
output circuit appNtk/c3540_6_0_1595_55.blif
time = 119734791 us
--------------- round 7 ---------------
seed = 3355794555
maxLevel = 4
n132 is replaced by n130 with estimated error 0
error = 0
area = 1594
delay = 55
#gates = 622
output circuit appNtk/c3540_7_0_1594_55.blif
time = 140367573 us
--------------- round 8 ---------------
seed = 1398060501
maxLevel = 4
n325 is replaced by n247 with estimated error 0
error = 0
area = 1593
delay = 55
#gates = 621
output circuit appNtk/c3540_8_0_1593_55.blif
time = 160056098 us
--------------- round 9 ---------------
seed = 3839275996
maxLevel = 4
n482 is replaced by n480 with estimated error 0
error = 0
area = 1592
delay = 55
#gates = 620
output circuit appNtk/c3540_9_0_1592_55.blif
time = 178684931 us
--------------- round 10 ---------------
seed = 2797481515
maxLevel = 4
n465 is replaced by n207 with estimated error 0
error = 0
area = 1591
delay = 55
#gates = 619
output circuit appNtk/c3540_10_0_1591_55.blif
time = 196759385 us
--------------- round 11 ---------------
seed = 305589277
maxLevel = 4
n354 is replaced by n248 with estimated error 0
error = 0
area = 1590
delay = 55
#gates = 618
output circuit appNtk/c3540_11_0_1590_55.blif
time = 214132521 us
--------------- round 12 ---------------
seed = 2050444737
maxLevel = 4
n461 is replaced by n458 with estimated error 6e-05
error = 6e-05
area = 1587
delay = 55
#gates = 616
output circuit appNtk/c3540_12_6e-05_1587_55.blif
time = 231554577 us
--------------- round 13 ---------------
seed = 3071867325
maxLevel = 4
n550 is replaced by zero with estimated error 0.00025
error = 0.00025
area = 1584
delay = 55
#gates = 615
output circuit appNtk/c3540_13_0.00025_1584_55.blif
time = 248194851 us
--------------- round 14 ---------------
seed = 3500506706
maxLevel = 4
n472 is replaced by n304 with estimated error 0.00054
error = 0.00054
area = 1581
delay = 55
#gates = 614
output circuit appNtk/c3540_14_0.00054_1581_55.blif
time = 264774061 us
--------------- round 15 ---------------
seed = 3160774765
maxLevel = 4
n336 is replaced by n229 with estimated error 0.00091
error = 0.00091
area = 1579
delay = 55
#gates = 613
output circuit appNtk/c3540_15_0.00091_1579_55.blif
time = 279763095 us
--------------- round 16 ---------------
seed = 2315838439
maxLevel = 4
n340 is replaced by one with estimated error 0.00315
error = 0.00315
area = 1565
delay = 55
#gates = 608
output circuit appNtk/c3540_16_0.00315_1565_55.blif
time = 294233845 us
--------------- round 17 ---------------
seed = 1705432596
maxLevel = 4
n628 is replaced by n659 with estimated error 0.00407
error = 0.00407
area = 1561
delay = 55
#gates = 607
output circuit appNtk/c3540_17_0.00407_1561_55.blif
time = 307320831 us
--------------- round 18 ---------------
seed = 2194039505
maxLevel = 4
n475 is replaced by n462 with estimated error 0.00484
error = 0.00484
area = 1559
delay = 55
#gates = 606
output circuit appNtk/c3540_18_0.00484_1559_55.blif
time = 320038981 us
--------------- round 19 ---------------
seed = 3564478602
maxLevel = 4
n463 is replaced by n586 with estimated error 0.00483
error = 0.00483
area = 1556
delay = 55
#gates = 605
output circuit appNtk/c3540_19_0.00483_1556_55.blif
time = 332291294 us
--------------- round 20 ---------------
seed = 1535007090
maxLevel = 4
exceed error bound
