abc command read data/library/mcnc.genlib
Entered genlib library with 23 gates from file "data/library/mcnc.genlib".
abc command read_blif data/su/c880.blif
Line 12: Skipping line ".default_input_arrival 0.00 0.00 ".
Line 13: Skipping line ".default_output_required 0.00 0.00 ".
Line 14: Skipping line ".default_input_drive 0.10 0.10 ".
Line 15: Skipping line ".default_output_load 2.00 ".
Line 16: Skipping line ".default_max_input_load 999.00 ".
abc command print_stats
[1;37mc880                          :[0m i/o =   60/   26  lat =    0  nd =   224  edge =    542  area =585.00  delay =24.90  lev = 18
--------------- round 1 ---------------
seed = 352893704
maxLevel = 4
n155 is replaced by one with estimated error 0.00061
error = 0.00061
area = 577
delay = 24.9
#gates = 223
output circuit appNtk/c880_1_0.00061_577_24.9.blif
time = 2821463 us
--------------- round 2 ---------------
seed = 753427468
maxLevel = 4
n235 is replaced by one with estimated error 0.0007
error = 0.0007
area = 575
delay = 24.9
#gates = 222
output circuit appNtk/c880_2_0.0007_575_24.9.blif
time = 6453381 us
--------------- round 3 ---------------
seed = 3331061477
maxLevel = 4
n189 is replaced by zero with estimated error 0.00075
error = 0.00075
area = 574
delay = 24.9
#gates = 221
output circuit appNtk/c880_3_0.00075_574_24.9.blif
time = 9938692 us
--------------- round 4 ---------------
seed = 1576699883
maxLevel = 4
n159 is replaced by one with estimated error 0.00244
error = 0.0029
area = 568
delay = 24.9
#gates = 218
output circuit appNtk/c880_4_0.0029_568_24.9.blif
time = 13209054 us
--------------- round 5 ---------------
seed = 2117149321
maxLevel = 4
exceed error bound
