abc command read data/library/mcnc.genlib
Entered genlib library with 23 gates from file "data/library/mcnc.genlib".
abc command read_blif data/su/rca32.blif
abc command print_stats
[1;37mrca32                         :[0m i/o =   64/   33  lat =    0  nd =   298  edge =    585  area =666.00  delay =16.10  lev = 12
--------------- round 1 ---------------
seed = 2495422646
maxLevel = 4
n356 is replaced by zero with estimated error 0.00019
error = 0.00019
area = 661
delay = 16
#gates = 298
output circuit appNtk/rca32_1_0.00019_661_16.blif
time = 4639730 us
--------------- round 2 ---------------
seed = 131786232
maxLevel = 4
n242 is replaced by one with estimated error 0.00222
error = 0.00222
area = 656
delay = 16
#gates = 296
output circuit appNtk/rca32_2_0.00222_656_16.blif
time = 7946387 us
--------------- round 3 ---------------
seed = 4005566439
maxLevel = 4
n320 is replaced by zero with estimated error 0.00365
error = 0.00365
area = 654
delay = 16
#gates = 295
output circuit appNtk/rca32_3_0.00365_654_16.blif
time = 10684297 us
--------------- round 4 ---------------
seed = 2414648658
maxLevel = 4
exceed error bound
