Original Area:1604.000000, Original Delay:55.000000, Orignial Gate :626
Change gate [105035] with gate[104985]  , changed gate loc: 409,  sub gate loc: 354Inverter: 0
Simulate error is 0.000000
Now Error is 0.000000
Simulate added error is 0.000000, Now added error is 0.000000
Approximate gate:625, Approximate area:1601.000000
Accurate error is 0.000000, Area :1601.000000, Delay: 55.000000, Gate: 625
Now running time: 149
Change gate [105170] with gate[143455]  , changed gate loc: 603,  sub gate loc: 594Inverter: 1
Simulate error is 0.000000
Now Error is 0.000000
Simulate added error is 0.000000, Now added error is 0.000000
Approximate gate:625, Approximate area:1599.000000
Accurate error is 0.000000, Area :1599.000000, Delay: 55.000000, Gate: 625
Now running time: 298
Change gate [107035] with gate[107635]  , changed gate loc: 471,  sub gate loc: 469Inverter: 0
Simulate error is 0.000000
Now Error is 0.000000
Simulate added error is 0.000000, Now added error is 0.000000
Approximate gate:624, Approximate area:1598.000000
Accurate error is 0.000000, Area :1598.000000, Delay: 55.000000, Gate: 624
Now running time: 449
Change gate [106175] with gate[104885]  , changed gate loc: 413,  sub gate loc: 202Inverter: 0
Simulate error is 0.000000
Now Error is 0.000000
Simulate added error is 0.000000, Now added error is 0.000000
Approximate gate:623, Approximate area:1597.000000
Accurate error is 0.000000, Area :1597.000000, Delay: 55.000000, Gate: 623
Now running time: 600
Change gate [104840] with gate[104783]  , changed gate loc: 128,  sub gate loc: 135Inverter: 0
Simulate error is 0.000000
Now Error is 0.000000
Simulate added error is 0.000000, Now added error is 0.000000
Approximate gate:622, Approximate area:1596.000000
Accurate error is 0.000000, Area :1596.000000, Delay: 55.000000, Gate: 622
Now running time: 750
Change gate [106187] with gate[104911]  , changed gate loc: 319,  sub gate loc: 243Inverter: 0
Simulate error is 0.000000
Now Error is 0.000000
Simulate added error is 0.000000, Now added error is 0.000000
Approximate gate:621, Approximate area:1595.000000
Accurate error is 0.000000, Area :1595.000000, Delay: 55.000000, Gate: 621
Now running time: 898
Change gate [106161] with gate[106537]  , changed gate loc: 599,  sub gate loc: 169Inverter: 0
Simulate error is 0.000000
Now Error is 0.000000
Simulate added error is 0.000000, Now added error is 0.000000
Approximate gate:620, Approximate area:1594.000000
Accurate error is 0.000000, Area :1594.000000, Delay: 55.000000, Gate: 620
Now running time: 1046
Change gate [106225] with gate[104921]  , changed gate loc: 308,  sub gate loc: 258Inverter: 0
Simulate error is 0.000000
Now Error is 0.000000
Simulate added error is 0.000000, Now added error is 0.000000
Approximate gate:619, Approximate area:1593.000000
Accurate error is 0.000000, Area :1593.000000, Delay: 55.000000, Gate: 619
Now running time: 1192
Change gate [106628] with gate[104912]  , changed gate loc: 346,  sub gate loc: 244Inverter: 0
Simulate error is 0.000000
Now Error is 0.000000
Simulate added error is 0.000000, Now added error is 0.000000
Approximate gate:618, Approximate area:1592.000000
Accurate error is 0.000000, Area :1592.000000, Delay: 55.000000, Gate: 618
Now running time: 1341
Change gate [106180] with gate[104895]  , changed gate loc: 444,  sub gate loc: 218Inverter: 0
Simulate error is 0.000000
Now Error is 0.000000
Simulate added error is 0.000000, Now added error is 0.000000
Approximate gate:617, Approximate area:1591.000000
Accurate error is 0.000000, Area :1591.000000, Delay: 55.000000, Gate: 617
Now running time: 1491
Change gate [106662] with gate[104886]  , changed gate loc: 455,  sub gate loc: 203Inverter: 0
Simulate error is 0.000000
Now Error is 0.000000
Simulate added error is 0.000000, Now added error is 0.000000
Approximate gate:616, Approximate area:1590.000000
Accurate error is 0.000000, Area :1590.000000, Delay: 55.000000, Gate: 616
Now running time: 1640
Change gate [107023] with gate[105064]  , changed gate loc: 451,  sub gate loc: 448Inverter: 0
Simulate error is 0.000060
Now Error is 0.000060
Simulate added error is 0.000060, Now added error is 0.000060
Approximate gate:614, Approximate area:1587.000000
Accurate error is 0.000060, Area :1587.000000, Delay: 55.000000, Gate: 614
Now running time: 1791
Change gate [105071] with gate[104949]  , changed gate loc: 462,  sub gate loc: 299Inverter: 0
Simulate error is 0.000280
Now Error is 0.000270
Simulate added error is 0.000220, Now added error is 0.000210
Approximate gate:613, Approximate area:1584.000000
Accurate error is 0.000270, Area :1584.000000, Delay: 55.000000, Gate: 613
Now running time: 1937
Change gate [153634] with gatezero  , changed gate loc: 538,  sub gate loc: 0Inverter: 0
Simulate error is 0.000510
Now Error is 0.000630
Simulate added error is 0.000230, Now added error is 0.000360
Approximate gate:613, Approximate area:1581.000000
Accurate error is 0.000630, Area :1581.000000, Delay: 55.000000, Gate: 613
Now running time: 2078
Change gate [104975] with gate[140468]  , changed gate loc: 329,  sub gate loc: 225Inverter: 0
Simulate error is 0.000800
Now Error is 0.000770
Simulate added error is 0.000290, Now added error is 0.000140
Approximate gate:612, Approximate area:1579.000000
Accurate error is 0.000770, Area :1579.000000, Delay: 55.000000, Gate: 612
Now running time: 2214
Change gate [107554] with gateone  , changed gate loc: 333,  sub gate loc: 1Inverter: 0
Simulate error is 0.002790
Now Error is 0.002920
Simulate added error is 0.001990, Now added error is 0.002150
Approximate gate:608, Approximate area:1565.000000
Accurate error is 0.002920, Area :1565.000000, Delay: 55.000000, Gate: 608
Now running time: 2355
Change gate [156199] with gate[143476]  , changed gate loc: 613,  sub gate loc: 643Inverter: 0
Simulate error is 0.003970
Now Error is 0.004200
Simulate added error is 0.001180, Now added error is 0.001280
Approximate gate:607, Approximate area:1561.000000
Accurate error is 0.004200, Area :1561.000000, Delay: 55.000000, Gate: 607
Now running time: 2499
Change gate [106681] with gate[108186]  , changed gate loc: 465,  sub gate loc: 452Inverter: 0
Simulate error is 0.004600
Now Error is 0.005130
Simulate added error is 0.000630, Now added error is 0.000930
Approximate gate:606, Approximate area:1559.000000
Accurate error is 0.005130, Area :1559.000000, Delay: 55.000000, Gate: 606
Now running time: 2647
Change gate [105067] with gate[168819]  , changed gate loc: 453,  sub gate loc: 572Inverter: 0
Simulate error is 0.004660
Now Error is 0.004690
Simulate added error is 0.000060, Now added error is -0.000440
Approximate gate:605, Approximate area:1556.000000
Accurate error is 0.004690, Area :1556.000000, Delay: 55.000000, Gate: 605
Now running time: 2788
Change gate [106681] with gateone  , changed gate loc: 465,  sub gate loc: 1Inverter: 0
Simulate error is 0.005640
Now Error is 0.005990
Simulate added error is 0.000980, Now added error is 0.001300
Approximate gate:605, Approximate area:1553.000000
Accurate error is 0.005990, Area :1553.000000, Delay: 55.000000, Gate: 605
Now running time: 2909
Change gate [105186] with gate[106451]  , changed gate loc: 626,  sub gate loc: 381Inverter: 0
Simulate error is 0.010370
Now Error is 0.011090
Simulate added error is 0.004730, Now added error is 0.005100
Approximate gate:601, Approximate area:1540.000000
Accurate error is 0.011090, Area :1540.000000, Delay: 55.000000, Gate: 601
Now running time: 3023
Change gate [106369] with gate[102589]  , changed gate loc: 595,  sub gate loc: 574Inverter: 0
Simulate error is 0.010720
Now Error is 0.011360
Simulate added error is 0.000350, Now added error is 0.000270
Approximate gate:600, Approximate area:1539.000000
Accurate error is 0.011360, Area :1539.000000, Delay: 55.000000, Gate: 600
Now running time: 3118
Change gate [143451] with gate[105003]  , changed gate loc: 614,  sub gate loc: 377Inverter: 0
Simulate error is 0.012400
Now Error is 0.012800
Simulate added error is 0.001680, Now added error is 0.001440
Approximate gate:599, Approximate area:1535.000000
Accurate error is 0.012800, Area :1535.000000, Delay: 55.000000, Gate: 599
Now running time: 3212
Change gate [153711] with gate[104776]  , changed gate loc: 402,  sub gate loc: 77Inverter: 0
Simulate error is 0.013270
Now Error is 0.013910
Simulate added error is 0.000870, Now added error is 0.001110
Approximate gate:598, Approximate area:1533.000000
Accurate error is 0.013910, Area :1533.000000, Delay: 55.000000, Gate: 598
Now running time: 3312
Change gate [153710] with gate[104994]  , changed gate loc: 401,  sub gate loc: 368Inverter: 0
Simulate error is 0.014260
Now Error is 0.014760
Simulate added error is 0.000990, Now added error is 0.000850
Approximate gate:597, Approximate area:1530.000000
Accurate error is 0.014760, Area :1530.000000, Delay: 55.000000, Gate: 597
Now running time: 3410
Change gate [105189] with gate[105136]  , changed gate loc: 612,  sub gate loc: 552Inverter: 0
Simulate error is 0.016090
Now Error is 0.016470
Simulate added error is 0.001830, Now added error is 0.001710
Approximate gate:596, Approximate area:1526.000000
Accurate error is 0.016470, Area :1526.000000, Delay: 55.000000, Gate: 596
Now running time: 3509
Change gate [106093] with gateone  , changed gate loc: 649,  sub gate loc: 1Inverter: 0
Simulate error is 0.017820
Now Error is 0.018270
Simulate added error is 0.001730, Now added error is 0.001800
Approximate gate:596, Approximate area:1522.000000
Accurate error is 0.018270, Area :1522.000000, Delay: 55.000000, Gate: 596
Now running time: 3606
Change gate [143409] with gate[141198]  , changed gate loc: 549,  sub gate loc: 640Inverter: 0
Simulate error is 0.019600
Now Error is 0.019880
Simulate added error is 0.001780, Now added error is 0.001610
Approximate gate:595, Approximate area:1519.000000
Accurate error is 0.019880, Area :1519.000000, Delay: 55.000000, Gate: 595
Now running time: 3699
Change gate [140533] with gatezero  , changed gate loc: 507,  sub gate loc: 0Inverter: 0
Simulate error is 0.020740
Now Error is 0.020970
Simulate added error is 0.001140, Now added error is 0.001090
Approximate gate:595, Approximate area:1517.000000
Accurate error is 0.020970, Area :1517.000000, Delay: 55.000000, Gate: 595
Now running time: 3794
Change gate [143409] with gate[104822]  , changed gate loc: 549,  sub gate loc: 129Inverter: 0
Simulate error is 0.022460
Now Error is 0.022900
Simulate added error is 0.001720, Now added error is 0.001930
Approximate gate:594, Approximate area:1514.000000
Accurate error is 0.022900, Area :1514.000000, Delay: 55.000000, Gate: 594
Now running time: 3889
Change gate [140549] with gate[143408]  , changed gate loc: 584,  sub gate loc: 548Inverter: 0
Simulate error is 0.035370
Now Error is 0.031860
Simulate added error is 0.012910, Now added error is 0.008960
Approximate gate:588, Approximate area:1493.000000
Accurate error is 0.031860, Area :1493.000000, Delay: 55.000000, Gate: 588
Now running time: 3984
Change gate [105198] with gate[143409]  , changed gate loc: 633,  sub gate loc: 549Inverter: 0
Simulate error is 0.037170
Now Error is 0.033480
Simulate added error is 0.001800, Now added error is 0.001620
Approximate gate:587, Approximate area:1490.000000
Accurate error is 0.033480, Area :1490.000000, Delay: 55.000000, Gate: 587
Now running time: 4080
Change gate [140523] with gate[104771]  , changed gate loc: 426,  sub gate loc: 74Inverter: 0
Simulate error is 0.050070
Now Error is 0.041300
Simulate added error is 0.012900, Now added error is 0.007820
Approximate gate:581, Approximate area:1469.000000
Accurate error is 0.041300, Area :1469.000000, Delay: 55.000000, Gate: 581
Now running time: 4177
Change gate [152071] with gate[140560]  , changed gate loc: 489,  sub gate loc: 616Inverter: 0
Simulate error is 0.063230
Now Error is 0.046970
Simulate added error is 0.013160, Now added error is 0.005670
Approximate gate:576, Approximate area:1449.000000
Accurate error is 0.046970, Area :1449.000000, Delay: 55.000000, Gate: 576
Now running time: 4281
Change gate [154189] with gate[105198]  , changed gate loc: 591,  sub gate loc: 633Inverter: 0
Simulate error is 0.072440
Now Error is 0.048850
Simulate added error is 0.009210, Now added error is 0.001880
Approximate gate:570, Approximate area:1433.000000
Accurate error is 0.048850, Area :1433.000000, Delay: 55.000000, Gate: 570
Now running time: 4387
Change gate [140515] with gate[156199]  , changed gate loc: 384,  sub gate loc: 613Inverter: 0
Simulate error is 0.077580
Now Error is 0.049880
Simulate added error is 0.005140, Now added error is 0.001030
Approximate gate:567, Approximate area:1425.000000
Accurate error is 0.049880, Area :1425.000000, Delay: 55.000000, Gate: 567
Now running time: 4496
The 0 choose is not good
The 1 choose is not good
The 2 choose is not good
The 3 choose is not good
The 4 choose is not good
The 5 choose is not good
The 6 choose is not good
The 7 choose is not good
The 8 choose is not good
The 9 choose is not good
Change gate [106755] with gateone  , changed gate loc: 587,  sub gate loc: 1Inverter: 0
Simulate error is 0.079230
Now Error is 0.051450
Simulate added error is 0.001650, Now added error is 0.001570
ALL running time: 4601
Error propagation matrix time: 641 with 766567 node
Error simulation time: 3890 with 6580098 node
Area time: 0
Whole find time: 4543
