Original Area:1128.000000, Original Delay:17.800000, Orignial Gate :513
Change gate [164353] with gateone  , changed gate loc: 505,  sub gate loc: 1Inverter: 0
Simulate error is 0.000000
Now Error is 0.000000
Simulate added error is 0.000000, Now added error is 0.000000
Approximate gate:512, Approximate area:1124.000000
Accurate error is 0.000000, Area :1124.000000, Delay: 17.800000, Gate: 512
Now running time: 48
Change gate [164349] with gateone  , changed gate loc: 468,  sub gate loc: 1Inverter: 0
Simulate error is 0.000000
Now Error is 0.000000
Simulate added error is 0.000000, Now added error is 0.000000
Approximate gate:511, Approximate area:1120.000000
Accurate error is 0.000000, Area :1120.000000, Delay: 17.800000, Gate: 511
Now running time: 96
Change gate [164351] with gateone  , changed gate loc: 485,  sub gate loc: 1Inverter: 0
Simulate error is 0.000000
Now Error is 0.000030
Simulate added error is 0.000000, Now added error is 0.000030
Approximate gate:510, Approximate area:1116.000000
Accurate error is 0.000030, Area :1116.000000, Delay: 17.800000, Gate: 510
Now running time: 143
Change gate [164347] with gate[164331]  , changed gate loc: 448,  sub gate loc: 436Inverter: 0
Simulate error is 0.000000
Now Error is 0.000020
Simulate added error is 0.000000, Now added error is -0.000010
Approximate gate:508, Approximate area:1112.000000
Accurate error is 0.000020, Area :1112.000000, Delay: 17.700000, Gate: 508
Now running time: 190
Change gate [161061] with gatezero  , changed gate loc: 343,  sub gate loc: 0Inverter: 0
Simulate error is 0.000000
Now Error is 0.000000
Simulate added error is 0.000000, Now added error is -0.000020
Approximate gate:508, Approximate area:1109.000000
Accurate error is 0.000000, Area :1109.000000, Delay: 17.700000, Gate: 508
Now running time: 235
Change gate [164343] with gateone  , changed gate loc: 397,  sub gate loc: 1Inverter: 0
Simulate error is 0.000000
Now Error is 0.000070
Simulate added error is 0.000000, Now added error is 0.000070
Approximate gate:508, Approximate area:1106.000000
Accurate error is 0.000070, Area :1106.000000, Delay: 17.700000, Gate: 508
Now running time: 281
Change gate [164345] with gateone  , changed gate loc: 413,  sub gate loc: 1Inverter: 0
Simulate error is 0.000000
Now Error is 0.000010
Simulate added error is 0.000000, Now added error is -0.000060
Approximate gate:508, Approximate area:1103.000000
Accurate error is 0.000010, Area :1103.000000, Delay: 17.700000, Gate: 508
Now running time: 326
Change gate [161059] with gatezero  , changed gate loc: 310,  sub gate loc: 0Inverter: 0
Simulate error is 0.000000
Now Error is 0.000020
Simulate added error is 0.000000, Now added error is 0.000010
Approximate gate:508, Approximate area:1100.000000
Accurate error is 0.000020, Area :1100.000000, Delay: 17.700000, Gate: 508
Now running time: 371
Change gate [162796] with gateone  , changed gate loc: 522,  sub gate loc: 1Inverter: 0
Simulate error is 0.000000
Now Error is 0.000030
Simulate added error is 0.000000, Now added error is 0.000010
Approximate gate:508, Approximate area:1098.000000
Accurate error is 0.000030, Area :1098.000000, Delay: 17.700000, Gate: 508
Now running time: 415
Change gate [161060] with gatezero  , changed gate loc: 328,  sub gate loc: 0Inverter: 0
Simulate error is 0.000000
Now Error is 0.000020
Simulate added error is 0.000000, Now added error is -0.000010
Approximate gate:508, Approximate area:1095.000000
Accurate error is 0.000020, Area :1095.000000, Delay: 17.700000, Gate: 508
Now running time: 459
Change gate [162831] with gateone  , changed gate loc: 574,  sub gate loc: 1Inverter: 0
Simulate error is 0.000000
Now Error is 0.000070
Simulate added error is 0.000000, Now added error is 0.000050
Approximate gate:508, Approximate area:1093.000000
Accurate error is 0.000070, Area :1093.000000, Delay: 17.700000, Gate: 508
Now running time: 503
Change gate [164347] with gateone  , changed gate loc: 448,  sub gate loc: 1Inverter: 0
Simulate error is 0.000000
Now Error is 0.000060
Simulate added error is 0.000000, Now added error is -0.000010
Approximate gate:508, Approximate area:1090.000000
Accurate error is 0.000060, Area :1090.000000, Delay: 17.700000, Gate: 508
Now running time: 547
Change gate [162809] with gateone  , changed gate loc: 540,  sub gate loc: 1Inverter: 0
Simulate error is 0.000000
Now Error is 0.000060
Simulate added error is 0.000000, Now added error is 0.000000
Approximate gate:508, Approximate area:1088.000000
Accurate error is 0.000060, Area :1088.000000, Delay: 17.700000, Gate: 508
Now running time: 589
Change gate [164341] with gateone  , changed gate loc: 377,  sub gate loc: 1Inverter: 0
Simulate error is 0.000000
Now Error is 0.000060
Simulate added error is 0.000000, Now added error is 0.000000
Approximate gate:508, Approximate area:1085.000000
Accurate error is 0.000060, Area :1085.000000, Delay: 17.700000, Gate: 508
Now running time: 632
Change gate [162822] with gateone  , changed gate loc: 556,  sub gate loc: 1Inverter: 0
Simulate error is 0.000000
Now Error is 0.000020
Simulate added error is 0.000000, Now added error is -0.000040
Approximate gate:508, Approximate area:1083.000000
Accurate error is 0.000020, Area :1083.000000, Delay: 17.700000, Gate: 508
Now running time: 674
Change gate [163457] with gaten503  , changed gate loc: 564,  sub gate loc: 562Inverter: 0
Simulate error is 0.000000
Now Error is 0.000090
Simulate added error is 0.000000, Now added error is 0.000070
Approximate gate:507, Approximate area:1082.000000
Accurate error is 0.000090, Area :1082.000000, Delay: 17.700000, Gate: 507
Now running time: 716
Change gate [161062] with gatezero  , changed gate loc: 361,  sub gate loc: 0Inverter: 0
Simulate error is 0.000000
Now Error is 0.000060
Simulate added error is 0.000000, Now added error is -0.000030
Approximate gate:507, Approximate area:1079.000000
Accurate error is 0.000060, Area :1079.000000, Delay: 17.700000, Gate: 507
Now running time: 757
Change gate [163422] with gaten506  , changed gate loc: 495,  sub gate loc: 493Inverter: 0
Simulate error is 0.000000
Now Error is 0.000080
Simulate added error is 0.000000, Now added error is 0.000020
Approximate gate:506, Approximate area:1078.000000
Accurate error is 0.000080, Area :1078.000000, Delay: 17.700000, Gate: 506
Now running time: 798
Change gate [163449] with gaten504  , changed gate loc: 547,  sub gate loc: 545Inverter: 0
Simulate error is 0.000000
Now Error is 0.000040
Simulate added error is 0.000000, Now added error is -0.000040
Approximate gate:505, Approximate area:1077.000000
Accurate error is 0.000040, Area :1077.000000, Delay: 17.700000, Gate: 505
Now running time: 839
Change gate [162823] with gaten494  , changed gate loc: 563,  sub gate loc: 578Inverter: 1
Simulate error is 0.000000
Now Error is 0.000030
Simulate added error is 0.000000, Now added error is -0.000010
Approximate gate:504, Approximate area:1075.000000
Accurate error is 0.000030, Area :1075.000000, Delay: 17.700000, Gate: 504
Now running time: 879
Change gate cout with gate[162823]  , changed gate loc: 98,  sub gate loc: 563Inverter: 0
Simulate error is 0.000000
Now Error is 0.000080
Simulate added error is 0.000000, Now added error is 0.000050
Approximate gate:502, Approximate area:1072.000000
Accurate error is 0.000080, Area :1072.000000, Delay: 17.700000, Gate: 502
Now running time: 920
Change gate [163404] with gaten498  , changed gate loc: 458,  sub gate loc: 456Inverter: 0
Simulate error is 0.000000
Now Error is 0.000040
Simulate added error is 0.000000, Now added error is -0.000040
Approximate gate:501, Approximate area:1071.000000
Accurate error is 0.000040, Area :1071.000000, Delay: 17.700000, Gate: 501
Now running time: 960
Change gate [163391] with gaten502  , changed gate loc: 422,  sub gate loc: 420Inverter: 0
Simulate error is 0.000000
Now Error is 0.000120
Simulate added error is 0.000000, Now added error is 0.000080
Approximate gate:500, Approximate area:1070.000000
Accurate error is 0.000120, Area :1070.000000, Delay: 17.700000, Gate: 500
Now running time: 999
Change gate [163373] with gaten499  , changed gate loc: 387,  sub gate loc: 385Inverter: 0
Simulate error is 0.000000
Now Error is 0.000060
Simulate added error is 0.000000, Now added error is -0.000060
Approximate gate:499, Approximate area:1069.000000
Accurate error is 0.000060, Area :1069.000000, Delay: 17.700000, Gate: 499
Now running time: 1038
Change gate [163440] with gaten505  , changed gate loc: 530,  sub gate loc: 528Inverter: 0
Simulate error is 0.000000
Now Error is 0.000090
Simulate added error is 0.000000, Now added error is 0.000030
Approximate gate:498, Approximate area:1068.000000
Accurate error is 0.000090, Area :1068.000000, Delay: 17.700000, Gate: 498
Now running time: 1077
Change gate [163431] with gaten510  , changed gate loc: 513,  sub gate loc: 511Inverter: 0
Simulate error is 0.000000
Now Error is 0.000080
Simulate added error is 0.000000, Now added error is -0.000010
Approximate gate:497, Approximate area:1067.000000
Accurate error is 0.000080, Area :1067.000000, Delay: 17.700000, Gate: 497
Now running time: 1115
Change gate [162797] with gate[163449]  , changed gate loc: 529,  sub gate loc: 547Inverter: 1
Simulate error is 0.000000
Now Error is 0.000030
Simulate added error is 0.000000, Now added error is -0.000050
Approximate gate:496, Approximate area:1065.000000
Accurate error is 0.000030, Area :1065.000000, Delay: 17.700000, Gate: 496
Now running time: 1153
Change gate [162810] with gate[162797]  , changed gate loc: 546,  sub gate loc: 529Inverter: 0
Simulate error is 0.000000
Now Error is 0.000050
Simulate added error is 0.000000, Now added error is 0.000020
Approximate gate:494, Approximate area:1062.000000
Accurate error is 0.000050, Area :1062.000000, Delay: 17.700000, Gate: 494
Now running time: 1191
Change gate [162771] with gate[163431]  , changed gate loc: 494,  sub gate loc: 513Inverter: 1
Simulate error is 0.000000
Now Error is 0.000050
Simulate added error is 0.000000, Now added error is 0.000000
Approximate gate:493, Approximate area:1061.000000
Accurate error is 0.000050, Area :1061.000000, Delay: 17.700000, Gate: 493
Now running time: 1229
Change gate [162784] with gate[162771]  , changed gate loc: 512,  sub gate loc: 494Inverter: 0
Simulate error is 0.000000
Now Error is 0.000060
Simulate added error is 0.000000, Now added error is 0.000010
Approximate gate:491, Approximate area:1059.000000
Accurate error is 0.000060, Area :1059.000000, Delay: 17.700000, Gate: 491
Now running time: 1267
Change gate [163413] with gaten507  , changed gate loc: 476,  sub gate loc: 474Inverter: 0
Simulate error is 0.000000
Now Error is 0.000120
Simulate added error is 0.000000, Now added error is 0.000060
Approximate gate:490, Approximate area:1058.000000
Accurate error is 0.000120, Area :1058.000000, Delay: 17.700000, Gate: 490
Now running time: 1304
Change gate [163470] with gaten491  , changed gate loc: 443,  sub gate loc: 441Inverter: 0
Simulate error is 0.000000
Now Error is 0.000050
Simulate added error is 0.000000, Now added error is -0.000070
Approximate gate:489, Approximate area:1057.000000
Accurate error is 0.000050, Area :1057.000000, Delay: 17.700000, Gate: 489
Now running time: 1340
Change gate [162745] with gate[163413]  , changed gate loc: 457,  sub gate loc: 476Inverter: 1
Simulate error is 0.000000
Now Error is 0.000040
Simulate added error is 0.000000, Now added error is -0.000010
Approximate gate:489, Approximate area:1056.000000
Accurate error is 0.000040, Area :1056.000000, Delay: 17.700000, Gate: 489
Now running time: 1377
Change gate [162758] with gate[162745]  , changed gate loc: 475,  sub gate loc: 457Inverter: 0
Simulate error is 0.000000
Now Error is 0.000030
Simulate added error is 0.000000, Now added error is -0.000010
Approximate gate:487, Approximate area:1054.000000
Accurate error is 0.000030, Area :1054.000000, Delay: 17.700000, Gate: 487
Now running time: 1414
Change gate [162719] with gate[163470]  , changed gate loc: 421,  sub gate loc: 443Inverter: 1
Simulate error is 0.000000
Now Error is 0.000060
Simulate added error is 0.000000, Now added error is 0.000030
Approximate gate:486, Approximate area:1053.000000
Accurate error is 0.000060, Area :1053.000000, Delay: 17.700000, Gate: 486
Now running time: 1450
Change gate [162732] with gate[162719]  , changed gate loc: 442,  sub gate loc: 421Inverter: 0
Simulate error is 0.000000
Now Error is 0.000040
Simulate added error is 0.000000, Now added error is -0.000020
Approximate gate:484, Approximate area:1051.000000
Accurate error is 0.000040, Area :1051.000000, Delay: 17.700000, Gate: 484
Now running time: 1486
Change gate [163382] with gaten508  , changed gate loc: 404,  sub gate loc: 402Inverter: 0
Simulate error is 0.000000
Now Error is 0.000050
Simulate added error is 0.000000, Now added error is 0.000010
Approximate gate:483, Approximate area:1050.000000
Accurate error is 0.000050, Area :1050.000000, Delay: 17.700000, Gate: 483
Now running time: 1523
Change gate [162693] with gate[163382]  , changed gate loc: 386,  sub gate loc: 404Inverter: 1
Simulate error is 0.000000
Now Error is 0.000010
Simulate added error is 0.000000, Now added error is -0.000040
Approximate gate:482, Approximate area:1049.000000
Accurate error is 0.000010, Area :1049.000000, Delay: 17.700000, Gate: 482
Now running time: 1559
Change gate [162706] with gate[162693]  , changed gate loc: 403,  sub gate loc: 386Inverter: 0
Simulate error is 0.000000
Now Error is 0.000040
Simulate added error is 0.000000, Now added error is 0.000030
Approximate gate:480, Approximate area:1047.000000
Accurate error is 0.000040, Area :1047.000000, Delay: 17.700000, Gate: 480
Now running time: 1595
Change gate [162551] with gate[162549]  , changed gate loc: 198,  sub gate loc: 196Inverter: 0
Simulate error is 0.000900
Now Error is 0.000950
Simulate added error is 0.000900, Now added error is 0.000910
Approximate gate:478, Approximate area:1041.000000
Accurate error is 0.000950, Area :1041.000000, Delay: 17.700000, Gate: 478
Now running time: 1630
Change gate [164105] with gate[164102]  , changed gate loc: 197,  sub gate loc: 212Inverter: 0
Simulate error is 0.000900
Now Error is 0.001000
Simulate added error is 0.000000, Now added error is 0.000050
Approximate gate:477, Approximate area:1040.000000
Accurate error is 0.001000, Area :1040.000000, Delay: 17.700000, Gate: 477
Now running time: 1667
Change gate [164219] with gate[164215]  , changed gate loc: 486,  sub gate loc: 469Inverter: 0
Simulate error is 0.001560
Now Error is 0.001630
Simulate added error is 0.000660, Now added error is 0.000630
Approximate gate:475, Approximate area:1036.000000
Accurate error is 0.001630, Area :1036.000000, Delay: 17.700000, Gate: 475
Now running time: 1704
Change gate [164211] with gate[164067]  , changed gate loc: 449,  sub gate loc: 435Inverter: 0
Simulate error is 0.002210
Now Error is 0.002770
Simulate added error is 0.000650, Now added error is 0.001140
Approximate gate:473, Approximate area:1032.000000
Accurate error is 0.002770, Area :1032.000000, Delay: 17.700000, Gate: 473
Now running time: 1741
Change gate [164207] with gate[164201]  , changed gate loc: 412,  sub gate loc: 396Inverter: 0
Simulate error is 0.002900
Now Error is 0.003250
Simulate added error is 0.000690, Now added error is 0.000480
Approximate gate:471, Approximate area:1028.000000
Accurate error is 0.003250, Area :1028.000000, Delay: 17.700000, Gate: 471
Now running time: 1779
Change gate [161157] with gate[161166]  , changed gate loc: 344,  sub gate loc: 362Inverter: 0
Simulate error is 0.003750
Now Error is 0.004020
Simulate added error is 0.000850, Now added error is 0.000770
Approximate gate:469, Approximate area:1023.000000
Accurate error is 0.004020, Area :1023.000000, Delay: 15.900000, Gate: 469
Now running time: 1819
Change gate [164237] with gate[164233]  , changed gate loc: 555,  sub gate loc: 539Inverter: 0
Simulate error is 0.004450
Now Error is 0.005060
Simulate added error is 0.000700, Now added error is 0.001040
Approximate gate:467, Approximate area:1019.000000
Accurate error is 0.005060, Area :1019.000000, Delay: 15.900000, Gate: 467
Now running time: 1859
Change gate [161154] with gate[161158]  , changed gate loc: 311,  sub gate loc: 329Inverter: 0
Simulate error is 0.005260
Now Error is 0.005680
Simulate added error is 0.000810, Now added error is 0.000620
Approximate gate:465, Approximate area:1014.000000
Accurate error is 0.005680, Area :1014.000000, Delay: 15.900000, Gate: 465
Now running time: 1901
Change gate [164229] with gate[164223]  , changed gate loc: 521,  sub gate loc: 506Inverter: 0
Simulate error is 0.005890
Now Error is 0.006160
Simulate added error is 0.000630, Now added error is 0.000480
Approximate gate:463, Approximate area:1010.000000
Accurate error is 0.006160, Area :1010.000000, Delay: 15.900000, Gate: 463
Now running time: 1944
Change gate [162562] with gate[162560]  , changed gate loc: 213,  sub gate loc: 211Inverter: 0
Simulate error is 0.007270
Now Error is 0.007930
Simulate added error is 0.001380, Now added error is 0.001770
Approximate gate:461, Approximate area:1004.000000
Accurate error is 0.007930, Area :1004.000000, Delay: 15.900000, Gate: 461
Now running time: 1987
Change gate [163267] with gate[164105]  , changed gate loc: 214,  sub gate loc: 197Inverter: 0
Simulate error is 0.007270
Now Error is 0.007320
Simulate added error is 0.000000, Now added error is -0.000610
Approximate gate:460, Approximate area:1003.000000
Accurate error is 0.007320, Area :1003.000000, Delay: 15.900000, Gate: 460
Now running time: 2031
Change gate [162690] with gate[162677]  , changed gate loc: 375,  sub gate loc: 360Inverter: 0
Simulate error is 0.007970
Now Error is 0.008350
Simulate added error is 0.000700, Now added error is 0.001030
Approximate gate:459, Approximate area:1000.000000
Accurate error is 0.008350, Area :1000.000000, Delay: 15.900000, Gate: 459
Now running time: 2072
Change gate cout with gate[162828]  , changed gate loc: 98,  sub gate loc: 577Inverter: 0
Simulate error is 0.009910
Now Error is 0.010030
Simulate added error is 0.001940, Now added error is 0.001680
Approximate gate:455, Approximate area:992.000000
Accurate error is 0.010030, Area :992.000000, Delay: 15.900000, Gate: 455
Now running time: 2110
Change gate [162573] with gate[162571]  , changed gate loc: 229,  sub gate loc: 227Inverter: 0
Simulate error is 0.011670
Now Error is 0.011460
Simulate added error is 0.001760, Now added error is 0.001430
Approximate gate:452, Approximate area:985.000000
Accurate error is 0.011460, Area :985.000000, Delay: 15.900000, Gate: 452
Now running time: 2152
Change gate [161154] with gate[161157]  , changed gate loc: 311,  sub gate loc: 344Inverter: 0
Simulate error is 0.013110
Now Error is 0.013050
Simulate added error is 0.001440, Now added error is 0.001590
Approximate gate:450, Approximate area:980.000000
Accurate error is 0.013050, Area :980.000000, Delay: 15.900000, Gate: 450
Now running time: 2192
Change gate [162584] with gate[162582]  , changed gate loc: 244,  sub gate loc: 242Inverter: 0
Simulate error is 0.014770
Now Error is 0.013390
Simulate added error is 0.001660, Now added error is 0.000340
Approximate gate:448, Approximate area:974.000000
Accurate error is 0.013390, Area :974.000000, Delay: 15.900000, Gate: 448
Now running time: 2233
Change gate [163287] with gate[164096]  , changed gate loc: 245,  sub gate loc: 243Inverter: 0
Simulate error is 0.014770
Now Error is 0.012770
Simulate added error is 0.000000, Now added error is -0.000620
Approximate gate:447, Approximate area:973.000000
Accurate error is 0.012770, Area :973.000000, Delay: 15.900000, Gate: 447
Now running time: 2273
Change gate [164161] with gate[164165]  , changed gate loc: 279,  sub gate loc: 296Inverter: 0
Simulate error is 0.016140
Now Error is 0.014590
Simulate added error is 0.001370, Now added error is 0.001820
Approximate gate:445, Approximate area:969.000000
Accurate error is 0.014590, Area :969.000000, Delay: 15.900000, Gate: 445
Now running time: 2308
Change gate [164153] with gate[164157]  , changed gate loc: 249,  sub gate loc: 265Inverter: 0
Simulate error is 0.017320
Now Error is 0.014580
Simulate added error is 0.001180, Now added error is -0.000010
Approximate gate:443, Approximate area:965.000000
Accurate error is 0.014580, Area :965.000000, Delay: 15.900000, Gate: 443
Now running time: 2344
Change gate [164211] with gatezero  , changed gate loc: 449,  sub gate loc: 0Inverter: 0
Simulate error is 0.019000
Now Error is 0.017070
Simulate added error is 0.001680, Now added error is 0.002490
Approximate gate:442, Approximate area:961.000000
Accurate error is 0.017070, Area :961.000000, Delay: 15.900000, Gate: 442
Now running time: 2387
Change gate [162732] with gate[162728]  , changed gate loc: 442,  sub gate loc: 440Inverter: 0
Simulate error is 0.019000
Now Error is 0.017390
Simulate added error is 0.000000, Now added error is 0.000320
Approximate gate:441, Approximate area:960.000000
Accurate error is 0.017390, Area :960.000000, Delay: 15.900000, Gate: 441
Now running time: 2434
Change gate [164219] with gatezero  , changed gate loc: 486,  sub gate loc: 0Inverter: 0
Simulate error is 0.020610
Now Error is 0.018010
Simulate added error is 0.001610, Now added error is 0.000620
Approximate gate:440, Approximate area:956.000000
Accurate error is 0.018010, Area :956.000000, Delay: 15.900000, Gate: 440
Now running time: 2470
Change gate [162758] with gate[162754]  , changed gate loc: 475,  sub gate loc: 473Inverter: 0
Simulate error is 0.020610
Now Error is 0.017860
Simulate added error is 0.000000, Now added error is -0.000150
Approximate gate:439, Approximate area:955.000000
Accurate error is 0.017860, Area :955.000000, Delay: 15.900000, Gate: 439
Now running time: 2506
Change gate [164207] with gatezero  , changed gate loc: 412,  sub gate loc: 0Inverter: 0
Simulate error is 0.022270
Now Error is 0.019570
Simulate added error is 0.001660, Now added error is 0.001710
Approximate gate:438, Approximate area:951.000000
Accurate error is 0.019570, Area :951.000000, Delay: 15.900000, Gate: 438
Now running time: 2551
Change gate [162706] with gate[162702]  , changed gate loc: 403,  sub gate loc: 401Inverter: 0
Simulate error is 0.022270
Now Error is 0.019360
Simulate added error is 0.000000, Now added error is -0.000210
Approximate gate:437, Approximate area:950.000000
Accurate error is 0.019360, Area :950.000000, Delay: 15.900000, Gate: 437
Now running time: 2595
Change gate [164237] with gatezero  , changed gate loc: 555,  sub gate loc: 0Inverter: 0
Simulate error is 0.023930
Now Error is 0.019910
Simulate added error is 0.001660, Now added error is 0.000550
Approximate gate:436, Approximate area:946.000000
Accurate error is 0.019910, Area :946.000000, Delay: 15.900000, Gate: 436
Now running time: 2639
Change gate [162810] with gate[162806]  , changed gate loc: 546,  sub gate loc: 544Inverter: 0
Simulate error is 0.023930
Now Error is 0.020380
Simulate added error is 0.000000, Now added error is 0.000470
Approximate gate:435, Approximate area:945.000000
Accurate error is 0.020380, Area :945.000000, Delay: 15.900000, Gate: 435
Now running time: 2680
Change gate [164229] with gatezero  , changed gate loc: 521,  sub gate loc: 0Inverter: 0
Simulate error is 0.025910
Now Error is 0.021600
Simulate added error is 0.001980, Now added error is 0.001220
Approximate gate:434, Approximate area:941.000000
Accurate error is 0.021600, Area :941.000000, Delay: 15.900000, Gate: 434
Now running time: 2717
Change gate [162784] with gate[162780]  , changed gate loc: 512,  sub gate loc: 510Inverter: 0
Simulate error is 0.025910
Now Error is 0.020720
Simulate added error is 0.000000, Now added error is -0.000880
Approximate gate:433, Approximate area:940.000000
Accurate error is 0.020720, Area :940.000000, Delay: 15.900000, Gate: 433
Now running time: 2754
Change gate [164161] with gatezero  , changed gate loc: 279,  sub gate loc: 0Inverter: 0
Simulate error is 0.028080
Now Error is 0.021160
Simulate added error is 0.002170, Now added error is 0.000440
Approximate gate:432, Approximate area:936.000000
Accurate error is 0.021160, Area :936.000000, Delay: 15.900000, Gate: 432
Now running time: 2798
Change gate [164153] with gatezero  , changed gate loc: 249,  sub gate loc: 0Inverter: 0
Simulate error is 0.030510
Now Error is 0.022340
Simulate added error is 0.002430, Now added error is 0.001180
Approximate gate:431, Approximate area:932.000000
Accurate error is 0.022340, Area :932.000000, Delay: 15.900000, Gate: 431
Now running time: 2839
Change gate [162690] with gateone  , changed gate loc: 375,  sub gate loc: 1Inverter: 0
Simulate error is 0.032480
Now Error is 0.023510
Simulate added error is 0.001970, Now added error is 0.001170
Approximate gate:431, Approximate area:929.000000
Accurate error is 0.023510, Area :929.000000, Delay: 15.900000, Gate: 431
Now running time: 2877
Change gate [161154] with gatezero  , changed gate loc: 311,  sub gate loc: 0Inverter: 0
Simulate error is 0.032480
Now Error is 0.023280
Simulate added error is 0.000000, Now added error is -0.000230
Approximate gate:431, Approximate area:927.000000
Accurate error is 0.023280, Area :927.000000, Delay: 15.400000, Gate: 431
Now running time: 2905
Change gate [164195] with gatezero  , changed gate loc: 376,  sub gate loc: 0Inverter: 0
Simulate error is 0.032480
Now Error is 0.023860
Simulate added error is 0.000000, Now added error is 0.000580
Approximate gate:430, Approximate area:926.000000
Accurate error is 0.023860, Area :926.000000, Delay: 15.400000, Gate: 430
Now running time: 2933
Change gate [163440] with gaten329  , changed gate loc: 530,  sub gate loc: 526Inverter: 0
Simulate error is 0.046040
Now Error is 0.036530
Simulate added error is 0.013560, Now added error is 0.012670
Approximate gate:427, Approximate area:917.000000
Accurate error is 0.036530, Area :917.000000, Delay: 15.400000, Gate: 427
Now running time: 2962
The 0 choose is not good
The 1 choose is not good
The 2 choose is not good
The 3 choose is not good
The 4 choose is not good
The 5 choose is not good
The 6 choose is not good
The 7 choose is not good
The 8 choose is not good
Change gate [162818] with gate[162805]  , changed gate loc: 553,  sub gate loc: 537Inverter: 0
Simulate error is 0.056670
Now Error is 0.048530
Simulate added error is 0.010630, Now added error is 0.012000
Approximate gate:426, Approximate area:914.000000
Accurate error is 0.048530, Area :914.000000, Delay: 15.400000, Gate: 426
Now running time: 2995
The 0 choose is not good
The 1 choose is not good
The 2 choose is not good
The 3 choose is not good
The 4 choose is not good
The 5 choose is not good
The 6 choose is not good
The 7 choose is not good
The 8 choose is not good
The 9 choose is not good
Change gate [162714] with gate[162701]  , changed gate loc: 410,  sub gate loc: 394Inverter: 0
Simulate error is 0.067030
Now Error is 0.059830
Simulate added error is 0.010360, Now added error is 0.011300
ALL running time: 3030
Error propagation matrix time: 212 with 197627 node
Error simulation time: 2708 with 3133060 node
Area time: 0
Whole find time: 2928
