Original Area:1081.000000, Original Delay:45.300000, Orignial Gate :490
Change gate [175875] with gate[176013]  , changed gate loc: 438,  sub gate loc: 436Inverter: 0
Simulate error is 0.000000
Now Error is 0.000000
Simulate added error is 0.000000, Now added error is 0.000000
Approximate gate:489, Approximate area:1078.000000
Accurate error is 0.000000, Area :1078.000000, Delay: 44.700000, Gate: 489
Now running time: 92
Change gate [174797] with gate[176053]  , changed gate loc: 356,  sub gate loc: 355Inverter: 0
Simulate error is 0.000000
Now Error is 0.000000
Simulate added error is 0.000000, Now added error is 0.000000
Approximate gate:488, Approximate area:1075.000000
Accurate error is 0.000000, Area :1075.000000, Delay: 44.100000, Gate: 488
Now running time: 184
Change gate [174713] with gate[174337]  , changed gate loc: 507,  sub gate loc: 495Inverter: 0
Simulate error is 0.000000
Now Error is 0.000000
Simulate added error is 0.000000, Now added error is 0.000000
Approximate gate:487, Approximate area:1073.000000
Accurate error is 0.000000, Area :1073.000000, Delay: 43.100000, Gate: 487
Now running time: 276
Change gate [174261] with gate[175768]  , changed gate loc: 333,  sub gate loc: 334Inverter: 0
Simulate error is 0.000000
Now Error is 0.000000
Simulate added error is 0.000000, Now added error is 0.000000
Approximate gate:486, Approximate area:1071.000000
Accurate error is 0.000000, Area :1071.000000, Delay: 43.100000, Gate: 486
Now running time: 368
Change gate [176137] with gate[175759]  , changed gate loc: 168,  sub gate loc: 222Inverter: 0
Simulate error is 0.000000
Now Error is 0.000000
Simulate added error is 0.000000, Now added error is 0.000000
Approximate gate:485, Approximate area:1069.000000
Accurate error is 0.000000, Area :1069.000000, Delay: 43.100000, Gate: 485
Now running time: 460
Change gate n108 with gate[174200]  , changed gate loc: 201,  sub gate loc: 268Inverter: 1
Simulate error is 0.000000
Now Error is 0.000000
Simulate added error is 0.000000, Now added error is 0.000000
Approximate gate:484, Approximate area:1067.000000
Accurate error is 0.000000, Area :1067.000000, Delay: 43.100000, Gate: 484
Now running time: 551
Change gate n109 with gate[174183]  , changed gate loc: 151,  sub gate loc: 205Inverter: 1
Simulate error is 0.000000
Now Error is 0.000000
Simulate added error is 0.000000, Now added error is 0.000000
Approximate gate:483, Approximate area:1065.000000
Accurate error is 0.000000, Area :1065.000000, Delay: 43.100000, Gate: 483
Now running time: 642
Change gate [175604] with gate[176023]  , changed gate loc: 383,  sub gate loc: 405Inverter: 0
Simulate error is 0.000000
Now Error is 0.000000
Simulate added error is 0.000000, Now added error is 0.000000
Approximate gate:482, Approximate area:1063.000000
Accurate error is 0.000000, Area :1063.000000, Delay: 43.100000, Gate: 482
Now running time: 733
Change gate [174151] with gaten312  , changed gate loc: 102,  sub gate loc: 180Inverter: 1
Simulate error is 0.000000
Now Error is 0.000000
Simulate added error is 0.000000, Now added error is 0.000000
Approximate gate:482, Approximate area:1061.000000
Accurate error is 0.000000, Area :1061.000000, Delay: 43.100000, Gate: 482
Now running time: 823
Change gate [175969] with gate[174846]  , changed gate loc: 485,  sub gate loc: 488Inverter: 0
Simulate error is 0.000000
Now Error is 0.000000
Simulate added error is 0.000000, Now added error is 0.000000
Approximate gate:481, Approximate area:1059.000000
Accurate error is 0.000000, Area :1059.000000, Delay: 43.100000, Gate: 481
Now running time: 914
Change gate [174314] with gaten382  , changed gate loc: 455,  sub gate loc: 456Inverter: 1
Simulate error is 0.000000
Now Error is 0.000000
Simulate added error is 0.000000, Now added error is 0.000000
Approximate gate:481, Approximate area:1057.000000
Accurate error is 0.000000, Area :1057.000000, Delay: 43.100000, Gate: 481
Now running time: 1004
Change gate [175953] with gate[174864]  , changed gate loc: 500,  sub gate loc: 503Inverter: 0
Simulate error is 0.000000
Now Error is 0.000000
Simulate added error is 0.000000, Now added error is 0.000000
Approximate gate:480, Approximate area:1055.000000
Accurate error is 0.000000, Area :1055.000000, Delay: 43.100000, Gate: 480
Now running time: 1093
Change gate [174710] with gate[174339]  , changed gate loc: 502,  sub gate loc: 497Inverter: 0
Simulate error is 0.000000
Now Error is 0.000000
Simulate added error is 0.000000, Now added error is 0.000000
Approximate gate:479, Approximate area:1054.000000
Accurate error is 0.000000, Area :1054.000000, Delay: 43.100000, Gate: 479
Now running time: 1182
Change gate [174867] with gate[174338]  , changed gate loc: 504,  sub gate loc: 493Inverter: 1
Simulate error is 0.000000
Now Error is 0.000000
Simulate added error is 0.000000, Now added error is 0.000000
Approximate gate:479, Approximate area:1053.000000
Accurate error is 0.000000, Area :1053.000000, Delay: 43.100000, Gate: 479
Now running time: 1271
Change gate [175015] with gateone  , changed gate loc: 494,  sub gate loc: 1Inverter: 0
Simulate error is 0.000000
Now Error is 0.000000
Simulate added error is 0.000000, Now added error is 0.000000
Approximate gate:479, Approximate area:1052.000000
Accurate error is 0.000000, Area :1052.000000, Delay: 43.100000, Gate: 479
Now running time: 1361
Change gate [174657] with gate[174226]  , changed gate loc: 242,  sub gate loc: 239Inverter: 0
Simulate error is 0.000000
Now Error is 0.000000
Simulate added error is 0.000000, Now added error is 0.000000
Approximate gate:478, Approximate area:1051.000000
Accurate error is 0.000000, Area :1051.000000, Delay: 43.100000, Gate: 478
Now running time: 1450
Change gate [174849] with gate[174333]  , changed gate loc: 489,  sub gate loc: 482Inverter: 0
Simulate error is 0.000100
Now Error is 0.000100
Simulate added error is 0.000100, Now added error is 0.000100
Approximate gate:477, Approximate area:1049.000000
Accurate error is 0.000100, Area :1049.000000, Delay: 43.100000, Gate: 477
Now running time: 1539
Change gate [174799] with gate[174274]  , changed gate loc: 357,  sub gate loc: 349Inverter: 0
Simulate error is 0.001240
Now Error is 0.001280
Simulate added error is 0.001140, Now added error is 0.001180
Approximate gate:476, Approximate area:1047.000000
Accurate error is 0.001280, Area :1047.000000, Delay: 43.100000, Gate: 476
Now running time: 1630
Change gate [174777] with gateone  , changed gate loc: 244,  sub gate loc: 1Inverter: 0
Simulate error is 0.003450
Now Error is 0.003040
Simulate added error is 0.002210, Now added error is 0.001760
Approximate gate:476, Approximate area:1045.000000
Accurate error is 0.003040, Area :1045.000000, Delay: 43.100000, Gate: 476
Now running time: 1725
Change gate [174830] with gate[174310]  , changed gate loc: 437,  sub gate loc: 433Inverter: 0
Simulate error is 0.005430
Now Error is 0.005390
Simulate added error is 0.001980, Now added error is 0.002350
Approximate gate:475, Approximate area:1043.000000
Accurate error is 0.005390, Area :1043.000000, Delay: 43.100000, Gate: 475
Now running time: 1819
Change gate [174195] with gateone  , changed gate loc: 177,  sub gate loc: 1Inverter: 0
Simulate error is 0.009340
Now Error is 0.009630
Simulate added error is 0.003910, Now added error is 0.004240
Approximate gate:474, Approximate area:1040.000000
Accurate error is 0.009630, Area :1040.000000, Delay: 42.600000, Gate: 474
Now running time: 1917
Change gate [174702] with gate[174849]  , changed gate loc: 487,  sub gate loc: 489Inverter: 0
Simulate error is 0.011210
Now Error is 0.011590
Simulate added error is 0.001870, Now added error is 0.001960
Approximate gate:473, Approximate area:1039.000000
Accurate error is 0.011590, Area :1039.000000, Delay: 42.600000, Gate: 473
Now running time: 2021
Change gate [175076] with gaten413  , changed gate loc: 195,  sub gate loc: 243Inverter: 0
Simulate error is 0.013570
Now Error is 0.010970
Simulate added error is 0.002360, Now added error is -0.000620
Approximate gate:472, Approximate area:1038.000000
Accurate error is 0.010970, Area :1038.000000, Delay: 41.700000, Gate: 472
Now running time: 2117
Change gate [174150] with gate[174134]  , changed gate loc: 101,  sub gate loc: 71Inverter: 0
Simulate error is 0.020930
Now Error is 0.017960
Simulate added error is 0.007360, Now added error is 0.006990
Approximate gate:470, Approximate area:1035.000000
Accurate error is 0.017960, Area :1035.000000, Delay: 41.700000, Gate: 470
Now running time: 2209
Change gate [174901] with gate[175069]  , changed gate loc: 138,  sub gate loc: 131Inverter: 0
Simulate error is 0.024620
Now Error is 0.022830
Simulate added error is 0.003690, Now added error is 0.004870
Approximate gate:469, Approximate area:1034.000000
Accurate error is 0.022830, Area :1034.000000, Delay: 41.700000, Gate: 469
Now running time: 2303
Change gate [176031] with gate[175339]  , changed gate loc: 401,  sub gate loc: 387Inverter: 0
Simulate error is 0.035450
Now Error is 0.033490
Simulate added error is 0.010830, Now added error is 0.010660
Approximate gate:468, Approximate area:1031.000000
Accurate error is 0.033490, Area :1031.000000, Delay: 41.700000, Gate: 468
Now running time: 2407
Change gate [174694] with gate[174835]  , changed gate loc: 465,  sub gate loc: 463Inverter: 0
Simulate error is 0.038730
Now Error is 0.035910
Simulate added error is 0.003280, Now added error is 0.002420
Approximate gate:467, Approximate area:1030.000000
Accurate error is 0.035910, Area :1030.000000, Delay: 41.700000, Gate: 467
Now running time: 2517
The 0 choose is not good
The 1 choose is not good
Change gate [175100] with gate[175104]  , changed gate loc: 292,  sub gate loc: 351Inverter: 0
Simulate error is 0.049360
Now Error is 0.043230
Simulate added error is 0.010630, Now added error is 0.007320
Approximate gate:466, Approximate area:1028.000000
Accurate error is 0.043230, Area :1028.000000, Delay: 41.700000, Gate: 466
Now running time: 2620
The 0 choose is not good
The 1 choose is not good
The 2 choose is not good
Change gate [174680] with gate[174293]  , changed gate loc: 397,  sub gate loc: 392Inverter: 0
Simulate error is 0.054670
Now Error is 0.048540
Simulate added error is 0.005310, Now added error is 0.005310
Approximate gate:465, Approximate area:1027.000000
Accurate error is 0.048540, Area :1027.000000, Delay: 41.700000, Gate: 465
Now running time: 2742
The 0 choose is not good
The 1 choose is not good
The 2 choose is not good
The 3 choose is not good
The 4 choose is not good
The 5 choose is not good
The 6 choose is not good
The 7 choose is not good
The 8 choose is not good
The 9 choose is not good
Change gate [174786] with gate[174942]  , changed gate loc: 300,  sub gate loc: 298Inverter: 0
Simulate error is 0.064220
Now Error is 0.056660
Simulate added error is 0.009550, Now added error is 0.008120
ALL running time: 2862
Error propagation matrix time: 280 with 319712 node
Error simulation time: 2538 with 3350372 node
Area time: 0
Whole find time: 2825
