Original Area:1128.000000, Original Delay:17.800000, Orignial Gate :513
Change gate [164353] with gateone  , changed gate loc: 505,  sub gate loc: 1Inverter: 0
Simulate AEM is 0.000000
Now AEM is 0.000000
Simulate added AEM is 0.000000, Now added AEM is 0.000000
Approximate gate:512, Approximate area:1124.000000
Accurate error is 0.000000, Area :1124.000000, Delay: 17.800000, Gate: 512
Now running time: 35
Change gate [164349] with gate[164343]  , changed gate loc: 468,  sub gate loc: 397Inverter: 0
Simulate AEM is 0.000000
Now AEM is 0.000000
Simulate added AEM is 0.000000, Now added AEM is 0.000000
Approximate gate:510, Approximate area:1120.000000
Accurate error is 0.000000, Area :1120.000000, Delay: 17.800000, Gate: 510
Now running time: 68
Change gate [164351] with gate[164331]  , changed gate loc: 485,  sub gate loc: 436Inverter: 0
Simulate AEM is 0.000000
Now AEM is 3355.443200
Simulate added AEM is 0.000000, Now added AEM is 3355.443200
Approximate gate:508, Approximate area:1116.000000
Accurate error is 3355.443200, Area :1116.000000, Delay: 17.800000, Gate: 508
Now running time: 102
Change gate [164347] with gateone  , changed gate loc: 448,  sub gate loc: 1Inverter: 0
Simulate AEM is 0.000000
Now AEM is 0.000000
Simulate added AEM is 0.000000, Now added AEM is -3355.443200
Approximate gate:507, Approximate area:1112.000000
Accurate error is 0.000000, Area :1112.000000, Delay: 17.700000, Gate: 507
Now running time: 135
Change gate [161061] with gatezero  , changed gate loc: 343,  sub gate loc: 0Inverter: 0
Simulate AEM is 0.000000
Now AEM is 2013.265920
Simulate added AEM is 0.000000, Now added AEM is 2013.265920
Approximate gate:507, Approximate area:1109.000000
Accurate error is 2013.265920, Area :1109.000000, Delay: 17.700000, Gate: 507
Now running time: 168
Change gate [161059] with gatezero  , changed gate loc: 310,  sub gate loc: 0Inverter: 0
Simulate AEM is 0.000000
Now AEM is 3355.443200
Simulate added AEM is 0.000000, Now added AEM is 1342.177280
Approximate gate:507, Approximate area:1106.000000
Accurate error is 3355.443200, Area :1106.000000, Delay: 17.700000, Gate: 507
Now running time: 200
Change gate [164349] with gateone  , changed gate loc: 468,  sub gate loc: 1Inverter: 0
Simulate AEM is 0.000000
Now AEM is 1342.177280
Simulate added AEM is 0.000000, Now added AEM is -2013.265920
Approximate gate:507, Approximate area:1103.000000
Accurate error is 1342.177280, Area :1103.000000, Delay: 17.700000, Gate: 507
Now running time: 232
Change gate [161062] with gate[161060]  , changed gate loc: 361,  sub gate loc: 328Inverter: 0
Simulate AEM is 0.000000
Now AEM is 1098.383360
Simulate added AEM is 0.000000, Now added AEM is -243.793920
Approximate gate:506, Approximate area:1100.000000
Accurate error is 1098.383360, Area :1100.000000, Delay: 17.700000, Gate: 506
Now running time: 264
Change gate [164345] with gateone  , changed gate loc: 413,  sub gate loc: 1Inverter: 0
Simulate AEM is 0.000000
Now AEM is 393.216000
Simulate added AEM is 0.000000, Now added AEM is -705.167360
Approximate gate:506, Approximate area:1097.000000
Accurate error is 393.216000, Area :1097.000000, Delay: 17.700000, Gate: 506
Now running time: 295
Change gate [164341] with gateone  , changed gate loc: 377,  sub gate loc: 1Inverter: 0
Simulate AEM is 0.000000
Now AEM is 7056.916480
Simulate added AEM is 0.000000, Now added AEM is 6663.700480
Approximate gate:506, Approximate area:1094.000000
Accurate error is 7056.916480, Area :1094.000000, Delay: 17.700000, Gate: 506
Now running time: 327
Change gate [164351] with gateone  , changed gate loc: 485,  sub gate loc: 1Inverter: 0
Simulate AEM is 0.000000
Now AEM is 692.060160
Simulate added AEM is 0.000000, Now added AEM is -6364.856320
Approximate gate:506, Approximate area:1091.000000
Accurate error is 692.060160, Area :1091.000000, Delay: 17.700000, Gate: 506
Now running time: 358
Change gate [161062] with gatezero  , changed gate loc: 361,  sub gate loc: 0Inverter: 0
Simulate AEM is 0.000000
Now AEM is 8241.807360
Simulate added AEM is 0.000000, Now added AEM is 7549.747200
Approximate gate:506, Approximate area:1088.000000
Accurate error is 8241.807360, Area :1088.000000, Delay: 17.700000, Gate: 506
Now running time: 391
Change gate [162796] with gate[162822]  , changed gate loc: 522,  sub gate loc: 556Inverter: 0
Simulate AEM is 0.000000
Now AEM is 778.567680
Simulate added AEM is 0.000000, Now added AEM is -7463.239680
Approximate gate:505, Approximate area:1086.000000
Accurate error is 778.567680, Area :1086.000000, Delay: 17.700000, Gate: 505
Now running time: 421
Change gate [162796] with gateone  , changed gate loc: 522,  sub gate loc: 1Inverter: 0
Simulate AEM is 0.000000
Now AEM is 5536.481280
Simulate added AEM is 0.000000, Now added AEM is 4757.913600
Approximate gate:505, Approximate area:1084.000000
Accurate error is 5536.481280, Area :1084.000000, Delay: 17.700000, Gate: 505
Now running time: 452
Change gate [163422] with gaten506  , changed gate loc: 495,  sub gate loc: 493Inverter: 0
Simulate AEM is 0.000000
Now AEM is 45675.970560
Simulate added AEM is 0.000000, Now added AEM is 40139.489280
Approximate gate:504, Approximate area:1083.000000
Accurate error is 45675.970560, Area :1083.000000, Delay: 17.700000, Gate: 504
Now running time: 483
Change gate [162831] with gateone  , changed gate loc: 574,  sub gate loc: 1Inverter: 0
Simulate AEM is 0.000000
Now AEM is 3190.292480
Simulate added AEM is 0.000000, Now added AEM is -42485.678080
Approximate gate:504, Approximate area:1081.000000
Accurate error is 3190.292480, Area :1081.000000, Delay: 17.700000, Gate: 504
Now running time: 514
Change gate [162809] with gateone  , changed gate loc: 540,  sub gate loc: 1Inverter: 0
Simulate AEM is 0.000000
Now AEM is 1873.018880
Simulate added AEM is 0.000000, Now added AEM is -1317.273600
Approximate gate:504, Approximate area:1079.000000
Accurate error is 1873.018880, Area :1079.000000, Delay: 17.700000, Gate: 504
Now running time: 545
Change gate [163404] with gaten498  , changed gate loc: 458,  sub gate loc: 456Inverter: 0
Simulate AEM is 0.000000
Now AEM is 524.288000
Simulate added AEM is 0.000000, Now added AEM is -1348.730880
Approximate gate:503, Approximate area:1078.000000
Accurate error is 524.288000, Area :1078.000000, Delay: 17.700000, Gate: 503
Now running time: 575
Change gate [163373] with gaten499  , changed gate loc: 387,  sub gate loc: 385Inverter: 0
Simulate AEM is 0.000000
Now AEM is 26843.545600
Simulate added AEM is 0.000000, Now added AEM is 26319.257600
Approximate gate:502, Approximate area:1077.000000
Accurate error is 26843.545600, Area :1077.000000, Delay: 17.700000, Gate: 502
Now running time: 608
Change gate [162745] with gaten507  , changed gate loc: 457,  sub gate loc: 474Inverter: 1
Simulate AEM is 0.000000
Now AEM is 178.257920
Simulate added AEM is 0.000000, Now added AEM is -26665.287680
Approximate gate:501, Approximate area:1076.000000
Accurate error is 178.257920, Area :1076.000000, Delay: 17.700000, Gate: 501
Now running time: 642
Change gate [162758] with gate[162745]  , changed gate loc: 475,  sub gate loc: 457Inverter: 0
Simulate AEM is 0.000000
Now AEM is 47332.720640
Simulate added AEM is 0.000000, Now added AEM is 47154.462720
Approximate gate:500, Approximate area:1074.000000
Accurate error is 47332.720640, Area :1074.000000, Delay: 17.700000, Gate: 500
Now running time: 674
Change gate [162693] with gaten508  , changed gate loc: 386,  sub gate loc: 402Inverter: 1
Simulate AEM is 0.000000
Now AEM is 22858.956800
Simulate added AEM is 0.000000, Now added AEM is -24473.763840
Approximate gate:499, Approximate area:1073.000000
Accurate error is 22858.956800, Area :1073.000000, Delay: 17.700000, Gate: 499
Now running time: 703
Change gate [162706] with gate[162693]  , changed gate loc: 403,  sub gate loc: 386Inverter: 0
Simulate AEM is 0.000000
Now AEM is 35363.225600
Simulate added AEM is 0.000000, Now added AEM is 12504.268800
Approximate gate:497, Approximate area:1071.000000
Accurate error is 35363.225600, Area :1071.000000, Delay: 17.700000, Gate: 497
Now running time: 732
Change gate [163457] with gaten503  , changed gate loc: 564,  sub gate loc: 562Inverter: 0
Simulate AEM is 0.000000
Now AEM is 7214.202880
Simulate added AEM is 0.000000, Now added AEM is -28149.022720
Approximate gate:496, Approximate area:1070.000000
Accurate error is 7214.202880, Area :1070.000000, Delay: 17.700000, Gate: 496
Now running time: 760
Change gate [162823] with gaten494  , changed gate loc: 563,  sub gate loc: 578Inverter: 1
Simulate AEM is 0.000000
Now AEM is 36.700160
Simulate added AEM is 0.000000, Now added AEM is -7177.502720
Approximate gate:496, Approximate area:1068.000000
Accurate error is 36.700160, Area :1068.000000, Delay: 17.700000, Gate: 496
Now running time: 788
Change gate cout with gate[162823]  , changed gate loc: 98,  sub gate loc: 563Inverter: 0
Simulate AEM is 0.000000
Now AEM is 346.030080
Simulate added AEM is 0.000000, Now added AEM is 309.329920
Approximate gate:494, Approximate area:1065.000000
Accurate error is 346.030080, Area :1065.000000, Delay: 17.700000, Gate: 494
Now running time: 816
Change gate [163449] with gaten504  , changed gate loc: 547,  sub gate loc: 545Inverter: 0
Simulate AEM is 0.000000
Now AEM is 29716.643840
Simulate added AEM is 0.000000, Now added AEM is 29370.613760
Approximate gate:493, Approximate area:1064.000000
Accurate error is 29716.643840, Area :1064.000000, Delay: 17.700000, Gate: 493
Now running time: 844
Change gate [163431] with gaten510  , changed gate loc: 513,  sub gate loc: 511Inverter: 0
Simulate AEM is 0.000000
Now AEM is 21507.604480
Simulate added AEM is 0.000000, Now added AEM is -8209.039360
Approximate gate:492, Approximate area:1063.000000
Accurate error is 21507.604480, Area :1063.000000, Delay: 17.700000, Gate: 492
Now running time: 871
Change gate [163382] with gaten508  , changed gate loc: 404,  sub gate loc: 402Inverter: 0
Simulate AEM is 0.000000
Now AEM is 59391.344640
Simulate added AEM is 0.000000, Now added AEM is 37883.740160
Approximate gate:491, Approximate area:1062.000000
Accurate error is 59391.344640, Area :1062.000000, Delay: 17.700000, Gate: 491
Now running time: 897
Change gate [163470] with gaten491  , changed gate loc: 443,  sub gate loc: 441Inverter: 0
Simulate AEM is 0.000000
Now AEM is 32555.663360
Simulate added AEM is 0.000000, Now added AEM is -26835.681280
Approximate gate:490, Approximate area:1061.000000
Accurate error is 32555.663360, Area :1061.000000, Delay: 17.700000, Gate: 490
Now running time: 924
Change gate [163413] with gaten507  , changed gate loc: 476,  sub gate loc: 474Inverter: 0
Simulate AEM is 0.000000
Now AEM is 63172.771840
Simulate added AEM is 0.000000, Now added AEM is 30617.108480
Approximate gate:489, Approximate area:1060.000000
Accurate error is 63172.771840, Area :1060.000000, Delay: 17.700000, Gate: 489
Now running time: 950
Change gate [162771] with gate[163431]  , changed gate loc: 494,  sub gate loc: 513Inverter: 1
Simulate AEM is 0.000000
Now AEM is 23619.174400
Simulate added AEM is 0.000000, Now added AEM is -39553.597440
Approximate gate:489, Approximate area:1059.000000
Accurate error is 23619.174400, Area :1059.000000, Delay: 17.700000, Gate: 489
Now running time: 976
Change gate [162784] with gate[162771]  , changed gate loc: 512,  sub gate loc: 494Inverter: 0
Simulate AEM is 0.000000
Now AEM is 23292.805120
Simulate added AEM is 0.000000, Now added AEM is -326.369280
Approximate gate:487, Approximate area:1057.000000
Accurate error is 23292.805120, Area :1057.000000, Delay: 17.700000, Gate: 487
Now running time: 1001
Change gate [163440] with gaten505  , changed gate loc: 530,  sub gate loc: 528Inverter: 0
Simulate AEM is 0.000000
Now AEM is 96.993280
Simulate added AEM is 0.000000, Now added AEM is -23195.811840
Approximate gate:486, Approximate area:1056.000000
Accurate error is 96.993280, Area :1056.000000, Delay: 17.700000, Gate: 486
Now running time: 1027
Change gate [162797] with gate[163449]  , changed gate loc: 529,  sub gate loc: 547Inverter: 1
Simulate AEM is 0.000000
Now AEM is 26869.760000
Simulate added AEM is 0.000000, Now added AEM is 26772.766720
Approximate gate:485, Approximate area:1054.000000
Accurate error is 26869.760000, Area :1054.000000, Delay: 17.700000, Gate: 485
Now running time: 1052
Change gate [162810] with gate[162797]  , changed gate loc: 546,  sub gate loc: 529Inverter: 0
Simulate AEM is 0.000000
Now AEM is 64434.995200
Simulate added AEM is 0.000000, Now added AEM is 37565.235200
Approximate gate:483, Approximate area:1051.000000
Accurate error is 64434.995200, Area :1051.000000, Delay: 17.700000, Gate: 483
Now running time: 1077
Change gate [163391] with gaten502  , changed gate loc: 422,  sub gate loc: 420Inverter: 0
Simulate AEM is 0.000000
Now AEM is 72499.855360
Simulate added AEM is 0.000000, Now added AEM is 8064.860160
Approximate gate:482, Approximate area:1050.000000
Accurate error is 72499.855360, Area :1050.000000, Delay: 17.700000, Gate: 482
Now running time: 1101
Change gate [162719] with gate[163470]  , changed gate loc: 421,  sub gate loc: 443Inverter: 1
Simulate AEM is 0.000000
Now AEM is 23771.217920
Simulate added AEM is 0.000000, Now added AEM is -48728.637440
Approximate gate:481, Approximate area:1049.000000
Accurate error is 23771.217920, Area :1049.000000, Delay: 17.700000, Gate: 481
Now running time: 1126
Change gate [162732] with gate[162719]  , changed gate loc: 442,  sub gate loc: 421Inverter: 0
Simulate AEM is 0.000000
Now AEM is 13818.920960
Simulate added AEM is 0.000000, Now added AEM is -9952.296960
Approximate gate:479, Approximate area:1047.000000
Accurate error is 13818.920960, Area :1047.000000, Delay: 17.700000, Gate: 479
Now running time: 1152
Change gate sum[0] with gate[162485]  , changed gate loc: 66,  sub gate loc: 104Inverter: 0
Simulate AEM is 0.249040
Now AEM is 21496.057480
Simulate added AEM is 0.249040, Now added AEM is 7677.136520
Approximate gate:476, Approximate area:1041.000000
Accurate error is 21496.057480, Area :1041.000000, Delay: 17.700000, Gate: 476
Now running time: 1177
Change gate [162517] with gateone  , changed gate loc: 154,  sub gate loc: 1Inverter: 0
Simulate AEM is -4.965040
Now AEM is 89944.691720
Simulate added AEM is -5.214080, Now added AEM is 68448.634240
Approximate gate:476, Approximate area:1039.000000
Accurate error is 89944.691720, Area :1039.000000, Delay: 17.700000, Gate: 476
Now running time: 1206
Change gate [162493] with gateone  , changed gate loc: 116,  sub gate loc: 1Inverter: 0
Simulate AEM is -4.983440
Now AEM is 11193.888960
Simulate added AEM is -0.018400, Now added AEM is -78750.802760
Approximate gate:474, Approximate area:1033.000000
Accurate error is 11193.888960, Area :1033.000000, Delay: 17.700000, Gate: 474
Now running time: 1238
Change gate [162550] with gate[162594]  , changed gate loc: 190,  sub gate loc: 248Inverter: 0
Simulate AEM is -4.998800
Now AEM is 69836.305100
Simulate added AEM is -0.015360, Now added AEM is 58642.416140
Approximate gate:473, Approximate area:1030.000000
Accurate error is 69836.305100, Area :1030.000000, Delay: 17.700000, Gate: 473
Now running time: 1265
Change gate n370 with gaten310  , changed gate loc: 128,  sub gate loc: 156Inverter: 0
Simulate AEM is -4.998960
Now AEM is 362.710620
Simulate added AEM is -0.000160, Now added AEM is -69473.594480
Approximate gate:472, Approximate area:1027.000000
Accurate error is 362.710620, Area :1027.000000, Delay: 17.700000, Gate: 472
Now running time: 1290
Change gate [162512] with gate[162482]  , changed gate loc: 138,  sub gate loc: 102Inverter: 1
Simulate AEM is -4.999280
Now AEM is 129.497340
Simulate added AEM is -0.000320, Now added AEM is -233.213280
Approximate gate:472, Approximate area:1025.000000
Accurate error is 129.497340, Area :1025.000000, Delay: 17.700000, Gate: 472
Now running time: 1315
Change gate sum[3] with gate[162530]  , changed gate loc: 69,  sub gate loc: 164Inverter: 0
Simulate AEM is -4.999520
Now AEM is 5817.225680
Simulate added AEM is -0.000240, Now added AEM is 5687.728340
Approximate gate:471, Approximate area:1021.000000
Accurate error is 5817.225680, Area :1021.000000, Delay: 17.700000, Gate: 471
Now running time: 1340
Change gate sum[2] with gate[164787]  , changed gate loc: 68,  sub gate loc: 105Inverter: 0
Simulate AEM is -4.999600
Now AEM is 21517.059180
Simulate added AEM is -0.000080, Now added AEM is 15699.833500
Approximate gate:470, Approximate area:1017.000000
Accurate error is 21517.059180, Area :1017.000000, Delay: 17.700000, Gate: 470
Now running time: 1364
Change gate sum[7] with gatesum[4]  , changed gate loc: 73,  sub gate loc: 70Inverter: 0
Simulate AEM is -5.000880
Now AEM is 28690.368380
Simulate added AEM is -0.001280, Now added AEM is 7173.309200
Approximate gate:469, Approximate area:1013.000000
Accurate error is 28690.368380, Area :1013.000000, Delay: 17.700000, Gate: 469
Now running time: 1388
Change gate sum[5] with gate[164683]  , changed gate loc: 71,  sub gate loc: 275Inverter: 0
Simulate AEM is -5.001200
Now AEM is 46728.282970
Simulate added AEM is -0.000320, Now added AEM is 18037.914590
Approximate gate:467, Approximate area:1008.000000
Accurate error is 46728.282970, Area :1008.000000, Delay: 17.700000, Gate: 467
Now running time: 1411
Change gate sum[6] with gatea[3]  , changed gate loc: 72,  sub gate loc: 5Inverter: 0
Simulate AEM is -5.003120
Now AEM is 2444.506820
Simulate added AEM is -0.001920, Now added AEM is -44283.776150
Approximate gate:466, Approximate area:1004.000000
Accurate error is 2444.506820, Area :1004.000000, Delay: 17.700000, Gate: 466
Now running time: 1435
Change gate [162522] with gate[162518]  , changed gate loc: 157,  sub gate loc: 155Inverter: 0
Simulate AEM is -5.003440
Now AEM is 3228.828650
Simulate added AEM is -0.000320, Now added AEM is 784.321830
Approximate gate:465, Approximate area:1001.000000
Accurate error is 3228.828650, Area :1001.000000, Delay: 17.700000, Gate: 465
Now running time: 1459
Change gate sum[1] with gate[162483]  , changed gate loc: 67,  sub gate loc: 101Inverter: 1
Simulate AEM is -5.004760
Now AEM is 1450.168550
Simulate added AEM is -0.001320, Now added AEM is -1778.660100
Approximate gate:465, Approximate area:999.000000
Accurate error is 1450.168550, Area :999.000000, Delay: 17.700000, Gate: 465
Now running time: 1482
Change gate [162562] with gaten549  , changed gate loc: 213,  sub gate loc: 302Inverter: 0
Simulate AEM is -5.015000
Now AEM is 35474.346200
Simulate added AEM is -0.010240, Now added AEM is 34024.177650
Approximate gate:457, Approximate area:983.000000
Accurate error is 35474.346200, Area :983.000000, Delay: 17.700000, Gate: 457
Now running time: 1506
Change gate sum[1] with gate[162489]  , changed gate loc: 67,  sub gate loc: 111Inverter: 0
Simulate AEM is -5.017480
Now AEM is 66351.032590
Simulate added AEM is -0.002480, Now added AEM is 30876.686390
Approximate gate:456, Approximate area:982.000000
Accurate error is 66351.032590, Area :982.000000, Delay: 17.700000, Gate: 456
Now running time: 1529
Change gate [162484] with gate[162512]  , changed gate loc: 103,  sub gate loc: 138Inverter: 0
Simulate AEM is -5.021320
Now AEM is 4637.780180
Simulate added AEM is -0.003840, Now added AEM is -61713.252410
Approximate gate:454, Approximate area:977.000000
Accurate error is 4637.780180, Area :977.000000, Delay: 17.700000, Gate: 454
Now running time: 1553
Change gate sum[2] with gate[162482]  , changed gate loc: 68,  sub gate loc: 102Inverter: 0
Simulate AEM is -5.023960
Now AEM is 1254.495810
Simulate added AEM is -0.002640, Now added AEM is -3383.284370
Approximate gate:453, Approximate area:975.000000
Accurate error is 1254.495810, Area :975.000000, Delay: 17.700000, Gate: 453
Now running time: 1576
Change gate sum[8] with gate[162502]  , changed gate loc: 74,  sub gate loc: 127Inverter: 0
Simulate AEM is -5.031640
Now AEM is 1965.581210
Simulate added AEM is -0.007680, Now added AEM is 711.085400
Approximate gate:451, Approximate area:970.000000
Accurate error is 1965.581210, Area :970.000000, Delay: 17.700000, Gate: 451
Now running time: 1600
Change gate sum[9] with gate[163869]  , changed gate loc: 75,  sub gate loc: 226Inverter: 0
Simulate AEM is -5.041880
Now AEM is 46682.914260
Simulate added AEM is -0.010240, Now added AEM is 44717.333050
Approximate gate:448, Approximate area:962.000000
Accurate error is 46682.914260, Area :962.000000, Delay: 17.700000, Gate: 448
Now running time: 1623
Change gate sum[3] with gate[162539]  , changed gate loc: 69,  sub gate loc: 178Inverter: 0
Simulate AEM is -5.043000
Now AEM is 6799.614920
Simulate added AEM is -0.001120, Now added AEM is -39883.299340
Approximate gate:447, Approximate area:959.000000
Accurate error is 6799.614920, Area :959.000000, Delay: 17.700000, Gate: 447
Now running time: 1647
Change gate sum[10] with gate[162758]  , changed gate loc: 76,  sub gate loc: 475Inverter: 0
Simulate AEM is -5.053240
Now AEM is 2139.488450
Simulate added AEM is -0.010240, Now added AEM is -4660.126470
Approximate gate:445, Approximate area:954.000000
Accurate error is 2139.488450, Area :954.000000, Delay: 17.700000, Gate: 445
Now running time: 1670
Change gate [164157] with gate[162592]  , changed gate loc: 265,  sub gate loc: 247Inverter: 1
Simulate AEM is -5.055800
Now AEM is 30878.605640
Simulate added AEM is -0.002560, Now added AEM is 28739.117190
Approximate gate:444, Approximate area:951.000000
Accurate error is 30878.605640, Area :951.000000, Delay: 17.700000, Gate: 444
Now running time: 1692
Change gate sum[12] with gate[164153]  , changed gate loc: 78,  sub gate loc: 249Inverter: 0
Simulate AEM is -5.096760
Now AEM is 5794.309070
Simulate added AEM is -0.040960, Now added AEM is -25084.296570
Approximate gate:440, Approximate area:940.000000
Accurate error is 5794.309070, Area :940.000000, Delay: 17.700000, Gate: 440
Now running time: 1714
Change gate sum[13] with gatesum[16]  , changed gate loc: 79,  sub gate loc: 82Inverter: 0
Simulate AEM is -5.178680
Now AEM is 33008.924450
Simulate added AEM is -0.081920, Now added AEM is 27214.615380
Approximate gate:437, Approximate area:930.000000
Accurate error is 33008.924450, Area :930.000000, Delay: 17.700000, Gate: 437
Now running time: 1735
Change gate [162592] with gateone  , changed gate loc: 247,  sub gate loc: 1Inverter: 0
Simulate AEM is -5.179000
Now AEM is 47871.931690
Simulate added AEM is -0.000320, Now added AEM is 14863.007240
Approximate gate:437, Approximate area:927.000000
Accurate error is 47871.931690, Area :927.000000, Delay: 17.700000, Gate: 437
Now running time: 1756
Change gate sum[11] with gaten545  , changed gate loc: 77,  sub gate loc: 271Inverter: 0
Simulate AEM is -5.199480
Now AEM is 57029.010300
Simulate added AEM is -0.020480, Now added AEM is 9157.078610
Approximate gate:433, Approximate area:916.000000
Accurate error is 57029.010300, Area :916.000000, Delay: 17.700000, Gate: 433
Now running time: 1776
Change gate sum[0] with gateone  , changed gate loc: 66,  sub gate loc: 1Inverter: 0
Simulate AEM is -5.199870
Now AEM is 11320.337660
Simulate added AEM is -0.000390, Now added AEM is -45708.672640
Approximate gate:433, Approximate area:914.000000
Accurate error is 11320.337660, Area :914.000000, Delay: 17.700000, Gate: 433
Now running time: 1796
Change gate sum[4] with gate[162522]  , changed gate loc: 70,  sub gate loc: 157Inverter: 1
Simulate AEM is -5.205630
Now AEM is 33701.893550
Simulate added AEM is -0.005760, Now added AEM is 22381.555890
Approximate gate:432, Approximate area:910.000000
Accurate error is 33701.893550, Area :910.000000, Delay: 17.700000, Gate: 432
Now running time: 1815
Change gate sum[7] with gate[162496]  , changed gate loc: 73,  sub gate loc: 118Inverter: 0
Simulate AEM is -5.206910
Now AEM is 37993.004750
Simulate added AEM is -0.001280, Now added AEM is 4291.111200
Approximate gate:431, Approximate area:909.000000
Accurate error is 37993.004750, Area :909.000000, Delay: 17.700000, Gate: 431
Now running time: 1835
Change gate sum[4] with gate[162499]  , changed gate loc: 70,  sub gate loc: 129Inverter: 0
Simulate AEM is -5.219070
Now AEM is 8234.120530
Simulate added AEM is -0.012160, Now added AEM is -29758.884220
Approximate gate:430, Approximate area:908.000000
Accurate error is 8234.120530, Area :908.000000, Delay: 17.700000, Gate: 430
Now running time: 1855
Change gate [163799] with gate[162500]  , changed gate loc: 152,  sub gate loc: 131Inverter: 0
Simulate AEM is -5.220990
Now AEM is 8347.427350
Simulate added AEM is -0.001920, Now added AEM is 113.306820
Approximate gate:428, Approximate area:905.000000
Accurate error is 8347.427350, Area :905.000000, Delay: 17.700000, Gate: 428
Now running time: 1874
Change gate sum[7] with gatesum[2]  , changed gate loc: 73,  sub gate loc: 68Inverter: 0
Simulate AEM is -5.231230
Now AEM is 12188.214430
Simulate added AEM is -0.010240, Now added AEM is 3840.787080
Approximate gate:427, Approximate area:903.000000
Accurate error is 12188.214430, Area :903.000000, Delay: 17.700000, Gate: 427
Now running time: 1894
Change gate sum[12] with gate[163210]  , changed gate loc: 78,  sub gate loc: 136Inverter: 0
Simulate AEM is -5.272190
Now AEM is 48371.147270
Simulate added AEM is -0.040960, Now added AEM is 36182.932840
Approximate gate:425, Approximate area:899.000000
Accurate error is 48371.147270, Area :899.000000, Delay: 17.700000, Gate: 425
Now running time: 1914
Change gate n370 with gatezero  , changed gate loc: 128,  sub gate loc: 0Inverter: 0
Simulate AEM is -5.354110
Now AEM is 40382.231660
Simulate added AEM is -0.081920, Now added AEM is -7988.915610
Approximate gate:425, Approximate area:896.000000
Accurate error is 40382.231660, Area :896.000000, Delay: 17.700000, Gate: 425
Now running time: 1933
Change gate sum[11] with gate[162523]  , changed gate loc: 77,  sub gate loc: 160Inverter: 0
Simulate AEM is -5.392190
Now AEM is 11065.632640
Simulate added AEM is -0.038080, Now added AEM is -29316.599020
Approximate gate:423, Approximate area:892.000000
Accurate error is 11065.632640, Area :892.000000, Delay: 17.700000, Gate: 423
Now running time: 1953
Change gate sum[1] with gatesum[2]  , changed gate loc: 67,  sub gate loc: 68Inverter: 0
Simulate AEM is -5.398530
Now AEM is 11619.317490
Simulate added AEM is -0.006340, Now added AEM is 553.684850
Approximate gate:423, Approximate area:891.000000
Accurate error is 11619.317490, Area :891.000000, Delay: 17.700000, Gate: 423
Now running time: 1973
Change gate [163586] with gatesum[2]  , changed gate loc: 121,  sub gate loc: 68Inverter: 0
Simulate AEM is -5.726210
Now AEM is 28489.024590
Simulate added AEM is -0.327680, Now added AEM is 16869.707100
Approximate gate:418, Approximate area:881.000000
Accurate error is 28489.024590, Area :881.000000, Delay: 17.700000, Gate: 418
Now running time: 1991
Change gate sum[8] with gateone  , changed gate loc: 74,  sub gate loc: 1Inverter: 0
Simulate AEM is -5.854210
Now AEM is 18317.634050
Simulate added AEM is -0.128000, Now added AEM is -10171.390540
Approximate gate:416, Approximate area:875.000000
Accurate error is 18317.634050, Area :875.000000, Delay: 17.700000, Gate: 416
Now running time: 2010
Change gate sum[1] with gatezero  , changed gate loc: 67,  sub gate loc: 0Inverter: 0
Simulate AEM is -5.861670
Now AEM is 57090.581540
Simulate added AEM is -0.007460, Now added AEM is 38772.947490
Approximate gate:416, Approximate area:874.000000
Accurate error is 57090.581540, Area :874.000000, Delay: 17.700000, Gate: 416
Now running time: 2029
Change gate [163799] with gateone  , changed gate loc: 152,  sub gate loc: 1Inverter: 0
Simulate AEM is -5.933510
Now AEM is 43270.719900
Simulate added AEM is -0.071840, Now added AEM is -13819.861640
Approximate gate:415, Approximate area:869.000000
Accurate error is 43270.719900, Area :869.000000, Delay: 17.700000, Gate: 415
Now running time: 2047
Change gate n579 with gate[162506]  , changed gate loc: 319,  sub gate loc: 133Inverter: 0
Simulate AEM is -6.096510
Now AEM is 72658.774340
Simulate added AEM is -0.163000, Now added AEM is 29388.054440
Approximate gate:404, Approximate area:848.000000
Accurate error is 72658.774340, Area :848.000000, Delay: 17.700000, Gate: 404
Now running time: 2065
Change gate sum[15] with gate[163243]  , changed gate loc: 81,  sub gate loc: 175Inverter: 0
Simulate AEM is -6.302010
Now AEM is 85072.155480
Simulate added AEM is -0.205500, Now added AEM is 12413.381140
Approximate gate:395, Approximate area:828.000000
Accurate error is 85072.155480, Area :828.000000, Delay: 17.700000, Gate: 395
Now running time: 2083
Change gate sum[6] with gateone  , changed gate loc: 72,  sub gate loc: 1Inverter: 0
Simulate AEM is -6.314810
Now AEM is 120920.433420
Simulate added AEM is -0.012800, Now added AEM is 35848.277940
Approximate gate:395, Approximate area:827.000000
Accurate error is 120920.433420, Area :827.000000, Delay: 17.700000, Gate: 395
Now running time: 2100
Change gate sum[4] with gatezero  , changed gate loc: 70,  sub gate loc: 0Inverter: 0
Simulate AEM is -6.342490
Now AEM is 81871.937970
Simulate added AEM is -0.027680, Now added AEM is -39048.495450
Approximate gate:395, Approximate area:826.000000
Accurate error is 81871.937970, Area :826.000000, Delay: 17.700000, Gate: 395
Now running time: 2116
Change gate sum[3] with gate[162559]  , changed gate loc: 69,  sub gate loc: 206Inverter: 0
Simulate AEM is -6.343610
Now AEM is 83567.991480
Simulate added AEM is -0.001120, Now added AEM is 1696.053510
Approximate gate:394, Approximate area:824.000000
Accurate error is 83567.991480, Area :824.000000, Delay: 17.700000, Gate: 394
Now running time: 2133
Change gate [161158] with gate[162630]  , changed gate loc: 329,  sub gate loc: 320Inverter: 1
Simulate AEM is -6.630230
Now AEM is 107198.944060
Simulate added AEM is -0.286620, Now added AEM is 23630.952580
Approximate gate:391, Approximate area:816.000000
Accurate error is 107198.944060, Area :816.000000, Delay: 17.700000, Gate: 391
Now running time: 2149
Change gate sum[18] with gate[162647]  , changed gate loc: 84,  sub gate loc: 324Inverter: 0
Simulate AEM is -6.728970
Now AEM is 170080.498050
Simulate added AEM is -0.098740, Now added AEM is 62881.553990
Approximate gate:387, Approximate area:807.000000
Accurate error is 170080.498050, Area :807.000000, Delay: 17.700000, Gate: 387
Now running time: 2165
Change gate [162568] with gate[162553]  , changed gate loc: 219,  sub gate loc: 200Inverter: 0
Simulate AEM is -6.749450
Now AEM is 203313.231250
Simulate added AEM is -0.020480, Now added AEM is 33232.733200
Approximate gate:386, Approximate area:805.000000
Accurate error is 203313.231250, Area :805.000000, Delay: 17.700000, Gate: 386
Now running time: 2180
Change gate [162650] with gate[162636]  , changed gate loc: 334,  sub gate loc: 308Inverter: 0
Simulate AEM is -6.831370
Now AEM is 330285.146630
Simulate added AEM is -0.081920, Now added AEM is 126971.915380
Approximate gate:385, Approximate area:802.000000
Accurate error is 330285.146630, Area :802.000000, Delay: 17.700000, Gate: 385
Now running time: 2196
Change gate sum[21] with gate[162591]  , changed gate loc: 87,  sub gate loc: 253Inverter: 0
Simulate AEM is -7.595710
Now AEM is 1313624.719480
Simulate added AEM is -0.764340, Now added AEM is 983339.572850
Approximate gate:377, Approximate area:784.000000
Accurate error is 1313624.719480, Area :784.000000, Delay: 17.700000, Gate: 377
Now running time: 2211
Change gate [161157] with gate[162672]  , changed gate loc: 344,  sub gate loc: 365Inverter: 0
Simulate AEM is -7.938890
Now AEM is 1319228.935790
Simulate added AEM is -0.343180, Now added AEM is 5604.216310
Approximate gate:360, Approximate area:752.000000
Accurate error is 1319228.935790, Area :752.000000, Delay: 15.900000, Gate: 360
Now running time: 2225
Change gate [162650] with gate[162587]  , changed gate loc: 334,  sub gate loc: 259Inverter: 0
Simulate AEM is -8.000330
Now AEM is 1322755.267230
Simulate added AEM is -0.061440, Now added AEM is 3526.331440
Approximate gate:359, Approximate area:749.000000
Accurate error is 1322755.267230, Area :749.000000, Delay: 15.900000, Gate: 359
Now running time: 2238
Change gate sum[20] with gate[162525]  , changed gate loc: 86,  sub gate loc: 161Inverter: 0
Simulate AEM is -8.107750
Now AEM is 1501051.472210
Simulate added AEM is -0.107420, Now added AEM is 178296.204980
Approximate gate:351, Approximate area:732.000000
Accurate error is 1501051.472210, Area :732.000000, Delay: 15.400000, Gate: 351
Now running time: 2252
Change gate sum[3] with gate[162537]  , changed gate loc: 69,  sub gate loc: 176Inverter: 0
Simulate AEM is -8.116870
Now AEM is 1516566.961850
Simulate added AEM is -0.009120, Now added AEM is 15515.489640
Approximate gate:350, Approximate area:730.000000
Accurate error is 1516566.961850, Area :730.000000, Delay: 15.400000, Gate: 350
Now running time: 2265
Change gate sum[7] with gatezero  , changed gate loc: 73,  sub gate loc: 0Inverter: 0
Simulate AEM is -8.125830
Now AEM is 1538723.457040
Simulate added AEM is -0.008960, Now added AEM is 22156.495190
Approximate gate:350, Approximate area:729.000000
Accurate error is 1538723.457040, Area :729.000000, Delay: 15.400000, Gate: 350
Now running time: 2277
Change gate sum[9] with gate[162555]  , changed gate loc: 75,  sub gate loc: 208Inverter: 0
Simulate AEM is -8.356230
Now AEM is 1520011.812740
Simulate added AEM is -0.230400, Now added AEM is -18711.644300
Approximate gate:346, Approximate area:721.000000
Accurate error is 1520011.812740, Area :721.000000, Delay: 15.400000, Gate: 346
Now running time: 2290
Change gate [162540] with gate[162526]  , changed gate loc: 182,  sub gate loc: 165Inverter: 0
Simulate AEM is -9.093510
Now AEM is 1518244.753390
Simulate added AEM is -0.737280, Now added AEM is -1767.059350
Approximate gate:339, Approximate area:709.000000
Accurate error is 1518244.753390, Area :709.000000, Delay: 15.400000, Gate: 339
Now running time: 2302
Change gate sum[3] with gatea[6]  , changed gate loc: 69,  sub gate loc: 8Inverter: 0
Simulate AEM is -9.095430
Now AEM is 1550579.430950
Simulate added AEM is -0.001920, Now added AEM is 32334.677560
Approximate gate:336, Approximate area:702.000000
Accurate error is 1550579.430950, Area :702.000000, Delay: 15.400000, Gate: 336
Now running time: 2314
Change gate sum[3] with gatezero  , changed gate loc: 69,  sub gate loc: 0Inverter: 0
Simulate AEM is -9.096150
Now AEM is 1522795.754380
Simulate added AEM is -0.000720, Now added AEM is -27783.676570
Approximate gate:336, Approximate area:701.000000
Accurate error is 1522795.754380, Area :701.000000, Delay: 15.400000, Gate: 336
Now running time: 2326
Change gate sum[16] with gate[162610]  , changed gate loc: 82,  sub gate loc: 281Inverter: 0
Simulate AEM is -10.007810
Now AEM is 1534560.751890
Simulate added AEM is -0.911660, Now added AEM is 11764.997510
Approximate gate:330, Approximate area:687.000000
Accurate error is 1534560.751890, Area :687.000000, Delay: 15.400000, Gate: 330
Now running time: 2338
Change gate sum[2] with gatezero  , changed gate loc: 68,  sub gate loc: 0Inverter: 0
Simulate AEM is -10.007930
Now AEM is 1488847.483580
Simulate added AEM is -0.000120, Now added AEM is -45713.268310
Approximate gate:330, Approximate area:686.000000
Accurate error is 1488847.483580, Area :686.000000, Delay: 15.400000, Gate: 330
Now running time: 2350
The 0 choose is not good
Change gate sum[19] with gate[162590]  , changed gate loc: 85,  sub gate loc: 246Inverter: 1
Simulate AEM is -12.078350
Now AEM is 1506096.654260
Simulate added AEM is -2.070420, Now added AEM is 17249.170680
Approximate gate:327, Approximate area:679.000000
Accurate error is 1506096.654260, Area :679.000000, Delay: 14.300000, Gate: 327
Now running time: 2361
Change gate sum[12] with gatesum[13]  , changed gate loc: 78,  sub gate loc: 79Inverter: 0
Simulate AEM is -13.307150
Now AEM is 1533593.288530
Simulate added AEM is -1.228800, Now added AEM is 27496.634270
Approximate gate:325, Approximate area:674.000000
Accurate error is 1533593.288530, Area :674.000000, Delay: 14.300000, Gate: 325
Now running time: 2372
Change gate sum[14] with gate[163675]  , changed gate loc: 80,  sub gate loc: 236Inverter: 0
Simulate AEM is -13.962510
Now AEM is 1541128.977580
Simulate added AEM is -0.655360, Now added AEM is 7535.689050
Approximate gate:324, Approximate area:671.000000
Accurate error is 1541128.977580, Area :671.000000, Delay: 14.300000, Gate: 324
Now running time: 2383
Change gate sum[5] with gate[162623]  , changed gate loc: 71,  sub gate loc: 292Inverter: 0
Simulate AEM is -14.019790
Now AEM is 1547800.884090
Simulate added AEM is -0.057280, Now added AEM is 6671.906510
Approximate gate:323, Approximate area:669.000000
Accurate error is 1547800.884090, Area :669.000000, Delay: 14.300000, Gate: 323
Now running time: 2393
Change gate sum[12] with gateone  , changed gate loc: 78,  sub gate loc: 1Inverter: 0
Simulate AEM is -14.511310
Now AEM is 1586765.553000
Simulate added AEM is -0.491520, Now added AEM is 38964.668910
Approximate gate:323, Approximate area:668.000000
Accurate error is 1586765.553000, Area :668.000000, Delay: 14.300000, Gate: 323
Now running time: 2404
Change gate [162604] with gaten325  , changed gate loc: 270,  sub gate loc: 300Inverter: 0
Simulate AEM is -56.454350
Now AEM is 1529662.076690
Simulate added AEM is -41.943040, Now added AEM is -57103.476310
Approximate gate:313, Approximate area:646.000000
Accurate error is 1529662.076690, Area :646.000000, Delay: 14.300000, Gate: 313
Now running time: 2414
Change gate sum[17] with gateone  , changed gate loc: 83,  sub gate loc: 1Inverter: 0
Simulate AEM is -63.007950
Now AEM is 1555973.285990
Simulate added AEM is -6.553600, Now added AEM is 26311.209300
Approximate gate:311, Approximate area:640.000000
Accurate error is 1555973.285990, Area :640.000000, Delay: 14.300000, Gate: 311
Now running time: 2424
Change gate [162554] with gatezero  , changed gate loc: 202,  sub gate loc: 0Inverter: 0
Simulate AEM is -63.495070
Now AEM is 1537482.388310
Simulate added AEM is -0.487120, Now added AEM is -18490.897680
Approximate gate:309, Approximate area:634.000000
Accurate error is 1537482.388310, Area :634.000000, Delay: 14.300000, Gate: 309
Now running time: 2434
Change gate sum[13] with gate[162544]  , changed gate loc: 79,  sub gate loc: 191Inverter: 0
Simulate AEM is -67.181470
Now AEM is 1526991.314720
Simulate added AEM is -3.686400, Now added AEM is -10491.073590
Approximate gate:308, Approximate area:633.000000
Accurate error is 1526991.314720, Area :633.000000, Delay: 14.300000, Gate: 308
Now running time: 2444
Change gate [163382] with gate[162633]  , changed gate loc: 404,  sub gate loc: 314Inverter: 0
Simulate AEM is -73.950290
Now AEM is 2945063.921910
Simulate added AEM is -6.768820, Now added AEM is 1418072.607190
Approximate gate:304, Approximate area:624.000000
Accurate error is 2945063.921910, Area :624.000000, Delay: 14.300000, Gate: 304
Now running time: 2454
Change gate sum[15] with gatea[8]  , changed gate loc: 81,  sub gate loc: 10Inverter: 0
Simulate AEM is -75.291470
Now AEM is 2959320.425520
Simulate added AEM is -1.341180, Now added AEM is 14256.503610
Approximate gate:301, Approximate area:618.000000
Accurate error is 2959320.425520, Area :618.000000, Delay: 14.300000, Gate: 301
Now running time: 2463
Change gate [163652] with gate[162542]  , changed gate loc: 224,  sub gate loc: 184Inverter: 0
Simulate AEM is -83.148830
Now AEM is 3014726.574020
Simulate added AEM is -7.857360, Now added AEM is 55406.148500
Approximate gate:298, Approximate area:613.000000
Accurate error is 3014726.574020, Area :613.000000, Delay: 14.300000, Gate: 298
Now running time: 2474
The 0 choose is not good
Change gate sum[14] with gateone  , changed gate loc: 80,  sub gate loc: 1Inverter: 0
Simulate AEM is -94.289950
Now AEM is 2972709.523950
Simulate added AEM is -11.141120, Now added AEM is -42017.050070
Approximate gate:296, Approximate area:610.000000
Accurate error is 2972709.523950, Area :610.000000, Delay: 14.300000, Gate: 296
Now running time: 2485
Change gate [164207] with gate[162695]  , changed gate loc: 412,  sub gate loc: 405Inverter: 1
Simulate AEM is -98.718090
Now AEM is 3008740.981940
Simulate added AEM is -4.428140, Now added AEM is 36031.457990
Approximate gate:295, Approximate area:607.000000
Accurate error is 3008740.981940, Area :607.000000, Delay: 14.300000, Gate: 295
Now running time: 2495
The 0 choose is not good
Change gate n324 with gate[162563]  , changed gate loc: 241,  sub gate loc: 216Inverter: 0
Simulate AEM is -182.604170
Now AEM is 3044804.430570
Simulate added AEM is -83.886080, Now added AEM is 36063.448630
Approximate gate:287, Approximate area:589.000000
Accurate error is 3044804.430570, Area :589.000000, Delay: 14.300000, Gate: 287
Now running time: 2505
The 0 choose is not good
Change gate [162615] with gate[162622]  , changed gate loc: 286,  sub gate loc: 299Inverter: 0
Simulate AEM is -186.864210
Now AEM is 3066444.528180
Simulate added AEM is -4.260040, Now added AEM is 21640.097610
Approximate gate:285, Approximate area:583.000000
Accurate error is 3066444.528180, Area :583.000000, Delay: 14.300000, Gate: 285
Now running time: 2515
Change gate sum[9] with gatezero  , changed gate loc: 75,  sub gate loc: 0Inverter: 0
Simulate AEM is -187.483730
Now AEM is 3013391.297320
Simulate added AEM is -0.619520, Now added AEM is -53053.230860
Approximate gate:285, Approximate area:581.000000
Accurate error is 3013391.297320, Area :581.000000, Delay: 14.300000, Gate: 285
Now running time: 2525
Change gate sum[5] with gate[163303]  , changed gate loc: 71,  sub gate loc: 280Inverter: 0
Simulate AEM is -187.534290
Now AEM is 3013500.877950
Simulate added AEM is -0.050560, Now added AEM is 109.580630
Approximate gate:284, Approximate area:579.000000
Accurate error is 3013500.877950, Area :579.000000, Delay: 14.300000, Gate: 284
Now running time: 2534
Change gate [164215] with gate[161129]  , changed gate loc: 469,  sub gate loc: 523Inverter: 0
Simulate AEM is -198.371450
Now AEM is 3767981.757370
Simulate added AEM is -10.837160, Now added AEM is 754480.879420
Approximate gate:282, Approximate area:575.000000
Accurate error is 3767981.757370, Area :575.000000, Delay: 14.300000, Gate: 282
Now running time: 2543
The 0 choose is not good
Change gate sum[13] with gatesum[15]  , changed gate loc: 79,  sub gate loc: 81Inverter: 0
Simulate AEM is -201.566330
Now AEM is 3817785.723390
Simulate added AEM is -3.194880, Now added AEM is 49803.966020
Approximate gate:282, Approximate area:574.000000
Accurate error is 3817785.723390, Area :574.000000, Delay: 14.300000, Gate: 282
Now running time: 2553
The 0 choose is not good
The 1 choose is not good
The 2 choose is not good
Change gate sum[21] with gateb[9]  , changed gate loc: 87,  sub gate loc: 43Inverter: 1
Simulate AEM is -238.670850
Now AEM is 3804642.127170
Simulate added AEM is -37.104520, Now added AEM is -13143.596220
Approximate gate:281, Approximate area:571.000000
Accurate error is 3804642.127170, Area :571.000000, Delay: 14.300000, Gate: 281
Now running time: 2562
The 0 choose is not good
Change gate [163613] with gate[162645]  , changed gate loc: 348,  sub gate loc: 331Inverter: 0
Simulate AEM is -279.259570
Now AEM is 3935222.287360
Simulate added AEM is -40.588720, Now added AEM is 130580.160190
Approximate gate:278, Approximate area:566.000000
Accurate error is 3935222.287360, Area :566.000000, Delay: 14.300000, Gate: 278
Now running time: 2572
Change gate [162663] with gate[162589]  , changed gate loc: 351,  sub gate loc: 251Inverter: 1
Simulate AEM is -319.393630
Now AEM is 4027587.066850
Simulate added AEM is -40.134060, Now added AEM is 92364.779490
Approximate gate:273, Approximate area:554.000000
Accurate error is 4027587.066850, Area :554.000000, Delay: 14.300000, Gate: 273
Now running time: 2581
Change gate sum[19] with gateone  , changed gate loc: 85,  sub gate loc: 1Inverter: 0
Simulate AEM is -321.278130
Now AEM is 4046155.075290
Simulate added AEM is -1.884500, Now added AEM is 18568.008440
Approximate gate:270, Approximate area:546.000000
Accurate error is 4046155.075290, Area :546.000000, Delay: 14.300000, Gate: 270
Now running time: 2590
Change gate [162596] with gatezero  , changed gate loc: 273,  sub gate loc: 0Inverter: 0
Simulate AEM is -321.306290
Now AEM is 4153264.578020
Simulate added AEM is -0.028160, Now added AEM is 107109.502730
Approximate gate:270, Approximate area:545.000000
Accurate error is 4153264.578020, Area :545.000000, Delay: 14.300000, Gate: 270
Now running time: 2598
Change gate [162625] with gate[162599]  , changed gate loc: 294,  sub gate loc: 267Inverter: 0
Simulate AEM is -322.630110
Now AEM is 4195107.287920
Simulate added AEM is -1.323820, Now added AEM is 41842.709900
Approximate gate:267, Approximate area:540.000000
Accurate error is 4195107.287920, Area :540.000000, Delay: 14.300000, Gate: 267
Now running time: 2607
The 0 choose is not good
The 1 choose is not good
The 2 choose is not good
Change gate [162637] with gate[163293]  , changed gate loc: 318,  sub gate loc: 266Inverter: 0
Simulate AEM is -388.863510
Now AEM is 4183436.894200
Simulate added AEM is -66.233400, Now added AEM is -11670.393720
Approximate gate:265, Approximate area:536.000000
Accurate error is 4183436.894200, Area :536.000000, Delay: 14.300000, Gate: 265
Now running time: 2616
The 0 choose is not good
The 1 choose is not good
The 2 choose is not good
The 3 choose is not good
The 4 choose is not good
The 5 choose is not good
Change gate sum[13] with gateone  , changed gate loc: 79,  sub gate loc: 1Inverter: 0
Simulate AEM is -409.835030
Now AEM is 4208074.462320
Simulate added AEM is -20.971520, Now added AEM is 24637.568120
Approximate gate:265, Approximate area:535.000000
Accurate error is 4208074.462320, Area :535.000000, Delay: 14.300000, Gate: 265
Now running time: 2626
Change gate sum[15] with gatezero  , changed gate loc: 81,  sub gate loc: 0Inverter: 0
Simulate AEM is -417.371670
Now AEM is 4157419.572090
Simulate added AEM is -7.536640, Now added AEM is -50654.890230
Approximate gate:265, Approximate area:534.000000
Accurate error is 4157419.572090, Area :534.000000, Delay: 14.300000, Gate: 265
Now running time: 2635
Change gate sum[22] with gate[162644]  , changed gate loc: 88,  sub gate loc: 338Inverter: 1
Simulate AEM is -438.698210
Now AEM is 3989714.906410
Simulate added AEM is -21.326540, Now added AEM is -167704.665680
Approximate gate:264, Approximate area:530.000000
Accurate error is 3989714.906410, Area :530.000000, Delay: 14.300000, Gate: 264
Now running time: 2643
The 0 choose is not good
The 1 choose is not good
The 2 choose is not good
Change gate [162689] with gaten317  , changed gate loc: 384,  sub gate loc: 333Inverter: 1
Simulate AEM is -1351.941630
Now AEM is 4352740.863230
Simulate added AEM is -913.243420, Now added AEM is 363025.956820
Approximate gate:259, Approximate area:518.000000
Accurate error is 4352740.863230, Area :518.000000, Delay: 14.300000, Gate: 259
Now running time: 2652
The 0 choose is not good
The 1 choose is not good
The 2 choose is not good
The 3 choose is not good
The 4 choose is not good
The 5 choose is not good
The 6 choose is not good
The 7 choose is not good
The 8 choose is not good
The 9 choose is not good
Change gate [162604] with gate[162588]  , changed gate loc: 270,  sub gate loc: 250Inverter: 1
Simulate AEM is -1980.498070
Now AEM is 4421399.651580
Simulate added AEM is -628.556440, Now added AEM is 68658.788350
AEM Threshold: 4354066 Now AEM: 4.4214e+06
ALL running time: 2663
Error propagation matrix time: 173 with 178645 node
Error simulation time: 2379 with 4173321 node
Area time: 2
Whole find time: 2562
