Original Area:1128.000000, Original Delay:17.800000, Orignial Gate :513
Change gate [164351] with gateone  , changed gate loc: 485,  sub gate loc: 1Inverter: 0
Simulate AEM is 0.000000
Now AEM is 0.000000
Simulate added AEM is 0.000000, Now added AEM is 0.000000
Approximate gate:512, Approximate area:1124.000000
Accurate error is 0.000000, Area :1124.000000, Delay: 17.800000, Gate: 512
Now running time: 34
Change gate [164345] with gate[164331]  , changed gate loc: 413,  sub gate loc: 436Inverter: 0
Simulate AEM is 0.000000
Now AEM is 1342.177280
Simulate added AEM is 0.000000, Now added AEM is 1342.177280
Approximate gate:511, Approximate area:1121.000000
Accurate error is 1342.177280, Area :1121.000000, Delay: 17.800000, Gate: 511
Now running time: 68
Change gate [164347] with gateone  , changed gate loc: 448,  sub gate loc: 1Inverter: 0
Simulate AEM is 0.000000
Now AEM is 1342.177280
Simulate added AEM is 0.000000, Now added AEM is 0.000000
Approximate gate:510, Approximate area:1117.000000
Accurate error is 1342.177280, Area :1117.000000, Delay: 17.700000, Gate: 510
Now running time: 102
Change gate [164349] with gateone  , changed gate loc: 468,  sub gate loc: 1Inverter: 0
Simulate AEM is 0.000000
Now AEM is 1342.177280
Simulate added AEM is 0.000000, Now added AEM is 0.000000
Approximate gate:509, Approximate area:1113.000000
Accurate error is 1342.177280, Area :1113.000000, Delay: 17.700000, Gate: 509
Now running time: 135
Change gate [164353] with gateone  , changed gate loc: 505,  sub gate loc: 1Inverter: 0
Simulate AEM is 0.000000
Now AEM is 335.544320
Simulate added AEM is 0.000000, Now added AEM is -1006.632960
Approximate gate:508, Approximate area:1109.000000
Accurate error is 335.544320, Area :1109.000000, Delay: 17.700000, Gate: 508
Now running time: 168
Change gate [164343] with gate[164345]  , changed gate loc: 397,  sub gate loc: 413Inverter: 0
Simulate AEM is 0.000000
Now AEM is 671.088640
Simulate added AEM is 0.000000, Now added AEM is 335.544320
Approximate gate:507, Approximate area:1106.000000
Accurate error is 671.088640, Area :1106.000000, Delay: 17.700000, Gate: 507
Now running time: 200
Change gate [164341] with gateone  , changed gate loc: 377,  sub gate loc: 1Inverter: 0
Simulate AEM is 0.000000
Now AEM is 4739.563520
Simulate added AEM is 0.000000, Now added AEM is 4068.474880
Approximate gate:507, Approximate area:1103.000000
Accurate error is 4739.563520, Area :1103.000000, Delay: 17.700000, Gate: 507
Now running time: 232
Change gate [161060] with gatezero  , changed gate loc: 328,  sub gate loc: 0Inverter: 0
Simulate AEM is 0.000000
Now AEM is 3103.784960
Simulate added AEM is 0.000000, Now added AEM is -1635.778560
Approximate gate:507, Approximate area:1100.000000
Accurate error is 3103.784960, Area :1100.000000, Delay: 17.700000, Gate: 507
Now running time: 264
Change gate [161059] with gatezero  , changed gate loc: 310,  sub gate loc: 0Inverter: 0
Simulate AEM is 0.000000
Now AEM is 5704.253440
Simulate added AEM is 0.000000, Now added AEM is 2600.468480
Approximate gate:507, Approximate area:1097.000000
Accurate error is 5704.253440, Area :1097.000000, Delay: 17.700000, Gate: 507
Now running time: 296
Change gate [162809] with gateone  , changed gate loc: 540,  sub gate loc: 1Inverter: 0
Simulate AEM is 0.000000
Now AEM is 1363.148800
Simulate added AEM is 0.000000, Now added AEM is -4341.104640
Approximate gate:507, Approximate area:1095.000000
Accurate error is 1363.148800, Area :1095.000000, Delay: 17.700000, Gate: 507
Now running time: 328
Change gate [161061] with gatezero  , changed gate loc: 343,  sub gate loc: 0Inverter: 0
Simulate AEM is 0.000000
Now AEM is 1677.721600
Simulate added AEM is 0.000000, Now added AEM is 314.572800
Approximate gate:507, Approximate area:1092.000000
Accurate error is 1677.721600, Area :1092.000000, Delay: 17.700000, Gate: 507
Now running time: 359
Change gate [162822] with gate[162831]  , changed gate loc: 556,  sub gate loc: 574Inverter: 0
Simulate AEM is 0.000000
Now AEM is 26865.827840
Simulate added AEM is 0.000000, Now added AEM is 25188.106240
Approximate gate:506, Approximate area:1090.000000
Accurate error is 26865.827840, Area :1090.000000, Delay: 17.700000, Gate: 506
Now running time: 391
Change gate [164343] with gateone  , changed gate loc: 397,  sub gate loc: 1Inverter: 0
Simulate AEM is 0.000000
Now AEM is 43033.559040
Simulate added AEM is 0.000000, Now added AEM is 16167.731200
Approximate gate:506, Approximate area:1087.000000
Accurate error is 43033.559040, Area :1087.000000, Delay: 17.700000, Gate: 506
Now running time: 423
Change gate [162796] with gateone  , changed gate loc: 522,  sub gate loc: 1Inverter: 0
Simulate AEM is 0.000000
Now AEM is 43872.419840
Simulate added AEM is 0.000000, Now added AEM is 838.860800
Approximate gate:506, Approximate area:1085.000000
Accurate error is 43872.419840, Area :1085.000000, Delay: 17.700000, Gate: 506
Now running time: 455
Change gate [161062] with gatezero  , changed gate loc: 361,  sub gate loc: 0Inverter: 0
Simulate AEM is 0.000000
Now AEM is 2852.126720
Simulate added AEM is 0.000000, Now added AEM is -41020.293120
Approximate gate:506, Approximate area:1082.000000
Accurate error is 2852.126720, Area :1082.000000, Delay: 17.700000, Gate: 506
Now running time: 485
Change gate [162822] with gateone  , changed gate loc: 556,  sub gate loc: 1Inverter: 0
Simulate AEM is 0.000000
Now AEM is 5987.368960
Simulate added AEM is 0.000000, Now added AEM is 3135.242240
Approximate gate:506, Approximate area:1080.000000
Accurate error is 5987.368960, Area :1080.000000, Delay: 17.700000, Gate: 506
Now running time: 516
Change gate [163382] with gaten508  , changed gate loc: 404,  sub gate loc: 402Inverter: 0
Simulate AEM is 0.000000
Now AEM is 108058.378240
Simulate added AEM is 0.000000, Now added AEM is 102071.009280
Approximate gate:505, Approximate area:1079.000000
Accurate error is 108058.378240, Area :1079.000000, Delay: 17.700000, Gate: 505
Now running time: 546
Change gate [163449] with gaten504  , changed gate loc: 547,  sub gate loc: 545Inverter: 0
Simulate AEM is 0.000000
Now AEM is 64634.224640
Simulate added AEM is 0.000000, Now added AEM is -43424.153600
Approximate gate:504, Approximate area:1078.000000
Accurate error is 64634.224640, Area :1078.000000, Delay: 17.700000, Gate: 504
Now running time: 576
Change gate [163431] with gaten510  , changed gate loc: 513,  sub gate loc: 511Inverter: 0
Simulate AEM is 0.000000
Now AEM is 51065.651200
Simulate added AEM is 0.000000, Now added AEM is -13568.573440
Approximate gate:503, Approximate area:1077.000000
Accurate error is 51065.651200, Area :1077.000000, Delay: 17.700000, Gate: 503
Now running time: 605
Change gate [163373] with gaten499  , changed gate loc: 387,  sub gate loc: 385Inverter: 0
Simulate AEM is 0.000000
Now AEM is 883.425280
Simulate added AEM is 0.000000, Now added AEM is -50182.225920
Approximate gate:502, Approximate area:1076.000000
Accurate error is 883.425280, Area :1076.000000, Delay: 17.700000, Gate: 502
Now running time: 635
Change gate [163391] with gaten502  , changed gate loc: 422,  sub gate loc: 420Inverter: 0
Simulate AEM is 0.000000
Now AEM is 33722.204160
Simulate added AEM is 0.000000, Now added AEM is 32838.778880
Approximate gate:501, Approximate area:1075.000000
Accurate error is 33722.204160, Area :1075.000000, Delay: 17.700000, Gate: 501
Now running time: 664
Change gate [162693] with gate[163382]  , changed gate loc: 386,  sub gate loc: 404Inverter: 1
Simulate AEM is 0.000000
Now AEM is 55136.747520
Simulate added AEM is 0.000000, Now added AEM is 21414.543360
Approximate gate:500, Approximate area:1074.000000
Accurate error is 55136.747520, Area :1074.000000, Delay: 17.700000, Gate: 500
Now running time: 693
Change gate [162706] with gate[162693]  , changed gate loc: 403,  sub gate loc: 386Inverter: 0
Simulate AEM is 0.000000
Now AEM is 62.914560
Simulate added AEM is 0.000000, Now added AEM is -55073.832960
Approximate gate:499, Approximate area:1072.000000
Accurate error is 62.914560, Area :1072.000000, Delay: 17.700000, Gate: 499
Now running time: 722
Change gate [163470] with gaten491  , changed gate loc: 443,  sub gate loc: 441Inverter: 0
Simulate AEM is 0.000000
Now AEM is 67298.918400
Simulate added AEM is 0.000000, Now added AEM is 67236.003840
Approximate gate:498, Approximate area:1071.000000
Accurate error is 67298.918400, Area :1071.000000, Delay: 17.700000, Gate: 498
Now running time: 750
Change gate [163413] with gaten507  , changed gate loc: 476,  sub gate loc: 474Inverter: 0
Simulate AEM is 0.000000
Now AEM is 55218.012160
Simulate added AEM is 0.000000, Now added AEM is -12080.906240
Approximate gate:497, Approximate area:1070.000000
Accurate error is 55218.012160, Area :1070.000000, Delay: 17.700000, Gate: 497
Now running time: 778
Change gate [162719] with gate[163470]  , changed gate loc: 421,  sub gate loc: 443Inverter: 1
Simulate AEM is 0.000000
Now AEM is 53726.412800
Simulate added AEM is 0.000000, Now added AEM is -1491.599360
Approximate gate:497, Approximate area:1069.000000
Accurate error is 53726.412800, Area :1069.000000, Delay: 17.700000, Gate: 497
Now running time: 806
Change gate [162732] with gate[162719]  , changed gate loc: 442,  sub gate loc: 421Inverter: 0
Simulate AEM is 0.000000
Now AEM is 28565.831680
Simulate added AEM is 0.000000, Now added AEM is -25160.581120
Approximate gate:495, Approximate area:1067.000000
Accurate error is 28565.831680, Area :1067.000000, Delay: 17.700000, Gate: 495
Now running time: 835
Change gate [163440] with gaten505  , changed gate loc: 530,  sub gate loc: 528Inverter: 0
Simulate AEM is 0.000000
Now AEM is 1447.034880
Simulate added AEM is 0.000000, Now added AEM is -27118.796800
Approximate gate:494, Approximate area:1066.000000
Accurate error is 1447.034880, Area :1066.000000, Delay: 17.700000, Gate: 494
Now running time: 864
Change gate [163457] with gaten503  , changed gate loc: 564,  sub gate loc: 562Inverter: 0
Simulate AEM is 0.000000
Now AEM is 16779.837440
Simulate added AEM is 0.000000, Now added AEM is 15332.802560
Approximate gate:493, Approximate area:1065.000000
Accurate error is 16779.837440, Area :1065.000000, Delay: 17.700000, Gate: 493
Now running time: 892
Change gate [162797] with gate[163449]  , changed gate loc: 529,  sub gate loc: 547Inverter: 1
Simulate AEM is 0.000000
Now AEM is 44632.637440
Simulate added AEM is 0.000000, Now added AEM is 27852.800000
Approximate gate:492, Approximate area:1063.000000
Accurate error is 44632.637440, Area :1063.000000, Delay: 17.700000, Gate: 492
Now running time: 920
Change gate [162810] with gate[162797]  , changed gate loc: 546,  sub gate loc: 529Inverter: 0
Simulate AEM is 0.000000
Now AEM is 5371.330560
Simulate added AEM is 0.000000, Now added AEM is -39261.306880
Approximate gate:490, Approximate area:1060.000000
Accurate error is 5371.330560, Area :1060.000000, Delay: 17.700000, Gate: 490
Now running time: 947
Change gate [163422] with gaten506  , changed gate loc: 495,  sub gate loc: 493Inverter: 0
Simulate AEM is 0.000000
Now AEM is 49671.045120
Simulate added AEM is 0.000000, Now added AEM is 44299.714560
Approximate gate:489, Approximate area:1059.000000
Accurate error is 49671.045120, Area :1059.000000, Delay: 17.700000, Gate: 489
Now running time: 975
Change gate [163404] with gaten498  , changed gate loc: 458,  sub gate loc: 456Inverter: 0
Simulate AEM is 0.000000
Now AEM is 75581.358080
Simulate added AEM is 0.000000, Now added AEM is 25910.312960
Approximate gate:488, Approximate area:1058.000000
Accurate error is 75581.358080, Area :1058.000000, Delay: 17.700000, Gate: 488
Now running time: 1002
Change gate [162745] with gate[163413]  , changed gate loc: 457,  sub gate loc: 476Inverter: 1
Simulate AEM is 0.000000
Now AEM is 42954.915840
Simulate added AEM is 0.000000, Now added AEM is -32626.442240
Approximate gate:487, Approximate area:1057.000000
Accurate error is 42954.915840, Area :1057.000000, Delay: 17.700000, Gate: 487
Now running time: 1029
Change gate [162758] with gate[162745]  , changed gate loc: 475,  sub gate loc: 457Inverter: 0
Simulate AEM is 0.000000
Now AEM is 16525.557760
Simulate added AEM is 0.000000, Now added AEM is -26429.358080
Approximate gate:485, Approximate area:1055.000000
Accurate error is 16525.557760, Area :1055.000000, Delay: 17.700000, Gate: 485
Now running time: 1055
Change gate [162771] with gate[163431]  , changed gate loc: 494,  sub gate loc: 513Inverter: 1
Simulate AEM is 0.000000
Now AEM is 44648.366080
Simulate added AEM is 0.000000, Now added AEM is 28122.808320
Approximate gate:484, Approximate area:1054.000000
Accurate error is 44648.366080, Area :1054.000000, Delay: 17.700000, Gate: 484
Now running time: 1082
Change gate [162784] with gate[162771]  , changed gate loc: 512,  sub gate loc: 494Inverter: 0
Simulate AEM is 0.000000
Now AEM is 98148.024320
Simulate added AEM is 0.000000, Now added AEM is 53499.658240
Approximate gate:482, Approximate area:1052.000000
Accurate error is 98148.024320, Area :1052.000000, Delay: 17.700000, Gate: 482
Now running time: 1107
Change gate sum[0] with gate[162485]  , changed gate loc: 66,  sub gate loc: 104Inverter: 0
Simulate AEM is 0.249050
Now AEM is 51339.841350
Simulate added AEM is 0.249050, Now added AEM is -46808.182970
Approximate gate:479, Approximate area:1046.000000
Accurate error is 51339.841350, Area :1046.000000, Delay: 17.700000, Gate: 479
Now running time: 1132
Change gate [162494] with gate[162487]  , changed gate loc: 119,  sub gate loc: 106Inverter: 0
Simulate AEM is -0.027830
Now AEM is 21478.971470
Simulate added AEM is -0.276880, Now added AEM is -29860.869880
Approximate gate:478, Approximate area:1044.000000
Accurate error is 21478.971470, Area :1044.000000, Delay: 17.700000, Gate: 478
Now running time: 1163
Change gate [162500] with gate[162508]  , changed gate loc: 131,  sub gate loc: 140Inverter: 0
Simulate AEM is -0.073590
Now AEM is 44313.068410
Simulate added AEM is -0.045760, Now added AEM is 22834.096940
Approximate gate:475, Approximate area:1038.000000
Accurate error is 44313.068410, Area :1038.000000, Delay: 17.700000, Gate: 475
Now running time: 1197
Change gate [162489] with gateone  , changed gate loc: 111,  sub gate loc: 1Inverter: 0
Simulate AEM is -0.140990
Now AEM is 12578.475790
Simulate added AEM is -0.067400, Now added AEM is -31734.592620
Approximate gate:475, Approximate area:1036.000000
Accurate error is 12578.475790, Area :1036.000000, Delay: 17.700000, Gate: 475
Now running time: 1226
Change gate [162562] with gate[162560]  , changed gate loc: 213,  sub gate loc: 211Inverter: 0
Simulate AEM is -0.151230
Now AEM is 1385.315590
Simulate added AEM is -0.010240, Now added AEM is -11193.160200
Approximate gate:473, Approximate area:1030.000000
Accurate error is 1385.315590, Area :1030.000000, Delay: 17.700000, Gate: 473
Now running time: 1255
Change gate [162530] with gate[162505]  , changed gate loc: 164,  sub gate loc: 134Inverter: 0
Simulate AEM is -0.152510
Now AEM is 422.223390
Simulate added AEM is -0.001280, Now added AEM is -963.092200
Approximate gate:472, Approximate area:1027.000000
Accurate error is 422.223390, Area :1027.000000, Delay: 17.700000, Gate: 472
Now running time: 1282
Change gate sum[3] with gate[162522]  , changed gate loc: 69,  sub gate loc: 157Inverter: 0
Simulate AEM is -0.153230
Now AEM is 3207.255820
Simulate added AEM is -0.000720, Now added AEM is 2785.032430
Approximate gate:471, Approximate area:1023.000000
Accurate error is 3207.255820, Area :1023.000000, Delay: 17.700000, Gate: 471
Now running time: 1308
Change gate sum[1] with gate[162496]  , changed gate loc: 67,  sub gate loc: 118Inverter: 0
Simulate AEM is -0.153270
Now AEM is 414.423830
Simulate added AEM is -0.000040, Now added AEM is -2792.831990
Approximate gate:469, Approximate area:1018.000000
Accurate error is 414.423830, Area :1018.000000, Delay: 17.700000, Gate: 469
Now running time: 1332
Change gate sum[4] with gate[162511]  , changed gate loc: 70,  sub gate loc: 143Inverter: 0
Simulate AEM is -0.158870
Now AEM is 53847.108660
Simulate added AEM is -0.005600, Now added AEM is 53432.684830
Approximate gate:467, Approximate area:1013.000000
Accurate error is 53847.108660, Area :1013.000000, Delay: 17.700000, Gate: 467
Now running time: 1357
Change gate sum[5] with gate[161158]  , changed gate loc: 71,  sub gate loc: 329Inverter: 0
Simulate AEM is -0.159510
Now AEM is 12566.869940
Simulate added AEM is -0.000640, Now added AEM is -41280.238720
Approximate gate:465, Approximate area:1008.000000
Accurate error is 12566.869940, Area :1008.000000, Delay: 17.700000, Gate: 465
Now running time: 1382
Change gate sum[2] with gaten310  , changed gate loc: 68,  sub gate loc: 156Inverter: 1
Simulate AEM is -0.159550
Now AEM is 8458.084770
Simulate added AEM is -0.000040, Now added AEM is -4108.785170
Approximate gate:465, Approximate area:1005.000000
Accurate error is 8458.084770, Area :1005.000000, Delay: 17.700000, Gate: 465
Now running time: 1408
Change gate sum[2] with gate[162510]  , changed gate loc: 68,  sub gate loc: 137Inverter: 0
Simulate AEM is -0.159670
Now AEM is 50168.040670
Simulate added AEM is -0.000120, Now added AEM is 41709.955900
Approximate gate:464, Approximate area:1004.000000
Accurate error is 50168.040670, Area :1004.000000, Delay: 17.700000, Gate: 464
Now running time: 1433
Change gate sum[6] with gate[163631]  , changed gate loc: 72,  sub gate loc: 142Inverter: 0
Simulate AEM is -0.160950
Now AEM is 3295.434860
Simulate added AEM is -0.001280, Now added AEM is -46872.605810
Approximate gate:462, Approximate area:999.000000
Accurate error is 3295.434860, Area :999.000000, Delay: 17.700000, Gate: 462
Now running time: 1458
Change gate sum[7] with gate[162493]  , changed gate loc: 73,  sub gate loc: 116Inverter: 0
Simulate AEM is -0.162230
Now AEM is 115913.413670
Simulate added AEM is -0.001280, Now added AEM is 112617.978810
Approximate gate:460, Approximate area:994.000000
Accurate error is 115913.413670, Area :994.000000, Delay: 17.700000, Gate: 460
Now running time: 1482
Change gate sum[2] with gate[163186]  , changed gate loc: 68,  sub gate loc: 117Inverter: 0
Simulate AEM is -0.163110
Now AEM is 49827.121860
Simulate added AEM is -0.000880, Now added AEM is -66086.291810
Approximate gate:459, Approximate area:992.000000
Accurate error is 49827.121860, Area :992.000000, Delay: 17.700000, Gate: 459
Now running time: 1506
Change gate [162550] with gateone  , changed gate loc: 190,  sub gate loc: 1Inverter: 0
Simulate AEM is -0.168230
Now AEM is 7637.376630
Simulate added AEM is -0.005120, Now added AEM is -42189.745230
Approximate gate:459, Approximate area:989.000000
Accurate error is 7637.376630, Area :989.000000, Delay: 17.700000, Gate: 459
Now running time: 1530
Change gate [162488] with gatea[2]  , changed gate loc: 108,  sub gate loc: 4Inverter: 0
Simulate AEM is -0.170730
Now AEM is 32838.604160
Simulate added AEM is -0.002500, Now added AEM is 25201.227530
Approximate gate:458, Approximate area:985.000000
Accurate error is 32838.604160, Area :985.000000, Delay: 17.700000, Gate: 458
Now running time: 1553
Change gate [162651] with gate[162605]  , changed gate loc: 327,  sub gate loc: 264Inverter: 0
Simulate AEM is -0.172650
Now AEM is 34399.086230
Simulate added AEM is -0.001920, Now added AEM is 1560.482070
Approximate gate:457, Approximate area:982.000000
Accurate error is 34399.086230, Area :982.000000, Delay: 17.700000, Gate: 457
Now running time: 1576
Change gate [162521] with gate[162492]  , changed gate loc: 153,  sub gate loc: 114Inverter: 0
Simulate AEM is -0.173610
Now AEM is 6657.683240
Simulate added AEM is -0.000960, Now added AEM is -27741.402990
Approximate gate:456, Approximate area:980.000000
Accurate error is 6657.683240, Area :980.000000, Delay: 17.700000, Gate: 456
Now running time: 1599
Change gate n370 with gate[162512]  , changed gate loc: 128,  sub gate loc: 138Inverter: 0
Simulate AEM is -0.176170
Now AEM is 2932.529150
Simulate added AEM is -0.002560, Now added AEM is -3725.154090
Approximate gate:453, Approximate area:974.000000
Accurate error is 2932.529150, Area :974.000000, Delay: 17.700000, Gate: 453
Now running time: 1622
Change gate [163176] with gateone  , changed gate loc: 113,  sub gate loc: 1Inverter: 0
Simulate AEM is -0.178970
Now AEM is 3569.996490
Simulate added AEM is -0.002800, Now added AEM is 637.467340
Approximate gate:451, Approximate area:969.000000
Accurate error is 3569.996490, Area :969.000000, Delay: 17.700000, Gate: 451
Now running time: 1644
Change gate sum[3] with gate[162562]  , changed gate loc: 69,  sub gate loc: 213Inverter: 0
Simulate AEM is -0.180170
Now AEM is 993.574240
Simulate added AEM is -0.001200, Now added AEM is -2576.422250
Approximate gate:449, Approximate area:966.000000
Accurate error is 993.574240, Area :966.000000, Delay: 17.700000, Gate: 449
Now running time: 1668
Change gate sum[9] with gatea[0]  , changed gate loc: 75,  sub gate loc: 2Inverter: 1
Simulate AEM is -0.185290
Now AEM is 1104.048460
Simulate added AEM is -0.005120, Now added AEM is 110.474220
Approximate gate:446, Approximate area:959.000000
Accurate error is 1104.048460, Area :959.000000, Delay: 17.700000, Gate: 446
Now running time: 1691
Change gate sum[8] with gate[162583]  , changed gate loc: 74,  sub gate loc: 238Inverter: 1
Simulate AEM is -0.187850
Now AEM is 44430.413500
Simulate added AEM is -0.002560, Now added AEM is 43326.365040
Approximate gate:445, Approximate area:955.000000
Accurate error is 44430.413500, Area :955.000000, Delay: 17.700000, Gate: 445
Now running time: 1715
Change gate sum[5] with gate[164211]  , changed gate loc: 71,  sub gate loc: 449Inverter: 0
Simulate AEM is -0.188490
Now AEM is 9678.489910
Simulate added AEM is -0.000640, Now added AEM is -34751.923590
Approximate gate:443, Approximate area:952.000000
Accurate error is 9678.489910, Area :952.000000, Delay: 17.700000, Gate: 443
Now running time: 1737
Change gate [162583] with gate[162514]  , changed gate loc: 238,  sub gate loc: 148Inverter: 1
Simulate AEM is -0.198730
Now AEM is 55455.505260
Simulate added AEM is -0.010240, Now added AEM is 45777.015350
Approximate gate:443, Approximate area:950.000000
Accurate error is 55455.505260, Area :950.000000, Delay: 17.700000, Gate: 443
Now running time: 1761
Change gate sum[11] with gate[162578]  , changed gate loc: 77,  sub gate loc: 240Inverter: 0
Simulate AEM is -0.219210
Now AEM is 4843.000800
Simulate added AEM is -0.020480, Now added AEM is -50612.504460
Approximate gate:439, Approximate area:939.000000
Accurate error is 4843.000800, Area :939.000000, Delay: 17.700000, Gate: 439
Now running time: 1782
Change gate sum[3] with gateone  , changed gate loc: 69,  sub gate loc: 1Inverter: 0
Simulate AEM is -0.292170
Now AEM is 67553.087850
Simulate added AEM is -0.072960, Now added AEM is 62710.087050
Approximate gate:437, Approximate area:930.000000
Accurate error is 67553.087850, Area :930.000000, Delay: 17.700000, Gate: 437
Now running time: 1802
Change gate sum[0] with gatesum[9]  , changed gate loc: 66,  sub gate loc: 75Inverter: 0
Simulate AEM is -0.292680
Now AEM is 85021.617340
Simulate added AEM is -0.000510, Now added AEM is 17468.529490
Approximate gate:437, Approximate area:929.000000
Accurate error is 85021.617340, Area :929.000000, Delay: 17.700000, Gate: 437
Now running time: 1823
Change gate sum[7] with gate[162501]  , changed gate loc: 73,  sub gate loc: 126Inverter: 0
Simulate AEM is -0.333040
Now AEM is 8981.763890
Simulate added AEM is -0.040360, Now added AEM is -76039.853450
Approximate gate:434, Approximate area:923.000000
Accurate error is 8981.763890, Area :923.000000, Delay: 17.700000, Gate: 434
Now running time: 1843
Change gate sum[14] with gate[162577]  , changed gate loc: 80,  sub gate loc: 239Inverter: 0
Simulate AEM is -0.496880
Now AEM is 32873.467760
Simulate added AEM is -0.163840, Now added AEM is 23891.703870
Approximate gate:428, Approximate area:909.000000
Accurate error is 32873.467760, Area :909.000000, Delay: 17.700000, Gate: 428
Now running time: 1863
Change gate sum[8] with gate[162525]  , changed gate loc: 74,  sub gate loc: 161Inverter: 0
Simulate AEM is -0.502000
Now AEM is 36427.308270
Simulate added AEM is -0.005120, Now added AEM is 3553.840510
Approximate gate:427, Approximate area:908.000000
Accurate error is 36427.308270, Area :908.000000, Delay: 17.700000, Gate: 427
Now running time: 1882
Change gate sum[12] with gaten547  , changed gate loc: 78,  sub gate loc: 287Inverter: 0
Simulate AEM is -0.583920
Now AEM is 52961.912230
Simulate added AEM is -0.081920, Now added AEM is 16534.603960
Approximate gate:423, Approximate area:899.000000
Accurate error is 52961.912230, Area :899.000000, Delay: 17.700000, Gate: 423
Now running time: 1901
Change gate [163586] with gate[162488]  , changed gate loc: 121,  sub gate loc: 108Inverter: 0
Simulate AEM is -0.599760
Now AEM is 31234.776350
Simulate added AEM is -0.015840, Now added AEM is -21727.135880
Approximate gate:418, Approximate area:893.000000
Accurate error is 31234.776350, Area :893.000000, Delay: 17.700000, Gate: 418
Now running time: 1920
Change gate n582 with gate[162579]  , changed gate loc: 352,  sub gate loc: 235Inverter: 0
Simulate AEM is -0.764880
Now AEM is 268904.899300
Simulate added AEM is -0.165120, Now added AEM is 237670.122950
Approximate gate:412, Approximate area:881.000000
Accurate error is 268904.899300, Area :881.000000, Delay: 17.700000, Gate: 412
Now running time: 1938
Change gate sum[4] with gatea[3]  , changed gate loc: 70,  sub gate loc: 5Inverter: 0
Simulate AEM is -0.769360
Now AEM is 274590.816190
Simulate added AEM is -0.004480, Now added AEM is 5685.916890
Approximate gate:412, Approximate area:879.000000
Accurate error is 274590.816190, Area :879.000000, Delay: 17.700000, Gate: 412
Now running time: 1955
Change gate sum[7] with gatea[3]  , changed gate loc: 73,  sub gate loc: 5Inverter: 1
Simulate AEM is -0.771400
Now AEM is 321325.951520
Simulate added AEM is -0.002040, Now added AEM is 46735.135330
Approximate gate:412, Approximate area:878.000000
Accurate error is 321325.951520, Area :878.000000, Delay: 17.700000, Gate: 412
Now running time: 1973
Change gate [163189] with gateb[2]  , changed gate loc: 123,  sub gate loc: 36Inverter: 1
Simulate AEM is -0.812360
Now AEM is 289721.390760
Simulate added AEM is -0.040960, Now added AEM is -31604.560760
Approximate gate:411, Approximate area:875.000000
Accurate error is 289721.390760, Area :875.000000, Delay: 17.700000, Gate: 411
Now running time: 1990
Change gate sum[0] with gatezero  , changed gate loc: 66,  sub gate loc: 0Inverter: 0
Simulate AEM is -0.813210
Now AEM is 272253.866800
Simulate added AEM is -0.000850, Now added AEM is -17467.523960
Approximate gate:411, Approximate area:874.000000
Accurate error is 272253.866800, Area :874.000000, Delay: 17.700000, Gate: 411
Now running time: 2008
Change gate [162531] with gatesum[4]  , changed gate loc: 170,  sub gate loc: 70Inverter: 0
Simulate AEM is -0.895130
Now AEM is 267854.056480
Simulate added AEM is -0.081920, Now added AEM is -4399.810320
Approximate gate:408, Approximate area:867.000000
Accurate error is 267854.056480, Area :867.000000, Delay: 17.700000, Gate: 408
Now running time: 2025
Change gate n543 with gate[162542]  , changed gate loc: 256,  sub gate loc: 184Inverter: 1
Simulate AEM is -0.977050
Now AEM is 313157.342350
Simulate added AEM is -0.081920, Now added AEM is 45303.285870
Approximate gate:405, Approximate area:858.000000
Accurate error is 313157.342350, Area :858.000000, Delay: 17.700000, Gate: 405
Now running time: 2042
Change gate sum[1] with gatezero  , changed gate loc: 67,  sub gate loc: 0Inverter: 0
Simulate AEM is -0.978030
Now AEM is 299823.901790
Simulate added AEM is -0.000980, Now added AEM is -13333.440560
Approximate gate:401, Approximate area:849.000000
Accurate error is 299823.901790, Area :849.000000, Delay: 17.700000, Gate: 401
Now running time: 2059
Change gate sum[10] with gate[162507]  , changed gate loc: 76,  sub gate loc: 135Inverter: 0
Simulate AEM is -0.988270
Now AEM is 277711.313260
Simulate added AEM is -0.010240, Now added AEM is -22112.588530
Approximate gate:399, Approximate area:844.000000
Accurate error is 277711.313260, Area :844.000000, Delay: 17.700000, Gate: 399
Now running time: 2076
Change gate sum[6] with gate[164691]  , changed gate loc: 72,  sub gate loc: 260Inverter: 0
Simulate AEM is -0.988910
Now AEM is 276005.325790
Simulate added AEM is -0.000640, Now added AEM is -1705.987470
Approximate gate:396, Approximate area:839.000000
Accurate error is 276005.325790, Area :839.000000, Delay: 17.700000, Gate: 396
Now running time: 2092
Change gate [164161] with gatesum[19]  , changed gate loc: 279,  sub gate loc: 85Inverter: 0
Simulate AEM is -1.029870
Now AEM is 275593.210890
Simulate added AEM is -0.040960, Now added AEM is -412.114900
Approximate gate:394, Approximate area:833.000000
Accurate error is 275593.210890, Area :833.000000, Delay: 17.700000, Gate: 394
Now running time: 2108
Change gate sum[6] with gate[163857]  , changed gate loc: 72,  sub gate loc: 144Inverter: 0
Simulate AEM is -1.082990
Now AEM is 368156.777470
Simulate added AEM is -0.053120, Now added AEM is 92563.566580
Approximate gate:393, Approximate area:831.000000
Accurate error is 368156.777470, Area :831.000000, Delay: 17.700000, Gate: 393
Now running time: 2125
Change gate [164667] with gate[162587]  , changed gate loc: 306,  sub gate loc: 259Inverter: 0
Simulate AEM is -1.149170
Now AEM is 334806.140230
Simulate added AEM is -0.066180, Now added AEM is -33350.637240
Approximate gate:392, Approximate area:829.000000
Accurate error is 334806.140230, Area :829.000000, Delay: 17.700000, Gate: 392
Now running time: 2141
Change gate sum[13] with gateb[2]  , changed gate loc: 79,  sub gate loc: 36Inverter: 0
Simulate AEM is -1.313010
Now AEM is 289317.510670
Simulate added AEM is -0.163840, Now added AEM is -45488.629560
Approximate gate:391, Approximate area:826.000000
Accurate error is 289317.510670, Area :826.000000, Delay: 17.700000, Gate: 391
Now running time: 2157
Change gate sum[2] with gateone  , changed gate loc: 68,  sub gate loc: 1Inverter: 0
Simulate AEM is -1.315690
Now AEM is 279806.036160
Simulate added AEM is -0.002680, Now added AEM is -9511.474510
Approximate gate:391, Approximate area:825.000000
Accurate error is 279806.036160, Area :825.000000, Delay: 17.700000, Gate: 391
Now running time: 2172
Change gate sum[17] with gate[162758]  , changed gate loc: 83,  sub gate loc: 475Inverter: 0
Simulate AEM is -1.433810
Now AEM is 327853.453350
Simulate added AEM is -0.118120, Now added AEM is 48047.417190
Approximate gate:381, Approximate area:803.000000
Accurate error is 327853.453350, Area :803.000000, Delay: 15.900000, Gate: 381
Now running time: 2188
Change gate sum[12] with gatezero  , changed gate loc: 78,  sub gate loc: 0Inverter: 0
Simulate AEM is -1.475030
Now AEM is 377305.345650
Simulate added AEM is -0.041220, Now added AEM is 49451.892300
Approximate gate:379, Approximate area:798.000000
Accurate error is 377305.345650, Area :798.000000, Delay: 15.900000, Gate: 379
Now running time: 2202
Change gate sum[10] with gatea[5]  , changed gate loc: 76,  sub gate loc: 7Inverter: 0
Simulate AEM is -1.741270
Now AEM is 326852.897450
Simulate added AEM is -0.266240, Now added AEM is -50452.448200
Approximate gate:377, Approximate area:793.000000
Accurate error is 326852.897450, Area :793.000000, Delay: 15.900000, Gate: 377
Now running time: 2216
Change gate n308 with gateb[4]  , changed gate loc: 181,  sub gate loc: 38Inverter: 1
Simulate AEM is -2.396630
Now AEM is 318340.675780
Simulate added AEM is -0.655360, Now added AEM is -8512.221670
Approximate gate:375, Approximate area:787.000000
Accurate error is 318340.675780, Area :787.000000, Delay: 15.900000, Gate: 375
Now running time: 2230
Change gate sum[8] with gate[162535]  , changed gate loc: 74,  sub gate loc: 179Inverter: 0
Simulate AEM is -2.442710
Now AEM is 312157.449870
Simulate added AEM is -0.046080, Now added AEM is -6183.225910
Approximate gate:372, Approximate area:781.000000
Accurate error is 312157.449870, Area :781.000000, Delay: 15.900000, Gate: 372
Now running time: 2244
Change gate [162540] with gatesum[9]  , changed gate loc: 182,  sub gate loc: 75Inverter: 0
Simulate AEM is -3.098070
Now AEM is 311410.732540
Simulate added AEM is -0.655360, Now added AEM is -746.717330
Approximate gate:365, Approximate area:766.000000
Accurate error is 311410.732540, Area :766.000000, Delay: 15.900000, Gate: 365
Now running time: 2258
Change gate n592 with gate[162575]  , changed gate loc: 368,  sub gate loc: 231Inverter: 1
Simulate AEM is -3.960150
Now AEM is 726277.703810
Simulate added AEM is -0.862080, Now added AEM is 414866.971270
Approximate gate:359, Approximate area:754.000000
Accurate error is 726277.703810, Area :754.000000, Delay: 15.600000, Gate: 359
Now running time: 2272
Change gate sum[4] with gatezero  , changed gate loc: 70,  sub gate loc: 0Inverter: 0
Simulate AEM is -3.979350
Now AEM is 678606.463440
Simulate added AEM is -0.019200, Now added AEM is -47671.240370
Approximate gate:359, Approximate area:753.000000
Accurate error is 678606.463440, Area :753.000000, Delay: 15.600000, Gate: 359
Now running time: 2285
Change gate sum[6] with gatezero  , changed gate loc: 72,  sub gate loc: 0Inverter: 0
Simulate AEM is -4.081750
Now AEM is 679120.793740
Simulate added AEM is -0.102400, Now added AEM is 514.330300
Approximate gate:359, Approximate area:752.000000
Accurate error is 679120.793740, Area :752.000000, Delay: 15.600000, Gate: 359
Now running time: 2298
Change gate n549 with gaten318  , changed gate loc: 302,  sub gate loc: 210Inverter: 0
Simulate AEM is -4.737110
Now AEM is 684047.846570
Simulate added AEM is -0.655360, Now added AEM is 4927.052830
Approximate gate:354, Approximate area:742.000000
Accurate error is 684047.846570, Area :742.000000, Delay: 15.600000, Gate: 354
Now running time: 2311
Change gate [163373] with gate[162556]  , changed gate loc: 387,  sub gate loc: 209Inverter: 1
Simulate AEM is -8.205550
Now AEM is 1001496.155630
Simulate added AEM is -3.468440, Now added AEM is 317448.309060
Approximate gate:340, Approximate area:711.000000
Accurate error is 1001496.155630, Area :711.000000, Delay: 15.600000, Gate: 340
Now running time: 2323
Change gate [164201] with gate[162684]  , changed gate loc: 396,  sub gate loc: 379Inverter: 0
Simulate AEM is -8.621650
Now AEM is 1724269.152420
Simulate added AEM is -0.416100, Now added AEM is 722772.996790
Approximate gate:338, Approximate area:707.000000
Accurate error is 1724269.152420, Area :707.000000, Delay: 15.600000, Gate: 338
Now running time: 2335
Change gate sum[22] with gate[162625]  , changed gate loc: 88,  sub gate loc: 294Inverter: 0
Simulate AEM is -9.979930
Now AEM is 2592106.338790
Simulate added AEM is -1.358280, Now added AEM is 867837.186370
Approximate gate:337, Approximate area:703.000000
Accurate error is 2592106.338790, Area :703.000000, Delay: 15.600000, Gate: 337
Now running time: 2348
Change gate sum[7] with gatezero  , changed gate loc: 73,  sub gate loc: 0Inverter: 0
Simulate AEM is -9.999130
Now AEM is 2532818.979470
Simulate added AEM is -0.019200, Now added AEM is -59287.359320
Approximate gate:337, Approximate area:702.000000
Accurate error is 2532818.979470, Area :702.000000, Delay: 15.600000, Gate: 337
Now running time: 2361
Change gate sum[21] with gate[162702]  , changed gate loc: 87,  sub gate loc: 401Inverter: 1
Simulate AEM is -10.662470
Now AEM is 2586220.506140
Simulate added AEM is -0.663340, Now added AEM is 53401.526670
Approximate gate:332, Approximate area:689.000000
Accurate error is 2586220.506140, Area :689.000000, Delay: 15.600000, Gate: 332
Now running time: 2375
Change gate sum[15] with gate[162565]  , changed gate loc: 81,  sub gate loc: 217Inverter: 0
Simulate AEM is -10.990150
Now AEM is 2592527.308810
Simulate added AEM is -0.327680, Now added AEM is 6306.802670
Approximate gate:330, Approximate area:684.000000
Accurate error is 2592527.308810, Area :684.000000, Delay: 15.600000, Gate: 330
Now running time: 2387
Change gate [163687] with gateone  , changed gate loc: 262,  sub gate loc: 1Inverter: 0
Simulate AEM is -11.551450
Now AEM is 2584085.519280
Simulate added AEM is -0.561300, Now added AEM is -8441.789530
Approximate gate:329, Approximate area:681.000000
Accurate error is 2584085.519280, Area :681.000000, Delay: 15.600000, Gate: 329
Now running time: 2399
Change gate sum[16] with gate[162566]  , changed gate loc: 82,  sub gate loc: 222Inverter: 0
Simulate AEM is -12.637090
Now AEM is 2613617.572990
Simulate added AEM is -1.085640, Now added AEM is 29532.053710
Approximate gate:328, Approximate area:678.000000
Accurate error is 2613617.572990, Area :678.000000, Delay: 15.600000, Gate: 328
Now running time: 2410
Change gate [163391] with gate[162698]  , changed gate loc: 422,  sub gate loc: 399Inverter: 1
Simulate AEM is -24.198390
Now AEM is 3066460.138650
Simulate added AEM is -11.561300, Now added AEM is 452842.565660
Approximate gate:318, Approximate area:655.000000
Accurate error is 3066460.138650, Area :655.000000, Delay: 15.600000, Gate: 318
Now running time: 2421
Change gate sum[8] with gatezero  , changed gate loc: 74,  sub gate loc: 0Inverter: 0
Simulate AEM is -24.567030
Now AEM is 3059142.400390
Simulate added AEM is -0.368640, Now added AEM is -7317.738260
Approximate gate:318, Approximate area:653.000000
Accurate error is 3059142.400390, Area :653.000000, Delay: 15.600000, Gate: 318
Now running time: 2431
Change gate n583 with gateb[4]  , changed gate loc: 335,  sub gate loc: 38Inverter: 1
Simulate AEM is -24.701910
Now AEM is 3010656.013320
Simulate added AEM is -0.134880, Now added AEM is -48486.387070
Approximate gate:317, Approximate area:651.000000
Accurate error is 3010656.013320, Area :651.000000, Delay: 15.600000, Gate: 317
Now running time: 2441
Change gate sum[9] with gateone  , changed gate loc: 75,  sub gate loc: 1Inverter: 0
Simulate AEM is -25.080790
Now AEM is 3022799.485330
Simulate added AEM is -0.378880, Now added AEM is 12143.472010
Approximate gate:317, Approximate area:650.000000
Accurate error is 3022799.485330, Area :650.000000, Delay: 15.600000, Gate: 317
Now running time: 2451
Change gate [163470] with gate[162694]  , changed gate loc: 443,  sub gate loc: 406Inverter: 0
Simulate AEM is -25.906410
Now AEM is 8161568.608970
Simulate added AEM is -0.825620, Now added AEM is 5138769.123640
Approximate gate:311, Approximate area:636.000000
Accurate error is 8161568.608970, Area :636.000000, Delay: 15.600000, Gate: 311
Now running time: 2461
Change gate sum[11] with gate[163264]  , changed gate loc: 77,  sub gate loc: 203Inverter: 0
Simulate AEM is -27.708650
Now AEM is 8258864.567700
Simulate added AEM is -1.802240, Now added AEM is 97295.958730
Approximate gate:309, Approximate area:632.000000
Accurate error is 8258864.567700, Area :632.000000, Delay: 15.600000, Gate: 309
Now running time: 2470
Change gate sum[10] with gateone  , changed gate loc: 76,  sub gate loc: 1Inverter: 0
Simulate AEM is -27.944170
Now AEM is 8207247.517800
Simulate added AEM is -0.235520, Now added AEM is -51617.049900
Approximate gate:309, Approximate area:631.000000
Accurate error is 8207247.517800, Area :631.000000, Delay: 15.600000, Gate: 309
Now running time: 2479
Change gate sum[25] with gate[163467]  , changed gate loc: 91,  sub gate loc: 430Inverter: 0
Simulate AEM is -28.069930
Now AEM is 20989530.892980
Simulate added AEM is -0.125760, Now added AEM is 12782283.375180
Approximate gate:299, Approximate area:605.000000
Accurate error is 20989530.892980, Area :605.000000, Delay: 15.600000, Gate: 299
Now running time: 2489
Change gate sum[5] with gate[162709]  , changed gate loc: 71,  sub gate loc: 425Inverter: 0
Simulate AEM is -28.071210
Now AEM is 21028393.101770
Simulate added AEM is -0.001280, Now added AEM is 38862.208790
Approximate gate:297, Approximate area:601.000000
Accurate error is 21028393.101770, Area :601.000000, Delay: 15.600000, Gate: 297
Now running time: 2497
Change gate n319 with gate[162553]  , changed gate loc: 269,  sub gate loc: 200Inverter: 0
Simulate AEM is -30.692650
Now AEM is 20905050.281550
Simulate added AEM is -2.621440, Now added AEM is -123342.820220
Approximate gate:296, Approximate area:598.000000
Accurate error is 20905050.281550, Area :598.000000, Delay: 15.600000, Gate: 296
Now running time: 2505
Change gate sum[11] with gateone  , changed gate loc: 77,  sub gate loc: 1Inverter: 0
Simulate AEM is -31.982890
Now AEM is 20898797.292940
Simulate added AEM is -1.290240, Now added AEM is -6252.988610
Approximate gate:296, Approximate area:597.000000
Accurate error is 20898797.292940, Area :597.000000, Delay: 15.600000, Gate: 296
Now running time: 2514
Change gate sum[19] with gate[162658]  , changed gate loc: 85,  sub gate loc: 346Inverter: 1
Simulate AEM is -33.441630
Now AEM is 20897732.191100
Simulate added AEM is -1.458740, Now added AEM is -1065.101840
Approximate gate:292, Approximate area:586.000000
Accurate error is 20897732.191100, Area :586.000000, Delay: 15.600000, Gate: 292
Now running time: 2522
Change gate sum[18] with gate[162659]  , changed gate loc: 84,  sub gate loc: 347Inverter: 0
Simulate AEM is -48.949250
Now AEM is 20951539.184930
Simulate added AEM is -15.507620, Now added AEM is 53806.993830
Approximate gate:289, Approximate area:580.000000
Accurate error is 20951539.184930, Area :580.000000, Delay: 15.600000, Gate: 289
Now running time: 2531
Change gate [164637] with gatesum[13]  , changed gate loc: 372,  sub gate loc: 79Inverter: 1
Simulate AEM is -51.761010
Now AEM is 20960544.611060
Simulate added AEM is -2.811760, Now added AEM is 9005.426130
Approximate gate:289, Approximate area:579.000000
Accurate error is 20960544.611060, Area :579.000000, Delay: 15.600000, Gate: 289
Now running time: 2541
Change gate sum[14] with gateone  , changed gate loc: 80,  sub gate loc: 1Inverter: 0
Simulate AEM is -62.578910
Now AEM is 20875616.350190
Simulate added AEM is -10.817900, Now added AEM is -84928.260870
Approximate gate:289, Approximate area:577.000000
Accurate error is 20875616.350190, Area :577.000000, Delay: 15.600000, Gate: 289
Now running time: 2549
Change gate [162662] with gate[163313]  , changed gate loc: 341,  sub gate loc: 297Inverter: 0
Simulate AEM is -64.931670
Now AEM is 20917776.962820
Simulate added AEM is -2.352760, Now added AEM is 42160.612630
Approximate gate:288, Approximate area:574.000000
Accurate error is 20917776.962820, Area :574.000000, Delay: 15.600000, Gate: 288
Now running time: 2558
Change gate [162650] with gate[162661]  , changed gate loc: 334,  sub gate loc: 349Inverter: 0
Simulate AEM is -75.417430
Now AEM is 20913224.466270
Simulate added AEM is -10.485760, Now added AEM is -4552.496550
Approximate gate:285, Approximate area:568.000000
Accurate error is 20913224.466270, Area :568.000000, Delay: 15.600000, Gate: 285
Now running time: 2566
Change gate sum[20] with gate[162576]  , changed gate loc: 86,  sub gate loc: 233Inverter: 0
Simulate AEM is -154.073690
Now AEM is 20964565.486310
Simulate added AEM is -78.656260, Now added AEM is 51341.020040
Approximate gate:282, Approximate area:563.000000
Accurate error is 20964565.486310, Area :563.000000, Delay: 15.600000, Gate: 282
Now running time: 2575
Change gate [162563] with gatezero  , changed gate loc: 216,  sub gate loc: 0Inverter: 0
Simulate AEM is -157.350490
Now AEM is 20940636.967500
Simulate added AEM is -3.276800, Now added AEM is -23928.518810
Approximate gate:282, Approximate area:562.000000
Accurate error is 20940636.967500, Area :562.000000, Delay: 15.600000, Gate: 282
Now running time: 2583
Change gate sum[15] with gatea[11]  , changed gate loc: 81,  sub gate loc: 13Inverter: 1
Simulate AEM is -170.130010
Now AEM is 20962555.969590
Simulate added AEM is -12.779520, Now added AEM is 21919.002090
Approximate gate:280, Approximate area:558.000000
Accurate error is 20962555.969590, Area :558.000000, Delay: 15.600000, Gate: 280
Now running time: 2592
Change gate sum[24] with gate[162750]  , changed gate loc: 90,  sub gate loc: 471Inverter: 0
Simulate AEM is -211.221250
Now AEM is 23139830.990650
Simulate added AEM is -41.091240, Now added AEM is 2177275.021060
Approximate gate:279, Approximate area:554.000000
Accurate error is 23139830.990650, Area :554.000000, Delay: 15.600000, Gate: 279
Now running time: 2600
Change gate sum[13] with gatezero  , changed gate loc: 79,  sub gate loc: 0Inverter: 0
Simulate AEM is -213.023490
Now AEM is 23169291.269340
Simulate added AEM is -1.802240, Now added AEM is 29460.278690
Approximate gate:279, Approximate area:553.000000
Accurate error is 23169291.269340, Area :553.000000, Delay: 15.600000, Gate: 279
Now running time: 2609
Change gate [162663] with gate[162643]  , changed gate loc: 351,  sub gate loc: 336Inverter: 1
Simulate AEM is -334.200270
Now AEM is 23216977.474820
Simulate added AEM is -121.176780, Now added AEM is 47686.205480
Approximate gate:273, Approximate area:540.000000
Accurate error is 23216977.474820, Area :540.000000, Delay: 15.600000, Gate: 273
Now running time: 2618
Change gate sum[15] with gatezero  , changed gate loc: 81,  sub gate loc: 0Inverter: 0
Simulate AEM is -348.945870
Now AEM is 23198599.944430
Simulate added AEM is -14.745600, Now added AEM is -18377.530390
Approximate gate:273, Approximate area:539.000000
Accurate error is 23198599.944430, Area :539.000000, Delay: 15.600000, Gate: 273
Now running time: 2627
Change gate sum[16] with gatezero  , changed gate loc: 82,  sub gate loc: 0Inverter: 0
Simulate AEM is -379.092430
Now AEM is 23203191.353090
Simulate added AEM is -30.146560, Now added AEM is 4591.408660
Approximate gate:273, Approximate area:537.000000
Accurate error is 23203191.353090, Area :537.000000, Delay: 15.600000, Gate: 273
Now running time: 2635
Change gate [162660] with gate[162647]  , changed gate loc: 340,  sub gate loc: 324Inverter: 0
Simulate AEM is -384.335310
Now AEM is 23298582.867340
Simulate added AEM is -5.242880, Now added AEM is 95391.514250
Approximate gate:272, Approximate area:535.000000
Accurate error is 23298582.867340, Area :535.000000, Delay: 15.600000, Gate: 272
Now running time: 2643
Change gate [162689] with gateone  , changed gate loc: 384,  sub gate loc: 1Inverter: 0
Simulate AEM is -393.653130
Now AEM is 23774666.448960
Simulate added AEM is -9.317820, Now added AEM is 476083.581620
Approximate gate:263, Approximate area:514.000000
Accurate error is 23774666.448960, Area :514.000000, Delay: 15.600000, Gate: 263
Now running time: 2650
The 0 choose is not good
Change gate sum[23] with gate[162526]  , changed gate loc: 89,  sub gate loc: 165Inverter: 0
Simulate AEM is -600.547290
Now AEM is 23864068.955900
Simulate added AEM is -206.894160, Now added AEM is 89402.506940
Approximate gate:260, Approximate area:508.000000
Accurate error is 23864068.955900, Area :508.000000, Delay: 15.600000, Gate: 260
Now running time: 2658
Change gate [162701] with gate[163351]  , changed gate loc: 394,  sub gate loc: 363Inverter: 0
Simulate AEM is -621.964530
Now AEM is 24226944.603300
Simulate added AEM is -21.417240, Now added AEM is 362875.647400
Approximate gate:259, Approximate area:506.000000
Accurate error is 24226944.603300, Area :506.000000, Delay: 15.600000, Gate: 259
Now running time: 2665
Change gate sum[17] with gate[162754]  , changed gate loc: 83,  sub gate loc: 473Inverter: 0
Simulate AEM is -637.693170
Now AEM is 24009714.520180
Simulate added AEM is -15.728640, Now added AEM is -217230.083120
Approximate gate:258, Approximate area:505.000000
Accurate error is 24009714.520180, Area :505.000000, Delay: 15.600000, Gate: 258
Now running time: 2673
Change gate [163699] with gate[162610]  , changed gate loc: 293,  sub gate loc: 281Inverter: 1
Simulate AEM is -878.209810
Now AEM is 24022133.953540
Simulate added AEM is -240.516640, Now added AEM is 12419.433360
Approximate gate:254, Approximate area:497.000000
Accurate error is 24022133.953540, Area :497.000000, Delay: 15.600000, Gate: 254
Now running time: 2680
Change gate [162676] with gate[162619]  , changed gate loc: 367,  sub gate loc: 303Inverter: 0
Simulate AEM is -975.233030
Now AEM is 24521761.634150
Simulate added AEM is -97.023220, Now added AEM is 499627.680610
Approximate gate:244, Approximate area:475.000000
Accurate error is 24521761.634150, Area :475.000000, Delay: 15.600000, Gate: 244
Now running time: 2687
Change gate [163610] with gate[162618]  , changed gate loc: 315,  sub gate loc: 304Inverter: 0
Simulate AEM is -991.520190
Now AEM is 24363783.655520
Simulate added AEM is -16.287160, Now added AEM is -157977.978630
Approximate gate:241, Approximate area:470.000000
Accurate error is 24363783.655520, Area :470.000000, Delay: 15.600000, Gate: 241
Now running time: 2694
Change gate [162660] with gate[163610]  , changed gate loc: 340,  sub gate loc: 315Inverter: 1
Simulate AEM is -998.446550
Now AEM is 24674921.284150
Simulate added AEM is -6.926360, Now added AEM is 311137.628630
Approximate gate:240, Approximate area:465.000000
Accurate error is 24674921.284150, Area :465.000000, Delay: 15.600000, Gate: 240
Now running time: 2700
Change gate sum[20] with gatezero  , changed gate loc: 86,  sub gate loc: 0Inverter: 0
Simulate AEM is -1007.923890
Now AEM is 24591298.485500
Simulate added AEM is -9.477340, Now added AEM is -83622.798650
Approximate gate:238, Approximate area:459.000000
Accurate error is 24591298.485500, Area :459.000000, Delay: 15.600000, Gate: 238
Now running time: 2706
Change gate [162662] with gatezero  , changed gate loc: 341,  sub gate loc: 0Inverter: 0
Simulate AEM is -1490.268850
Now AEM is 24417534.798120
Simulate added AEM is -482.344960, Now added AEM is -173763.687380
Approximate gate:235, Approximate area:452.000000
Accurate error is 24417534.798120, Area :452.000000, Delay: 15.600000, Gate: 235
Now running time: 2712
Change gate [163723] with gate[162657]  , changed gate loc: 358,  sub gate loc: 355Inverter: 0
Simulate AEM is -1969.787930
Now AEM is 24506434.806100
Simulate added AEM is -479.519080, Now added AEM is 88900.007980
Approximate gate:233, Approximate area:449.000000
Accurate error is 24506434.806100, Area :449.000000, Delay: 15.600000, Gate: 233
Now running time: 2718
Change gate [162676] with gateone  , changed gate loc: 367,  sub gate loc: 1Inverter: 0
Simulate AEM is -2038.182930
Now AEM is 24242005.301990
Simulate added AEM is -68.395000, Now added AEM is -264429.504110
Approximate gate:233, Approximate area:448.000000
Accurate error is 24242005.301990, Area :448.000000, Delay: 15.600000, Gate: 233
Now running time: 2724
Change gate sum[19] with gate[162663]  , changed gate loc: 85,  sub gate loc: 351Inverter: 0
Simulate AEM is -2322.653710
Now AEM is 24130018.621470
Simulate added AEM is -284.470780, Now added AEM is -111986.680520
Approximate gate:232, Approximate area:447.000000
Accurate error is 24130018.621470, Area :447.000000, Delay: 15.600000, Gate: 232
Now running time: 2730
Change gate sum[21] with gate[163735]  , changed gate loc: 87,  sub gate loc: 393Inverter: 0
Simulate AEM is -2334.526090
Now AEM is 24461208.990940
Simulate added AEM is -11.872380, Now added AEM is 331190.369470
Approximate gate:231, Approximate area:446.000000
Accurate error is 24461208.990940, Area :446.000000, Delay: 15.600000, Gate: 231
Now running time: 2736
Change gate sum[19] with gateone  , changed gate loc: 85,  sub gate loc: 1Inverter: 0
Simulate AEM is -2385.824670
Now AEM is 24047432.056780
Simulate added AEM is -51.298580, Now added AEM is -413776.934160
Approximate gate:231, Approximate area:445.000000
Accurate error is 24047432.056780, Area :445.000000, Delay: 15.600000, Gate: 231
Now running time: 2742
Change gate [164223] with gate[164233]  , changed gate loc: 506,  sub gate loc: 539Inverter: 0
Simulate AEM is -2520.965330
Now AEM is 24929163.604040
Simulate added AEM is -135.140660, Now added AEM is 881731.547260
Approximate gate:229, Approximate area:441.000000
Accurate error is 24929163.604040, Area :441.000000, Delay: 15.600000, Gate: 229
Now running time: 2748
Change gate [162728] with gatesum[17]  , changed gate loc: 440,  sub gate loc: 83Inverter: 0
Simulate AEM is -2926.867030
Now AEM is 25017735.157280
Simulate added AEM is -405.901700, Now added AEM is 88571.553240
Approximate gate:227, Approximate area:434.000000
Accurate error is 25017735.157280, Area :434.000000, Delay: 15.600000, Gate: 227
Now running time: 2754
Change gate [164215] with gate[162740]  , changed gate loc: 469,  sub gate loc: 445Inverter: 1
Simulate AEM is -4976.179910
Now AEM is 25306246.480530
Simulate added AEM is -2049.312880, Now added AEM is 288511.323250
Approximate gate:226, Approximate area:431.000000
Accurate error is 25306246.480530, Area :431.000000, Delay: 15.600000, Gate: 226
Now running time: 2760
The 0 choose is not good
The 1 choose is not good
The 2 choose is not good
Change gate [162658] with gate[162642]  , changed gate loc: 346,  sub gate loc: 337Inverter: 0
Simulate AEM is -5210.561290
Now AEM is 25293558.359470
Simulate added AEM is -234.381380, Now added AEM is -12688.121060
Approximate gate:225, Approximate area:429.000000
Accurate error is 25293558.359470, Area :429.000000, Delay: 15.600000, Gate: 225
Now running time: 2766
Change gate [163342] with gatezero  , changed gate loc: 345,  sub gate loc: 0Inverter: 0
Simulate AEM is -7732.386570
Now AEM is 25032756.240060
Simulate added AEM is -2521.825280, Now added AEM is -260802.119410
Approximate gate:223, Approximate area:423.000000
Accurate error is 25032756.240060, Area :423.000000, Delay: 15.600000, Gate: 223
Now running time: 2773
Change gate n317 with gate[162632]  , changed gate loc: 333,  sub gate loc: 313Inverter: 0
Simulate AEM is -8479.849810
Now AEM is 25010000.895930
Simulate added AEM is -747.463240, Now added AEM is -22755.344130
Approximate gate:213, Approximate area:404.000000
Accurate error is 25010000.895930, Area :404.000000, Delay: 15.600000, Gate: 213
Now running time: 2778
The 0 choose is not good
Change gate [162671] with gateone  , changed gate loc: 364,  sub gate loc: 1Inverter: 0
Simulate AEM is -9510.567990
Now AEM is 25059818.274040
Simulate added AEM is -1030.718180, Now added AEM is 49817.378110
Approximate gate:213, Approximate area:402.000000
Accurate error is 25059818.274040, Area :402.000000, Delay: 15.600000, Gate: 213
Now running time: 2784
Change gate sum[22] with gateb[15]  , changed gate loc: 88,  sub gate loc: 49Inverter: 1
Simulate AEM is -9890.908630
Now AEM is 25258395.461460
Simulate added AEM is -380.340640, Now added AEM is 198577.187420
Approximate gate:210, Approximate area:398.000000
Accurate error is 25258395.461460, Area :398.000000, Delay: 15.600000, Gate: 210
Now running time: 2790
The 0 choose is not good
Change gate sum[23] with gateone  , changed gate loc: 89,  sub gate loc: 1Inverter: 0
Simulate AEM is -10366.757410
Now AEM is 25064002.351500
Simulate added AEM is -475.848780, Now added AEM is -194393.109960
Approximate gate:210, Approximate area:396.000000
Accurate error is 25064002.351500, Area :396.000000, Delay: 15.600000, Gate: 210
Now running time: 2795
The 0 choose is not good
The 1 choose is not good
The 2 choose is not good
Change gate [162686] with gate[162656]  , changed gate loc: 373,  sub gate loc: 353Inverter: 1
Simulate AEM is -11476.999550
Now AEM is 25426872.929990
Simulate added AEM is -1110.242140, Now added AEM is 362870.578490
Approximate gate:210, Approximate area:395.000000
Accurate error is 25426872.929990, Area :395.000000, Delay: 15.600000, Gate: 210
Now running time: 2802
The 0 choose is not good
Change gate [162728] with gate[162780]  , changed gate loc: 440,  sub gate loc: 510Inverter: 0
Simulate AEM is -13913.510030
Now AEM is 25326053.581160
Simulate added AEM is -2436.510480, Now added AEM is -100819.348830
Approximate gate:209, Approximate area:394.000000
Accurate error is 25326053.581160, Area :394.000000, Delay: 15.600000, Gate: 209
Now running time: 2807
Change gate [162672] with gateb[18]  , changed gate loc: 365,  sub gate loc: 52Inverter: 0
Simulate AEM is -15595.438590
Now AEM is 25710844.920310
Simulate added AEM is -1681.928560, Now added AEM is 384791.339150
Approximate gate:209, Approximate area:392.000000
Accurate error is 25710844.920310, Area :392.000000, Delay: 15.600000, Gate: 209
Now running time: 2813
The 0 choose is not good
The 1 choose is not good
Change gate [162670] with gateb[20]  , changed gate loc: 371,  sub gate loc: 54Inverter: 1
Simulate AEM is -34155.504790
Now AEM is 25511369.667070
Simulate added AEM is -18560.066200, Now added AEM is -199475.253240
Approximate gate:207, Approximate area:387.000000
Accurate error is 25511369.667070, Area :387.000000, Delay: 15.600000, Gate: 207
Now running time: 2818
The 0 choose is not good
The 1 choose is not good
Change gate [162645] with gateb[17]  , changed gate loc: 331,  sub gate loc: 51Inverter: 1
Simulate AEM is -38513.073410
Now AEM is 25697787.840250
Simulate added AEM is -4357.568620, Now added AEM is 186418.173180
Approximate gate:207, Approximate area:386.000000
Accurate error is 25697787.840250, Area :386.000000, Delay: 15.600000, Gate: 207
Now running time: 2823
The 0 choose is not good
The 1 choose is not good
The 2 choose is not good
Change gate [164229] with gatezero  , changed gate loc: 521,  sub gate loc: 0Inverter: 0
Simulate AEM is -51962.991370
Now AEM is 25050420.783210
Simulate added AEM is -13449.917960, Now added AEM is -647367.057040
Approximate gate:206, Approximate area:382.000000
Accurate error is 25050420.783210, Area :382.000000, Delay: 15.600000, Gate: 206
Now running time: 2829
Change gate [162650] with gateone  , changed gate loc: 334,  sub gate loc: 1Inverter: 0
Simulate AEM is -67115.696450
Now AEM is 25445114.588390
Simulate added AEM is -15152.705080, Now added AEM is 394693.805180
Approximate gate:203, Approximate area:376.000000
Accurate error is 25445114.588390, Area :376.000000, Delay: 15.600000, Gate: 203
Now running time: 2834
Change gate sum[18] with gatezero  , changed gate loc: 84,  sub gate loc: 0Inverter: 0
Simulate AEM is -67311.837750
Now AEM is 25612955.791560
Simulate added AEM is -196.141300, Now added AEM is 167841.203170
Approximate gate:200, Approximate area:371.000000
Accurate error is 25612955.791560, Area :371.000000, Delay: 15.600000, Gate: 200
Now running time: 2839
The 0 choose is not good
The 1 choose is not good
The 2 choose is not good
The 3 choose is not good
The 4 choose is not good
Change gate [162701] with gatezero  , changed gate loc: 394,  sub gate loc: 0Inverter: 0
Simulate AEM is -81238.981250
Now AEM is 25254866.956380
Simulate added AEM is -13927.143500, Now added AEM is -358088.835180
Approximate gate:198, Approximate area:365.000000
Accurate error is 25254866.956380, Area :365.000000, Delay: 15.600000, Gate: 198
Now running time: 2845
The 0 choose is not good
The 1 choose is not good
The 2 choose is not good
The 3 choose is not good
The 4 choose is not good
Change gate [163616] with gatea[19]  , changed gate loc: 381,  sub gate loc: 21Inverter: 0
Simulate AEM is -91950.709350
Now AEM is 25569663.013910
Simulate added AEM is -10711.728100, Now added AEM is 314796.057530
Approximate gate:195, Approximate area:361.000000
Accurate error is 25569663.013910, Area :361.000000, Delay: 15.600000, Gate: 195
Now running time: 2851
The 0 choose is not good
The 1 choose is not good
The 2 choose is not good
The 3 choose is not good
The 4 choose is not good
Change gate n306 with gaten335  , changed gate loc: 400,  sub gate loc: 439Inverter: 0
Simulate AEM is -109068.828090
Now AEM is 25625019.509200
Simulate added AEM is -17118.118740, Now added AEM is 55356.495290
Approximate gate:193, Approximate area:357.000000
Accurate error is 25625019.509200, Area :357.000000, Delay: 15.600000, Gate: 193
Now running time: 2857
The 0 choose is not good
The 1 choose is not good
The 2 choose is not good
The 3 choose is not good
The 4 choose is not good
The 5 choose is not good
The 6 choose is not good
The 7 choose is not good
The 8 choose is not good
The 9 choose is not good
Change gate sum[22] with gateone  , changed gate loc: 88,  sub gate loc: 1Inverter: 0
Simulate AEM is -116718.195470
Now AEM is 25964940.989960
Simulate added AEM is -7649.367380, Now added AEM is 339921.480760
AEM Threshold: 25719210 Now AEM: 2.59649e+07
ALL running time: 2863
Error propagation matrix time: 193 with 199995 node
Error simulation time: 2540 with 4490261 node
Area time: 2
Whole find time: 2744
