Original Area:1069.000000, Original Delay:37.800000, Orignial Gate :430
Change gate [166469] with gate[166345]  , changed gate loc: 264,  sub gate loc: 36Inverter: 0
Simulate AEM is 0.000000
Now AEM is 0.000000
Simulate added AEM is 0.000000, Now added AEM is 0.000000
Approximate gate:428, Approximate area:1065.000000
Accurate error is 0.000000, Area :1065.000000, Delay: 37.800000, Gate: 428
Now running time: 57
Change gate [167126] with gate[167814]  , changed gate loc: 37,  sub gate loc: 265Inverter: 0
Simulate AEM is 0.000000
Now AEM is 0.000000
Simulate added AEM is 0.000000, Now added AEM is 0.000000
Approximate gate:427, Approximate area:1061.000000
Accurate error is 0.000000, Area :1061.000000, Delay: 37.800000, Gate: 427
Now running time: 112
Change gate [166351] with gatey[0]  , changed gate loc: 44,  sub gate loc: 10Inverter: 0
Simulate AEM is 0.000000
Now AEM is 0.000000
Simulate added AEM is 0.000000, Now added AEM is 0.000000
Approximate gate:427, Approximate area:1058.000000
Accurate error is 0.000000, Area :1058.000000, Delay: 37.800000, Gate: 427
Now running time: 168
Change gate [164857] with gate[167660]  , changed gate loc: 378,  sub gate loc: 391Inverter: 0
Simulate AEM is 0.000000
Now AEM is 0.000000
Simulate added AEM is 0.000000, Now added AEM is 0.000000
Approximate gate:426, Approximate area:1055.000000
Accurate error is 0.000000, Area :1055.000000, Delay: 37.800000, Gate: 426
Now running time: 222
Change gate [168101] with gate[166441]  , changed gate loc: 196,  sub gate loc: 195Inverter: 0
Simulate AEM is 0.000000
Now AEM is 0.000000
Simulate added AEM is 0.000000, Now added AEM is 0.000000
Approximate gate:425, Approximate area:1053.000000
Accurate error is 0.000000, Area :1053.000000, Delay: 37.800000, Gate: 425
Now running time: 277
Change gate [166406] with gaten556  , changed gate loc: 192,  sub gate loc: 160Inverter: 1
Simulate AEM is 0.000000
Now AEM is 0.000000
Simulate added AEM is 0.000000, Now added AEM is 0.000000
Approximate gate:425, Approximate area:1051.000000
Accurate error is 0.000000, Area :1051.000000, Delay: 37.800000, Gate: 425
Now running time: 331
Change gate [167340] with gate[166399]  , changed gate loc: 122,  sub gate loc: 133Inverter: 0
Simulate AEM is 0.000000
Now AEM is 0.000000
Simulate added AEM is 0.000000, Now added AEM is 0.000000
Approximate gate:424, Approximate area:1049.000000
Accurate error is 0.000000, Area :1049.000000, Delay: 37.800000, Gate: 424
Now running time: 384
Change gate [167033] with gate[167132]  , changed gate loc: 80,  sub gate loc: 54Inverter: 0
Simulate AEM is 0.000000
Now AEM is 0.000000
Simulate added AEM is 0.000000, Now added AEM is 0.000000
Approximate gate:423, Approximate area:1048.000000
Accurate error is 0.000000, Area :1048.000000, Delay: 37.800000, Gate: 423
Now running time: 437
Change gate [166558] with gate[166559]  , changed gate loc: 438,  sub gate loc: 440Inverter: 0
Simulate AEM is 0.000000
Now AEM is 0.000000
Simulate added AEM is 0.000000, Now added AEM is 0.000000
Approximate gate:422, Approximate area:1047.000000
Accurate error is 0.000000, Area :1047.000000, Delay: 37.400000, Gate: 422
Now running time: 490
Change gate [166909] with gate[166358]  , changed gate loc: 58,  sub gate loc: 53Inverter: 0
Simulate AEM is 0.000000
Now AEM is 0.000000
Simulate added AEM is 0.000000, Now added AEM is 0.000000
Approximate gate:421, Approximate area:1046.000000
Accurate error is 0.000000, Area :1046.000000, Delay: 37.400000, Gate: 421
Now running time: 544
Change gate [167001] with gate[166558]  , changed gate loc: 447,  sub gate loc: 438Inverter: 0
Simulate AEM is 0.000000
Now AEM is 0.000000
Simulate added AEM is 0.000000, Now added AEM is 0.000000
Approximate gate:420, Approximate area:1045.000000
Accurate error is 0.000000, Area :1045.000000, Delay: 37.400000, Gate: 420
Now running time: 597
Change gate n32 with gate[166412]  , changed gate loc: 442,  sub gate loc: 142Inverter: 0
Simulate AEM is 0.000000
Now AEM is 0.000000
Simulate added AEM is 0.000000, Now added AEM is 0.000000
Approximate gate:418, Approximate area:1040.000000
Accurate error is 0.000000, Area :1040.000000, Delay: 37.400000, Gate: 418
Now running time: 650
Change gate [166348] with gate[167126]  , changed gate loc: 40,  sub gate loc: 37Inverter: 0
Simulate AEM is 0.315580
Now AEM is 0.249260
Simulate added AEM is 0.315580, Now added AEM is 0.249260
Approximate gate:416, Approximate area:1034.000000
Accurate error is 0.249260, Area :1034.000000, Delay: 37.400000, Gate: 416
Now running time: 702
Change gate [166902] with gate[166469]  , changed gate loc: 41,  sub gate loc: 264Inverter: 0
Simulate AEM is 0.315580
Now AEM is 0.250000
Simulate added AEM is 0.000000, Now added AEM is 0.000740
Approximate gate:415, Approximate area:1033.000000
Accurate error is 0.250000, Area :1033.000000, Delay: 37.400000, Gate: 415
Now running time: 761
Change gate [166352] with gate[166471]  , changed gate loc: 45,  sub gate loc: 266Inverter: 0
Simulate AEM is 0.730840
Now AEM is 0.813280
Simulate added AEM is 0.415260, Now added AEM is 0.563280
Approximate gate:413, Approximate area:1028.000000
Accurate error is 0.813280, Area :1028.000000, Delay: 37.400000, Gate: 413
Now running time: 825
Change gate [167034] with gateone  , changed gate loc: 56,  sub gate loc: 1Inverter: 0
Simulate AEM is 0.656360
Now AEM is 0.938180
Simulate added AEM is -0.074480, Now added AEM is 0.124900
Approximate gate:413, Approximate area:1025.000000
Accurate error is 0.938180, Area :1025.000000, Delay: 37.400000, Gate: 413
Now running time: 899
Change gate [167040] with gate[166365]  , changed gate loc: 78,  sub gate loc: 69Inverter: 1
Simulate AEM is 0.627340
Now AEM is 6.319400
Simulate added AEM is -0.029020, Now added AEM is 5.381220
Approximate gate:412, Approximate area:1022.000000
Accurate error is 6.319400, Area :1022.000000, Delay: 37.400000, Gate: 412
Now running time: 965
Change gate [168521] with gate[166413]  , changed gate loc: 74,  sub gate loc: 143Inverter: 1
Simulate AEM is 0.627240
Now AEM is 6.703760
Simulate added AEM is -0.000100, Now added AEM is 0.384360
Approximate gate:412, Approximate area:1020.000000
Accurate error is 6.703760, Area :1020.000000, Delay: 37.400000, Gate: 412
Now running time: 1022
Change gate [167160] with gate[166368]  , changed gate loc: 132,  sub gate loc: 75Inverter: 1
Simulate AEM is 0.627200
Now AEM is 24.091300
Simulate added AEM is -0.000040, Now added AEM is 17.387540
Approximate gate:412, Approximate area:1019.000000
Accurate error is 24.091300, Area :1019.000000, Delay: 37.400000, Gate: 412
Now running time: 1076
Change gate [167134] with gate[166454]  , changed gate loc: 73,  sub gate loc: 237Inverter: 1
Simulate AEM is 0.627020
Now AEM is 25.497740
Simulate added AEM is -0.000180, Now added AEM is 1.406440
Approximate gate:411, Approximate area:1015.000000
Accurate error is 25.497740, Area :1015.000000, Delay: 37.400000, Gate: 411
Now running time: 1130
Change gate [166912] with gate[166414]  , changed gate loc: 60,  sub gate loc: 144Inverter: 0
Simulate AEM is 0.626920
Now AEM is 26.065460
Simulate added AEM is -0.000100, Now added AEM is 0.567720
Approximate gate:410, Approximate area:1014.000000
Accurate error is 26.065460, Area :1014.000000, Delay: 37.400000, Gate: 410
Now running time: 1182
Change gate [166443] with gate[166552]  , changed gate loc: 216,  sub gate loc: 426Inverter: 0
Simulate AEM is 0.626720
Now AEM is 77.393200
Simulate added AEM is -0.000200, Now added AEM is 51.327740
Approximate gate:409, Approximate area:1012.000000
Accurate error is 77.393200, Area :1012.000000, Delay: 37.400000, Gate: 409
Now running time: 1236
Change gate [166419] with gate[166935]  , changed gate loc: 169,  sub gate loc: 170Inverter: 0
Simulate AEM is 0.626660
Now AEM is 84.476680
Simulate added AEM is -0.000060, Now added AEM is 7.083480
Approximate gate:408, Approximate area:1010.000000
Accurate error is 84.476680, Area :1010.000000, Delay: 37.400000, Gate: 408
Now running time: 1288
Change gate [166366] with gate[166912]  , changed gate loc: 70,  sub gate loc: 60Inverter: 0
Simulate AEM is 0.626620
Now AEM is 83.671620
Simulate added AEM is -0.000040, Now added AEM is -0.805060
Approximate gate:407, Approximate area:1006.000000
Accurate error is 83.671620, Area :1006.000000, Delay: 37.400000, Gate: 407
Now running time: 1339
Change gate result[6] with gate[166397]  , changed gate loc: 24,  sub gate loc: 117Inverter: 0
Simulate AEM is 0.626240
Now AEM is 88.410300
Simulate added AEM is -0.000380, Now added AEM is 4.738680
Approximate gate:405, Approximate area:1001.000000
Accurate error is 88.410300, Area :1001.000000, Delay: 37.400000, Gate: 405
Now running time: 1390
Change gate result[5] with gateresult[6]  , changed gate loc: 23,  sub gate loc: 24Inverter: 1
Simulate AEM is 0.625740
Now AEM is 84.076220
Simulate added AEM is -0.000500, Now added AEM is -4.334080
Approximate gate:403, Approximate area:994.000000
Accurate error is 84.076220, Area :994.000000, Delay: 37.400000, Gate: 403
Now running time: 1441
The 0 choose is not good
Change gate result[0] with gate[166348]  , changed gate loc: 18,  sub gate loc: 40Inverter: 0
Simulate AEM is 0.624840
Now AEM is 84.277680
Simulate added AEM is -0.000900, Now added AEM is 0.201460
Approximate gate:402, Approximate area:992.000000
Accurate error is 84.277680, Area :992.000000, Delay: 37.400000, Gate: 402
Now running time: 1491
Change gate [168517] with gate[168073]  , changed gate loc: 82,  sub gate loc: 83Inverter: 0
Simulate AEM is 0.624240
Now AEM is 85.756270
Simulate added AEM is -0.000600, Now added AEM is 1.478590
Approximate gate:401, Approximate area:990.000000
Accurate error is 85.756270, Area :990.000000, Delay: 37.400000, Gate: 401
Now running time: 1541
Change gate [166350] with gatezero  , changed gate loc: 43,  sub gate loc: 0Inverter: 0
Simulate AEM is 0.623100
Now AEM is 84.515180
Simulate added AEM is -0.001140, Now added AEM is -1.241090
Approximate gate:401, Approximate area:986.000000
Accurate error is 84.515180, Area :986.000000, Delay: 37.400000, Gate: 401
Now running time: 1595
Change gate result[4] with gate[166490]  , changed gate loc: 22,  sub gate loc: 305Inverter: 0
Simulate AEM is 0.622920
Now AEM is 85.531950
Simulate added AEM is -0.000180, Now added AEM is 1.016770
Approximate gate:398, Approximate area:979.000000
Accurate error is 85.531950, Area :979.000000, Delay: 37.400000, Gate: 398
Now running time: 1651
Change gate [166355] with gateone  , changed gate loc: 50,  sub gate loc: 1Inverter: 0
Simulate AEM is 0.622500
Now AEM is 85.305340
Simulate added AEM is -0.000420, Now added AEM is -0.226610
Approximate gate:398, Approximate area:977.000000
Accurate error is 85.305340, Area :977.000000, Delay: 37.400000, Gate: 398
Now running time: 1701
Change gate [164843] with gate[167871]  , changed gate loc: 171,  sub gate loc: 376Inverter: 0
Simulate AEM is 0.619380
Now AEM is 88.419430
Simulate added AEM is -0.003120, Now added AEM is 3.114090
Approximate gate:385, Approximate area:950.000000
Accurate error is 88.419430, Area :950.000000, Delay: 37.400000, Gate: 385
Now running time: 1751
The 0 choose is not good
The 1 choose is not good
Change gate [166396] with gaten183  , changed gate loc: 116,  sub gate loc: 62Inverter: 1
Simulate AEM is 0.617940
Now AEM is 95.425470
Simulate added AEM is -0.001440, Now added AEM is 7.006040
Approximate gate:384, Approximate area:943.000000
Accurate error is 95.425470, Area :943.000000, Delay: 37.400000, Gate: 384
Now running time: 1797
The 0 choose is not good
Change gate [167533] with gate[167702]  , changed gate loc: 97,  sub gate loc: 65Inverter: 0
Simulate AEM is 0.617820
Now AEM is 95.569820
Simulate added AEM is -0.000120, Now added AEM is 0.144350
Approximate gate:383, Approximate area:940.000000
Accurate error is 95.569820, Area :940.000000, Delay: 37.400000, Gate: 383
Now running time: 1841
Change gate [167325] with gate[166902]  , changed gate loc: 106,  sub gate loc: 41Inverter: 0
Simulate AEM is 0.617680
Now AEM is 95.603170
Simulate added AEM is -0.000140, Now added AEM is 0.033350
Approximate gate:382, Approximate area:939.000000
Accurate error is 95.603170, Area :939.000000, Delay: 37.400000, Gate: 382
Now running time: 1888
Change gate [166379] with gate[167752]  , changed gate loc: 98,  sub gate loc: 180Inverter: 0
Simulate AEM is 0.616280
Now AEM is 96.030810
Simulate added AEM is -0.001400, Now added AEM is 0.427640
Approximate gate:380, Approximate area:932.000000
Accurate error is 96.030810, Area :932.000000, Delay: 37.400000, Gate: 380
Now running time: 1931
Change gate n503 with gate[166440]  , changed gate loc: 137,  sub gate loc: 193Inverter: 1
Simulate AEM is 0.612440
Now AEM is 94.014140
Simulate added AEM is -0.003840, Now added AEM is -2.016670
Approximate gate:365, Approximate area:898.000000
Accurate error is 94.014140, Area :898.000000, Delay: 37.400000, Gate: 365
Now running time: 1977
The 0 choose is not good
The 1 choose is not good
Change gate [166359] with gatezero  , changed gate loc: 57,  sub gate loc: 0Inverter: 0
Simulate AEM is 0.610560
Now AEM is 95.140160
Simulate added AEM is -0.001880, Now added AEM is 1.126020
Approximate gate:363, Approximate area:894.000000
Accurate error is 95.140160, Area :894.000000, Delay: 37.400000, Gate: 363
Now running time: 2020
Change gate result[2] with gate[166437]  , changed gate loc: 20,  sub gate loc: 186Inverter: 0
Simulate AEM is 0.610460
Now AEM is 95.726530
Simulate added AEM is -0.000100, Now added AEM is 0.586370
Approximate gate:361, Approximate area:890.000000
Accurate error is 95.726530, Area :890.000000, Delay: 37.400000, Gate: 361
Now running time: 2061
The 0 choose is not good
The 1 choose is not good
The 2 choose is not good
The 3 choose is not good
Change gate [166444] with gate[166510]  , changed gate loc: 218,  sub gate loc: 343Inverter: 0
Simulate AEM is 0.540340
Now AEM is 95.054540
Simulate added AEM is -0.070120, Now added AEM is -0.671990
Approximate gate:341, Approximate area:841.000000
Accurate error is 95.054540, Area :841.000000, Delay: 37.400000, Gate: 341
Now running time: 2103
The 0 choose is not good
The 1 choose is not good
The 2 choose is not good
The 3 choose is not good
The 4 choose is not good
The 5 choose is not good
The 6 choose is not good
The 7 choose is not good
The 8 choose is not good
The 9 choose is not good
Change gate [168255] with gateone  , changed gate loc: 311,  sub gate loc: 1Inverter: 0
Simulate AEM is 0.516260
Now AEM is 301.374630
Simulate added AEM is -0.024080, Now added AEM is 206.320090
AEM Threshold: 98 Now AEM: 301.375
ALL running time: 2142
Error propagation matrix time: 79 with 70355 node
Error simulation time: 2022 with 3145087 node
Area time: 1
Whole find time: 2107
