Original Area:666.000000, Original Delay:16.100000, Orignial Gate :298
Change gate s[0] with gaten99  , changed gate loc: 66,  sub gate loc: 99Inverter: 0
Simulate AEM is 0.250570
Now AEM is 0.250570
Simulate added AEM is 0.250570, Now added AEM is 0.250570
Approximate gate:297, Approximate area:661.000000
Accurate error is 0.250570, Area :661.000000, Delay: 16.100000, Gate: 297
Now running time: 13
Change gate n110 with gatezero  , changed gate loc: 109,  sub gate loc: 0Inverter: 0
Simulate AEM is 0.216770
Now AEM is 1.122430
Simulate added AEM is -0.033800, Now added AEM is 0.871860
Approximate gate:297, Approximate area:658.000000
Accurate error is 1.122430, Area :658.000000, Delay: 16.100000, Gate: 297
Now running time: 30
Change gate n120 with gaten119  , changed gate loc: 118,  sub gate loc: 117Inverter: 0
Simulate AEM is 0.170850
Now AEM is 4.189890
Simulate added AEM is -0.045920, Now added AEM is 3.067460
Approximate gate:296, Approximate area:655.000000
Accurate error is 4.189890, Area :655.000000, Delay: 16.100000, Gate: 296
Now running time: 49
Change gate n138 with gaten149  , changed gate loc: 134,  sub gate loc: 144Inverter: 0
Simulate AEM is 0.084130
Now AEM is 16.543290
Simulate added AEM is -0.086720, Now added AEM is 12.353400
Approximate gate:293, Approximate area:651.000000
Accurate error is 16.543290, Area :651.000000, Delay: 16.100000, Gate: 293
Now running time: 64
Change gate n130 with gates[0]  , changed gate loc: 127,  sub gate loc: 66Inverter: 0
Simulate AEM is 0.082050
Now AEM is 16.407690
Simulate added AEM is -0.002080, Now added AEM is -0.135600
Approximate gate:293, Approximate area:648.000000
Accurate error is 16.407690, Area :648.000000, Delay: 16.100000, Gate: 293
Now running time: 77
Change gate s[2] with gatey[0]  , changed gate loc: 68,  sub gate loc: 34Inverter: 1
Simulate AEM is 0.082010
Now AEM is 16.728240
Simulate added AEM is -0.000040, Now added AEM is 0.320550
Approximate gate:291, Approximate area:642.000000
Accurate error is 16.728240, Area :642.000000, Delay: 16.100000, Gate: 291
Now running time: 89
Change gate s[3] with gaten102  , changed gate loc: 69,  sub gate loc: 102Inverter: 0
Simulate AEM is 0.081930
Now AEM is 16.242210
Simulate added AEM is -0.000080, Now added AEM is -0.486030
Approximate gate:280, Approximate area:621.000000
Accurate error is 16.242210, Area :621.000000, Delay: 16.100000, Gate: 280
Now running time: 102
Change gate s[1] with gaten132  , changed gate loc: 67,  sub gate loc: 129Inverter: 0
Simulate AEM is 0.081330
Now AEM is 16.288810
Simulate added AEM is -0.000600, Now added AEM is 0.046600
Approximate gate:277, Approximate area:612.000000
Accurate error is 16.288810, Area :612.000000, Delay: 16.100000, Gate: 277
Now running time: 113
Change gate s[4] with gaten125  , changed gate loc: 70,  sub gate loc: 122Inverter: 1
Simulate AEM is 0.080850
Now AEM is 18.262150
Simulate added AEM is -0.000480, Now added AEM is 1.973340
Approximate gate:276, Approximate area:606.000000
Accurate error is 18.262150, Area :606.000000, Delay: 16.100000, Gate: 276
Now running time: 126
Change gate s[1] with gaten117  , changed gate loc: 67,  sub gate loc: 115Inverter: 0
Simulate AEM is 0.080590
Now AEM is 22.479230
Simulate added AEM is -0.000260, Now added AEM is 4.217080
Approximate gate:275, Approximate area:604.000000
Accurate error is 22.479230, Area :604.000000, Delay: 16.100000, Gate: 275
Now running time: 139
Change gate s[5] with gaten161  , changed gate loc: 71,  sub gate loc: 154Inverter: 1
Simulate AEM is 0.079630
Now AEM is 29.770600
Simulate added AEM is -0.000960, Now added AEM is 7.291370
Approximate gate:274, Approximate area:598.000000
Accurate error is 29.770600, Area :598.000000, Delay: 16.100000, Gate: 274
Now running time: 151
Change gate s[0] with gateone  , changed gate loc: 66,  sub gate loc: 1Inverter: 0
Simulate AEM is 0.079470
Now AEM is 29.726610
Simulate added AEM is -0.000160, Now added AEM is -0.043990
Approximate gate:274, Approximate area:596.000000
Accurate error is 29.726610, Area :596.000000, Delay: 16.100000, Gate: 274
Now running time: 162
Change gate s[7] with gatex[2]  , changed gate loc: 73,  sub gate loc: 4Inverter: 0
Simulate AEM is 0.076910
Now AEM is 78.271760
Simulate added AEM is -0.002560, Now added AEM is 48.545150
Approximate gate:272, Approximate area:588.000000
Accurate error is 78.271760, Area :588.000000, Delay: 16.100000, Gate: 272
Now running time: 175
Change gate n127 with gates[4]  , changed gate loc: 124,  sub gate loc: 70Inverter: 0
Simulate AEM is 0.075310
Now AEM is 78.725590
Simulate added AEM is -0.001600, Now added AEM is 0.453830
Approximate gate:271, Approximate area:586.000000
Accurate error is 78.725590, Area :586.000000, Delay: 16.900000, Gate: 271
Now running time: 190
Change gate s[2] with gatezero  , changed gate loc: 68,  sub gate loc: 0Inverter: 0
Simulate AEM is 0.074710
Now AEM is 79.155590
Simulate added AEM is -0.000600, Now added AEM is 0.430000
Approximate gate:271, Approximate area:585.000000
Accurate error is 79.155590, Area :585.000000, Delay: 16.900000, Gate: 271
Now running time: 206
Change gate s[6] with gatey[0]  , changed gate loc: 72,  sub gate loc: 34Inverter: 0
Simulate AEM is 0.067670
Now AEM is 87.108940
Simulate added AEM is -0.007040, Now added AEM is 7.953350
Approximate gate:263, Approximate area:568.000000
Accurate error is 87.108940, Area :568.000000, Delay: 16.900000, Gate: 263
Now running time: 222
Change gate s[1] with gateone  , changed gate loc: 67,  sub gate loc: 1Inverter: 0
Simulate AEM is 0.066770
Now AEM is 87.058960
Simulate added AEM is -0.000900, Now added AEM is -0.049980
Approximate gate:263, Approximate area:567.000000
Accurate error is 87.058960, Area :567.000000, Delay: 16.900000, Gate: 263
Now running time: 237
Change gate n100 with gateone  , changed gate loc: 100,  sub gate loc: 1Inverter: 0
Simulate AEM is 0.066290
Now AEM is 87.492910
Simulate added AEM is -0.000480, Now added AEM is 0.433950
Approximate gate:263, Approximate area:566.000000
Accurate error is 87.492910, Area :566.000000, Delay: 16.900000, Gate: 263
Now running time: 253
Change gate s[8] with gaten158  , changed gate loc: 74,  sub gate loc: 152Inverter: 1
Simulate AEM is 0.053490
Now AEM is 183.367780
Simulate added AEM is -0.012800, Now added AEM is 95.874870
Approximate gate:262, Approximate area:560.000000
Accurate error is 183.367780, Area :560.000000, Delay: 16.900000, Gate: 262
Now running time: 268
Change gate s[4] with gatezero  , changed gate loc: 70,  sub gate loc: 0Inverter: 0
Simulate AEM is 0.053330
Now AEM is 187.671050
Simulate added AEM is -0.000160, Now added AEM is 4.303270
Approximate gate:261, Approximate area:558.000000
Accurate error is 187.671050, Area :558.000000, Delay: 16.100000, Gate: 261
Now running time: 282
Change gate n127 with gateone  , changed gate loc: 124,  sub gate loc: 1Inverter: 0
Simulate AEM is 0.053010
Now AEM is 186.178580
Simulate added AEM is -0.000320, Now added AEM is -1.492470
Approximate gate:261, Approximate area:557.000000
Accurate error is 186.178580, Area :557.000000, Delay: 16.100000, Gate: 261
Now running time: 297
Change gate s[3] with gatezero  , changed gate loc: 69,  sub gate loc: 0Inverter: 0
Simulate AEM is 0.052450
Now AEM is 188.041010
Simulate added AEM is -0.000560, Now added AEM is 1.862430
Approximate gate:259, Approximate area:554.000000
Accurate error is 188.041010, Area :554.000000, Delay: 16.100000, Gate: 259
Now running time: 311
Change gate s[5] with gaten138  , changed gate loc: 71,  sub gate loc: 134Inverter: 0
Simulate AEM is 0.048290
Now AEM is 185.582780
Simulate added AEM is -0.004160, Now added AEM is -2.458230
Approximate gate:258, Approximate area:553.000000
Accurate error is 185.582780, Area :553.000000, Delay: 16.100000, Gate: 258
Now running time: 326
Change gate s[9] with gaten213  , changed gate loc: 75,  sub gate loc: 201Inverter: 0
Simulate AEM is 0.012450
Now AEM is 334.166210
Simulate added AEM is -0.035840, Now added AEM is 148.583430
Approximate gate:256, Approximate area:546.000000
Accurate error is 334.166210, Area :546.000000, Delay: 16.100000, Gate: 256
Now running time: 340
Change gate s[10] with gaten139  , changed gate loc: 76,  sub gate loc: 135Inverter: 1
Simulate AEM is 0.002210
Now AEM is 698.543980
Simulate added AEM is -0.010240, Now added AEM is 364.377770
Approximate gate:254, Approximate area:539.000000
Accurate error is 698.543980, Area :539.000000, Delay: 16.100000, Gate: 254
Now running time: 353
Change gate s[11] with gates[13]  , changed gate loc: 77,  sub gate loc: 79Inverter: 1
Simulate AEM is -0.038750
Now AEM is 1337.302950
Simulate added AEM is -0.040960, Now added AEM is 638.758970
Approximate gate:247, Approximate area:521.000000
Accurate error is 1337.302950, Area :521.000000, Delay: 16.100000, Gate: 247
Now running time: 367
Change gate n209 with gaten204  , changed gate loc: 198,  sub gate loc: 193Inverter: 0
Simulate AEM is -0.114150
Now AEM is 2708.546700
Simulate added AEM is -0.075400, Now added AEM is 1371.243750
Approximate gate:246, Approximate area:518.000000
Accurate error is 2708.546700, Area :518.000000, Delay: 16.100000, Gate: 246
Now running time: 380
Change gate s[8] with gatezero  , changed gate loc: 74,  sub gate loc: 0Inverter: 0
Simulate AEM is -0.119270
Now AEM is 2736.826180
Simulate added AEM is -0.005120, Now added AEM is 28.279480
Approximate gate:246, Approximate area:517.000000
Accurate error is 2736.826180, Area :517.000000, Delay: 16.100000, Gate: 246
Now running time: 393
Change gate s[12] with gatey[2]  , changed gate loc: 78,  sub gate loc: 36Inverter: 0
Simulate AEM is -0.160230
Now AEM is 3797.235490
Simulate added AEM is -0.040960, Now added AEM is 1060.409310
Approximate gate:245, Approximate area:511.000000
Accurate error is 3797.235490, Area :511.000000, Delay: 16.100000, Gate: 245
Now running time: 405
Change gate s[17] with gaten158  , changed gate loc: 83,  sub gate loc: 152Inverter: 1
Simulate AEM is -0.241190
Now AEM is 67730.989970
Simulate added AEM is -0.080960, Now added AEM is 63933.754480
Approximate gate:244, Approximate area:505.000000
Accurate error is 67730.989970, Area :505.000000, Delay: 16.100000, Gate: 244
Now running time: 418
Change gate s[15] with gaten163  , changed gate loc: 81,  sub gate loc: 156Inverter: 0
Simulate AEM is -0.568870
Now AEM is 74924.552680
Simulate added AEM is -0.327680, Now added AEM is 7193.562710
Approximate gate:241, Approximate area:496.000000
Accurate error is 74924.552680, Area :496.000000, Delay: 16.100000, Gate: 241
Now running time: 430
Change gate n210 with gaten208  , changed gate loc: 199,  sub gate loc: 197Inverter: 1
Simulate AEM is -0.625190
Now AEM is 75310.769750
Simulate added AEM is -0.056320, Now added AEM is 386.217070
Approximate gate:240, Approximate area:492.000000
Accurate error is 75310.769750, Area :492.000000, Delay: 16.100000, Gate: 240
Now running time: 442
Change gate s[9] with gatex[0]  , changed gate loc: 75,  sub gate loc: 2Inverter: 1
Simulate AEM is -0.661030
Now AEM is 75992.387960
Simulate added AEM is -0.035840, Now added AEM is 681.618210
Approximate gate:238, Approximate area:488.000000
Accurate error is 75992.387960, Area :488.000000, Delay: 16.100000, Gate: 238
Now running time: 454
Change gate s[14] with gates[12]  , changed gate loc: 80,  sub gate loc: 78Inverter: 0
Simulate AEM is -0.757510
Now AEM is 77602.927900
Simulate added AEM is -0.096480, Now added AEM is 1610.539940
Approximate gate:230, Approximate area:472.000000
Accurate error is 77602.927900, Area :472.000000, Delay: 16.100000, Gate: 230
Now running time: 466
Change gate s[13] with gaten201  , changed gate loc: 79,  sub gate loc: 190Inverter: 1
Simulate AEM is -0.880390
Now AEM is 78069.005980
Simulate added AEM is -0.122880, Now added AEM is 466.078080
Approximate gate:229, Approximate area:466.000000
Accurate error is 78069.005980, Area :466.000000, Delay: 16.100000, Gate: 229
Now running time: 477
Change gate s[7] with gateone  , changed gate loc: 73,  sub gate loc: 1Inverter: 0
Simulate AEM is -1.101830
Now AEM is 77482.942770
Simulate added AEM is -0.221440, Now added AEM is -586.063210
Approximate gate:229, Approximate area:465.000000
Accurate error is 77482.942770, Area :465.000000, Delay: 16.100000, Gate: 229
Now running time: 488
Change gate s[19] with gatey[19]  , changed gate loc: 85,  sub gate loc: 53Inverter: 0
Simulate AEM is -2.087410
Now AEM is 301440.432210
Simulate added AEM is -0.985580, Now added AEM is 223957.489440
Approximate gate:227, Approximate area:456.000000
Accurate error is 301440.432210, Area :456.000000, Delay: 16.100000, Gate: 227
Now running time: 498
Change gate n270 with gatey[17]  , changed gate loc: 253,  sub gate loc: 51Inverter: 1
Simulate AEM is -2.521270
Now AEM is 323407.090950
Simulate added AEM is -0.433860, Now added AEM is 21966.658740
Approximate gate:224, Approximate area:449.000000
Accurate error is 323407.090950, Area :449.000000, Delay: 16.100000, Gate: 224
Now running time: 508
Change gate s[6] with gatezero  , changed gate loc: 72,  sub gate loc: 0Inverter: 0
Simulate AEM is -2.586550
Now AEM is 324576.707140
Simulate added AEM is -0.065280, Now added AEM is 1169.616190
Approximate gate:224, Approximate area:448.000000
Accurate error is 324576.707140, Area :448.000000, Delay: 16.100000, Gate: 224
Now running time: 519
Change gate s[5] with gatezero  , changed gate loc: 71,  sub gate loc: 0Inverter: 0
Simulate AEM is -2.648630
Now AEM is 324155.813540
Simulate added AEM is -0.062080, Now added AEM is -420.893600
Approximate gate:224, Approximate area:447.000000
Accurate error is 324155.813540, Area :447.000000, Delay: 16.100000, Gate: 224
Now running time: 528
Change gate n162 with gaten144  , changed gate loc: 155,  sub gate loc: 139Inverter: 0
Simulate AEM is -3.959350
Now AEM is 323285.802970
Simulate added AEM is -1.310720, Now added AEM is -870.010570
Approximate gate:216, Approximate area:433.000000
Accurate error is 323285.802970, Area :433.000000, Delay: 16.000000, Gate: 216
Now running time: 538
Change gate s[11] with gaten178  , changed gate loc: 77,  sub gate loc: 170Inverter: 0
Simulate AEM is -4.491830
Now AEM is 323780.171240
Simulate added AEM is -0.532480, Now added AEM is 494.368270
Approximate gate:215, Approximate area:432.000000
Accurate error is 323780.171240, Area :432.000000, Delay: 16.000000, Gate: 215
Now running time: 547
Change gate s[9] with gatezero  , changed gate loc: 75,  sub gate loc: 0Inverter: 0
Simulate AEM is -4.563510
Now AEM is 323620.985300
Simulate added AEM is -0.071680, Now added AEM is -159.185940
Approximate gate:215, Approximate area:431.000000
Accurate error is 323620.985300, Area :431.000000, Delay: 16.000000, Gate: 215
Now running time: 556
Change gate n166 with gaten142  , changed gate loc: 159,  sub gate loc: 137Inverter: 0
Simulate AEM is -8.495670
Now AEM is 323817.062470
Simulate added AEM is -3.932160, Now added AEM is 196.077170
Approximate gate:208, Approximate area:416.000000
Accurate error is 323817.062470, Area :416.000000, Delay: 16.000000, Gate: 208
Now running time: 565
Change gate s[10] with gatezero  , changed gate loc: 76,  sub gate loc: 0Inverter: 0
Simulate AEM is -8.608310
Now AEM is 322993.298550
Simulate added AEM is -0.112640, Now added AEM is -823.763920
Approximate gate:208, Approximate area:415.000000
Accurate error is 322993.298550, Area :415.000000, Delay: 16.000000, Gate: 208
Now running time: 575
Change gate n162 with gateone  , changed gate loc: 155,  sub gate loc: 1Inverter: 0
Simulate AEM is -9.919030
Now AEM is 324264.683830
Simulate added AEM is -1.310720, Now added AEM is 1271.385280
Approximate gate:207, Approximate area:412.000000
Accurate error is 324264.683830, Area :412.000000, Delay: 16.000000, Gate: 207
Now running time: 584
Change gate n248 with gaten169  , changed gate loc: 233,  sub gate loc: 162Inverter: 1
Simulate AEM is -16.772730
Now AEM is 324680.174560
Simulate added AEM is -6.853700, Now added AEM is 415.490730
Approximate gate:190, Approximate area:371.000000
Accurate error is 324680.174560, Area :371.000000, Delay: 16.000000, Gate: 190
Now running time: 592
Change gate s[15] with gatex[4]  , changed gate loc: 81,  sub gate loc: 6Inverter: 0
Simulate AEM is -18.411130
Now AEM is 324180.907670
Simulate added AEM is -1.638400, Now added AEM is -499.266890
Approximate gate:188, Approximate area:366.000000
Accurate error is 324180.907670, Area :366.000000, Delay: 16.000000, Gate: 188
Now running time: 601
Change gate s[16] with gaten252  , changed gate loc: 82,  sub gate loc: 237Inverter: 0
Simulate AEM is -23.654010
Now AEM is 326793.768860
Simulate added AEM is -5.242880, Now added AEM is 2612.861190
Approximate gate:186, Approximate area:359.000000
Accurate error is 326793.768860, Area :359.000000, Delay: 16.000000, Gate: 186
Now running time: 609
Change gate n289 with gaten216  , changed gate loc: 270,  sub gate loc: 204Inverter: 0
Simulate AEM is -33.710390
Now AEM is 1043956.244880
Simulate added AEM is -10.056380, Now added AEM is 717162.476020
Approximate gate:183, Approximate area:353.000000
Accurate error is 1043956.244880, Area :353.000000, Delay: 16.000000, Gate: 183
Now running time: 616
Change gate s[24] with gates[15]  , changed gate loc: 90,  sub gate loc: 81Inverter: 1
Simulate AEM is -37.771810
Now AEM is 8914451.096640
Simulate added AEM is -4.061420, Now added AEM is 7870494.851760
Approximate gate:181, Approximate area:346.000000
Accurate error is 8914451.096640, Area :346.000000, Delay: 16.000000, Gate: 181
Now running time: 624
Change gate s[22] with gaten215  , changed gate loc: 88,  sub gate loc: 203Inverter: 0
Simulate AEM is -45.138110
Now AEM is 9782383.492850
Simulate added AEM is -7.366300, Now added AEM is 867932.396210
Approximate gate:177, Approximate area:337.000000
Accurate error is 9782383.492850, Area :337.000000, Delay: 16.000000, Gate: 177
Now running time: 631
Change gate s[18] with gatezero  , changed gate loc: 84,  sub gate loc: 0Inverter: 0
Simulate AEM is -55.930070
Now AEM is 9771032.727040
Simulate added AEM is -10.791960, Now added AEM is -11350.765810
Approximate gate:172, Approximate area:326.000000
Accurate error is 9771032.727040, Area :326.000000, Delay: 16.000000, Gate: 172
Now running time: 638
Change gate s[20] with gatey[3]  , changed gate loc: 86,  sub gate loc: 37Inverter: 1
Simulate AEM is -67.742330
Now AEM is 9840171.744520
Simulate added AEM is -11.812260, Now added AEM is 69139.017480
Approximate gate:171, Approximate area:320.000000
Accurate error is 9840171.744520, Area :320.000000, Delay: 16.000000, Gate: 171
Now running time: 644
Change gate n242 with gatey[7]  , changed gate loc: 227,  sub gate loc: 41Inverter: 0
Simulate AEM is -288.790230
Now AEM is 9819531.389150
Simulate added AEM is -221.047900, Now added AEM is -20640.355370
Approximate gate:152, Approximate area:288.000000
Accurate error is 9819531.389150, Area :288.000000, Delay: 16.000000, Gate: 152
Now running time: 650
Change gate s[11] with gatey[9]  , changed gate loc: 77,  sub gate loc: 43Inverter: 0
Simulate AEM is -290.981590
Now AEM is 9817612.519610
Simulate added AEM is -2.191360, Now added AEM is -1918.869540
Approximate gate:150, Approximate area:285.000000
Accurate error is 9817612.519610, Area :285.000000, Delay: 16.000000, Gate: 150
Now running time: 656
Change gate s[11] with gateone  , changed gate loc: 77,  sub gate loc: 1Inverter: 0
Simulate AEM is -294.545110
Now AEM is 9833501.739390
Simulate added AEM is -3.563520, Now added AEM is 15889.219780
Approximate gate:150, Approximate area:284.000000
Accurate error is 9833501.739390, Area :284.000000, Delay: 16.000000, Gate: 150
Now running time: 662
Change gate s[13] with gateone  , changed gate loc: 79,  sub gate loc: 1Inverter: 0
Simulate AEM is -304.703190
Now AEM is 9797196.330590
Simulate added AEM is -10.158080, Now added AEM is -36305.408800
Approximate gate:147, Approximate area:279.000000
Accurate error is 9797196.330590, Area :279.000000, Delay: 16.000000, Gate: 147
Now running time: 668
Change gate s[23] with gates[22]  , changed gate loc: 89,  sub gate loc: 88Inverter: 0
Simulate AEM is -365.478930
Now AEM is 11700892.248230
Simulate added AEM is -60.775740, Now added AEM is 1903695.917640
Approximate gate:142, Approximate area:264.000000
Accurate error is 11700892.248230, Area :264.000000, Delay: 16.000000, Gate: 142
Now running time: 674
Change gate s[17] with gatex[7]  , changed gate loc: 83,  sub gate loc: 9Inverter: 0
Simulate AEM is -373.744850
Now AEM is 11685754.105710
Simulate added AEM is -8.265920, Now added AEM is -15138.142520
Approximate gate:141, Approximate area:262.000000
Accurate error is 11685754.105710, Area :262.000000, Delay: 16.000000, Gate: 141
Now running time: 679
Change gate s[21] with gaten327  , changed gate loc: 87,  sub gate loc: 304Inverter: 0
Simulate AEM is -481.808050
Now AEM is 11609588.083760
Simulate added AEM is -108.063200, Now added AEM is -76166.021950
Approximate gate:133, Approximate area:246.000000
Accurate error is 11609588.083760, Area :246.000000, Delay: 16.000000, Gate: 133
Now running time: 684
Change gate s[14] with gatezero  , changed gate loc: 80,  sub gate loc: 0Inverter: 0
Simulate AEM is -524.570290
Now AEM is 11640734.826710
Simulate added AEM is -42.762240, Now added AEM is 31146.742950
Approximate gate:133, Approximate area:245.000000
Accurate error is 11640734.826710, Area :245.000000, Delay: 16.000000, Gate: 133
Now running time: 689
Change gate s[12] with gateone  , changed gate loc: 78,  sub gate loc: 1Inverter: 0
Simulate AEM is -527.765170
Now AEM is 11657905.214030
Simulate added AEM is -3.194880, Now added AEM is 17170.387320
Approximate gate:133, Approximate area:244.000000
Accurate error is 11657905.214030, Area :244.000000, Delay: 16.000000, Gate: 133
Now running time: 694
Change gate s[17] with gateone  , changed gate loc: 83,  sub gate loc: 1Inverter: 0
Simulate AEM is -681.119410
Now AEM is 11632397.675060
Simulate added AEM is -153.354240, Now added AEM is -25507.538970
Approximate gate:133, Approximate area:243.000000
Accurate error is 11632397.675060, Area :243.000000, Delay: 16.000000, Gate: 133
Now running time: 699
Change gate s[25] with gatex[16]  , changed gate loc: 91,  sub gate loc: 18Inverter: 0
Simulate AEM is -1028.119670
Now AEM is 22601978.117800
Simulate added AEM is -347.000260, Now added AEM is 10969580.442740
Approximate gate:132, Approximate area:237.000000
Accurate error is 22601978.117800, Area :237.000000, Delay: 16.000000, Gate: 132
Now running time: 703
Change gate n287 with gateone  , changed gate loc: 268,  sub gate loc: 1Inverter: 0
Simulate AEM is -1720.164970
Now AEM is 22495906.503260
Simulate added AEM is -692.045300, Now added AEM is -106071.614540
Approximate gate:130, Approximate area:230.000000
Accurate error is 22495906.503260, Area :230.000000, Delay: 16.000000, Gate: 130
Now running time: 708
Change gate n269 with gatey[17]  , changed gate loc: 252,  sub gate loc: 51Inverter: 0
Simulate AEM is -1800.457670
Now AEM is 22511318.737880
Simulate added AEM is -80.292700, Now added AEM is 15412.234620
Approximate gate:129, Approximate area:228.000000
Accurate error is 22511318.737880, Area :228.000000, Delay: 16.000000, Gate: 129
Now running time: 712
Change gate s[16] with gateone  , changed gate loc: 82,  sub gate loc: 1Inverter: 0
Simulate AEM is -1850.153810
Now AEM is 22660264.540120
Simulate added AEM is -49.696140, Now added AEM is 148945.802240
Approximate gate:129, Approximate area:226.000000
Accurate error is 22660264.540120, Area :226.000000, Delay: 16.000000, Gate: 129
Now running time: 716
Change gate n282 with gaten263  , changed gate loc: 263,  sub gate loc: 246Inverter: 0
Simulate AEM is -8989.693470
Now AEM is 22562724.724820
Simulate added AEM is -7139.539660, Now added AEM is -97539.815300
Approximate gate:123, Approximate area:215.000000
Accurate error is 22562724.724820, Area :215.000000, Delay: 16.000000, Gate: 123
Now running time: 721
The 0 choose is not good
Change gate n321 with gaten320  , changed gate loc: 298,  sub gate loc: 297Inverter: 0
Simulate AEM is -11031.647790
Now AEM is 22591954.540130
Simulate added AEM is -2041.954320, Now added AEM is 29229.815310
Approximate gate:115, Approximate area:200.000000
Accurate error is 22591954.540130, Area :200.000000, Delay: 16.000000, Gate: 115
Now running time: 724
Change gate s[22] with gatezero  , changed gate loc: 88,  sub gate loc: 0Inverter: 0
Simulate AEM is -11593.184370
Now AEM is 22615554.770460
Simulate added AEM is -561.536580, Now added AEM is 23600.230330
Approximate gate:115, Approximate area:199.000000
Accurate error is 22615554.770460, Area :199.000000, Delay: 16.000000, Gate: 115
Now running time: 728
Change gate s[24] with gatezero  , changed gate loc: 90,  sub gate loc: 0Inverter: 0
Simulate AEM is -11612.283170
Now AEM is 24125562.240290
Simulate added AEM is -19.098800, Now added AEM is 1510007.469830
Approximate gate:115, Approximate area:198.000000
Accurate error is 24125562.240290, Area :198.000000, Delay: 16.000000, Gate: 115
Now running time: 732
Change gate s[15] with gateone  , changed gate loc: 81,  sub gate loc: 1Inverter: 0
Simulate AEM is -11634.565410
Now AEM is 24102122.654300
Simulate added AEM is -22.282240, Now added AEM is -23439.585990
Approximate gate:115, Approximate area:197.000000
Accurate error is 24102122.654300, Area :197.000000, Delay: 16.000000, Gate: 115
Now running time: 735
Change gate s[19] with gateone  , changed gate loc: 85,  sub gate loc: 1Inverter: 0
Simulate AEM is -12414.454810
Now AEM is 23986814.261630
Simulate added AEM is -779.889400, Now added AEM is -115308.392670
Approximate gate:115, Approximate area:196.000000
Accurate error is 23986814.261630, Area :196.000000, Delay: 16.000000, Gate: 115
Now running time: 739
Change gate n329 with gaten326  , changed gate loc: 306,  sub gate loc: 303Inverter: 1
Simulate AEM is -25403.426470
Now AEM is 24570633.799810
Simulate added AEM is -12988.971660, Now added AEM is 583819.538180
Approximate gate:112, Approximate area:189.000000
Accurate error is 24570633.799810, Area :189.000000, Delay: 16.000000, Gate: 112
Now running time: 743
Change gate s[20] with gatezero  , changed gate loc: 86,  sub gate loc: 0Inverter: 0
Simulate AEM is -26472.864370
Now AEM is 24865133.438430
Simulate added AEM is -1069.437900, Now added AEM is 294499.638620
Approximate gate:112, Approximate area:188.000000
Accurate error is 24865133.438430, Area :188.000000, Delay: 16.000000, Gate: 112
Now running time: 746
Change gate s[21] with gaten295  , changed gate loc: 87,  sub gate loc: 275Inverter: 0
Simulate AEM is -27530.445410
Now AEM is 24669466.711220
Simulate added AEM is -1057.581040, Now added AEM is -195666.727210
Approximate gate:111, Approximate area:187.000000
Accurate error is 24669466.711220, Area :187.000000, Delay: 16.000000, Gate: 111
Now running time: 749
The 0 choose is not good
The 1 choose is not good
Change gate n356 with gatezero  , changed gate loc: 329,  sub gate loc: 0Inverter: 0
Simulate AEM is -27530.445410
Now AEM is 24747982.297480
Simulate added AEM is 0.000000, Now added AEM is 78515.586260
Approximate gate:107, Approximate area:179.000000
Accurate error is 24747982.297480, Area :179.000000, Delay: 16.000000, Gate: 107
Now running time: 753
Change gate n331 with gaten318  , changed gate loc: 307,  sub gate loc: 295Inverter: 0
Simulate AEM is -42906.863570
Now AEM is 34098449.982370
Simulate added AEM is -15376.418160, Now added AEM is 9350467.684890
Approximate gate:105, Approximate area:175.000000
Accurate error is 34098449.982370, Area :175.000000, Delay: 16.000000, Gate: 105
Now running time: 756
The 0 choose is not good
Change gate n278 with gateone  , changed gate loc: 259,  sub gate loc: 1Inverter: 0
Simulate AEM is -58645.354130
Now AEM is 33820639.853880
Simulate added AEM is -15738.490560, Now added AEM is -277810.128490
Approximate gate:105, Approximate area:172.000000
Accurate error is 33820639.853880, Area :172.000000, Delay: 16.000000, Gate: 105
Now running time: 760
The 0 choose is not good
The 1 choose is not good
Change gate s[23] with gateone  , changed gate loc: 89,  sub gate loc: 1Inverter: 0
Simulate AEM is -113022.087330
Now AEM is 32059391.856160
Simulate added AEM is -54376.733200, Now added AEM is -1761247.997720
Approximate gate:105, Approximate area:171.000000
Accurate error is 32059391.856160, Area :171.000000, Delay: 16.000000, Gate: 105
Now running time: 763
The 0 choose is not good
The 1 choose is not good
Change gate n297 with gateone  , changed gate loc: 277,  sub gate loc: 1Inverter: 0
Simulate AEM is -114304.174530
Now AEM is 32245519.675280
Simulate added AEM is -1282.087200, Now added AEM is 186127.819120
Approximate gate:105, Approximate area:169.000000
Accurate error is 32245519.675280, Area :169.000000, Delay: 16.000000, Gate: 105
Now running time: 766
The 0 choose is not good
The 1 choose is not good
The 2 choose is not good
Change gate n324 with gatey[20]  , changed gate loc: 301,  sub gate loc: 54Inverter: 0
Simulate AEM is -134233.683990
Now AEM is 32035115.414910
Simulate added AEM is -19929.509460, Now added AEM is -210404.260370
Approximate gate:103, Approximate area:166.000000
Accurate error is 32035115.414910, Area :166.000000, Delay: 15.900000, Gate: 103
Now running time: 769
The 0 choose is not good
Change gate s[25] with gatezero  , changed gate loc: 91,  sub gate loc: 0Inverter: 0
Simulate AEM is -158526.654970
Now AEM is 34162654.426390
Simulate added AEM is -24292.970980, Now added AEM is 2127539.011480
Approximate gate:103, Approximate area:165.000000
Accurate error is 34162654.426390, Area :165.000000, Delay: 15.900000, Gate: 103
Now running time: 772
The 0 choose is not good
The 1 choose is not good
The 2 choose is not good
The 3 choose is not good
The 4 choose is not good
The 5 choose is not good
The 6 choose is not good
The 7 choose is not good
The 8 choose is not good
Change gate n319 with gaten323  , changed gate loc: 296,  sub gate loc: 300Inverter: 0
Simulate AEM is -21827.762710
Now AEM is 33669420.216720
Simulate added AEM is 136698.892260, Now added AEM is -493234.209670
Approximate gate:101, Approximate area:162.000000
Accurate error is 33669420.216720, Area :162.000000, Delay: 15.900000, Gate: 101
Now running time: 776
The 0 choose is not good
The 1 choose is not good
The 2 choose is not good
Change gate s[21] with gatey[21]  , changed gate loc: 87,  sub gate loc: 55Inverter: 0
Simulate AEM is -18639.647230
Now AEM is 34044866.457210
Simulate added AEM is 3188.115480, Now added AEM is 375446.240490
Approximate gate:99, Approximate area:159.000000
Accurate error is 34044866.457210, Area :159.000000, Delay: 15.900000, Gate: 99
Now running time: 780
The 0 choose is not good
The 1 choose is not good
The 2 choose is not good
The 3 choose is not good
The 4 choose is not good
The 5 choose is not good
Change gate n324 with gateone  , changed gate loc: 301,  sub gate loc: 1Inverter: 0
Simulate AEM is 34707.042090
Now AEM is 33651766.306740
Simulate added AEM is 53346.689320, Now added AEM is -393100.150470
Approximate gate:99, Approximate area:158.000000
Accurate error is 33651766.306740, Area :158.000000, Delay: 15.900000, Gate: 99
Now running time: 783
The 0 choose is not good
The 1 choose is not good
Change gate n343 with gaten341  , changed gate loc: 318,  sub gate loc: 316Inverter: 0
Simulate AEM is -15731.101750
Now AEM is 32840495.821480
Simulate added AEM is -50438.143840, Now added AEM is -811270.485260
Approximate gate:98, Approximate area:156.000000
Accurate error is 32840495.821480, Area :156.000000, Delay: 15.900000, Gate: 98
Now running time: 786
The 0 choose is not good
The 1 choose is not good
The 2 choose is not good
The 3 choose is not good
The 4 choose is not good
Change gate n326 with gaten331  , changed gate loc: 303,  sub gate loc: 307Inverter: 0
Simulate AEM is 578260.403230
Now AEM is 31689979.761970
Simulate added AEM is 593991.504980, Now added AEM is -1150516.059510
Approximate gate:94, Approximate area:147.000000
Accurate error is 31689979.761970, Area :147.000000, Delay: 15.900000, Gate: 94
Now running time: 789
Change gate s[21] with gatezero  , changed gate loc: 87,  sub gate loc: 0Inverter: 0
Simulate AEM is 578178.989030
Now AEM is 31967029.548250
Simulate added AEM is -81.414200, Now added AEM is 277049.786280
Approximate gate:94, Approximate area:146.000000
Accurate error is 31967029.548250, Area :146.000000, Delay: 15.900000, Gate: 94
Now running time: 792
The 0 choose is not good
The 1 choose is not good
The 2 choose is not good
Change gate n321 with gatezero  , changed gate loc: 298,  sub gate loc: 0Inverter: 0
Simulate AEM is 578178.989030
Now AEM is 31641942.925860
Simulate added AEM is 0.000000, Now added AEM is -325086.622390
Approximate gate:92, Approximate area:142.000000
Accurate error is 31641942.925860, Area :142.000000, Delay: 15.900000, Gate: 92
Now running time: 795
The 0 choose is not good
The 1 choose is not good
The 2 choose is not good
The 3 choose is not good
The 4 choose is not good
The 5 choose is not good
The 6 choose is not good
The 7 choose is not good
The 8 choose is not good
The 9 choose is not good
Change gate n350 with gatezero  , changed gate loc: 324,  sub gate loc: 0Inverter: 0
Simulate AEM is 816245.556370
Now AEM is 55417153.857900
Simulate added AEM is 238066.567340, Now added AEM is 23775210.932040
AEM Threshold: 34427256 Now AEM: 5.54172e+07
ALL running time: 798
Error propagation matrix time: 57 with 48127 node
Error simulation time: 682 with 862441 node
Area time: 0
Whole find time: 742
