Original Area:1081.000000, Original Delay:45.300000, Orignial Gate :490
Change gate [174797] with gate[176053]  , changed gate loc: 356,  sub gate loc: 355Inverter: 0
Simulate AEM is 0.000000
Now AEM is 0.000000
Simulate added AEM is 0.000000, Now added AEM is 0.000000
Approximate gate:489, Approximate area:1078.000000
Accurate error is 0.000000, Area :1078.000000, Delay: 44.700000, Gate: 489
Now running time: 61
Change gate [175875] with gate[176013]  , changed gate loc: 438,  sub gate loc: 436Inverter: 0
Simulate AEM is 0.000000
Now AEM is 0.000000
Simulate added AEM is 0.000000, Now added AEM is 0.000000
Approximate gate:488, Approximate area:1075.000000
Accurate error is 0.000000, Area :1075.000000, Delay: 44.100000, Gate: 488
Now running time: 122
Change gate [176137] with gate[175759]  , changed gate loc: 168,  sub gate loc: 222Inverter: 0
Simulate AEM is 0.000000
Now AEM is 0.000000
Simulate added AEM is 0.000000, Now added AEM is 0.000000
Approximate gate:487, Approximate area:1073.000000
Accurate error is 0.000000, Area :1073.000000, Delay: 44.100000, Gate: 487
Now running time: 182
Change gate [174151] with gaten312  , changed gate loc: 102,  sub gate loc: 180Inverter: 1
Simulate AEM is 0.000000
Now AEM is 0.000000
Simulate added AEM is 0.000000, Now added AEM is 0.000000
Approximate gate:487, Approximate area:1071.000000
Accurate error is 0.000000, Area :1071.000000, Delay: 44.100000, Gate: 487
Now running time: 243
Change gate n108 with gate[174200]  , changed gate loc: 201,  sub gate loc: 268Inverter: 1
Simulate AEM is 0.000000
Now AEM is 0.000000
Simulate added AEM is 0.000000, Now added AEM is 0.000000
Approximate gate:486, Approximate area:1069.000000
Accurate error is 0.000000, Area :1069.000000, Delay: 44.100000, Gate: 486
Now running time: 303
Change gate [176023] with gate[175604]  , changed gate loc: 405,  sub gate loc: 383Inverter: 0
Simulate AEM is 0.000000
Now AEM is 0.000000
Simulate added AEM is 0.000000, Now added AEM is 0.000000
Approximate gate:485, Approximate area:1067.000000
Accurate error is 0.000000, Area :1067.000000, Delay: 44.100000, Gate: 485
Now running time: 363
Change gate [174261] with gate[175768]  , changed gate loc: 333,  sub gate loc: 334Inverter: 0
Simulate AEM is 0.000000
Now AEM is 0.000000
Simulate added AEM is 0.000000, Now added AEM is 0.000000
Approximate gate:484, Approximate area:1065.000000
Accurate error is 0.000000, Area :1065.000000, Delay: 44.100000, Gate: 484
Now running time: 423
Change gate [174846] with gate[175969]  , changed gate loc: 488,  sub gate loc: 485Inverter: 0
Simulate AEM is 0.000000
Now AEM is 0.000000
Simulate added AEM is 0.000000, Now added AEM is 0.000000
Approximate gate:483, Approximate area:1063.000000
Accurate error is 0.000000, Area :1063.000000, Delay: 44.100000, Gate: 483
Now running time: 483
Change gate [174314] with gaten382  , changed gate loc: 455,  sub gate loc: 456Inverter: 1
Simulate AEM is 0.000000
Now AEM is 0.000000
Simulate added AEM is 0.000000, Now added AEM is 0.000000
Approximate gate:483, Approximate area:1061.000000
Accurate error is 0.000000, Area :1061.000000, Delay: 44.100000, Gate: 483
Now running time: 542
Change gate [174713] with gate[174337]  , changed gate loc: 507,  sub gate loc: 495Inverter: 0
Simulate AEM is 0.000000
Now AEM is 0.000000
Simulate added AEM is 0.000000, Now added AEM is 0.000000
Approximate gate:482, Approximate area:1059.000000
Accurate error is 0.000000, Area :1059.000000, Delay: 43.100000, Gate: 482
Now running time: 601
Change gate [175953] with gate[174864]  , changed gate loc: 500,  sub gate loc: 503Inverter: 0
Simulate AEM is 0.000000
Now AEM is 0.000000
Simulate added AEM is 0.000000, Now added AEM is 0.000000
Approximate gate:481, Approximate area:1057.000000
Accurate error is 0.000000, Area :1057.000000, Delay: 43.100000, Gate: 481
Now running time: 661
Change gate n109 with gate[174183]  , changed gate loc: 151,  sub gate loc: 205Inverter: 1
Simulate AEM is 0.000000
Now AEM is 0.000000
Simulate added AEM is 0.000000, Now added AEM is 0.000000
Approximate gate:480, Approximate area:1055.000000
Accurate error is 0.000000, Area :1055.000000, Delay: 43.100000, Gate: 480
Now running time: 719
Change gate [174657] with gate[174226]  , changed gate loc: 242,  sub gate loc: 239Inverter: 0
Simulate AEM is 0.000000
Now AEM is 0.000000
Simulate added AEM is 0.000000, Now added AEM is 0.000000
Approximate gate:479, Approximate area:1054.000000
Accurate error is 0.000000, Area :1054.000000, Delay: 43.100000, Gate: 479
Now running time: 778
Change gate [174867] with gate[174338]  , changed gate loc: 504,  sub gate loc: 493Inverter: 1
Simulate AEM is 0.000000
Now AEM is 0.000000
Simulate added AEM is 0.000000, Now added AEM is 0.000000
Approximate gate:479, Approximate area:1053.000000
Accurate error is 0.000000, Area :1053.000000, Delay: 43.100000, Gate: 479
Now running time: 837
Change gate [175015] with gateone  , changed gate loc: 494,  sub gate loc: 1Inverter: 0
Simulate AEM is 0.000000
Now AEM is 0.000000
Simulate added AEM is 0.000000, Now added AEM is 0.000000
Approximate gate:479, Approximate area:1052.000000
Accurate error is 0.000000, Area :1052.000000, Delay: 43.100000, Gate: 479
Now running time: 895
Change gate [174710] with gate[174339]  , changed gate loc: 502,  sub gate loc: 497Inverter: 0
Simulate AEM is 0.000000
Now AEM is 0.000000
Simulate added AEM is 0.000000, Now added AEM is 0.000000
Approximate gate:478, Approximate area:1051.000000
Accurate error is 0.000000, Area :1051.000000, Delay: 43.100000, Gate: 478
Now running time: 954
Change gate product[0] with gate[174605]  , changed gate loc: 18,  sub gate loc: 37Inverter: 0
Simulate AEM is 0.249980
Now AEM is 0.249980
Simulate added AEM is 0.249980, Now added AEM is 0.249980
Approximate gate:475, Approximate area:1047.000000
Accurate error is 0.249980, Area :1047.000000, Delay: 43.100000, Gate: 475
Now running time: 1012
Change gate [174150] with gate[175977]  , changed gate loc: 101,  sub gate loc: 481Inverter: 0
Simulate AEM is 0.023520
Now AEM is 1.456480
Simulate added AEM is -0.226460, Now added AEM is 1.206500
Approximate gate:473, Approximate area:1044.000000
Accurate error is 1.456480, Area :1044.000000, Delay: 43.100000, Gate: 473
Now running time: 1084
Change gate [174134] with gateone  , changed gate loc: 71,  sub gate loc: 1Inverter: 0
Simulate AEM is 0.153280
Now AEM is 1.464560
Simulate added AEM is 0.129760, Now added AEM is 0.008080
Approximate gate:472, Approximate area:1041.000000
Accurate error is 1.464560, Area :1041.000000, Delay: 43.100000, Gate: 472
Now running time: 1166
Change gate [174769] with gate[174921]  , changed gate loc: 240,  sub gate loc: 238Inverter: 0
Simulate AEM is 0.150640
Now AEM is 3.246840
Simulate added AEM is -0.002640, Now added AEM is 1.782280
Approximate gate:471, Approximate area:1040.000000
Accurate error is 3.246840, Area :1040.000000, Delay: 43.100000, Gate: 471
Now running time: 1246
Change gate [175937] with gate[174163]  , changed gate loc: 116,  sub gate loc: 122Inverter: 0
Simulate AEM is 0.150020
Now AEM is 10.066530
Simulate added AEM is -0.000620, Now added AEM is 6.819690
Approximate gate:470, Approximate area:1038.000000
Accurate error is 10.066530, Area :1038.000000, Delay: 43.100000, Gate: 470
Now running time: 1319
Change gate [176217] with gate[176045]  , changed gate loc: 91,  sub gate loc: 368Inverter: 1
Simulate AEM is 0.149640
Now AEM is 13.802130
Simulate added AEM is -0.000380, Now added AEM is 3.735600
Approximate gate:470, Approximate area:1037.000000
Accurate error is 13.802130, Area :1037.000000, Delay: 43.100000, Gate: 470
Now running time: 1387
Change gate [174942] with gate[174849]  , changed gate loc: 298,  sub gate loc: 489Inverter: 1
Simulate AEM is 0.149340
Now AEM is 88.844130
Simulate added AEM is -0.000300, Now added AEM is 75.042000
Approximate gate:470, Approximate area:1035.000000
Accurate error is 88.844130, Area :1035.000000, Delay: 43.100000, Gate: 470
Now running time: 1449
Change gate [174171] with gate[175596]  , changed gate loc: 136,  sub gate loc: 329Inverter: 0
Simulate AEM is 0.149020
Now AEM is 102.067100
Simulate added AEM is -0.000320, Now added AEM is 13.222970
Approximate gate:467, Approximate area:1029.000000
Accurate error is 102.067100, Area :1029.000000, Delay: 43.100000, Gate: 467
Now running time: 1509
Change gate [174122] with gate[176185]  , changed gate loc: 51,  sub gate loc: 125Inverter: 1
Simulate AEM is 0.149000
Now AEM is 103.365580
Simulate added AEM is -0.000020, Now added AEM is 1.298480
Approximate gate:466, Approximate area:1027.000000
Accurate error is 103.365580, Area :1027.000000, Delay: 43.100000, Gate: 466
Now running time: 1567
Change gate [174198] with gate[174224]  , changed gate loc: 184,  sub gate loc: 189Inverter: 0
Simulate AEM is 0.148940
Now AEM is 116.524650
Simulate added AEM is -0.000060, Now added AEM is 13.159070
Approximate gate:464, Approximate area:1023.000000
Accurate error is 116.524650, Area :1023.000000, Delay: 43.100000, Gate: 464
Now running time: 1625
Change gate [174133] with gate[174244]  , changed gate loc: 68,  sub gate loc: 257Inverter: 0
Simulate AEM is 0.148920
Now AEM is 116.411240
Simulate added AEM is -0.000020, Now added AEM is -0.113410
Approximate gate:462, Approximate area:1018.000000
Accurate error is 116.411240, Area :1018.000000, Delay: 43.100000, Gate: 462
Now running time: 1682
Change gate [174193] with gaten179  , changed gate loc: 173,  sub gate loc: 364Inverter: 0
Simulate AEM is 0.148900
Now AEM is 126.413860
Simulate added AEM is -0.000020, Now added AEM is 10.002620
Approximate gate:458, Approximate area:1008.000000
Accurate error is 126.413860, Area :1008.000000, Delay: 43.100000, Gate: 458
Now running time: 1739
Change gate [174125] with gate[174156]  , changed gate loc: 55,  sub gate loc: 110Inverter: 0
Simulate AEM is 0.148760
Now AEM is 126.268360
Simulate added AEM is -0.000140, Now added AEM is -0.145500
Approximate gate:455, Approximate area:1002.000000
Accurate error is 126.268360, Area :1002.000000, Delay: 43.100000, Gate: 455
Now running time: 1795
Change gate [174733] with gate[175622]  , changed gate loc: 72,  sub gate loc: 157Inverter: 0
Simulate AEM is 0.148480
Now AEM is 126.406510
Simulate added AEM is -0.000280, Now added AEM is 0.138150
Approximate gate:453, Approximate area:997.000000
Accurate error is 126.406510, Area :997.000000, Delay: 43.100000, Gate: 453
Now running time: 1850
Change gate [174741] with gate[174147]  , changed gate loc: 97,  sub gate loc: 94Inverter: 0
Simulate AEM is 0.148460
Now AEM is 127.616260
Simulate added AEM is -0.000020, Now added AEM is 1.209750
Approximate gate:452, Approximate area:996.000000
Accurate error is 127.616260, Area :996.000000, Delay: 43.100000, Gate: 452
Now running time: 1904
Change gate product[2] with gatezero  , changed gate loc: 20,  sub gate loc: 0Inverter: 0
Simulate AEM is 0.148440
Now AEM is 126.740020
Simulate added AEM is -0.000020, Now added AEM is -0.876240
Approximate gate:442, Approximate area:971.000000
Accurate error is 126.740020, Area :971.000000, Delay: 43.100000, Gate: 442
Now running time: 1959
Change gate product[1] with gate[174231]  , changed gate loc: 19,  sub gate loc: 265Inverter: 0
Simulate AEM is 0.148180
Now AEM is 126.901240
Simulate added AEM is -0.000260, Now added AEM is 0.161220
Approximate gate:439, Approximate area:964.000000
Accurate error is 126.901240, Area :964.000000, Delay: 43.100000, Gate: 439
Now running time: 2011
Change gate [175065] with gate[175921]  , changed gate loc: 105,  sub gate loc: 309Inverter: 0
Simulate AEM is 0.148160
Now AEM is 122.741690
Simulate added AEM is -0.000020, Now added AEM is -4.159550
Approximate gate:438, Approximate area:963.000000
Accurate error is 122.741690, Area :963.000000, Delay: 43.100000, Gate: 438
Now running time: 2063
Change gate product[5] with gate[174913]  , changed gate loc: 23,  sub gate loc: 174Inverter: 0
Simulate AEM is 0.147720
Now AEM is 113.784670
Simulate added AEM is -0.000440, Now added AEM is -8.957020
Approximate gate:436, Approximate area:958.000000
Accurate error is 113.784670, Area :958.000000, Delay: 43.100000, Gate: 436
Now running time: 2114
Change gate product[8] with gate[174254]  , changed gate loc: 26,  sub gate loc: 305Inverter: 1
Simulate AEM is 0.147520
Now AEM is 209.484890
Simulate added AEM is -0.000200, Now added AEM is 95.700220
Approximate gate:434, Approximate area:950.000000
Accurate error is 209.484890, Area :950.000000, Delay: 43.100000, Gate: 434
Now running time: 2164
The 0 choose is not good
Change gate [174192] with gate[175564]  , changed gate loc: 171,  sub gate loc: 211Inverter: 0
Simulate AEM is 0.146380
Now AEM is 210.979330
Simulate added AEM is -0.001140, Now added AEM is 1.494440
Approximate gate:431, Approximate area:942.000000
Accurate error is 210.979330, Area :942.000000, Delay: 43.100000, Gate: 431
Now running time: 2214
The 0 choose is not good
Change gate [174763] with gate[174321]  , changed gate loc: 187,  sub gate loc: 453Inverter: 0
Simulate AEM is 0.145520
Now AEM is 224.448770
Simulate added AEM is -0.000860, Now added AEM is 13.469440
Approximate gate:430, Approximate area:941.000000
Accurate error is 224.448770, Area :941.000000, Delay: 43.100000, Gate: 430
Now running time: 2262
The 0 choose is not good
Change gate product[0] with gate[175245]  , changed gate loc: 18,  sub gate loc: 61Inverter: 0
Simulate AEM is 0.145290
Now AEM is 226.455210
Simulate added AEM is -0.000230, Now added AEM is 2.006440
Approximate gate:428, Approximate area:938.000000
Accurate error is 226.455210, Area :938.000000, Delay: 43.100000, Gate: 428
Now running time: 2311
Change gate [174167] with gatemultiplier[1]  , changed gate loc: 128,  sub gate loc: 11Inverter: 1
Simulate AEM is 0.144050
Now AEM is 226.909970
Simulate added AEM is -0.001240, Now added AEM is 0.454760
Approximate gate:428, Approximate area:935.000000
Accurate error is 226.909970, Area :935.000000, Delay: 43.100000, Gate: 428
Now running time: 2359
Change gate [175265] with gate[174155]  , changed gate loc: 114,  sub gate loc: 108Inverter: 0
Simulate AEM is 0.143430
Now AEM is 224.462170
Simulate added AEM is -0.000620, Now added AEM is -2.447800
Approximate gate:427, Approximate area:934.000000
Accurate error is 224.462170, Area :934.000000, Delay: 43.100000, Gate: 427
Now running time: 2407
The 0 choose is not good
Change gate [174198] with gate[174286]  , changed gate loc: 184,  sub gate loc: 376Inverter: 0
Simulate AEM is 0.132870
Now AEM is 239.132410
Simulate added AEM is -0.010560, Now added AEM is 14.670240
Approximate gate:417, Approximate area:909.000000
Accurate error is 239.132410, Area :909.000000, Delay: 43.100000, Gate: 417
Now running time: 2454
The 0 choose is not good
Change gate [174909] with gate[174176]  , changed gate loc: 140,  sub gate loc: 145Inverter: 0
Simulate AEM is 0.132030
Now AEM is 244.027900
Simulate added AEM is -0.000840, Now added AEM is 4.895490
Approximate gate:416, Approximate area:908.000000
Accurate error is 244.027900, Area :908.000000, Delay: 43.100000, Gate: 416
Now running time: 2500
Change gate [176241] with gate[174281]  , changed gate loc: 63,  sub gate loc: 369Inverter: 0
Simulate AEM is 0.131890
Now AEM is 243.297440
Simulate added AEM is -0.000140, Now added AEM is -0.730460
Approximate gate:415, Approximate area:906.000000
Accurate error is 243.297440, Area :906.000000, Delay: 43.100000, Gate: 415
Now running time: 2545
Change gate product[6] with gaten382  , changed gate loc: 24,  sub gate loc: 456Inverter: 0
Simulate AEM is 0.131470
Now AEM is 247.758700
Simulate added AEM is -0.000420, Now added AEM is 4.461260
Approximate gate:393, Approximate area:853.000000
Accurate error is 247.758700, Area :853.000000, Delay: 43.100000, Gate: 393
Now running time: 2590
Change gate [174205] with gateone  , changed gate loc: 202,  sub gate loc: 1Inverter: 0
Simulate AEM is 0.124030
Now AEM is 248.915080
Simulate added AEM is -0.007440, Now added AEM is 1.156380
Approximate gate:390, Approximate area:842.000000
Accurate error is 248.915080, Area :842.000000, Delay: 43.100000, Gate: 390
Now running time: 2631
The 0 choose is not good
The 1 choose is not good
The 2 choose is not good
The 3 choose is not good
The 4 choose is not good
Change gate [175291] with gate[174240]  , changed gate loc: 107,  sub gate loc: 249Inverter: 0
Simulate AEM is 0.119710
Now AEM is 249.811040
Simulate added AEM is -0.004320, Now added AEM is 0.895960
Approximate gate:389, Approximate area:841.000000
Accurate error is 249.811040, Area :841.000000, Delay: 43.100000, Gate: 389
Now running time: 2673
Change gate [175757] with gate[175937]  , changed gate loc: 221,  sub gate loc: 116Inverter: 0
Simulate AEM is 0.119150
Now AEM is 253.331760
Simulate added AEM is -0.000560, Now added AEM is 3.520720
Approximate gate:384, Approximate area:827.000000
Accurate error is 253.331760, Area :827.000000, Delay: 43.100000, Gate: 384
Now running time: 2713
The 0 choose is not good
The 1 choose is not good
Change gate [174190] with gate[175440]  , changed gate loc: 167,  sub gate loc: 379Inverter: 0
Simulate AEM is 0.115130
Now AEM is 254.061420
Simulate added AEM is -0.004020, Now added AEM is 0.729660
Approximate gate:382, Approximate area:822.000000
Accurate error is 254.061420, Area :822.000000, Delay: 43.100000, Gate: 382
Now running time: 2753
The 0 choose is not good
The 1 choose is not good
The 2 choose is not good
Change gate [174938] with gate[175705]  , changed gate loc: 293,  sub gate loc: 332Inverter: 1
Simulate AEM is 0.113170
Now AEM is 267.334790
Simulate added AEM is -0.001960, Now added AEM is 13.273370
Approximate gate:381, Approximate area:819.000000
Accurate error is 267.334790, Area :819.000000, Delay: 43.100000, Gate: 381
Now running time: 2792
The 0 choose is not good
The 1 choose is not good
The 2 choose is not good
The 3 choose is not good
The 4 choose is not good
The 5 choose is not good
The 6 choose is not good
The 7 choose is not good
The 8 choose is not good
The 9 choose is not good
Change gate [174308] with gate[176023]  , changed gate loc: 427,  sub gate loc: 405Inverter: 0
Simulate AEM is -0.149910
Now AEM is 1098.270510
Simulate added AEM is -0.263080, Now added AEM is 830.935720
AEM Threshold: 268 Now AEM: 1098.27
ALL running time: 2833
Error propagation matrix time: 74 with 86588 node
Error simulation time: 2712 with 4722335 node
Area time: 2
Whole find time: 2797
