Original Area:1081.000000, Original Delay:45.300000, Orignial Gate :490
Change gate [174797] with gate[176053]  , changed gate loc: 356,  sub gate loc: 355Inverter: 0
Simulate AEM is 0.000000
Now AEM is 0.000000
Simulate added AEM is 0.000000, Now added AEM is 0.000000
Approximate gate:489, Approximate area:1078.000000
Accurate error is 0.000000, Area :1078.000000, Delay: 44.700000, Gate: 489
Now running time: 64
Change gate [175875] with gate[176013]  , changed gate loc: 438,  sub gate loc: 436Inverter: 0
Simulate AEM is 0.000000
Now AEM is 0.000000
Simulate added AEM is 0.000000, Now added AEM is 0.000000
Approximate gate:488, Approximate area:1075.000000
Accurate error is 0.000000, Area :1075.000000, Delay: 44.100000, Gate: 488
Now running time: 127
Change gate [176137] with gate[175759]  , changed gate loc: 168,  sub gate loc: 222Inverter: 0
Simulate AEM is 0.000000
Now AEM is 0.000000
Simulate added AEM is 0.000000, Now added AEM is 0.000000
Approximate gate:487, Approximate area:1073.000000
Accurate error is 0.000000, Area :1073.000000, Delay: 44.100000, Gate: 487
Now running time: 192
Change gate [174867] with gate[174339]  , changed gate loc: 504,  sub gate loc: 497Inverter: 0
Simulate AEM is 0.000000
Now AEM is 0.000000
Simulate added AEM is 0.000000, Now added AEM is 0.000000
Approximate gate:486, Approximate area:1071.000000
Accurate error is 0.000000, Area :1071.000000, Delay: 44.100000, Gate: 486
Now running time: 260
Change gate [175953] with gate[174864]  , changed gate loc: 500,  sub gate loc: 503Inverter: 0
Simulate AEM is 0.000000
Now AEM is 0.000000
Simulate added AEM is 0.000000, Now added AEM is 0.000000
Approximate gate:485, Approximate area:1069.000000
Accurate error is 0.000000, Area :1069.000000, Delay: 44.100000, Gate: 485
Now running time: 323
Change gate [175969] with gate[174846]  , changed gate loc: 485,  sub gate loc: 488Inverter: 0
Simulate AEM is 0.000000
Now AEM is 0.000000
Simulate added AEM is 0.000000, Now added AEM is 0.000000
Approximate gate:484, Approximate area:1067.000000
Accurate error is 0.000000, Area :1067.000000, Delay: 44.100000, Gate: 484
Now running time: 387
Change gate [174713] with gate[174337]  , changed gate loc: 507,  sub gate loc: 495Inverter: 0
Simulate AEM is 0.000000
Now AEM is 0.000000
Simulate added AEM is 0.000000, Now added AEM is 0.000000
Approximate gate:483, Approximate area:1065.000000
Accurate error is 0.000000, Area :1065.000000, Delay: 43.100000, Gate: 483
Now running time: 448
Change gate [174314] with gaten382  , changed gate loc: 455,  sub gate loc: 456Inverter: 1
Simulate AEM is 0.000000
Now AEM is 0.000000
Simulate added AEM is 0.000000, Now added AEM is 0.000000
Approximate gate:483, Approximate area:1063.000000
Accurate error is 0.000000, Area :1063.000000, Delay: 43.100000, Gate: 483
Now running time: 507
Change gate [174151] with gaten312  , changed gate loc: 102,  sub gate loc: 180Inverter: 1
Simulate AEM is 0.000000
Now AEM is 0.000000
Simulate added AEM is 0.000000, Now added AEM is 0.000000
Approximate gate:483, Approximate area:1061.000000
Accurate error is 0.000000, Area :1061.000000, Delay: 43.100000, Gate: 483
Now running time: 567
Change gate n108 with gate[174200]  , changed gate loc: 201,  sub gate loc: 268Inverter: 1
Simulate AEM is 0.000000
Now AEM is 0.000000
Simulate added AEM is 0.000000, Now added AEM is 0.000000
Approximate gate:482, Approximate area:1059.000000
Accurate error is 0.000000, Area :1059.000000, Delay: 43.100000, Gate: 482
Now running time: 627
Change gate n109 with gate[174183]  , changed gate loc: 151,  sub gate loc: 205Inverter: 1
Simulate AEM is 0.000000
Now AEM is 0.000000
Simulate added AEM is 0.000000, Now added AEM is 0.000000
Approximate gate:481, Approximate area:1057.000000
Accurate error is 0.000000, Area :1057.000000, Delay: 43.100000, Gate: 481
Now running time: 686
Change gate [176023] with gate[175604]  , changed gate loc: 405,  sub gate loc: 383Inverter: 0
Simulate AEM is 0.000000
Now AEM is 0.000000
Simulate added AEM is 0.000000, Now added AEM is 0.000000
Approximate gate:480, Approximate area:1055.000000
Accurate error is 0.000000, Area :1055.000000, Delay: 43.100000, Gate: 480
Now running time: 745
Change gate [175768] with gate[174261]  , changed gate loc: 334,  sub gate loc: 333Inverter: 0
Simulate AEM is 0.000000
Now AEM is 0.000000
Simulate added AEM is 0.000000, Now added AEM is 0.000000
Approximate gate:479, Approximate area:1053.000000
Accurate error is 0.000000, Area :1053.000000, Delay: 43.100000, Gate: 479
Now running time: 804
Change gate [174657] with gate[174226]  , changed gate loc: 242,  sub gate loc: 239Inverter: 0
Simulate AEM is 0.000000
Now AEM is 0.000000
Simulate added AEM is 0.000000, Now added AEM is 0.000000
Approximate gate:478, Approximate area:1052.000000
Accurate error is 0.000000, Area :1052.000000, Delay: 43.100000, Gate: 478
Now running time: 862
Change gate [174710] with gate[174867]  , changed gate loc: 502,  sub gate loc: 504Inverter: 0
Simulate AEM is 0.000000
Now AEM is 0.000000
Simulate added AEM is 0.000000, Now added AEM is 0.000000
Approximate gate:477, Approximate area:1051.000000
Accurate error is 0.000000, Area :1051.000000, Delay: 43.100000, Gate: 477
Now running time: 920
Change gate [175015] with gateone  , changed gate loc: 494,  sub gate loc: 1Inverter: 0
Simulate AEM is 0.000000
Now AEM is 0.000000
Simulate added AEM is 0.000000, Now added AEM is 0.000000
Approximate gate:477, Approximate area:1050.000000
Accurate error is 0.000000, Area :1050.000000, Delay: 43.100000, Gate: 477
Now running time: 978
Change gate product[0] with gate[174869]  , changed gate loc: 18,  sub gate loc: 44Inverter: 0
Simulate AEM is 0.248080
Now AEM is 0.248080
Simulate added AEM is 0.248080, Now added AEM is 0.248080
Approximate gate:474, Approximate area:1046.000000
Accurate error is 0.248080, Area :1046.000000, Delay: 43.100000, Gate: 474
Now running time: 1036
Change gate [174195] with gate[174150]  , changed gate loc: 177,  sub gate loc: 101Inverter: 0
Simulate AEM is 0.333200
Now AEM is 0.489250
Simulate added AEM is 0.085120, Now added AEM is 0.241170
Approximate gate:472, Approximate area:1043.000000
Accurate error is 0.489250, Area :1043.000000, Delay: 42.600000, Gate: 472
Now running time: 1108
Change gate [174122] with gate[174121]  , changed gate loc: 51,  sub gate loc: 48Inverter: 0
Simulate AEM is 0.474840
Now AEM is 0.968020
Simulate added AEM is 0.141640, Now added AEM is 0.478770
Approximate gate:470, Approximate area:1040.000000
Accurate error is 0.968020, Area :1040.000000, Delay: 42.600000, Gate: 470
Now running time: 1190
Change gate [174874] with gate[175291]  , changed gate loc: 42,  sub gate loc: 107Inverter: 0
Simulate AEM is 0.474800
Now AEM is 1.113450
Simulate added AEM is -0.000040, Now added AEM is 0.145430
Approximate gate:469, Approximate area:1039.000000
Accurate error is 1.113450, Area :1039.000000, Delay: 42.600000, Gate: 469
Now running time: 1270
Change gate [175261] with gate[175371]  , changed gate loc: 115,  sub gate loc: 272Inverter: 0
Simulate AEM is 0.474300
Now AEM is 5.740740
Simulate added AEM is -0.000500, Now added AEM is 4.627290
Approximate gate:468, Approximate area:1038.000000
Accurate error is 5.740740, Area :1038.000000, Delay: 42.600000, Gate: 468
Now running time: 1345
Change gate [174184] with gate[174183]  , changed gate loc: 156,  sub gate loc: 205Inverter: 1
Simulate AEM is 0.472860
Now AEM is 26.784500
Simulate added AEM is -0.001440, Now added AEM is 21.043760
Approximate gate:465, Approximate area:1028.000000
Accurate error is 26.784500, Area :1028.000000, Delay: 42.600000, Gate: 465
Now running time: 1413
Change gate [174152] with gatezero  , changed gate loc: 103,  sub gate loc: 0Inverter: 0
Simulate AEM is 0.472760
Now AEM is 39.169860
Simulate added AEM is -0.000100, Now added AEM is 12.385360
Approximate gate:465, Approximate area:1026.000000
Accurate error is 39.169860, Area :1026.000000, Delay: 42.600000, Gate: 465
Now running time: 1474
Change gate [174170] with gate[174118]  , changed gate loc: 134,  sub gate loc: 41Inverter: 0
Simulate AEM is 0.472740
Now AEM is 45.611110
Simulate added AEM is -0.000020, Now added AEM is 6.441250
Approximate gate:463, Approximate area:1021.000000
Accurate error is 45.611110, Area :1021.000000, Delay: 42.600000, Gate: 463
Now running time: 1533
Change gate product[2] with gate[174179]  , changed gate loc: 20,  sub gate loc: 152Inverter: 1
Simulate AEM is 0.472700
Now AEM is 45.066510
Simulate added AEM is -0.000040, Now added AEM is -0.544600
Approximate gate:460, Approximate area:1012.000000
Accurate error is 45.066510, Area :1012.000000, Delay: 42.600000, Gate: 460
Now running time: 1591
Change gate [174600] with gate[175250]  , changed gate loc: 39,  sub gate loc: 59Inverter: 0
Simulate AEM is 0.472660
Now AEM is 45.091190
Simulate added AEM is -0.000040, Now added AEM is 0.024680
Approximate gate:459, Approximate area:1011.000000
Accurate error is 45.091190, Area :1011.000000, Delay: 42.600000, Gate: 459
Now running time: 1648
Change gate [176165] with gate[174115]  , changed gate loc: 135,  sub gate loc: 40Inverter: 0
Simulate AEM is 0.472540
Now AEM is 35.764570
Simulate added AEM is -0.000120, Now added AEM is -9.326620
Approximate gate:458, Approximate area:1009.000000
Accurate error is 35.764570, Area :1009.000000, Delay: 42.600000, Gate: 458
Now running time: 1705
Change gate [176127] with gate[175899]  , changed gate loc: 182,  sub gate loc: 441Inverter: 1
Simulate AEM is 0.472480
Now AEM is 56.946940
Simulate added AEM is -0.000060, Now added AEM is 21.182370
Approximate gate:458, Approximate area:1008.000000
Accurate error is 56.946940, Area :1008.000000, Delay: 42.600000, Gate: 458
Now running time: 1764
Change gate product[1] with gate[174143]  , changed gate loc: 19,  sub gate loc: 88Inverter: 0
Simulate AEM is 0.472420
Now AEM is 57.441140
Simulate added AEM is -0.000060, Now added AEM is 0.494200
Approximate gate:456, Approximate area:1003.000000
Accurate error is 57.441140, Area :1003.000000, Delay: 42.600000, Gate: 456
Now running time: 1824
Change gate [174654] with gate[174124]  , changed gate loc: 185,  sub gate loc: 52Inverter: 0
Simulate AEM is 0.472340
Now AEM is 72.434880
Simulate added AEM is -0.000080, Now added AEM is 14.993740
Approximate gate:455, Approximate area:1002.000000
Accurate error is 72.434880, Area :1002.000000, Delay: 42.600000, Gate: 455
Now running time: 1885
Change gate [174149] with gate[174289]  , changed gate loc: 98,  sub gate loc: 384Inverter: 0
Simulate AEM is 0.472240
Now AEM is 73.051750
Simulate added AEM is -0.000100, Now added AEM is 0.616870
Approximate gate:454, Approximate area:998.000000
Accurate error is 73.051750, Area :998.000000, Delay: 42.600000, Gate: 454
Now running time: 1943
Change gate [174132] with gatemultiplicand[3]  , changed gate loc: 66,  sub gate loc: 5Inverter: 1
Simulate AEM is 0.471180
Now AEM is 74.195160
Simulate added AEM is -0.001060, Now added AEM is 1.143410
Approximate gate:454, Approximate area:995.000000
Accurate error is 74.195160, Area :995.000000, Delay: 42.600000, Gate: 454
Now running time: 2001
Change gate product[7] with gatezero  , changed gate loc: 25,  sub gate loc: 0Inverter: 0
Simulate AEM is 0.470840
Now AEM is 74.389170
Simulate added AEM is -0.000340, Now added AEM is 0.194010
Approximate gate:453, Approximate area:987.000000
Accurate error is 74.389170, Area :987.000000, Delay: 42.600000, Gate: 453
Now running time: 2058
Change gate product[5] with gate[175106]  , changed gate loc: 23,  sub gate loc: 291Inverter: 0
Simulate AEM is 0.470780
Now AEM is 72.981580
Simulate added AEM is -0.000060, Now added AEM is -1.407590
Approximate gate:449, Approximate area:978.000000
Accurate error is 72.981580, Area :978.000000, Delay: 42.600000, Gate: 449
Now running time: 2113
Change gate [174122] with gate[174129]  , changed gate loc: 51,  sub gate loc: 58Inverter: 0
Simulate AEM is 0.467220
Now AEM is 73.229820
Simulate added AEM is -0.003560, Now added AEM is 0.248240
Approximate gate:446, Approximate area:971.000000
Accurate error is 73.229820, Area :971.000000, Delay: 42.600000, Gate: 446
Now running time: 2167
Change gate product[3] with gate[175376]  , changed gate loc: 21,  sub gate loc: 274Inverter: 0
Simulate AEM is 0.467000
Now AEM is 72.878780
Simulate added AEM is -0.000220, Now added AEM is -0.351040
Approximate gate:444, Approximate area:966.000000
Accurate error is 72.878780, Area :966.000000, Delay: 42.600000, Gate: 444
Now running time: 2222
Change gate [174777] with gateone  , changed gate loc: 244,  sub gate loc: 1Inverter: 0
Simulate AEM is 0.463220
Now AEM is 73.513550
Simulate added AEM is -0.003780, Now added AEM is 0.634770
Approximate gate:444, Approximate area:964.000000
Accurate error is 73.513550, Area :964.000000, Delay: 42.600000, Gate: 444
Now running time: 2277
Change gate product[6] with gate[174220]  , changed gate loc: 24,  sub gate loc: 233Inverter: 0
Simulate AEM is 0.461940
Now AEM is 78.739930
Simulate added AEM is -0.001280, Now added AEM is 5.226380
Approximate gate:440, Approximate area:955.000000
Accurate error is 78.739930, Area :955.000000, Delay: 42.600000, Gate: 440
Now running time: 2330
Change gate n312 with gate[174176]  , changed gate loc: 180,  sub gate loc: 145Inverter: 0
Simulate AEM is 0.461920
Now AEM is 78.510250
Simulate added AEM is -0.000020, Now added AEM is -0.229680
Approximate gate:425, Approximate area:923.000000
Accurate error is 78.510250, Area :923.000000, Delay: 42.600000, Gate: 425
Now running time: 2385
Change gate [174134] with gatemultiplier[3]  , changed gate loc: 71,  sub gate loc: 13Inverter: 1
Simulate AEM is 0.459580
Now AEM is 77.632070
Simulate added AEM is -0.002340, Now added AEM is -0.878180
Approximate gate:420, Approximate area:913.000000
Accurate error is 77.632070, Area :913.000000, Delay: 42.600000, Gate: 420
Now running time: 2436
Change gate product[4] with gate[174265]  , changed gate loc: 22,  sub gate loc: 307Inverter: 1
Simulate AEM is 0.459400
Now AEM is 79.038690
Simulate added AEM is -0.000180, Now added AEM is 1.406620
Approximate gate:419, Approximate area:909.000000
Accurate error is 79.038690, Area :909.000000, Delay: 42.600000, Gate: 419
Now running time: 2488
Change gate product[0] with gatezero  , changed gate loc: 18,  sub gate loc: 0Inverter: 0
Simulate AEM is 0.455610
Now AEM is 79.362540
Simulate added AEM is -0.003790, Now added AEM is 0.323850
Approximate gate:418, Approximate area:906.000000
Accurate error is 79.362540, Area :906.000000, Delay: 42.600000, Gate: 418
Now running time: 2536
The 0 choose is not good
The 1 choose is not good
Change gate [174763] with gate[175069]  , changed gate loc: 187,  sub gate loc: 131Inverter: 0
Simulate AEM is 0.455230
Now AEM is 86.422710
Simulate added AEM is -0.000380, Now added AEM is 7.060170
Approximate gate:417, Approximate area:905.000000
Accurate error is 86.422710, Area :905.000000, Delay: 42.600000, Gate: 417
Now running time: 2584
Change gate [175100] with gate[175104]  , changed gate loc: 292,  sub gate loc: 351Inverter: 0
Simulate AEM is 0.454630
Now AEM is 88.108220
Simulate added AEM is -0.000600, Now added AEM is 1.685510
Approximate gate:416, Approximate area:903.000000
Accurate error is 88.108220, Area :903.000000, Delay: 42.600000, Gate: 416
Now running time: 2630
Change gate product[8] with gate[174327]  , changed gate loc: 26,  sub gate loc: 470Inverter: 0
Simulate AEM is 0.454470
Now AEM is 177.938520
Simulate added AEM is -0.000160, Now added AEM is 89.830300
Approximate gate:413, Approximate area:894.000000
Accurate error is 177.938520, Area :894.000000, Delay: 42.600000, Gate: 413
Now running time: 2676
The 0 choose is not good
The 1 choose is not good
Change gate [175043] with gatezero  , changed gate loc: 81,  sub gate loc: 0Inverter: 0
Simulate AEM is 0.406810
Now AEM is 178.074590
Simulate added AEM is -0.047660, Now added AEM is 0.136070
Approximate gate:412, Approximate area:889.000000
Accurate error is 178.074590, Area :889.000000, Delay: 42.600000, Gate: 412
Now running time: 2719
The 0 choose is not good
The 1 choose is not good
The 2 choose is not good
Change gate n413 with gatezero  , changed gate loc: 243,  sub gate loc: 0Inverter: 0
Simulate AEM is 0.390510
Now AEM is 175.805700
Simulate added AEM is -0.016300, Now added AEM is -2.268890
Approximate gate:412, Approximate area:887.000000
Accurate error is 175.805700, Area :887.000000, Delay: 42.600000, Gate: 412
Now running time: 2762
Change gate [174657] with gate[174298]  , changed gate loc: 242,  sub gate loc: 406Inverter: 1
Simulate AEM is 0.389830
Now AEM is 169.856880
Simulate added AEM is -0.000680, Now added AEM is -5.948820
Approximate gate:404, Approximate area:867.000000
Accurate error is 169.856880, Area :867.000000, Delay: 41.700000, Gate: 404
Now running time: 2803
Change gate [175245] with gateone  , changed gate loc: 61,  sub gate loc: 1Inverter: 0
Simulate AEM is 0.387210
Now AEM is 169.428360
Simulate added AEM is -0.002620, Now added AEM is -0.428520
Approximate gate:403, Approximate area:864.000000
Accurate error is 169.428360, Area :864.000000, Delay: 41.700000, Gate: 403
Now running time: 2845
Change gate [174193] with gate[175768]  , changed gate loc: 173,  sub gate loc: 334Inverter: 0
Simulate AEM is 0.385210
Now AEM is 174.922250
Simulate added AEM is -0.002000, Now added AEM is 5.493890
Approximate gate:392, Approximate area:835.000000
Accurate error is 174.922250, Area :835.000000, Delay: 41.700000, Gate: 392
Now running time: 2886
Change gate [174763] with gate[176109]  , changed gate loc: 187,  sub gate loc: 230Inverter: 0
Simulate AEM is 0.382590
Now AEM is 169.394000
Simulate added AEM is -0.002620, Now added AEM is -5.528250
Approximate gate:391, Approximate area:834.000000
Accurate error is 169.394000, Area :834.000000, Delay: 41.700000, Gate: 391
Now running time: 2925
Change gate [174146] with gate[174211]  , changed gate loc: 92,  sub gate loc: 215Inverter: 0
Simulate AEM is 0.379250
Now AEM is 169.836890
Simulate added AEM is -0.003340, Now added AEM is 0.442890
Approximate gate:388, Approximate area:825.000000
Accurate error is 169.836890, Area :825.000000, Delay: 41.700000, Gate: 388
Now running time: 2963
Change gate [174160] with gate[175596]  , changed gate loc: 117,  sub gate loc: 329Inverter: 0
Simulate AEM is 0.378010
Now AEM is 169.857360
Simulate added AEM is -0.001240, Now added AEM is 0.020470
Approximate gate:382, Approximate area:814.000000
Accurate error is 169.857360, Area :814.000000, Delay: 41.700000, Gate: 382
Now running time: 3001
Change gate [174168] with gate[175846]  , changed gate loc: 130,  sub gate loc: 327Inverter: 0
Simulate AEM is 0.375990
Now AEM is 170.740620
Simulate added AEM is -0.002020, Now added AEM is 0.883260
Approximate gate:372, Approximate area:792.000000
Accurate error is 170.740620, Area :792.000000, Delay: 41.700000, Gate: 372
Now running time: 3039
Change gate [174153] with gate[174240]  , changed gate loc: 104,  sub gate loc: 249Inverter: 1
Simulate AEM is 0.351650
Now AEM is 172.559530
Simulate added AEM is -0.024340, Now added AEM is 1.818910
Approximate gate:355, Approximate area:761.000000
Accurate error is 172.559530, Area :761.000000, Delay: 39.600000, Gate: 355
Now running time: 3074
The 0 choose is not good
Change gate [174158] with gate[174210]  , changed gate loc: 111,  sub gate loc: 213Inverter: 0
Simulate AEM is 0.350750
Now AEM is 173.525990
Simulate added AEM is -0.000900, Now added AEM is 0.966460
Approximate gate:354, Approximate area:759.000000
Accurate error is 173.525990, Area :759.000000, Delay: 39.600000, Gate: 354
Now running time: 3108
Change gate [174197] with gate[175945]  , changed gate loc: 181,  sub gate loc: 158Inverter: 0
Simulate AEM is 0.349970
Now AEM is 173.993910
Simulate added AEM is -0.000780, Now added AEM is 0.467920
Approximate gate:344, Approximate area:739.000000
Accurate error is 173.993910, Area :739.000000, Delay: 39.600000, Gate: 344
Now running time: 3142
Change gate [174172] with gatezero  , changed gate loc: 139,  sub gate loc: 0Inverter: 0
Simulate AEM is 0.315970
Now AEM is 171.226340
Simulate added AEM is -0.034000, Now added AEM is -2.767570
Approximate gate:339, Approximate area:728.000000
Accurate error is 171.226340, Area :728.000000, Delay: 39.600000, Gate: 339
Now running time: 3175
The 0 choose is not good
Change gate product[1] with gatemultiplier[0]  , changed gate loc: 19,  sub gate loc: 10Inverter: 1
Simulate AEM is 0.314170
Now AEM is 170.560510
Simulate added AEM is -0.001800, Now added AEM is -0.665830
Approximate gate:339, Approximate area:727.000000
Accurate error is 170.560510, Area :727.000000, Delay: 39.600000, Gate: 339
Now running time: 3206
The 0 choose is not good
Change gate product[1] with gate[174183]  , changed gate loc: 19,  sub gate loc: 205Inverter: 0
Simulate AEM is 0.312670
Now AEM is 171.463460
Simulate added AEM is -0.001500, Now added AEM is 0.902950
Approximate gate:338, Approximate area:726.000000
Accurate error is 171.463460, Area :726.000000, Delay: 39.600000, Gate: 338
Now running time: 3238
The 0 choose is not good
The 1 choose is not good
The 2 choose is not good
Change gate [175564] with gateone  , changed gate loc: 211,  sub gate loc: 1Inverter: 0
Simulate AEM is 0.297930
Now AEM is 170.145040
Simulate added AEM is -0.014740, Now added AEM is -1.318420
Approximate gate:338, Approximate area:725.000000
Accurate error is 170.145040, Area :725.000000, Delay: 39.600000, Gate: 338
Now running time: 3270
The 0 choose is not good
Change gate [174199] with gate[174161]  , changed gate loc: 186,  sub gate loc: 119Inverter: 1
Simulate AEM is 0.289590
Now AEM is 189.461440
Simulate added AEM is -0.008340, Now added AEM is 19.316400
Approximate gate:338, Approximate area:723.000000
Accurate error is 189.461440, Area :723.000000, Delay: 39.600000, Gate: 338
Now running time: 3302
The 0 choose is not good
The 1 choose is not good
The 2 choose is not good
Change gate [174228] with gateproduct[5]  , changed gate loc: 245,  sub gate loc: 23Inverter: 1
Simulate AEM is 0.284710
Now AEM is 178.784740
Simulate added AEM is -0.004880, Now added AEM is -10.676700
Approximate gate:332, Approximate area:711.000000
Accurate error is 178.784740, Area :711.000000, Delay: 39.600000, Gate: 332
Now running time: 3333
The 0 choose is not good
The 1 choose is not good
Change gate [174199] with gate[175664]  , changed gate loc: 186,  sub gate loc: 163Inverter: 0
Simulate AEM is 0.282270
Now AEM is 175.155490
Simulate added AEM is -0.002440, Now added AEM is -3.629250
Approximate gate:331, Approximate area:710.000000
Accurate error is 175.155490, Area :710.000000, Delay: 39.600000, Gate: 331
Now running time: 3363
The 0 choose is not good
Change gate [174198] with gateone  , changed gate loc: 184,  sub gate loc: 1Inverter: 0
Simulate AEM is 0.241750
Now AEM is 185.918310
Simulate added AEM is -0.040520, Now added AEM is 10.762820
Approximate gate:323, Approximate area:696.000000
Accurate error is 185.918310, Area :696.000000, Delay: 39.600000, Gate: 323
Now running time: 3393
The 0 choose is not good
The 1 choose is not good
The 2 choose is not good
The 3 choose is not good
The 4 choose is not good
The 5 choose is not good
The 6 choose is not good
The 7 choose is not good
Change gate [174185] with gatezero  , changed gate loc: 159,  sub gate loc: 0Inverter: 0
Simulate AEM is -0.054170
Now AEM is 190.121780
Simulate added AEM is -0.295920, Now added AEM is 4.203470
Approximate gate:315, Approximate area:678.000000
Accurate error is 190.121780, Area :678.000000, Delay: 39.600000, Gate: 315
Now running time: 3424
The 0 choose is not good
The 1 choose is not good
The 2 choose is not good
The 3 choose is not good
The 4 choose is not good
The 5 choose is not good
The 6 choose is not good
The 7 choose is not good
The 8 choose is not good
The 9 choose is not good
Change gate [174252] with gateone  , changed gate loc: 299,  sub gate loc: 1Inverter: 0
Simulate AEM is -0.527430
Now AEM is 237.887530
Simulate added AEM is -0.473260, Now added AEM is 47.765750
AEM Threshold: 195 Now AEM: 237.888
ALL running time: 3453
Error propagation matrix time: 94 with 107251 node
Error simulation time: 3298 with 5668816 node
Area time: 3
Whole find time: 3405
