abc command read data/library/mcnc.genlib
Entered genlib library with 23 gates from file "data/library/mcnc.genlib".
abc command read_blif data/su/ksa32.blif
Line 11: Skipping line ".default_input_arrival 0.00 0.00 ".
Line 12: Skipping line ".default_output_required 0.00 0.00 ".
Line 13: Skipping line ".default_input_drive 0.10 0.10 ".
Line 14: Skipping line ".default_output_load 2.00 ".
Line 15: Skipping line ".default_max_input_load 999.00 ".
abc command print_stats
[1;37mksa32                         :[0m i/o =   64/   33  lat =    0  nd =   513  edge =   1090  area =1128.00  delay =17.80  lev = 14
--------------- round 1 ---------------
seed = 2531465778
maxLevel = 2
4,1,0
8,1,0
16,1,0
20,1,0
24,1,0
32,1,0
42,1,0
68,1,0
98,1,0
102,1,0
106,1,0
114,1,0
126,1,0
138,1,0
148,1,0
176,1,0
216,1,0
286,1,0
290,1,0
294,1,0
302,1,0
314,1,0
344,1,0
354,1,0
390,1,0
440,1,0
506,1,0
594,1,0
734,1,0
764,1,0
798,1,0
808,1,0
844,1,0
928,1,0
932,1,0
936,1,0
944,1,0
1062,1,0
1212,1,0
1216,1,0
1220,1,0
1228,1,0
1240,1,0
1270,1,0
1362,1,0
1374,1,0
1384,1,0
1422,1,0
1474,1,0
1576,1,0
1708,1,0
1870,1,0
2066,1,0
2360,1,0
2364,1,0
2368,1,0
2376,1,0
2388,1,0
2418,1,0
2452,1,0
2532,1,0
2542,1,0
2578,1,0
2674,1,0
2828,1,0
3008,1,0
3270,1,0
3274,1,0
3278,1,0
3286,1,0
3298,1,0
3328,1,0
3422,1,0
3432,1,0
3470,1,0
3524,1,0
3630,1,0
3770,1,0
3994,1,0
4254,1,0
4614,1,0
4618,1,0
4622,1,0
4630,1,0
4642,1,0
4672,1,0
4706,1,0
4788,1,0
4798,1,0
4834,1,0
4934,1,0
5140,1,0
5378,1,0
5704,1,0
5708,1,0
5712,1,0
5720,1,0
5732,1,0
5762,1,0
5858,1,0
6090,1,0
6100,1,0
6138,1,0
6192,1,0
6300,1,0
6446,1,0
6720,1,0
7032,1,0
7400,1,0
7804,1,0
8288,1,0
8292,1,0
8296,1,0
8304,1,0
8316,1,0
8346,1,0
8380,1,0
8462,1,0
8674,1,0
8684,1,0
8720,1,0
8820,1,0
9044,1,0
9306,1,0
9648,1,0
10034,1,0
10516,1,0
10520,1,0
10524,1,0
10532,1,0
10544,1,0
10574,1,0
10670,1,0
10910,1,0
10920,1,0
10958,1,0
11012,1,0
11120,1,0
11270,1,0
11558,1,0
11886,1,0
12320,1,0
12790,1,0
13340,1,0
13344,1,0
13348,1,0
13356,1,0
13368,1,0
13398,1,0
13432,1,0
13514,1,0
13732,1,0
13742,1,0
13778,1,0
13878,1,0
14108,1,0
14378,1,0
14784,1,0
15236,1,0
15784,1,0
15814,1,0
15910,1,0
16156,1,0
16434,1,0
16444,1,0
16482,1,0
16536,1,0
16644,1,0
16796,1,0
17092,1,0
17572,1,0
17576,1,0
17580,1,0
17588,1,0
18134,1,0
18734,1,0
18764,1,0
18798,1,0
18880,1,0
19098,1,0
19362,1,0
19374,1,0
19384,1,0
19420,1,0
19520,1,0
19750,1,0
20210,1,0
20214,1,0
20218,1,0
20226,1,0
20760,1,0
21356,1,0
21386,1,0
21482,1,0
21732,1,0
22016,1,0
22028,1,0
22038,1,0
22076,1,0
22130,1,0
22238,1,0
22390,1,0
22694,1,0
23242,1,0
23246,1,0
23250,1,0
23258,1,0
23874,1,0
24544,1,0
24574,1,0
24608,1,0
24690,1,0
24910,1,0
25180,1,0
25192,1,0
25202,1,0
25238,1,0
25338,1,0
25570,1,0
26098,1,0
26102,1,0
26106,1,0
26114,1,0
26716,1,0
27382,1,0
27412,1,0
27508,1,0
27760,1,0
28334,1,0
28960,1,0
28972,1,0
28982,1,0
29020,1,0
29074,1,0
29182,1,0
29334,1,0
29644,1,0
30358,1,0
30362,1,0
30366,1,0
30374,1,0
31148,1,0
31928,1,0
31958,1,0
31992,1,0
32074,1,0
32294,1,0
32872,1,0
33440,1,0
33452,1,0
33462,1,0
33498,1,0
33598,1,0
33830,1,0
34528,1,0
34532,1,0
34536,1,0
34544,1,0
35302,1,0
36096,1,0
36126,1,0
36222,1,0
36474,1,0
37112,1,0
37752,1,0
37764,1,0
37774,1,0
37812,1,0
37866,1,0
37974,1,0
38126,1,0
38438,1,0
39214,1,0
39218,1,0
39222,1,0
39230,1,0
40066,1,0
40908,1,0
40938,1,0
40972,1,0
41054,1,0
41274,1,0
41914,1,0
42494,1,0
42506,1,0
42516,1,0
42552,1,0
42652,1,0
42884,1,0
43644,1,0
43648,1,0
43652,1,0
43660,1,0
44480,1,0
45336,1,0
45366,1,0
45462,1,0
45714,1,0
46004,1,0
46720,1,0
46732,1,0
46742,1,0
46780,1,0
46834,1,0
46942,1,0
47094,1,0
47406,1,0
48030,1,0
48804,1,0
49614,1,0
49618,1,0
49622,1,0
49630,1,0
49642,1,0
50528,1,0
50558,1,0
50592,1,0
50674,1,0
50894,1,0
51168,1,0
51836,1,0
51846,1,0
51882,1,0
51982,1,0
52214,1,0
52790,1,0
53548,1,0
54340,1,0
54344,1,0
54348,1,0
54356,1,0
54368,1,0
55256,1,0
55286,1,0
55382,1,0
55634,1,0
55924,1,0
56702,1,0
56712,1,0
56750,1,0
56804,1,0
56912,1,0
57064,1,0
57374,1,0
58000,1,0
58836,1,0
59708,1,0
59712,1,0
59716,1,0
59724,1,0
59736,1,0
60684,1,0
60688,1,0
60692,1,0
60700,1,0
60712,1,0
60742,1,0
60776,1,0
60858,1,0
61078,1,0
61352,1,0
62080,1,0
62090,1,0
62126,1,0
62226,1,0
62458,1,0
63040,1,0
63860,1,0
64714,1,0
65664,1,0
65694,1,0
65790,1,0
66040,1,0
66574,1,0
67506,1,0
67798,1,0
67808,1,0
67846,1,0
67900,1,0
68008,1,0
68158,1,0
68470,1,0
69096,1,0
70056,1,0
71032,1,0
71036,1,0
71040,1,0
71048,1,0
71060,1,0
72084,1,0
72114,1,0
72148,1,0
72230,1,0
72450,1,0
72972,1,0
73870,1,0
74144,1,0
74154,1,0
74190,1,0
74290,1,0
74520,1,0
75098,1,0
76026,1,0
76994,1,0
76998,1,0
77002,1,0
77010,1,0
77022,1,0
78054,1,0
78084,1,0
78180,1,0
78424,1,0
78950,1,0
79932,1,0
80218,1,0
80228,1,0
80266,1,0
80320,1,0
80428,1,0
80570,1,0
80874,1,0
81484,1,0
82494,1,0
83520,1,0
83524,1,0
83528,1,0
83536,1,0
83548,1,0
84618,1,0
84648,1,0
84682,1,0
84764,1,0
84980,1,0
85490,1,0
86434,1,0
86698,1,0
86708,1,0
86744,1,0
86844,1,0
87068,1,0
87632,1,0
88606,1,0
89620,1,0
89624,1,0
89628,1,0
89636,1,0
89648,1,0
90726,1,0
90756,1,0
90850,1,0
91086,1,0
91360,1,0
91900,1,0
92006,1,0
92016,1,0
92054,1,0
92196,1,0
92504,1,0
93102,1,0
94128,1,0
95182,1,0
95186,1,0
95190,1,0
95198,1,0
95210,1,0
96316,1,0
96346,1,0
96382,1,0
96466,1,0
96676,1,0
96926,1,0
97428,1,0
97438,1,0
97476,1,0
97572,1,0
97788,1,0
98332,1,0
99324,1,0
100346,1,0
100350,1,0
100354,1,0
100362,1,0
100374,1,0
101472,1,0
101502,1,0
101592,1,0
101814,1,0
102068,1,0
102586,1,0
102624,1,0
102634,1,0
102672,1,0
102766,1,0
103032,1,0
103592,1,0
104644,1,0
105728,1,0
105732,0.999972,7.04214e-06
105736,0.999943,1.41397e-05
105742,0.999943,1.41389e-05
105752,0.999943,1.41376e-05
106888,0.999944,1.39874e-05
106914,0.999944,1.39839e-05
106946,0.999944,1.39798e-05
107022,0.999944,1.39698e-05
107214,0.999944,1.39448e-05
107438,0.999944,1.39157e-05
107912,0.999944,1.38546e-05
107944,0.999944,1.38505e-05
108028,0.999944,1.38397e-05
108238,0.999945,1.38129e-05
108750,0.999945,1.37479e-05
109774,0.999945,1.36196e-05
n511 is replaced by n493 with estimated error 0
error = 0
area = 1124
delay = 17.8
#gates = 513
output circuit appNtk/ksa32_1_0_1124_17.8.blif
time = 966660268 us
--------------- round 2 ---------------
seed = 2531465778
maxLevel = 2
109778,0.999945,1.36191e-05
109782,0.999945,1.36186e-05
109790,0.999945,1.36176e-05
109794,0.999945,1.36171e-05
109798,0.999945,1.36166e-05
109806,0.999945,1.36156e-05
109816,0.999945,1.36144e-05
109842,0.999945,1.36112e-05
109872,0.999945,1.36075e-05
109876,0.999945,1.3607e-05
109880,0.999945,1.36065e-05
109888,0.999945,1.36055e-05
109900,0.999945,1.3604e-05
109912,0.999945,1.36025e-05
109922,0.999945,1.36013e-05
109950,0.999945,1.35978e-05
109990,0.999945,1.35929e-05
110060,0.999945,1.35842e-05
110064,0.999945,1.35837e-05
110068,0.999945,1.35832e-05
110076,0.999945,1.35823e-05
110088,0.999945,1.35808e-05
110118,0.999946,1.35771e-05
110128,0.999946,1.35758e-05
110164,0.999946,1.35714e-05
110214,0.999946,1.35652e-05
110280,0.999946,1.35571e-05
110368,0.999946,1.35463e-05
110508,0.999946,1.35292e-05
110538,0.999946,1.35255e-05
110572,0.999946,1.35213e-05
110582,0.999946,1.35201e-05
110618,0.999946,1.35157e-05
110702,0.999946,1.35054e-05
110706,0.999946,1.3505e-05
110710,0.999946,1.35045e-05
110718,0.999946,1.35035e-05
110836,0.999946,1.34891e-05
110986,0.999946,1.34709e-05
110990,0.999946,1.34704e-05
110994,0.999946,1.34699e-05
111002,0.999946,1.34689e-05
111014,0.999946,1.34675e-05
111044,0.999946,1.34639e-05
111136,0.999946,1.34527e-05
111148,0.999946,1.34513e-05
111158,0.999946,1.345e-05
111196,0.999946,1.34454e-05
111248,0.999946,1.34392e-05
111350,0.999946,1.34269e-05
111482,0.999946,1.3411e-05
111644,0.999946,1.33915e-05
111840,0.999946,1.3368e-05
112136,0.999946,1.33327e-05
112140,0.999946,1.33323e-05
112144,0.999946,1.33318e-05
112152,0.999947,1.33308e-05
112164,0.999947,1.33294e-05
112194,0.999947,1.33258e-05
112228,0.999947,1.33218e-05
112308,0.999947,1.33123e-05
112318,0.999947,1.33111e-05
112354,0.999947,1.33069e-05
112450,0.999947,1.32955e-05
112604,0.999947,1.32773e-05
112784,0.999947,1.32561e-05
113046,0.999947,1.32254e-05
113050,0.999947,1.32249e-05
113054,0.999947,1.32245e-05
113062,0.999947,1.32235e-05
113074,0.999947,1.32221e-05
113104,0.999947,1.32186e-05
113198,0.999947,1.32077e-05
113208,0.999947,1.32065e-05
113246,0.999947,1.32021e-05
113300,0.999947,1.31958e-05
113406,0.999947,1.31834e-05
113546,0.999947,1.31672e-05
113770,0.999947,1.31412e-05
114030,0.999947,1.31113e-05
114392,0.999948,1.30698e-05
114396,0.999948,1.30693e-05
114400,0.999948,1.30689e-05
114408,0.999948,1.3068e-05
114420,0.999948,1.30666e-05
114450,0.999948,1.30632e-05
114484,0.999948,1.30593e-05
114566,0.999948,1.30499e-05
114576,0.999948,1.30488e-05
114612,0.999948,1.30447e-05
114712,0.999948,1.30333e-05
114918,0.999948,1.301e-05
115156,0.999948,1.29831e-05
115482,0.999948,1.29464e-05
115486,0.999948,1.2946e-05
115490,0.999948,1.29455e-05
115498,0.999948,1.29446e-05
115510,0.999948,1.29433e-05
115540,0.999948,1.29399e-05
115636,0.999948,1.29292e-05
115868,0.999948,1.29033e-05
115878,0.999948,1.29022e-05
115916,0.999948,1.2898e-05
115970,0.999948,1.2892e-05
116078,0.999948,1.288e-05
116224,0.999948,1.28638e-05
116498,0.999948,1.28335e-05
116810,0.999949,1.27992e-05
117178,0.999949,1.27591e-05
117584,0.999949,1.2715e-05
118066,0.999949,1.26631e-05
118070,0.999949,1.26627e-05
118074,0.999949,1.26622e-05
118082,0.999949,1.26614e-05
118094,0.999949,1.26601e-05
118124,0.999949,1.26569e-05
118158,0.999949,1.26532e-05
118240,0.999949,1.26445e-05
118452,0.999949,1.26218e-05
118462,0.999949,1.26208e-05
118498,0.999949,1.26169e-05
118598,0.999949,1.26063e-05
118822,0.99995,1.25825e-05
119084,0.99995,1.25548e-05
119426,0.99995,1.25189e-05
119812,0.99995,1.24785e-05
120296,0.99995,1.24283e-05
120300,0.99995,1.24279e-05
120304,0.99995,1.24275e-05
120312,0.99995,1.24267e-05
120324,0.99995,1.24255e-05
120354,0.99995,1.24224e-05
120450,0.99995,1.24125e-05
120690,0.99995,1.23878e-05
120700,0.99995,1.23867e-05
120738,0.99995,1.23828e-05
120792,0.99995,1.23773e-05
120900,0.99995,1.23663e-05
121050,0.99995,1.23509e-05
121338,0.999951,1.23216e-05
121666,0.999951,1.22884e-05
122100,0.999951,1.22447e-05
122572,0.999951,1.21976e-05
123118,0.999951,1.21435e-05
123122,0.999951,1.21431e-05
123126,0.999951,1.21427e-05
123134,0.999951,1.21419e-05
123146,0.999951,1.21407e-05
123176,0.999951,1.21378e-05
123210,0.999951,1.21344e-05
123292,0.999951,1.21263e-05
123510,0.999951,1.21049e-05
123520,0.999951,1.2104e-05
123556,0.999951,1.21004e-05
123656,0.999951,1.20906e-05
123886,0.999952,1.20682e-05
124156,0.999952,1.20419e-05
124560,0.999952,1.20029e-05
125010,0.999952,1.19597e-05
125558,0.999952,1.19075e-05
125588,0.999952,1.19046e-05
125684,0.999952,1.18955e-05
125930,0.999952,1.18723e-05
126208,0.999952,1.18462e-05
126218,0.999952,1.18452e-05
126256,0.999952,1.18417e-05
126310,0.999952,1.18366e-05
126418,0.999953,1.18265e-05
126570,0.999953,1.18123e-05
126864,0.999953,1.17849e-05
127342,0.999953,1.17407e-05
127346,0.999953,1.17403e-05
127350,0.999953,1.17399e-05
127358,0.999953,1.17392e-05
127902,0.999953,1.16893e-05
128502,0.999953,1.16347e-05
128532,0.999953,1.1632e-05
128566,0.999953,1.16289e-05
128648,0.999953,1.16215e-05
128866,0.999953,1.16018e-05
129130,0.999954,1.15781e-05
129142,0.999954,1.1577e-05
129152,0.999954,1.15761e-05
129188,0.999954,1.15729e-05
129288,0.999954,1.1564e-05
129518,0.999954,1.15434e-05
129976,0.999954,1.15027e-05
129980,0.999954,1.15024e-05
129984,0.999954,1.1502e-05
129992,0.999954,1.15013e-05
130524,0.999954,1.14544e-05
131120,0.999954,1.14024e-05
131150,0.999954,1.13998e-05
131246,0.999954,1.13914e-05
131496,0.999954,1.13698e-05
131780,0.999954,1.13453e-05
131792,0.999954,1.13442e-05
131802,0.999954,1.13434e-05
131840,0.999954,1.13401e-05
131894,0.999955,1.13355e-05
132002,0.999955,1.13262e-05
132154,0.999955,1.13132e-05
132456,0.999955,1.12874e-05
133002,0.999955,1.1241e-05
133006,0.999955,1.12407e-05
133010,0.999955,1.12404e-05
133018,0.999955,1.12397e-05
133632,0.999955,1.1188e-05
134302,0.999955,1.11322e-05
134332,0.999955,1.11297e-05
134366,0.999955,1.11269e-05
134448,0.999955,1.11201e-05
134668,0.999955,1.1102e-05
134938,0.999956,1.10798e-05
134950,0.999956,1.10788e-05
134960,0.999956,1.10779e-05
134996,0.999956,1.1075e-05
135096,0.999956,1.10668e-05
135328,0.999956,1.10478e-05
135854,0.999956,1.1005e-05
135858,0.999956,1.10047e-05
135862,0.999956,1.10044e-05
135870,0.999956,1.10038e-05
136470,0.999956,1.09554e-05
137136,0.999956,1.09022e-05
137166,0.999956,1.08998e-05
137262,0.999956,1.08922e-05
137514,0.999956,1.08722e-05
138086,0.999957,1.08272e-05
138710,0.999957,1.07785e-05
138722,0.999957,1.07775e-05
138732,0.999957,1.07767e-05
138770,0.999957,1.07738e-05
138824,0.999957,1.07696e-05
138932,0.999957,1.07612e-05
139084,0.999957,1.07495e-05
139392,0.999957,1.07257e-05
140104,0.999957,1.06712e-05
140108,0.999957,1.06709e-05
140112,0.999957,1.06706e-05
140120,0.999957,1.067e-05
140892,0.999957,1.06115e-05
141670,0.999958,1.05533e-05
141700,0.999958,1.0551e-05
141734,0.999958,1.05485e-05
141816,0.999958,1.05424e-05
142036,0.999958,1.05261e-05
142612,0.999958,1.04835e-05
143178,0.999958,1.04421e-05
143190,0.999958,1.04412e-05
143200,0.999958,1.04405e-05
143236,0.999958,1.04379e-05
143336,0.999958,1.04306e-05
143568,0.999958,1.04137e-05
144266,0.999958,1.03634e-05
144270,0.999958,1.03631e-05
144274,0.999958,1.03628e-05
144282,0.999958,1.03622e-05
145040,0.999959,1.03081e-05
145830,0.999959,1.02522e-05
145860,0.999959,1.02501e-05
145956,0.999959,1.02434e-05
146208,0.999959,1.02257e-05
146844,0.999959,1.01814e-05
147482,0.999959,1.01374e-05
147494,0.999959,1.01365e-05
147504,0.999959,1.01359e-05
147542,0.999959,1.01333e-05
147596,0.999959,1.01295e-05
147704,0.999959,1.01221e-05
147856,0.999959,1.01117e-05
148166,0.99996,1.00906e-05
148940,0.99996,1.00381e-05
148944,0.99996,1.00379e-05
148948,0.99996,1.00376e-05
148956,0.99996,1.00371e-05
149790,0.99996,9.98117e-06
150630,0.99996,9.92551e-06
150660,0.99996,9.92354e-06
150694,0.99996,9.9213e-06
150776,0.99996,9.9159e-06
150996,0.99996,9.90145e-06
151634,0.99996,9.85979e-06
152212,0.999961,9.82235e-06
152224,0.999961,9.82158e-06
152234,0.999961,9.82093e-06
152270,0.999961,9.81861e-06
152370,0.999961,9.81217e-06
152602,0.999961,9.79725e-06
153362,0.999961,9.7487e-06
153366,0.999961,9.74844e-06
153370,0.999961,9.74819e-06
153378,0.999961,9.74768e-06
154198,0.999961,9.69585e-06
155050,0.999961,9.64257e-06
155080,0.999961,9.6407e-06
155176,0.999961,9.63474e-06
155428,0.999961,9.61912e-06
155718,0.999961,9.6012e-06
156432,0.999962,9.55738e-06
156444,0.999962,9.55665e-06
156454,0.999962,9.55604e-06
156492,0.999962,9.55372e-06
156546,0.999962,9.55042e-06
156654,0.999962,9.54384e-06
156806,0.999962,9.53458e-06
157116,0.999962,9.51577e-06
157738,0.999962,9.47825e-06
158510,0.999962,9.43209e-06
159318,0.999962,9.38425e-06
159322,0.999962,9.38401e-06
159326,0.999962,9.38378e-06
159334,0.999962,9.38331e-06
159346,0.999962,9.3826e-06
160228,0.999963,9.33095e-06
160258,0.999963,9.32921e-06
160292,0.999963,9.32723e-06
160374,0.999963,9.32246e-06
160594,0.999963,9.30969e-06
160868,0.999963,9.29383e-06
161534,0.999963,9.25551e-06
161544,0.999963,9.25494e-06
161580,0.999963,9.25288e-06
161680,0.999963,9.24715e-06
161912,0.999963,9.2339e-06
162486,0.999963,9.20129e-06
163242,0.999963,9.15867e-06
164032,0.999963,9.11456e-06
164036,0.999963,9.11434e-06
164040,0.999963,9.11412e-06
164048,0.999963,9.11367e-06
164060,0.999963,9.11301e-06
164948,0.999964,9.06395e-06
164978,0.999964,9.0623e-06
165074,0.999964,9.05703e-06
165326,0.999964,9.04322e-06
165616,0.999964,9.02739e-06
166392,0.999964,8.98529e-06
166402,0.999964,8.98475e-06
166440,0.999964,8.9827e-06
166494,0.999964,8.97978e-06
166602,0.999964,8.97396e-06
166754,0.999964,8.96578e-06
167062,0.999964,8.94925e-06
167686,0.999964,8.91595e-06
168520,0.999964,8.87183e-06
169390,0.999965,8.82626e-06
169394,0.999965,8.82605e-06
169398,0.999965,8.82584e-06
169406,0.999965,8.82543e-06
169418,0.999965,8.8248e-06
170362,0.999965,8.7759e-06
170366,0.999965,8.77569e-06
170370,0.999965,8.77549e-06
170378,0.999965,8.77508e-06
170390,0.999965,8.77446e-06
170420,0.999965,8.77291e-06
170454,0.999965,8.77116e-06
170536,0.999965,8.76695e-06
170756,0.999965,8.75565e-06
171030,0.999965,8.74162e-06
171756,0.999965,8.70467e-06
171766,0.999965,8.70417e-06
171802,0.999965,8.70234e-06
171902,0.999965,8.69728e-06
172134,0.999965,8.68556e-06
172714,0.999965,8.65639e-06
173532,0.999965,8.61559e-06
174384,0.999966,8.57349e-06
175334,0.999966,8.52704e-06
175364,0.999966,8.52558e-06
175460,0.999966,8.52092e-06
175710,0.999966,8.50879e-06
176242,0.999966,8.48311e-06
177172,0.999966,8.43858e-06
177464,0.999966,8.42469e-06
177474,0.999966,8.42422e-06
177512,0.999966,8.42242e-06
177566,0.999966,8.41986e-06
177674,0.999966,8.41474e-06
177824,0.999966,8.40764e-06
178134,0.999966,8.39301e-06
178758,0.999966,8.36371e-06
179716,0.999967,8.31913e-06
180688,0.999967,8.27437e-06
180692,0.999967,8.27419e-06
180696,0.999967,8.27401e-06
180704,0.999967,8.27364e-06
180716,0.999967,8.27309e-06
181736,0.999967,8.22666e-06
181766,0.999967,8.2253e-06
181800,0.999967,8.22376e-06
181882,0.999967,8.22005e-06
182102,0.999967,8.21012e-06
182624,0.999967,8.18666e-06
183520,0.999967,8.14669e-06
183794,0.999967,8.13454e-06
183804,0.999967,8.1341e-06
183840,0.999967,8.13251e-06
183940,0.999967,8.12809e-06
184170,0.999967,8.11793e-06
184746,0.999968,8.09262e-06
185674,0.999968,8.05218e-06
186642,0.999968,8.01042e-06
186646,0.999968,8.01024e-06
186650,0.999968,8.01007e-06
186658,0.999968,8.00973e-06
186670,0.999968,8.00921e-06
187700,0.999968,7.96526e-06
187730,0.999968,7.96399e-06
187826,0.999968,7.95992e-06
188070,0.999968,7.94959e-06
188356,0.999968,7.93752e-06
188366,0.999968,7.9371e-06
188404,0.999968,7.9355e-06
188458,0.999968,7.93323e-06
188566,0.999968,7.92868e-06
188708,0.999968,7.92272e-06
189010,0.999968,7.91006e-06
189618,0.999968,7.88469e-06
190570,0.999969,7.84531e-06
191562,0.999969,7.80468e-06
191566,0.999969,7.80452e-06
191570,0.999969,7.80435e-06
191578,0.999969,7.80403e-06
191590,0.999969,7.80354e-06
192642,0.999969,7.76092e-06
192672,0.999969,7.75972e-06
192706,0.999969,7.75835e-06
192788,0.999969,7.75505e-06
193004,0.999969,7.74637e-06
193514,0.999969,7.72595e-06
194456,0.999969,7.68853e-06
194720,0.999969,7.6781e-06
194730,0.999969,7.67771e-06
194766,0.999969,7.67629e-06
194866,0.999969,7.67235e-06
195090,0.999969,7.66354e-06
195652,0.999969,7.64153e-06
196626,0.999969,7.60367e-06
197640,0.99997,7.56466e-06
197644,0.99997,7.56451e-06
197648,0.99997,7.56436e-06
197656,0.99997,7.56405e-06
197668,0.99997,7.56359e-06
198744,0.99997,7.52264e-06
198774,0.99997,7.52151e-06
198868,0.99997,7.51795e-06
199104,0.99997,7.50904e-06
199378,0.99997,7.49872e-06
199916,0.99997,7.47854e-06
200022,0.99997,7.47458e-06
200032,0.99997,7.4742e-06
200070,0.99997,7.47278e-06
200212,0.99997,7.46748e-06
200518,0.99997,7.45609e-06
201114,0.99997,7.43399e-06
202138,0.99997,7.39633e-06
203192,0.99997,7.35797e-06
203196,0.99997,7.35782e-06
203200,0.99997,7.35768e-06
203208,0.99997,7.35739e-06
203220,0.99997,7.35695e-06
204324,0.999971,7.3172e-06
204354,0.999971,7.31613e-06
204390,0.999971,7.31484e-06
204474,0.999971,7.31183e-06
204684,0.999971,7.30433e-06
204934,0.999971,7.29542e-06
205434,0.999971,7.27767e-06
205444,0.999971,7.27731e-06
205482,0.999971,7.27597e-06
205578,0.999971,7.27257e-06
205794,0.999971,7.26493e-06
206336,0.999971,7.24585e-06
207326,0.999971,7.21125e-06
208348,0.999971,7.17588e-06
208352,0.999971,7.17574e-06
208356,0.999971,7.1756e-06
208364,0.999971,7.17533e-06
208376,0.999971,7.17491e-06
209472,0.999971,7.13737e-06
209502,0.999971,7.13635e-06
209592,0.999971,7.13329e-06
209814,0.999971,7.12574e-06
210068,0.999971,7.11712e-06
210584,0.999972,7.09968e-06
210622,0.999972,7.0984e-06
210632,0.999972,7.09807e-06
210670,0.999972,7.09679e-06
210764,0.999972,7.09362e-06
211028,0.999972,7.08475e-06
211586,0.999972,7.06606e-06
212638,0.999972,7.0311e-06
213722,0.999972,6.99544e-06
213726,0.999958,1.04791e-05
213730,0.999944,1.39904e-05
213736,0.999944,1.399e-05
213746,0.999944,1.39893e-05
214880,0.999944,1.39155e-05
214906,0.999944,1.39138e-05
214938,0.999944,1.39117e-05
215014,0.999944,1.39068e-05
215206,0.999944,1.38944e-05
215430,0.999944,1.388e-05
215902,0.999944,1.38496e-05
215934,0.999944,1.38476e-05
216018,0.999944,1.38422e-05
216228,0.999945,1.38287e-05
216738,0.999945,1.37962e-05
217760,0.999945,1.37314e-05
n532 is replaced by one with estimated error 0
error = 0
area = 1120
delay = 17.8
#gates = 511
output circuit appNtk/ksa32_2_0_1120_17.8.blif
time = 1520940018 us
--------------- round 3 ---------------
seed = 2531465778
maxLevel = 2
217764,0.999945,1.37312e-05
217768,0.999945,1.37309e-05
217776,0.999945,1.37304e-05
217780,0.999945,1.37302e-05
217784,0.999945,1.37299e-05
217792,0.999945,1.37294e-05
217802,0.999945,1.37288e-05
217828,0.999945,1.37272e-05
217858,0.999945,1.37253e-05
217862,0.999945,1.3725e-05
217866,0.999945,1.37248e-05
217874,0.999945,1.37243e-05
217886,0.999945,1.37235e-05
217898,0.999945,1.37228e-05
217908,0.999945,1.37221e-05
217936,0.999945,1.37204e-05
217976,0.999945,1.37178e-05
218046,0.999945,1.37134e-05
218050,0.999945,1.37132e-05
218054,0.999945,1.37129e-05
218062,0.999945,1.37124e-05
218074,0.999945,1.37117e-05
218104,0.999945,1.37098e-05
218114,0.999945,1.37092e-05
218150,0.999945,1.37069e-05
218200,0.999945,1.37038e-05
218266,0.999945,1.36996e-05
218354,0.999945,1.36941e-05
218494,0.999945,1.36853e-05
218524,0.999945,1.36834e-05
218558,0.999945,1.36813e-05
218568,0.999945,1.36807e-05
218604,0.999945,1.36784e-05
218688,0.999945,1.36732e-05
218692,0.999945,1.36729e-05
218696,0.999945,1.36727e-05
218704,0.999945,1.36722e-05
218822,0.999945,1.36648e-05
218972,0.999945,1.36554e-05
218976,0.999945,1.36552e-05
218980,0.999945,1.36549e-05
218988,0.999945,1.36544e-05
219000,0.999945,1.36537e-05
219030,0.999945,1.36518e-05
219122,0.999945,1.36461e-05
219134,0.999945,1.36453e-05
219144,0.999945,1.36447e-05
219182,0.999945,1.36424e-05
219234,0.999945,1.36391e-05
219336,0.999945,1.36328e-05
219468,0.999945,1.36246e-05
219630,0.999945,1.36145e-05
219826,0.999945,1.36024e-05
220118,0.999945,1.35844e-05
220122,0.999945,1.35841e-05
220126,0.999945,1.35839e-05
220134,0.999945,1.35834e-05
220146,0.999945,1.35826e-05
220176,0.999945,1.35808e-05
220210,0.999946,1.35787e-05
220290,0.999946,1.35737e-05
220300,0.999946,1.35731e-05
220336,0.999946,1.35709e-05
220432,0.999946,1.3565e-05
220586,0.999946,1.35555e-05
220766,0.999946,1.35445e-05
221028,0.999946,1.35284e-05
221032,0.999946,1.35282e-05
221036,0.999946,1.35279e-05
221044,0.999946,1.35274e-05
221056,0.999946,1.35267e-05
221086,0.999946,1.35249e-05
221180,0.999946,1.35191e-05
221190,0.999946,1.35185e-05
221228,0.999946,1.35162e-05
221282,0.999946,1.35129e-05
221388,0.999946,1.35064e-05
221528,0.999946,1.34979e-05
221752,0.999946,1.34843e-05
222012,0.999946,1.34685e-05
222370,0.999946,1.34468e-05
222374,0.999946,1.34465e-05
222378,0.999946,1.34463e-05
222386,0.999946,1.34458e-05
222398,0.999946,1.34451e-05
222428,0.999946,1.34433e-05
222462,0.999946,1.34412e-05
222544,0.999946,1.34363e-05
222554,0.999946,1.34357e-05
222590,0.999946,1.34335e-05
222690,0.999946,1.34275e-05
222896,0.999946,1.3415e-05
223134,0.999946,1.34007e-05
223460,0.999946,1.33812e-05
223464,0.999946,1.33809e-05
223468,0.999946,1.33807e-05
223476,0.999946,1.33802e-05
223488,0.999946,1.33795e-05
223518,0.999946,1.33777e-05
223614,0.999946,1.3372e-05
223846,0.999946,1.33581e-05
223856,0.999946,1.33575e-05
223894,0.999946,1.33552e-05
223948,0.999946,1.3352e-05
224056,0.999946,1.33456e-05
224202,0.999946,1.33369e-05
224476,0.999947,1.33206e-05
224788,0.999947,1.33021e-05
225154,0.999947,1.32805e-05
225556,0.999947,1.32568e-05
226032,0.999947,1.32289e-05
226036,0.999947,1.32287e-05
226040,0.999947,1.32285e-05
226048,0.999947,1.3228e-05
226060,0.999947,1.32273e-05
226090,0.999947,1.32255e-05
226124,0.999947,1.32235e-05
226206,0.999947,1.32187e-05
226418,0.999947,1.32064e-05
226428,0.999947,1.32058e-05
226464,0.999947,1.32037e-05
226564,0.999947,1.31979e-05
226788,0.999947,1.31848e-05
227050,0.999947,1.31696e-05
227392,0.999947,1.31498e-05
227778,0.999947,1.31275e-05
228256,0.999947,1.31e-05
228260,0.999947,1.30998e-05
228264,0.999947,1.30996e-05
228272,0.999947,1.30991e-05
228284,0.999947,1.30984e-05
228314,0.999947,1.30967e-05
228410,0.999947,1.30912e-05
228650,0.999948,1.30775e-05
228660,0.999948,1.30769e-05
228698,0.999948,1.30747e-05
228752,0.999948,1.30716e-05
228860,0.999948,1.30655e-05
229010,0.999948,1.30569e-05
229298,0.999948,1.30405e-05
229626,0.999948,1.30219e-05
230058,0.999948,1.29974e-05
230526,0.999948,1.2971e-05
231066,0.999948,1.29407e-05
231070,0.999948,1.29405e-05
231074,0.999948,1.29403e-05
231082,0.999948,1.29398e-05
231094,0.999948,1.29392e-05
231124,0.999948,1.29375e-05
231158,0.999948,1.29356e-05
231240,0.999948,1.2931e-05
231458,0.999948,1.29188e-05
231468,0.999948,1.29182e-05
231504,0.999948,1.29162e-05
231604,0.999948,1.29107e-05
231834,0.999948,1.28978e-05
232104,0.999948,1.28828e-05
232508,0.999948,1.28605e-05
232958,0.999948,1.28356e-05
233502,0.999949,1.28057e-05
233532,0.999949,1.28041e-05
233628,0.999949,1.27988e-05
233874,0.999949,1.27853e-05
234150,0.999949,1.27703e-05
234160,0.999949,1.27697e-05
234198,0.999949,1.27677e-05
234252,0.999949,1.27647e-05
234360,0.999949,1.27588e-05
234512,0.999949,1.27506e-05
234804,0.999949,1.27347e-05
235282,0.999949,1.27088e-05
235286,0.999949,1.27086e-05
235290,0.999949,1.27084e-05
235298,0.999949,1.2708e-05
235842,0.999949,1.26787e-05
236440,0.999949,1.26466e-05
236470,0.999949,1.2645e-05
236504,0.999949,1.26432e-05
236586,0.999949,1.26388e-05
236804,0.999949,1.26272e-05
237068,0.999949,1.26131e-05
237080,0.999949,1.26125e-05
237090,0.999949,1.26119e-05
237126,0.999949,1.261e-05
237226,0.999949,1.26047e-05
237456,0.999949,1.25925e-05
237912,0.99995,1.25683e-05
237916,0.99995,1.25681e-05
237920,0.99995,1.25679e-05
237928,0.99995,1.25675e-05
238460,0.99995,1.25395e-05
239054,0.99995,1.25083e-05
239084,0.99995,1.25067e-05
239180,0.99995,1.25017e-05
239430,0.99995,1.24887e-05
239712,0.99995,1.2474e-05
239724,0.99995,1.24733e-05
239734,0.99995,1.24728e-05
239772,0.99995,1.24708e-05
239826,0.99995,1.2468e-05
239934,0.99995,1.24624e-05
240086,0.99995,1.24545e-05
240386,0.99995,1.2439e-05
240932,0.99995,1.24108e-05
240936,0.99995,1.24106e-05
240940,0.99995,1.24104e-05
240948,0.99995,1.241e-05
241562,0.99995,1.23784e-05
242230,0.99995,1.23443e-05
242260,0.99995,1.23428e-05
242294,0.99995,1.2341e-05
242376,0.99995,1.23369e-05
242596,0.999951,1.23257e-05
242866,0.999951,1.2312e-05
242878,0.999951,1.23114e-05
242888,0.999951,1.23109e-05
242924,0.999951,1.2309e-05
243024,0.999951,1.2304e-05
243256,0.999951,1.22922e-05
243780,0.999951,1.22658e-05
243784,0.999951,1.22656e-05
243788,0.999951,1.22654e-05
243796,0.999951,1.2265e-05
244396,0.999951,1.22349e-05
245060,0.999951,1.22017e-05
245090,0.999951,1.22003e-05
245186,0.999951,1.21955e-05
245438,0.999951,1.2183e-05
246008,0.999951,1.21547e-05
246632,0.999951,1.2124e-05
246644,0.999951,1.21234e-05
246654,0.999951,1.21229e-05
246692,0.999951,1.2121e-05
246746,0.999951,1.21184e-05
246854,0.999951,1.21131e-05
247006,0.999951,1.21056e-05
247312,0.999951,1.20906e-05
248022,0.999952,1.2056e-05
248026,0.999952,1.20558e-05
248030,0.999952,1.20556e-05
248038,0.999952,1.20552e-05
248806,0.999952,1.2018e-05
249580,0.999952,1.19808e-05
249610,0.999952,1.19793e-05
249644,0.999952,1.19777e-05
249726,0.999952,1.19738e-05
249946,0.999952,1.19632e-05
250520,0.999952,1.19358e-05
251084,0.999952,1.1909e-05
251096,0.999952,1.19084e-05
251106,0.999952,1.1908e-05
251142,0.999952,1.19063e-05
251242,0.999952,1.19015e-05
251474,0.999952,1.18905e-05
252170,0.999952,1.18577e-05
252174,0.999952,1.18575e-05
252178,0.999952,1.18573e-05
252186,0.999952,1.1857e-05
252940,0.999953,1.18216e-05
253728,0.999953,1.17849e-05
253758,0.999953,1.17835e-05
253854,0.999953,1.17791e-05
254106,0.999953,1.17674e-05
254740,0.999953,1.17381e-05
255378,0.999953,1.17088e-05
255390,0.999953,1.17082e-05
255400,0.999953,1.17078e-05
255438,0.999953,1.1706e-05
255492,0.999953,1.17035e-05
255600,0.999953,1.16986e-05
255752,0.999953,1.16916e-05
256060,0.999953,1.16776e-05
256832,0.999953,1.16425e-05
256836,0.999953,1.16423e-05
256840,0.999953,1.16421e-05
256848,0.999953,1.16417e-05
257678,0.999953,1.16043e-05
258514,0.999954,1.15667e-05
258544,0.999954,1.15654e-05
258578,0.999954,1.15639e-05
258660,0.999954,1.15602e-05
258880,0.999954,1.15504e-05
259516,0.999954,1.15221e-05
260092,0.999954,1.14965e-05
260104,0.999954,1.1496e-05
260114,0.999954,1.14956e-05
260150,0.999954,1.1494e-05
260250,0.999954,1.14896e-05
260482,0.999954,1.14793e-05
261240,0.999954,1.1446e-05
261244,0.999954,1.14459e-05
261248,0.999954,1.14457e-05
261256,0.999954,1.14453e-05
262072,0.999954,1.14097e-05
262922,0.999954,1.13728e-05
262952,0.999954,1.13715e-05
263048,0.999954,1.13674e-05
263300,0.999954,1.13565e-05
263588,0.999954,1.13441e-05
264300,0.999955,1.13135e-05
264312,0.999955,1.1313e-05
264322,0.999955,1.13126e-05
264360,0.999955,1.13109e-05
264414,0.999955,1.13086e-05
264522,0.999955,1.1304e-05
264674,0.999955,1.12975e-05
264982,0.999955,1.12844e-05
265604,0.999955,1.1258e-05
266376,0.999955,1.12253e-05
267182,0.999955,1.11915e-05
267186,0.999955,1.11913e-05
267190,0.999955,1.11911e-05
267198,0.999955,1.11908e-05
267210,0.999955,1.11903e-05
268090,0.999955,1.11536e-05
268120,0.999955,1.11523e-05
268154,0.999955,1.11509e-05
268236,0.999955,1.11475e-05
268456,0.999955,1.11384e-05
268730,0.999955,1.1127e-05
269394,0.999955,1.10996e-05
269404,0.999955,1.10992e-05
269440,0.999955,1.10977e-05
269540,0.999955,1.10936e-05
269772,0.999956,1.1084e-05
270344,0.999956,1.10606e-05
271100,0.999956,1.10297e-05
271890,0.999956,1.09977e-05
271894,0.999956,1.09975e-05
271898,0.999956,1.09974e-05
271906,0.999956,1.0997e-05
271918,0.999956,1.09966e-05
272804,0.999956,1.09608e-05
272834,0.999956,1.09596e-05
272930,0.999956,1.09558e-05
273182,0.999956,1.09457e-05
273470,0.999956,1.09341e-05
274244,0.999956,1.09033e-05
274254,0.999956,1.09029e-05
274292,0.999956,1.09014e-05
274346,0.999956,1.08992e-05
274454,0.999956,1.08949e-05
274606,0.999956,1.08889e-05
274912,0.999956,1.08768e-05
275536,0.999956,1.08522e-05
276370,0.999957,1.08194e-05
277238,0.999957,1.07855e-05
277242,0.999957,1.07854e-05
277246,0.999957,1.07852e-05
277254,0.999957,1.07849e-05
277266,0.999957,1.07844e-05
278208,0.999957,1.07479e-05
278212,0.999957,1.07478e-05
278216,0.999957,1.07476e-05
278224,0.999957,1.07473e-05
278236,0.999957,1.07468e-05
278266,0.999957,1.07457e-05
278300,0.999957,1.07444e-05
278382,0.999957,1.07412e-05
278602,0.999957,1.07327e-05
278876,0.999957,1.07222e-05
279600,0.999957,1.06944e-05
279610,0.999957,1.0694e-05
279646,0.999957,1.06927e-05
279746,0.999957,1.06888e-05
279978,0.999957,1.068e-05
280556,0.999957,1.0658e-05
281374,0.999957,1.0627e-05
282226,0.999957,1.05949e-05
283174,0.999958,1.05594e-05
283204,0.999958,1.05583e-05
283300,0.999958,1.05547e-05
283550,0.999958,1.05454e-05
284080,0.999958,1.05258e-05
285008,0.999958,1.04915e-05
285298,0.999958,1.04808e-05
285308,0.999958,1.04805e-05
285346,0.999958,1.04791e-05
285400,0.999958,1.04771e-05
285508,0.999958,1.04731e-05
285658,0.999958,1.04676e-05
285966,0.999958,1.04563e-05
286590,0.999958,1.04336e-05
287546,0.999958,1.03989e-05
288516,0.999958,1.03639e-05
288520,0.999958,1.03638e-05
288524,0.999958,1.03636e-05
288532,0.999958,1.03634e-05
288544,0.999958,1.03629e-05
289560,0.999959,1.03266e-05
289590,0.999959,1.03255e-05
289624,0.999959,1.03243e-05
289706,0.999959,1.03214e-05
289926,0.999959,1.03135e-05
290446,0.999959,1.02951e-05
291340,0.999959,1.02635e-05
291614,0.999959,1.02538e-05
291624,0.999959,1.02535e-05
291660,0.999959,1.02522e-05
291760,0.999959,1.02487e-05
291990,0.999959,1.02406e-05
292564,0.999959,1.02205e-05
293490,0.999959,1.01883e-05
294454,0.999959,1.01549e-05
294458,0.999959,1.01548e-05
294462,0.999959,1.01547e-05
294470,0.999959,1.01544e-05
294482,0.999959,1.0154e-05
295508,0.999959,1.01187e-05
295538,0.999959,1.01177e-05
295634,0.999959,1.01144e-05
295878,0.999959,1.01061e-05
296162,0.999959,1.00964e-05
296172,0.999959,1.0096e-05
296210,0.999959,1.00947e-05
296264,0.999959,1.00929e-05
296372,0.99996,1.00892e-05
296514,0.99996,1.00844e-05
296814,0.99996,1.00742e-05
297422,0.99996,1.00536e-05
298372,0.99996,1.00216e-05
299360,0.99996,9.98851e-06
299364,0.99996,9.98838e-06
299368,0.99996,9.98824e-06
299376,0.99996,9.98797e-06
299388,0.99996,9.98757e-06
300436,0.99996,9.95274e-06
300466,0.99996,9.95174e-06
300500,0.99996,9.95062e-06
300582,0.99996,9.9479e-06
300798,0.99996,9.94076e-06
301062,0.99996,9.93204e-06
301072,0.99996,9.93171e-06
301108,0.99996,9.93052e-06
301208,0.99996,9.92723e-06
301432,0.99996,9.91985e-06
301992,0.99996,9.90145e-06
302578,0.99996,9.88228e-06
303192,0.99996,9.86227e-06
303196,0.99996,9.86214e-06
303200,0.99996,9.86201e-06
303208,0.99996,9.86175e-06
303220,0.99996,9.86135e-06
303910,0.999961,9.83897e-06
303940,0.999961,9.83799e-06
304034,0.999961,9.83495e-06
304270,0.999961,9.82732e-06
304542,0.999961,9.81855e-06
305078,0.999961,9.8013e-06
305184,0.999961,9.79789e-06
305194,0.999961,9.79757e-06
305232,0.999961,9.79635e-06
305374,0.999961,9.7918e-06
305678,0.999961,9.78206e-06
306272,0.999961,9.76309e-06
307294,0.999961,9.73062e-06
308346,0.999961,9.69742e-06
308350,0.999961,9.69729e-06
308354,0.999961,9.69717e-06
308362,0.999961,9.69691e-06
308374,0.999961,9.69654e-06
309474,0.999961,9.66207e-06
309504,0.999961,9.66114e-06
309540,0.999961,9.66001e-06
309624,0.999961,9.65739e-06
309834,0.999961,9.65085e-06
310084,0.999961,9.64306e-06
310582,0.999961,9.6276e-06
310592,0.999961,9.62729e-06
310630,0.999961,9.62611e-06
310726,0.999961,9.62314e-06
310942,0.999961,9.61646e-06
311482,0.999961,9.59978e-06
312470,0.999962,9.56943e-06
313490,0.999962,9.53829e-06
313494,0.999962,9.53817e-06
313498,0.999962,9.53805e-06
313506,0.999962,9.53781e-06
313518,0.999962,9.53744e-06
314612,0.999962,9.50428e-06
314642,0.999962,9.50337e-06
314732,0.999962,9.50065e-06
314954,0.999962,9.49396e-06
315206,0.999962,9.48637e-06
315720,0.999962,9.47092e-06
315758,0.999962,9.46978e-06
315768,0.999962,9.46948e-06
315806,0.999962,9.46834e-06
315900,0.999962,9.46553e-06
316162,0.999962,9.45768e-06
316720,0.999962,9.44102e-06
317770,0.999962,9.40982e-06
318850,0.999962,9.37795e-06
318854,0.999953,1.1713e-05
318858,0.999944,1.40666e-05
318864,0.999944,1.40663e-05
318874,0.999944,1.40659e-05
320004,0.999944,1.40162e-05
320030,0.999944,1.40151e-05
320062,0.999944,1.40137e-05
320138,0.999944,1.40103e-05
320330,0.999944,1.40019e-05
320554,0.999944,1.39922e-05
321024,0.999944,1.39717e-05
321056,0.999944,1.39703e-05
321140,0.999944,1.39666e-05
321350,0.999944,1.39575e-05
321858,0.999944,1.39355e-05
322878,0.999944,1.38914e-05
n326 is replaced by zero with estimated error 0
error = 0
area = 1117
delay = 17.8
#gates = 510
output circuit appNtk/ksa32_3_0_1117_17.8.blif
time = 1838888119 us
--------------- round 4 ---------------
