abc command read data/library/mcnc.genlib
Entered genlib library with 23 gates from file "data/library/mcnc.genlib".
abc command read_blif data/su/c1908.blif
Line 7: Skipping line ".default_input_arrival 0.00 0.00 ".
Line 8: Skipping line ".default_output_required 0.00 0.00 ".
Line 9: Skipping line ".default_input_drive 0.10 0.10 ".
Line 10: Skipping line ".default_output_load 2.00 ".
Line 11: Skipping line ".default_max_input_load 999.00 ".
abc command print_stats
[1;37mc1908                         :[0m i/o =   33/   25  lat =    0  nd =   288  edge =    689  area =758.00  delay =37.30  lev = 25
--------------- round 1 ---------------
seed = 2531465778
maxLevel = 2
3,0.333333,0.0165867
9,0.111111,0.0138678
24,0.0416667,0.00875333
25,0.08,0.0084032
31,0.0645161,0.0649784
32,0.09375,0.0629478
33,0.121212,0.0610403
37,0.108108,0.0932911
64,0.0625,0.137664
99,0.040404,0.216235
102,0.0490196,0.216935
103,0.0582524,0.214829
103,0.0582524,0.214829
103,0.0582524,0.214829
104,0.0673077,0.212763
107,0.0747664,0.213889
107,0.0747664,0.213889
107,0.0747664,0.213889
108,0.0833333,0.211909
109,0.0917431,0.209965
109,0.0917431,0.209965
109,0.0917431,0.209965
136,0.0735294,0.220241
167,0.0598802,0.246254
216,0.0462963,0.250784
272,0.0367647,0.273224
373,0.0268097,0.296694
487,0.0205339,0.229014
612,0.0163399,0.183547
740,0.0135135,0.153227
878,0.168565,0.129144
881,0.169126,0.129389
884,0.169683,0.129635
884,0.169683,0.129635
884,0.169683,0.129635
884,0.169683,0.129635
884,0.169683,0.129635
932,0.160944,0.136533
986,0.15213,0.148675
989,0.152679,0.148596
1000,0.151,0.149566
1019,0.148184,0.14948
1022,0.148728,0.149151
1053,0.144349,0.155117
1089,0.139578,0.161655
1151,0.132059,0.172361
1257,0.120923,0.158183
1377,0.110385,0.14491
1508,0.100796,0.132888
1520,0.1,0.133621
1539,0.0987654,0.133594
1572,0.0966921,0.138075
1575,0.0971429,0.138157
1580,0.0968354,0.138839
1593,0.0960452,0.140593
1594,0.0966123,0.140505
1594,0.0966123,0.140505
1604,0.09601,0.141175
1616,0.095297,0.14276
1631,0.0944206,0.144704
1664,0.0925481,0.146846
1704,0.0903756,0.151701
1797,0.0856984,0.16218
1901,0.08101,0.153325
2011,0.0820487,0.144942
2026,0.0814413,0.143871
2041,0.0808427,0.142845
2156,0.0769944,0.135242
2279,0.0732778,0.127959
2427,0.12979,0.120156
2594,0.185813,0.112421
2599,0.185456,0.11223
2615,0.184321,0.111574
2615,0.184321,0.111574
2615,0.184321,0.111574
2615,0.184321,0.111574
2615,0.184321,0.111574
2615,0.184321,0.111574
2618,0.184492,0.111714
2618,0.184492,0.111714
2618,0.184492,0.111714
2618,0.184492,0.111714
2618,0.184492,0.111714
2618,0.184492,0.111714
2618,0.184492,0.111714
2746,0.175892,0.106867
2879,0.167767,0.102
2895,0.166839,0.101466
2913,0.165808,0.100875
3061,0.157792,0.0964057
3219,0.19913,0.0916737
3393,0.2402,0.0869725
3394,0.240424,0.0869469
3399,0.241542,0.086819
3420,0.246199,0.0862859
3435,0.245124,0.0859275
3465,0.251659,0.0851835
3477,0.250791,0.0856722
3481,0.250503,0.0859835
3495,0.249499,0.0870703
3501,0.249072,0.0875328
3514,0.24815,0.088529
3547,0.245842,0.0910278
3619,0.240951,0.095667
3698,0.235803,0.101265
3789,0.23014,0.0989202
3888,0.22428,0.0964762
3993,0.218382,0.0940427
3996,0.218468,0.0940612
4001,0.218195,0.0943905
4012,0.217597,0.0951098
4024,0.216948,0.0955291
4044,0.215875,0.095753
4079,0.214023,0.097929
4126,0.211585,0.100887
4177,0.209002,0.101831
4245,0.205654,0.10592
4341,0.201106,0.11147
4449,0.196224,0.108859
4564,0.19128,0.106203
4684,0.186379,0.103595
4833,0.18084,0.100649
4990,0.175351,0.0976033
4998,0.176671,0.0974471
5000,0.177,0.0974081
5002,0.177329,0.0973692
5140,0.172568,0.0947957
5298,0.167422,0.0922026
5479,0.194926,0.0891567
5591,0.191021,0.087397
5733,0.211059,0.0852323
5881,0.230913,0.0830874
5889,0.231958,0.0829745
5891,0.232219,0.0829463
5893,0.232479,0.0829182
6074,0.255351,0.0804473
6220,0.27283,0.078559
6376,0.290621,0.0766369
6384,0.29151,0.0765408
6386,0.291732,0.0765169
6388,0.291954,0.0764929
6548,0.309255,0.0746238
6732,0.328134,0.0725842
6745,0.329429,0.0724443
6747,0.329628,0.0724228
6749,0.329827,0.0724014
6917,0.346104,0.0706429
7112,0.364033,0.068706
7115,0.364301,0.068677
7135,0.366083,0.0684845
7166,0.368825,0.0681882
7183,0.370319,0.0680268
7185,0.370494,0.0680079
7187,0.370669,0.067989
7356,0.385128,0.066427
7481,0.378693,0.0653395
7636,0.391304,0.0640132
7804,0.404408,0.0626351
7812,0.405018,0.062571
7814,0.40517,0.062555
7816,0.405322,0.062539
8011,0.419798,0.0610167
8028,0.421026,0.0608875
8030,0.421171,0.0608723
8032,0.421315,0.0608571
8166,0.414401,0.0598814
8310,0.40722,0.0589936
8487,0.419583,0.0577633
8495,0.420129,0.0577089
8497,0.420266,0.0576953
8499,0.420402,0.0576817
8675,0.432161,0.0565115
8683,0.432685,0.0564594
8685,0.432815,0.0564464
8687,0.432946,0.0564334
8883,0.445458,0.0551882
8900,0.446517,0.0550828
8902,0.446641,0.0550704
8904,0.446765,0.0550581
9084,0.457728,0.0539671
9092,0.458205,0.0539196
9094,0.458324,0.0539077
9096,0.458443,0.0538959
9280,0.469181,0.0528273
9293,0.469924,0.0527534
9295,0.470038,0.052742
9297,0.470152,0.0527307
9452,0.462442,0.0518914
9620,0.454366,0.0511182
9826,0.465805,0.0500465
9970,0.473521,0.0493237
9992,0.47468,0.0492151
9993,0.474732,0.0492102
9994,0.474785,0.0492052
10200,0.485392,0.0482115
10222,0.4865,0.0481077
10224,0.4866,0.0480983
10226,0.486701,0.0480889
10432,0.496837,0.0471393
10454,0.497896,0.0470401
10456,0.497992,0.0470311
10458,0.498088,0.0470221
10664,0.507783,0.0461138
10686,0.508797,0.0460188
10688,0.508888,0.0460102
10690,0.50898,0.0460016
10839,0.501984,0.045452
11022,0.493649,0.0448577
11078,0.491154,0.0447122
11080,0.491245,0.0447041
11270,0.499823,0.0439504
11339,0.502866,0.043683
11517,0.51055,0.0430078
11580,0.513212,0.0427739
11738,0.519765,0.0421981
11917,0.526978,0.0415643
11980,0.529466,0.0413457
12146,0.535897,0.0407806
12329,0.542785,0.0401753
12393,0.545146,0.0399678
12463,0.547701,0.0397433
12659,0.554704,0.039128
12854,0.561459,0.0385344
13055,0.568211,0.0379411
13251,0.574598,0.0373799
13307,0.576388,0.0372226
13527,0.583278,0.0366172
13678,0.587878,0.036213
13872,0.593642,0.0357065
14048,0.598733,0.0352592
14108,0.600439,0.0351092
14181,0.602496,0.0349285
14210,0.603308,0.0348572
14246,0.60431,0.0347691
14284,0.605363,0.0346766
14320,0.606355,0.0345895
14363,0.607533,0.0344859
14405,0.608678,0.0343854
14484,0.610812,0.0341978
14485,0.610839,0.0341955
14487,0.610893,0.0341907
14489,0.610946,0.034186
14567,0.613029,0.034003
14617,0.614353,0.0338867
14617,0.614353,0.0338867
14693,0.616348,0.0337114
14693,0.616348,0.0337114
14694,0.616374,0.0337091
14694,0.616374,0.0337091
14694,0.616374,0.0337091
14694,0.616374,0.0337091
14744,0.617675,0.0335948
14744,0.617675,0.0335948
14744,0.617675,0.0335948
14744,0.617675,0.0335948
14797,0.619044,0.0334744
14797,0.619044,0.0334744
14797,0.619044,0.0334744
14797,0.619044,0.0334744
14850,0.620404,0.033355
14850,0.620404,0.033355
14850,0.620404,0.033355
14850,0.620404,0.033355
14903,0.621754,0.0332363
14903,0.621754,0.0332363
14903,0.621754,0.0332363
14903,0.621754,0.0332363
14903,0.621754,0.0332363
14903,0.621754,0.0332363
14966,0.623346,0.0330964
15004,0.6243,0.0330126
15004,0.6243,0.0330126
15004,0.6243,0.0330126
15004,0.6243,0.0330126
15004,0.6243,0.0330126
15004,0.6243,0.0330126
15004,0.6243,0.0330126
15040,0.625199,0.0329336
15086,0.626342,0.0328332
15086,0.626342,0.0328332
15086,0.626342,0.0328332
15086,0.626342,0.0328332
15137,0.627601,0.0327226
15211,0.629413,0.0325634
15211,0.629413,0.0325634
15212,0.629437,0.0325612
15213,0.629462,0.0325591
15213,0.629462,0.0325591
[95410] is replaced by [95380] with estimated error 0
error = 0
area = 756
delay = 37.3
#gates = 289
output circuit appNtk/c1908_1_0_756_37.3.blif
time = 19030484 us
--------------- round 2 ---------------
seed = 2531465778
maxLevel = 2
15216,0.629403,0.0325559
15222,0.629155,0.032548
15237,0.628536,0.0325216
15238,0.62856,0.0325194
15244,0.628313,0.032625
15245,0.628337,0.0326229
15246,0.628362,0.0326207
15250,0.628197,0.0327064
15277,0.627086,0.0329994
15312,0.625653,0.0337466
15315,0.625596,0.033787
15316,0.62562,0.0337848
15316,0.62562,0.0337848
15316,0.62562,0.0337848
15317,0.625645,0.0337826
15320,0.625587,0.0338255
15320,0.625587,0.0338255
15320,0.625587,0.0338255
15321,0.625612,0.0338233
15322,0.625636,0.0338211
15322,0.625636,0.0338211
15322,0.625636,0.0338211
15349,0.624536,0.034222
15380,0.623277,0.0348794
15429,0.621298,0.0356141
15485,0.619051,0.0367865
15586,0.615039,0.0388803
15700,0.610573,0.0386529
15825,0.60575,0.0383982
15953,0.60089,0.0381564
16091,0.604313,0.0378292
16094,0.604262,0.0378596
16097,0.604212,0.0378902
16097,0.604212,0.0378902
16097,0.604212,0.0378902
16097,0.604212,0.0378902
16097,0.604212,0.0378902
16145,0.602416,0.0385611
16199,0.600407,0.0396268
16202,0.600358,0.0396422
16213,0.599951,0.0397759
16232,0.599248,0.0398991
16235,0.599199,0.0398986
16266,0.598057,0.040493
16302,0.596737,0.0411829
16364,0.594476,0.0423924
16470,0.59065,0.0421468
16590,0.586377,0.0418844
16721,0.581783,0.0416073
16733,0.581366,0.0417394
16752,0.580707,0.0418411
16785,0.579565,0.0424412
16788,0.579521,0.042466
16793,0.579349,0.0425587
16806,0.5789,0.0427994
16807,0.578925,0.0427968
16807,0.578925,0.0427968
16817,0.578581,0.0429188
16829,0.578169,0.0431411
16844,0.577654,0.043418
16877,0.576524,0.0438273
16917,0.575161,0.0445599
17010,0.572016,0.0462527
17114,0.56854,0.0459736
17224,0.565548,0.0456805
17239,0.565056,0.0456409
17254,0.564565,0.045605
17369,0.560884,0.045305
17492,0.556997,0.0449886
17640,0.560714,0.0446111
17807,0.564834,0.0441927
17812,0.564675,0.0441841
17828,0.564169,0.0441489
17828,0.564169,0.0441489
17828,0.564169,0.0441489
17828,0.564169,0.0441489
17828,0.564169,0.0441489
17828,0.564169,0.0441489
17831,0.56413,0.0441808
17831,0.56413,0.0441808
17831,0.56413,0.0441808
17831,0.56413,0.0441808
17831,0.56413,0.0441808
17831,0.56413,0.0441808
17831,0.56413,0.0441808
17959,0.560109,0.043921
18092,0.555992,0.0436093
18108,0.5555,0.0435755
18126,0.554949,0.043538
18274,0.550454,0.0432537
18432,0.554308,0.042883
18606,0.558476,0.0424819
18607,0.558499,0.0424797
18612,0.558618,0.0424682
18633,0.559116,0.0424204
18648,0.558666,0.0423897
18678,0.559375,0.0423216
18690,0.559016,0.04244
18694,0.558896,0.0425072
18708,0.558478,0.0427428
18714,0.558299,0.0428435
18727,0.557911,0.0430615
18760,0.55693,0.0436139
18832,0.5548,0.0446867
18911,0.552483,0.0459944
19002,0.549837,0.0457915
19101,0.546987,0.0455694
19206,0.543997,0.0453417
19209,0.543964,0.0453532
19214,0.543822,0.0454345
19225,0.543511,0.0456126
19237,0.543172,0.0457312
19257,0.542608,0.0458299
19292,0.541623,0.0463806
19339,0.540307,0.0471369
19390,0.538886,0.0474818
19458,0.537003,0.0485636
19554,0.534366,0.0500773
19662,0.531431,0.0498238
19777,0.528341,0.0495541
19897,0.525155,0.0492818
20046,0.521301,0.0489753
20203,0.517299,0.0486246
20211,0.51749,0.0486053
20213,0.517538,0.0486005
20215,0.517586,0.0485957
20353,0.514077,0.0482765
20511,0.510117,0.047965
20692,0.514402,0.0475455
20804,0.511632,0.0472966
20946,0.514943,0.0469759
21094,0.518346,0.0466463
21102,0.518529,0.0466287
21104,0.518575,0.0466242
21106,0.51862,0.0466198
21287,0.522713,0.0462234
21433,0.525965,0.0459086
21589,0.52939,0.0455768
21597,0.529564,0.0455599
21599,0.529608,0.0455557
21601,0.529651,0.0455515
21761,0.53311,0.0452166
21945,0.537024,0.0448375
21958,0.537298,0.0448109
21960,0.537341,0.0448068
21962,0.537383,0.0448028
22130,0.540895,0.0444626
22133,0.540957,0.0444566
22153,0.541371,0.0444165
22184,0.542012,0.0443544
22201,0.542363,0.0443204
22203,0.542404,0.0443164
22205,0.542445,0.0443125
22374,0.545901,0.0439777
22499,0.542869,0.0437409
22654,0.545996,0.0434416
22822,0.549338,0.0431218
22830,0.549496,0.0431067
22832,0.549536,0.0431029
22834,0.549575,0.0430991
23028,0.55337,0.042736
23045,0.553699,0.0427045
23047,0.553738,0.0427008
23049,0.553777,0.0426971
23183,0.550576,0.0424584
23327,0.547177,0.0422497
23504,0.550587,0.0419315
23512,0.55074,0.0419172
23514,0.550778,0.0419137
23516,0.550816,0.0419101
23692,0.554153,0.0415988
23700,0.554304,0.0415847
23702,0.554341,0.0415812
23704,0.554379,0.0415777
23899,0.558015,0.0412385
23916,0.558329,0.0412092
23918,0.558366,0.0412057
23920,0.558403,0.0412023
24100,0.561701,0.0408945
24108,0.561847,0.040881
24110,0.561883,0.0408776
24112,0.561919,0.0408742
24296,0.565237,0.0405646
24309,0.56547,0.0405429
24311,0.565505,0.0405396
24313,0.565541,0.0405363
24468,0.561958,0.0402893
24636,0.558126,0.0400665
24841,0.561773,0.0397359
24985,0.564299,0.0395068
25007,0.564682,0.0394721
25008,0.564699,0.0394705
25009,0.564717,0.0394689
25214,0.568256,0.039148
25236,0.568632,0.0391139
25238,0.568666,0.0391108
25240,0.5687,0.0391077
25445,0.572175,0.0387926
25467,0.572545,0.0387591
25469,0.572578,0.0387561
25471,0.572612,0.038753
25676,0.576024,0.0384436
25698,0.576387,0.0384107
25700,0.57642,0.0384077
25702,0.576453,0.0384047
25851,0.573131,0.0382181
26034,0.569102,0.0380173
26089,0.567902,0.0379709
26091,0.567935,0.037968
26281,0.571059,0.0376935
26349,0.572166,0.0375962
26527,0.575037,0.0373439
26589,0.576028,0.0372568
26747,0.578532,0.0370368
26926,0.581334,0.0367905
26988,0.582296,0.036706
27154,0.584849,0.0364816
27337,0.587628,0.0362374
27400,0.588577,0.0361541
27469,0.58961,0.0360633
27665,0.592518,0.0358078
27859,0.595355,0.0355584
28059,0.598239,0.035305
28254,0.601012,0.0350613
28309,0.601787,0.0349932
28528,0.604844,0.0347246
28679,0.606925,0.0345417
28873,0.609566,0.0343096
29049,0.611932,0.0341018
29108,0.612718,0.0340326
29180,0.613674,0.0339487
29209,0.614057,0.033915
29245,0.614532,0.0338732
29283,0.615033,0.0338293
29318,0.615492,0.0337889
29360,0.616042,0.0337405
29401,0.616578,0.0336935
29479,0.617592,0.0336043
29480,0.617605,0.0336032
29482,0.617631,0.0336009
29484,0.617657,0.0335986
29561,0.618653,0.0335111
29611,0.619297,0.0334545
29611,0.619297,0.0334545
29686,0.620259,0.03337
29686,0.620259,0.03337
29687,0.620271,0.0333689
29687,0.620271,0.0333689
29687,0.620271,0.0333689
29687,0.620271,0.0333689
29737,0.62091,0.0333128
29737,0.62091,0.0333128
29737,0.62091,0.0333128
29737,0.62091,0.0333128
29790,0.621584,0.0332535
29790,0.621584,0.0332535
29790,0.621584,0.0332535
29790,0.621584,0.0332535
29843,0.622256,0.0331945
29843,0.622256,0.0331945
29843,0.622256,0.0331945
29843,0.622256,0.0331945
29896,0.622926,0.0331356
29896,0.622926,0.0331356
29896,0.622926,0.0331356
29896,0.622926,0.0331356
29896,0.622926,0.0331356
29896,0.622926,0.0331356
29958,0.623707,0.033067
29996,0.624183,0.0330251
29996,0.624183,0.0330251
29996,0.624183,0.0330251
29996,0.624183,0.0330251
29996,0.624183,0.0330251
29996,0.624183,0.0330251
29996,0.624183,0.0330251
30032,0.624634,0.0329856
30077,0.625195,0.0329362
30077,0.625195,0.0329362
30077,0.625195,0.0329362
30077,0.625195,0.0329362
30128,0.62583,0.0328804
30201,0.626734,0.032801
30201,0.626734,0.032801
30202,0.626747,0.0327999
30203,0.626759,0.0327988
30203,0.626759,0.0327988
[96034] is replaced by [96028] with estimated error 0
error = 0
area = 754
delay = 37.3
#gates = 288
output circuit appNtk/c1908_2_0_754_37.3.blif
time = 37479694 us
--------------- round 3 ---------------
seed = 2531465778
maxLevel = 2
30206,0.62673,0.0327972
30212,0.626605,0.0327932
30227,0.626294,0.0327797
30228,0.626307,0.0327787
30234,0.626182,0.0328318
30235,0.626195,0.0328307
30236,0.626207,0.0328297
30240,0.626124,0.0328728
30267,0.625566,0.0330206
30302,0.624843,0.0333981
30305,0.624814,0.0334186
30306,0.624827,0.0334175
30306,0.624827,0.0334175
30306,0.624827,0.0334175
30307,0.624839,0.0334164
30310,0.62481,0.0334381
30310,0.62481,0.0334381
30310,0.62481,0.0334381
30311,0.624823,0.033437
30312,0.624835,0.0334359
30312,0.624835,0.0334359
30312,0.624835,0.0334359
30339,0.624279,0.0336391
30370,0.623642,0.0339726
30419,0.622637,0.0343467
30475,0.621493,0.0349447
30576,0.61944,0.0360182
30690,0.617139,0.0359125
30815,0.614636,0.0357928
30943,0.612093,0.0356789
31081,0.613816,0.0355205
31084,0.613788,0.0355365
31087,0.613761,0.0355525
31087,0.613761,0.0355525
31087,0.613761,0.0355525
31087,0.613761,0.0355525
31087,0.613761,0.0355525
31135,0.612815,0.0359045
31190,0.611735,0.0364735
31193,0.611708,0.0364818
31205,0.611473,0.0365588
31224,0.6111,0.0366249
31227,0.611074,0.036625
31259,0.610448,0.0369484
31295,0.609746,0.0373125
31357,0.60854,0.0379518
31463,0.60649,0.0378397
31583,0.604186,0.0377205
31714,0.60169,0.037595
31726,0.601463,0.0376663
31745,0.601103,0.0377225
31778,0.600478,0.0380441
31781,0.600453,0.0380577
31786,0.600359,0.0381074
31799,0.600113,0.0382367
31800,0.600126,0.0382355
31800,0.600126,0.0382355
31810,0.599937,0.0383016
31822,0.599711,0.038421
31837,0.599428,0.0385697
31870,0.598808,0.0387918
31910,0.598057,0.039187
32004,0.5963,0.0401135
32108,0.594369,0.0399864
32218,0.59234,0.0398504
32233,0.592064,0.0398322
32249,0.59177,0.0398145
32365,0.589649,0.0396756
32490,0.587381,0.0395271
32638,0.589252,0.0393478
32805,0.591343,0.0391475
32810,0.591253,0.0391436
32826,0.590964,0.039127
32826,0.590964,0.039127
32826,0.590964,0.039127
32826,0.590964,0.039127
32826,0.590964,0.039127
32826,0.590964,0.039127
32829,0.590941,0.0391447
32829,0.590941,0.0391447
32829,0.590941,0.0391447
32829,0.590941,0.0391447
32829,0.590941,0.0391447
32829,0.590941,0.0391447
32829,0.590941,0.0391447
32957,0.588646,0.0390227
33090,0.58628,0.038872
33106,0.585996,0.0388558
33124,0.585678,0.0388378
33272,0.583073,0.0387026
33430,0.585043,0.0385197
33604,0.587192,0.0383202
33605,0.587204,0.0383191
33610,0.587266,0.0383134
33631,0.587523,0.0382895
33646,0.587261,0.0382743
33676,0.587629,0.0382402
33688,0.58742,0.0383073
33692,0.58735,0.038345
33706,0.587106,0.0384774
33712,0.587002,0.0385341
33724,0.586793,0.0386474
33757,0.586219,0.0389585
33829,0.584971,0.0395651
33908,0.583609,0.0403055
33999,0.582047,0.0402067
34098,0.580357,0.0400981
34205,0.578541,0.039985
34208,0.57852,0.0399919
34213,0.578435,0.0400383
34224,0.578249,0.0401402
34236,0.578047,0.0402087
34256,0.577709,0.0402638
34291,0.577119,0.0405793
34338,0.576329,0.0410132
34390,0.575458,0.0412207
34458,0.574322,0.041844
34555,0.57271,0.0427286
34664,0.570909,0.0426065
34780,0.569005,0.042476
34901,0.567032,0.0423438
35050,0.56465,0.0421911
35207,0.562161,0.0420128
35215,0.56226,0.0420033
35217,0.562285,0.0420009
35219,0.56231,0.0419985
35356,0.560131,0.0418444
35514,0.557639,0.0416954
35695,0.559882,0.041484
35808,0.558116,0.0413596
35950,0.559861,0.0411962
36098,0.561665,0.0410273
36106,0.561763,0.0410182
36108,0.561787,0.0410159
36110,0.561811,0.0410137
36291,0.563997,0.0408091
36437,0.565744,0.0406456
36593,0.567595,0.0404723
36601,0.567689,0.0404635
36603,0.567713,0.0404613
36605,0.567737,0.040459
36765,0.569618,0.040283
36949,0.571761,0.0400824
36962,0.571912,0.0400683
36964,0.571935,0.0400661
36966,0.571958,0.0400639
37134,0.573895,0.0398827
37137,0.573929,0.0398795
37157,0.574158,0.039858
37188,0.574513,0.0398248
37205,0.574708,0.0398066
37207,0.574731,0.0398044
37209,0.574753,0.0398023
37378,0.576676,0.0396223
37505,0.574723,0.0394952
37660,0.576474,0.0393327
37828,0.578355,0.039158
37836,0.578444,0.0391497
37838,0.578466,0.0391477
37840,0.578488,0.0391456
38034,0.580638,0.0389459
38051,0.580826,0.0389285
38053,0.580848,0.0389265
38055,0.58087,0.0389244
38188,0.578847,0.0387959
38332,0.576672,0.0386806
38509,0.578618,0.0385028
38517,0.578706,0.0384948
38519,0.578727,0.0384928
38521,0.578749,0.0384908
38697,0.580665,0.0383157
38705,0.580752,0.0383078
38707,0.580774,0.0383058
38709,0.580795,0.0383038
38903,0.582886,0.0381128
38920,0.583068,0.0380962
38922,0.583089,0.0380942
38924,0.583111,0.0380923
39104,0.58503,0.0379169
39112,0.585115,0.0379092
39114,0.585136,0.0379072
39116,0.585157,0.0379053
39300,0.587099,0.0377278
39313,0.587236,0.0377153
39315,0.587257,0.0377134
39317,0.587278,0.0377115
39474,0.584942,0.0375676
39642,0.582463,0.0374407
39847,0.584611,0.0372481
39991,0.586107,0.037114
40013,0.586334,0.0370936
40014,0.586345,0.0370926
40015,0.586355,0.0370917
40220,0.588463,0.0369027
40242,0.588688,0.0368825
40244,0.588709,0.0368806
40246,0.588729,0.0368788
40451,0.590814,0.0366919
40473,0.591036,0.036672
40475,0.591056,0.0366702
40477,0.591076,0.0366683
40682,0.593137,0.0364836
40704,0.593357,0.0364639
40706,0.593377,0.0364621
40708,0.593397,0.0364603
40857,0.591233,0.0363635
41040,0.588596,0.0362442
41094,0.587823,0.0362174
41096,0.587843,0.0362157
41137,0.588254,0.0361796
41315,0.590028,0.0360237
41377,0.590642,0.0359697
41535,0.592199,0.0358329
41714,0.593949,0.0356791
41776,0.594552,0.0356262
41942,0.596157,0.0354852
42125,0.597911,0.035331
42188,0.598511,0.0352783
42256,0.599158,0.0352215
42452,0.601008,0.0350589
42646,0.602823,0.0348994
42846,0.604677,0.0347365
43040,0.606459,0.0345799
43095,0.606961,0.0345358
43314,0.608949,0.0343612
43465,0.610307,0.0342418
43659,0.612039,0.0340896
43835,0.613596,0.0339528
43894,0.614116,0.0339071
43964,0.61473,0.0338531
43993,0.614984,0.0338308
44029,0.615299,0.0338032
44066,0.615622,0.0337748
44102,0.615936,0.0337472
44145,0.61631,0.0337143
44186,0.616666,0.033683
44261,0.617315,0.033626
44262,0.617324,0.0336252
44264,0.617341,0.0336237
44266,0.617359,0.0336222
44344,0.618032,0.033563
44395,0.618471,0.0335245
44395,0.618471,0.0335245
44469,0.619105,0.0334687
44469,0.619105,0.0334687
44470,0.619114,0.0334679
44470,0.619114,0.0334679
44470,0.619114,0.0334679
44470,0.619114,0.0334679
44521,0.61955,0.0334296
44521,0.61955,0.0334296
44521,0.61955,0.0334296
44521,0.61955,0.0334296
44575,0.620011,0.0333891
44575,0.620011,0.0333891
44575,0.620011,0.0333891
44575,0.620011,0.0333891
44629,0.620471,0.0333487
44629,0.620471,0.0333487
44629,0.620471,0.0333487
44629,0.620471,0.0333487
44683,0.62093,0.0333084
44683,0.62093,0.0333084
44683,0.62093,0.0333084
44683,0.62093,0.0333084
44683,0.62093,0.0333084
44683,0.62093,0.0333084
44744,0.621446,0.033263
44782,0.621768,0.0332348
44782,0.621768,0.0332348
44782,0.621768,0.0332348
44782,0.621768,0.0332348
44782,0.621768,0.0332348
44782,0.621768,0.0332348
44782,0.621768,0.0332348
44818,0.622071,0.0332081
44863,0.622451,0.0331748
44863,0.622451,0.0331748
44863,0.622451,0.0331748
44863,0.622451,0.0331748
44915,0.622888,0.0331363
44987,0.623491,0.0330833
44987,0.623491,0.0330833
44988,0.6235,0.0330826
44989,0.623508,0.0330818
44989,0.623508,0.0330818
[95350] is replaced by [95364] with estimated error 0
error = 0
area = 752
delay = 37.3
#gates = 287
output circuit appNtk/c1908_3_0_752_37.3.blif
time = 55563940 us
--------------- round 4 ---------------
