abc command read data/library/mcnc.genlib
Entered genlib library with 23 gates from file "data/library/mcnc.genlib".
abc command read_blif data/su/c2670.blif
Line 30: Skipping line ".default_input_arrival 0.00 0.00 ".
Line 31: Skipping line ".default_output_required 0.00 0.00 ".
Line 32: Skipping line ".default_input_drive 0.10 0.10 ".
Line 33: Skipping line ".default_output_load 2.00 ".
Line 34: Skipping line ".default_max_input_load 999.00 ".
abc command print_stats
[1;37mc2670                         :[0m i/o =  233/  140  lat =    0  nd =   535  edge =   1225  area =1262.00  delay =21.90  lev = 17
--------------- round 1 ---------------
seed = 2531465778
maxLevel = 2
18,1,0
19,1,0
20,1,0
21,1,0
22,1,0
23,1,0
24,1,0
25,1,0
25,1,0
25,1,0
28,1,0
28,1,0
28,1,0
28,1,0
28,1,0
29,1,0
30,1,0
31,1,0
32,1,0
32,1,0
33,1,0
34,1,0
34,1,0
34,1,0
34,1,0
34,1,0
34,1,0
34,1,0
34,1,0
34,1,0
34,1,0
34,1,0
34,1,0
34,1,0
34,1,0
34,1,0
34,1,0
34,1,0
34,1,0
34,1,0
35,1,0
36,1,0
36,1,0
36,1,0
36,1,0
36,1,0
36,1,0
36,1,0
36,1,0
36,1,0
36,1,0
36,1,0
36,1,0
36,1,0
36,1,0
36,1,0
36,1,0
36,1,0
36,1,0
36,1,0
36,1,0
36,1,0
36,1,0
36,1,0
36,1,0
37,1,0
37,1,0
40,1,0
43,1,0
44,1,0
44,1,0
44,1,0
44,1,0
44,1,0
44,1,0
44,1,0
44,1,0
44,1,0
44,1,0
44,1,0
44,1,0
44,1,0
44,1,0
44,1,0
44,1,0
44,1,0
44,1,0
44,1,0
44,1,0
44,1,0
45,1,0
45,1,0
45,1,0
45,1,0
45,1,0
45,1,0
45,1,0
45,1,0
47,1,0
49,1,0
49,1,0
49,1,0
51,1,0
53,1,0
54,1,0
54,1,0
54,1,0
54,1,0
54,1,0
54,1,0
56,1,0
58,1,0
72,1,0
110,1,0
123,1,0
125,1,0
126,1,0
126,1,0
126,1,0
126,1,0
126,1,0
126,1,0
126,1,0
126,1,0
126,1,0
126,1,0
126,1,0
127,1,0
128,1,0
128,1,0
128,1,0
128,1,0
128,1,0
128,1,0
128,1,0
128,1,0
128,1,0
128,1,0
128,1,0
128,1,0
128,1,0
128,1,0
128,1,0
128,1,0
128,1,0
129,1,0
130,1,0
130,1,0
131,1,0
132,1,0
132,1,0
133,1,0
134,1,0
134,1,0
134,1,0
134,1,0
134,1,0
134,1,0
134,1,0
134,1,0
134,1,0
134,1,0
135,1,0
135,1,0
135,1,0
135,1,0
136,1,0
137,1,0
137,1,0
138,1,0
139,1,0
139,1,0
140,1,0
141,1,0
141,1,0
141,1,0
141,1,0
141,1,0
141,1,0
141,1,0
141,1,0
141,1,0
141,1,0
142,1,0
143,1,0
143,1,0
144,1,0
145,1,0
145,1,0
145,1,0
145,1,0
145,1,0
148,1,0
152,1,0
155,1,0
194,0.798969,0.0131081
234,0.662393,0.0221367
248,0.625,0.0243578
288,0.538194,0.0300202
292,0.530822,0.0315461
370,0.62973,0.0248958
458,0.700873,0.0201124
573,0.760908,0.0160758
612,0.712418,0.0192943
652,0.668712,0.0223112
666,0.654655,0.0231956
706,0.617564,0.0257428
707,0.61669,0.0259168
785,0.654777,0.0233416
873,0.689576,0.0209888
983,0.724313,0.0186401
1022,0.696673,0.0206477
1062,0.670433,0.0225913
1102,0.646098,0.0243478
1116,0.637993,0.0248966
1117,0.637422,0.0250139
1195,0.661088,0.0233812
1283,0.684334,0.0217775
1398,0.7103,0.0199861
1568,0.741709,0.0178192
1646,0.753949,0.0169748
1748,0.768307,0.0159843
1866,0.782958,0.0149735
1938,0.791022,0.0144172
2028,0.800296,0.0137774
2141,0.810836,0.0130502
2341,0.826997,0.0119353
2419,0.832575,0.0115504
2497,0.837805,0.0111896
2585,0.843327,0.0108087
2700,0.85,0.0103483
2935,0.86201,0.00951977
2938,0.862151,0.00951005
3024,0.866071,0.00923959
3131,0.870648,0.00892383
3261,0.875805,0.00856808
3300,0.865455,0.00925043
3340,0.85509,0.00992828
3354,0.851521,0.0101516
3394,0.841485,0.0108066
3397,0.840742,0.0109248
3475,0.844317,0.0106795
3572,0.848544,0.0103895
3685,0.853189,0.0100709
3945,0.862864,0.00940721
4031,0.86579,0.00920651
4131,0.869039,0.00898364
4259,0.872975,0.00871365
4338,0.875288,0.00855496
4428,0.877823,0.00838108
4551,0.881125,0.00815457
4636,0.883305,0.00800505
4735,0.885744,0.00783768
4866,0.88882,0.00762668
5212,0.896201,0.00712038
5293,0.89779,0.00701142
5404,0.899889,0.0068674
5534,0.902241,0.00670608
5620,0.903737,0.00660346
5731,0.905601,0.00647556
5865,0.907758,0.00632761
6015,0.910058,0.00616981
6101,0.911326,0.00608284
6201,0.912756,0.00598475
6333,0.914574,0.00586001
6419,0.915719,0.0057815
6519,0.917012,0.00569281
6646,0.918598,0.00558402
6732,0.919638,0.00551269
6832,0.920814,0.005432
6959,0.922259,0.00533287
7182,0.924673,0.00516728
7193,0.924788,0.00515938
7207,0.924934,0.00514936
7207,0.924934,0.00514936
7207,0.924934,0.00514936
7207,0.924934,0.00514936
7207,0.924934,0.00514936
7207,0.924934,0.00514936
7250,0.919448,0.00601212
7294,0.913902,0.00689524
7338,0.908422,0.00775963
7353,0.906569,0.00803482
7357,0.906076,0.00820842
7357,0.906076,0.00820842
7358,0.906089,0.0082073
7358,0.906089,0.0082073
7358,0.906089,0.0082073
7358,0.906089,0.0082073
7359,0.906101,0.00820619
7359,0.906101,0.00820619
7359,0.906101,0.00820619
7359,0.906101,0.00820619
7415,0.899258,0.00884312
7415,0.899258,0.00884312
7454,0.894553,0.00914129
7494,0.889778,0.00944279
7508,0.888119,0.0095408
7548,0.883413,0.00983413
7552,0.882945,0.0099038
7609,0.876331,0.0105215
7666,0.869815,0.0111622
7666,0.869815,0.0111622
7666,0.869815,0.0111622
7722,0.863507,0.0118407
7778,0.85729,0.0126349
7778,0.85729,0.0126349
7778,0.85729,0.0126349
7778,0.85729,0.0126349
7778,0.85729,0.0126349
7778,0.85729,0.0126349
7778,0.85729,0.0126349
7778,0.85729,0.0126349
7778,0.85729,0.0126349
7778,0.85729,0.0126349
7778,0.85729,0.0126349
7778,0.85729,0.0126349
7778,0.85729,0.0126349
7778,0.85729,0.0126349
7778,0.85729,0.0126349
7851,0.849319,0.0143388
7851,0.849319,0.0143388
7897,0.850196,0.0142553
7949,0.844635,0.0144316
7949,0.844635,0.0144316
7949,0.844635,0.0144316
7949,0.844635,0.0144316
7949,0.844635,0.0144316
7952,0.844693,0.0144262
7952,0.844693,0.0144262
7952,0.844693,0.0144262
7952,0.844693,0.0144262
7952,0.844693,0.0144262
7952,0.844693,0.0144262
7952,0.844693,0.0144262
7952,0.844693,0.0144262
7952,0.844693,0.0144262
7952,0.844693,0.0144262
7952,0.844693,0.0144262
7952,0.844693,0.0144262
7953,0.844713,0.0144243
7954,0.844732,0.0144225
7954,0.844732,0.0144225
7955,0.844626,0.0144246
7956,0.844646,0.0144228
7956,0.844646,0.0144228
7956,0.844646,0.0144228
7956,0.844646,0.0144228
7956,0.844646,0.0144228
7956,0.844646,0.0144228
7956,0.844646,0.0144228
7956,0.844646,0.0144228
7956,0.844646,0.0144228
7956,0.844646,0.0144228
7956,0.844646,0.0144228
8042,0.836608,0.0145175
8081,0.83257,0.0148789
8156,0.824914,0.0153375
8202,0.820288,0.015567
8302,0.810407,0.0170412
8311,0.80953,0.0170687
8461,0.812906,0.0167661
8474,0.811659,0.0168113
8634,0.79685,0.0168807
8661,0.794366,0.016914
8670,0.793541,0.016916
8683,0.792353,0.0169239
8688,0.792472,0.0169142
8706,0.792901,0.0168792
8706,0.792901,0.0168792
8715,0.792083,0.0168695
8865,0.795601,0.016584
8881,0.794167,0.0165747
9040,0.780531,0.0164345
9068,0.778121,0.0164194
9091,0.778682,0.0163778
9250,0.765514,0.0161454
9279,0.763121,0.0161067
9311,0.760498,0.0160543
9322,0.759601,0.0160396
9329,0.759781,0.0160276
9350,0.760321,0.0159916
9375,0.76096,0.0159489
9376,0.760985,0.0159472
9399,0.76157,0.0159082
9531,0.764873,0.0156879
9672,0.753722,0.0156667
9971,0.761107,0.015197
10298,0.768693,0.0147144
10434,0.758674,0.0145827
10586,0.762139,0.0143733
10909,0.769181,0.0139477
11102,0.773194,0.0137053
11160,0.774373,0.013634
11163,0.774433,0.0136304
11318,0.777523,0.0134437
11318,0.777523,0.0134437
11570,0.760674,0.0133644
11845,0.743014,0.0147823
11983,0.734457,0.0147251
11997,0.7336,0.0147137
12157,0.723945,0.0147523
12335,0.713498,0.0147865
12569,0.700215,0.0149575
12829,0.686024,0.0167341
12833,0.68581,0.0167348
13127,0.670526,0.0182512
13447,0.65457,0.0198444
13451,0.654375,0.0198441
13608,0.658363,0.0196152
13647,0.659339,0.0195591
13649,0.659389,0.0195562
13652,0.659464,0.0195519
13887,0.648304,0.020236
14146,0.636434,0.0232236
14146,0.636434,0.0232236
14436,0.623649,0.024391
14751,0.610332,0.0256856
14999,0.600307,0.025338
15272,0.589576,0.0261217
15416,0.584133,0.0259212
15478,0.581858,0.0258224
15655,0.575279,0.0257546
15847,0.568309,0.0256712
15847,0.568309,0.0256712
16213,0.578055,0.0250917
16284,0.579894,0.0249823
16385,0.582484,0.0248283
16577,0.58732,0.0245407
16577,0.58732,0.0245407
16577,0.58732,0.0245407
16578,0.587345,0.0245392
16601,0.587916,0.0245052
16629,0.58861,0.024464
16629,0.58861,0.024464
16913,0.595518,0.0240532
16932,0.595972,0.0240262
16932,0.595972,0.0240262
16932,0.595972,0.0240262
17224,0.602822,0.0236189
17281,0.604132,0.023541
17303,0.604635,0.023511
17331,0.605274,0.0234731
17331,0.605274,0.0234731
17331,0.605274,0.0234731
17547,0.610133,0.0231841
17767,0.61496,0.022897
17775,0.615134,0.0228867
17783,0.615307,0.0228764
G150 is replaced by one with estimated error 0
error = 0
area = 1082
delay = 21.9
#gates = 475
output circuit appNtk/c2670_1_0_1082_21.9.blif
time = 70545857 us
--------------- round 2 ---------------
seed = 2531465778
maxLevel = 2
17801,0.615696,0.0228533
17802,0.615717,0.022852
17803,0.615739,0.0228507
17804,0.615761,0.0228495
17805,0.615782,0.0228482
17806,0.615804,0.0228469
17807,0.615825,0.0228456
17808,0.615847,0.0228443
17808,0.615847,0.0228443
17808,0.615847,0.0228443
17811,0.615912,0.0228405
17811,0.615912,0.0228405
17811,0.615912,0.0228405
17811,0.615912,0.0228405
17811,0.615912,0.0228405
17819,0.616084,0.0228302
17832,0.616364,0.0228136
17834,0.616407,0.022811
17836,0.61645,0.0228085
17836,0.61645,0.0228085
17837,0.616471,0.0228072
17838,0.616493,0.0228059
17838,0.616493,0.0228059
17838,0.616493,0.0228059
17838,0.616493,0.0228059
17838,0.616493,0.0228059
17838,0.616493,0.0228059
17838,0.616493,0.0228059
17838,0.616493,0.0228059
17838,0.616493,0.0228059
17838,0.616493,0.0228059
17838,0.616493,0.0228059
17838,0.616493,0.0228059
17838,0.616493,0.0228059
17838,0.616493,0.0228059
17838,0.616493,0.0228059
17838,0.616493,0.0228059
17838,0.616493,0.0228059
17838,0.616493,0.0228059
17838,0.616493,0.0228059
17839,0.616514,0.0228046
17840,0.616536,0.0228033
17840,0.616536,0.0228033
17840,0.616536,0.0228033
17840,0.616536,0.0228033
17840,0.616536,0.0228033
17840,0.616536,0.0228033
17840,0.616536,0.0228033
17840,0.616536,0.0228033
17840,0.616536,0.0228033
17840,0.616536,0.0228033
17840,0.616536,0.0228033
17840,0.616536,0.0228033
17840,0.616536,0.0228033
17840,0.616536,0.0228033
17840,0.616536,0.0228033
17840,0.616536,0.0228033
17840,0.616536,0.0228033
17840,0.616536,0.0228033
17840,0.616536,0.0228033
17840,0.616536,0.0228033
17840,0.616536,0.0228033
17840,0.616536,0.0228033
17840,0.616536,0.0228033
17840,0.616536,0.0228033
17841,0.616557,0.0228021
17841,0.616557,0.0228021
17845,0.616643,0.022797
17929,0.618439,0.0226901
17930,0.618461,0.0226889
17930,0.618461,0.0226889
17930,0.618461,0.0226889
17930,0.618461,0.0226889
17930,0.618461,0.0226889
17930,0.618461,0.0226889
17930,0.618461,0.0226889
17930,0.618461,0.0226889
17930,0.618461,0.0226889
17930,0.618461,0.0226889
17930,0.618461,0.0226889
17930,0.618461,0.0226889
17930,0.618461,0.0226889
17930,0.618461,0.0226889
17930,0.618461,0.0226889
17930,0.618461,0.0226889
17930,0.618461,0.0226889
17930,0.618461,0.0226889
17930,0.618461,0.0226889
17930,0.618461,0.0226889
17930,0.618461,0.0226889
17931,0.618482,0.0226876
17931,0.618482,0.0226876
17931,0.618482,0.0226876
17931,0.618482,0.0226876
17931,0.618482,0.0226876
17931,0.618482,0.0226876
17931,0.618482,0.0226876
17931,0.618482,0.0226876
17933,0.618525,0.0226851
17935,0.618567,0.0226826
17935,0.618567,0.0226826
17935,0.618567,0.0226826
17937,0.61861,0.02268
17939,0.618652,0.0226775
17940,0.618673,0.0226762
17940,0.618673,0.0226762
17940,0.618673,0.0226762
17940,0.618673,0.0226762
17940,0.618673,0.0226762
17940,0.618673,0.0226762
17942,0.618716,0.0226737
17944,0.618758,0.0226712
18057,0.621144,0.0225293
18145,0.622982,0.02242
18179,0.623687,0.0223781
18181,0.623728,0.0223756
18182,0.623749,0.0223744
18182,0.623749,0.0223744
18182,0.623749,0.0223744
18182,0.623749,0.0223744
18182,0.623749,0.0223744
18182,0.623749,0.0223744
18182,0.623749,0.0223744
18182,0.623749,0.0223744
18182,0.623749,0.0223744
18182,0.623749,0.0223744
18182,0.623749,0.0223744
18183,0.623769,0.0223732
18184,0.62379,0.022372
18184,0.62379,0.022372
18184,0.62379,0.022372
18184,0.62379,0.022372
18184,0.62379,0.022372
18184,0.62379,0.022372
18184,0.62379,0.022372
18184,0.62379,0.022372
18184,0.62379,0.022372
18184,0.62379,0.022372
18184,0.62379,0.022372
18184,0.62379,0.022372
18184,0.62379,0.022372
18184,0.62379,0.022372
18184,0.62379,0.022372
18184,0.62379,0.022372
18184,0.62379,0.022372
18185,0.623811,0.0223707
18186,0.623832,0.0223695
18186,0.623832,0.0223695
18187,0.623852,0.0223683
18188,0.623873,0.022367
18188,0.623873,0.022367
18189,0.623894,0.0223658
18190,0.623914,0.0223646
18190,0.623914,0.0223646
18190,0.623914,0.0223646
18190,0.623914,0.0223646
18190,0.623914,0.0223646
18190,0.623914,0.0223646
18190,0.623914,0.0223646
18190,0.623914,0.0223646
18190,0.623914,0.0223646
18190,0.623914,0.0223646
18191,0.623935,0.0223633
18191,0.623935,0.0223633
18191,0.623935,0.0223633
18191,0.623935,0.0223633
18192,0.623956,0.0223621
18193,0.623976,0.0223609
18193,0.623976,0.0223609
18194,0.623997,0.0223597
18195,0.624018,0.0223584
18195,0.624018,0.0223584
18196,0.624038,0.0223572
18197,0.624059,0.022356
18197,0.624059,0.022356
18197,0.624059,0.022356
18197,0.624059,0.022356
18197,0.624059,0.022356
18197,0.624059,0.022356
18197,0.624059,0.022356
18197,0.624059,0.022356
18197,0.624059,0.022356
18197,0.624059,0.022356
18198,0.62408,0.0223547
18199,0.6241,0.0223535
18199,0.6241,0.0223535
18200,0.624121,0.0223523
18201,0.624142,0.0223511
18201,0.624142,0.0223511
18201,0.624142,0.0223511
18201,0.624142,0.0223511
18201,0.624142,0.0223511
18427,0.616487,0.0232709
18653,0.609017,0.0241686
18756,0.605673,0.0245948
18982,0.598462,0.0254533
18986,0.598336,0.0254777
19212,0.591297,0.0263693
19438,0.584422,0.0272492
19546,0.581193,0.0276929
19772,0.57455,0.0285401
19773,0.574521,0.0285461
20000,0.568,0.0294484
20227,0.561626,0.0303313
20455,0.555365,0.0311879
20568,0.552314,0.0316476
20569,0.552287,0.0316537
20796,0.546259,0.0324022
21024,0.540335,0.0331275
21139,0.537395,0.0335253
21366,0.531686,0.034222
21369,0.531611,0.0342375
21370,0.531633,0.0342359
21370,0.531633,0.0342359
21370,0.531633,0.0342359
21370,0.531633,0.0342359
21370,0.531633,0.0342359
21370,0.531633,0.0342359
21596,0.52607,0.0362412
21822,0.520621,0.0382052
22048,0.515285,0.0401252
22161,0.512657,0.0411581
22165,0.512565,0.0412098
22165,0.512565,0.0412098
22166,0.512587,0.0412079
22166,0.512587,0.0412079
22166,0.512587,0.0412079
22166,0.512587,0.0412079
22167,0.512609,0.0412061
22167,0.512609,0.0412061
22167,0.512609,0.0412061
22167,0.512609,0.0412061
22446,0.506237,0.041875
22446,0.506237,0.041875
22673,0.501169,0.0424402
22900,0.496201,0.0429864
23010,0.493829,0.0432738
23238,0.488984,0.043801
23242,0.488899,0.0438178
23518,0.483162,0.0444201
23794,0.477557,0.0450536
23794,0.477557,0.0450536
23794,0.477557,0.0450536
24070,0.472081,0.0457689
24344,0.466768,0.0466642
24344,0.466768,0.0466642
24344,0.466768,0.0466642
24344,0.466768,0.0466642
24344,0.466768,0.0466642
24344,0.466768,0.0466642
24344,0.466768,0.0466642
24344,0.466768,0.0466642
24344,0.466768,0.0466642
24344,0.466768,0.0466642
24344,0.466768,0.0466642
24344,0.466768,0.0466642
24344,0.466768,0.0466642
24344,0.466768,0.0466642
24344,0.466768,0.0466642
24654,0.460899,0.0487846
24654,0.460899,0.0487846
24760,0.463207,0.0485757
24883,0.460917,0.0485391
24883,0.460917,0.0485391
24883,0.460917,0.0485391
24883,0.460917,0.0485391
24883,0.460917,0.0485391
24897,0.46122,0.0485118
24897,0.46122,0.0485118
24897,0.46122,0.0485118
24897,0.46122,0.0485118
24897,0.46122,0.0485118
24897,0.46122,0.0485118
24897,0.46122,0.0485118
24897,0.46122,0.0485118
24897,0.46122,0.0485118
24897,0.46122,0.0485118
24897,0.46122,0.0485118
24897,0.46122,0.0485118
24898,0.461242,0.0485099
24899,0.461264,0.0485079
24899,0.461264,0.0485079
24900,0.461245,0.0485072
24901,0.461267,0.0485053
24901,0.461267,0.0485053
24901,0.461267,0.0485053
24901,0.461267,0.0485053
24901,0.461267,0.0485053
24901,0.461267,0.0485053
24901,0.461267,0.0485053
24901,0.461267,0.0485053
24901,0.461267,0.0485053
24901,0.461267,0.0485053
24901,0.461267,0.0485053
25231,0.45559,0.048254
25330,0.45381,0.048411
25647,0.448201,0.0485395
25768,0.446096,0.0485822
26125,0.44,0.0500246
26164,0.439344,0.0500121
26590,0.448326,0.0492108
26640,0.447485,0.0492235
27068,0.440483,0.0487735
27133,0.439428,0.0487164
27173,0.438781,0.0486715
27226,0.437927,0.0486386
27239,0.438195,0.0486154
27263,0.43869,0.0485726
27263,0.43869,0.0485726
27303,0.438047,0.0485113
27729,0.44668,0.047766
27786,0.445764,0.0477086
28220,0.439015,0.0471091
28287,0.437975,0.047022
28317,0.43857,0.0469722
28748,0.432065,0.0463114
28816,0.431045,0.0462101
28856,0.430448,0.0461471
28906,0.429703,0.0460925
28922,0.430019,0.046067
28951,0.43059,0.0460209
28981,0.431179,0.0459732
28982,0.431199,0.0459716
29007,0.431689,0.045932
29398,0.439248,0.0453211
29787,0.433511,0.044907
30209,0.441425,0.0442797
30659,0.449623,0.0436298
31048,0.44399,0.0431396
31461,0.451289,0.0425733
31913,0.459061,0.0419703
32116,0.46248,0.041705
32395,0.467109,0.0413458
32398,0.467158,0.041342
32563,0.469858,0.0411325
32563,0.469858,0.0411325
32958,0.464258,0.0407509
33377,0.458429,0.0412559
33765,0.453162,0.0408906
33787,0.452866,0.0408662
33959,0.450573,0.0407446
34150,0.448053,0.0406096
34532,0.443096,0.0404231
34934,0.437997,0.041164
34945,0.437859,0.0411557
35372,0.432602,0.0417449
35827,0.427108,0.0423911
35829,0.427084,0.0423888
36240,0.433582,0.0419081
36280,0.434206,0.0418619
36280,0.434206,0.0418619
36281,0.434222,0.0418608
36666,0.429662,0.0420405
37069,0.424991,0.0435174
37069,0.424991,0.0435174
37497,0.42014,0.0440233
37952,0.415103,0.0445952
38342,0.410907,0.0441863
38758,0.406497,0.0445296
39151,0.402442,0.0441284
39265,0.401324,0.0440032
39450,0.399442,0.0438837
39654,0.397387,0.0437517
39654,0.397387,0.0437517
40140,0.404684,0.043222
40263,0.406502,0.04309
40375,0.408149,0.0429704
40576,0.41108,0.0427576
40576,0.41108,0.0427576
40576,0.41108,0.0427576
40577,0.411095,0.0427565
40608,0.411545,0.0427239
40639,0.411993,0.0426913
40639,0.411993,0.0426913
41066,0.418107,0.0422474
41089,0.418433,0.0422237
41089,0.418433,0.0422237
41089,0.418433,0.0422237
41521,0.424484,0.0417844
41587,0.425397,0.0417181
41610,0.425715,0.0416951
41640,0.426129,0.041665
41640,0.426129,0.041665
41640,0.426129,0.041665
41869,0.429267,0.0414371
42102,0.432426,0.0412078
42108,0.432507,0.0412019
42114,0.432588,0.0411961
G1218 is replaced by [99400] with estimated error 0
error = 0
area = 1070
delay = 21.9
#gates = 471
output circuit appNtk/c2670_2_0_1070_21.9.blif
time = 155062866 us
--------------- round 3 ---------------
seed = 2531465778
maxLevel = 2
42132,0.43283,0.0411785
42133,0.432844,0.0411775
42134,0.432857,0.0411765
42135,0.432871,0.0411755
42136,0.432884,0.0411746
42137,0.432897,0.0411736
42138,0.432911,0.0411726
42139,0.432924,0.0411716
42139,0.432924,0.0411716
42139,0.432924,0.0411716
42142,0.432965,0.0411687
42142,0.432965,0.0411687
42142,0.432965,0.0411687
42142,0.432965,0.0411687
42142,0.432965,0.0411687
42150,0.433072,0.0411609
42163,0.433247,0.0411482
42165,0.433274,0.0411462
42167,0.433301,0.0411443
42167,0.433301,0.0411443
42168,0.433314,0.0411433
42169,0.433328,0.0411423
42169,0.433328,0.0411423
42169,0.433328,0.0411423
42169,0.433328,0.0411423
42169,0.433328,0.0411423
42169,0.433328,0.0411423
42169,0.433328,0.0411423
42169,0.433328,0.0411423
42169,0.433328,0.0411423
42169,0.433328,0.0411423
42169,0.433328,0.0411423
42169,0.433328,0.0411423
42169,0.433328,0.0411423
42169,0.433328,0.0411423
42169,0.433328,0.0411423
42169,0.433328,0.0411423
42169,0.433328,0.0411423
42169,0.433328,0.0411423
42169,0.433328,0.0411423
42170,0.433341,0.0411414
42171,0.433355,0.0411404
42171,0.433355,0.0411404
42171,0.433355,0.0411404
42171,0.433355,0.0411404
42171,0.433355,0.0411404
42171,0.433355,0.0411404
42171,0.433355,0.0411404
42171,0.433355,0.0411404
42171,0.433355,0.0411404
42171,0.433355,0.0411404
42171,0.433355,0.0411404
42171,0.433355,0.0411404
42171,0.433355,0.0411404
42171,0.433355,0.0411404
42171,0.433355,0.0411404
42171,0.433355,0.0411404
42171,0.433355,0.0411404
42171,0.433355,0.0411404
42171,0.433355,0.0411404
42171,0.433355,0.0411404
42171,0.433355,0.0411404
42171,0.433355,0.0411404
42171,0.433355,0.0411404
42171,0.433355,0.0411404
42172,0.433368,0.0411394
42172,0.433368,0.0411394
42176,0.433422,0.0411355
42260,0.434548,0.0410537
42261,0.434561,0.0410528
42261,0.434561,0.0410528
42261,0.434561,0.0410528
42261,0.434561,0.0410528
42261,0.434561,0.0410528
42261,0.434561,0.0410528
42261,0.434561,0.0410528
42261,0.434561,0.0410528
42261,0.434561,0.0410528
42261,0.434561,0.0410528
42261,0.434561,0.0410528
42261,0.434561,0.0410528
42261,0.434561,0.0410528
42261,0.434561,0.0410528
42261,0.434561,0.0410528
42261,0.434561,0.0410528
42261,0.434561,0.0410528
42261,0.434561,0.0410528
42261,0.434561,0.0410528
42261,0.434561,0.0410528
42261,0.434561,0.0410528
42262,0.434575,0.0410518
42262,0.434575,0.0410518
42262,0.434575,0.0410518
42262,0.434575,0.0410518
42262,0.434575,0.0410518
42262,0.434575,0.0410518
42262,0.434575,0.0410518
42262,0.434575,0.0410518
42264,0.434602,0.0410499
42266,0.434628,0.0410479
42266,0.434628,0.0410479
42266,0.434628,0.0410479
42268,0.434655,0.041046
42270,0.434682,0.041044
42271,0.434695,0.0410431
42271,0.434695,0.0410431
42271,0.434695,0.0410431
42271,0.434695,0.0410431
42271,0.434695,0.0410431
42271,0.434695,0.0410431
42273,0.434722,0.0410411
42275,0.434749,0.0410392
42276,0.434762,0.0410382
42276,0.434762,0.0410382
42276,0.434762,0.0410382
42276,0.434762,0.0410382
42276,0.434762,0.0410382
42276,0.434762,0.0410382
42276,0.434762,0.0410382
42276,0.434762,0.0410382
42276,0.434762,0.0410382
42276,0.434762,0.0410382
42276,0.434762,0.0410382
42277,0.434775,0.0410372
42278,0.434789,0.0410363
42278,0.434789,0.0410363
42278,0.434789,0.0410363
42278,0.434789,0.0410363
42278,0.434789,0.0410363
42278,0.434789,0.0410363
42278,0.434789,0.0410363
42278,0.434789,0.0410363
42278,0.434789,0.0410363
42278,0.434789,0.0410363
42278,0.434789,0.0410363
42278,0.434789,0.0410363
42278,0.434789,0.0410363
42278,0.434789,0.0410363
42278,0.434789,0.0410363
42278,0.434789,0.0410363
42278,0.434789,0.0410363
42279,0.434802,0.0410353
42280,0.434816,0.0410343
42280,0.434816,0.0410343
42281,0.434829,0.0410334
42282,0.434842,0.0410324
42282,0.434842,0.0410324
42283,0.434856,0.0410314
42284,0.434869,0.0410304
42284,0.434869,0.0410304
42284,0.434869,0.0410304
42284,0.434869,0.0410304
42284,0.434869,0.0410304
42284,0.434869,0.0410304
42284,0.434869,0.0410304
42284,0.434869,0.0410304
42284,0.434869,0.0410304
42284,0.434869,0.0410304
42285,0.434882,0.0410295
42285,0.434882,0.0410295
42285,0.434882,0.0410295
42285,0.434882,0.0410295
42286,0.434896,0.0410285
42287,0.434909,0.0410275
42287,0.434909,0.0410275
42288,0.434922,0.0410266
42289,0.434936,0.0410256
42289,0.434936,0.0410256
42290,0.434949,0.0410246
42291,0.434963,0.0410236
42291,0.434963,0.0410236
42291,0.434963,0.0410236
42291,0.434963,0.0410236
42291,0.434963,0.0410236
42291,0.434963,0.0410236
42291,0.434963,0.0410236
42291,0.434963,0.0410236
42291,0.434963,0.0410236
42291,0.434963,0.0410236
42292,0.434976,0.0410227
42293,0.434989,0.0410217
42293,0.434989,0.0410217
42294,0.435003,0.0410207
42295,0.435016,0.0410198
42295,0.435016,0.0410198
42295,0.435016,0.0410198
42295,0.435016,0.0410198
42295,0.435016,0.0410198
42521,0.432704,0.0413192
42747,0.430416,0.0416155
42850,0.429382,0.0417601
43076,0.427129,0.0420483
43080,0.427089,0.0420575
43306,0.42486,0.0423666
43532,0.422655,0.0426764
43640,0.421609,0.042837
43866,0.419436,0.0431408
43867,0.419427,0.0431432
44094,0.417268,0.0434773
44321,0.415131,0.0438083
44549,0.413006,0.0441327
44662,0.411961,0.0443117
44663,0.411952,0.0443142
44890,0.409869,0.0445969
45118,0.407797,0.0448733
45233,0.406761,0.0450293
45460,0.404729,0.0452993
45463,0.404703,0.0453059
45464,0.404716,0.0453049
45464,0.404716,0.0453049
45464,0.404716,0.0453049
45464,0.404716,0.0453049
45464,0.404716,0.0453049
45464,0.404716,0.0453049
45690,0.402714,0.046198
45916,0.400732,0.0470824
46142,0.398769,0.0479563
46255,0.397795,0.0484321
46259,0.39776,0.0484562
46259,0.39776,0.0484562
46260,0.397773,0.0484551
46260,0.397773,0.0484551
46260,0.397773,0.0484551
46260,0.397773,0.0484551
46261,0.397786,0.0484541
46261,0.397786,0.0484541
46261,0.397786,0.0484541
46261,0.397786,0.0484541
46537,0.395427,0.0487302
46537,0.395427,0.0487302
46764,0.393508,0.048971
46991,0.391607,0.0492056
47101,0.390692,0.0493315
47329,0.38881,0.0495612
47333,0.388777,0.0495689
47606,0.386548,0.0498303
47879,0.384344,0.0501108
47879,0.384344,0.0501108
47879,0.384344,0.0501108
48152,0.382165,0.0504358
48423,0.380026,0.0508548
48423,0.380026,0.0508548
48423,0.380026,0.0508548
48423,0.380026,0.0508548
48423,0.380026,0.0508548
48423,0.380026,0.0508548
48423,0.380026,0.0508548
48423,0.380026,0.0508548
48423,0.380026,0.0508548
48423,0.380026,0.0508548
48423,0.380026,0.0508548
48423,0.380026,0.0508548
48423,0.380026,0.0508548
48423,0.380026,0.0508548
48423,0.380026,0.0508548
48729,0.37764,0.0518866
48729,0.37764,0.0518866
48835,0.37899,0.0517739
48957,0.378046,0.0517474
48957,0.378046,0.0517474
48957,0.378046,0.0517474
48957,0.378046,0.0517474
48957,0.378046,0.0517474
48971,0.378224,0.0517326
48971,0.378224,0.0517326
48971,0.378224,0.0517326
48971,0.378224,0.0517326
48971,0.378224,0.0517326
48971,0.378224,0.0517326
48971,0.378224,0.0517326
48971,0.378224,0.0517326
48971,0.378224,0.0517326
48971,0.378224,0.0517326
48971,0.378224,0.0517326
48971,0.378224,0.0517326
48972,0.378237,0.0517315
48973,0.378249,0.0517305
48973,0.378249,0.0517305
48974,0.378242,0.05173
48975,0.378254,0.051729
48975,0.378254,0.051729
48975,0.378254,0.051729
48975,0.378254,0.051729
48975,0.378254,0.051729
48975,0.378254,0.051729
48975,0.378254,0.051729
48975,0.378254,0.051729
48975,0.378254,0.051729
48975,0.378254,0.051729
48975,0.378254,0.051729
49301,0.375936,0.0515802
49400,0.375182,0.051654
49713,0.37282,0.0516994
49833,0.371922,0.0517132
50186,0.369306,0.0524318
50225,0.369019,0.0524234
50647,0.374277,0.0519866
50697,0.373908,0.0519905
51121,0.370846,0.0517315
51186,0.370375,0.0516975
51226,0.370086,0.0516713
51279,0.369703,0.0516508
51292,0.369863,0.0516377
51316,0.370157,0.0516135
51316,0.370157,0.0516135
51356,0.369869,0.0515786
51778,0.375005,0.0511582
51835,0.374592,0.0511237
52265,0.371568,0.0507749
52332,0.371092,0.0507232
52362,0.371453,0.0506941
52789,0.368486,0.0503075
52857,0.368012,0.0502471
52897,0.367734,0.0502097
52947,0.367386,0.050176
52963,0.367577,0.0501609
52992,0.367923,0.0501334
53022,0.368281,0.0501051
53023,0.368293,0.0501041
53048,0.368591,0.0500805
53435,0.373164,0.0497178
53820,0.370494,0.0494597
54238,0.375346,0.0490785
54684,0.38044,0.0486782
55069,0.377781,0.0483694
55478,0.382368,0.0480128
55926,0.387315,0.0476282
56128,0.38952,0.0474568
56404,0.392508,0.0472246
56407,0.39254,0.0472221
56572,0.394312,0.0470843
56572,0.394312,0.0470843
56963,0.391623,0.046825
57378,0.38879,0.0470711
57762,0.386205,0.0468212
57784,0.386058,0.0468047
57955,0.384919,0.0467162
58145,0.383662,0.0466176
58523,0.381183,0.0464699
58921,0.378609,0.0468637
58932,0.378538,0.0468578
59355,0.375857,0.0471643
59806,0.373023,0.0475062
59808,0.37301,0.0475047
60215,0.377248,0.0471836
60255,0.377662,0.0471522
60255,0.377662,0.0471522
60256,0.377672,0.0471515
60637,0.375299,0.047226
61036,0.372846,0.0480808
61036,0.372846,0.0480808
61460,0.370273,0.0483543
61911,0.367576,0.0486694
62297,0.365315,0.048395
62709,0.362914,0.0485767
63098,0.360693,0.0483054
63212,0.360074,0.0482201
63396,0.359029,0.0481337
63599,0.357883,0.0480382
63599,0.357883,0.0480382
64081,0.362713,0.0476768
64204,0.363934,0.0475855
64316,0.365041,0.0475026
64516,0.36701,0.0473554
64516,0.36701,0.0473554
64516,0.36701,0.0473554
64517,0.36702,0.0473547
64548,0.367324,0.0473319
64579,0.367627,0.0473092
64579,0.367627,0.0473092
65002,0.371742,0.0470013
65025,0.371965,0.0469847
65025,0.371965,0.0469847
65025,0.371965,0.0469847
65453,0.376071,0.0466775
65519,0.3767,0.0466304
65542,0.376919,0.0466141
65572,0.377204,0.0465928
65572,0.377204,0.0465928
65572,0.377204,0.0465928
65800,0.379362,0.0464313
66032,0.381542,0.0462682
66038,0.381598,0.046264
66044,0.381655,0.0462598
[101860] is replaced by G303 with estimated error 0
error = 0
area = 1066
delay = 21.9
#gates = 470
output circuit appNtk/c2670_3_0_1066_21.9.blif
time = 242281612 us
--------------- round 4 ---------------
