abc command read data/library/mcnc.genlib
Entered genlib library with 23 gates from file "data/library/mcnc.genlib".
abc command read_blif data/su/c880.blif
Line 12: Skipping line ".default_input_arrival 0.00 0.00 ".
Line 13: Skipping line ".default_output_required 0.00 0.00 ".
Line 14: Skipping line ".default_input_drive 0.10 0.10 ".
Line 15: Skipping line ".default_output_load 2.00 ".
Line 16: Skipping line ".default_max_input_load 999.00 ".
abc command print_stats
[1;37mc880                          :[0m i/o =   60/   26  lat =    0  nd =   224  edge =    542  area =585.00  delay =24.90  lev = 18
--------------- round 1 ---------------
seed = 2531465778
maxLevel = 1
1,1,0
2,1,0
3,1,0
3,1,0
4,1,0
5,1,0
5,1,0
5,1,0
5,1,0
5,1,0
6,1,0
7,1,0
8,1,0
9,1,0
9,1,0
9,1,0
9,1,0
10,1,0
10,1,0
10,1,0
10,1,0
10,1,0
10,1,0
16,1,0
16,1,0
16,1,0
20,1,0
23,1,0
26,1,0
36,1,0
38,1,0
38,1,0
39,1,0
40,1,0
40,1,0
41,1,0
42,1,0
42,1,0
42,1,0
42,1,0
43,1,0
44,1,0
44,1,0
45,1,0
46,1,0
46,1,0
46,1,0
46,1,0
46,1,0
47,1,0
48,1,0
48,1,0
49,1,0
50,1,0
50,1,0
50,1,0
50,1,0
51,1,0
52,1,0
52,1,0
53,1,0
54,1,0
54,1,0
54,1,0
54,1,0
54,1,0
69,1,0
83,1,0
103,1,0
114,0.903509,7.60526e-05
117,0.888889,7.88034e-05
134,0.776119,0.00025903
157,0.66242,0.000412229
162,0.641975,0.000524383
175,0.594286,0.000866229
177,0.587571,0.000929887
180,0.583333,0.0009215
198,0.530303,0.000973333
199,0.527638,0.00101146
211,0.49763,0.00104071
224,0.46875,0.00108808
235,0.446809,0.00152528
235,0.446809,0.00152528
235,0.446809,0.00152528
235,0.446809,0.00152528
235,0.446809,0.00152528
236,0.449153,0.00151881
237,0.451477,0.00151241
281,0.380783,0.00530445
283,0.378092,0.00535078
285,0.375439,0.00536733
415,0.571084,0.003686
418,0.574163,0.00365955
418,0.574163,0.00365955
418,0.574163,0.00365955
419,0.575179,0.00365081
420,0.57619,0.00364212
420,0.57619,0.00364212
420,0.57619,0.00364212
420,0.57619,0.00364212
420,0.57619,0.00364212
420,0.57619,0.00364212
445,0.6,0.00343751
460,0.613043,0.00332541
482,0.585062,0.00379382
484,0.582645,0.00384318
486,0.580247,0.00385284
486,0.580247,0.00385284
486,0.580247,0.00385284
515,0.547573,0.00454612
517,0.545455,0.00458466
517,0.545455,0.00458466
517,0.545455,0.00458466
519,0.543353,0.00462726
590,0.477966,0.00491005
610,0.462295,0.00478125
653,0.431853,0.00466605
720,0.391667,0.00478601
816,0.345588,0.00784898
891,0.316498,0.0076088
894,0.315436,0.00761885
975,0.372308,0.0069859
1106,0.446655,0.00615845
1106,0.446655,0.00615845
1106,0.446655,0.00615845
1106,0.446655,0.00615845
1106,0.446655,0.00615845
1106,0.446655,0.00615845
1106,0.446655,0.00615845
1106,0.446655,0.00615845
1108,0.445848,0.00616138
1192,0.484899,0.00572719
1322,0.437216,0.0072717
1461,0.395619,0.00934647
1610,0.359006,0.0125094
1768,0.41629,0.0113914
1768,0.41629,0.0113914
1768,0.41629,0.0113914
1768,0.41629,0.0113914
1768,0.41629,0.0113914
1768,0.41629,0.0113914
1770,0.415819,0.0113836
1904,0.386555,0.0137783
2037,0.426608,0.0128787
2037,0.426608,0.0128787
2037,0.426608,0.0128787
2040,0.427451,0.0128597
2040,0.427451,0.0128597
2072,0.436293,0.0126611
2072,0.436293,0.0126611
2072,0.436293,0.0126611
2072,0.436293,0.0126611
2078,0.435034,0.012635
2088,0.43295,0.0125936
2109,0.428639,0.0124855
2112,0.428504,0.012468
2121,0.427157,0.0124179
2129,0.425552,0.012375
2129,0.425552,0.012375
2129,0.425552,0.012375
2129,0.425552,0.012375
2150,0.421395,0.0122636
2150,0.421395,0.0122636
2150,0.421395,0.0122636
2152,0.421004,0.0122734
2152,0.421004,0.0122734
2173,0.416935,0.0121679
2173,0.416935,0.0121679
2173,0.416935,0.0121679
2186,0.414456,0.0121012
2217,0.422643,0.011932
2217,0.422643,0.011932
2238,0.418677,0.0118357
2238,0.418677,0.0118357
2238,0.418677,0.0118357
2261,0.414418,0.011825
2263,0.414052,0.0118288
2304,0.424479,0.0116183
2306,0.424111,0.0116245
2345,0.417058,0.0116768
2349,0.416347,0.0116816
2382,0.424433,0.0115198
2382,0.424433,0.0115198
2382,0.424433,0.0115198
2382,0.424433,0.0115198
2382,0.424433,0.0115198
2405,0.429938,0.0114096
2407,0.42958,0.0114128
2475,0.445253,0.0110993
2478,0.444713,0.0110925
2478,0.444713,0.0110925
2478,0.444713,0.0110925
2478,0.444713,0.0110925
2478,0.444713,0.0110925
2503,0.45026,0.0109817
2505,0.4499,0.0109777
2598,0.469592,0.0105847
2737,0.496529,0.0100472
2737,0.496529,0.0100472
2737,0.496529,0.0100472
2737,0.496529,0.0100472
2737,0.496529,0.0100472
2737,0.496529,0.0100472
2762,0.501086,0.00995625
2764,0.500724,0.00995377
2877,0.481057,0.0100766
2962,0.467252,0.0102332
3051,0.453622,0.0106
3144,0.469784,0.0102865
3283,0.492233,0.00985094
3283,0.492233,0.00985094
3283,0.492233,0.00985094
3283,0.492233,0.00985094
3283,0.492233,0.00985094
3283,0.492233,0.00985094
3309,0.496222,0.00977353
3311,0.495923,0.00977243
3515,0.467141,0.0125147
3630,0.484022,0.0121182
3630,0.484022,0.0121182
3630,0.484022,0.0121182
3633,0.484448,0.0121082
3633,0.484448,0.0121082
3633,0.484448,0.0121082
[37789] is replaced by one with estimated error 0.00071
error = 0.00071
area = 577
delay = 24.9
#gates = 223
output circuit appNtk/c880_1_0.00071_577_24.9.blif
time = 5592586 us
--------------- round 2 ---------------
seed = 2531465778
maxLevel = 1
3634,0.48459,0.0121049
3635,0.484732,0.0121015
3636,0.484873,0.0120982
3636,0.484873,0.0120982
3637,0.485015,0.0120949
3638,0.485157,0.0120915
3638,0.485157,0.0120915
3638,0.485157,0.0120915
3638,0.485157,0.0120915
3638,0.485157,0.0120915
3639,0.485298,0.0120882
3640,0.48544,0.0120849
3641,0.485581,0.0120816
3642,0.485722,0.0120783
3642,0.485722,0.0120783
3642,0.485722,0.0120783
3642,0.485722,0.0120783
3643,0.485863,0.0120749
3643,0.485863,0.0120749
3643,0.485863,0.0120749
3643,0.485863,0.0120749
3643,0.485863,0.0120749
3643,0.485863,0.0120749
3649,0.486709,0.0120551
3649,0.486709,0.0120551
3649,0.486709,0.0120551
3655,0.487551,0.0120353
3674,0.490201,0.0119731
3678,0.490756,0.01196
3710,0.495148,0.0118569
3713,0.495556,0.0118473
3713,0.495556,0.0118473
3714,0.495692,0.0118441
3715,0.495828,0.0118409
3715,0.495828,0.0118409
3716,0.495963,0.0118377
3717,0.496099,0.0118346
3717,0.496099,0.0118346
3717,0.496099,0.0118346
3717,0.496099,0.0118346
3718,0.496235,0.0118314
3719,0.49637,0.0118282
3719,0.49637,0.0118282
3720,0.496505,0.011825
3721,0.496641,0.0118218
3721,0.496641,0.0118218
3721,0.496641,0.0118218
3721,0.496641,0.0118218
3721,0.496641,0.0118218
3722,0.496776,0.0118187
3723,0.496911,0.0118155
3723,0.496911,0.0118155
3724,0.497046,0.0118123
3725,0.497181,0.0118091
3725,0.497181,0.0118091
3725,0.497181,0.0118091
3725,0.497181,0.0118091
3726,0.497316,0.011806
3727,0.497451,0.0118028
3727,0.497451,0.0118028
3728,0.497586,0.0117996
3729,0.497721,0.0117965
3729,0.497721,0.0117965
3729,0.497721,0.0117965
3729,0.497721,0.0117965
3729,0.497721,0.0117965
3767,0.4927,0.011685
3788,0.490232,0.0116214
3804,0.48817,0.0115792
3825,0.48549,0.0115234
3856,0.481587,0.011464
3874,0.47935,0.0114358
3876,0.479102,0.0114332
3897,0.476777,0.0113757
3956,0.469666,0.0112487
3959,0.46931,0.0112466
4020,0.462189,0.0110963
4033,0.460699,0.0110664
4042,0.459673,0.0110657
4042,0.459673,0.0110657
4042,0.459673,0.0110657
4042,0.459673,0.0110657
4042,0.459673,0.0110657
4043,0.459807,0.0110629
4044,0.459941,0.0110602
4085,0.455324,0.0112096
4087,0.455102,0.01121
4089,0.454879,0.0112082
4254,0.476023,0.0107735
4280,0.479206,0.0107081
4280,0.479206,0.0107081
4280,0.479206,0.0107081
4281,0.479327,0.0107056
4282,0.479449,0.0107031
4282,0.479449,0.0107031
4282,0.479449,0.0107031
4282,0.479449,0.0107031
4282,0.479449,0.0107031
4282,0.479449,0.0107031
4283,0.47957,0.0107006
4294,0.480904,0.0106732
4314,0.478674,0.0106867
4316,0.478452,0.0106891
4318,0.478231,0.010687
4318,0.478231,0.010687
4318,0.478231,0.010687
4344,0.475368,0.0107193
4346,0.47515,0.0107211
4346,0.47515,0.0107211
4346,0.47515,0.0107211
4348,0.474931,0.0107234
4417,0.467512,0.0106658
4434,0.465719,0.0106288
4474,0.461556,0.0105613
4537,0.455147,0.0104948
4668,0.442374,0.0112359
4740,0.435654,0.0111407
4743,0.435378,0.0111403
4818,0.444168,0.0109669
4984,0.462681,0.0106017
4984,0.462681,0.0106017
4984,0.462681,0.0106017
4984,0.462681,0.0106017
4984,0.462681,0.0106017
4984,0.462681,0.0106017
4984,0.462681,0.0106017
4984,0.462681,0.0106017
4986,0.462495,0.0106005
5066,0.470983,0.0104331
5229,0.456301,0.010892
5400,0.441852,0.0115632
5581,0.427522,0.0126673
5771,0.44637,0.0122502
5771,0.44637,0.0122502
5771,0.44637,0.0122502
5771,0.44637,0.0122502
5771,0.44637,0.0122502
5771,0.44637,0.0122502
5773,0.446215,0.0122475
5941,0.433597,0.0132366
6063,0.444994,0.0129703
6063,0.444994,0.0129703
6063,0.444994,0.0129703
6066,0.445269,0.0129639
6066,0.445269,0.0129639
6067,0.44536,0.0129617
6067,0.44536,0.0129617
6067,0.44536,0.0129617
6067,0.44536,0.0129617
6075,0.444774,0.01295
6086,0.44397,0.012934
6104,0.442661,0.0129009
6127,0.441325,0.0128532
6174,0.438128,0.0127594
6184,0.437419,0.0127402
6184,0.437419,0.0127402
6184,0.437419,0.0127402
6184,0.437419,0.0127402
6204,0.436009,0.0127023
6204,0.436009,0.0127023
6204,0.436009,0.0127023
6206,0.435869,0.0127055
6206,0.435869,0.0127055
6226,0.434468,0.0126692
6226,0.434468,0.0126692
6226,0.434468,0.0126692
6236,0.433772,0.0126504
6265,0.436393,0.0125919
6265,0.436393,0.0125919
6285,0.435004,0.012557
6285,0.435004,0.012557
6285,0.435004,0.012557
6306,0.433555,0.0125511
6308,0.433418,0.0125523
6345,0.436722,0.0124791
6347,0.436584,0.012481
6384,0.434054,0.0124942
6388,0.433782,0.0124955
6419,0.436517,0.0124351
6419,0.436517,0.0124351
6419,0.436517,0.0124351
6419,0.436517,0.0124351
6419,0.436517,0.0124351
6440,0.438354,0.0123946
6442,0.438218,0.0123954
6501,0.443316,0.012283
6504,0.443112,0.0122798
6504,0.443112,0.0122798
6504,0.443112,0.0122798
6504,0.443112,0.0122798
6504,0.443112,0.0122798
6527,0.445074,0.0122365
6529,0.444938,0.0122346
6618,0.452403,0.0120701
6792,0.466431,0.0117609
6792,0.466431,0.0117609
6792,0.466431,0.0117609
6792,0.466431,0.0117609
6792,0.466431,0.0117609
6792,0.466431,0.0117609
6815,0.468232,0.0117212
6817,0.468094,0.0117197
6935,0.46013,0.0117597
7022,0.454429,0.0118172
7106,0.449057,0.0119499
7194,0.455796,0.0118037
7368,0.468648,0.011525
7368,0.468648,0.011525
7368,0.468648,0.011525
7368,0.468648,0.011525
7368,0.468648,0.011525
7368,0.468648,0.011525
7391,0.470302,0.0114891
7393,0.470174,0.0114882
7615,0.456467,0.0128569
7732,0.464692,0.0126623
7732,0.464692,0.0126623
7732,0.464692,0.0126623
7735,0.4649,0.0126574
7735,0.4649,0.0126574
7735,0.4649,0.0126574
[38379] is replaced by one with estimated error 0.00071
error = 0.00071
area = 575
delay = 24.9
#gates = 222
output circuit appNtk/c880_2_0.00071_575_24.9.blif
time = 11398804 us
--------------- round 3 ---------------
seed = 2531465778
maxLevel = 1
7736,0.464969,0.0126558
7737,0.465038,0.0126541
7738,0.465107,0.0126525
7738,0.465107,0.0126525
7739,0.465176,0.0126509
7740,0.465245,0.0126492
7740,0.465245,0.0126492
7740,0.465245,0.0126492
7740,0.465245,0.0126492
7740,0.465245,0.0126492
7741,0.465315,0.0126476
7742,0.465384,0.012646
7743,0.465453,0.0126443
7744,0.465522,0.0126427
7744,0.465522,0.0126427
7744,0.465522,0.0126427
7744,0.465522,0.0126427
7745,0.465591,0.0126411
7745,0.465591,0.0126411
7745,0.465591,0.0126411
7745,0.465591,0.0126411
7745,0.465591,0.0126411
7745,0.465591,0.0126411
7750,0.465935,0.0126329
7750,0.465935,0.0126329
7750,0.465935,0.0126329
7755,0.46628,0.0126248
7774,0.467584,0.0125939
7777,0.46779,0.012589
7808,0.469903,0.0125391
7810,0.470038,0.0125359
7810,0.470038,0.0125359
7811,0.470106,0.0125342
7812,0.470174,0.0125326
7812,0.470174,0.0125326
7813,0.470242,0.012531
7814,0.47031,0.0125294
7814,0.47031,0.0125294
7814,0.47031,0.0125294
7814,0.47031,0.0125294
7815,0.470377,0.0125278
7816,0.470445,0.0125262
7816,0.470445,0.0125262
7817,0.470513,0.0125246
7818,0.470581,0.012523
7818,0.470581,0.012523
7818,0.470581,0.012523
7818,0.470581,0.012523
7818,0.470581,0.012523
7819,0.470648,0.0125214
7820,0.470716,0.0125198
7820,0.470716,0.0125198
7821,0.470784,0.0125182
7822,0.470851,0.0125166
7822,0.470851,0.0125166
7822,0.470851,0.0125166
7822,0.470851,0.0125166
7823,0.470919,0.012515
7824,0.470987,0.0125134
7824,0.470987,0.0125134
7825,0.471054,0.0125118
7826,0.471122,0.0125102
7826,0.471122,0.0125102
7826,0.471122,0.0125102
7826,0.471122,0.0125102
7826,0.471122,0.0125102
7863,0.468905,0.0124549
7884,0.467783,0.0124223
7899,0.466895,0.0124019
7919,0.465715,0.0123742
7949,0.463958,0.0123435
7966,0.462968,0.0123286
7968,0.462851,0.0123271
7989,0.46176,0.0122967
8047,0.458432,0.012229
8049,0.458318,0.0122281
8109,0.454927,0.0121474
8121,0.454254,0.0121322
8129,0.453807,0.0121307
8129,0.453807,0.0121307
8129,0.453807,0.0121307
8129,0.453807,0.0121307
8129,0.453807,0.0121307
8130,0.453875,0.0121292
8131,0.453942,0.0121277
8171,0.451719,0.0121963
8173,0.451609,0.0121962
8175,0.451498,0.0121951
8339,0.462286,0.0119553
8365,0.463957,0.0119181
8365,0.463957,0.0119181
8365,0.463957,0.0119181
8366,0.464021,0.0119167
8367,0.464085,0.0119152
8367,0.464085,0.0119152
8367,0.464085,0.0119152
8367,0.464085,0.0119152
8367,0.464085,0.0119152
8367,0.464085,0.0119152
8368,0.464149,0.0119138
8378,0.464789,0.0118996
8397,0.463737,0.0119035
8399,0.463627,0.0119045
8401,0.463516,0.0119031
8401,0.463516,0.0119031
8401,0.463516,0.0119031
8426,0.462141,0.0119157
8428,0.462031,0.0119163
8428,0.462031,0.0119163
8428,0.462031,0.0119163
8430,0.461922,0.0119172
8498,0.458225,0.0118785
8514,0.457364,0.0118581
8553,0.455279,0.0118181
8615,0.452002,0.011775
8745,0.445283,0.0121516
8816,0.441697,0.0120942
8819,0.441547,0.0120937
8893,0.446194,0.011993
9058,0.456282,0.0117746
9058,0.456282,0.0117746
9058,0.456282,0.0117746
9058,0.456282,0.0117746
9058,0.456282,0.0117746
9058,0.456282,0.0117746
9058,0.456282,0.0117746
9058,0.456282,0.0117746
9060,0.456181,0.0117737
9139,0.460882,0.0116719
9301,0.452855,0.011909
9471,0.444726,0.0122731
9651,0.436431,0.0128959
9840,0.447256,0.0126483
9840,0.447256,0.0126483
9840,0.447256,0.0126483
9840,0.447256,0.0126483
9840,0.447256,0.0126483
9840,0.447256,0.0126483
9842,0.447165,0.0126466
10009,0.439704,0.0132242
10130,0.446397,0.0130662
10130,0.446397,0.0130662
10130,0.446397,0.0130662
10133,0.446561,0.0130623
10133,0.446561,0.0130623
10133,0.446561,0.0130623
10133,0.446561,0.0130623
10133,0.446561,0.0130623
10140,0.446252,0.013056
10150,0.445813,0.013047
10167,0.445067,0.013028
10190,0.444259,0.012999
10236,0.44236,0.012943
10245,0.441972,0.0129325
10245,0.441972,0.0129325
10245,0.441972,0.0129325
10245,0.441972,0.0129325
10264,0.441154,0.0129103
10264,0.441154,0.0129103
10264,0.441154,0.0129103
10266,0.441068,0.0129122
10266,0.441068,0.0129122
10285,0.440253,0.0128909
10285,0.440253,0.0128909
10285,0.440253,0.0128909
10294,0.439868,0.0128805
10322,0.441387,0.0128455
10322,0.441387,0.0128455
10341,0.440576,0.0128248
10341,0.440576,0.0128248
10341,0.440576,0.0128248
10361,0.439726,0.012821
10363,0.439641,0.0128216
10399,0.441581,0.0127773
10401,0.441496,0.0127784
10437,0.439973,0.0127852
10441,0.439805,0.0127859
10471,0.44141,0.0127492
10471,0.44141,0.0127492
10471,0.44141,0.0127492
10471,0.44141,0.0127492
10471,0.44141,0.0127492
10491,0.442475,0.0127249
10493,0.44239,0.0127254
10551,0.445455,0.0126555
10554,0.445329,0.0126534
10554,0.445329,0.0126534
10554,0.445329,0.0126534
10554,0.445329,0.0126534
10554,0.445329,0.0126534
10576,0.446483,0.0126271
10578,0.446398,0.0126258
10666,0.450966,0.0125217
10839,0.459729,0.0123218
10839,0.459729,0.0123218
10839,0.459729,0.0123218
10839,0.459729,0.0123218
10839,0.459729,0.0123218
10839,0.459729,0.0123218
10861,0.460823,0.0122969
10863,0.460738,0.0122958
10980,0.455829,0.0123155
11066,0.452286,0.0123477
11149,0.448919,0.0124276
11236,0.453186,0.0123314
11409,0.461478,0.0121444
11409,0.461478,0.0121444
11409,0.461478,0.0121444
11409,0.461478,0.0121444
11409,0.461478,0.0121444
11409,0.461478,0.0121444
11431,0.462514,0.012121
11433,0.462433,0.0121203
11654,0.453664,0.0130003
11770,0.459048,0.0128722
11770,0.459048,0.0128722
11770,0.459048,0.0128722
11773,0.459186,0.0128689
11773,0.459186,0.0128689
11773,0.459186,0.0128689
[38447] is replaced by zero with estimated error 0.00071
error = 0.00071
area = 574
delay = 24.9
#gates = 221
output circuit appNtk/c880_3_0.00071_574_24.9.blif
time = 17404334 us
--------------- round 4 ---------------
