abc command read data/library/mcnc.genlib
Entered genlib library with 23 gates from file "data/library/mcnc.genlib".
abc command read_blif data/su/cla32.blif
Line 11: Skipping line ".default_input_arrival 0.00 0.00 ".
Line 12: Skipping line ".default_output_required 0.00 0.00 ".
Line 13: Skipping line ".default_input_drive 0.10 0.10 ".
Line 14: Skipping line ".default_output_load 2.00 ".
Line 15: Skipping line ".default_max_input_load 999.00 ".
abc command print_stats
[1;37mcla32                         :[0m i/o =   64/   33  lat =    0  nd =   419  edge =    952  area =958.00  delay =38.50  lev = 27
--------------- round 1 ---------------
seed = 2531465778
maxLevel = 8
1,1,0
2,1,0
2,1,0
3,1,0
4,1,0
4,1,0
4,1,0
4,1,0
4,1,0
4,1,0
4,1,0
4,1,0
5,1,0
6,1,0
6,1,0
6,1,0
6,1,0
6,1,0
6,1,0
6,1,0
7,1,0
8,1,0
8,1,0
8,1,0
8,1,0
9,1,0
10,1,0
10,1,0
10,1,0
10,1,0
10,1,0
10,1,0
10,1,0
10,1,0
10,1,0
11,1,0
11,1,0
12,1,0
13,1,0
13,1,0
13,1,0
13,1,0
13,1,0
14,1,0
14,1,0
14,1,0
15,1,0
16,1,0
16,1,0
16,1,0
16,1,0
16,1,0
16,1,0
16,1,0
16,1,0
16,1,0
17,1,0
18,1,0
18,1,0
18,1,0
18,1,0
19,1,0
20,1,0
20,1,0
20,1,0
20,1,0
20,1,0
20,1,0
75,1,0
86,1,0
88,1,0
88,1,0
88,1,0
88,1,0
88,1,0
88,1,0
88,1,0
88,1,0
95,1,0
113,1,0
113,1,0
113,1,0
114,1,0
115,1,0
116,1,0
116,1,0
116,1,0
116,1,0
117,1,0
118,1,0
118,1,0
118,1,0
118,1,0
118,1,0
118,1,0
135,1,0
139,1,0
139,1,0
139,1,0
139,1,0
139,1,0
140,1,0
141,1,0
141,1,0
141,1,0
145,1,0
151,1,0
175,1,0
183,1,0
238,1,0
253,1,0
279,1,0
310,1,0
318,1,0
318,1,0
318,1,0
371,1,0
439,1,0
441,1,0
441,1,0
441,1,0
441,1,0
441,1,0
441,1,0
443,1,0
446,1,0
446,1,0
447,1,0
448,1,0
448,1,0
448,1,0
462,1,0
466,1,0
466,1,0
466,1,0
466,1,0
466,1,0
467,1,0
467,1,0
467,1,0
506,1,0
506,1,0
506,1,0
506,1,0
506,1,0
506,1,0
506,1,0
508,1,0
509,1,0
510,1,0
510,1,0
510,1,0
510,1,0
510,1,0
510,1,0
510,1,0
524,1,0
542,1,0
542,1,0
542,1,0
542,1,0
543,1,0
544,1,0
544,1,0
544,1,0
544,1,0
658,1,0
756,1,0
869,1,0
919,1,0
944,1,0
971,1,0
986,1,0
986,1,0
1010,1,0
1054,1,0
1086,1,0
1180,1,0
1281,1,0
1281,1,0
1283,1,0
1283,1,0
1283,1,0
1283,1,0
1283,1,0
1283,1,0
1284,1,0
1286,1,0
1287,1,0
1288,1,0
1288,1,0
1288,1,0
1288,1,0
1302,1,0
1306,1,0
1306,1,0
1306,1,0
1306,1,0
1306,1,0
1307,1,0
1308,1,0
1309,1,0
1309,1,0
1309,1,0
1309,1,0
1309,1,0
1362,1,0
1362,1,0
1362,1,0
1362,1,0
1362,1,0
1362,1,0
1362,1,0
1363,1,0
1364,1,0
1365,1,0
1365,1,0
1365,1,0
1365,1,0
1366,1,0
1367,1,0
1367,1,0
1367,1,0
1367,1,0
1367,1,0
1367,1,0
1381,1,0
1404,1,0
1404,1,0
1404,1,0
1404,1,0
1404,1,0
1469,1,0
1469,1,0
1469,1,0
1470,1,0
1472,1,0
1472,1,0
1472,1,0
1472,1,0
1473,1,0
1474,1,0
1474,1,0
1474,1,0
1474,1,0
1491,1,0
1494,1,0
1494,1,0
1494,1,0
1494,1,0
1494,1,0
1495,1,0
1496,1,0
1497,1,0
1497,1,0
1497,1,0
1497,1,0
1497,1,0
1567,1,0
1569,1,0
1569,1,0
1569,1,0
1569,1,0
1569,1,0
1570,1,0
1571,1,0
1572,1,0
1572,1,0
1572,1,0
1572,1,0
1572,1,0
1572,1,0
1572,1,0
1592,1,0
1619,1,0
1619,1,0
1619,1,0
1619,1,0
1620,1,0
1621,1,0
1621,1,0
1621,1,0
1621,1,0
1666,1,0
1686,1,0
1958,1,0
1992,1,0
1998,1,0
1998,1,0
1998,1,0
2000,1,0
2000,1,0
2000,1,0
2000,1,0
2001,1,0
2002,1,0
2003,1,0
2004,1,0
2004,1,0
2004,1,0
2004,1,0
2005,1,0
2006,1,0
2006,1,0
2006,1,0
2019,1,0
2041,1,0
2045,1,0
2045,1,0
2045,1,0
2045,1,0
2045,1,0
2046,1,0
2046,1,0
2046,1,0
2132,1,0
2132,1,0
2132,1,0
2132,1,0
2132,1,0
2133,1,0
2135,1,0
2136,1,0
2137,1,0
2137,1,0
2137,1,0
2137,1,0
2138,1,0
2139,1,0
2139,1,0
2139,1,0
2139,1,0
2139,1,0
2139,1,0
2159,1,0
2186,1,0
2186,1,0
2186,1,0
2186,1,0
2186,1,0
2187,1,0
2188,1,0
2188,1,0
2188,1,0
2188,1,0
2188,1,0
2188,1,0
2188,1,0
2189,1,0
2192,1,0
2192,1,0
2193,1,0
2194,1,0
2194,1,0
2217,1,0
2217,1,0
2217,1,0
2217,1,0
2217,1,0
2217,1,0
2217,1,0
2217,1,0
2219,1,0
2219,1,0
2219,1,0
2220,1,0
2223,1,0
2224,1,0
2225,1,0
2225,1,0
2225,1,0
2225,1,0
2226,1,0
2227,1,0
2227,1,0
2657,1,0
2665,1,0
2667,1,0
2667,1,0
2667,1,0
2669,1,0
2669,1,0
2669,1,0
2771,1,0
2790,0.99319,3.7043e-05
2913,0.993478,3.54789e-05
3056,0.993783,3.38187e-05
3212,0.994085,3.21762e-05
3212,0.994085,3.21762e-05
3212,0.994085,3.21762e-05
3212,0.994085,3.21762e-05
3212,0.994085,3.21762e-05
3212,0.994085,3.21762e-05
3212,0.994085,3.21762e-05
3427,0.994456,3.01576e-05
3490,0.994556,2.96132e-05
3544,0.994639,2.9162e-05
3566,0.994672,2.89821e-05
3638,0.994777,2.84085e-05
3648,0.994792,2.83306e-05
3669,0.994821,2.81684e-05
3874,0.995096,2.66779e-05
3949,0.995189,2.61712e-05
4025,0.99528,2.5677e-05
4025,0.99528,2.5677e-05
4026,0.995281,2.56706e-05
4027,0.995282,2.56643e-05
4028,0.995283,2.56579e-05
4028,0.995283,2.56579e-05
4028,0.995283,2.56579e-05
4028,0.995283,2.56579e-05
4040,0.995297,2.55817e-05
4053,0.995312,2.54996e-05
4076,0.995339,2.53557e-05
4082,0.995345,2.53185e-05
4082,0.995345,2.53185e-05
4082,0.995345,2.53185e-05
4082,0.995345,2.53185e-05
4082,0.995345,2.53185e-05
[2874] is replaced by [1746] with estimated error 0
error = 0
area = 952
delay = 38.5
#gates = 419
output circuit appNtk/cla32_1_0_952_38.5.blif
time = 9385893 us
--------------- round 2 ---------------
seed = 2531465778
maxLevel = 8
4083,0.995347,2.53123e-05
4084,0.995348,2.53061e-05
4084,0.995348,2.53061e-05
4085,0.995349,2.52999e-05
4086,0.99535,2.52937e-05
4086,0.99535,2.52937e-05
4086,0.99535,2.52937e-05
4086,0.99535,2.52937e-05
4086,0.99535,2.52937e-05
4086,0.99535,2.52937e-05
4086,0.99535,2.52937e-05
4086,0.99535,2.52937e-05
4087,0.995351,2.52875e-05
4088,0.995352,2.52813e-05
4088,0.995352,2.52813e-05
4088,0.995352,2.52813e-05
4088,0.995352,2.52813e-05
4088,0.995352,2.52813e-05
4088,0.995352,2.52813e-05
4088,0.995352,2.52813e-05
4089,0.995353,2.52751e-05
4090,0.995355,2.52689e-05
4090,0.995355,2.52689e-05
4090,0.995355,2.52689e-05
4090,0.995355,2.52689e-05
4091,0.995356,2.52628e-05
4092,0.995357,2.52566e-05
4092,0.995357,2.52566e-05
4092,0.995357,2.52566e-05
4092,0.995357,2.52566e-05
4092,0.995357,2.52566e-05
4092,0.995357,2.52566e-05
4092,0.995357,2.52566e-05
4092,0.995357,2.52566e-05
4092,0.995357,2.52566e-05
4093,0.995358,2.52504e-05
4093,0.995358,2.52504e-05
4094,0.995359,2.52443e-05
4095,0.99536,2.52381e-05
4095,0.99536,2.52381e-05
4095,0.99536,2.52381e-05
4095,0.99536,2.52381e-05
4095,0.99536,2.52381e-05
4096,0.995361,2.52319e-05
4096,0.995361,2.52319e-05
4096,0.995361,2.52319e-05
4097,0.995362,2.52258e-05
4098,0.995364,2.52196e-05
4098,0.995364,2.52196e-05
4098,0.995364,2.52196e-05
4098,0.995364,2.52196e-05
4098,0.995364,2.52196e-05
4098,0.995364,2.52196e-05
4098,0.995364,2.52196e-05
4098,0.995364,2.52196e-05
4098,0.995364,2.52196e-05
4099,0.995365,2.52135e-05
4100,0.995366,2.52073e-05
4100,0.995366,2.52073e-05
4100,0.995366,2.52073e-05
4100,0.995366,2.52073e-05
4101,0.995367,2.52012e-05
4102,0.995368,2.5195e-05
4102,0.995368,2.5195e-05
4102,0.995368,2.5195e-05
4102,0.995368,2.5195e-05
4102,0.995368,2.5195e-05
4102,0.995368,2.5195e-05
4157,0.995429,2.48617e-05
4168,0.995441,2.47961e-05
4170,0.995444,2.47842e-05
4170,0.995444,2.47842e-05
4170,0.995444,2.47842e-05
4170,0.995444,2.47842e-05
4170,0.995444,2.47842e-05
4170,0.995444,2.47842e-05
4170,0.995444,2.47842e-05
4170,0.995444,2.47842e-05
4177,0.995451,2.47426e-05
4195,0.995471,2.46365e-05
4195,0.995471,2.46365e-05
4195,0.995471,2.46365e-05
4196,0.995472,2.46306e-05
4197,0.995473,2.46247e-05
4198,0.995474,2.46189e-05
4198,0.995474,2.46189e-05
4198,0.995474,2.46189e-05
4198,0.995474,2.46189e-05
4199,0.995475,2.4613e-05
4200,0.995476,2.46071e-05
4200,0.995476,2.46071e-05
4200,0.995476,2.46071e-05
4200,0.995476,2.46071e-05
4200,0.995476,2.46071e-05
4200,0.995476,2.46071e-05
4217,0.995494,2.45079e-05
4221,0.995499,2.44847e-05
4221,0.995499,2.44847e-05
4221,0.995499,2.44847e-05
4221,0.995499,2.44847e-05
4221,0.995499,2.44847e-05
4222,0.9955,2.44789e-05
4223,0.995501,2.44731e-05
4223,0.995501,2.44731e-05
4223,0.995501,2.44731e-05
4227,0.995505,2.445e-05
4233,0.995511,2.44153e-05
4257,0.995537,2.42777e-05
4265,0.995545,2.42321e-05
4320,0.995602,2.39236e-05
4335,0.995617,2.38408e-05
4361,0.995643,2.36987e-05
4392,0.995674,2.35314e-05
4400,0.995682,2.34886e-05
4400,0.995682,2.34886e-05
4400,0.995682,2.34886e-05
4453,0.995733,2.32091e-05
4521,0.995797,2.286e-05
4523,0.995799,2.28499e-05
4523,0.995799,2.28499e-05
4523,0.995799,2.28499e-05
4523,0.995799,2.28499e-05
4523,0.995799,2.28499e-05
4523,0.995799,2.28499e-05
4525,0.995801,2.28398e-05
4528,0.995804,2.28246e-05
4528,0.995804,2.28246e-05
4529,0.995805,2.28196e-05
4530,0.995806,2.28146e-05
4530,0.995806,2.28146e-05
4530,0.995806,2.28146e-05
4544,0.995819,2.27443e-05
4548,0.995822,2.27243e-05
4548,0.995822,2.27243e-05
4548,0.995822,2.27243e-05
4548,0.995822,2.27243e-05
4548,0.995822,2.27243e-05
4549,0.995823,2.27193e-05
4549,0.995823,2.27193e-05
4549,0.995823,2.27193e-05
4588,0.995859,2.25262e-05
4588,0.995859,2.25262e-05
4588,0.995859,2.25262e-05
4588,0.995859,2.25262e-05
4588,0.995859,2.25262e-05
4588,0.995859,2.25262e-05
4588,0.995859,2.25262e-05
4590,0.995861,2.25163e-05
4591,0.995861,2.25114e-05
4592,0.995862,2.25065e-05
4592,0.995862,2.25065e-05
4592,0.995862,2.25065e-05
4592,0.995862,2.25065e-05
4592,0.995862,2.25065e-05
4592,0.995862,2.25065e-05
4592,0.995862,2.25065e-05
4606,0.995875,2.24381e-05
4624,0.995891,2.23508e-05
4624,0.995891,2.23508e-05
4624,0.995891,2.23508e-05
4624,0.995891,2.23508e-05
4625,0.995892,2.23459e-05
4626,0.995893,2.23411e-05
4626,0.995893,2.23411e-05
4626,0.995893,2.23411e-05
4626,0.995893,2.23411e-05
4740,0.995992,2.18038e-05
4838,0.996073,2.13621e-05
4951,0.996162,2.08746e-05
5001,0.996201,2.06659e-05
5026,0.99622,2.05631e-05
5053,0.99624,2.04532e-05
5068,0.996251,2.03927e-05
5068,0.996251,2.03927e-05
5092,0.996269,2.02965e-05
5136,0.996301,2.01227e-05
5168,0.996324,1.99981e-05
5262,0.996389,1.96408e-05
5363,0.996457,1.92709e-05
5363,0.996457,1.92709e-05
5365,0.996459,1.92637e-05
5365,0.996459,1.92637e-05
5365,0.996459,1.92637e-05
5365,0.996459,1.92637e-05
5365,0.996459,1.92637e-05
5365,0.996459,1.92637e-05
5366,0.996459,1.92602e-05
5368,0.996461,1.9253e-05
5369,0.996461,1.92494e-05
5370,0.996462,1.92458e-05
5370,0.996462,1.92458e-05
5370,0.996462,1.92458e-05
5370,0.996462,1.92458e-05
5384,0.996471,1.91958e-05
5388,0.996474,1.91815e-05
5388,0.996474,1.91815e-05
5388,0.996474,1.91815e-05
5388,0.996474,1.91815e-05
5388,0.996474,1.91815e-05
5389,0.996474,1.9178e-05
5390,0.996475,1.91744e-05
5391,0.996476,1.91708e-05
5391,0.996476,1.91708e-05
5391,0.996476,1.91708e-05
5391,0.996476,1.91708e-05
5391,0.996476,1.91708e-05
5444,0.99651,1.89842e-05
5444,0.99651,1.89842e-05
5444,0.99651,1.89842e-05
5444,0.99651,1.89842e-05
5444,0.99651,1.89842e-05
5444,0.99651,1.89842e-05
5444,0.99651,1.89842e-05
5445,0.996511,1.89807e-05
5446,0.996511,1.89772e-05
5447,0.996512,1.89737e-05
5447,0.996512,1.89737e-05
5447,0.996512,1.89737e-05
5447,0.996512,1.89737e-05
5448,0.996512,1.89703e-05
5449,0.996513,1.89668e-05
5449,0.996513,1.89668e-05
5449,0.996513,1.89668e-05
5449,0.996513,1.89668e-05
5449,0.996513,1.89668e-05
5449,0.996513,1.89668e-05
5463,0.996522,1.89182e-05
5486,0.996537,1.88389e-05
5486,0.996537,1.88389e-05
5486,0.996537,1.88389e-05
5486,0.996537,1.88389e-05
5486,0.996537,1.88389e-05
5550,0.996577,1.86216e-05
5550,0.996577,1.86216e-05
5550,0.996577,1.86216e-05
5551,0.996577,1.86183e-05
5553,0.996578,1.86116e-05
5553,0.996578,1.86116e-05
5553,0.996578,1.86116e-05
5553,0.996578,1.86116e-05
5554,0.996579,1.86082e-05
5555,0.99658,1.86049e-05
5555,0.99658,1.86049e-05
5555,0.99658,1.86049e-05
5555,0.99658,1.86049e-05
5572,0.99659,1.85481e-05
5575,0.996592,1.85381e-05
5575,0.996592,1.85381e-05
5575,0.996592,1.85381e-05
5575,0.996592,1.85381e-05
5575,0.996592,1.85381e-05
5576,0.996593,1.85348e-05
5577,0.996593,1.85315e-05
5578,0.996594,1.85281e-05
5578,0.996594,1.85281e-05
5578,0.996594,1.85281e-05
5578,0.996594,1.85281e-05
5578,0.996594,1.85281e-05
5648,0.996636,1.82985e-05
5651,0.996638,1.82888e-05
5651,0.996638,1.82888e-05
5651,0.996638,1.82888e-05
5651,0.996638,1.82888e-05
5651,0.996638,1.82888e-05
5652,0.996638,1.82856e-05
5653,0.996639,1.82823e-05
5654,0.99664,1.82791e-05
5654,0.99664,1.82791e-05
5654,0.99664,1.82791e-05
5654,0.99664,1.82791e-05
5654,0.99664,1.82791e-05
5654,0.99664,1.82791e-05
5654,0.99664,1.82791e-05
5674,0.996651,1.82147e-05
5700,0.996667,1.81316e-05
5700,0.996667,1.81316e-05
5700,0.996667,1.81316e-05
5700,0.996667,1.81316e-05
5701,0.996667,1.81284e-05
5702,0.996668,1.81252e-05
5702,0.996668,1.81252e-05
5702,0.996668,1.81252e-05
5702,0.996668,1.81252e-05
5746,0.996693,1.79864e-05
5766,0.996705,1.7924e-05
5836,0.996744,1.7709e-05
5855,0.996755,1.76516e-05
5855,0.996755,1.76516e-05
5954,0.996809,1.73581e-05
5954,0.996809,1.73581e-05
5954,0.996809,1.73581e-05
5954,0.996809,1.73581e-05
5955,0.996809,1.73552e-05
5956,0.99681,1.73522e-05
5957,0.99681,1.73493e-05
5958,0.996811,1.73464e-05
5958,0.996811,1.73464e-05
5958,0.996811,1.73464e-05
5958,0.996811,1.73464e-05
5959,0.996812,1.73435e-05
5960,0.996812,1.73406e-05
5960,0.996812,1.73406e-05
5960,0.996812,1.73406e-05
5960,0.996812,1.73406e-05
5982,0.996824,1.72768e-05
5986,0.996826,1.72653e-05
5986,0.996826,1.72653e-05
5986,0.996826,1.72653e-05
5986,0.996826,1.72653e-05
5986,0.996826,1.72653e-05
5987,0.996826,1.72624e-05
5987,0.996826,1.72624e-05
5987,0.996826,1.72624e-05
5989,0.996828,1.72566e-05
5989,0.996828,1.72566e-05
5989,0.996828,1.72566e-05
5989,0.996828,1.72566e-05
5989,0.996828,1.72566e-05
5990,0.996828,1.72538e-05
5992,0.996829,1.7248e-05
5993,0.99683,1.72451e-05
5994,0.99683,1.72422e-05
5994,0.99683,1.72422e-05
5994,0.99683,1.72422e-05
5994,0.99683,1.72422e-05
5995,0.996831,1.72394e-05
5996,0.996831,1.72365e-05
5996,0.996831,1.72365e-05
5996,0.996831,1.72365e-05
5996,0.996831,1.72365e-05
5996,0.996831,1.72365e-05
5996,0.996831,1.72365e-05
6016,0.996842,1.71792e-05
6043,0.996856,1.71024e-05
6043,0.996856,1.71024e-05
6043,0.996856,1.71024e-05
6043,0.996856,1.71024e-05
6043,0.996856,1.71024e-05
6044,0.996856,1.70996e-05
6045,0.996857,1.70968e-05
6045,0.996857,1.70968e-05
6045,0.996857,1.70968e-05
6045,0.996857,1.70968e-05
6045,0.996857,1.70968e-05
6045,0.996857,1.70968e-05
6045,0.996857,1.70968e-05
6046,0.996857,1.70939e-05
6049,0.996859,1.70855e-05
6049,0.996859,1.70855e-05
6050,0.99686,1.70826e-05
6051,0.99686,1.70798e-05
6051,0.99686,1.70798e-05
6074,0.996872,1.70151e-05
6074,0.996872,1.70151e-05
6074,0.996872,1.70151e-05
6074,0.996872,1.70151e-05
6074,0.996872,1.70151e-05
6074,0.996872,1.70151e-05
6074,0.996872,1.70151e-05
6074,0.996872,1.70151e-05
6076,0.996873,1.70095e-05
6076,0.996873,1.70095e-05
6076,0.996873,1.70095e-05
6077,0.996873,1.70067e-05
6080,0.996875,1.69984e-05
6081,0.996876,1.69956e-05
6082,0.996876,1.69928e-05
6082,0.996876,1.69928e-05
6082,0.996876,1.69928e-05
6082,0.996876,1.69928e-05
6083,0.996877,1.699e-05
6084,0.996877,1.69872e-05
6084,0.996877,1.69872e-05
6512,0.997082,1.58707e-05
6520,0.997086,1.58512e-05
6522,0.997087,1.58464e-05
6522,0.997087,1.58464e-05
6522,0.997087,1.58464e-05
6524,0.997088,1.58415e-05
6524,0.997088,1.58415e-05
6524,0.997088,1.58415e-05
6626,0.997133,1.55976e-05
6645,0.994281,3.11061e-05
6768,0.994385,3.05408e-05
6911,0.994502,2.99088e-05
7067,0.994623,2.92486e-05
7067,0.994623,2.92486e-05
7067,0.994623,2.92486e-05
7067,0.994623,2.92486e-05
7067,0.994623,2.92486e-05
7067,0.994623,2.92486e-05
7067,0.994623,2.92486e-05
7282,0.994782,2.83851e-05
7345,0.994826,2.81416e-05
7399,0.994864,2.79362e-05
7421,0.994879,2.78534e-05
7493,0.994929,2.75857e-05
7503,0.994935,2.7549e-05
7524,0.994949,2.74721e-05
7729,0.995083,2.67434e-05
7804,0.995131,2.64864e-05
7880,0.995178,2.6231e-05
7880,0.995178,2.6231e-05
7881,0.995178,2.62276e-05
7882,0.995179,2.62243e-05
7883,0.99518,2.6221e-05
7883,0.99518,2.6221e-05
7883,0.99518,2.6221e-05
7883,0.99518,2.6221e-05
7895,0.995187,2.61811e-05
7908,0.995195,2.61381e-05
7931,0.995209,2.60623e-05
7937,0.995212,2.60426e-05
7937,0.995212,2.60426e-05
7937,0.995212,2.60426e-05
7937,0.995212,2.60426e-05
7937,0.995212,2.60426e-05
[3172] is replaced by zero with estimated error 0
error = 0
area = 946
delay = 38.5
#gates = 416
output circuit appNtk/cla32_2_0_946_38.5.blif
time = 18244186 us
--------------- round 3 ---------------
seed = 2531465778
maxLevel = 8
7938,0.995213,2.60393e-05
7939,0.995214,2.6036e-05
7939,0.995214,2.6036e-05
7940,0.995214,2.60327e-05
7941,0.995215,2.60295e-05
7941,0.995215,2.60295e-05
7941,0.995215,2.60295e-05
7941,0.995215,2.60295e-05
7941,0.995215,2.60295e-05
7941,0.995215,2.60295e-05
7941,0.995215,2.60295e-05
7941,0.995215,2.60295e-05
7942,0.995215,2.60262e-05
7943,0.995216,2.60229e-05
7943,0.995216,2.60229e-05
7943,0.995216,2.60229e-05
7943,0.995216,2.60229e-05
7943,0.995216,2.60229e-05
7943,0.995216,2.60229e-05
7943,0.995216,2.60229e-05
7944,0.995217,2.60196e-05
7945,0.995217,2.60164e-05
7945,0.995217,2.60164e-05
7945,0.995217,2.60164e-05
7945,0.995217,2.60164e-05
7946,0.995218,2.60131e-05
7947,0.995218,2.60098e-05
7947,0.995218,2.60098e-05
7947,0.995218,2.60098e-05
7947,0.995218,2.60098e-05
7947,0.995218,2.60098e-05
7947,0.995218,2.60098e-05
7947,0.995218,2.60098e-05
7947,0.995218,2.60098e-05
7947,0.995218,2.60098e-05
7948,0.995219,2.60065e-05
7948,0.995219,2.60065e-05
7949,0.99522,2.60033e-05
7950,0.99522,2.6e-05
7950,0.99522,2.6e-05
7950,0.99522,2.6e-05
7950,0.99522,2.6e-05
7950,0.99522,2.6e-05
7951,0.995221,2.59967e-05
7951,0.995221,2.59967e-05
7951,0.995221,2.59967e-05
7952,0.995221,2.59935e-05
7953,0.995222,2.59902e-05
7953,0.995222,2.59902e-05
7953,0.995222,2.59902e-05
7953,0.995222,2.59902e-05
7953,0.995222,2.59902e-05
7953,0.995222,2.59902e-05
7953,0.995222,2.59902e-05
7953,0.995222,2.59902e-05
7953,0.995222,2.59902e-05
7954,0.995223,2.59869e-05
7955,0.995223,2.59837e-05
7955,0.995223,2.59837e-05
7955,0.995223,2.59837e-05
7955,0.995223,2.59837e-05
7956,0.995224,2.59804e-05
7957,0.995224,2.59771e-05
7957,0.995224,2.59771e-05
7957,0.995224,2.59771e-05
7957,0.995224,2.59771e-05
7957,0.995224,2.59771e-05
7957,0.995224,2.59771e-05
8012,0.995257,2.57988e-05
8023,0.995264,2.57634e-05
8025,0.995265,2.5757e-05
8025,0.995265,2.5757e-05
8025,0.995265,2.5757e-05
8025,0.995265,2.5757e-05
8025,0.995265,2.5757e-05
8025,0.995265,2.5757e-05
8025,0.995265,2.5757e-05
8025,0.995265,2.5757e-05
8032,0.995269,2.57346e-05
8050,0.99528,2.5677e-05
8050,0.99528,2.5677e-05
8050,0.99528,2.5677e-05
8051,0.99528,2.56738e-05
8052,0.995281,2.56706e-05
8053,0.995281,2.56675e-05
8053,0.995281,2.56675e-05
8053,0.995281,2.56675e-05
8053,0.995281,2.56675e-05
8054,0.995282,2.56643e-05
8055,0.995282,2.56611e-05
8055,0.995282,2.56611e-05
8055,0.995282,2.56611e-05
8055,0.995282,2.56611e-05
8055,0.995282,2.56611e-05
8055,0.995282,2.56611e-05
8072,0.995292,2.5607e-05
8076,0.995295,2.55944e-05
8076,0.995295,2.55944e-05
8076,0.995295,2.55944e-05
8076,0.995295,2.55944e-05
8076,0.995295,2.55944e-05
8077,0.995295,2.55912e-05
8078,0.995296,2.5588e-05
8078,0.995296,2.5588e-05
8078,0.995296,2.5588e-05
8082,0.995298,2.55754e-05
8088,0.995302,2.55564e-05
8112,0.995316,2.54808e-05
8120,0.99532,2.54557e-05
8175,0.995352,2.52844e-05
8190,0.99536,2.52381e-05
8216,0.995375,2.51582e-05
8247,0.995392,2.50637e-05
8255,0.995397,2.50394e-05
8255,0.995397,2.50394e-05
8255,0.995397,2.50394e-05
8308,0.995426,2.48796e-05
8376,0.995463,2.46777e-05
8378,0.995464,2.46718e-05
8378,0.995464,2.46718e-05
8378,0.995464,2.46718e-05
8378,0.995464,2.46718e-05
8378,0.995464,2.46718e-05
8378,0.995464,2.46718e-05
8380,0.995465,2.46659e-05
8383,0.995467,2.4657e-05
8383,0.995467,2.4657e-05
8384,0.995468,2.46541e-05
8385,0.995468,2.46512e-05
8385,0.995468,2.46512e-05
8385,0.995468,2.46512e-05
8399,0.995476,2.46101e-05
8403,0.995478,2.45984e-05
8403,0.995478,2.45984e-05
8403,0.995478,2.45984e-05
8403,0.995478,2.45984e-05
8403,0.995478,2.45984e-05
8404,0.995478,2.45954e-05
8404,0.995478,2.45954e-05
8404,0.995478,2.45954e-05
8443,0.995499,2.44818e-05
8443,0.995499,2.44818e-05
8443,0.995499,2.44818e-05
8443,0.995499,2.44818e-05
8443,0.995499,2.44818e-05
8443,0.995499,2.44818e-05
8443,0.995499,2.44818e-05
8445,0.9955,2.4476e-05
8446,0.995501,2.44731e-05
8447,0.995501,2.44702e-05
8447,0.995501,2.44702e-05
8447,0.995501,2.44702e-05
8447,0.995501,2.44702e-05
8447,0.995501,2.44702e-05
8447,0.995501,2.44702e-05
8447,0.995501,2.44702e-05
8461,0.995509,2.44297e-05
8479,0.995518,2.43779e-05
8479,0.995518,2.43779e-05
8479,0.995518,2.43779e-05
8479,0.995518,2.43779e-05
8480,0.995519,2.4375e-05
8481,0.995519,2.43721e-05
8481,0.995519,2.43721e-05
8481,0.995519,2.43721e-05
8481,0.995519,2.43721e-05
8595,0.995579,2.40489e-05
8693,0.995629,2.37778e-05
8806,0.995685,2.34726e-05
8856,0.995709,2.33401e-05
8881,0.995721,2.32744e-05
8908,0.995734,2.32039e-05
8923,0.995741,2.31649e-05
8923,0.995741,2.31649e-05
8947,0.995753,2.31027e-05
8991,0.995774,2.29897e-05
9022,0.995788,2.29107e-05
9116,0.995832,2.26744e-05
9217,0.995877,2.2426e-05
9217,0.995877,2.2426e-05
9219,0.995878,2.24211e-05
9219,0.995878,2.24211e-05
9219,0.995878,2.24211e-05
9219,0.995878,2.24211e-05
9219,0.995878,2.24211e-05
9219,0.995878,2.24211e-05
9220,0.995879,2.24187e-05
9222,0.995879,2.24138e-05
9223,0.99588,2.24114e-05
9224,0.99588,2.24089e-05
9224,0.99588,2.24089e-05
9224,0.99588,2.24089e-05
9224,0.99588,2.24089e-05
9238,0.995887,2.2375e-05
9242,0.995888,2.23653e-05
9242,0.995888,2.23653e-05
9242,0.995888,2.23653e-05
9242,0.995888,2.23653e-05
9242,0.995888,2.23653e-05
9243,0.995889,2.23629e-05
9244,0.995889,2.23605e-05
9245,0.99589,2.2358e-05
9245,0.99589,2.2358e-05
9245,0.99589,2.2358e-05
9245,0.99589,2.2358e-05
9245,0.99589,2.2358e-05
9298,0.995913,2.22306e-05
9298,0.995913,2.22306e-05
9298,0.995913,2.22306e-05
9298,0.995913,2.22306e-05
9298,0.995913,2.22306e-05
9298,0.995913,2.22306e-05
9298,0.995913,2.22306e-05
9299,0.995914,2.22282e-05
9300,0.995914,2.22258e-05
9301,0.995914,2.22234e-05
9301,0.995914,2.22234e-05
9301,0.995914,2.22234e-05
9301,0.995914,2.22234e-05
9302,0.995915,2.2221e-05
9303,0.995915,2.22186e-05
9303,0.995915,2.22186e-05
9303,0.995915,2.22186e-05
9303,0.995915,2.22186e-05
9303,0.995915,2.22186e-05
9303,0.995915,2.22186e-05
9317,0.995921,2.21853e-05
9340,0.995931,2.21306e-05
9340,0.995931,2.21306e-05
9340,0.995931,2.21306e-05
9340,0.995931,2.21306e-05
9340,0.995931,2.21306e-05
9403,0.995959,2.19823e-05
9403,0.995959,2.19823e-05
9403,0.995959,2.19823e-05
9404,0.995959,2.198e-05
9406,0.99596,2.19753e-05
9406,0.99596,2.19753e-05
9406,0.99596,2.19753e-05
9406,0.99596,2.19753e-05
9407,0.99596,2.1973e-05
9408,0.995961,2.19707e-05
9408,0.995961,2.19707e-05
9408,0.995961,2.19707e-05
9408,0.995961,2.19707e-05
9425,0.995968,2.1931e-05
9428,0.995969,2.19241e-05
9428,0.995969,2.19241e-05
9428,0.995969,2.19241e-05
9428,0.995969,2.19241e-05
9428,0.995969,2.19241e-05
9429,0.99597,2.19217e-05
9430,0.99597,2.19194e-05
9431,0.995971,2.19171e-05
9431,0.995971,2.19171e-05
9431,0.995971,2.19171e-05
9431,0.995971,2.19171e-05
9431,0.995971,2.19171e-05
9501,0.996,2.17556e-05
9504,0.996002,2.17487e-05
9504,0.996002,2.17487e-05
9504,0.996002,2.17487e-05
9504,0.996002,2.17487e-05
9504,0.996002,2.17487e-05
9505,0.996002,2.17464e-05
9506,0.996003,2.17442e-05
9507,0.996003,2.17419e-05
9507,0.996003,2.17419e-05
9507,0.996003,2.17419e-05
9507,0.996003,2.17419e-05
9507,0.996003,2.17419e-05
9507,0.996003,2.17419e-05
9507,0.996003,2.17419e-05
9527,0.996011,2.16962e-05
9552,0.996022,2.16394e-05
9552,0.996022,2.16394e-05
9552,0.996022,2.16394e-05
9552,0.996022,2.16394e-05
9553,0.996022,2.16372e-05
9554,0.996023,2.16349e-05
9554,0.996023,2.16349e-05
9554,0.996023,2.16349e-05
9554,0.996023,2.16349e-05
9598,0.996041,2.15357e-05
9618,0.996049,2.1491e-05
9688,0.996078,2.13357e-05
9707,0.996085,2.12939e-05
9707,0.996085,2.12939e-05
9806,0.996125,2.10789e-05
9806,0.996125,2.10789e-05
9806,0.996125,2.10789e-05
9806,0.996125,2.10789e-05
9807,0.996125,2.10768e-05
9808,0.996126,2.10746e-05
9809,0.996126,2.10725e-05
9810,0.996126,2.10703e-05
9810,0.996126,2.10703e-05
9810,0.996126,2.10703e-05
9810,0.996126,2.10703e-05
9811,0.996127,2.10682e-05
9812,0.996127,2.1066e-05
9812,0.996127,2.1066e-05
9812,0.996127,2.1066e-05
9812,0.996127,2.1066e-05
9834,0.996136,2.10189e-05
9838,0.996137,2.10104e-05
9838,0.996137,2.10104e-05
9838,0.996137,2.10104e-05
9838,0.996137,2.10104e-05
9838,0.996137,2.10104e-05
9839,0.996138,2.10082e-05
9839,0.996138,2.10082e-05
9839,0.996138,2.10082e-05
9841,0.996139,2.1004e-05
9841,0.996139,2.1004e-05
9841,0.996139,2.1004e-05
9841,0.996139,2.1004e-05
9841,0.996139,2.1004e-05
9842,0.996139,2.10018e-05
9844,0.99614,2.09976e-05
9845,0.99614,2.09954e-05
9846,0.996141,2.09933e-05
9846,0.996141,2.09933e-05
9846,0.996141,2.09933e-05
9846,0.996141,2.09933e-05
9847,0.996141,2.09912e-05
9848,0.996141,2.0989e-05
9848,0.996141,2.0989e-05
9848,0.996141,2.0989e-05
9848,0.996141,2.0989e-05
9848,0.996141,2.0989e-05
9848,0.996141,2.0989e-05
9868,0.996149,2.09465e-05
9893,0.996159,2.08936e-05
9893,0.996159,2.08936e-05
9893,0.996159,2.08936e-05
9893,0.996159,2.08936e-05
9893,0.996159,2.08936e-05
9894,0.996159,2.08914e-05
9895,0.99616,2.08893e-05
9895,0.99616,2.08893e-05
9895,0.99616,2.08893e-05
9895,0.99616,2.08893e-05
9895,0.99616,2.08893e-05
9895,0.99616,2.08893e-05
9895,0.99616,2.08893e-05
9896,0.99616,2.08872e-05
9899,0.996161,2.08809e-05
9899,0.996161,2.08809e-05
9900,0.996162,2.08788e-05
9901,0.996162,2.08767e-05
9901,0.996162,2.08767e-05
9923,0.996171,2.08304e-05
9923,0.996171,2.08304e-05
9923,0.996171,2.08304e-05
9923,0.996171,2.08304e-05
9923,0.996171,2.08304e-05
9923,0.996171,2.08304e-05
9923,0.996171,2.08304e-05
9923,0.996171,2.08304e-05
9925,0.996171,2.08262e-05
9925,0.996171,2.08262e-05
9925,0.996171,2.08262e-05
9926,0.996172,2.08241e-05
9929,0.996173,2.08178e-05
9930,0.996173,2.08157e-05
9931,0.996174,2.08136e-05
9931,0.996174,2.08136e-05
9931,0.996174,2.08136e-05
9931,0.996174,2.08136e-05
9932,0.996174,2.08115e-05
9933,0.996174,2.08094e-05
9933,0.996174,2.08094e-05
10360,0.996332,1.99517e-05
10368,0.996335,1.99363e-05
10370,0.996336,1.99325e-05
10370,0.996336,1.99325e-05
10370,0.996336,1.99325e-05
10372,0.996336,1.99287e-05
10372,0.996336,1.99287e-05
10372,0.996336,1.99287e-05
10474,0.996372,1.97346e-05
10493,0.994949,1.97665e-05
10616,0.995008,1.95375e-05
10759,0.995074,1.92778e-05
10915,0.995144,1.90023e-05
10915,0.995144,1.90023e-05
10915,0.995144,1.90023e-05
10915,0.995144,1.90023e-05
10915,0.995144,1.90023e-05
10915,0.995144,1.90023e-05
10915,0.995144,1.90023e-05
11129,0.995238,1.86369e-05
11202,0.995269,1.85154e-05
11256,0.995291,1.84266e-05
11278,0.995301,1.83907e-05
11350,0.99533,1.8274e-05
11360,0.995335,1.82579e-05
11380,0.995343,1.82258e-05
11380,0.995343,1.82258e-05
11381,0.995343,1.82242e-05
11382,0.995344,1.82226e-05
11383,0.995344,1.8221e-05
11383,0.995344,1.8221e-05
11383,0.995344,1.8221e-05
11383,0.995344,1.8221e-05
11395,0.995349,1.82018e-05
11408,0.995354,1.81811e-05
11429,0.995363,1.81477e-05
11435,0.995365,1.81382e-05
11435,0.995365,1.81382e-05
11435,0.995365,1.81382e-05
11435,0.995365,1.81382e-05
11435,0.995365,1.81382e-05
[141861] is replaced by n107 with estimated error 0
error = 0
area = 941
delay = 36.1
#gates = 414
output circuit appNtk/cla32_3_0_941_36.1.blif
time = 27516843 us
--------------- round 4 ---------------
