abc command read data/library/mcnc.genlib
Entered genlib library with 23 gates from file "data/library/mcnc.genlib".
abc command read_blif data/su/c880.blif
Line 12: Skipping line ".default_input_arrival 0.00 0.00 ".
Line 13: Skipping line ".default_output_required 0.00 0.00 ".
Line 14: Skipping line ".default_input_drive 0.10 0.10 ".
Line 15: Skipping line ".default_output_load 2.00 ".
Line 16: Skipping line ".default_max_input_load 999.00 ".
abc command print_stats
[1;37mc880                          :[0m i/o =   60/   26  lat =    0  nd =   224  edge =    542  area =585.00  delay =24.90  lev = 18
--------------- round 1 ---------------
seed = 2760687521
[37789] is replaced by one with estimated error 0.00051
error = 0.00051
area = 577
delay = 24.9
#gates = 223
output circuit result/c880_1_0.00051_577_24.9.blif
time = 1014946 us
--------------- round 2 ---------------
seed = 1825994867
[38379] is replaced by one with estimated error 0.00063
error = 0.00063
area = 575
delay = 24.9
#gates = 222
output circuit result/c880_2_0.00063_575_24.9.blif
time = 1894570 us
--------------- round 3 ---------------
seed = 3284418534
[38447] is replaced by zero with estimated error 0.00051
error = 0.00051
area = 574
delay = 24.9
#gates = 221
output circuit result/c880_3_0.00051_574_24.9.blif
time = 2762851 us
--------------- round 4 ---------------
seed = 2557500699
[38864] is replaced by one with estimated error 0.00268
error = 0.00268
area = 568
delay = 24.9
#gates = 218
output circuit result/c880_4_0.00268_568_24.9.blif
time = 3635899 us
--------------- round 5 ---------------
seed = 3302957694
[38719] is replaced by one with estimated error 0.00475
error = 0.00475
area = 559
delay = 24.9
#gates = 214
output circuit result/c880_5_0.00475_559_24.9.blif
time = 4477232 us
--------------- round 6 ---------------
seed = 98065078
exceed error bound
