abc command read data/library/mcnc.genlib
Entered genlib library with 23 gates from file "data/library/mcnc.genlib".
abc command read_blif data/su/c880.blif
Line 12: Skipping line ".default_input_arrival 0.00 0.00 ".
Line 13: Skipping line ".default_output_required 0.00 0.00 ".
Line 14: Skipping line ".default_input_drive 0.10 0.10 ".
Line 15: Skipping line ".default_output_load 2.00 ".
Line 16: Skipping line ".default_max_input_load 999.00 ".
abc command print_stats
[1;37mc880                          :[0m i/o =   60/   26  lat =    0  nd =   224  edge =    542  area =585.00  delay =24.90  lev = 18
--------------- round 1 ---------------
seed = 2155232303
[37789] is replaced by one with estimated error 0.00073
error = 0.00073
area = 577
delay = 24.9
#gates = 223
output circuit result/c880_1_0.00073_577_24.9.blif
time = 1006670 us
--------------- round 2 ---------------
seed = 254507783
[38379] is replaced by one with estimated error 0.00079
error = 0.00079
area = 575
delay = 24.9
#gates = 222
output circuit result/c880_2_0.00079_575_24.9.blif
time = 1873464 us
--------------- round 3 ---------------
seed = 2505779396
[38447] is replaced by zero with estimated error 0.00066
error = 0.00066
area = 574
delay = 24.9
#gates = 221
output circuit result/c880_3_0.00066_574_24.9.blif
time = 2741158 us
--------------- round 4 ---------------
seed = 676800833
[38864] is replaced by one with estimated error 0.00272
error = 0.00272
area = 568
delay = 24.9
#gates = 218
output circuit result/c880_4_0.00272_568_24.9.blif
time = 3609465 us
--------------- round 5 ---------------
seed = 1925784878
[38719] is replaced by one with estimated error 0.00478
error = 0.00478
area = 559
delay = 24.9
#gates = 214
output circuit result/c880_5_0.00478_559_24.9.blif
time = 4452946 us
--------------- round 6 ---------------
seed = 1016248831
exceed error bound
