abc command read data/library/mcnc.genlib
Entered genlib library with 23 gates from file "data/library/mcnc.genlib".
abc command read_blif data/su/ksa32.blif
Line 11: Skipping line ".default_input_arrival 0.00 0.00 ".
Line 12: Skipping line ".default_output_required 0.00 0.00 ".
Line 13: Skipping line ".default_input_drive 0.10 0.10 ".
Line 14: Skipping line ".default_output_load 2.00 ".
Line 15: Skipping line ".default_max_input_load 999.00 ".
abc command print_stats
[1;37mksa32                         :[0m i/o =   64/   33  lat =    0  nd =   513  edge =   1090  area =1128.00  delay =17.80  lev = 14
--------------- round 1 ---------------
seed = 471022593
[164353] is replaced by one with estimated error 0
error = 0
area = 1124
delay = 17.8
#gates = 513
output circuit result/ksa32_1_0_1124_17.8.blif
time = 3290995 us
--------------- round 2 ---------------
seed = 1212210367
[164347] is replaced by [164349] with estimated error 1e-05
error = 1e-05
area = 1120
delay = 17.8
#gates = 511
output circuit result/ksa32_2_1e-05_1120_17.8.blif
time = 6370696 us
--------------- round 3 ---------------
seed = 4269525220
[164351] is replaced by [164349] with estimated error 0
error = 0
area = 1116
delay = 17.7
#gates = 509
output circuit result/ksa32_3_0_1116_17.7.blif
time = 9410597 us
--------------- round 4 ---------------
seed = 261599780
[164349] is replaced by [164341] with estimated error 1e-05
error = 1e-05
area = 1112
delay = 17.7
#gates = 507
output circuit result/ksa32_4_1e-05_1112_17.7.blif
time = 12419795 us
--------------- round 5 ---------------
seed = 1614432089
[164341] is replaced by one with estimated error 3e-05
error = 3e-05
area = 1109
delay = 17.7
#gates = 506
output circuit result/ksa32_5_3e-05_1109_17.7.blif
time = 15400919 us
--------------- round 6 ---------------
seed = 4266710261
[161060] is replaced by zero with estimated error 9e-05
error = 9e-05
area = 1106
delay = 17.7
#gates = 505
output circuit result/ksa32_6_9e-05_1106_17.7.blif
time = 18229205 us
--------------- round 7 ---------------
seed = 2925490006
[161061] is replaced by zero with estimated error 2e-05
error = 2e-05
area = 1103
delay = 17.7
#gates = 504
output circuit result/ksa32_7_2e-05_1103_17.7.blif
time = 21046089 us
--------------- round 8 ---------------
seed = 53961440
[161062] is replaced by zero with estimated error 3e-05
error = 3e-05
area = 1100
delay = 17.7
#gates = 503
output circuit result/ksa32_8_3e-05_1100_17.7.blif
time = 23850591 us
--------------- round 9 ---------------
seed = 127862900
[164345] is replaced by [164331] with estimated error 5e-05
error = 5e-05
area = 1097
delay = 17.7
#gates = 502
output circuit result/ksa32_9_5e-05_1097_17.7.blif
time = 26632870 us
--------------- round 10 ---------------
seed = 3474060074
[161059] is replaced by zero with estimated error 3e-05
error = 3e-05
area = 1094
delay = 17.7
#gates = 501
output circuit result/ksa32_10_3e-05_1094_17.7.blif
time = 29405657 us
--------------- round 11 ---------------
seed = 678166158
[164343] is replaced by one with estimated error 4e-05
error = 4e-05
area = 1091
delay = 17.7
#gates = 500
output circuit result/ksa32_11_4e-05_1091_17.7.blif
time = 32165730 us
--------------- round 12 ---------------
seed = 141329236
[164331] is replaced by one with estimated error 3e-05
error = 3e-05
area = 1088
delay = 17.7
#gates = 499
output circuit result/ksa32_12_3e-05_1088_17.7.blif
time = 34893353 us
--------------- round 13 ---------------
seed = 2824064005
[162831] is replaced by one with estimated error 7e-05
error = 7e-05
area = 1086
delay = 17.7
#gates = 498
output circuit result/ksa32_13_7e-05_1086_17.7.blif
time = 37558507 us
--------------- round 14 ---------------
seed = 3935388673
[162822] is replaced by one with estimated error 5e-05
error = 5e-05
area = 1084
delay = 17.7
#gates = 497
output circuit result/ksa32_14_5e-05_1084_17.7.blif
time = 40210264 us
--------------- round 15 ---------------
seed = 4105080191
[163373] is replaced by n499 with estimated error 4e-05
error = 4e-05
area = 1083
delay = 17.7
#gates = 496
output circuit result/ksa32_15_4e-05_1083_17.7.blif
time = 42850084 us
--------------- round 16 ---------------
seed = 1076947745
[162796] is replaced by one with estimated error 4e-05
error = 4e-05
area = 1081
delay = 17.7
#gates = 495
output circuit result/ksa32_16_4e-05_1081_17.7.blif
time = 45463452 us
--------------- round 17 ---------------
seed = 1365683921
[162809] is replaced by one with estimated error 4e-05
error = 4e-05
area = 1079
delay = 17.7
#gates = 494
output circuit result/ksa32_17_4e-05_1079_17.7.blif
time = 48054981 us
--------------- round 18 ---------------
seed = 2196950299
[162693] is replaced by [162706] with estimated error 6e-05
error = 6e-05
area = 1077
delay = 17.7
#gates = 493
output circuit result/ksa32_18_6e-05_1077_17.7.blif
time = 50633691 us
--------------- round 19 ---------------
seed = 122839149
[163457] is replaced by n503 with estimated error 4e-05
error = 4e-05
area = 1076
delay = 17.7
#gates = 492
output circuit result/ksa32_19_4e-05_1076_17.7.blif
time = 53201048 us
--------------- round 20 ---------------
seed = 1476398510
[162823] is replaced by n494 with inverter with estimated error 1e-05
error = 1e-05
area = 1074
delay = 17.7
#gates = 492
output circuit result/ksa32_20_1e-05_1074_17.7.blif
time = 55736373 us
--------------- round 21 ---------------
seed = 2490663732
cout is replaced by n613 with estimated error 8e-05
error = 8e-05
area = 1071
delay = 17.7
#gates = 491
output circuit result/ksa32_21_8e-05_1071_17.7.blif
time = 58239979 us
--------------- round 22 ---------------
seed = 3789815620
[163449] is replaced by n504 with estimated error 8e-05
error = 8e-05
area = 1070
delay = 17.7
#gates = 490
output circuit result/ksa32_22_8e-05_1070_17.7.blif
time = 60701677 us
--------------- round 23 ---------------
seed = 214955114
[163440] is replaced by n505 with estimated error 2e-05
error = 2e-05
area = 1069
delay = 17.7
#gates = 489
output circuit result/ksa32_23_2e-05_1069_17.7.blif
time = 63132656 us
--------------- round 24 ---------------
seed = 1601938285
[162797] is replaced by [162810] with estimated error 4e-05
error = 4e-05
area = 1066
delay = 17.7
#gates = 488
output circuit result/ksa32_24_4e-05_1066_17.7.blif
time = 65542693 us
--------------- round 25 ---------------
seed = 2664350549
[163431] is replaced by n510 with estimated error 5e-05
error = 5e-05
area = 1065
delay = 17.7
#gates = 487
output circuit result/ksa32_25_5e-05_1065_17.7.blif
time = 67912827 us
--------------- round 26 ---------------
seed = 2435409310
[163422] is replaced by n506 with estimated error 3e-05
error = 3e-05
area = 1064
delay = 17.7
#gates = 486
output circuit result/ksa32_26_3e-05_1064_17.7.blif
time = 70260645 us
--------------- round 27 ---------------
seed = 502378501
[162771] is replaced by [162784] with estimated error 8e-05
error = 8e-05
area = 1062
delay = 17.7
#gates = 485
output circuit result/ksa32_27_8e-05_1062_17.7.blif
time = 72584578 us
--------------- round 28 ---------------
seed = 1353762205
[163413] is replaced by n507 with estimated error 9e-05
error = 9e-05
area = 1061
delay = 17.7
#gates = 484
output circuit result/ksa32_28_9e-05_1061_17.7.blif
time = 74906686 us
--------------- round 29 ---------------
seed = 321026469
[163404] is replaced by n498 with estimated error 0.0001
error = 0.0001
area = 1060
delay = 17.7
#gates = 483
output circuit result/ksa32_29_0.0001_1060_17.7.blif
time = 77182543 us
--------------- round 30 ---------------
seed = 458970536
[162745] is replaced by [162758] with estimated error 3e-05
error = 3e-05
area = 1058
delay = 17.7
#gates = 482
output circuit result/ksa32_30_3e-05_1058_17.7.blif
time = 79444296 us
--------------- round 31 ---------------
seed = 2419274608
[163470] is replaced by n491 with estimated error 7e-05
error = 7e-05
area = 1057
delay = 17.7
#gates = 481
output circuit result/ksa32_31_7e-05_1057_17.7.blif
time = 81684307 us
--------------- round 32 ---------------
seed = 799084318
[163391] is replaced by n502 with estimated error 5e-05
error = 5e-05
area = 1056
delay = 17.7
#gates = 480
output circuit result/ksa32_32_5e-05_1056_17.7.blif
time = 83909063 us
--------------- round 33 ---------------
seed = 301794499
[162719] is replaced by [162732] with estimated error 5e-05
error = 5e-05
area = 1054
delay = 17.7
#gates = 479
output circuit result/ksa32_33_5e-05_1054_17.7.blif
time = 86116255 us
--------------- round 34 ---------------
seed = 2476724065
[163382] is replaced by n508 with estimated error 5e-05
error = 5e-05
area = 1053
delay = 17.7
#gates = 478
output circuit result/ksa32_34_5e-05_1053_17.7.blif
time = 88286725 us
--------------- round 35 ---------------
seed = 3775746918
n613 is replaced by [162828] with estimated error 0.00179
error = 0.00179
area = 1045
delay = 17.7
#gates = 474
output circuit result/ksa32_35_0.00179_1045_17.7.blif
time = 90451224 us
--------------- round 36 ---------------
seed = 1958742947
[161157] is replaced by [161166] with estimated error 0.00277
error = 0.00277
area = 1040
delay = 17.7
#gates = 472
output circuit result/ksa32_36_0.00277_1040_17.7.blif
time = 92548056 us
--------------- round 37 ---------------
seed = 1181249998
[162551] is replaced by [162549] with estimated error 0.00368
error = 0.00368
area = 1034
delay = 17.7
#gates = 470
output circuit result/ksa32_37_0.00368_1034_17.7.blif
time = 94627846 us
--------------- round 38 ---------------
seed = 1432486031
[163257] is replaced by [164105] with estimated error 0.00391
error = 0.00391
area = 1033
delay = 17.7
#gates = 469
output circuit result/ksa32_38_0.00391_1033_17.7.blif
time = 96676318 us
--------------- round 39 ---------------
seed = 345131803
[164219] is replaced by [164215] with estimated error 0.00454
error = 0.00454
area = 1029
delay = 17.7
#gates = 467
output circuit result/ksa32_39_0.00454_1029_17.7.blif
time = 98717763 us
--------------- round 40 ---------------
seed = 2275767881
exceed error bound
