abc command read data/library/mcnc.genlib
Entered genlib library with 23 gates from file "data/library/mcnc.genlib".
abc command read_blif data/su/ksa32.blif
Line 11: Skipping line ".default_input_arrival 0.00 0.00 ".
Line 12: Skipping line ".default_output_required 0.00 0.00 ".
Line 13: Skipping line ".default_input_drive 0.10 0.10 ".
Line 14: Skipping line ".default_output_load 2.00 ".
Line 15: Skipping line ".default_max_input_load 999.00 ".
abc command print_stats
[1;37mksa32                         :[0m i/o =   64/   33  lat =    0  nd =   513  edge =   1090  area =1128.00  delay =17.80  lev = 14
--------------- round 1 ---------------
seed = 1092565926
[164347] is replaced by one with estimated error 0
error = 0
area = 1124
delay = 17.8
#gates = 513
output circuit result/ksa32_1_0_1124_17.8.blif
time = 3139256 us
--------------- round 2 ---------------
seed = 3930685096
[164351] is replaced by [164353] with estimated error 0
error = 0
area = 1120
delay = 17.7
#gates = 511
output circuit result/ksa32_2_0_1120_17.7.blif
time = 6052842 us
--------------- round 3 ---------------
seed = 1861955105
[164353] is replaced by [164349] with estimated error 1e-05
error = 1e-05
area = 1116
delay = 17.7
#gates = 509
output circuit result/ksa32_3_1e-05_1116_17.7.blif
time = 8963739 us
--------------- round 4 ---------------
seed = 478178403
[164349] is replaced by one with estimated error 2e-05
error = 2e-05
area = 1112
delay = 17.7
#gates = 507
output circuit result/ksa32_4_2e-05_1112_17.7.blif
time = 11835396 us
--------------- round 5 ---------------
seed = 1943247062
[161059] is replaced by zero with estimated error 6e-05
error = 6e-05
area = 1109
delay = 17.7
#gates = 506
output circuit result/ksa32_5_6e-05_1109_17.7.blif
time = 14581342 us
--------------- round 6 ---------------
seed = 1291067584
[161060] is replaced by zero with estimated error 2e-05
error = 2e-05
area = 1106
delay = 17.7
#gates = 505
output circuit result/ksa32_6_2e-05_1106_17.7.blif
time = 17328793 us
--------------- round 7 ---------------
seed = 2514292168
[161061] is replaced by zero with estimated error 2e-05
error = 2e-05
area = 1103
delay = 17.7
#gates = 504
output circuit result/ksa32_7_2e-05_1103_17.7.blif
time = 20023146 us
--------------- round 8 ---------------
seed = 1042552815
[161062] is replaced by zero with estimated error 3e-05
error = 3e-05
area = 1100
delay = 17.7
#gates = 503
output circuit result/ksa32_8_3e-05_1100_17.7.blif
time = 22697620 us
--------------- round 9 ---------------
seed = 427456221
[164343] is replaced by [164331] with estimated error 3e-05
error = 3e-05
area = 1097
delay = 17.7
#gates = 502
output circuit result/ksa32_9_3e-05_1097_17.7.blif
time = 25343648 us
--------------- round 10 ---------------
seed = 1287030822
[164341] is replaced by one with estimated error 2e-05
error = 2e-05
area = 1094
delay = 17.7
#gates = 501
output circuit result/ksa32_10_2e-05_1094_17.7.blif
time = 27994881 us
--------------- round 11 ---------------
seed = 1005978813
[162831] is replaced by one with estimated error 5e-05
error = 5e-05
area = 1092
delay = 17.7
#gates = 500
output circuit result/ksa32_11_5e-05_1092_17.7.blif
time = 30601560 us
--------------- round 12 ---------------
seed = 2862960552
[164331] is replaced by one with estimated error 0.0001
error = 0.0001
area = 1089
delay = 17.7
#gates = 499
output circuit result/ksa32_12_0.0001_1089_17.7.blif
time = 33210255 us
--------------- round 13 ---------------
seed = 1416474012
[162822] is replaced by one with estimated error 7e-05
error = 7e-05
area = 1087
delay = 17.7
#gates = 498
output circuit result/ksa32_13_7e-05_1087_17.7.blif
time = 35738192 us
--------------- round 14 ---------------
seed = 919931393
[164345] is replaced by one with estimated error 3e-05
error = 3e-05
area = 1084
delay = 17.7
#gates = 497
output circuit result/ksa32_14_3e-05_1084_17.7.blif
time = 38277474 us
--------------- round 15 ---------------
seed = 2639034848
[162809] is replaced by one with estimated error 6e-05
error = 6e-05
area = 1082
delay = 17.7
#gates = 496
output circuit result/ksa32_15_6e-05_1082_17.7.blif
time = 40760466 us
--------------- round 16 ---------------
seed = 927015674
[163413] is replaced by n507 with estimated error 3e-05
error = 3e-05
area = 1081
delay = 17.7
#gates = 495
output circuit result/ksa32_16_3e-05_1081_17.7.blif
time = 43239225 us
--------------- round 17 ---------------
seed = 4233792345
[163470] is replaced by n491 with estimated error 2e-05
error = 2e-05
area = 1080
delay = 17.7
#gates = 494
output circuit result/ksa32_17_2e-05_1080_17.7.blif
time = 45713956 us
--------------- round 18 ---------------
seed = 1793091877
[162796] is replaced by one with estimated error 6e-05
error = 6e-05
area = 1078
delay = 17.7
#gates = 493
output circuit result/ksa32_18_6e-05_1078_17.7.blif
time = 48155816 us
--------------- round 19 ---------------
seed = 1469859803
[163457] is replaced by n503 with estimated error 3e-05
error = 3e-05
area = 1077
delay = 17.7
#gates = 492
output circuit result/ksa32_19_3e-05_1077_17.7.blif
time = 50583373 us
--------------- round 20 ---------------
seed = 1437467179
[162823] is replaced by n494 with inverter with estimated error 6e-05
error = 6e-05
area = 1075
delay = 17.7
#gates = 492
output circuit result/ksa32_20_6e-05_1075_17.7.blif
time = 52977170 us
--------------- round 21 ---------------
seed = 1351463908
cout is replaced by n613 with estimated error 6e-05
error = 6e-05
area = 1072
delay = 17.7
#gates = 491
output circuit result/ksa32_21_6e-05_1072_17.7.blif
time = 55336039 us
--------------- round 22 ---------------
seed = 1618701777
[163373] is replaced by n499 with estimated error 0.0001
error = 0.0001
area = 1071
delay = 17.7
#gates = 490
output circuit result/ksa32_22_0.0001_1071_17.7.blif
time = 57684326 us
--------------- round 23 ---------------
seed = 3615530837
[162693] is replaced by [162706] with estimated error 4e-05
error = 4e-05
area = 1069
delay = 17.7
#gates = 489
output circuit result/ksa32_23_4e-05_1069_17.7.blif
time = 60000331 us
--------------- round 24 ---------------
seed = 2924996167
[163431] is replaced by n510 with estimated error 4e-05
error = 4e-05
area = 1068
delay = 17.7
#gates = 488
output circuit result/ksa32_24_4e-05_1068_17.7.blif
time = 62294063 us
--------------- round 25 ---------------
seed = 179492340
[163382] is replaced by n508 with estimated error 4e-05
error = 4e-05
area = 1067
delay = 17.7
#gates = 487
output circuit result/ksa32_25_4e-05_1067_17.7.blif
time = 64577132 us
--------------- round 26 ---------------
seed = 3130065601
[163391] is replaced by n502 with estimated error 7e-05
error = 7e-05
area = 1066
delay = 17.7
#gates = 486
output circuit result/ksa32_26_7e-05_1066_17.7.blif
time = 66848784 us
--------------- round 27 ---------------
seed = 3640227329
[162719] is replaced by [162732] with estimated error 8e-05
error = 8e-05
area = 1064
delay = 17.7
#gates = 485
output circuit result/ksa32_27_8e-05_1064_17.7.blif
time = 69093892 us
--------------- round 28 ---------------
seed = 499553621
[163422] is replaced by n506 with estimated error 4e-05
error = 4e-05
area = 1063
delay = 17.7
#gates = 484
output circuit result/ksa32_28_4e-05_1063_17.7.blif
time = 71317515 us
--------------- round 29 ---------------
seed = 3779280430
[162771] is replaced by [162784] with estimated error 8e-05
error = 8e-05
area = 1061
delay = 17.7
#gates = 483
output circuit result/ksa32_29_8e-05_1061_17.7.blif
time = 73540638 us
--------------- round 30 ---------------
seed = 3464047833
[163449] is replaced by n504 with estimated error 7e-05
error = 7e-05
area = 1060
delay = 17.7
#gates = 482
output circuit result/ksa32_30_7e-05_1060_17.7.blif
time = 75717391 us
--------------- round 31 ---------------
seed = 2253304772
[163404] is replaced by n498 with estimated error 0.0001
error = 0.0001
area = 1059
delay = 17.7
#gates = 481
output circuit result/ksa32_31_0.0001_1059_17.7.blif
time = 77865833 us
--------------- round 32 ---------------
seed = 3701945159
[162745] is replaced by [162758] with estimated error 3e-05
error = 3e-05
area = 1057
delay = 17.7
#gates = 480
output circuit result/ksa32_32_3e-05_1057_17.7.blif
time = 79994270 us
--------------- round 33 ---------------
seed = 1668219794
[163440] is replaced by n505 with estimated error 6e-05
error = 6e-05
area = 1056
delay = 17.7
#gates = 479
output circuit result/ksa32_33_6e-05_1056_17.7.blif
time = 82101145 us
--------------- round 34 ---------------
seed = 537500913
[162797] is replaced by [162810] with estimated error 9e-05
error = 9e-05
area = 1053
delay = 17.7
#gates = 478
output circuit result/ksa32_34_9e-05_1053_17.7.blif
time = 84179336 us
--------------- round 35 ---------------
seed = 2772327375
[164211] is replaced by [164067] with estimated error 0.00058
error = 0.00058
area = 1049
delay = 17.7
#gates = 476
output circuit result/ksa32_35_0.00058_1049_17.7.blif
time = 86232383 us
--------------- round 36 ---------------
seed = 3410499536
n613 is replaced by [162828] with estimated error 0.00266
error = 0.00266
area = 1041
delay = 17.7
#gates = 472
output circuit result/ksa32_36_0.00266_1041_17.7.blif
time = 88270829 us
--------------- round 37 ---------------
seed = 3054877082
[164237] is replaced by [164233] with estimated error 0.00346
error = 0.00346
area = 1037
delay = 17.7
#gates = 470
output circuit result/ksa32_37_0.00346_1037_17.7.blif
time = 90258746 us
--------------- round 38 ---------------
seed = 511523886
[162551] is replaced by [162549] with estimated error 0.00479
error = 0.00479
area = 1031
delay = 17.7
#gates = 468
output circuit result/ksa32_38_0.00479_1031_17.7.blif
time = 92239399 us
--------------- round 39 ---------------
seed = 3387629293
[163257] is replaced by [164105] with estimated error 0.00437
error = 0.00437
area = 1030
delay = 17.7
#gates = 467
output circuit result/ksa32_39_0.00437_1030_17.7.blif
time = 94189213 us
--------------- round 40 ---------------
seed = 2697713926
[164207] is replaced by [164201] with estimated error 0.00467
error = 0.00467
area = 1026
delay = 17.7
#gates = 465
output circuit result/ksa32_40_0.00467_1026_17.7.blif
time = 96141697 us
--------------- round 41 ---------------
seed = 1644542625
[164219] is replaced by [164215] with estimated error 0.00582
error = 0.00582
area = 1022
delay = 17.7
#gates = 463
output circuit result/ksa32_41_0.00582_1022_17.7.blif
time = 98076904 us
--------------- round 42 ---------------
seed = 172493222
[162562] is replaced by [162560] with estimated error 0.0065
error = 0.0065
area = 1016
delay = 17.7
#gates = 461
output circuit result/ksa32_42_0.0065_1016_17.7.blif
time = 99997043 us
--------------- round 43 ---------------
seed = 197252088
[163267] is replaced by [164102] with estimated error 0.00673
error = 0.00673
area = 1015
delay = 17.7
#gates = 460
output circuit result/ksa32_43_0.00673_1015_17.7.blif
time = 101889214 us
--------------- round 44 ---------------
seed = 1633689261
[161157] is replaced by [161166] with estimated error 0.00765
error = 0.00765
area = 1010
delay = 17.7
#gates = 458
output circuit result/ksa32_44_0.00765_1010_17.7.blif
time = 103778168 us
--------------- round 45 ---------------
seed = 971149650
[162573] is replaced by [162571] with estimated error 0.00925
error = 0.00925
area = 1003
delay = 17.7
#gates = 455
output circuit result/ksa32_45_0.00925_1003_17.7.blif
time = 105648183 us
--------------- round 46 ---------------
seed = 1982405617
[164229] is replaced by [164223] with estimated error 0.0095
error = 0.0095
area = 999
delay = 17.7
#gates = 453
output circuit result/ksa32_46_0.0095_999_17.7.blif
time = 107479646 us
--------------- round 47 ---------------
seed = 1613248962
[162584] is replaced by [162582] with estimated error 0.01018
error = 0.01018
area = 993
delay = 17.7
#gates = 451
output circuit result/ksa32_47_0.01018_993_17.7.blif
time = 109295755 us
--------------- round 48 ---------------
seed = 557274970
[163287] is replaced by [164096] with estimated error 0.01085
error = 0.01085
area = 992
delay = 17.7
#gates = 450
output circuit result/ksa32_48_0.01085_992_17.7.blif
time = 111089670 us
--------------- round 49 ---------------
seed = 3494942327
[161154] is replaced by [161158] with estimated error 0.01141
error = 0.01141
area = 987
delay = 15.9
#gates = 448
output circuit result/ksa32_49_0.01141_987_15.9.blif
time = 112893907 us
--------------- round 50 ---------------
seed = 1270879163
[161158] is replaced by [161166] with estimated error 0.01221
error = 0.01221
area = 982
delay = 15.9
#gates = 446
output circuit result/ksa32_50_0.01221_982_15.9.blif
time = 114658484 us
--------------- round 51 ---------------
seed = 808491022
[164165] is replaced by zero with estimated error 0.01314
error = 0.01314
area = 978
delay = 15.9
#gates = 444
output circuit result/ksa32_51_0.01314_978_15.9.blif
time = 116400609 us
--------------- round 52 ---------------
seed = 3031830119
[164195] is replaced by [162677] with inverter with estimated error 0.01361
error = 0.01361
area = 975
delay = 15.9
#gates = 443
output circuit result/ksa32_52_0.01361_975_15.9.blif
time = 118128316 us
--------------- round 53 ---------------
seed = 3250673030
[164161] is replaced by zero with estimated error 0.01484
error = 0.01484
area = 971
delay = 15.9
#gates = 441
output circuit result/ksa32_53_0.01484_971_15.9.blif
time = 119849477 us
--------------- round 54 ---------------
seed = 2598483617
[164153] is replaced by zero with estimated error 0.01494
error = 0.01494
area = 967
delay = 15.9
#gates = 439
output circuit result/ksa32_54_0.01494_967_15.9.blif
time = 121549465 us
--------------- round 55 ---------------
seed = 892274928
[164157] is replaced by zero with estimated error 0.01542
error = 0.01542
area = 963
delay = 15.9
#gates = 437
output circuit result/ksa32_55_0.01542_963_15.9.blif
time = 123232023 us
--------------- round 56 ---------------
seed = 3411679698
n614 is replaced by zero with estimated error 0.01626
error = 0.01626
area = 962
delay = 15.9
#gates = 436
output circuit result/ksa32_56_0.01626_962_15.9.blif
time = 124900835 us
--------------- round 57 ---------------
seed = 1907431579
[161166] is replaced by zero with estimated error 0.01748
error = 0.01748
area = 957
delay = 15.4
#gates = 434
output circuit result/ksa32_57_0.01748_957_15.4.blif
time = 126577361 us
--------------- round 58 ---------------
seed = 985308398
[164233] is replaced by zero with estimated error 0.01904
error = 0.01904
area = 953
delay = 15.4
#gates = 432
output circuit result/ksa32_58_0.01904_953_15.4.blif
time = 128122608 us
--------------- round 59 ---------------
seed = 2863837324
[162810] is replaced by [162806] with estimated error 0.01901
error = 0.01901
area = 950
delay = 15.4
#gates = 431
output circuit result/ksa32_59_0.01901_950_15.4.blif
time = 129669255 us
--------------- round 60 ---------------
seed = 1887392071
[164201] is replaced by zero with estimated error 0.01954
error = 0.01954
area = 946
delay = 15.4
#gates = 429
output circuit result/ksa32_60_0.01954_946_15.4.blif
time = 131146900 us
--------------- round 61 ---------------
seed = 552512977
[162706] is replaced by [162702] with estimated error 0.01946
error = 0.01946
area = 944
delay = 15.4
#gates = 428
output circuit result/ksa32_61_0.01946_944_15.4.blif
time = 132619509 us
--------------- round 62 ---------------
seed = 2055015548
[164067] is replaced by zero with estimated error 0.02073
error = 0.02073
area = 940
delay = 15.4
#gates = 426
output circuit result/ksa32_62_0.02073_940_15.4.blif
time = 134060922 us
--------------- round 63 ---------------
seed = 2537630167
[162732] is replaced by [162728] with estimated error 0.02148
error = 0.02148
area = 938
delay = 15.4
#gates = 425
output circuit result/ksa32_63_0.02148_938_15.4.blif
time = 135493769 us
--------------- round 64 ---------------
seed = 2599067733
[164215] is replaced by zero with estimated error 0.02155
error = 0.02155
area = 934
delay = 15.4
#gates = 423
output circuit result/ksa32_64_0.02155_934_15.4.blif
time = 136907416 us
--------------- round 65 ---------------
seed = 2263926677
[162758] is replaced by [162754] with estimated error 0.02237
error = 0.02237
area = 932
delay = 15.4
#gates = 422
output circuit result/ksa32_65_0.02237_932_15.4.blif
time = 138297739 us
--------------- round 66 ---------------
seed = 462835549
[164223] is replaced by zero with estimated error 0.02415
error = 0.02415
area = 928
delay = 15.4
#gates = 420
output circuit result/ksa32_66_0.02415_928_15.4.blif
time = 139680410 us
--------------- round 67 ---------------
seed = 1540859847
[162784] is replaced by [162780] with estimated error 0.02383
error = 0.02383
area = 926
delay = 15.4
#gates = 419
output circuit result/ksa32_67_0.02383_926_15.4.blif
time = 141036560 us
--------------- round 68 ---------------
seed = 4040596915
exceed error bound
