abc command read data/library/mcnc.genlib
Entered genlib library with 23 gates from file "data/library/mcnc.genlib".
abc command read_blif data/su/rca32.blif
abc command print_stats
[1;37mrca32                         :[0m i/o =   64/   33  lat =    0  nd =   298  edge =    585  area =666.00  delay =16.10  lev = 12
--------------- round 1 ---------------
seed = 3651245589
n356 is replaced by zero with estimated error 0.00013
error = 0.00013
area = 661
delay = 16
#gates = 298
output circuit result/rca32_1_0.00013_661_16.blif
time = 1327014 us
--------------- round 2 ---------------
seed = 2770016557
n242 is replaced by one with estimated error 0.00215
error = 0.00215
area = 656
delay = 16
#gates = 296
output circuit result/rca32_2_0.00215_656_16.blif
time = 2349268 us
--------------- round 3 ---------------
seed = 484886461
n320 is replaced by zero with estimated error 0.00359
error = 0.00359
area = 654
delay = 16
#gates = 295
output circuit result/rca32_3_0.00359_654_16.blif
time = 3209109 us
--------------- round 4 ---------------
seed = 2942607729
n358 is replaced by n334 with estimated error 0.01988
error = 0.01988
area = 651
delay = 16
#gates = 294
output circuit result/rca32_4_0.01988_651_16.blif
time = 4061495 us
--------------- round 5 ---------------
seed = 4258373772
exceed error bound
