abc command read data/library/mcnc.genlib
Entered genlib library with 23 gates from file "data/library/mcnc.genlib".
abc command read_blif data/su/cla32.blif
Line 11: Skipping line ".default_input_arrival 0.00 0.00 ".
Line 12: Skipping line ".default_output_required 0.00 0.00 ".
Line 13: Skipping line ".default_input_drive 0.10 0.10 ".
Line 14: Skipping line ".default_output_load 2.00 ".
Line 15: Skipping line ".default_max_input_load 999.00 ".
abc command print_stats
[1;37mcla32                         :[0m i/o =   64/   33  lat =    0  nd =   419  edge =    952  area =958.00  delay =38.50  lev = 27
--------------- round 1 ---------------
seed = 2111048207
maxLevel = 2
n503 is replaced by n491 with estimated error 0
error = 0
area = 928
delay = 38.5
#gates = 409
output circuit appNtk/cla32_1_0_928_38.5.blif
time = 8051755 us
--------------- round 2 ---------------
seed = 4164885215
maxLevel = 2
n388 is replaced by n413 with estimated error 0
error = 0
area = 918
delay = 38.5
#gates = 405
output circuit appNtk/cla32_2_0_918_38.5.blif
time = 13637504 us
--------------- round 3 ---------------
seed = 3850288462
maxLevel = 2
n474 is replaced by n463 with estimated error 1e-05
error = 1e-05
area = 913
delay = 36.1
#gates = 403
output circuit appNtk/cla32_3_1e-05_913_36.1.blif
time = 15410644 us
--------------- round 4 ---------------
