abc command read data/library/mcnc.genlib
Entered genlib library with 23 gates from file "data/library/mcnc.genlib".
abc command read_blif data/su/c880.blif
Line 12: Skipping line ".default_input_arrival 0.00 0.00 ".
Line 13: Skipping line ".default_output_required 0.00 0.00 ".
Line 14: Skipping line ".default_input_drive 0.10 0.10 ".
Line 15: Skipping line ".default_output_load 2.00 ".
Line 16: Skipping line ".default_max_input_load 999.00 ".
abc command print_stats
[1;37mc880                          :[0m i/o =   60/   26  lat =    0  nd =   224  edge =    542  area =585.00  delay =24.90  lev = 18
--------------- round 1 ---------------
seed = 1386017715
[37789] is replaced by one with estimated error 0.00073
error = 0.00073
area = 577
delay = 24.9
#gates = 223
output circuit result/c880_1_0.00073_577_24.9.blif
time = 1016095 us
--------------- round 2 ---------------
seed = 1999662822
[38379] is replaced by one with estimated error 0.00082
error = 0.00082
area = 575
delay = 24.9
#gates = 222
output circuit result/c880_2_0.00082_575_24.9.blif
time = 1873511 us
--------------- round 3 ---------------
seed = 256939444
[38447] is replaced by zero with estimated error 0.00055
error = 0.00055
area = 574
delay = 24.9
#gates = 221
output circuit result/c880_3_0.00055_574_24.9.blif
time = 2730065 us
--------------- round 4 ---------------
seed = 1327145659
[38864] is replaced by one with estimated error 0.00298
error = 0.00298
area = 568
delay = 24.9
#gates = 218
output circuit result/c880_4_0.00298_568_24.9.blif
time = 3591611 us
--------------- round 5 ---------------
seed = 1919425600
[38719] is replaced by one with estimated error 0.00483
error = 0.00483
area = 559
delay = 24.9
#gates = 214
output circuit result/c880_5_0.00483_559_24.9.blif
time = 4418031 us
--------------- round 6 ---------------
seed = 531049565
G294gat is replaced by zero with estimated error 0.00983
error = 0.00983
area = 555
delay = 24.9
#gates = 212
output circuit result/c880_6_0.00983_555_24.9.blif
time = 5197838 us
--------------- round 7 ---------------
seed = 288051473
exceed error bound
