abc command read data/library/mcnc.genlib
Entered genlib library with 23 gates from file "data/library/mcnc.genlib".
abc command read_blif data/su/rca32.blif
abc command print_stats
[1;37mrca32                         :[0m i/o =   64/   33  lat =    0  nd =   298  edge =    585  area =666.00  delay =16.10  lev = 12
--------------- round 1 ---------------
seed = 2543264723
n356 is replaced by zero with estimated error 0.00014
error = 0.00014
area = 661
delay = 16
#gates = 298
output circuit result/rca32_1_0.00014_661_16.blif
time = 1313530 us
--------------- round 2 ---------------
seed = 3778791326
n242 is replaced by one with estimated error 0.00195
error = 0.00195
area = 656
delay = 16
#gates = 296
output circuit result/rca32_2_0.00195_656_16.blif
time = 2330023 us
--------------- round 3 ---------------
seed = 2533210554
n320 is replaced by zero with estimated error 0.00373
error = 0.00373
area = 654
delay = 16
#gates = 295
output circuit result/rca32_3_0.00373_654_16.blif
time = 3178543 us
--------------- round 4 ---------------
seed = 4025606408
exceed error bound
