abc command read data/library/mcnc.genlib
Entered genlib library with 23 gates from file "data/library/mcnc.genlib".
abc command read_blif data/su/wal8.blif
Line 9: Skipping line ".default_input_arrival 0.00 0.00 ".
Line 10: Skipping line ".default_output_required 0.00 0.00 ".
Line 11: Skipping line ".default_input_drive 0.10 0.10 ".
Line 12: Skipping line ".default_output_load 2.00 ".
Line 13: Skipping line ".default_max_input_load 999.00 ".
abc command print_stats
[1;37mwal8                          :[0m i/o =   16/   16  lat =    0  nd =   490  edge =   1058  area =1081.00  delay =45.30  lev = 36
--------------- round 1 ---------------
seed = 3598882077
[175875] is replaced by [176013] with estimated error 0
error = 0
area = 1078
delay = 44.7
#gates = 491
output circuit result/wal8_1_0_1078_44.7.blif
time = 6163415 us
--------------- round 2 ---------------
seed = 3241198846
[174797] is replaced by [176053] with estimated error 0
error = 0
area = 1075
delay = 44.1
#gates = 490
output circuit result/wal8_2_0_1075_44.1.blif
time = 12173206 us
--------------- round 3 ---------------
seed = 1746288422
[176023] is replaced by [175604] with estimated error 0
error = 0
area = 1073
delay = 44.1
#gates = 489
output circuit result/wal8_3_0_1073_44.1.blif
time = 18135747 us
--------------- round 4 ---------------
seed = 1011090687
[174151] is replaced by n312 with inverter with estimated error 0
error = 0
area = 1071
delay = 44.1
#gates = 489
output circuit result/wal8_4_0_1071_44.1.blif
time = 24062455 us
--------------- round 5 ---------------
seed = 2619695452
[174314] is replaced by n382 with inverter with estimated error 0
error = 0
area = 1069
delay = 44.1
#gates = 489
output circuit result/wal8_5_0_1069_44.1.blif
time = 30031013 us
--------------- round 6 ---------------
seed = 1937604400
[176137] is replaced by [175759] with estimated error 0
error = 0
area = 1067
delay = 44.1
#gates = 488
output circuit result/wal8_6_0_1067_44.1.blif
time = 35980853 us
--------------- round 7 ---------------
seed = 2733148025
[175969] is replaced by [174846] with estimated error 0
error = 0
area = 1065
delay = 44.1
#gates = 487
output circuit result/wal8_7_0_1065_44.1.blif
time = 41919593 us
--------------- round 8 ---------------
seed = 2725035163
[174713] is replaced by [174337] with estimated error 0
error = 0
area = 1063
delay = 43.1
#gates = 486
output circuit result/wal8_8_0_1063_43.1.blif
time = 47856819 us
--------------- round 9 ---------------
seed = 1859125456
n108 is replaced by [174200] with inverter with estimated error 0
error = 0
area = 1061
delay = 43.1
#gates = 485
output circuit result/wal8_9_0_1061_43.1.blif
time = 53750241 us
--------------- round 10 ---------------
seed = 2813054509
n109 is replaced by [174183] with inverter with estimated error 0
error = 0
area = 1059
delay = 43.1
#gates = 484
output circuit result/wal8_10_0_1059_43.1.blif
time = 59642693 us
--------------- round 11 ---------------
seed = 4208044930
[174261] is replaced by [175768] with estimated error 0
error = 0
area = 1057
delay = 43.1
#gates = 483
output circuit result/wal8_11_0_1057_43.1.blif
time = 65502361 us
--------------- round 12 ---------------
seed = 2384743447
[175953] is replaced by [174864] with estimated error 0
error = 0
area = 1055
delay = 43.1
#gates = 482
output circuit result/wal8_12_0_1055_43.1.blif
time = 71360071 us
--------------- round 13 ---------------
seed = 4064957503
[174867] is replaced by [175015] with estimated error 0
error = 0
area = 1053
delay = 43.1
#gates = 481
output circuit result/wal8_13_0_1053_43.1.blif
time = 77177486 us
--------------- round 14 ---------------
seed = 3175150697
[174657] is replaced by [174226] with estimated error 0
error = 0
area = 1052
delay = 43.1
#gates = 480
output circuit result/wal8_14_0_1052_43.1.blif
time = 82993624 us
--------------- round 15 ---------------
seed = 490013844
[174710] is replaced by [174339] with estimated error 0
error = 0
area = 1051
delay = 43.1
#gates = 479
output circuit result/wal8_15_0_1051_43.1.blif
time = 88790461 us
--------------- round 16 ---------------
seed = 2891961132
[174849] is replaced by [174333] with estimated error 5e-05
error = 5e-05
area = 1049
delay = 43.1
#gates = 478
output circuit result/wal8_16_5e-05_1049_43.1.blif
time = 94556681 us
--------------- round 17 ---------------
seed = 1074941631
[174799] is replaced by [174274] with estimated error 0.00129
error = 0.00129
area = 1047
delay = 43.1
#gates = 477
output circuit result/wal8_17_0.00129_1047_43.1.blif
time = 100304021 us
--------------- round 18 ---------------
seed = 1529839871
exceed error bound
