abc command read data/library/mcnc.genlib
Entered genlib library with 23 gates from file "data/library/mcnc.genlib".
abc command read_blif data/su/alu4.blif
abc command print_stats
[1;37malu4                          :[0m i/o =   14/    8  lat =    0  nd =  1114  edge =   2789  area =2798.00  delay =12.70  lev = 11
--------------- round 1 ---------------
seed = 966017734
maxLevel = 2
n688 is replaced by n305 with estimated error 0
error = 0
area = 2793
delay = 12.7
#gates = 1114
output circuit appNtk/alu4_1_0_2793_12.7.blif
time = 40663981 us
--------------- round 2 ---------------
seed = 3786957015
maxLevel = 2
n900 is replaced by n1129 with estimated error 0
error = 0
area = 2789
delay = 12.7
#gates = 1112
output circuit appNtk/alu4_2_0_2789_12.7.blif
time = 78830615 us
--------------- round 3 ---------------
seed = 315733544
maxLevel = 2
n441 is replaced by n1115 with estimated error 0
error = 0
area = 2786
delay = 12.7
#gates = 1111
output circuit appNtk/alu4_3_0_2786_12.7.blif
time = 115734063 us
--------------- round 4 ---------------
seed = 2595385343
maxLevel = 2
n1106 is replaced by n1059 with estimated error 0
error = 0
area = 2783
delay = 12.7
#gates = 1110
output circuit appNtk/alu4_4_0_2783_12.7.blif
time = 153264034 us
--------------- round 5 ---------------
seed = 154648000
maxLevel = 2
n409 is replaced by n770 with estimated error 0
error = 0
area = 2780
delay = 12.7
#gates = 1109
output circuit appNtk/alu4_5_0_2780_12.7.blif
time = 190521577 us
--------------- round 6 ---------------
seed = 934710362
maxLevel = 2
n854 is replaced by n993 with estimated error 0
error = 0
area = 2777
delay = 12.7
#gates = 1107
output circuit appNtk/alu4_6_0_2777_12.7.blif
time = 227617373 us
--------------- round 7 ---------------
seed = 3136447653
maxLevel = 2
n569 is replaced by one with estimated error 5e-05
error = 5e-05
area = 2774
delay = 12.7
#gates = 1106
output circuit appNtk/alu4_7_5e-05_2774_12.7.blif
time = 264659568 us
--------------- round 8 ---------------
seed = 2111164681
maxLevel = 2
n659 is replaced by n611 with estimated error 5e-05
error = 5e-05
area = 2772
delay = 12.7
#gates = 1105
output circuit appNtk/alu4_8_5e-05_2772_12.7.blif
time = 299217974 us
--------------- round 9 ---------------
seed = 1306467321
maxLevel = 2
n858 is replaced by one with estimated error 4e-05
error = 4e-05
area = 2768
delay = 12.7
#gates = 1104
output circuit appNtk/alu4_9_4e-05_2768_12.7.blif
time = 332230268 us
--------------- round 10 ---------------
seed = 3327198740
maxLevel = 2
n108 is replaced by n39 with estimated error 4e-05
error = 4e-05
area = 2766
delay = 12.7
#gates = 1103
output circuit appNtk/alu4_10_4e-05_2766_12.7.blif
time = 364989929 us
--------------- round 11 ---------------
seed = 4034144237
maxLevel = 2
n325 is replaced by n286 with estimated error 4e-05
error = 4e-05
area = 2764
delay = 12.7
#gates = 1102
output circuit appNtk/alu4_11_4e-05_2764_12.7.blif
time = 389209553 us
--------------- round 12 ---------------
seed = 4099571038
maxLevel = 2
n588 is replaced by n327 with estimated error 0.0001
error = 0.0001
area = 2762
delay = 12.7
#gates = 1101
output circuit appNtk/alu4_12_0.0001_2762_12.7.blif
time = 409495780 us
--------------- round 13 ---------------
seed = 424783531
maxLevel = 2
n996 is replaced by n508 with estimated error 3e-05
error = 3e-05
area = 2760
delay = 12.7
#gates = 1100
output circuit appNtk/alu4_13_3e-05_2760_12.7.blif
time = 426399512 us
--------------- round 14 ---------------
seed = 3900070235
maxLevel = 2
n292 is replaced by n574 with estimated error 0.00011
error = 0.00011
area = 2758
delay = 12.7
#gates = 1099
output circuit appNtk/alu4_14_0.00011_2758_12.7.blif
time = 444513120 us
--------------- round 15 ---------------
seed = 178577270
maxLevel = 2
n967 is replaced by n345 with estimated error 8e-05
error = 8e-05
area = 2756
delay = 12.7
#gates = 1098
output circuit appNtk/alu4_15_8e-05_2756_12.7.blif
time = 463062985 us
--------------- round 16 ---------------
seed = 3948078566
maxLevel = 2
n843 is replaced by one with estimated error 0.00019
error = 0.00019
area = 2752
delay = 12.7
#gates = 1097
output circuit appNtk/alu4_16_0.00019_2752_12.7.blif
time = 482736691 us
--------------- round 17 ---------------
seed = 2594218296
maxLevel = 2
n799 is replaced by n797 with estimated error 0.00019
error = 0.00019
area = 2751
delay = 12.7
#gates = 1096
output circuit appNtk/alu4_17_0.00019_2751_12.7.blif
time = 497402533 us
--------------- round 18 ---------------
seed = 797400833
maxLevel = 2
n334 is replaced by n408 with estimated error 0.00021
error = 0.00021
area = 2750
delay = 12.7
#gates = 1095
output circuit appNtk/alu4_18_0.00021_2750_12.7.blif
time = 512601410 us
--------------- round 19 ---------------
seed = 1740433113
maxLevel = 2
n469 is replaced by one with estimated error 0.00033
error = 0.00033
area = 2742
delay = 12.7
#gates = 1092
output circuit appNtk/alu4_19_0.00033_2742_12.7.blif
time = 528020463 us
--------------- round 20 ---------------
seed = 3090667750
maxLevel = 2
n995 is replaced by one with estimated error 0.00031
error = 0.00031
area = 2739
delay = 12.7
#gates = 1091
output circuit appNtk/alu4_20_0.00031_2739_12.7.blif
time = 542376787 us
--------------- round 21 ---------------
seed = 3425728410
maxLevel = 2
n1127 is replaced by one with estimated error 0.00041
error = 0.00041
area = 2734
delay = 12.7
#gates = 1089
output circuit appNtk/alu4_21_0.00041_2734_12.7.blif
time = 556709032 us
--------------- round 22 ---------------
seed = 514184419
maxLevel = 2
n339 is replaced by n311 with estimated error 0.00044
error = 0.00044
area = 2731
delay = 12.7
#gates = 1088
output circuit appNtk/alu4_22_0.00044_2731_12.7.blif
time = 571463098 us
--------------- round 23 ---------------
seed = 3882045219
maxLevel = 2
n496 is replaced by one with estimated error 0.00051
error = 0.00051
area = 2728
delay = 12.7
#gates = 1087
output circuit appNtk/alu4_23_0.00051_2728_12.7.blif
time = 586586202 us
--------------- round 24 ---------------
seed = 1728586278
maxLevel = 2
n510 is replaced by one with estimated error 0.00058
error = 0.00058
area = 2725
delay = 12.7
#gates = 1086
output circuit appNtk/alu4_24_0.00058_2725_12.7.blif
time = 599743166 us
--------------- round 25 ---------------
seed = 2941146890
maxLevel = 2
n513 is replaced by one with estimated error 0.0007
error = 0.0007
area = 2722
delay = 12.7
#gates = 1085
output circuit appNtk/alu4_25_0.0007_2722_12.7.blif
time = 619006983 us
--------------- round 26 ---------------
seed = 64129229
maxLevel = 2
n476 is replaced by one with estimated error 0.00078
error = 0.00078
area = 2705
delay = 12.7
#gates = 1080
output circuit appNtk/alu4_26_0.00078_2705_12.7.blif
time = 637748952 us
--------------- round 27 ---------------
seed = 3868875814
maxLevel = 2
n560 is replaced by n134 with estimated error 0.00098
error = 0.00098
area = 2701
delay = 12.7
#gates = 1079
output circuit appNtk/alu4_27_0.00098_2701_12.7.blif
time = 657838767 us
--------------- round 28 ---------------
seed = 3713814672
maxLevel = 2
n572 is replaced by zero with estimated error 0.00094
error = 0.00094
area = 2699
delay = 12.7
#gates = 1078
output circuit appNtk/alu4_28_0.00094_2699_12.7.blif
time = 686539719 us
--------------- round 29 ---------------
seed = 2523716100
maxLevel = 2
n289 is replaced by n485 with estimated error 0.00102
error = 0.00102
area = 2696
delay = 12.7
#gates = 1077
output circuit appNtk/alu4_29_0.00102_2696_12.7.blif
time = 713020605 us
--------------- round 30 ---------------
seed = 2195815404
maxLevel = 2
n485 is replaced by n487 with estimated error 0.00117
error = 0.00117
area = 2693
delay = 12.7
#gates = 1076
output circuit appNtk/alu4_30_0.00117_2693_12.7.blif
time = 733991225 us
--------------- round 31 ---------------
seed = 3434452973
maxLevel = 2
n486 is replaced by zero with estimated error 0.00132
error = 0.00138
area = 2690
delay = 12.7
#gates = 1075
output circuit appNtk/alu4_31_0.00138_2690_12.7.blif
time = 755646944 us
--------------- round 32 ---------------
seed = 1193029544
maxLevel = 2
n507 is replaced by n1077 with estimated error 0.00118
error = 0.00118
area = 2675
delay = 12.7
#gates = 1069
output circuit appNtk/alu4_32_0.00118_2675_12.7.blif
time = 774945245 us
--------------- round 33 ---------------
seed = 1976218360
maxLevel = 2
n489 is replaced by one with estimated error 0.00143
error = 0.00143
area = 2669
delay = 12.7
#gates = 1067
output circuit appNtk/alu4_33_0.00143_2669_12.7.blif
time = 798779323 us
--------------- round 34 ---------------
seed = 4005308880
maxLevel = 2
n928 is replaced by one with estimated error 0.00134
error = 0.00134
area = 2665
delay = 12.7
#gates = 1066
output circuit appNtk/alu4_34_0.00134_2665_12.7.blif
time = 822360752 us
--------------- round 35 ---------------
seed = 107317774
maxLevel = 2
n487 is replaced by one with estimated error 0.0013
error = 0.0013
area = 2662
delay = 12.7
#gates = 1065
output circuit appNtk/alu4_35_0.0013_2662_12.7.blif
time = 844801788 us
--------------- round 36 ---------------
seed = 4007529993
maxLevel = 2
n635 is replaced by one with estimated error 0.00118
error = 0.00118
area = 2658
delay = 12.7
#gates = 1064
output circuit appNtk/alu4_36_0.00118_2658_12.7.blif
time = 863425548 us
--------------- round 37 ---------------
seed = 1557562252
maxLevel = 2
n883 is replaced by one with estimated error 0.00141
error = 0.00141
area = 2654
delay = 12.7
#gates = 1063
output circuit appNtk/alu4_37_0.00141_2654_12.7.blif
time = 879260639 us
--------------- round 38 ---------------
seed = 3718916018
maxLevel = 2
n1004 is replaced by one with estimated error 0.00131
error = 0.00131
area = 2651
delay = 12.7
#gates = 1062
output circuit appNtk/alu4_38_0.00131_2651_12.7.blif
time = 896938746 us
--------------- round 39 ---------------
seed = 927062165
maxLevel = 2
n562 is replaced by one with estimated error 0.00153
error = 0.00153
area = 2642
delay = 12.7
#gates = 1059
output circuit appNtk/alu4_39_0.00153_2642_12.7.blif
time = 917511432 us
--------------- round 40 ---------------
seed = 3301033194
maxLevel = 2
n613 is replaced by n160 with estimated error 0.0017
error = 0.0017
area = 2640
delay = 12.7
#gates = 1058
output circuit appNtk/alu4_40_0.0017_2640_12.7.blif
time = 935285133 us
--------------- round 41 ---------------
seed = 2685927138
maxLevel = 2
n949 is replaced by one with estimated error 0.00172
error = 0.00172
area = 2637
delay = 12.7
#gates = 1057
output circuit appNtk/alu4_41_0.00172_2637_12.7.blif
time = 953158771 us
--------------- round 42 ---------------
seed = 132977691
maxLevel = 2
n940 is replaced by zero with estimated error 0.00174
error = 0.00174
area = 2633
delay = 12.7
#gates = 1056
output circuit appNtk/alu4_42_0.00174_2633_12.7.blif
time = 969248167 us
--------------- round 43 ---------------
seed = 1257877819
maxLevel = 2
n547 is replaced by one with estimated error 0.00179
error = 0.00179
area = 2631
delay = 12.7
#gates = 1055
output circuit appNtk/alu4_43_0.00179_2631_12.7.blif
time = 984267359 us
--------------- round 44 ---------------
seed = 1177569890
maxLevel = 2
n986 is replaced by zero with estimated error 0.00202
error = 0.00202
area = 2629
delay = 12.7
#gates = 1054
output circuit appNtk/alu4_44_0.00202_2629_12.7.blif
time = 1001771247 us
--------------- round 45 ---------------
seed = 898392426
maxLevel = 2
n896 is replaced by zero with estimated error 0.00188
error = 0.00188
area = 2626
delay = 12.7
#gates = 1053
output circuit appNtk/alu4_45_0.00188_2626_12.7.blif
time = 1019524990 us
--------------- round 46 ---------------
seed = 3159090245
maxLevel = 2
n465 is replaced by one with estimated error 0.00206
error = 0.00206
area = 2619
delay = 12.7
#gates = 1050
output circuit appNtk/alu4_46_0.00206_2619_12.7.blif
time = 1035782748 us
--------------- round 47 ---------------
seed = 484010210
maxLevel = 2
n614 is replaced by n641 with estimated error 0.00214
error = 0.00214
area = 2616
delay = 12.7
#gates = 1049
output circuit appNtk/alu4_47_0.00214_2616_12.7.blif
time = 1054646894 us
--------------- round 48 ---------------
seed = 1628570733
maxLevel = 2
n901 is replaced by one with estimated error 0.00226
error = 0.00226
area = 2610
delay = 12.7
#gates = 1047
output circuit appNtk/alu4_48_0.00226_2610_12.7.blif
time = 1068201483 us
--------------- round 49 ---------------
seed = 2628037332
maxLevel = 2
n316 is replaced by one with estimated error 0.0024
error = 0.0024
area = 2607
delay = 12.7
#gates = 1046
output circuit appNtk/alu4_49_0.0024_2607_12.7.blif
time = 1080703005 us
--------------- round 50 ---------------
seed = 1652015803
maxLevel = 2
n1023 is replaced by n350 with estimated error 0.00277
error = 0.00277
area = 2604
delay = 12.7
#gates = 1044
output circuit appNtk/alu4_50_0.00277_2604_12.7.blif
time = 1096396119 us
--------------- round 51 ---------------
seed = 3657650284
maxLevel = 2
n240 is replaced by zero with estimated error 0.00261
error = 0.00261
area = 2602
delay = 12.7
#gates = 1043
output circuit appNtk/alu4_51_0.00261_2602_12.7.blif
time = 1111316828 us
--------------- round 52 ---------------
seed = 989900919
maxLevel = 2
n629 is replaced by one with estimated error 0.0025
error = 0.0025
area = 2599
delay = 12.7
#gates = 1042
output circuit appNtk/alu4_52_0.0025_2599_12.7.blif
time = 1127329351 us
--------------- round 53 ---------------
seed = 1605247642
maxLevel = 2
n950 is replaced by one with estimated error 0.00218
error = 0.00218
area = 2597
delay = 12.7
#gates = 1041
output circuit appNtk/alu4_53_0.00218_2597_12.7.blif
time = 1141251377 us
--------------- round 54 ---------------
seed = 463118549
maxLevel = 2
n379 is replaced by one with estimated error 0.00273
error = 0.00273
area = 2595
delay = 12.7
#gates = 1040
output circuit appNtk/alu4_54_0.00273_2595_12.7.blif
time = 1152675095 us
--------------- round 55 ---------------
seed = 804386795
maxLevel = 2
n1026 is replaced by one with estimated error 0.00283
error = 0.00283
area = 2592
delay = 12.7
#gates = 1039
output circuit appNtk/alu4_55_0.00283_2592_12.7.blif
time = 1164237269 us
--------------- round 56 ---------------
seed = 2413779219
maxLevel = 2
n404 is replaced by one with estimated error 0.00278
error = 0.00278
area = 2579
delay = 12.7
#gates = 1034
output circuit appNtk/alu4_56_0.00278_2579_12.7.blif
time = 1176091093 us
--------------- round 57 ---------------
seed = 3068796728
maxLevel = 2
n640 is replaced by n1042 with estimated error 0.00286
error = 0.00286
area = 2573
delay = 12.7
#gates = 1032
output circuit appNtk/alu4_57_0.00286_2573_12.7.blif
time = 1187553855 us
--------------- round 58 ---------------
seed = 1646023611
maxLevel = 2
n1055 is replaced by n770 with estimated error 0.00287
error = 0.00287
area = 2562
delay = 12.7
#gates = 1028
output circuit appNtk/alu4_58_0.00287_2562_12.7.blif
time = 1199117344 us
--------------- round 59 ---------------
seed = 1173915882
maxLevel = 2
n941 is replaced by one with estimated error 0.003
error = 0.003
area = 2554
delay = 12.7
#gates = 1025
output circuit appNtk/alu4_59_0.003_2554_12.7.blif
time = 1210448230 us
--------------- round 60 ---------------
seed = 3198819077
maxLevel = 2
n931 is replaced by n929 with estimated error 0.00329
error = 0.00329
area = 2548
delay = 12.7
#gates = 1022
output circuit appNtk/alu4_60_0.00329_2548_12.7.blif
time = 1221585045 us
--------------- round 61 ---------------
seed = 238516373
maxLevel = 2
n300 is replaced by n67 with estimated error 0.0033
error = 0.0033
area = 2545
delay = 12.7
#gates = 1021
output circuit appNtk/alu4_61_0.0033_2545_12.7.blif
time = 1232754973 us
--------------- round 62 ---------------
seed = 2469520282
maxLevel = 2
n515 is replaced by one with estimated error 0.00381
error = 0.00381
area = 2536
delay = 12.7
#gates = 1018
output circuit appNtk/alu4_62_0.00381_2536_12.7.blif
time = 1243661055 us
--------------- round 63 ---------------
seed = 2965798927
maxLevel = 2
n1027 is replaced by one with estimated error 0.00328
error = 0.00328
area = 2531
delay = 12.7
#gates = 1015
output circuit appNtk/alu4_63_0.00328_2531_12.7.blif
time = 1254750797 us
--------------- round 64 ---------------
seed = 2689460277
maxLevel = 2
n952 is replaced by one with estimated error 0.00319
error = 0.00319
area = 2524
delay = 12.7
#gates = 1012
output circuit appNtk/alu4_64_0.00319_2524_12.7.blif
time = 1265968948 us
--------------- round 65 ---------------
seed = 3030410441
maxLevel = 2
n893 is replaced by zero with estimated error 0.00368
error = 0.00368
area = 2518
delay = 12.7
#gates = 1009
output circuit appNtk/alu4_65_0.00368_2518_12.7.blif
time = 1276707521 us
--------------- round 66 ---------------
seed = 3734062557
maxLevel = 2
n887 is replaced by zero with estimated error 0.00399
error = 0.00399
area = 2517
delay = 12.7
#gates = 1008
output circuit appNtk/alu4_66_0.00399_2517_12.7.blif
time = 1287509136 us
--------------- round 67 ---------------
seed = 1364250622
maxLevel = 2
n346 is replaced by n344 with estimated error 0.00369
error = 0.00369
area = 2515
delay = 12.7
#gates = 1007
output circuit appNtk/alu4_67_0.00369_2515_12.7.blif
time = 1298436695 us
--------------- round 68 ---------------
seed = 3784204713
maxLevel = 2
n345 is replaced by n444 with estimated error 0.00382
error = 0.00382
area = 2513
delay = 12.7
#gates = 1006
output circuit appNtk/alu4_68_0.00382_2513_12.7.blif
time = 1309179386 us
--------------- round 69 ---------------
seed = 336944137
maxLevel = 2
n834 is replaced by one with estimated error 0.0039
error = 0.0039
area = 2511
delay = 12.7
#gates = 1005
output circuit appNtk/alu4_69_0.0039_2511_12.7.blif
time = 1319876294 us
--------------- round 70 ---------------
seed = 4125732276
maxLevel = 2
n343 is replaced by n97 with estimated error 0.00375
error = 0.00375
area = 2509
delay = 12.7
#gates = 1004
output circuit appNtk/alu4_70_0.00375_2509_12.7.blif
time = 1330536570 us
--------------- round 71 ---------------
seed = 836577079
maxLevel = 2
n317 is replaced by n841 with estimated error 0.00356
error = 0.00356
area = 2503
delay = 12.7
#gates = 1002
output circuit appNtk/alu4_71_0.00356_2503_12.7.blif
time = 1341377279 us
--------------- round 72 ---------------
seed = 383876680
maxLevel = 2
n442 is replaced by n55 with estimated error 0.00411
error = 0.00411
area = 2501
delay = 12.7
#gates = 1001
output circuit appNtk/alu4_72_0.00411_2501_12.7.blif
time = 1352258686 us
--------------- round 73 ---------------
seed = 2578327648
maxLevel = 2
n191 is replaced by zero with estimated error 0.00416
error = 0.00416
area = 2498
delay = 12.7
#gates = 1000
output circuit appNtk/alu4_73_0.00416_2498_12.7.blif
time = 1362812818 us
--------------- round 74 ---------------
seed = 2612645712
maxLevel = 2
n285 is replaced by zero with estimated error 0.00397
error = 0.00397
area = 2492
delay = 12.7
#gates = 998
output circuit appNtk/alu4_74_0.00397_2492_12.7.blif
time = 1373454860 us
--------------- round 75 ---------------
seed = 1274347534
maxLevel = 2
n450 is replaced by one with estimated error 0.00414
error = 0.00414
area = 2489
delay = 12.7
#gates = 997
output circuit appNtk/alu4_75_0.00414_2489_12.7.blif
time = 1384192469 us
--------------- round 76 ---------------
seed = 279854901
maxLevel = 2
n438 is replaced by one with estimated error 0.00456
error = 0.00456
area = 2478
delay = 12.7
#gates = 993
output circuit appNtk/alu4_76_0.00456_2478_12.7.blif
time = 1394685509 us
--------------- round 77 ---------------
seed = 1956116392
maxLevel = 2
n988 is replaced by one with estimated error 0.00492
error = 0.00492
area = 2471
delay = 12.7
#gates = 991
output circuit appNtk/alu4_77_0.00492_2471_12.7.blif
time = 1405159165 us
--------------- round 78 ---------------
seed = 22954307
maxLevel = 2
n440 is replaced by one with estimated error 0.00474
error = 0.00474
area = 2469
delay = 12.7
#gates = 990
output circuit appNtk/alu4_78_0.00474_2469_12.7.blif
time = 1415499781 us
--------------- round 79 ---------------
seed = 3322248724
maxLevel = 2
n449 is replaced by one with estimated error 0.00494
error = 0.00494
area = 2461
delay = 12.7
#gates = 987
output circuit appNtk/alu4_79_0.00494_2461_12.7.blif
time = 1426136106 us
--------------- round 80 ---------------
seed = 3059687524
maxLevel = 2
n568 is replaced by one with estimated error 0.00485
error = 0.00485
area = 2458
delay = 12.7
#gates = 986
output circuit appNtk/alu4_80_0.00485_2458_12.7.blif
time = 1436590580 us
--------------- round 81 ---------------
seed = 855856159
maxLevel = 2
n1051 is replaced by one with estimated error 0.00492
error = 0.00492
area = 2455
delay = 12.7
#gates = 985
output circuit appNtk/alu4_81_0.00492_2455_12.7.blif
time = 1446743185 us
--------------- round 82 ---------------
seed = 4206814541
maxLevel = 2
n757 is replaced by one with estimated error 0.00488
error = 0.00488
area = 2453
delay = 12.7
#gates = 984
output circuit appNtk/alu4_82_0.00488_2453_12.7.blif
time = 1456958946 us
--------------- round 83 ---------------
seed = 1626457912
maxLevel = 2
n631 is replaced by one with estimated error 0.00496
error = 0.00496
area = 2447
delay = 12.7
#gates = 981
output circuit appNtk/alu4_83_0.00496_2447_12.7.blif
time = 1467038720 us
--------------- round 84 ---------------
seed = 524288632
maxLevel = 2
n994 is replaced by n35 with estimated error 0.00517
error = 0.00517
area = 2446
delay = 12.7
#gates = 980
output circuit appNtk/alu4_84_0.00517_2446_12.7.blif
time = 1477327154 us
--------------- round 85 ---------------
seed = 3759639720
maxLevel = 2
n198 is replaced by n259 with estimated error 0.00486
error = 0.00486
area = 2443
delay = 12.7
#gates = 978
output circuit appNtk/alu4_85_0.00486_2443_12.7.blif
time = 1487563470 us
--------------- round 86 ---------------
seed = 3024446911
maxLevel = 2
n1049 is replaced by one with estimated error 0.00549
error = 0.00549
area = 2441
delay = 12.7
#gates = 977
output circuit appNtk/alu4_86_0.00549_2441_12.7.blif
time = 1497571953 us
--------------- round 87 ---------------
seed = 3401979294
maxLevel = 2
n1063 is replaced by one with estimated error 0.00513
error = 0.00513
area = 2436
delay = 12.7
#gates = 975
output circuit appNtk/alu4_87_0.00513_2436_12.7.blif
time = 1507765664 us
--------------- round 88 ---------------
seed = 2739850741
maxLevel = 2
n362 is replaced by n422 with estimated error 0.00545
error = 0.00545
area = 2433
delay = 12.7
#gates = 974
output circuit appNtk/alu4_88_0.00545_2433_12.7.blif
time = 1517666365 us
--------------- round 89 ---------------
seed = 1510858777
maxLevel = 2
n361 is replaced by n336 with estimated error 0.00521
error = 0.00521
area = 2432
delay = 12.7
#gates = 973
output circuit appNtk/alu4_89_0.00521_2432_12.7.blif
time = 1527866625 us
--------------- round 90 ---------------
seed = 1906629563
maxLevel = 2
n610 is replaced by one with estimated error 0.005
error = 0.005
area = 2428
delay = 12.7
#gates = 972
output circuit appNtk/alu4_90_0.005_2428_12.7.blif
time = 1537661628 us
--------------- round 91 ---------------
seed = 3842258148
maxLevel = 2
n992 is replaced by one with estimated error 0.00556
error = 0.00556
area = 2422
delay = 12.7
#gates = 969
output circuit appNtk/alu4_91_0.00556_2422_12.7.blif
time = 1547209281 us
--------------- round 92 ---------------
seed = 3522652012
maxLevel = 2
n1116 is replaced by zero with estimated error 0.00581
error = 0.00581
area = 2417
delay = 12.7
#gates = 967
output circuit appNtk/alu4_92_0.00581_2417_12.7.blif
time = 1556676345 us
--------------- round 93 ---------------
seed = 283678665
maxLevel = 2
n999 is replaced by n997 with estimated error 0.00601
error = 0.00601
area = 2404
delay = 12.7
#gates = 962
output circuit appNtk/alu4_93_0.00601_2404_12.7.blif
time = 1566110130 us
--------------- round 94 ---------------
seed = 1971723843
maxLevel = 2
n318 is replaced by one with estimated error 0.00603
error = 0.00603
area = 2402
delay = 12.7
#gates = 961
output circuit appNtk/alu4_94_0.00603_2402_12.7.blif
time = 1575467745 us
--------------- round 95 ---------------
seed = 1723699852
maxLevel = 2
n633 is replaced by one with estimated error 0.00619
error = 0.00619
area = 2395
delay = 12.7
#gates = 958
output circuit appNtk/alu4_95_0.00619_2395_12.7.blif
time = 1584828491 us
--------------- round 96 ---------------
seed = 1648818155
maxLevel = 2
n1070 is replaced by one with estimated error 0.00689
error = 0.00689
area = 2387
delay = 12.7
#gates = 955
output circuit appNtk/alu4_96_0.00689_2387_12.7.blif
time = 1594103617 us
--------------- round 97 ---------------
seed = 200643364
maxLevel = 2
n303 is replaced by one with estimated error 0.00636
error = 0.00636
area = 2384
delay = 12.7
#gates = 954
output circuit appNtk/alu4_97_0.00636_2384_12.7.blif
time = 1603367421 us
--------------- round 98 ---------------
seed = 2699225854
maxLevel = 2
n842 is replaced by one with estimated error 0.00607
error = 0.00607
area = 2382
delay = 12.7
#gates = 953
output circuit appNtk/alu4_98_0.00607_2382_12.7.blif
time = 1612650165 us
--------------- round 99 ---------------
seed = 2820912382
maxLevel = 2
n490 is replaced by zero with estimated error 0.00675
error = 0.00675
area = 2379
delay = 12.7
#gates = 952
output circuit appNtk/alu4_99_0.00675_2379_12.7.blif
time = 1621903423 us
--------------- round 100 ---------------
seed = 3512504100
maxLevel = 2
n943 is replaced by zero with estimated error 0.00661
error = 0.00661
area = 2369
delay = 12.7
#gates = 949
output circuit appNtk/alu4_100_0.00661_2369_12.7.blif
time = 1631116854 us
--------------- round 101 ---------------
seed = 1027490381
maxLevel = 2
n1129 is replaced by zero with estimated error 0.00719
error = 0.00719
area = 2364
delay = 12.7
#gates = 947
output circuit appNtk/alu4_101_0.00719_2364_12.7.blif
time = 1640270359 us
--------------- round 102 ---------------
seed = 4003510144
maxLevel = 2
n1130 is replaced by zero with estimated error 0.00739
error = 0.00739
area = 2362
delay = 12.7
#gates = 946
output circuit appNtk/alu4_102_0.00739_2362_12.7.blif
time = 1649463561 us
--------------- round 103 ---------------
seed = 2846771748
maxLevel = 2
n1084 is replaced by one with estimated error 0.00675
error = 0.00675
area = 2356
delay = 12.7
#gates = 943
output circuit appNtk/alu4_103_0.00675_2356_12.7.blif
time = 1658577623 us
--------------- round 104 ---------------
seed = 533134237
maxLevel = 2
n933 is replaced by n267 with estimated error 0.00683
error = 0.00683
area = 2352
delay = 12.7
#gates = 941
output circuit appNtk/alu4_104_0.00683_2352_12.7.blif
time = 1667643166 us
--------------- round 105 ---------------
seed = 557205998
maxLevel = 2
n244 is replaced by one with estimated error 0.00741
error = 0.00741
area = 2348
delay = 12.7
#gates = 939
output circuit appNtk/alu4_105_0.00741_2348_12.7.blif
time = 1676666057 us
--------------- round 106 ---------------
seed = 38326345
maxLevel = 2
n1018 is replaced by n258 with estimated error 0.00711
error = 0.00711
area = 2346
delay = 12.7
#gates = 938
output circuit appNtk/alu4_106_0.00711_2346_12.7.blif
time = 1685687291 us
--------------- round 107 ---------------
seed = 3754069057
maxLevel = 2
n308 is replaced by n306 with estimated error 0.00741
error = 0.00741
area = 2336
delay = 12.7
#gates = 934
output circuit appNtk/alu4_107_0.00741_2336_12.7.blif
time = 1694687971 us
--------------- round 108 ---------------
seed = 3420748777
maxLevel = 2
n958 is replaced by n945 with estimated error 0.00736
error = 0.00736
area = 2320
delay = 12.7
#gates = 928
output circuit appNtk/alu4_108_0.00736_2320_12.7.blif
time = 1703561403 us
--------------- round 109 ---------------
seed = 1505312350
maxLevel = 2
n1113 is replaced by zero with estimated error 0.00787
error = 0.00787
area = 2315
delay = 12.7
#gates = 926
output circuit appNtk/alu4_109_0.00787_2315_12.7.blif
time = 1712320507 us
--------------- round 110 ---------------
seed = 795640562
maxLevel = 2
n306 is replaced by n1014 with estimated error 0.00756
error = 0.00756
area = 2313
delay = 12.7
#gates = 925
output circuit appNtk/alu4_110_0.00756_2313_12.7.blif
time = 1721065691 us
--------------- round 111 ---------------
seed = 1575223462
maxLevel = 2
n1025 is replaced by zero with estimated error 0.00828
error = 0.00828
area = 2306
delay = 12.7
#gates = 923
output circuit appNtk/alu4_111_0.00828_2306_12.7.blif
time = 1729764937 us
--------------- round 112 ---------------
seed = 3780961569
maxLevel = 2
n1114 is replaced by one with estimated error 0.0084
error = 0.0084
area = 2303
delay = 12.7
#gates = 922
output circuit appNtk/alu4_112_0.0084_2303_12.7.blif
time = 1738440629 us
--------------- round 113 ---------------
seed = 1451316818
maxLevel = 2
n844 is replaced by zero with estimated error 0.00823
error = 0.00823
area = 2297
delay = 12.7
#gates = 920
output circuit appNtk/alu4_113_0.00823_2297_12.7.blif
time = 1747094343 us
--------------- round 114 ---------------
seed = 3601170466
maxLevel = 2
n340 is replaced by one with estimated error 0.00833
error = 0.00833
area = 2295
delay = 12.7
#gates = 919
output circuit appNtk/alu4_114_0.00833_2295_12.7.blif
time = 1755700064 us
--------------- round 115 ---------------
seed = 1943700483
maxLevel = 2
n407 is replaced by zero with estimated error 0.00833
error = 0.00833
area = 2292
delay = 12.7
#gates = 918
output circuit appNtk/alu4_115_0.00833_2292_12.7.blif
time = 1764271836 us
--------------- round 116 ---------------
seed = 3102751426
maxLevel = 2
n543 is replaced by one with estimated error 0.00868
error = 0.00868
area = 2282
delay = 12.7
#gates = 914
output circuit appNtk/alu4_116_0.00868_2282_12.7.blif
time = 1772855304 us
--------------- round 117 ---------------
seed = 738388425
maxLevel = 2
n1024 is replaced by n602 with estimated error 0.009
error = 0.009
area = 2277
delay = 12.7
#gates = 912
output circuit appNtk/alu4_117_0.009_2277_12.7.blif
time = 1781359455 us
--------------- round 118 ---------------
seed = 956438425
maxLevel = 2
n570 is replaced by zero with estimated error 0.00872
error = 0.00872
area = 2272
delay = 12.7
#gates = 910
output circuit appNtk/alu4_118_0.00872_2272_12.7.blif
time = 1789768073 us
--------------- round 119 ---------------
seed = 2645605393
maxLevel = 2
n1077 is replaced by one with estimated error 0.00862
error = 0.00862
area = 2267
delay = 12.7
#gates = 908
output circuit appNtk/alu4_119_0.00862_2267_12.7.blif
time = 1798028472 us
--------------- round 120 ---------------
seed = 3230762827
maxLevel = 2
n874 is replaced by one with estimated error 0.00859
error = 0.00859
area = 2263
delay = 12.7
#gates = 907
output circuit appNtk/alu4_120_0.00859_2263_12.7.blif
time = 1806269589 us
--------------- round 121 ---------------
seed = 375444231
maxLevel = 2
n1000 is replaced by zero with estimated error 0.0092
error = 0.0092
area = 2256
delay = 12.7
#gates = 905
output circuit appNtk/alu4_121_0.0092_2256_12.7.blif
time = 1814496848 us
--------------- round 122 ---------------
seed = 1461913586
maxLevel = 2
n1013 is replaced by one with estimated error 0.00933
error = 0.00933
area = 2247
delay = 12.7
#gates = 901
output circuit appNtk/alu4_122_0.00933_2247_12.7.blif
time = 1822676559 us
--------------- round 123 ---------------
seed = 1484360098
maxLevel = 2
n871 is replaced by one with estimated error 0.0097
error = 0.0097
area = 2241
delay = 12.7
#gates = 899
output circuit appNtk/alu4_123_0.0097_2241_12.7.blif
time = 1830795047 us
--------------- round 124 ---------------
seed = 1167113072
maxLevel = 2
n1087 is replaced by n890 with inverter with estimated error 0.01017
error = 0.01017
area = 2234
delay = 12.7
#gates = 897
output circuit appNtk/alu4_124_0.01017_2234_12.7.blif
time = 1838872108 us
--------------- round 125 ---------------
seed = 3239641181
maxLevel = 2
n894 is replaced by n1139 with estimated error 0.01022
error = 0.01022
area = 2231
delay = 12.7
#gates = 896
output circuit appNtk/alu4_125_0.01022_2231_12.7.blif
time = 1846911430 us
--------------- round 126 ---------------
seed = 2564538979
maxLevel = 2
n52 is replaced by n807 with estimated error 0.01068
error = 0.01068
area = 2230
delay = 12.7
#gates = 895
output circuit appNtk/alu4_126_0.01068_2230_12.7.blif
time = 1854934947 us
--------------- round 127 ---------------
seed = 3320454967
maxLevel = 2
n564 is replaced by zero with estimated error 0.00991
error = 0.00991
area = 2224
delay = 12.7
#gates = 893
output circuit appNtk/alu4_127_0.00991_2224_12.7.blif
time = 1862940623 us
--------------- round 128 ---------------
seed = 3466841753
maxLevel = 2
n341 is replaced by n364 with inverter with estimated error 0.00989
error = 0.00989
area = 2220
delay = 12.7
#gates = 892
output circuit appNtk/alu4_128_0.00989_2220_12.7.blif
time = 1870881260 us
--------------- round 129 ---------------
seed = 537687050
maxLevel = 2
n1140 is replaced by zero with estimated error 0.00981
error = 0.00981
area = 2219
delay = 12.7
#gates = 891
output circuit appNtk/alu4_129_0.00981_2219_12.7.blif
time = 1878807284 us
--------------- round 130 ---------------
seed = 511474626
maxLevel = 2
n586 is replaced by n322 with inverter with estimated error 0.01073
error = 0.01073
area = 2215
delay = 12.7
#gates = 890
output circuit appNtk/alu4_130_0.01073_2215_12.7.blif
time = 1886715685 us
--------------- round 131 ---------------
seed = 3028216937
maxLevel = 2
n243 is replaced by n259 with estimated error 0.00999
error = 0.00999
area = 2212
delay = 12.7
#gates = 889
output circuit appNtk/alu4_131_0.00999_2212_12.7.blif
time = 1894619639 us
--------------- round 132 ---------------
seed = 1495209686
maxLevel = 2
n944 is replaced by one with estimated error 0.01009
error = 0.01009
area = 2209
delay = 12.7
#gates = 888
output circuit appNtk/alu4_132_0.01009_2209_12.7.blif
time = 1902503185 us
--------------- round 133 ---------------
seed = 2960622325
maxLevel = 2
n1009 is replaced by one with estimated error 0.01061
error = 0.01061
area = 2206
delay = 12.7
#gates = 887
output circuit appNtk/alu4_133_0.01061_2206_12.7.blif
time = 1910398925 us
--------------- round 134 ---------------
seed = 2581403067
maxLevel = 2
n200 is replaced by n1002 with estimated error 0.01051
error = 0.01051
area = 2200
delay = 12.7
#gates = 885
output circuit appNtk/alu4_134_0.01051_2200_12.7.blif
time = 1918280222 us
--------------- round 135 ---------------
seed = 4074062270
maxLevel = 2
n348 is replaced by one with estimated error 0.01089
error = 0.01089
area = 2194
delay = 12.7
#gates = 883
output circuit appNtk/alu4_135_0.01089_2194_12.7.blif
time = 1926109703 us
--------------- round 136 ---------------
seed = 1614358209
maxLevel = 2
n1040 is replaced by n913 with estimated error 0.01133
error = 0.01133
area = 2191
delay = 12.7
#gates = 882
output circuit appNtk/alu4_136_0.01133_2191_12.7.blif
time = 1933912939 us
--------------- round 137 ---------------
seed = 188872500
maxLevel = 2
n381 is replaced by one with estimated error 0.01238
error = 0.01238
area = 2181
delay = 12.7
#gates = 878
output circuit appNtk/alu4_137_0.01238_2181_12.7.blif
time = 1941683402 us
--------------- round 138 ---------------
seed = 2466011206
maxLevel = 2
n265 is replaced by n171 with estimated error 0.01252
error = 0.01252
area = 2168
delay = 12.7
#gates = 873
output circuit appNtk/alu4_138_0.01252_2168_12.7.blif
time = 1949401658 us
--------------- round 139 ---------------
seed = 2572105509
maxLevel = 2
n171 is replaced by one with estimated error 0.01227
error = 0.01356
area = 2163
delay = 12.7
#gates = 871
output circuit appNtk/alu4_139_0.01356_2163_12.7.blif
time = 1957024596 us
--------------- round 140 ---------------
seed = 2215047640
maxLevel = 2
n176 is replaced by n215 with estimated error 0.01372
error = 0.01372
area = 2162
delay = 12.7
#gates = 870
output circuit appNtk/alu4_140_0.01372_2162_12.7.blif
time = 1964601848 us
--------------- round 141 ---------------
seed = 2212982063
maxLevel = 2
n882 is replaced by n195 with estimated error 0.01268
error = 0.01268
area = 2161
delay = 12.7
#gates = 869
output circuit appNtk/alu4_141_0.01268_2161_12.7.blif
time = 1972159218 us
--------------- round 142 ---------------
seed = 4245480281
maxLevel = 2
n1033 is replaced by n1139 with estimated error 0.01337
error = 0.01337
area = 2159
delay = 12.7
#gates = 868
output circuit appNtk/alu4_142_0.01337_2159_12.7.blif
time = 1979706328 us
--------------- round 143 ---------------
seed = 389321062
maxLevel = 2
n230 is replaced by one with estimated error 0.01344
error = 0.01344
area = 2156
delay = 12.7
#gates = 867
output circuit appNtk/alu4_143_0.01344_2156_12.7.blif
time = 1987230772 us
--------------- round 144 ---------------
seed = 3793822661
maxLevel = 2
n352 is replaced by one with estimated error 0.01321
error = 0.01321
area = 2154
delay = 12.7
#gates = 866
output circuit appNtk/alu4_144_0.01321_2154_12.7.blif
time = 1994742337 us
--------------- round 145 ---------------
seed = 4184231228
maxLevel = 2
n312 is replaced by one with estimated error 0.01364
error = 0.01364
area = 2150
delay = 12.7
#gates = 865
output circuit appNtk/alu4_145_0.01364_2150_12.7.blif
time = 2002229879 us
--------------- round 146 ---------------
seed = 4013514674
maxLevel = 2
n740 is replaced by zero with estimated error 0.01402
error = 0.01402
area = 2148
delay = 12.7
#gates = 864
output circuit appNtk/alu4_146_0.01402_2148_12.7.blif
time = 2009700291 us
--------------- round 147 ---------------
seed = 3522192815
maxLevel = 2
n497 is replaced by one with estimated error 0.01367
error = 0.01367
area = 2145
delay = 12.7
#gates = 863
output circuit appNtk/alu4_147_0.01367_2145_12.7.blif
time = 2017151285 us
--------------- round 148 ---------------
seed = 1528457557
maxLevel = 2
n1081 is replaced by one with estimated error 0.01329
error = 0.01329
area = 2143
delay = 12.7
#gates = 862
output circuit appNtk/alu4_148_0.01329_2143_12.7.blif
time = 2024568026 us
--------------- round 149 ---------------
seed = 380228787
maxLevel = 2
n872 is replaced by zero with estimated error 0.01374
error = 0.01374
area = 2141
delay = 12.7
#gates = 861
output circuit appNtk/alu4_149_0.01374_2141_12.7.blif
time = 2031970256 us
--------------- round 150 ---------------
seed = 2110296903
maxLevel = 2
n742 is replaced by one with estimated error 0.01432
error = 0.01432
area = 2135
delay = 12.7
#gates = 859
output circuit appNtk/alu4_150_0.01432_2135_12.7.blif
time = 2039358960 us
--------------- round 151 ---------------
seed = 2005157224
maxLevel = 2
n1044 is replaced by n835 with estimated error 0.01398
error = 0.01398
area = 2133
delay = 12.7
#gates = 858
output circuit appNtk/alu4_151_0.01398_2133_12.7.blif
time = 2046709972 us
--------------- round 152 ---------------
seed = 2806244162
maxLevel = 2
n1043 is replaced by zero with estimated error 0.01461
error = 0.01461
area = 2132
delay = 12.7
#gates = 857
output circuit appNtk/alu4_152_0.01461_2132_12.7.blif
time = 2054066886 us
--------------- round 153 ---------------
seed = 2834514658
maxLevel = 2
n612 is replaced by zero with estimated error 0.01415
error = 0.01415
area = 2130
delay = 12.7
#gates = 856
output circuit appNtk/alu4_153_0.01415_2130_12.7.blif
time = 2061405080 us
--------------- round 154 ---------------
seed = 473189035
maxLevel = 2
n841 is replaced by zero with estimated error 0.01424
error = 0.01424
area = 2128
delay = 12.7
#gates = 855
output circuit appNtk/alu4_154_0.01424_2128_12.7.blif
time = 2068722869 us
--------------- round 155 ---------------
seed = 2022148447
maxLevel = 2
n1131 is replaced by one with estimated error 0.01418
error = 0.01418
area = 2124
delay = 12.7
#gates = 854
output circuit appNtk/alu4_155_0.01418_2124_12.7.blif
time = 2076020736 us
--------------- round 156 ---------------
seed = 93259400
maxLevel = 2
n591 is replaced by one with estimated error 0.01444
error = 0.01444
area = 2121
delay = 12.7
#gates = 853
output circuit appNtk/alu4_156_0.01444_2121_12.7.blif
time = 2083303508 us
--------------- round 157 ---------------
seed = 1783923755
maxLevel = 2
n1120 is replaced by one with estimated error 0.01443
error = 0.01443
area = 2112
delay = 12.7
#gates = 850
output circuit appNtk/alu4_157_0.01443_2112_12.7.blif
time = 2090573936 us
--------------- round 158 ---------------
seed = 215336279
maxLevel = 2
n761 is replaced by one with estimated error 0.01615
error = 0.01615
area = 2101
delay = 12.7
#gates = 845
output circuit appNtk/alu4_158_0.01615_2101_12.7.blif
time = 2097789735 us
--------------- round 159 ---------------
seed = 907978179
maxLevel = 2
n195 is replaced by zero with estimated error 0.01593
error = 0.01593
area = 2100
delay = 12.7
#gates = 844
output circuit appNtk/alu4_159_0.01593_2100_12.7.blif
time = 2104923511 us
--------------- round 160 ---------------
seed = 2365571157
maxLevel = 2
n550 is replaced by n121 with estimated error 0.01491
error = 0.01491
area = 2098
delay = 12.7
#gates = 843
output circuit appNtk/alu4_160_0.01491_2098_12.7.blif
time = 2112018325 us
--------------- round 161 ---------------
seed = 2057395962
maxLevel = 2
n552 is replaced by one with estimated error 0.01558
error = 0.01558
area = 2089
delay = 12.7
#gates = 840
output circuit appNtk/alu4_161_0.01558_2089_12.7.blif
time = 2119107477 us
--------------- round 162 ---------------
seed = 42708166
maxLevel = 2
n885 is replaced by one with estimated error 0.01709
error = 0.01709
area = 2058
delay = 12.7
#gates = 830
output circuit appNtk/alu4_162_0.01709_2058_12.7.blif
time = 2126141295 us
--------------- round 163 ---------------
seed = 388517423
maxLevel = 2
n860 is replaced by one with estimated error 0.01699
error = 0.01699
area = 2045
delay = 12.7
#gates = 825
output circuit appNtk/alu4_163_0.01699_2045_12.7.blif
time = 2133001903 us
--------------- round 164 ---------------
seed = 2520887831
maxLevel = 2
n914 is replaced by n443 with estimated error 0.01792
error = 0.01792
area = 2043
delay = 12.7
#gates = 824
output circuit appNtk/alu4_164_0.01792_2043_12.7.blif
time = 2139764550 us
--------------- round 165 ---------------
seed = 4234425730
maxLevel = 2
n632 is replaced by n636 with estimated error 0.01831
error = 0.01831
area = 2036
delay = 12.7
#gates = 821
output circuit appNtk/alu4_165_0.01831_2036_12.7.blif
time = 2146510953 us
--------------- round 166 ---------------
seed = 4073896319
maxLevel = 2
n1045 is replaced by one with estimated error 0.01798
error = 0.01798
area = 2029
delay = 12.7
#gates = 819
output circuit appNtk/alu4_166_0.01798_2029_12.7.blif
time = 2153219689 us
--------------- round 167 ---------------
seed = 3861406954
maxLevel = 2
n902 is replaced by n229 with estimated error 0.01865
error = 0.01865
area = 2027
delay = 12.7
#gates = 818
output circuit appNtk/alu4_167_0.01865_2027_12.7.blif
time = 2159892215 us
--------------- round 168 ---------------
seed = 658121950
maxLevel = 2
n590 is replaced by one with estimated error 0.01837
error = 0.01837
area = 2020
delay = 12.7
#gates = 815
output circuit appNtk/alu4_168_0.01837_2020_12.7.blif
time = 2166553397 us
--------------- round 169 ---------------
seed = 646277055
maxLevel = 2
n905 is replaced by one with estimated error 0.01932
error = 0.01932
area = 2015
delay = 12.7
#gates = 813
output circuit appNtk/alu4_169_0.01932_2015_12.7.blif
time = 2173143791 us
--------------- round 170 ---------------
seed = 21503697
maxLevel = 2
n907 is replaced by zero with estimated error 0.01931
error = 0.01931
area = 2007
delay = 12.7
#gates = 810
output circuit appNtk/alu4_170_0.01931_2007_12.7.blif
time = 2179697593 us
--------------- round 171 ---------------
seed = 2859806763
maxLevel = 2
n1003 is replaced by zero with estimated error 0.01991
error = 0.01991
area = 1996
delay = 12.7
#gates = 805
output circuit appNtk/alu4_171_0.01991_1996_12.7.blif
time = 2186196339 us
--------------- round 172 ---------------
seed = 702551921
maxLevel = 2
n253 is replaced by one with estimated error 0.01881
error = 0.01881
area = 1993
delay = 12.7
#gates = 804
output circuit appNtk/alu4_172_0.01881_1993_12.7.blif
time = 2192632651 us
--------------- round 173 ---------------
seed = 408390905
maxLevel = 2
n1032 is replaced by one with estimated error 0.01938
error = 0.01938
area = 1984
delay = 12.7
#gates = 801
output circuit appNtk/alu4_173_0.01938_1984_12.7.blif
time = 2199057707 us
--------------- round 174 ---------------
seed = 1567002350
maxLevel = 2
n223 is replaced by n393 with estimated error 0.02065
error = 0.02065
area = 1981
delay = 12.7
#gates = 800
output circuit appNtk/alu4_174_0.02065_1981_12.7.blif
time = 2205429943 us
--------------- round 175 ---------------
seed = 1668125032
maxLevel = 2
n934 is replaced by zero with estimated error 0.02083
error = 0.02083
area = 1973
delay = 12.7
#gates = 797
output circuit appNtk/alu4_175_0.02083_1973_12.7.blif
time = 2211791130 us
--------------- round 176 ---------------
seed = 1329904988
maxLevel = 2
n1089 is replaced by n890 with estimated error 0.02174
error = 0.02174
area = 1955
delay = 12.7
#gates = 791
output circuit appNtk/alu4_176_0.02174_1955_12.7.blif
time = 2218104025 us
--------------- round 177 ---------------
seed = 3476176544
maxLevel = 2
n948 is replaced by n121 with estimated error 0.02209
error = 0.02209
area = 1951
delay = 12.7
#gates = 789
output circuit appNtk/alu4_177_0.02209_1951_12.7.blif
time = 2224322198 us
--------------- round 178 ---------------
seed = 2290655910
maxLevel = 2
n889 is replaced by one with estimated error 0.02154
error = 0.02188
area = 1947
delay = 12.7
#gates = 788
output circuit appNtk/alu4_178_0.02188_1947_12.7.blif
time = 2230520072 us
--------------- round 179 ---------------
seed = 544040719
maxLevel = 2
n1139 is replaced by one with estimated error 0.02159
error = 0.02159
area = 1946
delay = 12.7
#gates = 787
output circuit appNtk/alu4_179_0.02159_1946_12.7.blif
time = 2236702599 us
--------------- round 180 ---------------
seed = 3960817519
maxLevel = 2
n917 is replaced by n97 with inverter with estimated error 0.02135
error = 0.02135
area = 1944
delay = 12.7
#gates = 786
output circuit appNtk/alu4_180_0.02135_1944_12.7.blif
time = 2242865602 us
--------------- round 181 ---------------
seed = 3912909340
maxLevel = 2
n611 is replaced by one with estimated error 0.02292
error = 0.02292
area = 1940
delay = 12.7
#gates = 785
output circuit appNtk/alu4_181_0.02292_1940_12.7.blif
time = 2249009056 us
--------------- round 182 ---------------
seed = 1573266635
maxLevel = 2
n258 is replaced by one with estimated error 0.02266
error = 0.02266
area = 1929
delay = 12.7
#gates = 781
output circuit appNtk/alu4_182_0.02266_1929_12.7.blif
time = 2255139851 us
--------------- round 183 ---------------
seed = 4294584461
maxLevel = 2
n279 is replaced by n1017 with estimated error 0.02263
error = 0.02263
area = 1925
delay = 12.7
#gates = 780
output circuit appNtk/alu4_183_0.02263_1925_12.7.blif
time = 2261210916 us
--------------- round 184 ---------------
seed = 240305837
maxLevel = 2
n1142 is replaced by n512 with estimated error 0.02339
error = 0.02339
area = 1924
delay = 12.7
#gates = 779
output circuit appNtk/alu4_184_0.02339_1924_12.7.blif
time = 2267257686 us
--------------- round 185 ---------------
seed = 3608527268
maxLevel = 2
n915 is replaced by n97 with inverter with estimated error 0.02234
error = 0.02234
area = 1922
delay = 12.7
#gates = 779
output circuit appNtk/alu4_185_0.02234_1922_12.7.blif
time = 2273300932 us
--------------- round 186 ---------------
seed = 2551034854
maxLevel = 2
n1121 is replaced by zero with estimated error 0.02325
error = 0.02325
area = 1914
delay = 12.7
#gates = 776
output circuit appNtk/alu4_186_0.02325_1914_12.7.blif
time = 2279340631 us
--------------- round 187 ---------------
seed = 3765646949
maxLevel = 2
n1123 is replaced by n724 with estimated error 0.02287
error = 0.02287
area = 1912
delay = 12.7
#gates = 775
output circuit appNtk/alu4_187_0.02287_1912_12.7.blif
time = 2285336061 us
--------------- round 188 ---------------
seed = 1126859730
maxLevel = 2
n728 is replaced by one with estimated error 0.0235
error = 0.0235
area = 1906
delay = 12.7
#gates = 772
output circuit appNtk/alu4_188_0.0235_1906_12.7.blif
time = 2291304012 us
--------------- round 189 ---------------
seed = 449841771
maxLevel = 2
n1042 is replaced by one with estimated error 0.02382
error = 0.02382
area = 1898
delay = 12.7
#gates = 769
output circuit appNtk/alu4_189_0.02382_1898_12.7.blif
time = 2297239984 us
--------------- round 190 ---------------
seed = 771868535
maxLevel = 2
n1074 is replaced by zero with estimated error 0.02426
error = 0.02426
area = 1893
delay = 12.7
#gates = 767
output circuit appNtk/alu4_190_0.02426_1893_12.7.blif
time = 2303122763 us
--------------- round 191 ---------------
seed = 2990382744
maxLevel = 2
n344 is replaced by n134 with estimated error 0.02429
error = 0.02429
area = 1890
delay = 12.7
#gates = 766
output circuit appNtk/alu4_191_0.02429_1890_12.7.blif
time = 2308977770 us
--------------- round 192 ---------------
seed = 439414318
maxLevel = 2
n1078 is replaced by zero with estimated error 0.02537
error = 0.02537
area = 1878
delay = 12.7
#gates = 762
output circuit appNtk/alu4_192_0.02537_1878_12.7.blif
time = 2314814355 us
--------------- round 193 ---------------
seed = 796044602
maxLevel = 2
n350 is replaced by zero with estimated error 0.02449
error = 0.02449
area = 1876
delay = 12.7
#gates = 761
output circuit appNtk/alu4_193_0.02449_1876_12.7.blif
time = 2320589172 us
--------------- round 194 ---------------
seed = 3543799944
maxLevel = 2
n731 is replaced by zero with estimated error 0.02445
error = 0.02445
area = 1871
delay = 12.7
#gates = 759
output circuit appNtk/alu4_194_0.02445_1871_12.7.blif
time = 2326348108 us
--------------- round 195 ---------------
seed = 4231628444
maxLevel = 2
n363 is replaced by one with estimated error 0.02508
error = 0.02508
area = 1869
delay = 12.7
#gates = 758
output circuit appNtk/alu4_195_0.02508_1869_12.7.blif
time = 2332077565 us
--------------- round 196 ---------------
seed = 2513519337
maxLevel = 2
n1039 is replaced by zero with estimated error 0.02477
error = 0.02477
area = 1865
delay = 12.7
#gates = 756
output circuit appNtk/alu4_196_0.02477_1865_12.7.blif
time = 2337791095 us
--------------- round 197 ---------------
seed = 2144699397
maxLevel = 2
n1006 is replaced by one with estimated error 0.02598
error = 0.02598
area = 1858
delay = 12.7
#gates = 753
output circuit appNtk/alu4_197_0.02598_1858_12.7.blif
time = 2343470383 us
--------------- round 198 ---------------
seed = 1219156752
maxLevel = 2
n164 is replaced by one with estimated error 0.02544
error = 0.02544
area = 1856
delay = 12.7
#gates = 752
output circuit appNtk/alu4_198_0.02544_1856_12.7.blif
time = 2349120927 us
--------------- round 199 ---------------
seed = 3785130470
maxLevel = 2
n664 is replaced by n1036 with estimated error 0.02643
error = 0.02643
area = 1842
delay = 12.7
#gates = 746
output circuit appNtk/alu4_199_0.02643_1842_12.7.blif
time = 2354766470 us
--------------- round 200 ---------------
seed = 1917378237
maxLevel = 2
n762 is replaced by one with estimated error 0.02648
error = 0.02648
area = 1837
delay = 12.7
#gates = 744
output circuit appNtk/alu4_200_0.02648_1837_12.7.blif
time = 2360324529 us
--------------- round 201 ---------------
seed = 881435569
maxLevel = 2
n231 is replaced by one with estimated error 0.0272
error = 0.0272
area = 1834
delay = 12.7
#gates = 743
output circuit appNtk/alu4_201_0.0272_1834_12.7.blif
time = 2365852299 us
--------------- round 202 ---------------
seed = 3532295116
maxLevel = 2
n1122 is replaced by n1064 with estimated error 0.02628
error = 0.02628
area = 1832
delay = 12.7
#gates = 742
output circuit appNtk/alu4_202_0.02628_1832_12.7.blif
time = 2371361066 us
--------------- round 203 ---------------
seed = 2543576326
maxLevel = 2
n1103 is replaced by n221 with estimated error 0.02682
error = 0.02682
area = 1830
delay = 12.7
#gates = 741
output circuit appNtk/alu4_203_0.02682_1830_12.7.blif
time = 2376849893 us
--------------- round 204 ---------------
seed = 3223636699
maxLevel = 2
n531 is replaced by one with estimated error 0.02694
error = 0.02694
area = 1825
delay = 12.7
#gates = 739
output circuit appNtk/alu4_204_0.02694_1825_12.7.blif
time = 2382326943 us
--------------- round 205 ---------------
seed = 1614653474
maxLevel = 2
n391 is replaced by n1061 with estimated error 0.02826
error = 0.02826
area = 1807
delay = 12.7
#gates = 732
output circuit appNtk/alu4_205_0.02826_1807_12.7.blif
time = 2387767788 us
--------------- round 206 ---------------
seed = 4251887559
maxLevel = 2
n745 is replaced by n184 with estimated error 0.02849
error = 0.02849
area = 1804
delay = 12.7
#gates = 731
output circuit appNtk/alu4_206_0.02849_1804_12.7.blif
time = 2393099916 us
--------------- round 207 ---------------
seed = 166109531
maxLevel = 2
n959 is replaced by one with estimated error 0.02912
error = 0.02912
area = 1797
delay = 12.7
#gates = 729
output circuit appNtk/alu4_207_0.02912_1797_12.7.blif
time = 2398410397 us
--------------- round 208 ---------------
seed = 988184739
maxLevel = 2
n94 is replaced by n56 with estimated error 0.02895
error = 0.02895
area = 1790
delay = 12.7
#gates = 726
output circuit appNtk/alu4_208_0.02895_1790_12.7.blif
time = 2403693090 us
--------------- round 209 ---------------
seed = 1136182520
maxLevel = 2
n646 is replaced by n643 with estimated error 0.02967
error = 0.02967
area = 1779
delay = 12.7
#gates = 722
output circuit appNtk/alu4_209_0.02967_1779_12.7.blif
time = 2408934843 us
--------------- round 210 ---------------
seed = 1525078914
maxLevel = 2
exceed error bound
