abc command read data/library/mcnc.genlib
Entered genlib library with 23 gates from file "data/library/mcnc.genlib".
abc command read_blif data/su/alu4.blif
abc command print_stats
[1;37malu4                          :[0m i/o =   14/    8  lat =    0  nd =  1114  edge =   2789  area =2798.00  delay =12.70  lev = 11
--------------- round 1 ---------------
seed = 3240128099
maxLevel = 2
n688 is replaced by n305 with estimated error 0
error = 0
area = 2793
delay = 12.7
#gates = 1114
output circuit appNtk/alu4_1_0_2793_12.7.blif
time = 41704725 us
--------------- round 2 ---------------
seed = 4009555807
maxLevel = 2
n900 is replaced by n1129 with estimated error 0
error = 0
area = 2789
delay = 12.7
#gates = 1112
output circuit appNtk/alu4_2_0_2789_12.7.blif
time = 82253617 us
--------------- round 3 ---------------
seed = 3704304030
maxLevel = 2
n441 is replaced by n1115 with estimated error 0
error = 0
area = 2786
delay = 12.7
#gates = 1111
output circuit appNtk/alu4_3_0_2786_12.7.blif
time = 122660636 us
--------------- round 4 ---------------
seed = 2419906607
maxLevel = 2
n569 is replaced by n979 with estimated error 0
error = 0
area = 2783
delay = 12.7
#gates = 1110
output circuit appNtk/alu4_4_0_2783_12.7.blif
time = 162772582 us
--------------- round 5 ---------------
seed = 3493495757
maxLevel = 2
n1106 is replaced by n1059 with estimated error 0
error = 0
area = 2780
delay = 12.7
#gates = 1109
output circuit appNtk/alu4_5_0_2780_12.7.blif
time = 201407934 us
--------------- round 6 ---------------
seed = 157309378
maxLevel = 2
n409 is replaced by n770 with estimated error 0
error = 0
area = 2777
delay = 12.7
#gates = 1108
output circuit appNtk/alu4_6_0_2777_12.7.blif
time = 239926086 us
--------------- round 7 ---------------
seed = 2553888346
maxLevel = 2
n108 is replaced by n39 with estimated error 0
error = 0
area = 2775
delay = 12.7
#gates = 1107
output circuit appNtk/alu4_7_0_2775_12.7.blif
time = 277797153 us
--------------- round 8 ---------------
seed = 106306518
maxLevel = 2
n659 is replaced by n611 with estimated error 0
error = 0
area = 2773
delay = 12.7
#gates = 1106
output circuit appNtk/alu4_8_0_2773_12.7.blif
time = 313994089 us
--------------- round 9 ---------------
seed = 2331464159
maxLevel = 2
n292 is replaced by n574 with estimated error 0
error = 0
area = 2771
delay = 12.7
#gates = 1105
output circuit appNtk/alu4_9_0_2771_12.7.blif
time = 349743853 us
--------------- round 10 ---------------
seed = 187670774
maxLevel = 2
n325 is replaced by n286 with estimated error 0
error = 0
area = 2769
delay = 12.7
#gates = 1104
output circuit appNtk/alu4_10_0_2769_12.7.blif
time = 377445085 us
--------------- round 11 ---------------
seed = 3351392341
maxLevel = 2
n967 is replaced by n345 with estimated error 0
error = 0
area = 2767
delay = 12.7
#gates = 1103
output circuit appNtk/alu4_11_0_2767_12.7.blif
time = 399547735 us
--------------- round 12 ---------------
seed = 2524979024
maxLevel = 2
n588 is replaced by n327 with estimated error 0
error = 0
area = 2765
delay = 12.7
#gates = 1102
output circuit appNtk/alu4_12_0_2765_12.7.blif
time = 417388714 us
--------------- round 13 ---------------
seed = 1284234374
maxLevel = 2
n799 is replaced by n797 with estimated error 0
error = 0
area = 2764
delay = 12.7
#gates = 1101
output circuit appNtk/alu4_13_0_2764_12.7.blif
time = 435373154 us
--------------- round 14 ---------------
seed = 1429667949
maxLevel = 2
n334 is replaced by n408 with estimated error 0
error = 0
area = 2763
delay = 12.7
#gates = 1100
output circuit appNtk/alu4_14_0_2763_12.7.blif
time = 450276500 us
--------------- round 15 ---------------
seed = 4257782420
maxLevel = 2
n635 is replaced by one with estimated error 3e-05
error = 3e-05
area = 2759
delay = 12.7
#gates = 1099
output circuit appNtk/alu4_15_3e-05_2759_12.7.blif
time = 463260141 us
--------------- round 16 ---------------
seed = 3186680728
maxLevel = 2
n854 is replaced by n439 with estimated error 9e-05
error = 9e-05
area = 2756
delay = 12.7
#gates = 1097
output circuit appNtk/alu4_16_9e-05_2756_12.7.blif
time = 478535889 us
--------------- round 17 ---------------
seed = 1897860989
maxLevel = 2
n858 is replaced by one with estimated error 6e-05
error = 6e-05
area = 2752
delay = 12.7
#gates = 1096
output circuit appNtk/alu4_17_6e-05_2752_12.7.blif
time = 493072316 us
--------------- round 18 ---------------
seed = 312273104
maxLevel = 2
n898 is replaced by zero with estimated error 0.0001
error = 0.0001
area = 2749
delay = 12.7
#gates = 1095
output circuit appNtk/alu4_18_0.0001_2749_12.7.blif
time = 506092865 us
--------------- round 19 ---------------
seed = 3380977621
maxLevel = 2
n559 is replaced by one with estimated error 0.00025
error = 0.00025
area = 2745
delay = 12.7
#gates = 1094
output circuit appNtk/alu4_19_0.00025_2745_12.7.blif
time = 522974201 us
--------------- round 20 ---------------
seed = 2682168395
maxLevel = 2
n901 is replaced by one with estimated error 0.00029
error = 0.00029
area = 2739
delay = 12.7
#gates = 1092
output circuit appNtk/alu4_20_0.00029_2739_12.7.blif
time = 538162956 us
--------------- round 21 ---------------
seed = 3629603819
maxLevel = 2
n629 is replaced by one with estimated error 0.00036
error = 0.00036
area = 2736
delay = 12.7
#gates = 1091
output circuit appNtk/alu4_21_0.00036_2736_12.7.blif
time = 554670207 us
--------------- round 22 ---------------
seed = 277906156
maxLevel = 2
n289 is replaced by one with estimated error 0.00046
error = 0.00046
area = 2733
delay = 12.7
#gates = 1090
output circuit appNtk/alu4_22_0.00046_2733_12.7.blif
time = 568117667 us
--------------- round 23 ---------------
seed = 154727299
maxLevel = 2
n560 is replaced by one with estimated error 0.0005
error = 0.0005
area = 2729
delay = 12.7
#gates = 1089
output circuit appNtk/alu4_23_0.0005_2729_12.7.blif
time = 581363228 us
--------------- round 24 ---------------
seed = 2745149589
maxLevel = 2
n316 is replaced by one with estimated error 0.00052
error = 0.00052
area = 2726
delay = 12.7
#gates = 1088
output circuit appNtk/alu4_24_0.00052_2726_12.7.blif
time = 594058664 us
--------------- round 25 ---------------
seed = 630568609
maxLevel = 2
n496 is replaced by one with estimated error 0.00067
error = 0.00067
area = 2723
delay = 12.7
#gates = 1087
output circuit appNtk/alu4_25_0.00067_2723_12.7.blif
time = 606803081 us
--------------- round 26 ---------------
seed = 3008479869
maxLevel = 2
n513 is replaced by one with estimated error 0.00064
error = 0.00064
area = 2720
delay = 12.7
#gates = 1086
output circuit appNtk/alu4_26_0.00064_2720_12.7.blif
time = 619549342 us
--------------- round 27 ---------------
seed = 2535376800
maxLevel = 2
n613 is replaced by n160 with estimated error 0.00065
error = 0.00065
area = 2718
delay = 12.7
#gates = 1085
output circuit appNtk/alu4_27_0.00065_2718_12.7.blif
time = 632030153 us
--------------- round 28 ---------------
seed = 1602389206
maxLevel = 2
n614 is replaced by n641 with estimated error 0.00073
error = 0.00073
area = 2715
delay = 12.7
#gates = 1084
output circuit appNtk/alu4_28_0.00073_2715_12.7.blif
time = 650548146 us
--------------- round 29 ---------------
seed = 2566284834
maxLevel = 2
n397 is replaced by zero with estimated error 0.00087
error = 0.00087
area = 2713
delay = 12.7
#gates = 1083
output circuit appNtk/alu4_29_0.00087_2713_12.7.blif
time = 677941885 us
--------------- round 30 ---------------
seed = 4066420413
maxLevel = 2
n476 is replaced by one with estimated error 0.0012
error = 0.0012
area = 2696
delay = 12.7
#gates = 1078
output circuit appNtk/alu4_30_0.0012_2696_12.7.blif
time = 704341567 us
--------------- round 31 ---------------
seed = 583960685
maxLevel = 2
n507 is replaced by n1077 with estimated error 0.001
error = 0.001
area = 2681
delay = 12.7
#gates = 1072
output circuit appNtk/alu4_31_0.001_2681_12.7.blif
time = 722734567 us
--------------- round 32 ---------------
seed = 4056209944
maxLevel = 2
n928 is replaced by one with estimated error 0.00095
error = 0.00095
area = 2677
delay = 12.7
#gates = 1071
output circuit appNtk/alu4_32_0.00095_2677_12.7.blif
time = 743769679 us
--------------- round 33 ---------------
seed = 3313227942
maxLevel = 2
n318 is replaced by n883 with estimated error 0.00136
error = 0.00136
area = 2669
delay = 12.7
#gates = 1068
output circuit appNtk/alu4_33_0.00136_2669_12.7.blif
time = 766560899 us
--------------- round 34 ---------------
seed = 656759985
maxLevel = 2
n562 is replaced by one with estimated error 0.00124
error = 0.00124
area = 2664
delay = 12.7
#gates = 1066
output circuit appNtk/alu4_34_0.00124_2664_12.7.blif
time = 787776088 us
--------------- round 35 ---------------
seed = 2468257991
maxLevel = 2
n487 is replaced by one with estimated error 0.00137
error = 0.00137
area = 2658
delay = 12.7
#gates = 1064
output circuit appNtk/alu4_35_0.00137_2658_12.7.blif
time = 808200530 us
--------------- round 36 ---------------
seed = 2228584425
maxLevel = 2
n489 is replaced by one with estimated error 0.00147
error = 0.00147
area = 2649
delay = 12.7
#gates = 1061
output circuit appNtk/alu4_36_0.00147_2649_12.7.blif
time = 827199082 us
--------------- round 37 ---------------
seed = 3076465821
maxLevel = 2
n843 is replaced by one with estimated error 0.0015
error = 0.0015
area = 2645
delay = 12.7
#gates = 1060
output circuit appNtk/alu4_37_0.0015_2645_12.7.blif
time = 851277446 us
--------------- round 38 ---------------
seed = 736992683
maxLevel = 2
n511 is replaced by one with estimated error 0.00153
error = 0.00153
area = 2641
delay = 12.7
#gates = 1059
output circuit appNtk/alu4_38_0.00153_2641_12.7.blif
time = 874361262 us
--------------- round 39 ---------------
seed = 1526717705
maxLevel = 2
n1127 is replaced by one with estimated error 0.0018
error = 0.0018
area = 2636
delay = 12.7
#gates = 1057
output circuit appNtk/alu4_39_0.0018_2636_12.7.blif
time = 895361935 us
--------------- round 40 ---------------
seed = 2678663117
maxLevel = 2
n343 is replaced by n344 with estimated error 0.00172
error = 0.00172
area = 2634
delay = 12.7
#gates = 1056
output circuit appNtk/alu4_40_0.00172_2634_12.7.blif
time = 916598026 us
--------------- round 41 ---------------
seed = 78997609
maxLevel = 2
n346 is replaced by n1051 with estimated error 0.00188
error = 0.00188
area = 2632
delay = 12.7
#gates = 1055
output circuit appNtk/alu4_41_0.00188_2632_12.7.blif
time = 939440311 us
--------------- round 42 ---------------
seed = 1563606568
maxLevel = 2
n986 is replaced by zero with estimated error 0.00192
error = 0.00192
area = 2630
delay = 12.7
#gates = 1054
output circuit appNtk/alu4_42_0.00192_2630_12.7.blif
time = 959448394 us
--------------- round 43 ---------------
seed = 2254848886
maxLevel = 2
n345 is replaced by n444 with estimated error 0.0018
error = 0.0018
area = 2628
delay = 12.7
#gates = 1053
output circuit appNtk/alu4_43_0.0018_2628_12.7.blif
time = 974138184 us
--------------- round 44 ---------------
seed = 4177470096
maxLevel = 2
n944 is replaced by one with estimated error 0.00216
error = 0.00216
area = 2625
delay = 12.7
#gates = 1052
output circuit appNtk/alu4_44_0.00216_2625_12.7.blif
time = 988815783 us
--------------- round 45 ---------------
seed = 3509657700
maxLevel = 2
n362 is replaced by n422 with estimated error 0.00194
error = 0.00194
area = 2622
delay = 12.7
#gates = 1051
output circuit appNtk/alu4_45_0.00194_2622_12.7.blif
time = 1009945124 us
--------------- round 46 ---------------
seed = 289441573
maxLevel = 2
n361 is replaced by n336 with estimated error 0.00193
error = 0.00193
area = 2621
delay = 12.7
#gates = 1050
output circuit appNtk/alu4_46_0.00193_2621_12.7.blif
time = 1028072218 us
--------------- round 47 ---------------
seed = 2488211846
maxLevel = 2
n572 is replaced by zero with estimated error 0.00227
error = 0.00227
area = 2619
delay = 12.7
#gates = 1049
output circuit appNtk/alu4_47_0.00227_2619_12.7.blif
time = 1046468417 us
--------------- round 48 ---------------
seed = 2459718703
maxLevel = 2
n469 is replaced by one with estimated error 0.00208
error = 0.00208
area = 2611
delay = 12.7
#gates = 1046
output circuit appNtk/alu4_48_0.00208_2611_12.7.blif
time = 1062400195 us
--------------- round 49 ---------------
seed = 2776427500
maxLevel = 2
n347 is replaced by zero with estimated error 0.00236
error = 0.00236
area = 2608
delay = 12.7
#gates = 1045
output circuit appNtk/alu4_49_0.00236_2608_12.7.blif
time = 1074543756 us
--------------- round 50 ---------------
seed = 3006411309
maxLevel = 2
n515 is replaced by one with estimated error 0.0025
error = 0.0025
area = 2600
delay = 12.7
#gates = 1042
output circuit appNtk/alu4_50_0.0025_2600_12.7.blif
time = 1086291019 us
--------------- round 51 ---------------
seed = 4105865830
maxLevel = 2
n950 is replaced by one with estimated error 0.00242
error = 0.00242
area = 2598
delay = 12.7
#gates = 1041
output circuit appNtk/alu4_51_0.00242_2598_12.7.blif
time = 1098543522 us
--------------- round 52 ---------------
seed = 1548725106
maxLevel = 2
n940 is replaced by zero with estimated error 0.00239
error = 0.00239
area = 2594
delay = 12.7
#gates = 1040
output circuit appNtk/alu4_52_0.00239_2594_12.7.blif
time = 1110396361 us
--------------- round 53 ---------------
seed = 814613824
maxLevel = 2
n1026 is replaced by one with estimated error 0.00261
error = 0.00261
area = 2591
delay = 12.7
#gates = 1039
output circuit appNtk/alu4_53_0.00261_2591_12.7.blif
time = 1122236955 us
--------------- round 54 ---------------
seed = 4000958468
maxLevel = 2
n497 is replaced by one with estimated error 0.00263
error = 0.00263
area = 2588
delay = 12.7
#gates = 1038
output circuit appNtk/alu4_54_0.00263_2588_12.7.blif
time = 1134036225 us
--------------- round 55 ---------------
seed = 4069834963
maxLevel = 2
n1004 is replaced by one with estimated error 0.00269
error = 0.00269
area = 2585
delay = 12.7
#gates = 1037
output circuit appNtk/alu4_55_0.00269_2585_12.7.blif
time = 1145327372 us
--------------- round 56 ---------------
seed = 2851084201
maxLevel = 2
n465 is replaced by one with estimated error 0.00269
error = 0.00269
area = 2578
delay = 12.7
#gates = 1034
output circuit appNtk/alu4_56_0.00269_2578_12.7.blif
time = 1156944557 us
--------------- round 57 ---------------
seed = 2049200255
maxLevel = 2
exceed error bound
