abc command read data/library/mcnc.genlib
Entered genlib library with 23 gates from file "data/library/mcnc.genlib".
abc command read_blif data/su/c5315.blif
Line 20: Skipping line ".default_input_arrival 0.00 0.00 ".
Line 21: Skipping line ".default_output_required 0.00 0.00 ".
Line 22: Skipping line ".default_input_drive 0.10 0.10 ".
Line 23: Skipping line ".default_output_load 2.00 ".
Line 24: Skipping line ".default_max_input_load 999.00 ".
abc command print_stats
[1;37mc5315                         :[0m i/o =  178/  123  lat =    0  nd =   968  edge =   2328  area =2451.00  delay =47.50  lev = 33
--------------- round 1 ---------------
seed = 2194869943
maxLevel = 2
n1087 is replaced by n1074 with inverter with estimated error 0
error = 0
area = 2443
delay = 47.5
#gates = 968
output circuit appNtk/c5315_1_0_2443_47.5.blif
time = 9401525 us
--------------- round 2 ---------------
seed = 4153667052
maxLevel = 2
n1084 is replaced by n534 with inverter with estimated error 0
error = 0
area = 2432
delay = 47.5
#gates = 964
output circuit appNtk/c5315_2_0_2432_47.5.blif
time = 16618110 us
--------------- round 3 ---------------
seed = 4064243754
maxLevel = 2
n755 is replaced by n485 with estimated error 0
error = 0
area = 2429
delay = 47.5
#gates = 962
output circuit appNtk/c5315_3_0_2429_47.5.blif
time = 23203262 us
--------------- round 4 ---------------
seed = 3582035546
maxLevel = 2
n728 is replaced by n727 with estimated error 0
error = 0
area = 2426
delay = 47.5
#gates = 961
output circuit appNtk/c5315_4_0_2426_47.5.blif
time = 30013009 us
--------------- round 5 ---------------
seed = 1469847261
maxLevel = 2
n1266 is replaced by n825 with estimated error 0
error = 0
area = 2424
delay = 47.5
#gates = 960
output circuit appNtk/c5315_5_0_2424_47.5.blif
time = 36652026 us
--------------- round 6 ---------------
seed = 56279779
maxLevel = 2
n1260 is replaced by n812 with estimated error 0
error = 0
area = 2421
delay = 47.5
#gates = 958
output circuit appNtk/c5315_6_0_2421_47.5.blif
time = 43840129 us
--------------- round 7 ---------------
seed = 3342077323
maxLevel = 2
n1183 is replaced by n1182 with inverter with estimated error 0
error = 0
area = 2419
delay = 47.5
#gates = 958
output circuit appNtk/c5315_7_0_2419_47.5.blif
time = 50766600 us
--------------- round 8 ---------------
seed = 722788932
maxLevel = 2
n1116 is replaced by n395 with estimated error 0
error = 0
area = 2417
delay = 47.5
#gates = 957
output circuit appNtk/c5315_8_0_2417_47.5.blif
time = 57467089 us
--------------- round 9 ---------------
seed = 385879555
maxLevel = 2
n379 is replaced by 308 with estimated error 0
error = 0
area = 2415
delay = 47.5
#gates = 956
output circuit appNtk/c5315_9_0_2415_47.5.blif
time = 64051466 us
--------------- round 10 ---------------
seed = 85105515
maxLevel = 2
n389 is replaced by 341 with estimated error 0
error = 0
area = 2413
delay = 47.5
#gates = 955
output circuit appNtk/c5315_10_0_2413_47.5.blif
time = 71224050 us
--------------- round 11 ---------------
seed = 2175052132
maxLevel = 2
n463 is replaced by 210 with estimated error 0
error = 0
area = 2411
delay = 47.5
#gates = 954
output circuit appNtk/c5315_11_0_2411_47.5.blif
time = 77661403 us
--------------- round 12 ---------------
seed = 943186833
maxLevel = 2
n396 is replaced by 324 with estimated error 0
error = 0
area = 2409
delay = 47.5
#gates = 953
output circuit appNtk/c5315_12_0_2409_47.5.blif
time = 84595618 us
--------------- round 13 ---------------
seed = 1831200943
maxLevel = 2
n477 is replaced by 218 with estimated error 0
error = 0
area = 2407
delay = 47.5
#gates = 952
output circuit appNtk/c5315_13_0_2407_47.5.blif
time = 91738730 us
--------------- round 14 ---------------
seed = 2168016411
maxLevel = 2
n413 is replaced by 316 with estimated error 0
error = 0
area = 2405
delay = 47.5
#gates = 951
output circuit appNtk/c5315_14_0_2405_47.5.blif
time = 99546193 us
--------------- round 15 ---------------
seed = 658616750
maxLevel = 2
n366 is replaced by 351 with estimated error 0
error = 0
area = 2403
delay = 47.5
#gates = 950
output circuit appNtk/c5315_15_0_2403_47.5.blif
time = 105982644 us
--------------- round 16 ---------------
seed = 3279478389
maxLevel = 2
n422 is replaced by 206 with estimated error 0
error = 0
area = 2401
delay = 47.5
#gates = 949
output circuit appNtk/c5315_16_0_2401_47.5.blif
time = 111799942 us
--------------- round 17 ---------------
seed = 689777506
maxLevel = 2
n426 is replaced by 257 with estimated error 0
error = 0
area = 2399
delay = 47.5
#gates = 948
output circuit appNtk/c5315_17_0_2399_47.5.blif
time = 117840650 us
--------------- round 18 ---------------
seed = 2202504278
maxLevel = 2
n434 is replaced by 226 with estimated error 0
error = 0
area = 2397
delay = 47.5
#gates = 947
output circuit appNtk/c5315_18_0_2397_47.5.blif
time = 123597405 us
--------------- round 19 ---------------
seed = 1251374625
maxLevel = 2
n441 is replaced by 281 with estimated error 0
error = 0
area = 2395
delay = 47.5
#gates = 946
output circuit appNtk/c5315_19_0_2395_47.5.blif
time = 129525383 us
--------------- round 20 ---------------
seed = 572885337
maxLevel = 2
n448 is replaced by 265 with estimated error 0
error = 0
area = 2393
delay = 47.5
#gates = 945
output circuit appNtk/c5315_20_0_2393_47.5.blif
time = 135545496 us
--------------- round 21 ---------------
seed = 3014438737
maxLevel = 2
n455 is replaced by 273 with estimated error 0
error = 0
area = 2391
delay = 47.5
#gates = 944
output circuit appNtk/c5315_21_0_2391_47.5.blif
time = 141444854 us
--------------- round 22 ---------------
seed = 484721716
maxLevel = 2
n470 is replaced by 234 with estimated error 0
error = 0
area = 2389
delay = 47.5
#gates = 943
output circuit appNtk/c5315_22_0_2389_47.5.blif
time = 147363249 us
--------------- round 23 ---------------
seed = 3771805917
maxLevel = 2
n1200 is replaced by 218 with estimated error 0
error = 0
area = 2387
delay = 47.5
#gates = 942
output circuit appNtk/c5315_23_0_2387_47.5.blif
time = 153250948 us
--------------- round 24 ---------------
seed = 1289541038
maxLevel = 2
n1149 is replaced by 566 with inverter with estimated error 0
error = 0
area = 2386
delay = 47.5
#gates = 942
output circuit appNtk/c5315_24_0_2386_47.5.blif
time = 159218391 us
--------------- round 25 ---------------
seed = 2922387559
maxLevel = 2
n1039 is replaced by n368 with estimated error 0
error = 0
area = 2385
delay = 47.5
#gates = 941
output circuit appNtk/c5315_25_0_2385_47.5.blif
time = 165392158 us
--------------- round 26 ---------------
seed = 2587476475
maxLevel = 2
n1109 is replaced by 351 with estimated error 0
error = 0
area = 2383
delay = 47.5
#gates = 940
output circuit appNtk/c5315_26_0_2383_47.5.blif
time = 171203174 us
--------------- round 27 ---------------
seed = 1512144869
maxLevel = 2
n799 is replaced by n534 with estimated error 0
error = 0
area = 2382
delay = 47.5
#gates = 939
output circuit appNtk/c5315_27_0_2382_47.5.blif
time = 176979124 us
--------------- round 28 ---------------
seed = 1891303522
maxLevel = 2
n1054 is replaced by 583 with inverter with estimated error 0
error = 0
area = 2381
delay = 47.4
#gates = 939
output circuit appNtk/c5315_28_0_2381_47.4.blif
time = 182248470 us
--------------- round 29 ---------------
seed = 1037016434
maxLevel = 2
n784 is replaced by n520 with estimated error 0.00096
error = 0.00096
area = 2371
delay = 47.4
#gates = 935
output circuit appNtk/c5315_29_0.00096_2371_47.4.blif
time = 187946384 us
--------------- round 30 ---------------
seed = 2372155435
maxLevel = 2
n809 is replaced by n554 with estimated error 0.00198
error = 0.00198
area = 2362
delay = 47.4
#gates = 932
output circuit appNtk/c5315_30_0.00198_2362_47.4.blif
time = 193536092 us
--------------- round 31 ---------------
seed = 829008416
maxLevel = 2
n938 is replaced by zero with estimated error 0.00429
error = 0.00429
area = 2351
delay = 47.4
#gates = 928
output circuit appNtk/c5315_31_0.00429_2351_47.4.blif
time = 199090882 us
--------------- round 32 ---------------
seed = 3411274071
maxLevel = 2
n787 is replaced by n594 with inverter with estimated error 0.00548
error = 0.00548
area = 2346
delay = 47.4
#gates = 927
output circuit appNtk/c5315_32_0.00548_2346_47.4.blif
time = 204714772 us
--------------- round 33 ---------------
seed = 3459320310
maxLevel = 2
n794 is replaced by zero with estimated error 0.00542
error = 0.00542
area = 2343
delay = 47.4
#gates = 926
output circuit appNtk/c5315_33_0.00542_2343_47.4.blif
Abc_NtkLogicToNetlist() warning: The network is converted to have simple COs.
time = 209727373 us
--------------- round 34 ---------------
seed = 3916316941
maxLevel = 2
n521 is replaced by zero with estimated error 0.00591
error = 0.00591
area = 2336
delay = 47.4
#gates = 923
output circuit appNtk/c5315_34_0.00591_2336_47.4.blif
Abc_NtkLogicToNetlist() warning: The network is converted to have simple COs.
time = 214586333 us
--------------- round 35 ---------------
seed = 2055670042
maxLevel = 2
n522 is replaced by zero with estimated error 0.00668
error = 0.00668
area = 2335
delay = 47.4
#gates = 922
output circuit appNtk/c5315_35_0.00668_2335_47.4.blif
Abc_NtkLogicToNetlist() warning: The network is converted to have simple COs.
time = 219499026 us
--------------- round 36 ---------------
seed = 2561656931
maxLevel = 2
n558 is replaced by zero with estimated error 0.00646
error = 0.00646
area = 2334
delay = 47.4
#gates = 921
output circuit appNtk/c5315_36_0.00646_2334_47.4.blif
Abc_NtkLogicToNetlist() warning: The network is converted to have simple COs.
time = 224437204 us
--------------- round 37 ---------------
seed = 2646355299
maxLevel = 2
n810 is replaced by n555 with estimated error 0.00718
error = 0.00718
area = 2331
delay = 47.4
#gates = 920
output circuit appNtk/c5315_37_0.00718_2331_47.4.blif
Abc_NtkLogicToNetlist() warning: The network is converted to have simple COs.
time = 229299932 us
--------------- round 38 ---------------
seed = 1413039858
maxLevel = 2
n785 is replaced by n593 with estimated error 0.00759
error = 0.00759
area = 2330
delay = 47.4
#gates = 919
output circuit appNtk/c5315_38_0.00759_2330_47.4.blif
Abc_NtkLogicToNetlist() warning: The network is converted to have simple COs.
time = 234027237 us
--------------- round 39 ---------------
seed = 2262049229
maxLevel = 2
exceed error bound
