abc command read data/library/mcnc.genlib
Entered genlib library with 23 gates from file "data/library/mcnc.genlib".
abc command read_blif data/su/ksa32.blif
Line 11: Skipping line ".default_input_arrival 0.00 0.00 ".
Line 12: Skipping line ".default_output_required 0.00 0.00 ".
Line 13: Skipping line ".default_input_drive 0.10 0.10 ".
Line 14: Skipping line ".default_output_load 2.00 ".
Line 15: Skipping line ".default_max_input_load 999.00 ".
abc command print_stats
[1;37mksa32                         :[0m i/o =   64/   33  lat =    0  nd =   513  edge =   1090  area =1128.00  delay =17.80  lev = 14
--------------- round 1 ---------------
seed = 3855953516
maxLevel = 2
n493 is replaced by n459 with estimated error 0
error = 0
area = 1124
delay = 17.8
#gates = 513
output circuit appNtk/ksa32_1_0_1124_17.8.blif
time = 9734831 us
--------------- round 2 ---------------
seed = 830782731
maxLevel = 2
n501 is replaced by n499 with estimated error 1e-05
error = 1e-05
area = 1123
delay = 17.8
#gates = 512
output circuit appNtk/ksa32_2_1e-05_1123_17.8.blif
time = 17776486 us
--------------- round 3 ---------------
seed = 1680479709
maxLevel = 2
n472 is replaced by one with estimated error 3e-05
error = 3e-05
area = 1119
delay = 17.8
#gates = 510
output circuit appNtk/ksa32_3_3e-05_1119_17.8.blif
time = 25508069 us
--------------- round 4 ---------------
seed = 2377274073
maxLevel = 2
n511 is replaced by n532 with estimated error 2e-05
error = 2e-05
area = 1115
delay = 17.7
#gates = 508
output circuit appNtk/ksa32_4_2e-05_1115_17.7.blif
time = 32999935 us
--------------- round 5 ---------------
seed = 3735207271
maxLevel = 2
n532 is replaced by one with estimated error 0
error = 0
area = 1111
delay = 17.7
#gates = 506
output circuit appNtk/ksa32_5_0_1111_17.7.blif
time = 41133770 us
--------------- round 6 ---------------
seed = 3200289562
maxLevel = 2
n326 is replaced by n345 with estimated error 3e-05
error = 3e-05
area = 1108
delay = 17.7
#gates = 505
output circuit appNtk/ksa32_6_3e-05_1108_17.7.blif
time = 48662525 us
--------------- round 7 ---------------
seed = 1196489408
maxLevel = 2
n361 is replaced by zero with estimated error 0
error = 0
area = 1105
delay = 17.7
#gates = 504
output circuit appNtk/ksa32_7_0_1105_17.7.blif
time = 56157591 us
--------------- round 8 ---------------
seed = 1251577177
maxLevel = 2
n435 is replaced by one with estimated error 5e-05
error = 5e-05
area = 1102
delay = 17.7
#gates = 503
output circuit appNtk/ksa32_8_5e-05_1102_17.7.blif
time = 63533268 us
--------------- round 9 ---------------
seed = 262208589
maxLevel = 2
n345 is replaced by zero with estimated error 0
error = 0
area = 1099
delay = 17.7
#gates = 502
output circuit appNtk/ksa32_9_0_1099_17.7.blif
time = 70756442 us
--------------- round 10 ---------------
seed = 3878309487
maxLevel = 2
n459 is replaced by one with estimated error 4e-05
error = 4e-05
area = 1096
delay = 17.7
#gates = 501
output circuit appNtk/ksa32_10_4e-05_1096_17.7.blif
time = 78229252 us
--------------- round 11 ---------------
seed = 2210917523
maxLevel = 2
n380 is replaced by zero with estimated error 3e-05
error = 3e-05
area = 1093
delay = 17.7
#gates = 500
output circuit appNtk/ksa32_11_3e-05_1093_17.7.blif
time = 85669339 us
--------------- round 12 ---------------
seed = 350825954
maxLevel = 2
n418 is replaced by one with estimated error 4e-05
error = 4e-05
area = 1090
delay = 17.7
#gates = 499
output circuit appNtk/ksa32_12_4e-05_1090_17.7.blif
time = 92610556 us
--------------- round 13 ---------------
seed = 1669497249
maxLevel = 2
n605 is replaced by one with estimated error 6e-05
error = 6e-05
area = 1088
delay = 17.7
#gates = 498
output circuit appNtk/ksa32_13_6e-05_1088_17.7.blif
time = 99727792 us
--------------- round 14 ---------------
seed = 1249395854
maxLevel = 2
n586 is replaced by n550 with estimated error 2e-05
error = 2e-05
area = 1086
delay = 17.7
#gates = 497
output circuit appNtk/ksa32_14_2e-05_1086_17.7.blif
time = 106675269 us
--------------- round 15 ---------------
seed = 329255344
maxLevel = 2
n397 is replaced by one with estimated error 4e-05
error = 4e-05
area = 1083
delay = 17.7
#gates = 496
output circuit appNtk/ksa32_15_4e-05_1083_17.7.blif
time = 113504063 us
--------------- round 16 ---------------
seed = 2634192868
maxLevel = 2
n569 is replaced by one with estimated error 6e-05
error = 6e-05
area = 1081
delay = 17.7
#gates = 495
output circuit appNtk/ksa32_16_6e-05_1081_17.7.blif
time = 120564025 us
--------------- round 17 ---------------
seed = 117252349
maxLevel = 2
n550 is replaced by one with estimated error 0.0001
error = 0.0001
area = 1079
delay = 17.7
#gates = 494
output circuit appNtk/ksa32_17_0.0001_1079_17.7.blif
time = 127679223 us
--------------- round 18 ---------------
seed = 2840945332
maxLevel = 2
n425 is replaced by n423 with estimated error 7e-05
error = 7e-05
area = 1078
delay = 17.7
#gates = 493
output circuit appNtk/ksa32_18_7e-05_1078_17.7.blif
time = 134601492 us
--------------- round 19 ---------------
seed = 1017374339
maxLevel = 2
n594 is replaced by n592 with estimated error 6e-05
error = 6e-05
area = 1077
delay = 17.7
#gates = 492
output circuit appNtk/ksa32_19_6e-05_1077_17.7.blif
time = 141467374 us
--------------- round 20 ---------------
seed = 814567760
maxLevel = 2
n593 is replaced by n609 with inverter with estimated error 7e-05
error = 7e-05
area = 1075
delay = 17.7
#gates = 492
output circuit appNtk/ksa32_20_7e-05_1075_17.7.blif
time = 148237132 us
--------------- round 21 ---------------
seed = 1824089742
maxLevel = 2
n610 is replaced by n613 with estimated error 6e-05
error = 6e-05
area = 1072
delay = 17.7
#gates = 491
output circuit appNtk/ksa32_21_6e-05_1072_17.7.blif
time = 154722368 us
--------------- round 22 ---------------
seed = 4109781739
maxLevel = 2
n576 is replaced by n574 with estimated error 4e-05
error = 4e-05
area = 1071
delay = 17.7
#gates = 490
output circuit appNtk/ksa32_22_4e-05_1071_17.7.blif
time = 161320435 us
--------------- round 23 ---------------
seed = 4232138029
maxLevel = 2
n558 is replaced by n556 with estimated error 3e-05
error = 3e-05
area = 1070
delay = 17.7
#gates = 489
output circuit appNtk/ksa32_23_3e-05_1070_17.7.blif
time = 167288428 us
--------------- round 24 ---------------
seed = 2313412940
maxLevel = 2
n557 is replaced by n575 with estimated error 7e-05
error = 7e-05
area = 1067
delay = 17.7
#gates = 488
output circuit appNtk/ksa32_24_7e-05_1067_17.7.blif
time = 173744166 us
--------------- round 25 ---------------
seed = 2038287497
maxLevel = 2
n407 is replaced by n405 with estimated error 6e-05
error = 6e-05
area = 1066
delay = 17.7
#gates = 487
output circuit appNtk/ksa32_25_6e-05_1066_17.7.blif
time = 179900852 us
--------------- round 26 ---------------
seed = 4043677630
maxLevel = 2
n406 is replaced by n424 with estimated error 5e-05
error = 5e-05
area = 1064
delay = 17.7
#gates = 486
output circuit appNtk/ksa32_26_5e-05_1064_17.7.blif
time = 186176785 us
--------------- round 27 ---------------
seed = 2454945252
maxLevel = 2
n540 is replaced by n538 with estimated error 3e-05
error = 3e-05
area = 1063
delay = 17.7
#gates = 485
output circuit appNtk/ksa32_27_3e-05_1063_17.7.blif
time = 192012877 us
--------------- round 28 ---------------
seed = 2415620466
maxLevel = 2
n521 is replaced by n519 with estimated error 0.0001
error = 0.0001
area = 1062
delay = 17.7
#gates = 484
output circuit appNtk/ksa32_28_0.0001_1062_17.7.blif
time = 198177203 us
--------------- round 29 ---------------
seed = 3086361101
maxLevel = 2
n520 is replaced by n539 with estimated error 4e-05
error = 4e-05
area = 1060
delay = 17.7
#gates = 483
output circuit appNtk/ksa32_29_4e-05_1060_17.7.blif
time = 204027944 us
--------------- round 30 ---------------
seed = 1855046683
maxLevel = 2
n482 is replaced by n480 with estimated error 6e-05
error = 6e-05
area = 1059
delay = 17.7
#gates = 482
output circuit appNtk/ksa32_30_6e-05_1059_17.7.blif
time = 209629665 us
--------------- round 31 ---------------
seed = 2625070865
maxLevel = 2
n481 is replaced by n500 with estimated error 6e-05
error = 6e-05
area = 1057
delay = 17.7
#gates = 481
output circuit appNtk/ksa32_31_6e-05_1057_17.7.blif
time = 215445357 us
--------------- round 32 ---------------
seed = 4022319259
maxLevel = 2
n466 is replaced by n464 with estimated error 6e-05
error = 6e-05
area = 1056
delay = 17.7
#gates = 480
output circuit appNtk/ksa32_32_6e-05_1056_17.7.blif
time = 221170032 us
--------------- round 33 ---------------
seed = 1137321951
maxLevel = 2
n444 is replaced by n442 with estimated error 5e-05
error = 5e-05
area = 1055
delay = 17.7
#gates = 479
output circuit appNtk/ksa32_33_5e-05_1055_17.7.blif
time = 226573235 us
--------------- round 34 ---------------
seed = 774520677
maxLevel = 2
n443 is replaced by n465 with estimated error 8e-05
error = 8e-05
area = 1053
delay = 17.7
#gates = 478
output circuit appNtk/ksa32_34_8e-05_1053_17.7.blif
time = 231934712 us
--------------- round 35 ---------------
seed = 190193070
maxLevel = 2
n434 is replaced by n417 with estimated error 0.0007
error = 0.0007
area = 1049
delay = 17.7
#gates = 476
output circuit appNtk/ksa32_35_0.0007_1049_17.7.blif
time = 237384663 us
--------------- round 36 ---------------
seed = 1284221847
maxLevel = 2
exceed error bound
