abc command read data/library/mcnc.genlib
Entered genlib library with 23 gates from file "data/library/mcnc.genlib".
abc command read_blif data/su/mtp8.blif
Line 7: Skipping line ".default_input_arrival 0.00 0.00 ".
Line 8: Skipping line ".default_output_required 0.00 0.00 ".
Line 9: Skipping line ".default_input_drive 0.10 0.10 ".
Line 10: Skipping line ".default_output_load 2.00 ".
Line 11: Skipping line ".default_max_input_load 999.00 ".
abc command print_stats
[1;37mmtp8                          :[0m i/o =   16/   16  lat =    0  nd =   430  edge =   1037  area =1069.00  delay =37.80  lev = 32
--------------- round 1 ---------------
seed = 3587352748
maxLevel = 2
n272 is replaced by n36 with estimated error 0
error = 0
area = 1065
delay = 37.8
#gates = 430
output circuit appNtk/mtp8_1_0_1065_37.8.blif
time = 15113287 us
--------------- round 2 ---------------
seed = 3828146439
maxLevel = 2
n37 is replaced by n273 with estimated error 0
error = 0
area = 1061
delay = 37.8
#gates = 429
output circuit appNtk/mtp8_2_0_1061_37.8.blif
time = 30053116 us
--------------- round 3 ---------------
seed = 3971918637
maxLevel = 2
n44 is replaced by y[0] with estimated error 0
error = 0
area = 1057
delay = 37.8
#gates = 428
output circuit appNtk/mtp8_3_0_1057_37.8.blif
time = 45267874 us
--------------- round 4 ---------------
seed = 3332023500
maxLevel = 2
n389 is replaced by n403 with estimated error 0
error = 0
area = 1054
delay = 37.8
#gates = 427
output circuit appNtk/mtp8_4_0_1054_37.8.blif
time = 60411411 us
--------------- round 5 ---------------
seed = 1922576515
maxLevel = 2
n126 is replaced by n137 with estimated error 0
error = 0
area = 1052
delay = 37.8
#gates = 426
output circuit appNtk/mtp8_5_0_1052_37.8.blif
time = 75701663 us
--------------- round 6 ---------------
seed = 4172565520
maxLevel = 2
n202 is replaced by n201 with estimated error 0
error = 0
area = 1050
delay = 37.8
#gates = 425
output circuit appNtk/mtp8_6_0_1050_37.8.blif
time = 91106345 us
--------------- round 7 ---------------
seed = 3447453736
maxLevel = 2
n198 is replaced by n165 with inverter with estimated error 0
error = 0
area = 1048
delay = 37.8
#gates = 425
output circuit appNtk/mtp8_7_0_1048_37.8.blif
time = 106200691 us
--------------- round 8 ---------------
seed = 3289137540
maxLevel = 2
n59 is replaced by n54 with estimated error 0
error = 0
area = 1047
delay = 37.8
#gates = 424
output circuit appNtk/mtp8_8_0_1047_37.8.blif
time = 121292703 us
--------------- round 9 ---------------
seed = 3940212379
maxLevel = 2
n82 is replaced by n55 with estimated error 0
error = 0
area = 1046
delay = 37.8
#gates = 423
output circuit appNtk/mtp8_9_0_1046_37.8.blif
time = 135659987 us
--------------- round 10 ---------------
seed = 169644524
maxLevel = 2
n452 is replaced by n454 with estimated error 0
error = 0
area = 1045
delay = 37.4
#gates = 422
output circuit appNtk/mtp8_10_0_1045_37.4.blif
time = 150010472 us
--------------- round 11 ---------------
seed = 460955291
maxLevel = 2
n461 is replaced by n454 with estimated error 0
error = 0
area = 1044
delay = 37.4
#gates = 421
output circuit appNtk/mtp8_11_0_1044_37.4.blif
time = 164243736 us
--------------- round 12 ---------------
seed = 4066152715
maxLevel = 2
n456 is replaced by n147 with estimated error 0
error = 0
area = 1039
delay = 37.4
#gates = 419
output circuit appNtk/mtp8_12_0_1039_37.4.blif
time = 177113223 us
--------------- round 13 ---------------
seed = 2462177479
maxLevel = 2
n459 is replaced by n373 with estimated error 0.0038
error = 0.0038
area = 1037
delay = 37.4
#gates = 418
output circuit appNtk/mtp8_13_0.0038_1037_37.4.blif
time = 190216483 us
--------------- round 14 ---------------
seed = 2520320317
maxLevel = 2
n457 is replaced by n162 with inverter with estimated error 0.00374
error = 0.00374
area = 1030
delay = 37.4
#gates = 417
output circuit appNtk/mtp8_14_0.00374_1030_37.4.blif
time = 203968963 us
--------------- round 15 ---------------
seed = 3967579231
maxLevel = 2
n187 is replaced by n162 with estimated error 0.06814
error = 0.06814
area = 1029
delay = 37.4
#gates = 416
output circuit appNtk/mtp8_15_0.06814_1029_37.4.blif
time = 216769734 us
--------------- round 16 ---------------
seed = 3644994716
maxLevel = 2
exceed error bound
