abc command read data/library/mcnc.genlib
Entered genlib library with 23 gates from file "data/library/mcnc.genlib".
abc command read_blif data/su/rca32.blif
abc command print_stats
[1;37mrca32                         :[0m i/o =   64/   33  lat =    0  nd =   298  edge =    585  area =666.00  delay =16.10  lev = 12
--------------- round 1 ---------------
seed = 1626081
maxLevel = 2
n356 is replaced by zero with estimated error 9e-05
error = 9e-05
area = 661
delay = 16
#gates = 298
output circuit appNtk/rca32_1_9e-05_661_16.blif
time = 4728591 us
--------------- round 2 ---------------
seed = 2444748248
maxLevel = 2
n242 is replaced by one with estimated error 0.0021
error = 0.0021
area = 656
delay = 16
#gates = 296
output circuit appNtk/rca32_2_0.0021_656_16.blif
time = 8089879 us
--------------- round 3 ---------------
seed = 4007151821
maxLevel = 2
n320 is replaced by zero with estimated error 0.00417
error = 0.00417
area = 654
delay = 16
#gates = 295
output circuit appNtk/rca32_3_0.00417_654_16.blif
time = 10859689 us
--------------- round 4 ---------------
seed = 3996683740
maxLevel = 2
exceed error bound
