abc command read data/library/mcnc.genlib
Entered genlib library with 23 gates from file "data/library/mcnc.genlib".
abc command read_blif data/su/rca32.blif
abc command print_stats
[1;37mrca32                         :[0m i/o =   64/   33  lat =    0  nd =   298  edge =    585  area =666.00  delay =16.10  lev = 12
--------------- round 1 ---------------
seed = 371494620
maxLevel = 2
n356 is replaced by zero with estimated error 0.00017
error = 0.00017
area = 661
delay = 16
#gates = 298
output circuit appNtk/rca32_1_0.00017_661_16.blif
time = 4835326 us
--------------- round 2 ---------------
seed = 252488159
maxLevel = 2
n242 is replaced by one with estimated error 0.00199
error = 0.00199
area = 656
delay = 16
#gates = 296
output circuit appNtk/rca32_2_0.00199_656_16.blif
time = 8079673 us
--------------- round 3 ---------------
seed = 524071565
maxLevel = 2
n320 is replaced by zero with estimated error 0.00408
error = 0.00408
area = 654
delay = 16
#gates = 295
output circuit appNtk/rca32_3_0.00408_654_16.blif
time = 10756157 us
--------------- round 4 ---------------
seed = 3921666961
maxLevel = 2
exceed error bound
