abc command read data/library/mcnc.genlib
Entered genlib library with 23 gates from file "data/library/mcnc.genlib".
abc command read_blif data/su/wal8.blif
Line 9: Skipping line ".default_input_arrival 0.00 0.00 ".
Line 10: Skipping line ".default_output_required 0.00 0.00 ".
Line 11: Skipping line ".default_input_drive 0.10 0.10 ".
Line 12: Skipping line ".default_output_load 2.00 ".
Line 13: Skipping line ".default_max_input_load 999.00 ".
abc command print_stats
[1;37mwal8                          :[0m i/o =   16/   16  lat =    0  nd =   490  edge =   1058  area =1081.00  delay =45.30  lev = 36
--------------- round 1 ---------------
seed = 1067948302
maxLevel = 2
n449 is replaced by n446 with estimated error 0
error = 0
area = 1078
delay = 44.7
#gates = 491
output circuit appNtk/wal8_1_0_1078_44.7.blif
time = 17095497 us
--------------- round 2 ---------------
seed = 3613157969
maxLevel = 2
n365 is replaced by n363 with estimated error 0
error = 0
area = 1075
delay = 44.1
#gates = 490
output circuit appNtk/wal8_2_0_1075_44.1.blif
time = 32173768 us
--------------- round 3 ---------------
seed = 37449453
maxLevel = 2
n228 is replaced by n173 with estimated error 0
error = 0
area = 1073
delay = 44.1
#gates = 489
output circuit appNtk/wal8_3_0_1073_44.1.blif
time = 47736466 us
--------------- round 4 ---------------
seed = 1707400874
maxLevel = 2
n521 is replaced by n508 with estimated error 0
error = 0
area = 1071
delay = 43.1
#gates = 488
output circuit appNtk/wal8_4_0_1071_43.1.blif
time = 62922345 us
--------------- round 5 ---------------
seed = 3135209445
maxLevel = 2
n501 is replaced by n497 with estimated error 0
error = 0
area = 1069
delay = 43.1
#gates = 487
output circuit appNtk/wal8_5_0_1069_43.1.blif
time = 78530667 us
--------------- round 6 ---------------
seed = 596173500
maxLevel = 2
n518 is replaced by n507 with estimated error 0
error = 0
area = 1067
delay = 43.1
#gates = 486
output circuit appNtk/wal8_6_0_1067_43.1.blif
time = 93415962 us
--------------- round 7 ---------------
seed = 1404631162
maxLevel = 2
n517 is replaced by n513 with estimated error 0
error = 0
area = 1065
delay = 43.1
#gates = 485
output circuit appNtk/wal8_7_0_1065_43.1.blif
time = 108809335 us
--------------- round 8 ---------------
seed = 328285313
maxLevel = 2
n341 is replaced by n342 with estimated error 0
error = 0
area = 1063
delay = 43.1
#gates = 484
output circuit appNtk/wal8_8_0_1063_43.1.blif
time = 124718980 us
--------------- round 9 ---------------
seed = 2754745710
maxLevel = 2
n392 is replaced by n415 with estimated error 0
error = 0
area = 1061
delay = 43.1
#gates = 483
output circuit appNtk/wal8_9_0_1061_43.1.blif
time = 140405413 us
--------------- round 10 ---------------
seed = 989240712
maxLevel = 2
n106 is replaced by n185 with inverter with estimated error 0
error = 0
area = 1059
delay = 43.1
#gates = 483
output circuit appNtk/wal8_10_0_1059_43.1.blif
time = 156238945 us
--------------- round 11 ---------------
seed = 159486046
maxLevel = 2
n466 is replaced by n467 with inverter with estimated error 0
error = 0
area = 1057
delay = 43.1
#gates = 483
output circuit appNtk/wal8_11_0_1057_43.1.blif
time = 171904497 us
--------------- round 12 ---------------
seed = 1239904239
maxLevel = 2
n207 is replaced by n275 with inverter with estimated error 0
error = 0
area = 1055
delay = 43.1
#gates = 482
output circuit appNtk/wal8_12_0_1055_43.1.blif
time = 186169149 us
--------------- round 13 ---------------
seed = 868046393
maxLevel = 2
n156 is replaced by n211 with inverter with estimated error 0
error = 0
area = 1053
delay = 43.1
#gates = 481
output circuit appNtk/wal8_13_0_1053_43.1.blif
time = 201759414 us
--------------- round 14 ---------------
seed = 4046579804
maxLevel = 2
n515 is replaced by n510 with estimated error 0
error = 0
area = 1052
delay = 43.1
#gates = 480
output circuit appNtk/wal8_14_0_1052_43.1.blif
time = 215985574 us
--------------- round 15 ---------------
seed = 391485387
maxLevel = 2
n248 is replaced by n245 with estimated error 0
error = 0
area = 1051
delay = 43.1
#gates = 479
output circuit appNtk/wal8_15_0_1051_43.1.blif
time = 230890717 us
--------------- round 16 ---------------
seed = 2468312524
maxLevel = 2
n502 is replaced by n494 with estimated error 7e-05
error = 7e-05
area = 1049
delay = 43.1
#gates = 478
output circuit appNtk/wal8_16_7e-05_1049_43.1.blif
time = 245451616 us
--------------- round 17 ---------------
seed = 477548885
maxLevel = 2
n366 is replaced by n357 with estimated error 0.00115
error = 0.00115
area = 1047
delay = 43.1
#gates = 477
output circuit appNtk/wal8_17_0.00115_1047_43.1.blif
time = 258797328 us
--------------- round 18 ---------------
seed = 828430278
maxLevel = 2
n448 is replaced by n443 with estimated error 0.00312
error = 0.00312
area = 1045
delay = 43.1
#gates = 476
output circuit appNtk/wal8_18_0.00312_1045_43.1.blif
time = 271300368 us
--------------- round 19 ---------------
seed = 1008512152
maxLevel = 2
n251 is replaced by one with estimated error 0.00581
error = 0.00581
area = 1043
delay = 43.1
#gates = 475
output circuit appNtk/wal8_19_0.00581_1043_43.1.blif
time = 283669037 us
--------------- round 20 ---------------
seed = 4202275097
maxLevel = 2
n201 is replaced by n250 with estimated error 0.00514
error = 0.00514
area = 1042
delay = 43.1
#gates = 474
output circuit appNtk/wal8_20_0.00514_1042_43.1.blif
time = 296858468 us
--------------- round 21 ---------------
seed = 539381247
maxLevel = 2
n182 is replaced by one with estimated error 0.00907
error = 0.00907
area = 1039
delay = 41.7
#gates = 472
output circuit appNtk/wal8_21_0.00907_1039_41.7.blif
time = 308879734 us
--------------- round 22 ---------------
seed = 644526531
maxLevel = 2
n105 is replaced by one with estimated error 0.01257
error = 0.01257
area = 1036
delay = 41.7
#gates = 470
output circuit appNtk/wal8_22_0.01257_1036_41.7.blif
time = 320274631 us
--------------- round 23 ---------------
seed = 3180001494
maxLevel = 2
n499 is replaced by n494 with estimated error 0.01532
error = 0.01532
area = 1035
delay = 41.7
#gates = 469
output circuit appNtk/wal8_23_0.01532_1035_41.7.blif
time = 326378155 us
--------------- round 24 ---------------
seed = 2219644774
maxLevel = 2
n74 is replaced by one with estimated error 0.02261
error = 0.02261
area = 1032
delay = 41.7
#gates = 467
output circuit appNtk/wal8_24_0.02261_1032_41.7.blif
time = 332005380 us
--------------- round 25 ---------------
seed = 1538634074
maxLevel = 2
n143 is replaced by n135 with estimated error 0.02657
error = 0.02657
area = 1031
delay = 41.7
#gates = 466
output circuit appNtk/wal8_25_0.02657_1031_41.7.blif
time = 337543430 us
--------------- round 26 ---------------
seed = 145594707
maxLevel = 2
n507 is replaced by one with estimated error 0.02656
error = 0.1108
area = 1030
delay = 41.7
#gates = 465
output circuit appNtk/wal8_26_0.1108_1030_41.7.blif
time = 343069660 us
--------------- round 27 ---------------
seed = 687700710
maxLevel = 2
exceed error bound
