abc command read data/library/mcnc.genlib
Entered genlib library with 23 gates from file "data/library/mcnc.genlib".
abc command read_blif data/su/mtp8.blif
Line 7: Skipping line ".default_input_arrival 0.00 0.00 ".
Line 8: Skipping line ".default_output_required 0.00 0.00 ".
Line 9: Skipping line ".default_input_drive 0.10 0.10 ".
Line 10: Skipping line ".default_output_load 2.00 ".
Line 11: Skipping line ".default_max_input_load 999.00 ".
abc command print_stats
[1;37mmtp8                          :[0m i/o =   16/   16  lat =    0  nd =   430  edge =   1037  area =1069.00  delay =37.80  lev = 32
--------------- round 1 ---------------
seed = 3368063109
[166469] is replaced by [166345] with estimated error 0
error = 0
area = 1065
delay = 37.8
#gates = 430
output circuit result/mtp8_1_0_1065_37.8.blif
time = 5429976 us
--------------- round 2 ---------------
seed = 3575845355
[167126] is replaced by [167814] with estimated error 0
error = 0
area = 1061
delay = 37.8
#gates = 429
output circuit result/mtp8_2_0_1061_37.8.blif
time = 10699452 us
--------------- round 3 ---------------
seed = 1561632071
[166351] is replaced by y[0] with estimated error 0
error = 0
area = 1057
delay = 37.8
#gates = 428
output circuit result/mtp8_3_0_1057_37.8.blif
time = 15975452 us
--------------- round 4 ---------------
seed = 1454093785
[164857] is replaced by [167660] with estimated error 0
error = 0
area = 1054
delay = 37.8
#gates = 427
output circuit result/mtp8_4_0_1054_37.8.blif
time = 21216788 us
--------------- round 5 ---------------
seed = 742319128
[167340] is replaced by [166399] with estimated error 0
error = 0
area = 1052
delay = 37.8
#gates = 426
output circuit result/mtp8_5_0_1052_37.8.blif
time = 26449125 us
--------------- round 6 ---------------
seed = 547995519
[166406] is replaced by n556 with inverter with estimated error 0
error = 0
area = 1050
delay = 37.8
#gates = 426
output circuit result/mtp8_6_0_1050_37.8.blif
time = 31685972 us
--------------- round 7 ---------------
seed = 1017759075
[166441] is replaced by [168101] with estimated error 0
error = 0
area = 1048
delay = 37.8
#gates = 425
output circuit result/mtp8_7_0_1048_37.8.blif
time = 36877837 us
--------------- round 8 ---------------
seed = 578374935
[166909] is replaced by [166358] with estimated error 0
error = 0
area = 1047
delay = 37.8
#gates = 424
output circuit result/mtp8_8_0_1047_37.8.blif
time = 42096526 us
--------------- round 9 ---------------
seed = 1946478980
[167033] is replaced by [167132] with estimated error 0
error = 0
area = 1046
delay = 37.8
#gates = 423
output circuit result/mtp8_9_0_1046_37.8.blif
time = 47309276 us
--------------- round 10 ---------------
seed = 1942072178
[166558] is replaced by [166559] with estimated error 0
error = 0
area = 1045
delay = 37.4
#gates = 422
output circuit result/mtp8_10_0_1045_37.4.blif
time = 52473464 us
--------------- round 11 ---------------
seed = 3729748981
[167001] is replaced by [166559] with estimated error 0
error = 0
area = 1044
delay = 37.4
#gates = 421
output circuit result/mtp8_11_0_1044_37.4.blif
time = 57605533 us
--------------- round 12 ---------------
seed = 2189645074
n32 is replaced by [166412] with estimated error 0
error = 0
area = 1039
delay = 37.4
#gates = 419
output circuit result/mtp8_12_0_1039_37.4.blif
time = 62678424 us
--------------- round 13 ---------------
seed = 1070231469
[166564] is replaced by [166412] with estimated error 0.02321
error = 0.02321
area = 1022
delay = 37.4
#gates = 414
output circuit result/mtp8_13_0.02321_1022_37.4.blif
time = 67716080 us
--------------- round 14 ---------------
seed = 2317286487
[166405] is replaced by [166344] with estimated error 0.02953
error = 0.02953
area = 1020
delay = 37.4
#gates = 413
output circuit result/mtp8_14_0.02953_1020_37.4.blif
time = 72640308 us
--------------- round 15 ---------------
seed = 737558205
exceed error bound
