abc command read data/library/mcnc.genlib
Entered genlib library with 23 gates from file "data/library/mcnc.genlib".
abc command read_blif data/su/cla32.blif
Line 11: Skipping line ".default_input_arrival 0.00 0.00 ".
Line 12: Skipping line ".default_output_required 0.00 0.00 ".
Line 13: Skipping line ".default_input_drive 0.10 0.10 ".
Line 14: Skipping line ".default_output_load 2.00 ".
Line 15: Skipping line ".default_max_input_load 999.00 ".
abc command print_stats
[1;37mcla32                         :[0m i/o =   64/   33  lat =    0  nd =   419  edge =    952  area =958.00  delay =38.50  lev = 27
--------------- round 1 ---------------
seed = 2531465778
maxLevel = 1
n501 is replaced by zero with estimated error 0
error = 0
area = 952
delay = 38.5
#gates = 418
output circuit appNtk/cla32_1_0_952_38.5.blif
time = 17600856 us
--------------- round 2 ---------------
seed = 2531465778
maxLevel = 1
n388 is replaced by n413 with estimated error 0
error = 0
area = 946
delay = 38.5
#gates = 416
output circuit appNtk/cla32_2_0_946_38.5.blif
time = 34016351 us
--------------- round 3 ---------------
seed = 2531465778
maxLevel = 1
n474 is replaced by n463 with estimated error 0
error = 0
area = 941
delay = 36.1
#gates = 414
output circuit appNtk/cla32_3_0_941_36.1.blif
time = 50191685 us
--------------- round 4 ---------------
seed = 2531465778
maxLevel = 1
n330 is replaced by n327 with estimated error 0
error = 0
area = 937
delay = 36.1
#gates = 413
output circuit appNtk/cla32_4_0_937_36.1.blif
time = 66129425 us
--------------- round 5 ---------------
seed = 2531465778
maxLevel = 1
n493 is replaced by one with estimated error 0
error = 0
area = 934
delay = 36.1
#gates = 411
output circuit appNtk/cla32_5_0_934_36.1.blif
time = 81837539 us
--------------- round 6 ---------------
seed = 2531465778
maxLevel = 1
n133 is replaced by n141 with estimated error 0
error = 0
area = 932
delay = 36.1
#gates = 410
output circuit appNtk/cla32_6_0_932_36.1.blif
time = 97398772 us
--------------- round 7 ---------------
seed = 2531465778
maxLevel = 1
n495 is replaced by n443 with estimated error 0
error = 0
area = 931
delay = 36.1
#gates = 409
output circuit appNtk/cla32_7_0_931_36.1.blif
time = 112905187 us
--------------- round 8 ---------------
seed = 2531465778
maxLevel = 1
n447 is replaced by n457 with estimated error 0
error = 0
area = 930
delay = 36.1
#gates = 408
output circuit appNtk/cla32_8_0_930_36.1.blif
time = 128490931 us
--------------- round 9 ---------------
seed = 2531465778
maxLevel = 1
n284 is replaced by n282 with estimated error 3.8147e-06
error = 3.8147e-06
area = 920
delay = 36.1
#gates = 403
output circuit appNtk/cla32_9_3.8147e-06_920_36.1.blif
time = 144111376 us
--------------- round 10 ---------------
seed = 2531465778
maxLevel = 1
n269 is replaced by n243 with estimated error 3.8147e-06
error = 3.8147e-06
area = 915
delay = 36.1
#gates = 401
output circuit appNtk/cla32_10_3.8147e-06_915_36.1.blif
time = 158744311 us
--------------- round 11 ---------------
seed = 2531465778
maxLevel = 1
n276 is replaced by zero with estimated error 3.8147e-06
error = 3.8147e-06
area = 910
delay = 36.1
#gates = 399
output circuit appNtk/cla32_11_3.8147e-06_910_36.1.blif
time = 173227527 us
--------------- round 12 ---------------
seed = 2531465778
maxLevel = 1
n100 is replaced by n105 with estimated error 6.73602e-06
error = 6.73602e-06
area = 904
delay = 36.1
#gates = 396
output circuit appNtk/cla32_12_6.73602e-06_904_36.1.blif
time = 188028778 us
--------------- round 13 ---------------
seed = 2531465778
maxLevel = 1
n266 is replaced by n214 with inverter with estimated error 1.05507e-05
error = 1.05507e-05
area = 900
delay = 36.1
#gates = 395
output circuit appNtk/cla32_13_1.05507e-05_900_36.1.blif
time = 202698075 us
--------------- round 14 ---------------
seed = 2531465778
maxLevel = 1
n104 is replaced by n108 with estimated error 1.1967e-05
error = 1.1967e-05
area = 899
delay = 36.1
#gates = 394
output circuit appNtk/cla32_14_1.1967e-05_899_36.1.blif
time = 217495425 us
--------------- round 15 ---------------
seed = 2531465778
maxLevel = 1
n106 is replaced by zero with estimated error 1.48867e-05
error = 1.48867e-05
area = 898
delay = 36.1
#gates = 393
output circuit appNtk/cla32_15_1.48867e-05_898_36.1.blif
time = 232234293 us
--------------- round 16 ---------------
seed = 2531465778
maxLevel = 1
n113 is replaced by one with estimated error 2.0019e-05
error = 2.0019e-05
area = 896
delay = 36.1
#gates = 392
output circuit appNtk/cla32_16_2.0019e-05_896_36.1.blif
time = 247174804 us
--------------- round 17 ---------------
seed = 2531465778
maxLevel = 1
n103 is replaced by zero with estimated error 3.46224e-05
error = 3.19849e-05
area = 891
delay = 34.2
#gates = 390
output circuit appNtk/cla32_17_3.19849e-05_891_34.2.blif
time = 262104174 us
--------------- round 18 ---------------
seed = 2531465778
maxLevel = 1
n122 is replaced by n127 with estimated error 5.42139e-05
error = 5.42139e-05
area = 886
delay = 34.2
#gates = 388
output circuit appNtk/cla32_18_5.42139e-05_886_34.2.blif
time = 276859231 us
--------------- round 19 ---------------
seed = 2531465778
maxLevel = 1
n222 is replaced by n220 with estimated error 9.45819e-05
error = 9.45819e-05
area = 882
delay = 34.2
#gates = 386
output circuit appNtk/cla32_19_9.45819e-05_882_34.2.blif
time = 291501181 us
--------------- round 20 ---------------
seed = 2531465778
maxLevel = 1
n112 is replaced by a[2] with inverter with estimated error 9.75884e-05
error = 9.75884e-05
area = 877
delay = 34.2
#gates = 384
output circuit appNtk/cla32_20_9.75884e-05_877_34.2.blif
time = 306015203 us
--------------- round 21 ---------------
seed = 2531465778
maxLevel = 1
n118 is replaced by one with estimated error 0.0001005
error = 0.0001005
area = 876
delay = 34.2
#gates = 383
output circuit appNtk/cla32_21_0.0001005_876_34.2.blif
time = 320376931 us
--------------- round 22 ---------------
seed = 2531465778
maxLevel = 1
n264 is replaced by n215 with estimated error 0.000118617
error = 0.000118617
area = 873
delay = 34.2
#gates = 382
output circuit appNtk/cla32_22_0.000118617_873_34.2.blif
time = 334739249 us
--------------- round 23 ---------------
seed = 2531465778
maxLevel = 1
n108 is replaced by one with estimated error 0.00012542
error = 0.000117398
area = 871
delay = 34.2
#gates = 381
output circuit appNtk/cla32_23_0.000117398_871_34.2.blif
time = 348950701 us
--------------- round 24 ---------------
seed = 2531465778
maxLevel = 1
n109 is replaced by zero with estimated error 0.000129269
error = 0.000112116
area = 868
delay = 32.9
#gates = 380
output circuit appNtk/cla32_24_0.000112116_868_32.9.blif
time = 362987225 us
--------------- round 25 ---------------
seed = 2531465778
maxLevel = 1
n382 is replaced by one with estimated error 0.000112116
error = 0.500112
area = 867
delay = 32.9
#gates = 379
output circuit appNtk/cla32_25_0.500112_867_32.9.blif
time = 376829974 us
--------------- round 26 ---------------
seed = 2531465778
maxLevel = 1
n438 is replaced by one with estimated error 0.500112
error = 918.844
area = 866
delay = 32.9
#gates = 378
output circuit appNtk/cla32_26_918.844_866_32.9.blif
time = 390582882 us
--------------- round 27 ---------------
seed = 2531465778
maxLevel = 1
exceed error bound
