Original Area:958.000000, Original Delay:38.500000, Orignial Gate :419
Change gate [3172] with gatezero  , changed gate loc: 471,  sub gate loc: 0Inverter: 0
Simulate AEM is 0.000000
Now AEM is 0.000000
Simulate added AEM is 0.000000, Now added AEM is 0.000000
Approximate gate:417, Approximate area:952.000000
Accurate error is 0.000000, Area :952.000000, Delay: 38.500000, Gate: 417
Now running time: 44
Change gate [1809] with gate[3103]  , changed gate loc: 473,  sub gate loc: 461Inverter: 0
Simulate AEM is 0.000000
Now AEM is 0.000000
Simulate added AEM is 0.000000, Now added AEM is 0.000000
Approximate gate:407, Approximate area:928.000000
Accurate error is 0.000000, Area :928.000000, Delay: 38.500000, Gate: 407
Now running time: 89
Change gate [2874] with gate[1746]  , changed gate loc: 366,  sub gate loc: 389Inverter: 0
Simulate AEM is 0.000000
Now AEM is 0.000000
Simulate added AEM is 0.000000, Now added AEM is 0.000000
Approximate gate:403, Approximate area:918.000000
Accurate error is 0.000000, Area :918.000000, Delay: 38.500000, Gate: 403
Now running time: 131
Change gate [141861] with gate[1781]  , changed gate loc: 445,  sub gate loc: 430Inverter: 1
Simulate AEM is 0.000000
Now AEM is 0.000000
Simulate added AEM is 0.000000, Now added AEM is 0.000000
Approximate gate:402, Approximate area:914.000000
Accurate error is 0.000000, Area :914.000000, Delay: 33.900000, Gate: 402
Now running time: 173
Change gate [2636] with gateone  , changed gate loc: 260,  sub gate loc: 1Inverter: 0
Simulate AEM is 0.000000
Now AEM is 21558.722560
Simulate added AEM is 0.000000, Now added AEM is 21558.722560
Approximate gate:400, Approximate area:907.000000
Accurate error is 21558.722560, Area :907.000000, Delay: 33.900000, Gate: 400
Now running time: 215
Change gate [2750] with gate[1683]  , changed gate loc: 312,  sub gate loc: 310Inverter: 0
Simulate AEM is 0.000000
Now AEM is 84.541440
Simulate added AEM is 0.000000, Now added AEM is -21474.181120
Approximate gate:399, Approximate area:903.000000
Accurate error is 84.541440, Area :903.000000, Delay: 33.900000, Gate: 399
Now running time: 256
Change gate [1796] with gate[3098]  , changed gate loc: 449,  sub gate loc: 458Inverter: 0
Simulate AEM is 0.000000
Now AEM is 0.000000
Simulate added AEM is 0.000000, Now added AEM is -84.541440
Approximate gate:396, Approximate area:896.000000
Accurate error is 0.000000, Area :896.000000, Delay: 31.600000, Gate: 396
Now running time: 297
Change gate [1651] with gate[1650]  , changed gate loc: 270,  sub gate loc: 268Inverter: 0
Simulate AEM is 0.000000
Now AEM is 32212.910080
Simulate added AEM is 0.000000, Now added AEM is 32212.910080
Approximate gate:393, Approximate area:893.000000
Accurate error is 32212.910080, Area :893.000000, Delay: 31.600000, Gate: 393
Now running time: 337
Change gate [1105] with gaten273  , changed gate loc: 255,  sub gate loc: 231Inverter: 0
Simulate AEM is 0.000000
Now AEM is 75246.141440
Simulate added AEM is 0.000000, Now added AEM is 43033.231360
Approximate gate:391, Approximate area:888.000000
Accurate error is 75246.141440, Area :888.000000, Delay: 31.600000, Gate: 391
Now running time: 376
Change gate [2641] with gatezero  , changed gate loc: 262,  sub gate loc: 0Inverter: 0
Simulate AEM is 0.000000
Now AEM is 53771.304960
Simulate added AEM is 0.000000, Now added AEM is -21474.836480
Approximate gate:390, Approximate area:883.000000
Accurate error is 53771.304960, Area :883.000000, Delay: 31.600000, Gate: 390
Now running time: 415
Change gate [2327] with gate[1552]  , changed gate loc: 129,  sub gate loc: 136Inverter: 0
Simulate AEM is 0.000000
Now AEM is 42950.983680
Simulate added AEM is 0.000000, Now added AEM is -10820.321280
Approximate gate:389, Approximate area:881.000000
Accurate error is 42950.983680, Area :881.000000, Delay: 31.600000, Gate: 389
Now running time: 454
Change gate [1771] with gate[1781]  , changed gate loc: 421,  sub gate loc: 430Inverter: 0
Simulate AEM is 0.000000
Now AEM is 21476.147200
Simulate added AEM is 0.000000, Now added AEM is -21474.836480
Approximate gate:388, Approximate area:880.000000
Accurate error is 21476.147200, Area :880.000000, Delay: 31.600000, Gate: 388
Now running time: 493
Change gate sum[0] with gate[1533]  , changed gate loc: 66,  sub gate loc: 105Inverter: 0
Simulate AEM is 0.251440
Now AEM is 21476.398700
Simulate added AEM is 0.251440, Now added AEM is 0.251500
Approximate gate:385, Approximate area:874.000000
Accurate error is 21476.398700, Area :874.000000, Delay: 31.600000, Gate: 385
Now running time: 531
Change gate [1550] with gatea[5]  , changed gate loc: 133,  sub gate loc: 7Inverter: 1
Simulate AEM is -0.119440
Now AEM is 32238.875920
Simulate added AEM is -0.370880, Now added AEM is 10762.477220
Approximate gate:385, Approximate area:871.000000
Accurate error is 32238.875920, Area :871.000000, Delay: 31.600000, Gate: 385
Now running time: 576
Change gate [2327] with gate[1543]  , changed gate loc: 129,  sub gate loc: 121Inverter: 0
Simulate AEM is -0.235600
Now AEM is 27.206080
Simulate added AEM is -0.116160, Now added AEM is -32211.669840
Approximate gate:384, Approximate area:869.000000
Accurate error is 27.206080, Area :869.000000, Delay: 31.600000, Gate: 384
Now running time: 622
Change gate [1532] with gateone  , changed gate loc: 103,  sub gate loc: 1Inverter: 0
Simulate AEM is -0.256100
Now AEM is 32243.835300
Simulate added AEM is -0.020500, Now added AEM is 32216.629220
Approximate gate:382, Approximate area:863.000000
Accurate error is 32243.835300, Area :863.000000, Delay: 29.700000, Gate: 382
Now running time: 665
Change gate [1538] with gatezero  , changed gate loc: 115,  sub gate loc: 0Inverter: 0
Simulate AEM is -0.283380
Now AEM is 32245.365390
Simulate added AEM is -0.027280, Now added AEM is 1.530090
Approximate gate:381, Approximate area:859.000000
Accurate error is 32245.365390, Area :859.000000, Delay: 28.400000, Gate: 381
Now running time: 706
Change gate sum[2] with gateb[1]  , changed gate loc: 68,  sub gate loc: 35Inverter: 0
Simulate AEM is -0.284100
Now AEM is 10855.474300
Simulate added AEM is -0.000720, Now added AEM is -21389.891090
Approximate gate:375, Approximate area:844.000000
Accurate error is 10855.474300, Area :844.000000, Delay: 28.400000, Gate: 375
Now running time: 747
Change gate [1541] with gatezero  , changed gate loc: 118,  sub gate loc: 0Inverter: 0
Simulate AEM is -0.284260
Now AEM is 34.946820
Simulate added AEM is -0.000160, Now added AEM is -10820.527480
Approximate gate:373, Approximate area:838.000000
Accurate error is 34.946820, Area :838.000000, Delay: 26.300000, Gate: 373
Now running time: 788
Change gate sum[3] with gatesum[2]  , changed gate loc: 69,  sub gate loc: 68Inverter: 1
Simulate AEM is -0.284340
Now AEM is 33649.581250
Simulate added AEM is -0.000080, Now added AEM is 33614.634430
Approximate gate:372, Approximate area:834.000000
Accurate error is 33649.581250, Area :834.000000, Delay: 26.300000, Gate: 372
Now running time: 828
Change gate sum[1] with gateb[0]  , changed gate loc: 67,  sub gate loc: 34Inverter: 0
Simulate AEM is -0.284500
Now AEM is 75219.131890
Simulate added AEM is -0.000160, Now added AEM is 41569.550640
Approximate gate:369, Approximate area:829.000000
Accurate error is 75219.131890, Area :829.000000, Delay: 26.300000, Gate: 369
Now running time: 867
Change gate sum[4] with gatea[2]  , changed gate loc: 70,  sub gate loc: 4Inverter: 0
Simulate AEM is -0.285140
Now AEM is 10769.053810
Simulate added AEM is -0.000640, Now added AEM is -64450.078080
Approximate gate:368, Approximate area:825.000000
Accurate error is 10769.053810, Area :825.000000, Delay: 26.300000, Gate: 368
Now running time: 907
Change gate sum[8] with gate[1566]  , changed gate loc: 74,  sub gate loc: 157Inverter: 0
Simulate AEM is -0.287700
Now AEM is 234.569240
Simulate added AEM is -0.002560, Now added AEM is -10534.484570
Approximate gate:366, Approximate area:820.000000
Accurate error is 234.569240, Area :820.000000, Delay: 26.300000, Gate: 366
Now running time: 947
Change gate sum[0] with gateone  , changed gate loc: 66,  sub gate loc: 1Inverter: 0
Simulate AEM is -0.287940
Now AEM is 32537.614740
Simulate added AEM is -0.000240, Now added AEM is 32303.045500
Approximate gate:366, Approximate area:818.000000
Accurate error is 32537.614740, Area :818.000000, Delay: 26.300000, Gate: 366
Now running time: 985
Change gate sum[6] with gatesum[2]  , changed gate loc: 72,  sub gate loc: 68Inverter: 1
Simulate AEM is -0.289220
Now AEM is 43201.055880
Simulate added AEM is -0.001280, Now added AEM is 10663.441140
Approximate gate:365, Approximate area:814.000000
Accurate error is 43201.055880, Area :814.000000, Delay: 26.300000, Gate: 365
Now running time: 1022
Change gate [2397] with gate[1542]  , changed gate loc: 151,  sub gate loc: 120Inverter: 0
Simulate AEM is -0.290500
Now AEM is 64703.036730
Simulate added AEM is -0.001280, Now added AEM is 21501.980850
Approximate gate:364, Approximate area:812.000000
Accurate error is 64703.036730, Area :812.000000, Delay: 26.300000, Gate: 364
Now running time: 1060
Change gate sum[5] with gate[2327]  , changed gate loc: 71,  sub gate loc: 129Inverter: 0
Simulate AEM is -0.296900
Now AEM is 192.650480
Simulate added AEM is -0.006400, Now added AEM is -64510.386250
Approximate gate:362, Approximate area:807.000000
Accurate error is 192.650480, Area :807.000000, Delay: 26.300000, Gate: 362
Now running time: 1099
Change gate sum[7] with gatesum[8]  , changed gate loc: 73,  sub gate loc: 74Inverter: 0
Simulate AEM is -0.299460
Now AEM is 21706.973460
Simulate added AEM is -0.002560, Now added AEM is 21514.322980
Approximate gate:361, Approximate area:802.000000
Accurate error is 21706.973460, Area :802.000000, Delay: 26.300000, Gate: 361
Now running time: 1135
Change gate sum[9] with gate[2316]  , changed gate loc: 75,  sub gate loc: 125Inverter: 0
Simulate AEM is -0.304580
Now AEM is 361.570040
Simulate added AEM is -0.005120, Now added AEM is -21345.403420
Approximate gate:358, Approximate area:796.000000
Accurate error is 361.570040, Area :796.000000, Delay: 26.300000, Gate: 358
Now running time: 1171
Change gate sum[1] with gatezero  , changed gate loc: 67,  sub gate loc: 0Inverter: 0
Simulate AEM is -0.306320
Now AEM is 368.007130
Simulate added AEM is -0.001740, Now added AEM is 6.437090
Approximate gate:358, Approximate area:795.000000
Accurate error is 368.007130, Area :795.000000, Delay: 26.300000, Gate: 358
Now running time: 1205
Change gate sum[11] with gate[2418]  , changed gate loc: 77,  sub gate loc: 155Inverter: 0
Simulate AEM is -0.326800
Now AEM is 1241.419560
Simulate added AEM is -0.020480, Now added AEM is 873.412430
Approximate gate:353, Approximate area:784.000000
Accurate error is 1241.419560, Area :784.000000, Delay: 26.300000, Gate: 353
Now running time: 1240
Change gate sum[4] with gatezero  , changed gate loc: 70,  sub gate loc: 0Inverter: 0
Simulate AEM is -0.328080
Now AEM is 44326.966570
Simulate added AEM is -0.001280, Now added AEM is 43085.547010
Approximate gate:353, Approximate area:783.000000
Accurate error is 44326.966570, Area :783.000000, Delay: 26.300000, Gate: 353
Now running time: 1273
Change gate sum[17] with gate[2607]  , changed gate loc: 83,  sub gate loc: 251Inverter: 0
Simulate AEM is -0.362020
Now AEM is 65839.157740
Simulate added AEM is -0.033940, Now added AEM is 21512.191170
Approximate gate:350, Approximate area:777.000000
Accurate error is 65839.157740, Area :777.000000, Delay: 26.300000, Gate: 350
Now running time: 1306
Change gate [1579] with gate[1549]  , changed gate loc: 171,  sub gate loc: 132Inverter: 0
Simulate AEM is -0.443940
Now AEM is 87729.556430
Simulate added AEM is -0.081920, Now added AEM is 21890.398690
Approximate gate:345, Approximate area:762.000000
Accurate error is 87729.556430, Area :762.000000, Delay: 26.200000, Gate: 345
Now running time: 1338
Change gate [2320] with gateone  , changed gate loc: 128,  sub gate loc: 1Inverter: 0
Simulate AEM is -0.464420
Now AEM is 120942.375280
Simulate added AEM is -0.020480, Now added AEM is 33212.818850
Approximate gate:342, Approximate area:757.000000
Accurate error is 120942.375280, Area :757.000000, Delay: 26.200000, Gate: 342
Now running time: 1369
Change gate [2399] with gate[2311]  , changed gate loc: 160,  sub gate loc: 196Inverter: 0
Simulate AEM is -0.505380
Now AEM is 66725.286470
Simulate added AEM is -0.040960, Now added AEM is -54217.088810
Approximate gate:340, Approximate area:752.000000
Accurate error is 66725.286470, Area :752.000000, Delay: 26.200000, Gate: 340
Now running time: 1401
Change gate [1651] with gate[2509]  , changed gate loc: 270,  sub gate loc: 205Inverter: 1
Simulate AEM is -0.526280
Now AEM is 85030.556230
Simulate added AEM is -0.020900, Now added AEM is 18305.269760
Approximate gate:330, Approximate area:730.000000
Accurate error is 85030.556230, Area :730.000000, Delay: 26.200000, Gate: 330
Now running time: 1432
Change gate [2466] with gate[2430]  , changed gate loc: 183,  sub gate loc: 168Inverter: 0
Simulate AEM is -0.741320
Now AEM is 86752.464710
Simulate added AEM is -0.215040, Now added AEM is 1721.908480
Approximate gate:327, Approximate area:723.000000
Accurate error is 86752.464710, Area :723.000000, Delay: 26.200000, Gate: 327
Now running time: 1462
Change gate sum[3] with gatezero  , changed gate loc: 69,  sub gate loc: 0Inverter: 0
Simulate AEM is -0.749480
Now AEM is 75785.815420
Simulate added AEM is -0.008160, Now added AEM is -10966.649290
Approximate gate:327, Approximate area:722.000000
Accurate error is 75785.815420, Area :722.000000, Delay: 26.200000, Gate: 327
Now running time: 1491
Change gate sum[10] with gate[1581]  , changed gate loc: 76,  sub gate loc: 174Inverter: 0
Simulate AEM is -0.759720
Now AEM is 88155.033190
Simulate added AEM is -0.010240, Now added AEM is 12369.217770
Approximate gate:325, Approximate area:717.000000
Accurate error is 88155.033190, Area :717.000000, Delay: 26.200000, Gate: 325
Now running time: 1520
Change gate sum[12] with gate[2594]  , changed gate loc: 78,  sub gate loc: 240Inverter: 0
Simulate AEM is -0.882600
Now AEM is 96922.830730
Simulate added AEM is -0.122880, Now added AEM is 8767.797540
Approximate gate:322, Approximate area:711.000000
Accurate error is 96922.830730, Area :711.000000, Delay: 26.200000, Gate: 322
Now running time: 1548
Change gate sum[2] with gateone  , changed gate loc: 68,  sub gate loc: 1Inverter: 0
Simulate AEM is -0.982200
Now AEM is 76405.500800
Simulate added AEM is -0.099600, Now added AEM is -20517.329930
Approximate gate:322, Approximate area:710.000000
Accurate error is 76405.500800, Area :710.000000, Delay: 26.200000, Gate: 322
Now running time: 1576
Change gate sum[15] with gateone  , changed gate loc: 81,  sub gate loc: 1Inverter: 0
Simulate AEM is -1.309880
Now AEM is 119395.967430
Simulate added AEM is -0.327680, Now added AEM is 42990.466630
Approximate gate:318, Approximate area:700.000000
Accurate error is 119395.967430, Area :700.000000, Delay: 26.200000, Gate: 318
Now running time: 1604
Change gate sum[14] with gate[2670]  , changed gate loc: 80,  sub gate loc: 276Inverter: 1
Simulate AEM is -1.343700
Now AEM is 154132.302800
Simulate added AEM is -0.033820, Now added AEM is 34736.335370
Approximate gate:317, Approximate area:696.000000
Accurate error is 154132.302800, Area :696.000000, Delay: 26.200000, Gate: 317
Now running time: 1630
Change gate sum[13] with gate[1604]  , changed gate loc: 79,  sub gate loc: 208Inverter: 0
Simulate AEM is -1.425620
Now AEM is 79582.739010
Simulate added AEM is -0.081920, Now added AEM is -74549.563790
Approximate gate:314, Approximate area:690.000000
Accurate error is 79582.739010, Area :690.000000, Delay: 26.200000, Gate: 314
Now running time: 1656
Change gate [3382] with gate[2403]  , changed gate loc: 218,  sub gate loc: 162Inverter: 0
Simulate AEM is -2.080980
Now AEM is 80375.078750
Simulate added AEM is -0.655360, Now added AEM is 792.339740
Approximate gate:312, Approximate area:683.000000
Accurate error is 80375.078750, Area :683.000000, Delay: 26.200000, Gate: 312
Now running time: 1682
Change gate sum[8] with gate[2466]  , changed gate loc: 74,  sub gate loc: 183Inverter: 0
Simulate AEM is -2.695380
Now AEM is 79526.047180
Simulate added AEM is -0.614400, Now added AEM is -849.031570
Approximate gate:310, Approximate area:677.000000
Accurate error is 79526.047180, Area :677.000000, Delay: 26.200000, Gate: 310
Now running time: 1707
Change gate [1633] with gate[2564]  , changed gate loc: 244,  sub gate loc: 228Inverter: 1
Simulate AEM is -5.316820
Now AEM is 101046.135440
Simulate added AEM is -2.621440, Now added AEM is 21520.088260
Approximate gate:299, Approximate area:649.000000
Accurate error is 101046.135440, Area :649.000000, Delay: 26.200000, Gate: 299
Now running time: 1731
Change gate sum[7] with gate[1575]  , changed gate loc: 73,  sub gate loc: 165Inverter: 0
Simulate AEM is -5.332180
Now AEM is 99985.566990
Simulate added AEM is -0.015360, Now added AEM is -1060.568450
Approximate gate:298, Approximate area:648.000000
Accurate error is 99985.566990, Area :648.000000, Delay: 26.200000, Gate: 298
Now running time: 1755
Change gate sum[6] with gateone  , changed gate loc: 72,  sub gate loc: 1Inverter: 0
Simulate AEM is -5.442260
Now AEM is 168532.260660
Simulate added AEM is -0.110080, Now added AEM is 68546.693670
Approximate gate:298, Approximate area:647.000000
Accurate error is 168532.260660, Area :647.000000, Delay: 26.200000, Gate: 298
Now running time: 1779
Change gate sum[9] with gateone  , changed gate loc: 75,  sub gate loc: 1Inverter: 0
Simulate AEM is -6.025940
Now AEM is 174732.959090
Simulate added AEM is -0.583680, Now added AEM is 6200.698430
Approximate gate:298, Approximate area:645.000000
Accurate error is 174732.959090, Area :645.000000, Delay: 26.200000, Gate: 298
Now running time: 1802
Change gate sum[17] with gateone  , changed gate loc: 83,  sub gate loc: 1Inverter: 0
Simulate AEM is -6.820500
Now AEM is 128418.768890
Simulate added AEM is -0.794560, Now added AEM is -46314.190200
Approximate gate:280, Approximate area:603.000000
Accurate error is 128418.768890, Area :603.000000, Delay: 26.200000, Gate: 280
Now running time: 1825
Change gate [1617] with gate[1580]  , changed gate loc: 223,  sub gate loc: 173Inverter: 1
Simulate AEM is -16.323220
Now AEM is 95647.817340
Simulate added AEM is -9.502720, Now added AEM is -32770.951550
Approximate gate:267, Approximate area:574.000000
Accurate error is 95647.817340, Area :574.000000, Delay: 26.200000, Gate: 267
Now running time: 1847
Change gate [1564] with gatea[7]  , changed gate loc: 150,  sub gate loc: 9Inverter: 1
Simulate AEM is -16.348820
Now AEM is 136270.045670
Simulate added AEM is -0.025600, Now added AEM is 40622.228330
Approximate gate:265, Approximate area:569.000000
Accurate error is 136270.045670, Area :569.000000, Delay: 26.200000, Gate: 265
Now running time: 1868
Change gate sum[7] with gateone  , changed gate loc: 73,  sub gate loc: 1Inverter: 0
Simulate AEM is -16.356500
Now AEM is 119506.783790
Simulate added AEM is -0.007680, Now added AEM is -16763.261880
Approximate gate:264, Approximate area:566.000000
Accurate error is 119506.783790, Area :566.000000, Delay: 26.200000, Gate: 264
Now running time: 1888
Change gate sum[5] with gateone  , changed gate loc: 71,  sub gate loc: 1Inverter: 0
Simulate AEM is -16.376660
Now AEM is 98287.625410
Simulate added AEM is -0.020160, Now added AEM is -21219.158380
Approximate gate:264, Approximate area:565.000000
Accurate error is 98287.625410, Area :565.000000, Delay: 26.200000, Gate: 264
Now running time: 1909
Change gate sum[16] with gate[2750]  , changed gate loc: 82,  sub gate loc: 312Inverter: 0
Simulate AEM is -17.589540
Now AEM is 128233.402560
Simulate added AEM is -1.212880, Now added AEM is 29945.777150
Approximate gate:261, Approximate area:559.000000
Accurate error is 128233.402560, Area :559.000000, Delay: 26.200000, Gate: 261
Now running time: 1929
Change gate [2670] with gate[1653]  , changed gate loc: 276,  sub gate loc: 273Inverter: 0
Simulate AEM is -17.819580
Now AEM is 144272.982150
Simulate added AEM is -0.230040, Now added AEM is 16039.579590
Approximate gate:259, Approximate area:554.000000
Accurate error is 144272.982150, Area :554.000000, Delay: 26.200000, Gate: 259
Now running time: 1949
Change gate sum[19] with gate[1593]  , changed gate loc: 85,  sub gate loc: 189Inverter: 1
Simulate AEM is -21.419000
Now AEM is 355803.299450
Simulate added AEM is -3.599420, Now added AEM is 211530.317300
Approximate gate:257, Approximate area:547.000000
Accurate error is 355803.299450, Area :547.000000, Delay: 26.200000, Gate: 257
Now running time: 1968
Change gate sum[11] with gateb[8]  , changed gate loc: 77,  sub gate loc: 42Inverter: 0
Simulate AEM is -21.603320
Now AEM is 352876.870950
Simulate added AEM is -0.184320, Now added AEM is -2926.428500
Approximate gate:254, Approximate area:541.000000
Accurate error is 352876.870950, Area :541.000000, Delay: 26.200000, Gate: 254
Now running time: 1987
Change gate sum[18] with gate[2647]  , changed gate loc: 84,  sub gate loc: 265Inverter: 0
Simulate AEM is -23.090600
Now AEM is 419463.251560
Simulate added AEM is -1.487280, Now added AEM is 66586.380610
Approximate gate:252, Approximate area:536.000000
Accurate error is 419463.251560, Area :536.000000, Delay: 26.200000, Gate: 252
Now running time: 2005
Change gate sum[8] with gateone  , changed gate loc: 74,  sub gate loc: 1Inverter: 0
Simulate AEM is -24.519080
Now AEM is 419693.607060
Simulate added AEM is -1.428480, Now added AEM is 230.355500
Approximate gate:252, Approximate area:535.000000
Accurate error is 419693.607060, Area :535.000000, Delay: 26.200000, Gate: 252
Now running time: 2023
Change gate sum[14] with gate[1583]  , changed gate loc: 80,  sub gate loc: 177Inverter: 0
Simulate AEM is -25.502120
Now AEM is 416296.989780
Simulate added AEM is -0.983040, Now added AEM is -3396.617280
Approximate gate:251, Approximate area:534.000000
Accurate error is 416296.989780, Area :534.000000, Delay: 26.200000, Gate: 251
Now running time: 2041
Change gate [1618] with gate[1608]  , changed gate loc: 225,  sub gate loc: 214Inverter: 0
Simulate AEM is -46.473640
Now AEM is 438501.124420
Simulate added AEM is -20.971520, Now added AEM is 22204.134640
Approximate gate:248, Approximate area:527.000000
Accurate error is 438501.124420, Area :527.000000, Delay: 26.200000, Gate: 248
Now running time: 2059
Change gate [1720] with gate[1646]  , changed gate loc: 353,  sub gate loc: 266Inverter: 0
Simulate AEM is -69.814000
Now AEM is 4251307.577690
Simulate added AEM is -23.340360, Now added AEM is 3812806.453270
Approximate gate:244, Approximate area:515.000000
Accurate error is 4251307.577690, Area :515.000000, Delay: 26.200000, Gate: 244
Now running time: 2077
Change gate [2737] with gateone  , changed gate loc: 308,  sub gate loc: 1Inverter: 0
Simulate AEM is -70.469360
Now AEM is 4235160.158130
Simulate added AEM is -0.655360, Now added AEM is -16147.419560
Approximate gate:243, Approximate area:510.000000
Accurate error is 4235160.158130, Area :510.000000, Delay: 26.200000, Gate: 243
Now running time: 2094
Change gate [2739] with gate[1663]  , changed gate loc: 309,  sub gate loc: 284Inverter: 0
Simulate AEM is -71.124720
Now AEM is 4253244.406130
Simulate added AEM is -0.655360, Now added AEM is 18084.248000
Approximate gate:242, Approximate area:507.000000
Accurate error is 4253244.406130, Area :507.000000, Delay: 26.200000, Gate: 242
Now running time: 2110
Change gate sum[23] with gate[1670]  , changed gate loc: 89,  sub gate loc: 294Inverter: 0
Simulate AEM is -81.522700
Now AEM is 7250090.856810
Simulate added AEM is -10.397980, Now added AEM is 2996846.450680
Approximate gate:238, Approximate area:499.000000
Accurate error is 7250090.856810, Area :499.000000, Delay: 26.200000, Gate: 238
Now running time: 2127
Change gate sum[16] with gate[1662]  , changed gate loc: 82,  sub gate loc: 283Inverter: 1
Simulate AEM is -83.488780
Now AEM is 7280310.730680
Simulate added AEM is -1.966080, Now added AEM is 30219.873870
Approximate gate:237, Approximate area:497.000000
Accurate error is 7280310.730680, Area :497.000000, Delay: 26.200000, Gate: 237
Now running time: 2142
Change gate [1623] with gate[1580]  , changed gate loc: 232,  sub gate loc: 173Inverter: 0
Simulate AEM is -87.021820
Now AEM is 7117050.858360
Simulate added AEM is -3.533040, Now added AEM is -163259.872320
Approximate gate:222, Approximate area:466.000000
Accurate error is 7117050.858360, Area :466.000000, Delay: 25.000000, Gate: 222
Now running time: 2158
Change gate sum[13] with gatesum[10]  , changed gate loc: 79,  sub gate loc: 76Inverter: 1
Simulate AEM is -92.920060
Now AEM is 7191802.403390
Simulate added AEM is -5.898240, Now added AEM is 74751.545030
Approximate gate:219, Approximate area:456.000000
Accurate error is 7191802.403390, Area :456.000000, Delay: 25.000000, Gate: 219
Now running time: 2172
Change gate sum[11] with gateone  , changed gate loc: 77,  sub gate loc: 1Inverter: 0
Simulate AEM is -93.739260
Now AEM is 7145171.649150
Simulate added AEM is -0.819200, Now added AEM is -46630.754240
Approximate gate:219, Approximate area:455.000000
Accurate error is 7145171.649150, Area :455.000000, Delay: 25.000000, Gate: 219
Now running time: 2186
Change gate sum[16] with gateone  , changed gate loc: 82,  sub gate loc: 1Inverter: 0
Simulate AEM is -94.394620
Now AEM is 7155528.067830
Simulate added AEM is -0.655360, Now added AEM is 10356.418680
Approximate gate:219, Approximate area:454.000000
Accurate error is 7155528.067830, Area :454.000000, Delay: 25.000000, Gate: 219
Now running time: 2201
Change gate sum[10] with gatezero  , changed gate loc: 76,  sub gate loc: 0Inverter: 0
Simulate AEM is -94.609660
Now AEM is 7212211.734660
Simulate added AEM is -0.215040, Now added AEM is 56683.666830
Approximate gate:219, Approximate area:453.000000
Accurate error is 7212211.734660, Area :453.000000, Delay: 25.000000, Gate: 219
Now running time: 2215
Change gate sum[22] with gate[1691]  , changed gate loc: 88,  sub gate loc: 320Inverter: 0
Simulate AEM is -95.121000
Now AEM is 7269650.373720
Simulate added AEM is -0.511340, Now added AEM is 57438.639060
Approximate gate:217, Approximate area:448.000000
Accurate error is 7269650.373720, Area :448.000000, Delay: 25.000000, Gate: 217
Now running time: 2229
The 0 choose is not good
Change gate sum[14] with gateone  , changed gate loc: 80,  sub gate loc: 1Inverter: 0
Simulate AEM is -102.821480
Now AEM is 7273728.709150
Simulate added AEM is -7.700480, Now added AEM is 4078.335430
Approximate gate:217, Approximate area:447.000000
Accurate error is 7273728.709150, Area :447.000000, Delay: 25.000000, Gate: 217
Now running time: 2243
Change gate sum[23] with gateb[6]  , changed gate loc: 89,  sub gate loc: 40Inverter: 0
Simulate AEM is -113.730020
Now AEM is 7358060.562260
Simulate added AEM is -10.908540, Now added AEM is 84331.853110
Approximate gate:210, Approximate area:434.000000
Accurate error is 7358060.562260, Area :434.000000, Delay: 25.000000, Gate: 210
Now running time: 2257
The 0 choose is not good
Change gate sum[20] with gatea[1]  , changed gate loc: 86,  sub gate loc: 3Inverter: 0
Simulate AEM is -129.047120
Now AEM is 7399785.446320
Simulate added AEM is -15.317100, Now added AEM is 41724.884060
Approximate gate:208, Approximate area:429.000000
Accurate error is 7399785.446320, Area :429.000000, Delay: 25.000000, Gate: 208
Now running time: 2270
Change gate sum[12] with gateb[12]  , changed gate loc: 78,  sub gate loc: 46Inverter: 0
Simulate AEM is -131.750480
Now AEM is 7474603.058980
Simulate added AEM is -2.703360, Now added AEM is 74817.612660
Approximate gate:203, Approximate area:417.000000
Accurate error is 7474603.058980, Area :417.000000, Delay: 25.000000, Gate: 203
Now running time: 2282
Change gate [1661] with gatea[0]  , changed gate loc: 281,  sub gate loc: 2Inverter: 0
Simulate AEM is -238.024800
Now AEM is 7543561.934210
Simulate added AEM is -106.274320, Now added AEM is 68958.875230
Approximate gate:198, Approximate area:404.000000
Accurate error is 7543561.934210, Area :404.000000, Delay: 25.000000, Gate: 198
Now running time: 2294
Change gate sum[21] with gate[2695]  , changed gate loc: 87,  sub gate loc: 307Inverter: 0
Simulate AEM is -258.320420
Now AEM is 7635086.608070
Simulate added AEM is -20.295620, Now added AEM is 91524.673860
Approximate gate:195, Approximate area:398.000000
Accurate error is 7635086.608070, Area :398.000000, Delay: 25.000000, Gate: 195
Now running time: 2306
Change gate sum[12] with gatezero  , changed gate loc: 78,  sub gate loc: 0Inverter: 0
Simulate AEM is -258.484260
Now AEM is 7665842.574140
Simulate added AEM is -0.163840, Now added AEM is 30755.966070
Approximate gate:195, Approximate area:397.000000
Accurate error is 7665842.574140, Area :397.000000, Delay: 25.000000, Gate: 195
Now running time: 2317
Change gate [142548] with gate[1675]  , changed gate loc: 325,  sub gate loc: 301Inverter: 1
Simulate AEM is -334.498040
Now AEM is 7792218.690130
Simulate added AEM is -76.013780, Now added AEM is 126376.115990
Approximate gate:191, Approximate area:388.000000
Accurate error is 7792218.690130, Area :388.000000, Delay: 25.000000, Gate: 191
Now running time: 2328
Change gate n267 with gate[2818]  , changed gate loc: 340,  sub gate loc: 363Inverter: 0
Simulate AEM is -356.843620
Now AEM is 7927478.614520
Simulate added AEM is -22.345580, Now added AEM is 135259.924390
Approximate gate:190, Approximate area:385.000000
Accurate error is 7927478.614520, Area :385.000000, Delay: 25.000000, Gate: 190
Now running time: 2338
The 0 choose is not good
Change gate sum[13] with gatezero  , changed gate loc: 79,  sub gate loc: 0Inverter: 0
Simulate AEM is -358.645860
Now AEM is 7822015.149120
Simulate added AEM is -1.802240, Now added AEM is -105463.465400
Approximate gate:190, Approximate area:384.000000
Accurate error is 7822015.149120, Area :384.000000, Delay: 25.000000, Gate: 190
Now running time: 2349
The 0 choose is not good
The 1 choose is not good
The 2 choose is not good
The 3 choose is not good
The 4 choose is not good
The 5 choose is not good
Change gate sum[19] with gatezero  , changed gate loc: 85,  sub gate loc: 0Inverter: 0
Simulate AEM is -844.967140
Now AEM is 7933694.703330
Simulate added AEM is -486.321280, Now added AEM is 111679.554210
Approximate gate:189, Approximate area:382.000000
Accurate error is 7933694.703330, Area :382.000000, Delay: 25.000000, Gate: 189
Now running time: 2362
The 0 choose is not good
Change gate [1664] with gateone  , changed gate loc: 285,  sub gate loc: 1Inverter: 0
Simulate AEM is -2456.240980
Now AEM is 7901762.862430
Simulate added AEM is -1611.273840, Now added AEM is -31931.840900
Approximate gate:187, Approximate area:376.000000
Accurate error is 7901762.862430, Area :376.000000, Delay: 24.800000, Gate: 187
Now running time: 2372
The 0 choose is not good
The 1 choose is not good
The 2 choose is not good
The 3 choose is not good
Change gate [1636] with gateone  , changed gate loc: 248,  sub gate loc: 1Inverter: 0
Simulate AEM is -3488.399800
Now AEM is 8115603.462340
Simulate added AEM is -1032.158820, Now added AEM is 213840.599910
Approximate gate:187, Approximate area:372.000000
Accurate error is 8115603.462340, Area :372.000000, Delay: 24.800000, Gate: 187
Now running time: 2384
The 0 choose is not good
The 1 choose is not good
Change gate [1685] with gate[1697]  , changed gate loc: 318,  sub gate loc: 327Inverter: 0
Simulate AEM is -3647.776960
Now AEM is 7889573.714840
Simulate added AEM is -159.377160, Now added AEM is -226029.747500
Approximate gate:185, Approximate area:366.000000
Accurate error is 7889573.714840, Area :366.000000, Delay: 24.800000, Gate: 185
Now running time: 2395
The 0 choose is not good
Change gate sum[20] with gateone  , changed gate loc: 86,  sub gate loc: 1Inverter: 0
Simulate AEM is -3687.023180
Now AEM is 7843675.296810
Simulate added AEM is -39.246220, Now added AEM is -45898.418030
Approximate gate:185, Approximate area:365.000000
Accurate error is 7843675.296810, Area :365.000000, Delay: 24.800000, Gate: 185
Now running time: 2406
Change gate [2752] with gatea[17]  , changed gate loc: 314,  sub gate loc: 19Inverter: 0
Simulate AEM is -5219.045360
Now AEM is 8110048.041830
Simulate added AEM is -1532.022180, Now added AEM is 266372.745020
Approximate gate:179, Approximate area:352.000000
Accurate error is 8110048.041830, Area :352.000000, Delay: 24.800000, Gate: 179
Now running time: 2416
The 0 choose is not good
The 1 choose is not good
The 2 choose is not good
The 3 choose is not good
The 4 choose is not good
Change gate [2783] with gatesum[22]  , changed gate loc: 324,  sub gate loc: 88Inverter: 0
Simulate AEM is -9526.658480
Now AEM is 8267124.863230
Simulate added AEM is -4307.613120, Now added AEM is 157076.821400
Approximate gate:178, Approximate area:348.000000
Accurate error is 8267124.863230, Area :348.000000, Delay: 24.800000, Gate: 178
Now running time: 2427
The 0 choose is not good
Change gate [1705] with gate[1634]  , changed gate loc: 336,  sub gate loc: 246Inverter: 1
Simulate AEM is -10049.672360
Now AEM is 8060320.886270
Simulate added AEM is -523.013880, Now added AEM is -206803.976960
Approximate gate:178, Approximate area:347.000000
Accurate error is 8060320.886270, Area :347.000000, Delay: 24.800000, Gate: 178
Now running time: 2437
The 0 choose is not good
The 1 choose is not good
The 2 choose is not good
Change gate [2959] with gateone  , changed gate loc: 408,  sub gate loc: 1Inverter: 0
Simulate AEM is -10569.836900
Now AEM is 8083025.582570
Simulate added AEM is -520.164540, Now added AEM is 22704.696300
Approximate gate:175, Approximate area:337.000000
Accurate error is 8083025.582570, Area :337.000000, Delay: 24.800000, Gate: 175
Now running time: 2448
The 0 choose is not good
Change gate sum[18] with gateone  , changed gate loc: 84,  sub gate loc: 1Inverter: 0
Simulate AEM is -10893.314060
Now AEM is 8030480.430800
Simulate added AEM is -323.477160, Now added AEM is -52545.151770
Approximate gate:174, Approximate area:334.000000
Accurate error is 8030480.430800, Area :334.000000, Delay: 24.800000, Gate: 174
Now running time: 2457
The 0 choose is not good
The 1 choose is not good
The 2 choose is not good
The 3 choose is not good
The 4 choose is not good
Change gate [1668] with gateb[16]  , changed gate loc: 292,  sub gate loc: 50Inverter: 1
Simulate AEM is -25223.159780
Now AEM is 8092997.704860
Simulate added AEM is -14329.845720, Now added AEM is 62517.274060
Approximate gate:172, Approximate area:328.000000
Accurate error is 8092997.704860, Area :328.000000, Delay: 24.800000, Gate: 172
Now running time: 2468
Change gate [2759] with gatea[16]  , changed gate loc: 316,  sub gate loc: 18Inverter: 1
Simulate AEM is -25968.641940
Now AEM is 8007055.105710
Simulate added AEM is -745.482160, Now added AEM is -85942.599150
Approximate gate:169, Approximate area:323.000000
Accurate error is 8007055.105710, Area :323.000000, Delay: 23.100000, Gate: 169
Now running time: 2477
The 0 choose is not good
Change gate sum[21] with gatezero  , changed gate loc: 87,  sub gate loc: 0Inverter: 0
Simulate AEM is -26864.262100
Now AEM is 8105809.531990
Simulate added AEM is -895.620160, Now added AEM is 98754.426280
Approximate gate:164, Approximate area:314.000000
Accurate error is 8105809.531990, Area :314.000000, Delay: 23.100000, Gate: 164
Now running time: 2487
The 0 choose is not good
The 1 choose is not good
The 2 choose is not good
The 3 choose is not good
The 4 choose is not good
The 5 choose is not good
The 6 choose is not good
Change gate [1685] with gatezero  , changed gate loc: 318,  sub gate loc: 0Inverter: 0
Simulate AEM is -80551.353300
Now AEM is 8223431.347580
Simulate added AEM is -53687.091200, Now added AEM is 117621.815590
Approximate gate:163, Approximate area:308.000000
Accurate error is 8223431.347580, Area :308.000000, Delay: 22.400000, Gate: 163
Now running time: 2497
The 0 choose is not good
The 1 choose is not good
The 2 choose is not good
The 3 choose is not good
Change gate [1703] with gatea[20]  , changed gate loc: 333,  sub gate loc: 22Inverter: 0
Simulate AEM is -84114.212940
Now AEM is 7590458.684100
Simulate added AEM is -3562.859640, Now added AEM is -632972.663480
Approximate gate:163, Approximate area:305.000000
Accurate error is 7590458.684100, Area :305.000000, Delay: 22.300000, Gate: 163
Now running time: 2507
The 0 choose is not good
The 1 choose is not good
The 2 choose is not good
The 3 choose is not good
The 4 choose is not good
The 5 choose is not good
The 6 choose is not good
The 7 choose is not good
The 8 choose is not good
Change gate sum[23] with gateone  , changed gate loc: 89,  sub gate loc: 1Inverter: 0
Simulate AEM is -89757.238020
Now AEM is 7151010.034660
Simulate added AEM is -5643.025080, Now added AEM is -439448.649440
Approximate gate:163, Approximate area:304.000000
Accurate error is 7151010.034660, Area :304.000000, Delay: 22.300000, Gate: 163
Now running time: 2518
The 0 choose is not good
The 1 choose is not good
The 2 choose is not good
The 3 choose is not good
Change gate [1693] with gateb[19]  , changed gate loc: 322,  sub gate loc: 53Inverter: 0
Simulate AEM is -98245.458820
Now AEM is 7143061.038410
Simulate added AEM is -8488.220800, Now added AEM is -7948.996250
Approximate gate:162, Approximate area:300.000000
Accurate error is 7143061.038410, Area :300.000000, Delay: 20.500000, Gate: 162
Now running time: 2528
The 0 choose is not good
The 1 choose is not good
The 2 choose is not good
The 3 choose is not good
The 4 choose is not good
Change gate [2916] with gate[2841]  , changed gate loc: 387,  sub gate loc: 347Inverter: 0
Simulate AEM is -100228.117040
Now AEM is 8195063.408280
Simulate added AEM is -1982.658220, Now added AEM is 1052002.369870
Approximate gate:161, Approximate area:299.000000
Accurate error is 8195063.408280, Area :299.000000, Delay: 20.500000, Gate: 161
Now running time: 2538
The 0 choose is not good
Change gate n267 with gate[2916]  , changed gate loc: 340,  sub gate loc: 387Inverter: 0
Simulate AEM is -100425.704220
Now AEM is 8359778.554270
Simulate added AEM is -197.587180, Now added AEM is 164715.145990
Approximate gate:156, Approximate area:290.000000
Accurate error is 8359778.554270, Area :290.000000, Delay: 20.400000, Gate: 156
Now running time: 2546
The 0 choose is not good
The 1 choose is not good
The 2 choose is not good
Change gate [1700] with gatea[18]  , changed gate loc: 329,  sub gate loc: 20Inverter: 0
Simulate AEM is -104887.218660
Now AEM is 8297974.782390
Simulate added AEM is -4461.514440, Now added AEM is -61803.771880
Approximate gate:152, Approximate area:283.000000
Accurate error is 8297974.782390, Area :283.000000, Delay: 20.400000, Gate: 152
Now running time: 2555
The 0 choose is not good
The 1 choose is not good
The 2 choose is not good
The 3 choose is not good
The 4 choose is not good
The 5 choose is not good
The 6 choose is not good
Change gate sum[22] with gatezero  , changed gate loc: 88,  sub gate loc: 0Inverter: 0
Simulate AEM is -109883.431840
Now AEM is 8163600.444950
Simulate added AEM is -4996.213180, Now added AEM is -134374.337440
Approximate gate:152, Approximate area:282.000000
Accurate error is 8163600.444950, Area :282.000000, Delay: 20.400000, Gate: 152
Now running time: 2565
The 0 choose is not good
The 1 choose is not good
Change gate [2939] with gaten266  , changed gate loc: 395,  sub gate loc: 393Inverter: 0
Simulate AEM is -110169.876100
Now AEM is 8369010.799240
Simulate added AEM is -286.444260, Now added AEM is 205410.354290
Approximate gate:151, Approximate area:281.000000
Accurate error is 8369010.799240, Area :281.000000, Delay: 20.400000, Gate: 151
Now running time: 2573
The 0 choose is not good
The 1 choose is not good
The 2 choose is not good
The 3 choose is not good
Change gate [1750] with gate[3087]  , changed gate loc: 394,  sub gate loc: 453Inverter: 0
Simulate AEM is -134974.452920
Now AEM is 8235824.234800
Simulate added AEM is -24804.576820, Now added AEM is -133186.564440
Approximate gate:146, Approximate area:271.000000
Accurate error is 8235824.234800, Area :271.000000, Delay: 20.400000, Gate: 146
Now running time: 2582
The 0 choose is not good
The 1 choose is not good
The 2 choose is not good
The 3 choose is not good
The 4 choose is not good
The 5 choose is not good
Change gate [141876] with gaten107  , changed gate loc: 456,  sub gate loc: 435Inverter: 0
Simulate AEM is -134974.452920
Now AEM is 8402732.524320
Simulate added AEM is 0.000000, Now added AEM is 166908.289520
Approximate gate:143, Approximate area:263.000000
Accurate error is 8402732.524320, Area :263.000000, Delay: 20.400000, Gate: 143
Now running time: 2591
The 0 choose is not good
The 1 choose is not good
The 2 choose is not good
The 3 choose is not good
The 4 choose is not good
The 5 choose is not good
The 6 choose is not good
The 7 choose is not good
The 8 choose is not good
The 9 choose is not good
Change gate [2806] with gate[1703]  , changed gate loc: 337,  sub gate loc: 333Inverter: 0
Simulate AEM is -118030.075460
Now AEM is 8415268.331190
Simulate added AEM is 16944.377460, Now added AEM is 12535.806870
AEM Threshold: 8411263 Now AEM: 8.41527e+06
ALL running time: 2600
Error propagation matrix time: 189 with 99059 node
Error simulation time: 2249 with 2097734 node
Area time: 2
Whole find time: 2449
