Original Area:666.000000, Original Delay:16.100000, Orignial Gate :298
Change gate s[0] with gaten99  , changed gate loc: 66,  sub gate loc: 99Inverter: 0
Simulate AEM is 0.249200
Now AEM is 0.249200
Simulate added AEM is 0.249200, Now added AEM is 0.249200
Approximate gate:297, Approximate area:661.000000
Accurate error is 0.249200, Area :661.000000, Delay: 16.100000, Gate: 297
Now running time: 21
Change gate n185 with gatex[10]  , changed gate loc: 176,  sub gate loc: 12Inverter: 1
Simulate AEM is -24.234020
Now AEM is 511.623100
Simulate added AEM is -24.483220, Now added AEM is 511.373900
Approximate gate:295, Approximate area:658.000000
Accurate error is 511.623100, Area :658.000000, Delay: 16.100000, Gate: 295
Now running time: 47
Change gate n130 with gatey[0]  , changed gate loc: 127,  sub gate loc: 34Inverter: 1
Simulate AEM is -24.313220
Now AEM is 515.565630
Simulate added AEM is -0.079200, Now added AEM is 3.942530
Approximate gate:295, Approximate area:655.000000
Accurate error is 515.565630, Area :655.000000, Delay: 16.100000, Gate: 295
Now running time: 74
Change gate n119 with gatex[3]  , changed gate loc: 117,  sub gate loc: 5Inverter: 0
Simulate AEM is -24.379380
Now AEM is 514.503500
Simulate added AEM is -0.066160, Now added AEM is -1.062130
Approximate gate:293, Approximate area:652.000000
Accurate error is 514.503500, Area :652.000000, Delay: 16.100000, Gate: 293
Now running time: 98
Change gate n123 with gaten113  , changed gate loc: 121,  sub gate loc: 112Inverter: 0
Simulate AEM is -24.380580
Now AEM is 511.243060
Simulate added AEM is -0.001200, Now added AEM is -3.260440
Approximate gate:292, Approximate area:650.000000
Accurate error is 511.243060, Area :650.000000, Delay: 16.100000, Gate: 292
Now running time: 121
Change gate s[2] with gaten103  , changed gate loc: 68,  sub gate loc: 103Inverter: 0
Simulate AEM is -24.381780
Now AEM is 515.744930
Simulate added AEM is -0.001200, Now added AEM is 4.501870
Approximate gate:284, Approximate area:636.000000
Accurate error is 515.744930, Area :636.000000, Delay: 16.100000, Gate: 284
Now running time: 144
Change gate s[3] with gaten104  , changed gate loc: 69,  sub gate loc: 104Inverter: 1
Simulate AEM is -24.381860
Now AEM is 516.844370
Simulate added AEM is -0.000080, Now added AEM is 1.099440
Approximate gate:280, Approximate area:625.000000
Accurate error is 516.844370, Area :625.000000, Delay: 16.100000, Gate: 280
Now running time: 167
Change gate n104 with gatey[1]  , changed gate loc: 104,  sub gate loc: 35Inverter: 0
Simulate AEM is -24.382480
Now AEM is 517.386730
Simulate added AEM is -0.000620, Now added AEM is 0.542360
Approximate gate:277, Approximate area:620.000000
Accurate error is 517.386730, Area :620.000000, Delay: 16.100000, Gate: 277
Now running time: 188
Change gate s[0] with gatezero  , changed gate loc: 66,  sub gate loc: 0Inverter: 0
Simulate AEM is -24.382780
Now AEM is 516.920370
Simulate added AEM is -0.000300, Now added AEM is -0.466360
Approximate gate:277, Approximate area:618.000000
Accurate error is 516.920370, Area :618.000000, Delay: 16.100000, Gate: 277
Now running time: 210
Change gate s[1] with gatezero  , changed gate loc: 67,  sub gate loc: 0Inverter: 0
Simulate AEM is -24.383420
Now AEM is 516.165050
Simulate added AEM is -0.000640, Now added AEM is -0.755320
Approximate gate:277, Approximate area:613.000000
Accurate error is 516.165050, Area :613.000000, Delay: 16.100000, Gate: 277
Now running time: 231
Change gate s[7] with gaten138  , changed gate loc: 73,  sub gate loc: 134Inverter: 1
Simulate AEM is -24.384700
Now AEM is 548.103440
Simulate added AEM is -0.001280, Now added AEM is 31.938390
Approximate gate:275, Approximate area:605.000000
Accurate error is 548.103440, Area :605.000000, Delay: 16.100000, Gate: 275
Now running time: 252
Change gate s[6] with gaten163  , changed gate loc: 72,  sub gate loc: 156Inverter: 1
Simulate AEM is -24.389820
Now AEM is 553.734200
Simulate added AEM is -0.005120, Now added AEM is 5.630760
Approximate gate:268, Approximate area:591.000000
Accurate error is 553.734200, Area :591.000000, Delay: 16.100000, Gate: 268
Now running time: 274
Change gate n135 with gatezero  , changed gate loc: 131,  sub gate loc: 0Inverter: 0
Simulate AEM is -24.390460
Now AEM is 555.935270
Simulate added AEM is -0.000640, Now added AEM is 2.201070
Approximate gate:267, Approximate area:587.000000
Accurate error is 555.935270, Area :587.000000, Delay: 16.100000, Gate: 267
Now running time: 294
Change gate s[8] with gaten125  , changed gate loc: 74,  sub gate loc: 122Inverter: 0
Simulate AEM is -24.393020
Now AEM is 603.652800
Simulate added AEM is -0.002560, Now added AEM is 47.717530
Approximate gate:265, Approximate area:580.000000
Accurate error is 603.652800, Area :580.000000, Delay: 16.100000, Gate: 265
Now running time: 314
Change gate n162 with gatex[2]  , changed gate loc: 155,  sub gate loc: 4Inverter: 0
Simulate AEM is -24.408380
Now AEM is 604.588940
Simulate added AEM is -0.015360, Now added AEM is 0.936140
Approximate gate:264, Approximate area:574.000000
Accurate error is 604.588940, Area :574.000000, Delay: 16.000000, Gate: 264
Now running time: 334
Change gate s[5] with gates[2]  , changed gate loc: 71,  sub gate loc: 68Inverter: 1
Simulate AEM is -24.409020
Now AEM is 607.659580
Simulate added AEM is -0.000640, Now added AEM is 3.070640
Approximate gate:262, Approximate area:568.000000
Accurate error is 607.659580, Area :568.000000, Delay: 16.000000, Gate: 262
Now running time: 353
Change gate n110 with gatezero  , changed gate loc: 109,  sub gate loc: 0Inverter: 0
Simulate AEM is -24.409340
Now AEM is 607.432570
Simulate added AEM is -0.000320, Now added AEM is -0.227010
Approximate gate:262, Approximate area:565.000000
Accurate error is 607.432570, Area :565.000000, Delay: 16.000000, Gate: 262
Now running time: 373
Change gate s[4] with gatex[0]  , changed gate loc: 70,  sub gate loc: 2Inverter: 0
Simulate AEM is -24.419260
Now AEM is 608.136360
Simulate added AEM is -0.009920, Now added AEM is 0.703790
Approximate gate:253, Approximate area:546.000000
Accurate error is 608.136360, Area :546.000000, Delay: 16.000000, Gate: 253
Now running time: 392
Change gate s[2] with gateone  , changed gate loc: 68,  sub gate loc: 1Inverter: 0
Simulate AEM is -24.427940
Now AEM is 608.102740
Simulate added AEM is -0.008680, Now added AEM is -0.033620
Approximate gate:253, Approximate area:544.000000
Accurate error is 608.102740, Area :544.000000, Delay: 16.000000, Gate: 253
Now running time: 410
Change gate s[6] with gaten137  , changed gate loc: 72,  sub gate loc: 133Inverter: 0
Simulate AEM is -24.428580
Now AEM is 607.614130
Simulate added AEM is -0.000640, Now added AEM is -0.488610
Approximate gate:252, Approximate area:543.000000
Accurate error is 607.614130, Area :543.000000, Delay: 16.000000, Gate: 252
Now running time: 429
Change gate s[11] with gaten167  , changed gate loc: 77,  sub gate loc: 160Inverter: 0
Simulate AEM is -24.449060
Now AEM is 1303.694990
Simulate added AEM is -0.020480, Now added AEM is 696.080860
Approximate gate:249, Approximate area:533.000000
Accurate error is 1303.694990, Area :533.000000, Delay: 16.000000, Gate: 249
Now running time: 448
Change gate s[3] with gatey[1]  , changed gate loc: 69,  sub gate loc: 35Inverter: 0
Simulate AEM is -24.449380
Now AEM is 1295.527660
Simulate added AEM is -0.000320, Now added AEM is -8.167330
Approximate gate:248, Approximate area:532.000000
Accurate error is 1295.527660, Area :532.000000, Delay: 16.000000, Gate: 248
Now running time: 466
Change gate s[9] with gaten208  , changed gate loc: 75,  sub gate loc: 197Inverter: 0
Simulate AEM is -24.464740
Now AEM is 1266.774710
Simulate added AEM is -0.015360, Now added AEM is -28.752950
Approximate gate:246, Approximate area:525.000000
Accurate error is 1266.774710, Area :525.000000, Delay: 16.000000, Gate: 246
Now running time: 483
Change gate s[10] with gaten242  , changed gate loc: 76,  sub gate loc: 227Inverter: 0
Simulate AEM is -24.567140
Now AEM is 1307.077060
Simulate added AEM is -0.102400, Now added AEM is 40.302350
Approximate gate:238, Approximate area:508.000000
Accurate error is 1307.077060, Area :508.000000, Delay: 16.000000, Gate: 238
Now running time: 501
Change gate s[4] with gatezero  , changed gate loc: 70,  sub gate loc: 0Inverter: 0
Simulate AEM is -24.567460
Now AEM is 1298.871620
Simulate added AEM is -0.000320, Now added AEM is -8.205440
Approximate gate:238, Approximate area:507.000000
Accurate error is 1298.871620, Area :507.000000, Delay: 16.000000, Gate: 238
Now running time: 518
Change gate n165 with gaten143  , changed gate loc: 158,  sub gate loc: 138Inverter: 0
Simulate AEM is -24.649380
Now AEM is 1239.909030
Simulate added AEM is -0.081920, Now added AEM is -58.962590
Approximate gate:236, Approximate area:503.000000
Accurate error is 1239.909030, Area :503.000000, Delay: 16.000000, Gate: 236
Now running time: 535
Change gate n138 with gatey[5]  , changed gate loc: 134,  sub gate loc: 39Inverter: 0
Simulate AEM is -24.692900
Now AEM is 1239.870190
Simulate added AEM is -0.043520, Now added AEM is -0.038840
Approximate gate:235, Approximate area:501.000000
Accurate error is 1239.870190, Area :501.000000, Delay: 16.000000, Gate: 235
Now running time: 551
Change gate n270 with gates[12]  , changed gate loc: 253,  sub gate loc: 78Inverter: 0
Simulate AEM is -24.761900
Now AEM is 194237.640860
Simulate added AEM is -0.069000, Now added AEM is 192997.770670
Approximate gate:235, Approximate area:499.000000
Accurate error is 194237.640860, Area :499.000000, Delay: 16.000000, Gate: 235
Now running time: 568
Change gate s[6] with gateone  , changed gate loc: 72,  sub gate loc: 1Inverter: 0
Simulate AEM is -24.783020
Now AEM is 193710.351420
Simulate added AEM is -0.021120, Now added AEM is -527.289440
Approximate gate:235, Approximate area:498.000000
Accurate error is 193710.351420, Area :498.000000, Delay: 16.000000, Gate: 235
Now running time: 584
Change gate s[7] with gatezero  , changed gate loc: 73,  sub gate loc: 0Inverter: 0
Simulate AEM is -24.802220
Now AEM is 193404.599100
Simulate added AEM is -0.019200, Now added AEM is -305.752320
Approximate gate:235, Approximate area:497.000000
Accurate error is 193404.599100, Area :497.000000, Delay: 16.000000, Gate: 235
Now running time: 600
Change gate n301 with gateone  , changed gate loc: 280,  sub gate loc: 1Inverter: 0
Simulate AEM is -24.812100
Now AEM is 1723864.969770
Simulate added AEM is -0.009880, Now added AEM is 1530460.370670
Approximate gate:235, Approximate area:495.000000
Accurate error is 1723864.969770, Area :495.000000, Delay: 16.000000, Gate: 235
Now running time: 617
Change gate s[3] with gatezero  , changed gate loc: 69,  sub gate loc: 0Inverter: 0
Simulate AEM is -24.818340
Now AEM is 1720150.011420
Simulate added AEM is -0.006240, Now added AEM is -3714.958350
Approximate gate:235, Approximate area:494.000000
Accurate error is 1720150.011420, Area :494.000000, Delay: 16.000000, Gate: 235
Now running time: 633
Change gate n213 with gatezero  , changed gate loc: 201,  sub gate loc: 0Inverter: 0
Simulate AEM is -25.064100
Now AEM is 1718386.408430
Simulate added AEM is -0.245760, Now added AEM is -1763.602990
Approximate gate:234, Approximate area:490.000000
Accurate error is 1718386.408430, Area :490.000000, Delay: 16.000000, Gate: 234
Now running time: 649
Change gate s[13] with gaten163  , changed gate loc: 79,  sub gate loc: 156Inverter: 1
Simulate AEM is -25.227940
Now AEM is 1712329.019220
Simulate added AEM is -0.163840, Now added AEM is -6057.389210
Approximate gate:233, Approximate area:484.000000
Accurate error is 1712329.019220, Area :484.000000, Delay: 16.000000, Gate: 233
Now running time: 666
Change gate s[5] with gateone  , changed gate loc: 71,  sub gate loc: 1Inverter: 0
Simulate AEM is -25.270180
Now AEM is 1723673.086650
Simulate added AEM is -0.042240, Now added AEM is 11344.067430
Approximate gate:233, Approximate area:483.000000
Accurate error is 1723673.086650, Area :483.000000, Delay: 16.000000, Gate: 233
Now running time: 682
Change gate s[19] with gaten271  , changed gate loc: 85,  sub gate loc: 254Inverter: 1
Simulate AEM is -26.713220
Now AEM is 1808642.990660
Simulate added AEM is -1.443040, Now added AEM is 84969.904010
Approximate gate:231, Approximate area:474.000000
Accurate error is 1808642.990660, Area :474.000000, Delay: 16.000000, Gate: 231
Now running time: 698
Change gate n228 with gatex[1]  , changed gate loc: 215,  sub gate loc: 3Inverter: 1
Simulate AEM is -27.204740
Now AEM is 1829811.708830
Simulate added AEM is -0.491520, Now added AEM is 21168.718170
Approximate gate:229, Approximate area:472.000000
Accurate error is 1829811.708830, Area :472.000000, Delay: 16.000000, Gate: 229
Now running time: 713
Change gate s[14] with gaten247  , changed gate loc: 80,  sub gate loc: 232Inverter: 0
Simulate AEM is -27.696260
Now AEM is 1803249.811450
Simulate added AEM is -0.491520, Now added AEM is -26561.897380
Approximate gate:225, Approximate area:463.000000
Accurate error is 1803249.811450, Area :463.000000, Delay: 16.000000, Gate: 225
Now running time: 730
Change gate n230 with gateone  , changed gate loc: 217,  sub gate loc: 1Inverter: 0
Simulate AEM is -28.679300
Now AEM is 1806862.651820
Simulate added AEM is -0.983040, Now added AEM is 3612.840370
Approximate gate:223, Approximate area:458.000000
Accurate error is 1806862.651820, Area :458.000000, Delay: 16.000000, Gate: 223
Now running time: 745
Change gate s[13] with gaten138  , changed gate loc: 79,  sub gate loc: 134Inverter: 0
Simulate AEM is -28.987880
Now AEM is 1832289.874770
Simulate added AEM is -0.308580, Now added AEM is 25427.222950
Approximate gate:222, Approximate area:457.000000
Accurate error is 1832289.874770, Area :457.000000, Delay: 16.000000, Gate: 222
Now running time: 760
Change gate s[23] with gaten252  , changed gate loc: 89,  sub gate loc: 237Inverter: 1
Simulate AEM is -29.108400
Now AEM is 4806023.458440
Simulate added AEM is -0.120520, Now added AEM is 2973733.583670
Approximate gate:219, Approximate area:447.000000
Accurate error is 4806023.458440, Area :447.000000, Delay: 16.000000, Gate: 219
Now running time: 775
Change gate n253 with gaten250  , changed gate loc: 238,  sub gate loc: 235Inverter: 0
Simulate AEM is -29.230260
Now AEM is 4834557.151270
Simulate added AEM is -0.121860, Now added AEM is 28533.692830
Approximate gate:218, Approximate area:445.000000
Accurate error is 4834557.151270, Area :445.000000, Delay: 16.000000, Gate: 218
Now running time: 790
Change gate s[15] with gatey[0]  , changed gate loc: 81,  sub gate loc: 34Inverter: 1
Simulate AEM is -29.896860
Now AEM is 4834399.933300
Simulate added AEM is -0.666600, Now added AEM is -157.217970
Approximate gate:214, Approximate area:436.000000
Accurate error is 4834399.933300, Area :436.000000, Delay: 16.000000, Gate: 214
Now running time: 804
Change gate s[8] with gatezero  , changed gate loc: 74,  sub gate loc: 0Inverter: 0
Simulate AEM is -29.994140
Now AEM is 4800420.146770
Simulate added AEM is -0.097280, Now added AEM is -33979.786530
Approximate gate:214, Approximate area:435.000000
Accurate error is 4800420.146770, Area :435.000000, Delay: 16.000000, Gate: 214
Now running time: 819
Change gate s[12] with gaten256  , changed gate loc: 78,  sub gate loc: 240Inverter: 0
Simulate AEM is -36.483260
Now AEM is 4893147.674890
Simulate added AEM is -6.489120, Now added AEM is 92727.528120
Approximate gate:210, Approximate area:422.000000
Accurate error is 4893147.674890, Area :422.000000, Delay: 16.000000, Gate: 210
Now running time: 832
Change gate s[11] with gaten146  , changed gate loc: 77,  sub gate loc: 141Inverter: 1
Simulate AEM is -36.585660
Now AEM is 4907786.395290
Simulate added AEM is -0.102400, Now added AEM is 14638.720400
Approximate gate:210, Approximate area:421.000000
Accurate error is 4907786.395290, Area :421.000000, Delay: 16.000000, Gate: 210
Now running time: 845
Change gate n164 with gaten128  , changed gate loc: 157,  sub gate loc: 125Inverter: 0
Simulate AEM is -36.769980
Now AEM is 4904499.358310
Simulate added AEM is -0.184320, Now added AEM is -3287.036980
Approximate gate:204, Approximate area:409.000000
Accurate error is 4904499.358310, Area :409.000000, Delay: 16.000000, Gate: 204
Now running time: 858
Change gate s[16] with gaten146  , changed gate loc: 82,  sub gate loc: 141Inverter: 0
Simulate AEM is -38.080700
Now AEM is 4880859.057450
Simulate added AEM is -1.310720, Now added AEM is -23640.300860
Approximate gate:203, Approximate area:404.000000
Accurate error is 4880859.057450, Area :404.000000, Delay: 16.000000, Gate: 203
Now running time: 871
Change gate s[17] with gaten244  , changed gate loc: 83,  sub gate loc: 229Inverter: 0
Simulate AEM is -38.155720
Now AEM is 4859030.095170
Simulate added AEM is -0.075020, Now added AEM is -21828.962280
Approximate gate:200, Approximate area:396.000000
Accurate error is 4859030.095170, Area :396.000000, Delay: 16.000000, Gate: 200
Now running time: 883
Change gate s[18] with gaten363  , changed gate loc: 84,  sub gate loc: 336Inverter: 0
Simulate AEM is -41.562660
Now AEM is 4870876.148740
Simulate added AEM is -3.406940, Now added AEM is 11846.053570
Approximate gate:196, Approximate area:388.000000
Accurate error is 4870876.148740, Area :388.000000, Delay: 16.000000, Gate: 196
Now running time: 895
Change gate n166 with gatezero  , changed gate loc: 159,  sub gate loc: 0Inverter: 0
Simulate AEM is -47.901220
Now AEM is 4880074.139950
Simulate added AEM is -6.338560, Now added AEM is 9197.991210
Approximate gate:194, Approximate area:381.000000
Accurate error is 4880074.139950, Area :381.000000, Delay: 16.000000, Gate: 194
Now running time: 907
Change gate s[11] with gatezero  , changed gate loc: 77,  sub gate loc: 0Inverter: 0
Simulate AEM is -48.044580
Now AEM is 4884340.657800
Simulate added AEM is -0.143360, Now added AEM is 4266.517850
Approximate gate:194, Approximate area:380.000000
Accurate error is 4884340.657800, Area :380.000000, Delay: 16.000000, Gate: 194
Now running time: 920
Change gate s[20] with gatezero  , changed gate loc: 86,  sub gate loc: 0Inverter: 0
Simulate AEM is -53.502580
Now AEM is 5087188.703930
Simulate added AEM is -5.458000, Now added AEM is 202848.046130
Approximate gate:193, Approximate area:373.000000
Accurate error is 5087188.703930, Area :373.000000, Delay: 16.000000, Gate: 193
Now running time: 932
Change gate s[22] with gatey[16]  , changed gate loc: 88,  sub gate loc: 50Inverter: 1
Simulate AEM is -61.689680
Now AEM is 5020263.444250
Simulate added AEM is -8.187100, Now added AEM is -66925.259680
Approximate gate:188, Approximate area:362.000000
Accurate error is 5020263.444250, Area :362.000000, Delay: 16.000000, Gate: 188
Now running time: 944
Change gate n207 with gaten176  , changed gate loc: 196,  sub gate loc: 168Inverter: 1
Simulate AEM is -66.307920
Now AEM is 5025813.390500
Simulate added AEM is -4.618240, Now added AEM is 5549.946250
Approximate gate:186, Approximate area:357.000000
Accurate error is 5025813.390500, Area :357.000000, Delay: 16.000000, Gate: 186
Now running time: 954
Change gate s[9] with gatezero  , changed gate loc: 75,  sub gate loc: 0Inverter: 0
Simulate AEM is -68.217680
Now AEM is 5004398.281290
Simulate added AEM is -1.909760, Now added AEM is -21415.109210
Approximate gate:185, Approximate area:352.000000
Accurate error is 5004398.281290, Area :352.000000, Delay: 16.000000, Gate: 185
Now running time: 965
Change gate n204 with gatex[8]  , changed gate loc: 193,  sub gate loc: 10Inverter: 0
Simulate AEM is -68.248400
Now AEM is 5005111.071960
Simulate added AEM is -0.030720, Now added AEM is 712.790670
Approximate gate:178, Approximate area:340.000000
Accurate error is 5005111.071960, Area :340.000000, Delay: 16.000000, Gate: 178
Now running time: 975
Change gate s[10] with gateone  , changed gate loc: 76,  sub gate loc: 1Inverter: 0
Simulate AEM is -68.565840
Now AEM is 4998367.748970
Simulate added AEM is -0.317440, Now added AEM is -6743.322990
Approximate gate:174, Approximate area:333.000000
Accurate error is 4998367.748970, Area :333.000000, Delay: 16.000000, Gate: 174
Now running time: 985
Change gate n202 with gateone  , changed gate loc: 191,  sub gate loc: 1Inverter: 0
Simulate AEM is -70.531920
Now AEM is 5005570.458350
Simulate added AEM is -1.966080, Now added AEM is 7202.709380
Approximate gate:174, Approximate area:331.000000
Accurate error is 5005570.458350, Area :331.000000, Delay: 16.000000, Gate: 174
Now running time: 994
Change gate s[21] with gaten282  , changed gate loc: 87,  sub gate loc: 263Inverter: 0
Simulate AEM is -83.249620
Now AEM is 5072304.436560
Simulate added AEM is -12.717700, Now added AEM is 66733.978210
Approximate gate:165, Approximate area:312.000000
Accurate error is 5072304.436560, Area :312.000000, Delay: 16.000000, Gate: 165
Now running time: 1004
Change gate s[19] with gates[17]  , changed gate loc: 85,  sub gate loc: 83Inverter: 0
Simulate AEM is -84.283900
Now AEM is 5054899.236100
Simulate added AEM is -1.034280, Now added AEM is -17405.200460
Approximate gate:163, Approximate area:309.000000
Accurate error is 5054899.236100, Area :309.000000, Delay: 16.000000, Gate: 163
Now running time: 1012
Change gate n255 with gaten355  , changed gate loc: 239,  sub gate loc: 328Inverter: 0
Simulate AEM is -84.488700
Now AEM is 5063285.644320
Simulate added AEM is -0.204800, Now added AEM is 8386.408220
Approximate gate:162, Approximate area:307.000000
Accurate error is 5063285.644320, Area :307.000000, Delay: 16.000000, Gate: 162
Now running time: 1020
Change gate s[12] with gatex[9]  , changed gate loc: 78,  sub gate loc: 11Inverter: 0
Simulate AEM is -85.471740
Now AEM is 5080226.258760
Simulate added AEM is -0.983040, Now added AEM is 16940.614440
Approximate gate:162, Approximate area:306.000000
Accurate error is 5080226.258760, Area :306.000000, Delay: 16.000000, Gate: 162
Now running time: 1028
Change gate s[12] with gatezero  , changed gate loc: 78,  sub gate loc: 0Inverter: 0
Simulate AEM is -86.823420
Now AEM is 5074339.561230
Simulate added AEM is -1.351680, Now added AEM is -5886.697530
Approximate gate:162, Approximate area:305.000000
Accurate error is 5074339.561230, Area :305.000000, Delay: 16.000000, Gate: 162
Now running time: 1036
Change gate s[14] with gaten224  , changed gate loc: 80,  sub gate loc: 211Inverter: 0
Simulate AEM is -95.313040
Now AEM is 5048318.415850
Simulate added AEM is -8.489620, Now added AEM is -26021.145380
Approximate gate:155, Approximate area:290.000000
Accurate error is 5048318.415850, Area :290.000000, Delay: 16.000000, Gate: 155
Now running time: 1043
Change gate n243 with gatex[9]  , changed gate loc: 228,  sub gate loc: 11Inverter: 1
Simulate AEM is -243.945660
Now AEM is 5059835.994460
Simulate added AEM is -148.632620, Now added AEM is 11517.578610
Approximate gate:141, Approximate area:264.000000
Accurate error is 5059835.994460, Area :264.000000, Delay: 16.000000, Gate: 141
Now running time: 1051
Change gate s[17] with gaten223  , changed gate loc: 83,  sub gate loc: 210Inverter: 0
Simulate AEM is -355.356860
Now AEM is 5049137.477960
Simulate added AEM is -111.411200, Now added AEM is -10698.516500
Approximate gate:137, Approximate area:258.000000
Accurate error is 5049137.477960, Area :258.000000, Delay: 16.000000, Gate: 137
Now running time: 1058
Change gate n165 with gateone  , changed gate loc: 158,  sub gate loc: 1Inverter: 0
Simulate AEM is -362.565820
Now AEM is 5053268.332530
Simulate added AEM is -7.208960, Now added AEM is 4130.854570
Approximate gate:137, Approximate area:257.000000
Accurate error is 5053268.332530, Area :257.000000, Delay: 16.000000, Gate: 137
Now running time: 1065
Change gate s[15] with gateone  , changed gate loc: 81,  sub gate loc: 1Inverter: 0
Simulate AEM is -367.236400
Now AEM is 5068356.992060
Simulate added AEM is -4.670580, Now added AEM is 15088.659530
Approximate gate:137, Approximate area:256.000000
Accurate error is 5068356.992060, Area :256.000000, Delay: 16.000000, Gate: 137
Now running time: 1072
The 0 choose is not good
Change gate s[16] with gatex[6]  , changed gate loc: 82,  sub gate loc: 8Inverter: 1
Simulate AEM is -455.827900
Now AEM is 5047424.674630
Simulate added AEM is -88.591500, Now added AEM is -20932.317430
Approximate gate:135, Approximate area:254.000000
Accurate error is 5047424.674630, Area :254.000000, Delay: 16.000000, Gate: 135
Now running time: 1079
The 0 choose is not good
Change gate s[13] with gateone  , changed gate loc: 79,  sub gate loc: 1Inverter: 0
Simulate AEM is -469.461240
Now AEM is 5052230.283370
Simulate added AEM is -13.633340, Now added AEM is 4805.608740
Approximate gate:135, Approximate area:253.000000
Accurate error is 5052230.283370, Area :253.000000, Delay: 16.000000, Gate: 135
Now running time: 1086
The 0 choose is not good
Change gate n248 with gatex[10]  , changed gate loc: 233,  sub gate loc: 12Inverter: 1
Simulate AEM is -532.118360
Now AEM is 5079629.182010
Simulate added AEM is -62.657120, Now added AEM is 27398.898640
Approximate gate:134, Approximate area:251.000000
Accurate error is 5079629.182010, Area :251.000000, Delay: 16.000000, Gate: 134
Now running time: 1093
Change gate s[14] with gateone  , changed gate loc: 80,  sub gate loc: 1Inverter: 0
Simulate AEM is -540.469560
Now AEM is 5065192.083850
Simulate added AEM is -8.351200, Now added AEM is -14437.098160
Approximate gate:133, Approximate area:248.000000
Accurate error is 5065192.083850, Area :248.000000, Delay: 16.000000, Gate: 133
Now running time: 1099
Change gate s[21] with gaten287  , changed gate loc: 87,  sub gate loc: 268Inverter: 0
Simulate AEM is -1053.032740
Now AEM is 4915106.540750
Simulate added AEM is -512.563180, Now added AEM is -150085.543100
Approximate gate:130, Approximate area:242.000000
Accurate error is 4915106.540750, Area :242.000000, Delay: 16.000000, Gate: 130
Now running time: 1106
The 0 choose is not good
Change gate s[16] with gateone  , changed gate loc: 82,  sub gate loc: 1Inverter: 0
Simulate AEM is -1097.597220
Now AEM is 4937332.001500
Simulate added AEM is -44.564480, Now added AEM is 22225.460750
Approximate gate:130, Approximate area:241.000000
Accurate error is 4937332.001500, Area :241.000000, Delay: 16.000000, Gate: 130
Now running time: 1112
The 0 choose is not good
Change gate s[21] with gatex[17]  , changed gate loc: 87,  sub gate loc: 19Inverter: 1
Simulate AEM is -2064.795560
Now AEM is 5089670.285350
Simulate added AEM is -967.198340, Now added AEM is 152338.283850
Approximate gate:124, Approximate area:228.000000
Accurate error is 5089670.285350, Area :228.000000, Delay: 16.000000, Gate: 124
Now running time: 1118
The 0 choose is not good
The 1 choose is not good
The 2 choose is not good
Change gate n285 with gatex[18]  , changed gate loc: 266,  sub gate loc: 20Inverter: 0
Simulate AEM is -6933.959920
Now AEM is 5100945.941350
Simulate added AEM is -4869.164360, Now added AEM is 11275.656000
Approximate gate:118, Approximate area:216.000000
Accurate error is 5100945.941350, Area :216.000000, Delay: 16.000000, Gate: 118
Now running time: 1125
The 0 choose is not good
The 1 choose is not good
The 2 choose is not good
The 3 choose is not good
Change gate s[19] with gateone  , changed gate loc: 85,  sub gate loc: 1Inverter: 0
Simulate AEM is -8820.902160
Now AEM is 5003120.513480
Simulate added AEM is -1886.942240, Now added AEM is -97825.427870
Approximate gate:118, Approximate area:215.000000
Accurate error is 5003120.513480, Area :215.000000, Delay: 16.000000, Gate: 118
Now running time: 1131
Change gate s[17] with gateone  , changed gate loc: 83,  sub gate loc: 1Inverter: 0
Simulate AEM is -8821.658240
Now AEM is 4989033.018760
Simulate added AEM is -0.756080, Now added AEM is -14087.494720
Approximate gate:118, Approximate area:214.000000
Accurate error is 4989033.018760, Area :214.000000, Delay: 16.000000, Gate: 118
Now running time: 1137
The 0 choose is not good
The 1 choose is not good
Change gate s[23] with gatezero  , changed gate loc: 89,  sub gate loc: 0Inverter: 0
Simulate AEM is -11316.484520
Now AEM is 5502468.004180
Simulate added AEM is -2494.826280, Now added AEM is 513434.985420
Approximate gate:117, Approximate area:211.000000
Accurate error is 5502468.004180, Area :211.000000, Delay: 16.000000, Gate: 117
Now running time: 1142
The 0 choose is not good
The 1 choose is not good
The 2 choose is not good
The 3 choose is not good
The 4 choose is not good
The 5 choose is not good
Change gate n317 with gaten314  , changed gate loc: 294,  sub gate loc: 291Inverter: 0
Simulate AEM is -26228.206600
Now AEM is 7680196.528390
Simulate added AEM is -14911.722080, Now added AEM is 2177728.524210
Approximate gate:115, Approximate area:208.000000
Accurate error is 7680196.528390, Area :208.000000, Delay: 16.000000, Gate: 115
Now running time: 1149
The 0 choose is not good
Change gate n328 with gaten326  , changed gate loc: 305,  sub gate loc: 303Inverter: 0
Simulate AEM is -28485.060500
Now AEM is 8233191.543120
Simulate added AEM is -2256.853900, Now added AEM is 552995.014730
Approximate gate:112, Approximate area:204.000000
Accurate error is 8233191.543120, Area :204.000000, Delay: 16.000000, Gate: 112
Now running time: 1154
Change gate n249 with gatex[4]  , changed gate loc: 234,  sub gate loc: 6Inverter: 0
Simulate AEM is -29764.776620
Now AEM is 8267362.121520
Simulate added AEM is -1279.716120, Now added AEM is 34170.578400
Approximate gate:112, Approximate area:203.000000
Accurate error is 8267362.121520, Area :203.000000, Delay: 16.000000, Gate: 112
Now running time: 1159
The 0 choose is not good
The 1 choose is not good
The 2 choose is not good
Change gate n356 with gatezero  , changed gate loc: 329,  sub gate loc: 0Inverter: 0
Simulate AEM is -29764.776620
Now AEM is 8263304.388420
Simulate added AEM is 0.000000, Now added AEM is -4057.733100
Approximate gate:110, Approximate area:197.000000
Accurate error is 8263304.388420, Area :197.000000, Delay: 16.000000, Gate: 110
Now running time: 1165
The 0 choose is not good
The 1 choose is not good
The 2 choose is not good
The 3 choose is not good
The 4 choose is not good
The 5 choose is not good
The 6 choose is not good
The 7 choose is not good
The 8 choose is not good
Change gate n321 with gaten320  , changed gate loc: 298,  sub gate loc: 297Inverter: 0
Simulate AEM is 22468.834880
Now AEM is 8031533.123350
Simulate added AEM is 52233.611500, Now added AEM is -231771.265070
Approximate gate:108, Approximate area:193.000000
Accurate error is 8031533.123350, Area :193.000000, Delay: 16.000000, Gate: 108
Now running time: 1171
The 0 choose is not good
The 1 choose is not good
Change gate n249 with gatezero  , changed gate loc: 234,  sub gate loc: 0Inverter: 0
Simulate AEM is 19058.030100
Now AEM is 8325643.771160
Simulate added AEM is -3410.804780, Now added AEM is 294110.647810
Approximate gate:108, Approximate area:192.000000
Accurate error is 8325643.771160, Area :192.000000, Delay: 16.000000, Gate: 108
Now running time: 1176
The 0 choose is not good
The 1 choose is not good
The 2 choose is not good
The 3 choose is not good
The 4 choose is not good
The 5 choose is not good
The 6 choose is not good
Change gate n278 with gatex[20]  , changed gate loc: 259,  sub gate loc: 22Inverter: 0
Simulate AEM is 24270.648600
Now AEM is 8136318.461450
Simulate added AEM is 5212.618500, Now added AEM is -189325.309710
Approximate gate:108, Approximate area:190.000000
Accurate error is 8136318.461450, Area :190.000000, Delay: 16.000000, Gate: 108
Now running time: 1182
The 0 choose is not good
The 1 choose is not good
The 2 choose is not good
The 3 choose is not good
The 4 choose is not good
The 5 choose is not good
The 6 choose is not good
The 7 choose is not good
The 8 choose is not good
Change gate n295 with gatex[21]  , changed gate loc: 275,  sub gate loc: 23Inverter: 0
Simulate AEM is 42336.165940
Now AEM is 8047392.362320
Simulate added AEM is 18065.517340, Now added AEM is -88926.099130
Approximate gate:106, Approximate area:187.000000
Accurate error is 8047392.362320, Area :187.000000, Delay: 16.000000, Gate: 106
Now running time: 1188
The 0 choose is not good
The 1 choose is not good
The 2 choose is not good
The 3 choose is not good
The 4 choose is not good
The 5 choose is not good
The 6 choose is not good
Change gate n297 with gatey[21]  , changed gate loc: 277,  sub gate loc: 55Inverter: 1
Simulate AEM is 42336.165940
Now AEM is 8082122.509750
Simulate added AEM is 0.000000, Now added AEM is 34730.147430
Approximate gate:106, Approximate area:186.000000
Accurate error is 8082122.509750, Area :186.000000, Delay: 16.000000, Gate: 106
Now running time: 1194
The 0 choose is not good
The 1 choose is not good
The 2 choose is not good
The 3 choose is not good
The 4 choose is not good
The 5 choose is not good
Change gate s[22] with gateone  , changed gate loc: 88,  sub gate loc: 1Inverter: 0
Simulate AEM is 48317.019940
Now AEM is 7128586.611280
Simulate added AEM is 5980.854000, Now added AEM is -953535.898470
Approximate gate:106, Approximate area:185.000000
Accurate error is 7128586.611280, Area :185.000000, Delay: 16.000000, Gate: 106
Now running time: 1199
The 0 choose is not good
The 1 choose is not good
The 2 choose is not good
The 3 choose is not good
Change gate s[21] with gatezero  , changed gate loc: 87,  sub gate loc: 0Inverter: 0
Simulate AEM is 54332.225620
Now AEM is 7580692.749130
Simulate added AEM is 6015.205680, Now added AEM is 452106.137850
Approximate gate:106, Approximate area:184.000000
Accurate error is 7580692.749130, Area :184.000000, Delay: 16.000000, Gate: 106
Now running time: 1205
The 0 choose is not good
The 1 choose is not good
The 2 choose is not good
The 3 choose is not good
The 4 choose is not good
The 5 choose is not good
The 6 choose is not good
Change gate n279 with gatey[20]  , changed gate loc: 260,  sub gate loc: 54Inverter: 1
Simulate AEM is 15600.473260
Now AEM is 7513425.074240
Simulate added AEM is -38731.752360, Now added AEM is -67267.674890
Approximate gate:106, Approximate area:183.000000
Accurate error is 7513425.074240, Area :183.000000, Delay: 16.000000, Gate: 106
Now running time: 1210
The 0 choose is not good
The 1 choose is not good
The 2 choose is not good
The 3 choose is not good
The 4 choose is not good
Change gate n324 with gatey[21]  , changed gate loc: 301,  sub gate loc: 55Inverter: 0
Simulate AEM is 72804.442980
Now AEM is 7784788.175150
Simulate added AEM is 57203.969720, Now added AEM is 271363.100910
Approximate gate:104, Approximate area:180.000000
Accurate error is 7784788.175150, Area :180.000000, Delay: 15.900000, Gate: 104
Now running time: 1215
The 0 choose is not good
The 1 choose is not good
The 2 choose is not good
The 3 choose is not good
The 4 choose is not good
Change gate n321 with gatezero  , changed gate loc: 298,  sub gate loc: 0Inverter: 0
Simulate AEM is 190571.134320
Now AEM is 7372625.706110
Simulate added AEM is 117766.691340, Now added AEM is -412162.469040
Approximate gate:102, Approximate area:174.000000
Accurate error is 7372625.706110, Area :174.000000, Delay: 15.900000, Gate: 102
Now running time: 1220
The 0 choose is not good
The 1 choose is not good
The 2 choose is not good
The 3 choose is not good
Change gate n323 with gaten309  , changed gate loc: 300,  sub gate loc: 287Inverter: 0
Simulate AEM is 205804.010760
Now AEM is 7325055.332560
Simulate added AEM is 15232.876440, Now added AEM is -47570.373550
Approximate gate:99, Approximate area:169.000000
Accurate error is 7325055.332560, Area :169.000000, Delay: 15.900000, Gate: 99
Now running time: 1225
The 0 choose is not good
The 1 choose is not good
The 2 choose is not good
The 3 choose is not good
The 4 choose is not good
The 5 choose is not good
The 6 choose is not good
The 7 choose is not good
The 8 choose is not good
The 9 choose is not good
Change gate n345 with gaten358  , changed gate loc: 320,  sub gate loc: 331Inverter: 1
Simulate AEM is 334569.523580
Now AEM is 18761248.119670
Simulate added AEM is 128765.512820, Now added AEM is 11436192.787110
AEM Threshold: 8411263 Now AEM: 1.87612e+07
ALL running time: 1231
Error propagation matrix time: 83 with 51187 node
Error simulation time: 1049 with 919152 node
Area time: 0
Whole find time: 1136
