abc command read data/library/mcnc.genlib
Entered genlib library with 23 gates from file "data/library/mcnc.genlib".
abc command read_blif data/su/ksa32.blif
Line 11: Skipping line ".default_input_arrival 0.00 0.00 ".
Line 12: Skipping line ".default_output_required 0.00 0.00 ".
Line 13: Skipping line ".default_input_drive 0.10 0.10 ".
Line 14: Skipping line ".default_output_load 2.00 ".
Line 15: Skipping line ".default_max_input_load 999.00 ".
abc command print_stats
[1;37mksa32                         :[0m i/o =   64/   33  lat =    0  nd =   513  edge =   1090  area =1128.00  delay =17.80  lev = 14
--------------- round 1 ---------------
seed = 2489342287
[164349] is replaced by one with estimated error 0
error = 0
area = 1124
delay = 17.8
#gates = 513
output circuit appNtk/ksa32_1_0_1124_17.8.blif
time = 27446306 us
--------------- round 2 ---------------
seed = 824446448
[164351] is replaced by one with estimated error 0
error = 0
area = 1120
delay = 17.8
#gates = 511
output circuit appNtk/ksa32_2_0_1120_17.8.blif
time = 54014601 us
--------------- round 3 ---------------
seed = 1280160428
[164353] is replaced by one with estimated error 0
error = 0.015625
area = 1116
delay = 17.8
#gates = 509
output circuit appNtk/ksa32_3_0.015625_1116_17.8.blif
time = 80166446 us
--------------- round 4 ---------------
seed = 569079180
[161062] is replaced by zero with estimated error 0
error = 0.00012207
area = 1113
delay = 17.8
#gates = 508
output circuit appNtk/ksa32_4_0.00012207_1113_17.8.blif
time = 105598155 us
--------------- round 5 ---------------
seed = 1663614475
[164341] is replaced by one with estimated error 0
error = 0.00805664
area = 1110
delay = 17.8
#gates = 507
output circuit appNtk/ksa32_5_0.00805664_1110_17.8.blif
time = 130872604 us
--------------- round 6 ---------------
seed = 950146784
[164343] is replaced by one with estimated error 0
error = 0.0078125
area = 1107
delay = 17.8
#gates = 506
output circuit appNtk/ksa32_6_0.0078125_1107_17.8.blif
time = 155849858 us
--------------- round 7 ---------------
seed = 1565968246
[164331] is replaced by one with estimated error 0
error = 0.0704346
area = 1104
delay = 17.8
#gates = 505
output circuit appNtk/ksa32_7_0.0704346_1104_17.8.blif
time = 180582775 us
--------------- round 8 ---------------
seed = 1754482582
[162831] is replaced by one with estimated error 0
error = 0.503906
area = 1102
delay = 17.8
#gates = 504
output circuit appNtk/ksa32_8_0.503906_1102_17.8.blif
time = 205111266 us
--------------- round 9 ---------------
seed = 2710869820
[162822] is replaced by one with estimated error 0
error = 0.0665283
area = 1100
delay = 17.8
#gates = 503
output circuit appNtk/ksa32_9_0.0665283_1100_17.8.blif
time = 229313056 us
--------------- round 10 ---------------
seed = 4286901345
[162809] is replaced by one with estimated error 0
error = 0.000366211
area = 1098
delay = 17.8
#gates = 502
output circuit appNtk/ksa32_10_0.000366211_1098_17.8.blif
time = 253238111 us
--------------- round 11 ---------------
seed = 1778622034
[162796] is replaced by one with estimated error 0
error = 0.0377197
area = 1096
delay = 17.8
#gates = 501
output circuit appNtk/ksa32_11_0.0377197_1096_17.8.blif
time = 277115270 us
--------------- round 12 ---------------
seed = 712786657
[163457] is replaced by n503 with estimated error 0
error = 1.12585
area = 1095
delay = 17.8
#gates = 500
output circuit appNtk/ksa32_12_1.12585_1095_17.8.blif
time = 300853775 us
--------------- round 13 ---------------
seed = 3883349087
[162823] is replaced by n494 with inverter with estimated error 0
error = 0.437744
area = 1093
delay = 17.8
#gates = 500
output circuit appNtk/ksa32_13_0.437744_1093_17.8.blif
time = 324791418 us
--------------- round 14 ---------------
seed = 2254758308
cout is replaced by n613 with estimated error 0
error = 0.422852
area = 1090
delay = 17.8
#gates = 499
output circuit appNtk/ksa32_14_0.422852_1090_17.8.blif
time = 348103448 us
--------------- round 15 ---------------
seed = 770028924
[163449] is replaced by n504 with estimated error 0
error = 0.546875
area = 1089
delay = 17.8
#gates = 498
output circuit appNtk/ksa32_15_0.546875_1089_17.8.blif
time = 371012559 us
--------------- round 16 ---------------
seed = 993569158
[163431] is replaced by n510 with estimated error 0
error = 0.383545
area = 1088
delay = 17.8
#gates = 497
output circuit appNtk/ksa32_16_0.383545_1088_17.8.blif
time = 393652168 us
--------------- round 17 ---------------
seed = 891793850
[163470] is replaced by n491 with estimated error 0
error = 0.631958
area = 1087
delay = 17.8
#gates = 496
output circuit appNtk/ksa32_17_0.631958_1087_17.8.blif
time = 416437677 us
--------------- round 18 ---------------
seed = 3310766390
[163440] is replaced by n505 with estimated error 0
error = 0.287109
area = 1086
delay = 17.8
#gates = 495
output circuit appNtk/ksa32_18_0.287109_1086_17.8.blif
time = 438707307 us
--------------- round 19 ---------------
seed = 948139369
[162797] is replaced by [162810] with estimated error 0
error = 0.265747
area = 1083
delay = 17.8
#gates = 494
output circuit appNtk/ksa32_19_0.265747_1083_17.8.blif
time = 460738520 us
--------------- round 20 ---------------
seed = 1577897993
[163373] is replaced by n499 with estimated error 0
error = 0.0151367
area = 1082
delay = 17.8
#gates = 493
output circuit appNtk/ksa32_20_0.0151367_1082_17.8.blif
time = 482531084 us
--------------- round 21 ---------------
seed = 745964115
[162693] is replaced by [162706] with estimated error 0
error = 0.0214844
area = 1080
delay = 17.8
#gates = 492
output circuit appNtk/ksa32_21_0.0214844_1080_17.8.blif
time = 504319881 us
--------------- round 22 ---------------
seed = 1284641968
[163422] is replaced by n506 with estimated error 0
error = 0.502808
area = 1079
delay = 17.8
#gates = 491
output circuit appNtk/ksa32_22_0.502808_1079_17.8.blif
time = 526142293 us
--------------- round 23 ---------------
seed = 574975134
[162771] is replaced by [162784] with estimated error 0
error = 0.0645752
area = 1077
delay = 17.8
#gates = 490
output circuit appNtk/ksa32_23_0.0645752_1077_17.8.blif
time = 547663735 us
--------------- round 24 ---------------
seed = 724109772
[163413] is replaced by n507 with estimated error 0
error = 0.396606
area = 1076
delay = 17.8
#gates = 489
output circuit appNtk/ksa32_24_0.396606_1076_17.8.blif
time = 569638366 us
--------------- round 25 ---------------
seed = 2605884609
[163382] is replaced by n508 with estimated error 0
error = 0.0157471
area = 1075
delay = 17.8
#gates = 488
output circuit appNtk/ksa32_25_0.0157471_1075_17.8.blif
time = 592352069 us
--------------- round 26 ---------------
seed = 931656852
sum[0] is replaced by [162485] with estimated error 2.92575e-06
error = 0.614749
area = 1069
delay = 17.8
#gates = 485
output circuit appNtk/ksa32_26_0.614749_1069_17.8.blif
time = 613412605 us
--------------- round 27 ---------------
seed = 3159149798
[162484] is replaced by [162489] with estimated error 8.75955e-06
error = 0.0546962
area = 1063
delay = 17.8
#gates = 482
output circuit appNtk/ksa32_27_0.0546962_1063_17.8.blif
time = 634360684 us
--------------- round 28 ---------------
seed = 1555148416
[162490] is replaced by [164787] with estimated error 8.75955e-06
error = 0.0312587
area = 1059
delay = 17.8
#gates = 480
output circuit appNtk/ksa32_28_0.0312587_1059_17.8.blif
time = 655342118 us
--------------- round 29 ---------------
seed = 2441279094
[162496] is replaced by [163173] with estimated error 8.75955e-06
error = 0.312509
area = 1057
delay = 17.8
#gates = 479
output circuit appNtk/ksa32_29_0.312509_1057_17.8.blif
time = 676454318 us
--------------- round 30 ---------------
seed = 1908582454
sum[1] is replaced by [163176] with estimated error 1.02299e-05
error = 0.0549418
area = 1054
delay = 17.8
#gates = 478
output circuit appNtk/ksa32_30_0.0549418_1054_17.8.blif
time = 697130996 us
--------------- round 31 ---------------
seed = 129898981
[162485] is replaced by one with estimated error 1.02223e-05
error = 0.314585
area = 1052
delay = 17.8
#gates = 477
output circuit appNtk/ksa32_31_0.314585_1052_17.8.blif
time = 717855641 us
--------------- round 32 ---------------
seed = 337764783
[162513] is replaced by [162511] with estimated error 1.02223e-05
error = 0.0177104
area = 1049
delay = 17.8
#gates = 476
output circuit appNtk/ksa32_32_0.0177104_1049_17.8.blif
time = 776724227 us
--------------- round 33 ---------------
seed = 4293086664
[162550] is replaced by zero with estimated error 1.02223e-05
error = 0.0931498
area = 1043
delay = 17.8
#gates = 474
output circuit appNtk/ksa32_33_0.0931498_1043_17.8.blif
time = 834919552 us
--------------- round 34 ---------------
seed = 2205603598
[162497] is replaced by [162495] with estimated error 1.02223e-05
error = 0.533213
area = 1040
delay = 17.8
#gates = 473
output circuit appNtk/ksa32_34_0.533213_1040_17.8.blif
time = 892465436 us
--------------- round 35 ---------------
seed = 2027329186
[161059] is replaced by zero with estimated error 1.02223e-05
error = 0.338633
area = 1037
delay = 17.8
#gates = 472
output circuit appNtk/ksa32_35_0.338633_1037_17.8.blif
time = 950439315 us
--------------- round 36 ---------------
seed = 296077426
[162551] is replaced by [162549] with estimated error 1.02223e-05
error = 0.0312602
area = 1034
delay = 17.7
#gates = 471
output circuit appNtk/ksa32_36_0.0312602_1034_17.7.blif
time = 1007577999 us
--------------- round 37 ---------------
seed = 3190036306
[163857] is replaced by [163213] with estimated error 1.02223e-05
error = 0.588145
area = 1033
delay = 17.7
#gates = 470
output circuit appNtk/ksa32_37_0.588145_1033_17.7.blif
time = 1064701014 us
--------------- round 38 ---------------
seed = 3796084750
[163257] is replaced by [164105] with estimated error 1.02223e-05
error = 0.414195
area = 1032
delay = 17.7
#gates = 469
output circuit appNtk/ksa32_38_0.414195_1032_17.7.blif
time = 1121647976 us
--------------- round 39 ---------------
seed = 2204898224
[163189] is replaced by [163586] with estimated error 1.02223e-05
error = 0.827403
area = 1031
delay = 17.7
#gates = 468
output circuit appNtk/ksa32_39_0.827403_1031_17.7.blif
time = 1178251018 us
--------------- round 40 ---------------
seed = 2643999833
[163176] is replaced by [162489] with estimated error 1.02223e-05
error = 0.145274
area = 1030
delay = 17.7
#gates = 467
output circuit appNtk/ksa32_40_0.145274_1030_17.7.blif
time = 1234382689 us
--------------- round 41 ---------------
seed = 3642531119
[162488] is replaced by [162494] with estimated error 2.07826e-05
error = 0.267599
area = 1024
delay = 17.7
#gates = 464
output circuit appNtk/ksa32_41_0.267599_1024_17.7.blif
time = 1290482443 us
--------------- round 42 ---------------
seed = 485928532
[163787] is replaced by [162493] with estimated error 2.07826e-05
error = 0.109396
area = 1021
delay = 17.7
#gates = 462
output circuit appNtk/ksa32_42_0.109396_1021_17.7.blif
time = 1345695426 us
--------------- round 43 ---------------
seed = 1390046817
[162489] is replaced by one with estimated error 2.25782e-05
error = 0.521751
area = 1019
delay = 17.7
#gates = 461
output circuit appNtk/ksa32_43_0.521751_1019_17.7.blif
Abc_NtkLogicToNetlist() warning: The network is converted to have simple COs.
time = 1400462921 us
--------------- round 44 ---------------
seed = 2796698879
[162561] is replaced by zero with estimated error 2.25782e-05
error = 0.336204
area = 1016
delay = 17.7
#gates = 460
output circuit appNtk/ksa32_44_0.336204_1016_17.7.blif
Abc_NtkLogicToNetlist() warning: The network is converted to have simple COs.
time = 1455453256 us
--------------- round 45 ---------------
seed = 3305148321
[162562] is replaced by [162560] with estimated error 2.25782e-05
error = 0.0293195
area = 1013
delay = 17.7
#gates = 459
output circuit appNtk/ksa32_45_0.0293195_1013_17.7.blif
Abc_NtkLogicToNetlist() warning: The network is converted to have simple COs.
time = 1510152233 us
--------------- round 46 ---------------
seed = 1187322691
[161060] is replaced by zero with estimated error 2.25782e-05
error = 0.519676
area = 1010
delay = 17.7
#gates = 458
output circuit appNtk/ksa32_46_0.519676_1010_17.7.blif
Abc_NtkLogicToNetlist() warning: The network is converted to have simple COs.
time = 1564581085 us
--------------- round 47 ---------------
seed = 1168207240
[162521] is replaced by zero with estimated error 2.25782e-05
error = 0.00136535
area = 1008
delay = 17.7
#gates = 457
output circuit appNtk/ksa32_47_0.00136535_1008_17.7.blif
Abc_NtkLogicToNetlist() warning: The network is converted to have simple COs.
time = 1618880472 us
--------------- round 48 ---------------
seed = 2936931669
[164787] is replaced by zero with estimated error 2.25782e-05
error = 0.0177228
area = 1006
delay = 17.7
#gates = 456
output circuit appNtk/ksa32_48_0.0177228_1006_17.7.blif
Abc_NtkLogicToNetlist() warning: The network is converted to have simple COs.
time = 1672871176 us
--------------- round 49 ---------------
seed = 3368896357
[163224] is replaced by n310 with estimated error 2.25782e-05
error = 0.00221993
area = 1005
delay = 17.7
#gates = 455
output circuit appNtk/ksa32_49_0.00221993_1005_17.7.blif
Abc_NtkLogicToNetlist() warning: The network is converted to have simple COs.
time = 1726713053 us
--------------- round 50 ---------------
seed = 3476745359
[163586] is replaced by [162494] with estimated error 2.25782e-05
error = 0.31472
area = 1004
delay = 17.7
#gates = 454
output circuit appNtk/ksa32_50_0.31472_1004_17.7.blif
Abc_NtkLogicToNetlist() warning: The network is converted to have simple COs.
time = 1780323675 us
--------------- round 51 ---------------
seed = 2730311965
[164102] is replaced by [163267] with estimated error 2.25782e-05
error = 0.500023
area = 1003
delay = 17.7
#gates = 453
output circuit appNtk/ksa32_51_0.500023_1003_17.7.blif
Abc_NtkLogicToNetlist() warning: The network is converted to have simple COs.
time = 1833993528 us
--------------- round 52 ---------------
seed = 969174414
sum[2] is replaced by b[1] with estimated error 2.46315e-05
error = 0.275537
area = 999
delay = 17.7
#gates = 452
output circuit appNtk/ksa32_52_0.275537_999_17.7.blif
Abc_NtkLogicToNetlist() warning: The network is converted to have simple COs.
time = 1887278122 us
--------------- round 53 ---------------
seed = 451709921
[163173] is replaced by zero with estimated error 2.46315e-05
error = 0.297266
area = 998
delay = 17.7
#gates = 451
output circuit appNtk/ksa32_53_0.297266_998_17.7.blif
Abc_NtkLogicToNetlist() warning: The network is converted to have simple COs.
time = 1940090733 us
--------------- round 54 ---------------
seed = 2802521664
[162493] is replaced by [162501] with estimated error 4.163e-05
error = 0.86137
area = 992
delay = 17.7
#gates = 448
output circuit appNtk/ksa32_54_0.86137_992_17.7.blif
Abc_NtkLogicToNetlist() warning: The network is converted to have simple COs.
time = 1992944098 us
--------------- round 55 ---------------
seed = 3565678401
[162510] is replaced by [163197] with estimated error 4.163e-05
error = 0.609417
area = 990
delay = 17.7
#gates = 447
output circuit appNtk/ksa32_55_0.609417_990_17.7.blif
Abc_NtkLogicToNetlist() warning: The network is converted to have simple COs.
time = 2044811920 us
--------------- round 56 ---------------
seed = 1955883351
sum[3] is replaced by [162502] with inverter with estimated error 4.43779e-05
error = 0.570357
area = 984
delay = 17.7
#gates = 446
output circuit appNtk/ksa32_56_0.570357_984_17.7.blif
Abc_NtkLogicToNetlist() warning: The network is converted to have simple COs.
time = 2096284924 us
--------------- round 57 ---------------
seed = 2826557634
n370 is replaced by n614 with estimated error 4.43779e-05
error = 0.125289
area = 981
delay = 17.7
#gates = 445
output circuit appNtk/ksa32_57_0.125289_981_17.7.blif
Abc_NtkLogicToNetlist() warning: The network is converted to have simple COs.
time = 2147860450 us
--------------- round 58 ---------------
seed = 2282994825
[163186] is replaced by zero with estimated error 4.43779e-05
error = 0.0185994
area = 980
delay = 17.7
#gates = 444
output circuit appNtk/ksa32_58_0.0185994_980_17.7.blif
Abc_NtkLogicToNetlist() warning: The network is converted to have simple COs.
time = 2198932615 us
--------------- round 59 ---------------
seed = 3901314548
[162494] is replaced by one with estimated error 4.4474e-05
error = 0.0948933
area = 978
delay = 17.7
#gates = 443
output circuit appNtk/ksa32_59_0.0948933_978_17.7.blif
Abc_NtkLogicToNetlist() warning: The network is converted to have simple COs.
time = 2249843623 us
--------------- round 60 ---------------
seed = 3316210509
[162531] is replaced by [162529] with estimated error 4.4474e-05
error = 0.250411
area = 975
delay = 17.7
#gates = 442
output circuit appNtk/ksa32_60_0.250411_975_17.7.blif
Abc_NtkLogicToNetlist() warning: The network is converted to have simple COs.
time = 2300800485 us
--------------- round 61 ---------------
seed = 1909871258
[162572] is replaced by zero with estimated error 4.4474e-05
error = 0.375167
area = 969
delay = 17.7
#gates = 440
output circuit appNtk/ksa32_61_0.375167_969_17.7.blif
Abc_NtkLogicToNetlist() warning: The network is converted to have simple COs.
time = 2351685323 us
--------------- round 62 ---------------
seed = 2245641266
[162522] is replaced by [162529] with estimated error 4.4474e-05
error = 0.250045
area = 966
delay = 17.7
#gates = 439
output circuit appNtk/ksa32_62_0.250045_966_17.7.blif
Abc_NtkLogicToNetlist() warning: The network is converted to have simple COs.
time = 2402251783 us
--------------- round 63 ---------------
seed = 1861198365
[162573] is replaced by [162571] with estimated error 4.4474e-05
error = 0.504683
area = 963
delay = 17.7
#gates = 438
output circuit appNtk/ksa32_63_0.504683_963_17.7.blif
Abc_NtkLogicToNetlist() warning: The network is converted to have simple COs.
time = 2452440754 us
--------------- round 64 ---------------
seed = 1966664102
[161061] is replaced by zero with estimated error 4.4474e-05
error = 0.268599
area = 960
delay = 17.7
#gates = 437
output circuit appNtk/ksa32_64_0.268599_960_17.7.blif
Abc_NtkLogicToNetlist() warning: The network is converted to have simple COs.
time = 2502422609 us
--------------- round 65 ---------------
seed = 1715037194
[162511] is replaced by [162509] with estimated error 4.4474e-05
error = 0.603804
area = 957
delay = 17.7
#gates = 436
output circuit appNtk/ksa32_65_0.603804_957_17.7.blif
Abc_NtkLogicToNetlist() warning: The network is converted to have simple COs.
time = 2552213456 us
--------------- round 66 ---------------
seed = 77826546
[163851] is replaced by [163235] with estimated error 4.4474e-05
error = 0.250655
area = 956
delay = 17.7
#gates = 435
output circuit appNtk/ksa32_66_0.250655_956_17.7.blif
Abc_NtkLogicToNetlist() warning: The network is converted to have simple COs.
time = 2601930950 us
--------------- round 67 ---------------
seed = 2007899250
[164099] is replaced by [163277] with estimated error 4.4474e-05
error = 0.0449663
area = 955
delay = 17.7
#gates = 434
output circuit appNtk/ksa32_67_0.0449663_955_17.7.blif
Abc_NtkLogicToNetlist() warning: The network is converted to have simple COs.
time = 2651449399 us
--------------- round 68 ---------------
seed = 2180040287
[163213] is replaced by [163631] with estimated error 4.4474e-05
error = 0.650557
area = 954
delay = 17.7
#gates = 433
output circuit appNtk/ksa32_68_0.650557_954_17.7.blif
Abc_NtkLogicToNetlist() warning: The network is converted to have simple COs.
time = 2700677897 us
--------------- round 69 ---------------
seed = 998854045
n614 is replaced by [162501] with estimated error 4.4474e-05
error = 0.627242
area = 953
delay = 17.7
#gates = 432
output circuit appNtk/ksa32_69_0.627242_953_17.7.blif
Abc_NtkLogicToNetlist() warning: The network is converted to have simple COs.
time = 2749824887 us
--------------- round 70 ---------------
seed = 2719170646
[162500] is replaced by [162508] with estimated error 7.9458e-05
error = 0.000934575
area = 947
delay = 17.7
#gates = 429
output circuit appNtk/ksa32_70_0.000934575_947_17.7.blif
Abc_NtkLogicToNetlist() warning: The network is converted to have simple COs.
time = 2798649346 us
--------------- round 71 ---------------
seed = 3958029183
[162509] is replaced by [164763] with estimated error 7.9458e-05
error = 0.27547
area = 943
delay = 17.7
#gates = 427
output circuit appNtk/ksa32_71_0.27547_943_17.7.blif
Abc_NtkLogicToNetlist() warning: The network is converted to have simple COs.
time = 2846903611 us
--------------- round 72 ---------------
seed = 870088160
[162502] is replaced by [164763] with estimated error 7.9458e-05
error = 0.0335273
area = 940
delay = 17.7
#gates = 426
output circuit appNtk/ksa32_72_0.0335273_940_17.7.blif
Abc_NtkLogicToNetlist() warning: The network is converted to have simple COs.
time = 2894785873 us
--------------- round 73 ---------------
seed = 40468738
[163799] is replaced by [162507] with estimated error 7.9458e-05
error = 0.78133
area = 937
delay = 17.7
#gates = 424
output circuit appNtk/ksa32_73_0.78133_937_17.7.blif
Abc_NtkLogicToNetlist() warning: The network is converted to have simple COs.
time = 2942583096 us
--------------- round 74 ---------------
seed = 3143291777
sum[4] is replaced by [163631] with estimated error 9.02616e-05
error = 0.0411064
area = 934
delay = 17.7
#gates = 423
output circuit appNtk/ksa32_74_0.0411064_934_17.7.blif
Abc_NtkLogicToNetlist() warning: The network is converted to have simple COs.
time = 2989885467 us
--------------- round 75 ---------------
seed = 1537662400
[162501] is replaced by one with estimated error 8.88306e-05
error = 0.260099
area = 932
delay = 17.7
#gates = 422
output circuit appNtk/ksa32_75_0.260099_932_17.7.blif
Abc_NtkLogicToNetlist() warning: The network is converted to have simple COs.
time = 3036872633 us
--------------- round 76 ---------------
seed = 2257272310
[162584] is replaced by [162582] with estimated error 8.88306e-05
error = 0.382902
area = 926
delay = 17.7
#gates = 420
output circuit appNtk/ksa32_76_0.382902_926_17.7.blif
Abc_NtkLogicToNetlist() warning: The network is converted to have simple COs.
time = 3084040182 us
--------------- round 77 ---------------
seed = 2481636228
[162539] is replaced by zero with estimated error 8.88306e-05
error = 0.00155432
area = 924
delay = 17.7
#gates = 419
output circuit appNtk/ksa32_77_0.00155432_924_17.7.blif
Abc_NtkLogicToNetlist() warning: The network is converted to have simple COs.
time = 3130653997 us
--------------- round 78 ---------------
seed = 3920911520
[163246] is replaced by n308 with estimated error 8.88306e-05
error = 0.267911
area = 923
delay = 17.7
#gates = 418
output circuit appNtk/ksa32_78_0.267911_923_17.7.blif
Abc_NtkLogicToNetlist() warning: The network is converted to have simple COs.
time = 3177080187 us
--------------- round 79 ---------------
seed = 3816343459
[164096] is replaced by [163287] with estimated error 8.88306e-05
error = 0.000821842
area = 922
delay = 17.7
#gates = 417
output circuit appNtk/ksa32_79_0.000821842_922_17.7.blif
Abc_NtkLogicToNetlist() warning: The network is converted to have simple COs.
time = 3223293804 us
--------------- round 80 ---------------
seed = 1700318481
[163631] is replaced by [162508] with estimated error 8.88306e-05
error = 0.313322
area = 921
delay = 17.7
#gates = 416
output circuit appNtk/ksa32_80_0.313322_921_17.7.blif
Abc_NtkLogicToNetlist() warning: The network is converted to have simple COs.
time = 3269222923 us
--------------- round 81 ---------------
seed = 1116239788
[162507] is replaced by [162517] with estimated error 0.000164999
error = 0.0856158
area = 915
delay = 17.7
#gates = 413
output circuit appNtk/ksa32_81_0.0856158_915_17.7.blif
Abc_NtkLogicToNetlist() warning: The network is converted to have simple COs.
time = 3314975246 us
--------------- round 82 ---------------
seed = 287214544
[162528] is replaced by [163221] with estimated error 0.000164999
error = 0.27165
area = 913
delay = 17.7
#gates = 412
output circuit appNtk/ksa32_82_0.27165_913_17.7.blif
Abc_NtkLogicToNetlist() warning: The network is converted to have simple COs.
time = 3360226933 us
--------------- round 83 ---------------
seed = 2566781743
[162508] is replaced by one with estimated error 0.000180757
error = 0.328551
area = 911
delay = 17.7
#gates = 411
output circuit appNtk/ksa32_83_0.328551_911_17.7.blif
Abc_NtkLogicToNetlist() warning: The network is converted to have simple COs.
time = 3405162839 us
--------------- round 84 ---------------
seed = 4080566025
[164153] is replaced by zero with estimated error 0.000180757
error = 0.145934
area = 907
delay = 17.7
#gates = 409
output circuit appNtk/ksa32_84_0.145934_907_17.7.blif
Abc_NtkLogicToNetlist() warning: The network is converted to have simple COs.
time = 3450239177 us
--------------- round 85 ---------------
seed = 2034075612
[162549] is replaced by [162547] with estimated error 0.000180757
error = 0.529479
area = 901
delay = 17.7
#gates = 407
output circuit appNtk/ksa32_85_0.529479_901_17.7.blif
Abc_NtkLogicToNetlist() warning: The network is converted to have simple COs.
time = 3494767032 us
--------------- round 86 ---------------
seed = 1696440412
[162540] is replaced by [162547] with estimated error 0.000180757
error = 0.0160506
area = 898
delay = 17.7
#gates = 406
output circuit appNtk/ksa32_86_0.0160506_898_17.7.blif
Abc_NtkLogicToNetlist() warning: The network is converted to have simple COs.
time = 3538970904 us
--------------- round 87 ---------------
seed = 151603370
[162529] is replaced by [162527] with estimated error 0.000180757
error = 0.312682
area = 895
delay = 17.7
#gates = 405
output circuit appNtk/ksa32_87_0.312682_895_17.7.blif
Abc_NtkLogicToNetlist() warning: The network is converted to have simple COs.
time = 3582949182 us
--------------- round 88 ---------------
seed = 422930674
[164763] is replaced by zero with estimated error 0.000180757
error = 0.500182
area = 893
delay = 17.7
#gates = 404
output circuit appNtk/ksa32_88_0.500182_893_17.7.blif
Abc_NtkLogicToNetlist() warning: The network is converted to have simple COs.
time = 3626818086 us
--------------- round 89 ---------------
seed = 3435157351
n310 is replaced by [163210] with inverter with estimated error 0.000180757
error = 0.76776
area = 891
delay = 17.7
#gates = 404
output circuit appNtk/ksa32_89_0.76776_891_17.7.blif
Abc_NtkLogicToNetlist() warning: The network is converted to have simple COs.
time = 3670593203 us
--------------- round 90 ---------------
seed = 2397360844
sum[5] is replaced by n615 with estimated error 0.000180757
error = 0.562682
area = 887
delay = 17.7
#gates = 403
output circuit appNtk/ksa32_90_0.562682_887_17.7.blif
Abc_NtkLogicToNetlist() warning: The network is converted to have simple COs.
time = 3714213445 us
--------------- round 91 ---------------
seed = 2173071269
n615 is replaced by [162517] with estimated error 0.000180757
error = 0.0158061
area = 886
delay = 17.7
#gates = 402
output circuit appNtk/ksa32_91_0.0158061_886_17.7.blif
Abc_NtkLogicToNetlist() warning: The network is converted to have simple COs.
time = 3757692899 us
--------------- round 92 ---------------
seed = 1332384777
[163235] is replaced by [163628] with estimated error 0.000180757
error = 0.0646346
area = 885
delay = 17.7
#gates = 401
output circuit appNtk/ksa32_92_0.0646346_885_17.7.blif
Abc_NtkLogicToNetlist() warning: The network is converted to have simple COs.
time = 3801005585 us
--------------- round 93 ---------------
seed = 2008161678
[163210] is replaced by zero with estimated error 0.000180757
error = 0.0958829
area = 884
delay = 17.7
#gates = 400
output circuit appNtk/ksa32_93_0.0958829_884_17.7.blif
Abc_NtkLogicToNetlist() warning: The network is converted to have simple COs.
time = 3844132981 us
--------------- round 94 ---------------
seed = 3549216567
[164105] is replaced by [163890] with estimated error 0.000180757
error = 0.510191
area = 883
delay = 17.7
#gates = 399
output circuit appNtk/ksa32_94_0.510191_883_17.7.blif
Abc_NtkLogicToNetlist() warning: The network is converted to have simple COs.
time = 3887040476 us
--------------- round 95 ---------------
seed = 2725245821
[162516] is replaced by b[6] with estimated error 0.000344186
error = 0.334331
area = 877
delay = 17.7
#gates = 396
output circuit appNtk/ksa32_95_0.334331_877_17.7.blif
Abc_NtkLogicToNetlist() warning: The network is converted to have simple COs.
time = 3929842121 us
--------------- round 96 ---------------
seed = 468906211
[162518] is replaced by [162527] with estimated error 0.000344186
error = 0.117534
area = 874
delay = 17.7
#gates = 395
output circuit appNtk/ksa32_96_0.117534_874_17.7.blif
Abc_NtkLogicToNetlist() warning: The network is converted to have simple COs.
time = 3972046125 us
--------------- round 97 ---------------
seed = 2298450015
sum[6] is replaced by [163628] with estimated error 0.000381803
error = 0.625382
area = 870
delay = 17.7
#gates = 394
output circuit appNtk/ksa32_97_0.625382_870_17.7.blif
Abc_NtkLogicToNetlist() warning: The network is converted to have simple COs.
time = 4014078806 us
--------------- round 98 ---------------
seed = 1312048687
[162517] is replaced by a[3] with estimated error 0.000380483
error = 0.0921768
area = 868
delay = 17.7
#gates = 393
output circuit appNtk/ksa32_98_0.0921768_868_17.7.blif
Abc_NtkLogicToNetlist() warning: The network is converted to have simple COs.
time = 4055776600 us
--------------- round 99 ---------------
seed = 2218215141
[162526] is replaced by [163221] with estimated error 0.000432433
error = 0.0648861
area = 866
delay = 17.7
#gates = 392
output circuit appNtk/ksa32_99_0.0648861_866_17.7.blif
Abc_NtkLogicToNetlist() warning: The network is converted to have simple COs.
time = 4097546644 us
--------------- round 100 ---------------
seed = 100814790
[164157] is replaced by zero with estimated error 0.000432433
error = 0.125433
area = 862
delay = 17.7
#gates = 390
output circuit appNtk/ksa32_100_0.125433_862_17.7.blif
Abc_NtkLogicToNetlist() warning: The network is converted to have simple COs.
time = 4139204144 us
--------------- round 101 ---------------
seed = 713308558
[163811] is replaced by zero with estimated error 0.000432433
error = 0.26606
area = 859
delay = 17.7
#gates = 388
output circuit appNtk/ksa32_101_0.26606_859_17.7.blif
Abc_NtkLogicToNetlist() warning: The network is converted to have simple COs.
time = 4180439172 us
--------------- round 102 ---------------
seed = 2265829978
[162527] is replaced by b[6] with estimated error 0.000432433
error = 0.00433955
area = 856
delay = 17.7
#gates = 387
output circuit appNtk/ksa32_102_0.00433955_856_17.7.blif
Abc_NtkLogicToNetlist() warning: The network is converted to have simple COs.
time = 4221358008 us
--------------- round 103 ---------------
seed = 3763592565
[162559] is replaced by one with estimated error 0.000432433
error = 0.258245
area = 854
delay = 17.7
#gates = 386
output circuit appNtk/ksa32_103_0.258245_854_17.7.blif
Abc_NtkLogicToNetlist() warning: The network is converted to have simple COs.
time = 4262136124 us
--------------- round 104 ---------------
seed = 1093445485
[163267] is replaced by n318 with estimated error 0.000432433
error = 0.312934
area = 853
delay = 17.7
#gates = 385
output circuit appNtk/ksa32_104_0.312934_853_17.7.blif
Abc_NtkLogicToNetlist() warning: The network is converted to have simple COs.
time = 4302628808 us
--------------- round 105 ---------------
seed = 3030022248
[163628] is replaced by [163221] with estimated error 0.000432433
error = 0.320748
area = 852
delay = 17.7
#gates = 384
output circuit appNtk/ksa32_105_0.320748_852_17.7.blif
Abc_NtkLogicToNetlist() warning: The network is converted to have simple COs.
time = 4343058690 us
--------------- round 106 ---------------
seed = 1583148721
n308 is replaced by n318 with estimated error 0.00107062
error = 0.0245092
area = 849
delay = 17.7
#gates = 383
output circuit appNtk/ksa32_106_0.0245092_849_17.7.blif
Abc_NtkLogicToNetlist() warning: The network is converted to have simple COs.
time = 4384423127 us
--------------- round 107 ---------------
seed = 922211333
[162544] is replaced by [162532] with estimated error 0.00140644
error = 0.0951561
area = 847
delay = 17.7
#gates = 382
output circuit appNtk/ksa32_107_0.0951561_847_17.7.blif
Abc_NtkLogicToNetlist() warning: The network is converted to have simple COs.
time = 4425503835 us
--------------- round 108 ---------------
seed = 1909693172
[162534] is replaced by one with estimated error 0.00174632
error = 0.335728
area = 842
delay = 17.7
#gates = 380
output circuit appNtk/ksa32_108_0.335728_842_17.7.blif
Abc_NtkLogicToNetlist() warning: The network is converted to have simple COs.
time = 4466405239 us
--------------- round 109 ---------------
seed = 17499797
[162546] is replaced by [163232] with estimated error 0.00174632
error = 0.00175353
area = 840
delay = 17.7
#gates = 379
output circuit appNtk/ksa32_109_0.00175353_840_17.7.blif
Abc_NtkLogicToNetlist() warning: The network is converted to have simple COs.
time = 4507012763 us
--------------- round 110 ---------------
seed = 1327034936
[163823] is replaced by [162543] with estimated error 0.00174632
error = 0.00174611
area = 837
delay = 17.7
#gates = 377
output circuit appNtk/ksa32_110_0.00174611_837_17.7.blif
Abc_NtkLogicToNetlist() warning: The network is converted to have simple COs.
time = 4547468901 us
--------------- round 111 ---------------
seed = 95539519
[163243] is replaced by zero with estimated error 0.00174632
error = 0.116983
area = 836
delay = 17.7
#gates = 376
output circuit appNtk/ksa32_111_0.116983_836_17.7.blif
Abc_NtkLogicToNetlist() warning: The network is converted to have simple COs.
time = 4587550717 us
--------------- round 112 ---------------
seed = 4256520628
[162560] is replaced by [162569] with estimated error 0.00212883
error = 0.267745
area = 833
delay = 17.7
#gates = 375
output circuit appNtk/ksa32_112_0.267745_833_17.7.blif
Abc_NtkLogicToNetlist() warning: The network is converted to have simple COs.
time = 4627423925 us
--------------- round 113 ---------------
seed = 502199963
[162616] is replaced by [162627] with estimated error 0.00261602
error = 0.0739359
area = 830
delay = 17.7
#gates = 374
output circuit appNtk/ksa32_113_0.0739359_830_17.7.blif
Abc_NtkLogicToNetlist() warning: The network is converted to have simple COs.
time = 4667070826 us
--------------- round 114 ---------------
seed = 2274597889
[164161] is replaced by [164165] with estimated error 0.00261602
error = 0.411788
area = 829
delay = 17.7
#gates = 373
output circuit appNtk/ksa32_114_0.411788_829_17.7.blif
Abc_NtkLogicToNetlist() warning: The network is converted to have simple COs.
time = 4706590135 us
--------------- round 115 ---------------
seed = 1542465277
[162543] is replaced by zero with estimated error 0.00340396
error = 0.909644
area = 823
delay = 17.7
#gates = 370
output circuit appNtk/ksa32_115_0.909644_823_17.7.blif
Abc_NtkLogicToNetlist() warning: The network is converted to have simple COs.
time = 4746081352 us
--------------- round 116 ---------------
seed = 3498541177
n318 is replaced by [162555] with estimated error 0.00340396
error = 0.261205
area = 817
delay = 17.7
#gates = 368
output circuit appNtk/ksa32_116_0.261205_817_17.7.blif
Abc_NtkLogicToNetlist() warning: The network is converted to have simple COs.
time = 4784661793 us
--------------- round 117 ---------------
seed = 1378665469
[162571] is replaced by [162567] with estimated error 0.00340396
error = 0.331514
area = 811
delay = 15.9
#gates = 366
output circuit appNtk/ksa32_117_0.331514_811_15.9.blif
Abc_NtkLogicToNetlist() warning: The network is converted to have simple COs.
time = 4822640238 us
--------------- round 118 ---------------
seed = 1068257309
[164165] is replaced by zero with estimated error 0.00340396
error = 0.065904
area = 807
delay = 15.9
#gates = 364
output circuit appNtk/ksa32_118_0.065904_807_15.9.blif
Abc_NtkLogicToNetlist() warning: The network is converted to have simple COs.
time = 4860291271 us
--------------- round 119 ---------------
seed = 3873150285
[164347] is replaced by one with estimated error 0.00340396
error = 0.0424663
area = 803
delay = 15.9
#gates = 362
output circuit appNtk/ksa32_119_0.0424663_803_15.9.blif
Abc_NtkLogicToNetlist() warning: The network is converted to have simple COs.
time = 4897645109 us
--------------- round 120 ---------------
seed = 1361350483
[161154] is replaced by zero with estimated error 0.00340396
error = 0.511205
area = 798
delay = 15.9
#gates = 360
output circuit appNtk/ksa32_120_0.511205_798_15.9.blif
Abc_NtkLogicToNetlist() warning: The network is converted to have simple COs.
time = 4934603456 us
--------------- round 121 ---------------
seed = 2731043093
[162593] is replaced by [162591] with estimated error 0.00340396
error = 0.58151
area = 792
delay = 15.9
#gates = 358
output circuit appNtk/ksa32_121_0.58151_792_15.9.blif
Abc_NtkLogicToNetlist() warning: The network is converted to have simple COs.
time = 4971404249 us
--------------- round 122 ---------------
seed = 2909504828
[162569] is replaced by [162567] with estimated error 0.00340396
error = 0.511213
area = 787
delay = 15.9
#gates = 356
output circuit appNtk/ksa32_122_0.511213_787_15.9.blif
Abc_NtkLogicToNetlist() warning: The network is converted to have simple COs.
time = 5007783382 us
--------------- round 123 ---------------
seed = 2844695266
n543 is replaced by [163893] with estimated error 0.00340396
error = 0.0737214
area = 784
delay = 15.9
#gates = 355
output circuit appNtk/ksa32_123_0.0737214_784_15.9.blif
Abc_NtkLogicToNetlist() warning: The network is converted to have simple COs.
time = 5044064413 us
--------------- round 124 ---------------
seed = 1198137464
[164345] is replaced by one with estimated error 0.00340396
error = 0.565896
area = 781
delay = 15.9
#gates = 354
output circuit appNtk/ksa32_124_0.565896_781_15.9.blif
Abc_NtkLogicToNetlist() warning: The network is converted to have simple COs.
time = 5080140765 us
--------------- round 125 ---------------
seed = 1681514547
[162581] is replaced by one with estimated error 0.00340396
error = 0.56591
area = 779
delay = 15.9
#gates = 353
output circuit appNtk/ksa32_125_0.56591_779_15.9.blif
Abc_NtkLogicToNetlist() warning: The network is converted to have simple COs.
time = 5116526669 us
--------------- round 126 ---------------
seed = 3745319841
[163652] is replaced by [163869] with estimated error 0.00340396
error = 0.097144
area = 778
delay = 15.9
#gates = 352
output circuit appNtk/ksa32_126_0.097144_778_15.9.blif
Abc_NtkLogicToNetlist() warning: The network is converted to have simple COs.
time = 5152662931 us
--------------- round 127 ---------------
seed = 1876115229
[163391] is replaced by n502 with estimated error 0.00340396
error = 0.0659028
area = 777
delay = 15.9
#gates = 351
output circuit appNtk/ksa32_127_0.0659028_777_15.9.blif
Abc_NtkLogicToNetlist() warning: The network is converted to have simple COs.
time = 5188558969 us
--------------- round 128 ---------------
seed = 65642785
[162719] is replaced by [162732] with estimated error 0.00340396
error = 0.0737217
area = 775
delay = 15.9
#gates = 350
output circuit appNtk/ksa32_128_0.0737217_775_15.9.blif
Abc_NtkLogicToNetlist() warning: The network is converted to have simple COs.
time = 5224212504 us
--------------- round 129 ---------------
seed = 1585244678
[163277] is replaced by [163869] with estimated error 0.00340396
error = 0.104954
area = 774
delay = 15.9
#gates = 349
output circuit appNtk/ksa32_129_0.104954_774_15.9.blif
Abc_NtkLogicToNetlist() warning: The network is converted to have simple COs.
time = 5259403922 us
--------------- round 130 ---------------
seed = 2848952756
[163287] is replaced by n324 with estimated error 0.00340396
error = 0.0268409
area = 773
delay = 15.9
#gates = 348
output circuit appNtk/ksa32_130_0.0268409_773_15.9.blif
Abc_NtkLogicToNetlist() warning: The network is converted to have simple COs.
time = 5294216741 us
--------------- round 131 ---------------
seed = 707868597
[162582] is replaced by [162591] with estimated error 0.00340396
error = 0.144021
area = 770
delay = 15.9
#gates = 347
output circuit appNtk/ksa32_131_0.144021_770_15.9.blif
Abc_NtkLogicToNetlist() warning: The network is converted to have simple COs.
time = 5332436427 us
--------------- round 132 ---------------
seed = 310152386
[163404] is replaced by n498 with estimated error 0.00340396
error = 0.00340412
area = 769
delay = 15.4
#gates = 346
output circuit appNtk/ksa32_132_0.00340412_769_15.4.blif
Abc_NtkLogicToNetlist() warning: The network is converted to have simple COs.
time = 5368041546 us
--------------- round 133 ---------------
seed = 2456683758
[162745] is replaced by [162758] with estimated error 0.00340396
error = 0.272931
area = 767
delay = 15.4
#gates = 345
output circuit appNtk/ksa32_133_0.272931_767_15.4.blif
Abc_NtkLogicToNetlist() warning: The network is converted to have simple COs.
time = 5403918689 us
--------------- round 134 ---------------
seed = 1892026328
[163254] is replaced by one with estimated error 0.00340396
error = 0.335435
area = 766
delay = 15.4
#gates = 344
output circuit appNtk/ksa32_134_0.335435_766_15.4.blif
Abc_NtkLogicToNetlist() warning: The network is converted to have simple COs.
time = 5440082955 us
--------------- round 135 ---------------
seed = 4150328578
[162532] is replaced by zero with estimated error 0.00342142
error = 0.0424786
area = 765
delay = 15.4
#gates = 343
output circuit appNtk/ksa32_135_0.0424786_765_15.4.blif
Abc_NtkLogicToNetlist() warning: The network is converted to have simple COs.
time = 5473987701 us
--------------- round 136 ---------------
seed = 2833421930
[162524] is replaced by one with estimated error 0.00339141
error = 0.585437
area = 764
delay = 15.4
#gates = 342
output circuit appNtk/ksa32_136_0.585437_764_15.4.blif
Abc_NtkLogicToNetlist() warning: The network is converted to have simple COs.
time = 5508077938 us
--------------- round 137 ---------------
seed = 1172934871
sum[9] is replaced by one with estimated error 0.00339141
error = 0.194791
area = 759
delay = 15.4
#gates = 340
output circuit appNtk/ksa32_137_0.194791_759_15.4.blif
Abc_NtkLogicToNetlist() warning: The network is converted to have simple COs.
time = 5541588453 us
--------------- round 138 ---------------
seed = 4140346474
[162535] is replaced by zero with estimated error 0.00339141
error = 0.378397
area = 757
delay = 15.4
#gates = 339
output circuit appNtk/ksa32_138_0.378397_757_15.4.blif
Abc_NtkLogicToNetlist() warning: The network is converted to have simple COs.
time = 5575369631 us
--------------- round 139 ---------------
seed = 3389612095
[162554] is replaced by [162566] with estimated error 0.00519613
error = 0.356734
area = 751
delay = 15.4
#gates = 336
output circuit appNtk/ksa32_139_0.356734_751_15.4.blif
Abc_NtkLogicToNetlist() warning: The network is converted to have simple COs.
time = 5608682688 us
--------------- round 140 ---------------
seed = 2668345151
[163675] is replaced by [162565] with estimated error 0.00519613
error = 0.0793929
area = 748
delay = 15.4
#gates = 334
output circuit appNtk/ksa32_140_0.0793929_748_15.4.blif
Abc_NtkLogicToNetlist() warning: The network is converted to have simple COs.
time = 5641515207 us
--------------- round 141 ---------------
seed = 814544854
[163264] is replaced by zero with estimated error 0.00519613
error = 0.137995
area = 747
delay = 15.4
#gates = 333
output circuit appNtk/ksa32_141_0.137995_747_15.4.blif
Abc_NtkLogicToNetlist() warning: The network is converted to have simple COs.
time = 5673874523 us
--------------- round 142 ---------------
seed = 3683663866
[162556] is replaced by [162567] with estimated error 0.00519613
error = 0.0989387
area = 744
delay = 15.4
#gates = 332
output circuit appNtk/ksa32_142_0.0989387_744_15.4.blif
Abc_NtkLogicToNetlist() warning: The network is converted to have simple COs.
time = 5706187510 us
--------------- round 143 ---------------
seed = 339121308
sum[10] is replaced by [163869] with estimated error 0.00569516
error = 0.0721009
area = 740
delay = 15.4
#gates = 331
output circuit appNtk/ksa32_143_0.0721009_740_15.4.blif
Abc_NtkLogicToNetlist() warning: The network is converted to have simple COs.
time = 5738596043 us
--------------- round 144 ---------------
seed = 2486972309
[162555] is replaced by one with estimated error 0.00596695
error = 0.584078
area = 738
delay = 15.4
#gates = 330
output circuit appNtk/ksa32_144_0.584078_738_15.4.blif
Abc_NtkLogicToNetlist() warning: The network is converted to have simple COs.
time = 5770672320 us
--------------- round 145 ---------------
seed = 982810647
[161158] is replaced by zero with estimated error 0.00596695
error = 0.349735
area = 733
delay = 15.4
#gates = 328
output circuit appNtk/ksa32_145_0.349735_733_15.4.blif
Abc_NtkLogicToNetlist() warning: The network is converted to have simple COs.
time = 5802367293 us
--------------- round 146 ---------------
seed = 2088783699
n545 is replaced by n319 with estimated error 0.00596695
error = 0.380986
area = 730
delay = 15.4
#gates = 327
output circuit appNtk/ksa32_146_0.380986_730_15.4.blif
Abc_NtkLogicToNetlist() warning: The network is converted to have simple COs.
time = 5833801045 us
--------------- round 147 ---------------
seed = 619925593
[162604] is replaced by [164683] with estimated error 0.00596695
error = 0.021594
area = 725
delay = 15.4
#gates = 325
output circuit appNtk/ksa32_147_0.021594_725_15.4.blif
Abc_NtkLogicToNetlist() warning: The network is converted to have simple COs.
time = 5865059961 us
--------------- round 148 ---------------
seed = 861159439
[163869] is replaced by [162566] with estimated error 0.00596695
error = 0.380979
area = 724
delay = 15.4
#gates = 324
output circuit appNtk/ksa32_148_0.380979_724_15.4.blif
Abc_NtkLogicToNetlist() warning: The network is converted to have simple COs.
time = 5896317494 us
--------------- round 149 ---------------
seed = 2088294534
[162566] is replaced by b[10] with inverter with estimated error 0.00654219
error = 0.00659162
area = 723
delay = 15.4
#gates = 324
output circuit appNtk/ksa32_149_0.00659162_723_15.4.blif
Abc_NtkLogicToNetlist() warning: The network is converted to have simple COs.
time = 5928532494 us
--------------- round 150 ---------------
seed = 2373130658
[162567] is replaced by b[10] with estimated error 0.00654219
error = 0.522199
area = 720
delay = 15.4
#gates = 323
output circuit appNtk/ksa32_150_0.522199_720_15.4.blif
Abc_NtkLogicToNetlist() warning: The network is converted to have simple COs.
time = 5960620705 us
--------------- round 151 ---------------
seed = 1277216232
[162565] is replaced by [162577] with estimated error 0.011267
error = 0.323809
area = 714
delay = 15.4
#gates = 320
output circuit appNtk/ksa32_151_0.323809_714_15.4.blif
Abc_NtkLogicToNetlist() warning: The network is converted to have simple COs.
time = 5992128555 us
--------------- round 152 ---------------
seed = 1198641129
[162590] is replaced by [163284] with estimated error 0.011267
error = 0.0112937
area = 712
delay = 15.4
#gates = 319
output circuit appNtk/ksa32_152_0.0112937_712_15.4.blif
Abc_NtkLogicToNetlist() warning: The network is converted to have simple COs.
time = 6023726358 us
--------------- round 153 ---------------
seed = 2900274244
sum[11] is replaced by zero with estimated error 0.0147495
error = 0.0304407
area = 708
delay = 15.4
#gates = 318
output circuit appNtk/ksa32_153_0.0304407_708_15.4.blif
Abc_NtkLogicToNetlist() warning: The network is converted to have simple COs.
time = 6055416186 us
--------------- round 154 ---------------
seed = 249018605
[163274] is replaced by zero with estimated error 0.0147495
error = 1.06168
area = 707
delay = 15.4
#gates = 317
output circuit appNtk/ksa32_154_1.06168_707_15.4.blif
Abc_NtkLogicToNetlist() warning: The network is converted to have simple COs.
time = 6089365901 us
--------------- round 155 ---------------
seed = 4202700696
[162577] is replaced by b[11] with inverter with estimated error 0.015162
error = 0.280809
area = 706
delay = 15.4
#gates = 317
output circuit appNtk/ksa32_155_0.280809_706_15.4.blif
Abc_NtkLogicToNetlist() warning: The network is converted to have simple COs.
time = 6119851621 us
--------------- round 156 ---------------
seed = 3118495011
[162588] is replaced by [162574] with estimated error 0.016619
error = 0.219835
area = 704
delay = 15.4
#gates = 316
output circuit appNtk/ksa32_156_0.219835_704_15.4.blif
Abc_NtkLogicToNetlist() warning: The network is converted to have simple COs.
time = 6151314133 us
--------------- round 157 ---------------
seed = 1041516166
[163284] is replaced by [162575] with estimated error 0.016619
error = 0.59476
area = 703
delay = 15.4
#gates = 315
output circuit appNtk/ksa32_157_0.59476_703_15.4.blif
Abc_NtkLogicToNetlist() warning: The network is converted to have simple COs.
time = 6182343806 us
--------------- round 158 ---------------
seed = 1672359472
[161157] is replaced by [161166] with estimated error 0.0196588
error = 0.409913
area = 698
delay = 15.4
#gates = 313
output circuit appNtk/ksa32_158_0.409913_698_15.4.blif
Abc_NtkLogicToNetlist() warning: The network is converted to have simple COs.
time = 6212491933 us
--------------- round 159 ---------------
seed = 3834202775
[162614] is replaced by [162625] with estimated error 0.022459
error = 0.194177
area = 695
delay = 15.4
#gates = 312
output circuit appNtk/ksa32_159_0.194177_695_15.4.blif
Abc_NtkLogicToNetlist() warning: The network is converted to have simple COs.
time = 6242078419 us
--------------- round 160 ---------------
seed = 1786794020
n617 is replaced by zero with estimated error 0.020982
error = 0.520944
area = 694
delay = 15.4
#gates = 311
output circuit appNtk/ksa32_160_0.520944_694_15.4.blif
Abc_NtkLogicToNetlist() warning: The network is converted to have simple COs.
time = 6271463330 us
--------------- round 161 ---------------
seed = 1886316588
[162545] is replaced by one with estimated error 0.020982
error = 0.520986
area = 691
delay = 15.4
#gates = 310
output circuit appNtk/ksa32_161_0.520986_691_15.4.blif
Abc_NtkLogicToNetlist() warning: The network is converted to have simple COs.
time = 6301079840 us
--------------- round 162 ---------------
seed = 4137683761
n324 is replaced by zero with estimated error 0.020982
error = 0.411543
area = 688
delay = 15.4
#gates = 309
output circuit appNtk/ksa32_162_0.411543_688_15.4.blif
Abc_NtkLogicToNetlist() warning: The network is converted to have simple COs.
time = 6331015453 us
--------------- round 163 ---------------
seed = 3051893466
n547 is replaced by [163872] with estimated error 0.020982
error = 0.333533
area = 685
delay = 15.4
#gates = 308
output circuit appNtk/ksa32_163_0.333533_685_15.4.blif
Abc_NtkLogicToNetlist() warning: The network is converted to have simple COs.
time = 6361579299 us
--------------- round 164 ---------------
seed = 1274138416
[162615] is replaced by [162613] with estimated error 0.020982
error = 0.599137
area = 682
delay = 15.4
#gates = 307
output circuit appNtk/ksa32_164_0.599137_682_15.4.blif
Abc_NtkLogicToNetlist() warning: The network is converted to have simple COs.
time = 6391658934 us
--------------- round 165 ---------------
seed = 3739527704
[162591] is replaced by [162589] with estimated error 0.020982
error = 0.302225
area = 679
delay = 15.4
#gates = 306
output circuit appNtk/ksa32_165_0.302225_679_15.4.blif
Abc_NtkLogicToNetlist() warning: The network is converted to have simple COs.
time = 6423222579 us
--------------- round 166 ---------------
seed = 755335008
[163589] is replaced by zero with estimated error 0.020982
error = 0.317799
area = 678
delay = 15.4
#gates = 305
output circuit appNtk/ksa32_166_0.317799_678_15.4.blif
Abc_NtkLogicToNetlist() warning: The network is converted to have simple COs.
time = 6452975302 us
--------------- round 167 ---------------
seed = 617211392
[163619] is replaced by [163893] with estimated error 0.020982
error = 0.411571
area = 677
delay = 15.4
#gates = 304
output circuit appNtk/ksa32_167_0.411571_677_15.4.blif
Abc_NtkLogicToNetlist() warning: The network is converted to have simple COs.
time = 6484157278 us
--------------- round 168 ---------------
seed = 1082837929
[162576] is replaced by [162589] with estimated error 0.0246056
error = 0.352596
area = 673
delay = 15.4
#gates = 303
output circuit appNtk/ksa32_168_0.352596_673_15.4.blif
Abc_NtkLogicToNetlist() warning: The network is converted to have simple COs.
time = 6513958450 us
--------------- round 169 ---------------
seed = 1080078464
[162578] is replaced by one with estimated error 0.0246056
error = 0.274543
area = 670
delay = 15.4
#gates = 302
output circuit appNtk/ksa32_169_0.274543_670_15.4.blif
Abc_NtkLogicToNetlist() warning: The network is converted to have simple COs.
time = 6544591598 us
--------------- round 170 ---------------
seed = 4244740703
[162589] is replaced by a[12] with estimated error 0.0281437
error = 0.0904646
area = 667
delay = 15.4
#gates = 301
output circuit appNtk/ksa32_170_0.0904646_667_15.4.blif
Abc_NtkLogicToNetlist() warning: The network is converted to have simple COs.
time = 6574478350 us
--------------- round 171 ---------------
seed = 2905881701
[161166] is replaced by zero with estimated error 0.0281437
error = 0.340563
area = 662
delay = 15.4
#gates = 299
output circuit appNtk/ksa32_171_0.340563_662_15.4.blif
Abc_NtkLogicToNetlist() warning: The network is converted to have simple COs.
time = 6602296365 us
--------------- round 172 ---------------
seed = 3687759074
n549 is replaced by n325 with estimated error 0.0281437
error = 0.340603
area = 659
delay = 15.4
#gates = 298
output circuit appNtk/ksa32_172_0.340603_659_15.4.blif
Abc_NtkLogicToNetlist() warning: The network is converted to have simple COs.
time = 6629954994 us
--------------- round 173 ---------------
seed = 1275171433
[162626] is replaced by [164667] with estimated error 0.0281437
error = 0.215355
area = 654
delay = 15.4
#gates = 296
output circuit appNtk/ksa32_173_0.215355_654_15.4.blif
Abc_NtkLogicToNetlist() warning: The network is converted to have simple COs.
time = 6657358884 us
--------------- round 174 ---------------
seed = 1292610885
[163687] is replaced by zero with estimated error 0.0281437
error = 0.340535
area = 651
delay = 15.4
#gates = 294
output circuit appNtk/ksa32_174_0.340535_651_15.4.blif
Abc_NtkLogicToNetlist() warning: The network is converted to have simple COs.
time = 6684454010 us
--------------- round 175 ---------------
seed = 2799713078
[163893] is replaced by [162574] with estimated error 0.0281437
error = 0.778096
area = 650
delay = 15.4
#gates = 293
output circuit appNtk/ksa32_175_0.778096_650_15.4.blif
Abc_NtkLogicToNetlist() warning: The network is converted to have simple COs.
time = 6711272520 us
--------------- round 176 ---------------
seed = 3273292501
[162575] is replaced by zero with estimated error 0.0281437
error = 0.0905017
area = 649
delay = 15.4
#gates = 292
output circuit appNtk/ksa32_176_0.0905017_649_15.4.blif
Abc_NtkLogicToNetlist() warning: The network is converted to have simple COs.
time = 6737897586 us
--------------- round 177 ---------------
seed = 1713417290
sum[13] is replaced by b[12] with estimated error 0.0499391
error = 0.0499488
area = 644
delay = 15.4
#gates = 290
output circuit appNtk/ksa32_177_0.0499488_644_15.4.blif
Abc_NtkLogicToNetlist() warning: The network is converted to have simple COs.
time = 6764670156 us
--------------- round 178 ---------------
seed = 1161099771
[162587] is replaced by a[13] with estimated error 0.0636705
error = 0.376225
area = 638
delay = 15.4
#gates = 287
output circuit appNtk/ksa32_178_0.376225_638_15.4.blif
Abc_NtkLogicToNetlist() warning: The network is converted to have simple COs.
time = 6790987360 us
--------------- round 179 ---------------
seed = 2095494519
[162599] is replaced by b[13] with inverter with estimated error 0.0592753
error = 0.121509
area = 637
delay = 15.4
#gates = 287
output circuit appNtk/ksa32_179_0.121509_637_15.4.blif
Abc_NtkLogicToNetlist() warning: The network is converted to have simple COs.
time = 6816699285 us
--------------- round 180 ---------------
seed = 1412845138
[164195] is replaced by zero with estimated error 0.070719
error = 0.572554
area = 633
delay = 15.4
#gates = 285
output circuit appNtk/ksa32_180_0.572554_633_15.4.blif
Abc_NtkLogicToNetlist() warning: The network is converted to have simple COs.
time = 6842860555 us
--------------- round 181 ---------------
seed = 3849179112
n618 is replaced by [163293] with estimated error 0.0729523
error = 0.323175
area = 632
delay = 15.4
#gates = 284
output circuit appNtk/ksa32_181_0.323175_632_15.4.blif
Abc_NtkLogicToNetlist() warning: The network is converted to have simple COs.
time = 6869316673 us
--------------- round 182 ---------------
seed = 300592306
[162637] is replaced by [162635] with estimated error 0.0729523
error = 0.3231
area = 626
delay = 15.4
#gates = 282
output circuit appNtk/ksa32_182_0.3231_626_15.4.blif
Abc_NtkLogicToNetlist() warning: The network is converted to have simple COs.
time = 6894713898 us
--------------- round 183 ---------------
seed = 1295016288
[162613] is replaced by [162611] with estimated error 0.0729523
error = 0.44785
area = 621
delay = 15.4
#gates = 280
output circuit appNtk/ksa32_183_0.44785_621_15.4.blif
Abc_NtkLogicToNetlist() warning: The network is converted to have simple COs.
time = 6919864380 us
--------------- round 184 ---------------
seed = 2606468186
[162600] is replaced by a[13] with estimated error 0.0729523
error = 0.323022
area = 617
delay = 15.4
#gates = 278
output circuit appNtk/ksa32_184_0.323022_617_15.4.blif
Abc_NtkLogicToNetlist() warning: The network is converted to have simple COs.
time = 6944613865 us
--------------- round 185 ---------------
seed = 461970467
n319 is replaced by [163293] with estimated error 0.0729523
error = 0.572894
area = 614
delay = 15.4
#gates = 277
output circuit appNtk/ksa32_185_0.572894_614_15.4.blif
Abc_NtkLogicToNetlist() warning: The network is converted to have simple COs.
time = 6969020524 us
--------------- round 186 ---------------
seed = 2032912879
n579 is replaced by [163884] with estimated error 0.0729523
error = 0.385342
area = 611
delay = 15.4
#gates = 276
output circuit appNtk/ksa32_186_0.385342_611_15.4.blif
Abc_NtkLogicToNetlist() warning: The network is converted to have simple COs.
time = 6993257777 us
--------------- round 187 ---------------
seed = 3622898654
[163622] is replaced by [163872] with estimated error 0.0729523
error = 0.385762
area = 610
delay = 15.4
#gates = 275
output circuit appNtk/ksa32_187_0.385762_610_15.4.blif
Abc_NtkLogicToNetlist() warning: The network is converted to have simple COs.
time = 7017338329 us
--------------- round 188 ---------------
seed = 2731638059
[162598] is replaced by [162610] with estimated error 0.0996663
error = 0.349523
area = 604
delay = 15.4
#gates = 272
output circuit appNtk/ksa32_188_0.349523_604_15.4.blif
Abc_NtkLogicToNetlist() warning: The network is converted to have simple COs.
time = 7041284943 us
--------------- round 189 ---------------
seed = 2781123051
[162611] is replaced by [164683] with estimated error 0.0996663
error = 0.16251
area = 600
delay = 15.4
#gates = 270
output circuit appNtk/ksa32_189_0.16251_600_15.4.blif
Abc_NtkLogicToNetlist() warning: The network is converted to have simple COs.
time = 7064785608 us
--------------- round 190 ---------------
seed = 1889281128
[163699] is replaced by [162609] with estimated error 0.0996663
error = 0.412522
area = 597
delay = 15.4
#gates = 268
output circuit appNtk/ksa32_190_0.412522_597_15.4.blif
Abc_NtkLogicToNetlist() warning: The network is converted to have simple COs.
time = 7087994271 us
--------------- round 191 ---------------
seed = 3236663323
sum[14] is replaced by [163872] with estimated error 0.110018
error = 0.111034
area = 594
delay = 15.4
#gates = 267
output circuit appNtk/ksa32_191_0.111034_594_15.4.blif
Abc_NtkLogicToNetlist() warning: The network is converted to have simple COs.
time = 7110880030 us
--------------- round 192 ---------------
seed = 290314303
[162610] is replaced by b[14] with inverter with estimated error 0.116984
error = 0.367829
area = 593
delay = 15.4
#gates = 267
output circuit appNtk/ksa32_192_0.367829_593_15.4.blif
Abc_NtkLogicToNetlist() warning: The network is converted to have simple COs.
time = 7133628624 us
--------------- round 193 ---------------
seed = 267466454
[162609] is replaced by [162621] with estimated error 0.192865
error = 0.755366
area = 587
delay = 15.4
#gates = 264
output circuit appNtk/ksa32_193_0.755366_587_15.4.blif
Abc_NtkLogicToNetlist() warning: The network is converted to have simple COs.
time = 7156530117 us
--------------- round 194 ---------------
seed = 762514580
n619 is replaced by one with estimated error 0.191721
error = 0.255245
area = 586
delay = 15.4
#gates = 263
output circuit appNtk/ksa32_194_0.255245_586_15.4.blif
Abc_NtkLogicToNetlist() warning: The network is converted to have simple COs.
time = 7178921195 us
--------------- round 195 ---------------
seed = 1844541930
[162649] is replaced by [162647] with estimated error 0.191721
error = 0.504071
area = 584
delay = 15.4
#gates = 262
output circuit appNtk/ksa32_195_0.504071_584_15.4.blif
Abc_NtkLogicToNetlist() warning: The network is converted to have simple COs.
time = 7201268177 us
--------------- round 196 ---------------
seed = 705002170
[162634] is replaced by [163323] with estimated error 0.191721
error = 0.317612
area = 582
delay = 15.4
#gates = 261
output circuit appNtk/ksa32_196_0.317612_582_15.4.blif
Abc_NtkLogicToNetlist() warning: The network is converted to have simple COs.
time = 7223523651 us
--------------- round 197 ---------------
seed = 353508459
n325 is replaced by [164675] with inverter with estimated error 0.191721
error = 1.31698
area = 580
delay = 15.4
#gates = 261
output circuit appNtk/ksa32_197_1.31698_580_15.4.blif
Abc_NtkLogicToNetlist() warning: The network is converted to have simple COs.
time = 7245629415 us
--------------- round 198 ---------------
seed = 2428855688
[163293] is replaced by one with estimated error 0.188152
error = 0.18796
area = 579
delay = 15.4
#gates = 260
output circuit appNtk/ksa32_198_0.18796_579_15.4.blif
Abc_NtkLogicToNetlist() warning: The network is converted to have simple COs.
time = 7267737640 us
--------------- round 199 ---------------
seed = 1589017256
[164207] is replaced by zero with estimated error 0.188152
error = 0.187457
area = 575
delay = 15.4
#gates = 258
output circuit appNtk/ksa32_199_0.187457_575_15.4.blif
Abc_NtkLogicToNetlist() warning: The network is converted to have simple COs.
time = 7289765531 us
--------------- round 200 ---------------
seed = 3937140537
[162663] is replaced by [162661] with estimated error 0.188152
error = 0.437886
area = 569
delay = 14.3
#gates = 256
output circuit appNtk/ksa32_200_0.437886_569_14.3.blif
Abc_NtkLogicToNetlist() warning: The network is converted to have simple COs.
time = 7311511012 us
--------------- round 201 ---------------
seed = 1859565413
[164201] is replaced by zero with estimated error 0.188152
error = 0.687121
area = 565
delay = 14.3
#gates = 254
output circuit appNtk/ksa32_201_0.687121_565_14.3.blif
Abc_NtkLogicToNetlist() warning: The network is converted to have simple COs.
time = 7333070737 us
--------------- round 202 ---------------
seed = 303466692
[162622] is replaced by [164675] with estimated error 0.188152
error = 0.437978
area = 561
delay = 14.3
#gates = 252
output circuit appNtk/ksa32_202_0.437978_561_14.3.blif
Abc_NtkLogicToNetlist() warning: The network is converted to have simple COs.
time = 7354322141 us
--------------- round 203 ---------------
seed = 1578745800
[162635] is replaced by [162633] with estimated error 0.188152
error = 0.187631
area = 558
delay = 14.3
#gates = 251
output circuit appNtk/ksa32_203_0.187631_558_14.3.blif
Abc_NtkLogicToNetlist() warning: The network is converted to have simple COs.
time = 7375276396 us
--------------- round 204 ---------------
seed = 30171210
n583 is replaced by n317 with estimated error 0.188152
error = 0.438226
area = 555
delay = 14.3
#gates = 250
output circuit appNtk/ksa32_204_0.438226_555_14.3.blif
Abc_NtkLogicToNetlist() warning: The network is converted to have simple COs.
time = 7396089320 us
--------------- round 205 ---------------
seed = 3685094258
[162650] is replaced by [164653] with estimated error 0.188152
error = 0.438164
area = 552
delay = 14.3
#gates = 249
output circuit appNtk/ksa32_205_0.438164_552_14.3.blif
Abc_NtkLogicToNetlist() warning: The network is converted to have simple COs.
time = 7416763807 us
--------------- round 206 ---------------
seed = 4114875261
sum[15] is replaced by n620 with estimated error 0.188152
error = 0.187739
area = 549
delay = 14.3
#gates = 248
output circuit appNtk/ksa32_206_0.187739_549_14.3.blif
Abc_NtkLogicToNetlist() warning: The network is converted to have simple COs.
time = 7437365011 us
--------------- round 207 ---------------
seed = 2653024118
n582 is replaced by [163863] with estimated error 0.188152
error = 0.438128
area = 546
delay = 14.3
#gates = 247
output circuit appNtk/ksa32_207_0.438128_546_14.3.blif
Abc_NtkLogicToNetlist() warning: The network is converted to have simple COs.
time = 7457859680 us
--------------- round 208 ---------------
seed = 556720678
[164683] is replaced by zero with estimated error 0.188152
error = 0.187587
area = 544
delay = 14.3
#gates = 246
output circuit appNtk/ksa32_208_0.187587_544_14.3.blif
Abc_NtkLogicToNetlist() warning: The network is converted to have simple COs.
time = 7478265537 us
--------------- round 209 ---------------
seed = 3169580049
[162706] is replaced by [162702] with estimated error 0.188152
error = 0.687506
area = 542
delay = 14.3
#gates = 245
output circuit appNtk/ksa32_209_0.687506_542_14.3.blif
Abc_NtkLogicToNetlist() warning: The network is converted to have simple COs.
time = 7498482890 us
--------------- round 210 ---------------
seed = 2273442406
n620 is replaced by [162621] with estimated error 0.188152
error = 0.188161
area = 541
delay = 14.3
#gates = 244
output circuit appNtk/ksa32_210_0.188161_541_14.3.blif
Abc_NtkLogicToNetlist() warning: The network is converted to have simple COs.
time = 7518593787 us
--------------- round 211 ---------------
seed = 2488817925
[163872] is replaced by one with estimated error 0.188152
error = 0.188285
area = 540
delay = 14.3
#gates = 243
output circuit appNtk/ksa32_211_0.188285_540_14.3.blif
Abc_NtkLogicToNetlist() warning: The network is converted to have simple COs.
time = 7538563078 us
--------------- round 212 ---------------
seed = 2327786537
[163884] is replaced by [163610] with estimated error 0.188152
error = 0.187851
area = 539
delay = 14.3
#gates = 242
output circuit appNtk/ksa32_212_0.187851_539_14.3.blif
Abc_NtkLogicToNetlist() warning: The network is converted to have simple COs.
time = 7558361129 us
--------------- round 213 ---------------
seed = 239685289
[162620] is replaced by [162632] with estimated error 0.329274
error = 0.580088
area = 533
delay = 14.3
#gates = 239
output circuit appNtk/ksa32_213_0.580088_533_14.3.blif
Abc_NtkLogicToNetlist() warning: The network is converted to have simple COs.
time = 7578423662 us
--------------- round 214 ---------------
seed = 4052837939
[162633] is replaced by [164667] with estimated error 0.329274
error = 0.829006
area = 529
delay = 14.3
#gates = 237
output circuit appNtk/ksa32_214_0.829006_529_14.3.blif
Abc_NtkLogicToNetlist() warning: The network is converted to have simple COs.
time = 7597906875 us
--------------- round 215 ---------------
seed = 2454877440
[163711] is replaced by [162631] with estimated error 0.329274
error = 0.580173
area = 526
delay = 14.3
#gates = 235
output circuit appNtk/ksa32_215_0.580173_526_14.3.blif
Abc_NtkLogicToNetlist() warning: The network is converted to have simple COs.
time = 7616989404 us
--------------- round 216 ---------------
seed = 195668030
[164675] is replaced by [164667] with estimated error 0.329274
error = 0.580422
area = 524
delay = 14.3
#gates = 234
output circuit appNtk/ksa32_216_0.580422_524_14.3.blif
Abc_NtkLogicToNetlist() warning: The network is converted to have simple COs.
time = 7635761764 us
--------------- round 217 ---------------
seed = 4115854993
sum[16] is replaced by [163610] with estimated error 0.37373
error = 0.375072
area = 521
delay = 14.3
#gates = 233
output circuit appNtk/ksa32_217_0.375072_521_14.3.blif
Abc_NtkLogicToNetlist() warning: The network is converted to have simple COs.
time = 7654530271 us
--------------- round 218 ---------------
seed = 2324179942
[162621] is replaced by one with estimated error 0.368042
error = 0.366782
area = 519
delay = 14.3
#gates = 232
output circuit appNtk/ksa32_218_0.366782_519_14.3.blif
Abc_NtkLogicToNetlist() warning: The network is converted to have simple COs.
time = 7673116980 us
--------------- round 219 ---------------
seed = 1858811346
[164067] is replaced by zero with estimated error 0.368042
error = 0.367719
area = 515
delay = 14.3
#gates = 230
output circuit appNtk/ksa32_219_0.367719_515_14.3.blif
Abc_NtkLogicToNetlist() warning: The network is converted to have simple COs.
time = 7691657010 us
--------------- round 220 ---------------
seed = 3984947311
n592 is replaced by n307 with estimated error 0.368042
error = 0.368015
area = 512
delay = 14.3
#gates = 229
output circuit appNtk/ksa32_220_0.368015_512_14.3.blif
Abc_NtkLogicToNetlist() warning: The network is converted to have simple COs.
time = 7709915910 us
--------------- round 221 ---------------
seed = 1184623561
[162676] is replaced by [164637] with estimated error 0.368042
error = 0.367734
area = 507
delay = 14.3
#gates = 227
output circuit appNtk/ksa32_221_0.367734_507_14.3.blif
Abc_NtkLogicToNetlist() warning: The network is converted to have simple COs.
time = 7728112180 us
--------------- round 222 ---------------
seed = 3913279161
[162732] is replaced by [162728] with estimated error 0.368042
error = 0.36783
area = 505
delay = 14.3
#gates = 226
output circuit appNtk/ksa32_222_0.36783_505_14.3.blif
Abc_NtkLogicToNetlist() warning: The network is converted to have simple COs.
time = 7746011517 us
--------------- round 223 ---------------
seed = 3253951142
[163610] is replaced by [162632] with estimated error 0.368042
error = 0.366784
area = 504
delay = 14.3
#gates = 225
output circuit appNtk/ksa32_223_0.366784_504_14.3.blif
Abc_NtkLogicToNetlist() warning: The network is converted to have simple COs.
time = 7763847147 us
--------------- round 224 ---------------
seed = 354396351
[162631] is replaced by [162645] with estimated error 0.680941
error = 0.677179
area = 498
delay = 14.3
#gates = 222
output circuit appNtk/ksa32_224_0.677179_498_14.3.blif
Abc_NtkLogicToNetlist() warning: The network is converted to have simple COs.
time = 7781540892 us
--------------- round 225 ---------------
seed = 1657816423
[162547] is replaced by one with estimated error 0.680941
error = 0.675345
area = 495
delay = 14.3
#gates = 221
output circuit appNtk/ksa32_225_0.675345_495_14.3.blif
Abc_NtkLogicToNetlist() warning: The network is converted to have simple COs.
time = 7798839832 us
--------------- round 226 ---------------
seed = 3978841536
[164667] is replaced by [164661] with estimated error 0.680941
error = 0.676015
area = 493
delay = 14.3
#gates = 220
output circuit appNtk/ksa32_226_0.676015_493_14.3.blif
Abc_NtkLogicToNetlist() warning: The network is converted to have simple COs.
time = 7816032564 us
--------------- round 227 ---------------
seed = 552087750
[162660] is replaced by [163342] with estimated error 0.680941
error = 0.676901
area = 491
delay = 14.3
#gates = 219
output circuit appNtk/ksa32_227_0.676901_491_14.3.blif
Abc_NtkLogicToNetlist() warning: The network is converted to have simple COs.
time = 7833031745 us
--------------- round 228 ---------------
seed = 780917128
[163333] is replaced by zero with estimated error 0.680941
error = 0.676304
area = 490
delay = 14.3
#gates = 218
output circuit appNtk/ksa32_228_0.676304_490_14.3.blif
Abc_NtkLogicToNetlist() warning: The network is converted to have simple COs.
time = 7849871425 us
--------------- round 229 ---------------
seed = 294566513
[162632] is replaced by one with estimated error 0.744343
error = 0.744163
area = 488
delay = 14.3
#gates = 217
output circuit appNtk/ksa32_229_0.744163_488_14.3.blif
Abc_NtkLogicToNetlist() warning: The network is converted to have simple COs.
time = 7866650800 us
--------------- round 230 ---------------
seed = 2102174023
[162646] is replaced by [164661] with estimated error 0.744343
error = 0.741248
area = 485
delay = 14.3
#gates = 216
output circuit appNtk/ksa32_230_0.741248_485_14.3.blif
Abc_NtkLogicToNetlist() warning: The network is converted to have simple COs.
time = 7883476806 us
--------------- round 231 ---------------
seed = 882591210
sum[17] is replaced by n317 with estimated error 0.744343
error = 0.743996
area = 482
delay = 14.3
#gates = 215
output circuit appNtk/ksa32_231_0.743996_482_14.3.blif
Abc_NtkLogicToNetlist() warning: The network is converted to have simple COs.
time = 7900179929 us
--------------- round 232 ---------------
seed = 433668850
[162742] is replaced by one with estimated error 0.744343
error = 0.742757
area = 479
delay = 14.3
#gates = 214
output circuit appNtk/ksa32_232_0.742757_479_14.3.blif
Abc_NtkLogicToNetlist() warning: The network is converted to have simple COs.
time = 7916753788 us
--------------- round 233 ---------------
seed = 1141428529
n499 is replaced by [163887] with estimated error 0.744343
error = 0.741712
area = 476
delay = 14.3
#gates = 213
output circuit appNtk/ksa32_233_0.741712_476_14.3.blif
Abc_NtkLogicToNetlist() warning: The network is converted to have simple COs.
time = 7933200983 us
--------------- round 234 ---------------
seed = 715024130
[162688] is replaced by zero with estimated error 0.744343
error = 0.743522
area = 473
delay = 14.3
#gates = 212
output circuit appNtk/ksa32_234_0.743522_473_14.3.blif
Abc_NtkLogicToNetlist() warning: The network is converted to have simple COs.
time = 7949536665 us
--------------- round 235 ---------------
seed = 2334198341
[162661] is replaced by [162659] with estimated error 0.744343
error = 0.742896
area = 470
delay = 14.3
#gates = 211
output circuit appNtk/ksa32_235_0.742896_470_14.3.blif
Abc_NtkLogicToNetlist() warning: The network is converted to have simple COs.
time = 7965776641 us
--------------- round 236 ---------------
seed = 3256691426
[164211] is replaced by zero with estimated error 0.744343
error = 0.743675
area = 469
delay = 14.3
#gates = 210
output circuit appNtk/ksa32_236_0.743675_469_14.3.blif
Abc_NtkLogicToNetlist() warning: The network is converted to have simple COs.
time = 7981969793 us
--------------- round 237 ---------------
seed = 852152041
[163863] is replaced by [163613] with estimated error 0.744343
error = 0.743254
area = 468
delay = 14.3
#gates = 209
output circuit appNtk/ksa32_237_0.743254_468_14.3.blif
Abc_NtkLogicToNetlist() warning: The network is converted to have simple COs.
time = 7998020168 us
--------------- round 238 ---------------
seed = 2502168177
[162644] is replaced by [162658] with estimated error 1.387
error = 1.38714
area = 462
delay = 14.3
#gates = 206
output circuit appNtk/ksa32_238_1.38714_462_14.3.blif
Abc_NtkLogicToNetlist() warning: The network is converted to have simple COs.
time = 8013955264 us
--------------- round 239 ---------------
seed = 2855446101
[163723] is replaced by [162657] with estimated error 1.387
error = 1.38848
area = 459
delay = 14.3
#gates = 204
output circuit appNtk/ksa32_239_1.38848_459_14.3.blif
Abc_NtkLogicToNetlist() warning: The network is converted to have simple COs.
time = 8029472798 us
--------------- round 240 ---------------
seed = 1177414071
[164653] is replaced by [162659] with estimated error 1.387
error = 1.38568
area = 457
delay = 14.3
#gates = 203
output circuit appNtk/ksa32_240_1.38568_457_14.3.blif
Abc_NtkLogicToNetlist() warning: The network is converted to have simple COs.
time = 8044752673 us
--------------- round 241 ---------------
seed = 2726534249
[163342] is replaced by zero with estimated error 1.387
error = 1.38602
area = 456
delay = 14.3
#gates = 202
output circuit appNtk/ksa32_241_1.38602_456_14.3.blif
Abc_NtkLogicToNetlist() warning: The network is converted to have simple COs.
time = 8059893753 us
--------------- round 242 ---------------
seed = 3780814078
sum[18] is replaced by [163613] with estimated error 1.54994
error = 1.55453
area = 453
delay = 14.3
#gates = 201
output circuit appNtk/ksa32_242_1.55453_453_14.3.blif
Abc_NtkLogicToNetlist() warning: The network is converted to have simple COs.
time = 8074967157 us
--------------- round 243 ---------------
seed = 196327036
[162689] is replaced by [162687] with estimated error 1.54994
error = 1.54762
area = 450
delay = 14.3
#gates = 200
output circuit appNtk/ksa32_243_1.54762_450_14.3.blif
Abc_NtkLogicToNetlist() warning: The network is converted to have simple COs.
time = 8089901196 us
--------------- round 244 ---------------
seed = 3035997290
n317 is replaced by [162659] with inverter with estimated error 1.63199
error = 1.63847
area = 448
delay = 14.3
#gates = 200
output circuit appNtk/ksa32_244_1.63847_448_14.3.blif
Abc_NtkLogicToNetlist() warning: The network is converted to have simple COs.
time = 8104748280 us
--------------- round 245 ---------------
seed = 388810213
[162645] is replaced by one with estimated error 1.67606
error = 1.68182
area = 446
delay = 14.3
#gates = 199
output circuit appNtk/ksa32_245_1.68182_446_14.3.blif
Abc_NtkLogicToNetlist() warning: The network is converted to have simple COs.
time = 8119555574 us
--------------- round 246 ---------------
seed = 1187402299
[164215] is replaced by zero with estimated error 1.67606
error = 1.67661
area = 442
delay = 14.3
#gates = 197
output circuit appNtk/ksa32_246_1.67661_442_14.3.blif
Abc_NtkLogicToNetlist() warning: The network is converted to have simple COs.
time = 8134365852 us
--------------- round 247 ---------------
seed = 3491393751
n508 is replaced by n306 with estimated error 1.67606
error = 1.6859
area = 439
delay = 14.3
#gates = 196
output circuit appNtk/ksa32_247_1.6859_439_14.3.blif
Abc_NtkLogicToNetlist() warning: The network is converted to have simple COs.
time = 8149001647 us
--------------- round 248 ---------------
seed = 996086488
[164661] is replaced by zero with estimated error 1.67606
error = 1.68601
area = 437
delay = 14.3
#gates = 195
output circuit appNtk/ksa32_248_1.68601_437_14.3.blif
Abc_NtkLogicToNetlist() warning: The network is converted to have simple COs.
time = 8163514230 us
--------------- round 249 ---------------
seed = 2230217953
[162701] is replaced by one with estimated error 1.67606
error = 1.68263
area = 435
delay = 14.3
#gates = 194
output circuit appNtk/ksa32_249_1.68263_435_14.3.blif
Abc_NtkLogicToNetlist() warning: The network is converted to have simple COs.
time = 8177900947 us
--------------- round 250 ---------------
seed = 4160740224
[162758] is replaced by [162754] with estimated error 1.67606
error = 1.68516
area = 433
delay = 14.3
#gates = 193
output circuit appNtk/ksa32_250_1.68516_433_14.3.blif
Abc_NtkLogicToNetlist() warning: The network is converted to have simple COs.
time = 8192176456 us
--------------- round 251 ---------------
seed = 2784497972
[163613] is replaced by [162658] with estimated error 1.67606
error = 1.67702
area = 432
delay = 14.3
#gates = 192
output circuit appNtk/ksa32_251_1.67702_432_14.3.blif
Abc_NtkLogicToNetlist() warning: The network is converted to have simple COs.
time = 8206379217 us
--------------- round 252 ---------------
seed = 1185378677
[162658] is replaced by a[18] with inverter with estimated error 1.81455
error = 1.82056
area = 431
delay = 14.3
#gates = 192
output circuit appNtk/ksa32_252_1.82056_431_14.3.blif
Abc_NtkLogicToNetlist() warning: The network is converted to have simple COs.
time = 8220488525 us
--------------- round 253 ---------------
seed = 1146632499
[162659] is replaced by a[18] with estimated error 1.81455
error = 1.81305
area = 428
delay = 14.3
#gates = 191
output circuit appNtk/ksa32_253_1.81305_428_14.3.blif
Abc_NtkLogicToNetlist() warning: The network is converted to have simple COs.
time = 8234678632 us
--------------- round 254 ---------------
seed = 181183651
[162657] is replaced by [162671] with estimated error 3.05005
error = 3.0512
area = 422
delay = 14.3
#gates = 188
output circuit appNtk/ksa32_254_3.0512_422_14.3.blif
Abc_NtkLogicToNetlist() warning: The network is converted to have simple COs.
time = 8248795755 us
--------------- round 255 ---------------
seed = 2237396691
[164645] is replaced by one with estimated error 3.04024
error = 3.0392
area = 420
delay = 14.3
#gates = 187
output circuit appNtk/ksa32_255_3.0392_420_14.3.blif
Abc_NtkLogicToNetlist() warning: The network is converted to have simple COs.
time = 8262531200 us
--------------- round 256 ---------------
seed = 1375388238
[163351] is replaced by zero with estimated error 3.04024
error = 3.03532
area = 419
delay = 14.3
#gates = 186
output circuit appNtk/ksa32_256_3.03532_419_14.3.blif
Abc_NtkLogicToNetlist() warning: The network is converted to have simple COs.
time = 8276679823 us
--------------- round 257 ---------------
seed = 238630897
sum[19] is replaced by zero with estimated error 3.60869
error = 3.61689
area = 416
delay = 14.3
#gates = 185
output circuit appNtk/ksa32_257_3.61689_416_14.3.blif
Abc_NtkLogicToNetlist() warning: The network is converted to have simple COs.
time = 8290486229 us
--------------- round 258 ---------------
seed = 2587787465
[162670] is replaced by [162684] with estimated error 5.53709
error = 5.53317
area = 410
delay = 14.3
#gates = 182
output circuit appNtk/ksa32_258_5.53317_410_14.3.blif
Abc_NtkLogicToNetlist() warning: The network is converted to have simple COs.
time = 8304262733 us
--------------- round 259 ---------------
seed = 3141321628
[162685] is replaced by [162686] with estimated error 5.53709
error = 5.53856
area = 406
delay = 14.3
#gates = 180
output circuit appNtk/ksa32_259_5.53856_406_14.3.blif
Abc_NtkLogicToNetlist() warning: The network is converted to have simple COs.
time = 8317401281 us
--------------- round 260 ---------------
seed = 2443700539
[162699] is replaced by [163370] with estimated error 5.53709
error = 5.54793
area = 404
delay = 14.3
#gates = 179
output circuit appNtk/ksa32_260_5.54793_404_14.3.blif
Abc_NtkLogicToNetlist() warning: The network is converted to have simple COs.
time = 8330304049 us
--------------- round 261 ---------------
seed = 707448104
[163735] is replaced by [162683] with estimated error 5.53709
error = 5.53769
area = 403
delay = 14.3
#gates = 178
output circuit appNtk/ksa32_261_5.53769_403_14.3.blif
Abc_NtkLogicToNetlist() warning: The network is converted to have simple COs.
time = 8343350764 us
--------------- round 262 ---------------
seed = 384111939
[162671] is replaced by one with estimated error 6.00719
error = 6.00916
area = 401
delay = 14.3
#gates = 177
output circuit appNtk/ksa32_262_6.00916_401_14.3.blif
Abc_NtkLogicToNetlist() warning: The network is converted to have simple COs.
time = 8355995195 us
--------------- round 263 ---------------
seed = 3828502306
n307 is replaced by n621 with estimated error 6.00719
error = 5.98767
area = 398
delay = 14.3
#gates = 176
output circuit appNtk/ksa32_263_5.98767_398_14.3.blif
Abc_NtkLogicToNetlist() warning: The network is converted to have simple COs.
time = 8368860527 us
--------------- round 264 ---------------
seed = 1646349148
[162687] is replaced by [164637] with estimated error 6.00719
error = 5.99007
area = 395
delay = 14.3
#gates = 175
output circuit appNtk/ksa32_264_5.99007_395_14.3.blif
Abc_NtkLogicToNetlist() warning: The network is converted to have simple COs.
time = 8381489851 us
--------------- round 265 ---------------
seed = 3282803459
[162686] is replaced by [164637] with estimated error 6.00719
error = 6.00194
area = 393
delay = 14.3
#gates = 174
output circuit appNtk/ksa32_265_6.00194_393_14.3.blif
Abc_NtkLogicToNetlist() warning: The network is converted to have simple COs.
time = 8393990730 us
--------------- round 266 ---------------
seed = 3130028784
n502 is replaced by [163866] with estimated error 6.00719
error = 5.99814
area = 390
delay = 14.3
#gates = 173
output circuit appNtk/ksa32_266_5.99814_390_14.3.blif
Abc_NtkLogicToNetlist() warning: The network is converted to have simple COs.
time = 8406439425 us
--------------- round 267 ---------------
seed = 2638302720
[162768] is replaced by one with estimated error 6.00719
error = 5.98516
area = 387
delay = 14.3
#gates = 172
output circuit appNtk/ksa32_267_5.98516_387_14.3.blif
Abc_NtkLogicToNetlist() warning: The network is converted to have simple COs.
time = 8418727125 us
--------------- round 268 ---------------
seed = 2035519531
[162714] is replaced by one with estimated error 6.00719
error = 5.97653
area = 384
delay = 14.3
#gates = 171
output circuit appNtk/ksa32_268_5.97653_384_14.3.blif
Abc_NtkLogicToNetlist() warning: The network is converted to have simple COs.
time = 8430859099 us
--------------- round 269 ---------------
seed = 4237816663
[162715] is replaced by [162713] with estimated error 6.00719
error = 6.0014
area = 381
delay = 14.3
#gates = 170
output circuit appNtk/ksa32_269_6.0014_381_14.3.blif
Abc_NtkLogicToNetlist() warning: The network is converted to have simple COs.
time = 8442891608 us
--------------- round 270 ---------------
seed = 1617920346
[163887] is replaced by [163616] with estimated error 6.00719
error = 6.003
area = 380
delay = 14.3
#gates = 169
output circuit appNtk/ksa32_270_6.003_380_14.3.blif
Abc_NtkLogicToNetlist() warning: The network is converted to have simple COs.
time = 8454829190 us
--------------- round 271 ---------------
seed = 3739855313
[164219] is replaced by zero with estimated error 6.00719
error = 6.00523
area = 379
delay = 14.3
#gates = 168
output circuit appNtk/ksa32_271_6.00523_379_14.3.blif
Abc_NtkLogicToNetlist() warning: The network is converted to have simple COs.
time = 8466701201 us
--------------- round 272 ---------------
seed = 4120618310
sum[20] is replaced by [163616] with estimated error 7.04377
error = 7.04563
area = 376
delay = 14.3
#gates = 167
output circuit appNtk/ksa32_272_7.04563_376_14.3.blif
Abc_NtkLogicToNetlist() warning: The network is converted to have simple COs.
time = 8478472190 us
--------------- round 273 ---------------
seed = 862245806
[162684] is replaced by b[20] with inverter with estimated error 7.29659
error = 7.32989
area = 375
delay = 14.3
#gates = 167
output circuit appNtk/ksa32_273_7.32989_375_14.3.blif
Abc_NtkLogicToNetlist() warning: The network is converted to have simple COs.
time = 8490156697 us
--------------- round 274 ---------------
seed = 1942755112
[162697] is replaced by [162681] with estimated error 8.45149
error = 8.55692
area = 373
delay = 14.3
#gates = 166
output circuit appNtk/ksa32_274_8.55692_373_14.3.blif
Abc_NtkLogicToNetlist() warning: The network is converted to have simple COs.
time = 8501920232 us
--------------- round 275 ---------------
seed = 2171868848
[163370] is replaced by [162682] with estimated error 8.45149
error = 8.54005
area = 372
delay = 14.3
#gates = 165
output circuit appNtk/ksa32_275_8.54005_372_14.3.blif
Abc_NtkLogicToNetlist() warning: The network is converted to have simple COs.
time = 8513585975 us
--------------- round 276 ---------------
seed = 2516758696
n623 is replaced by [162681] with estimated error 8.75628
error = 8.79118
area = 371
delay = 14.3
#gates = 164
output circuit appNtk/ksa32_276_8.79118_371_14.3.blif
Abc_NtkLogicToNetlist() warning: The network is converted to have simple COs.
time = 8525102650 us
--------------- round 277 ---------------
seed = 206464634
[162698] is replaced by a[21] with estimated error 8.75628
error = 8.78866
area = 368
delay = 14.3
#gates = 163
output circuit appNtk/ksa32_277_8.78866_368_14.3.blif
Abc_NtkLogicToNetlist() warning: The network is converted to have simple COs.
time = 8536565627 us
--------------- round 278 ---------------
seed = 1415581480
n498 is replaced by [163902] with estimated error 11.5574
error = 11.8072
area = 362
delay = 14.3
#gates = 161
output circuit appNtk/ksa32_278_11.8072_362_14.3.blif
Abc_NtkLogicToNetlist() warning: The network is converted to have simple COs.
time = 8547958001 us
--------------- round 279 ---------------
seed = 2566297123
[164229] is replaced by zero with estimated error 15.1158
error = 14.4924
area = 355
delay = 14.3
#gates = 158
output circuit appNtk/ksa32_279_14.4924_355_14.3.blif
Abc_NtkLogicToNetlist() warning: The network is converted to have simple COs.
time = 8559133894 us
--------------- round 280 ---------------
seed = 2771557046
[162682] is replaced by one with estimated error 13.3302
error = 13.3438
area = 354
delay = 14.3
#gates = 157
output circuit appNtk/ksa32_280_13.3438_354_14.3.blif
Abc_NtkLogicToNetlist() warning: The network is converted to have simple COs.
time = 8570074230 us
--------------- round 281 ---------------
seed = 3879921001
sum[21] is replaced by b[21] with estimated error 12.8259
error = 12.8998
area = 350
delay = 14.3
#gates = 156
output circuit appNtk/ksa32_281_12.8998_350_14.3.blif
Abc_NtkLogicToNetlist() warning: The network is converted to have simple COs.
time = 8580890828 us
--------------- round 282 ---------------
seed = 3001623160
[164637] is replaced by b[20] with inverter with estimated error 12.8183
error = 12.8291
area = 349
delay = 14.3
#gates = 156
output circuit appNtk/ksa32_282_12.8291_349_14.3.blif
Abc_NtkLogicToNetlist() warning: The network is converted to have simple COs.
time = 8591776062 us
--------------- round 283 ---------------
seed = 3933044583
n622 is replaced by [162811] with estimated error 12.6779
error = 12.6678
area = 348
delay = 14.3
#gates = 155
output circuit appNtk/ksa32_283_12.6678_348_14.3.blif
Abc_NtkLogicToNetlist() warning: The network is converted to have simple COs.
time = 8602694838 us
--------------- round 284 ---------------
seed = 2456268349
[163616] is replaced by [162681] with estimated error 9.80736
error = 9.90707
area = 347
delay = 14.3
#gates = 154
output circuit appNtk/ksa32_284_9.90707_347_14.3.blif
Abc_NtkLogicToNetlist() warning: The network is converted to have simple COs.
time = 8613561909 us
--------------- round 285 ---------------
seed = 113064972
n306 is replaced by [162681] with estimated error 9.80736
error = 9.89426
area = 341
delay = 14.3
#gates = 152
output circuit appNtk/ksa32_285_9.89426_341_14.3.blif
Abc_NtkLogicToNetlist() warning: The network is converted to have simple COs.
time = 8624569166 us
--------------- round 286 ---------------
seed = 3329408470
[162713] is replaced by [162711] with estimated error 9.80736
error = 9.90187
area = 336
delay = 14.3
#gates = 150
output circuit appNtk/ksa32_286_9.90187_336_14.3.blif
Abc_NtkLogicToNetlist() warning: The network is converted to have simple COs.
time = 8635245052 us
--------------- round 287 ---------------
seed = 678808584
[162727] is replaced by one with estimated error 9.80736
error = 9.86969
area = 330
delay = 14.3
#gates = 148
output circuit appNtk/ksa32_287_9.86969_330_14.3.blif
Abc_NtkLogicToNetlist() warning: The network is converted to have simple COs.
time = 8645717438 us
--------------- round 288 ---------------
seed = 962087939
[164223] is replaced by zero with estimated error 9.80736
error = 9.87217
area = 326
delay = 14.3
#gates = 146
output circuit appNtk/ksa32_288_9.87217_326_14.3.blif
Abc_NtkLogicToNetlist() warning: The network is converted to have simple COs.
time = 8656533608 us
--------------- round 289 ---------------
seed = 3324530769
n491 is replaced by n335 with estimated error 9.80736
error = 9.88495
area = 323
delay = 14.3
#gates = 145
output circuit appNtk/ksa32_289_9.88495_323_14.3.blif
Abc_NtkLogicToNetlist() warning: The network is converted to have simple COs.
time = 8666706710 us
--------------- round 290 ---------------
seed = 4115829714
[162702] is replaced by a[21] with estimated error 9.80736
error = 9.86527
area = 320
delay = 14.3
#gates = 144
output circuit appNtk/ksa32_290_9.86527_320_14.3.blif
Abc_NtkLogicToNetlist() warning: The network is converted to have simple COs.
time = 8677550008 us
--------------- round 291 ---------------
seed = 744419237
[162784] is replaced by [162780] with estimated error 9.80736
error = 9.88033
area = 318
delay = 14.3
#gates = 143
output circuit appNtk/ksa32_291_9.88033_318_14.3.blif
Abc_NtkLogicToNetlist() warning: The network is converted to have simple COs.
time = 8687772267 us
--------------- round 292 ---------------
seed = 131116145
n624 is replaced by zero with estimated error 9.80736
error = 9.84251
area = 317
delay = 14.3
#gates = 142
output circuit appNtk/ksa32_292_9.84251_317_14.3.blif
Abc_NtkLogicToNetlist() warning: The network is converted to have simple COs.
time = 8698067643 us
--------------- round 293 ---------------
seed = 3057960107
[163592] is replaced by [163866] with estimated error 9.80736
error = 9.88668
area = 316
delay = 14.3
#gates = 141
output circuit appNtk/ksa32_293_9.88668_316_14.3.blif
Abc_NtkLogicToNetlist() warning: The network is converted to have simple COs.
time = 8708101281 us
--------------- round 294 ---------------
seed = 3609267320
[162696] is replaced by [162710] with estimated error 19.1016
error = 18.9839
area = 310
delay = 14.3
#gates = 138
output circuit appNtk/ksa32_294_18.9839_310_14.3.blif
Abc_NtkLogicToNetlist() warning: The network is converted to have simple COs.
time = 8718180494 us
--------------- round 295 ---------------
seed = 1086117565
[163658] is replaced by [162709] with estimated error 19.1016
error = 19.0216
area = 307
delay = 14.3
#gates = 136
output circuit appNtk/ksa32_295_19.0216_307_14.3.blif
Abc_NtkLogicToNetlist() warning: The network is converted to have simple COs.
time = 8727911505 us
--------------- round 296 ---------------
seed = 235885575
sum[22] is replaced by a[21] with inverter with estimated error 27.2693
error = 27.3227
area = 304
delay = 14.3
#gates = 136
output circuit appNtk/ksa32_296_27.3227_304_14.3.blif
Abc_NtkLogicToNetlist() warning: The network is converted to have simple COs.
time = 8737480393 us
--------------- round 297 ---------------
seed = 3721037613
[163379] is replaced by zero with estimated error 27.2693
error = 27.2847
area = 303
delay = 14.3
#gates = 135
output circuit appNtk/ksa32_297_27.2847_303_14.3.blif
Abc_NtkLogicToNetlist() warning: The network is converted to have simple COs.
time = 8747083275 us
--------------- round 298 ---------------
seed = 2133571729
[162710] is replaced by one with estimated error 29.3099
error = 29.3522
area = 301
delay = 14.3
#gates = 134
output circuit appNtk/ksa32_298_29.3522_301_14.3.blif
Abc_NtkLogicToNetlist() warning: The network is converted to have simple COs.
time = 8756219969 us
--------------- round 299 ---------------
seed = 3098502595
[162711] is replaced by n625 with inverter with estimated error 29.3099
error = 29.2631
area = 299
delay = 14.3
#gates = 134
output circuit appNtk/ksa32_299_29.2631_299_14.3.blif
Abc_NtkLogicToNetlist() warning: The network is converted to have simple COs.
time = 8765822727 us
--------------- round 300 ---------------
seed = 854272080
[162709] is replaced by [162723] with estimated error 45.9257
error = 45.8644
area = 293
delay = 14.3
#gates = 131
output circuit appNtk/ksa32_300_45.8644_293_14.3.blif
Abc_NtkLogicToNetlist() warning: The network is converted to have simple COs.
time = 8774810755 us
--------------- round 301 ---------------
seed = 3468580064
[162738] is replaced by [163467] with estimated error 45.9257
error = 45.98
area = 291
delay = 14.3
#gates = 130
output circuit appNtk/ksa32_301_45.98_291_14.3.blif
Abc_NtkLogicToNetlist() warning: The network is converted to have simple COs.
time = 8784190185 us
--------------- round 302 ---------------
seed = 3141128467
[162753] is replaced by [162751] with estimated error 45.9257
error = 45.6398
area = 289
delay = 14.3
#gates = 129
output circuit appNtk/ksa32_302_45.6398_289_14.3.blif
Abc_NtkLogicToNetlist() warning: The network is converted to have simple COs.
time = 8793771120 us
--------------- round 303 ---------------
seed = 4150037115
[163388] is replaced by zero with estimated error 45.9257
error = 45.8588
area = 288
delay = 14.3
#gates = 128
output circuit appNtk/ksa32_303_45.8588_288_14.3.blif
Abc_NtkLogicToNetlist() warning: The network is converted to have simple COs.
time = 8802513887 us
--------------- round 304 ---------------
seed = 1876070198
n621 is replaced by [162721] with estimated error 45.9025
error = 45.7116
area = 287
delay = 14.3
#gates = 127
output circuit appNtk/ksa32_304_45.7116_287_14.3.blif
Abc_NtkLogicToNetlist() warning: The network is converted to have simple COs.
time = 8810944337 us
--------------- round 305 ---------------
seed = 2831282711
sum[8] is replaced by b[22] with estimated error 45.9022
error = 45.8477
area = 283
delay = 14.3
#gates = 126
output circuit appNtk/ksa32_305_45.8477_283_14.3.blif
Abc_NtkLogicToNetlist() warning: The network is converted to have simple COs.
time = 8819203158 us
--------------- round 306 ---------------
seed = 2301985335
sum[12] is replaced by [162734] with estimated error 45.9022
error = 45.9762
area = 279
delay = 14.3
#gates = 125
output circuit appNtk/ksa32_306_45.9762_279_14.3.blif
Abc_NtkLogicToNetlist() warning: The network is converted to have simple COs.
time = 8826943882 us
--------------- round 307 ---------------
seed = 1884289446
[163221] is replaced by [162773] with estimated error 45.9022
error = 45.7374
area = 278
delay = 14.3
#gates = 124
output circuit appNtk/ksa32_307_45.7374_278_14.3.blif
Abc_NtkLogicToNetlist() warning: The network is converted to have simple COs.
time = 8834691331 us
--------------- round 308 ---------------
seed = 603836033
[163232] is replaced by [162814] with estimated error 45.9022
error = 46.0141
area = 277
delay = 14.3
#gates = 123
output circuit appNtk/ksa32_308_46.0141_277_14.3.blif
Abc_NtkLogicToNetlist() warning: The network is converted to have simple COs.
time = 8842588710 us
--------------- round 309 ---------------
seed = 1134671543
[162525] is replaced by [162747] with estimated error 45.9022
error = 45.94
area = 272
delay = 14.3
#gates = 121
output circuit appNtk/ksa32_309_45.94_272_14.3.blif
Abc_NtkLogicToNetlist() warning: The network is converted to have simple COs.
time = 8849881066 us
--------------- round 310 ---------------
seed = 673599736
sum[7] is replaced by a[19] with estimated error 45.9022
error = 45.6532
area = 268
delay = 14.3
#gates = 120
output circuit appNtk/ksa32_310_45.6532_268_14.3.blif
Abc_NtkLogicToNetlist() warning: The network is converted to have simple COs.
time = 8857476152 us
--------------- round 311 ---------------
seed = 3170602749
n616 is replaced by [162720] with estimated error 45.9022
error = 45.8607
area = 267
delay = 14.3
#gates = 119
output circuit appNtk/ksa32_311_45.8607_267_14.3.blif
Abc_NtkLogicToNetlist() warning: The network is converted to have simple COs.
time = 8864853608 us
--------------- round 312 ---------------
seed = 1375439202
exceed error bound
