abc command read data/library/mcnc.genlib
Entered genlib library with 23 gates from file "data/library/mcnc.genlib".
abc command read_blif data/su/c7552.blif
Line 21: Skipping line ".default_input_arrival 0.00 0.00 ".
Line 22: Skipping line ".default_output_required 0.00 0.00 ".
Line 23: Skipping line ".default_input_drive 0.10 0.10 ".
Line 24: Skipping line ".default_output_load 2.00 ".
Line 25: Skipping line ".default_max_input_load 999.00 ".
abc command print_stats
[1;37mc7552                         :[0m i/o =  207/  108  lat =    0  nd =  1125  edge =   2605  area =2756.00  delay =69.40  lev = 50
--------------- round 1 ---------------
seed = 178838272
maxLevel = 2147483647
size of nodeLACs = 1443
size of candLACs = 18
n1169 is replaced by one with estimated error 0
error = 0
high accuracy error = 0
area = 2747
delay = 69.4
#gates = 1124
output circuit appNtk/c7552_1_0_2747_69.4.blif
time = 125694440 us
--------------- round 2 ---------------
seed = 2022534715
maxLevel = 2147483647
size of nodeLACs = 1443
size of candLACs = 15
mismatch error: 0, 0.00019
n823 is replaced by zero with estimated error 0.00019
error = 0
high accuracy error = 0
area = 2745
delay = 69.4
#gates = 1123
output circuit appNtk/c7552_2_0_2745_69.4.blif
time = 250993282 us
--------------- round 3 ---------------
seed = 4164844504
maxLevel = 2147483647
size of nodeLACs = 1443
size of candLACs = 14
mismatch error: 0.03063, 0.0312
mismatch error: 0, 0.00277
n772 is replaced by one with estimated error 0.00277
error = 0
high accuracy error = 0
area = 2740
delay = 69.4
#gates = 1121
output circuit appNtk/c7552_3_0_2740_69.4.blif
time = 376073685 us
--------------- round 4 ---------------
seed = 1021369614
maxLevel = 2147483647
size of nodeLACs = 1443
size of candLACs = 12
mismatch error: 0.03139, 0.0314
mismatch error: 0.00518, 0.04731
n670 is replaced by n667 with estimated error 0.00518
error = 0.00518
high accuracy error = 0.005021
area = 2734
delay = 69.4
#gates = 1119
output circuit appNtk/c7552_4_0.00518_2734_69.4.blif
time = 539574193 us
--------------- round 5 ---------------
seed = 2718863123
maxLevel = 2147483647
size of nodeLACs = 1443
size of candLACs = 8
mismatch error: 0.0365, 0.03669
mismatch error: 0.04038, 0.04054
mismatch error: 0.03527, 0.03542
mismatch error: 0.03548, 0.03569
mismatch error: 0.02923, 0.02941
n1129 is replaced by n866 with estimated error 0.02923
error = 0.02923
high accuracy error = 0.028776
area = 2732
delay = 69.4
#gates = 1118
