abc command read data/library/mcnc.genlib
Entered genlib library with 23 gates from file "data/library/mcnc.genlib".
abc command read_blif data/su/c7552.blif
Line 21: Skipping line ".default_input_arrival 0.00 0.00 ".
Line 22: Skipping line ".default_output_required 0.00 0.00 ".
Line 23: Skipping line ".default_input_drive 0.10 0.10 ".
Line 24: Skipping line ".default_output_load 2.00 ".
Line 25: Skipping line ".default_max_input_load 999.00 ".
abc command print_stats
[1;37mc7552                         :[0m i/o =  207/  108  lat =    0  nd =  1125  edge =   2605  area =2756.00  delay =69.40  lev = 50
--------------- round 1 ---------------
seed = 421132793
maxLevel = 2147483647
size of nodeLACs = 1443
size of candLACs = 18
n1169 is replaced by one with estimated error 0
error = 0
high accuracy error = 0
area = 2747
delay = 69.4
#gates = 1124
output circuit appNtk/c7552_1_0_2747_69.4.blif
time = 119865241 us
--------------- round 2 ---------------
seed = 2388775758
maxLevel = 2147483647
size of nodeLACs = 1443
size of candLACs = 15
mismatch error: 0, 0.00022
n823 is replaced by zero with estimated error 0.00022
error = 0
high accuracy error = 0
area = 2745
delay = 69.4
#gates = 1123
output circuit appNtk/c7552_2_0_2745_69.4.blif
time = 238663573 us
--------------- round 3 ---------------
seed = 9792933
maxLevel = 2147483647
size of nodeLACs = 1443
size of candLACs = 14
mismatch error: 0.03108, 0.03162
mismatch error: 0, 0.00286
n772 is replaced by one with estimated error 0.00286
error = 0
high accuracy error = 3e-06
area = 2740
delay = 69.4
#gates = 1121
output circuit appNtk/c7552_3_0_2740_69.4.blif
time = 363766437 us
--------------- round 4 ---------------
seed = 1522741968
maxLevel = 2147483647
size of nodeLACs = 1443
size of candLACs = 12
mismatch error: 0.03104, 0.03105
mismatch error: 0.00511, 0.04698
n670 is replaced by n667 with estimated error 0.00511
error = 0.00511
high accuracy error = 0.005034
area = 2734
delay = 69.4
#gates = 1119
output circuit appNtk/c7552_4_0.00511_2734_69.4.blif
time = 518257493 us
--------------- round 5 ---------------
seed = 396981520
maxLevel = 2147483647
size of nodeLACs = 1443
size of candLACs = 8
mismatch error: 0.03554, 0.03573
mismatch error: 0.03996, 0.04022
mismatch error: 0.03588, 0.036
mismatch error: 0.03603, 0.03619
mismatch error: 0.02844, 0.02859
n1129 is replaced by n866 with estimated error 0.02844
error = 0.02844
high accuracy error = 0.028578
area = 2732
delay = 69.4
#gates = 1118
