abc command read data/library/mcnc.genlib
Entered genlib library with 23 gates from file "data/library/mcnc.genlib".
abc command read_blif data/su/c7552.blif
Line 21: Skipping line ".default_input_arrival 0.00 0.00 ".
Line 22: Skipping line ".default_output_required 0.00 0.00 ".
Line 23: Skipping line ".default_input_drive 0.10 0.10 ".
Line 24: Skipping line ".default_output_load 2.00 ".
Line 25: Skipping line ".default_max_input_load 999.00 ".
abc command print_stats
[1;37mc7552                         :[0m i/o =  207/  108  lat =    0  nd =  1125  edge =   2605  area =2756.00  delay =69.40  lev = 50
--------------- round 1 ---------------
seed = 4027031439
maxLevel = 2147483647
size of nodeLACs = 1443
size of candLACs = 18
n1169 is replaced by one with estimated error 0
error = 0
high accuracy error = 0
area = 2747
delay = 69.4
#gates = 1124
output circuit appNtk/c7552_1_0_2747_69.4.blif
time = 116177367 us
--------------- round 2 ---------------
seed = 1549267268
maxLevel = 2147483647
size of nodeLACs = 1443
size of candLACs = 15
mismatch error: 0, 0.00022
n823 is replaced by zero with estimated error 0.00022
error = 0
high accuracy error = 0
area = 2745
delay = 69.4
#gates = 1123
output circuit appNtk/c7552_2_0_2745_69.4.blif
time = 231316457 us
--------------- round 3 ---------------
seed = 1050038814
maxLevel = 2147483647
size of nodeLACs = 1443
size of candLACs = 14
mismatch error: 0.03157, 0.03213
mismatch error: 1e-05, 0.00283
n772 is replaced by one with estimated error 0.00283
error = 1e-05
high accuracy error = 0
area = 2740
delay = 69.4
#gates = 1121
output circuit appNtk/c7552_3_1e-05_2740_69.4.blif
time = 333723029 us
--------------- round 4 ---------------
seed = 3664033389
maxLevel = 2147483647
size of nodeLACs = 1443
size of candLACs = 12
mismatch error: 0.0046, 0.04692
n670 is replaced by n667 with estimated error 0.0046
error = 0.0046
high accuracy error = 0.004947
area = 2734
delay = 69.4
#gates = 1119
output circuit appNtk/c7552_4_0.0046_2734_69.4.blif
time = 492279623 us
--------------- round 5 ---------------
seed = 1905625410
maxLevel = 2147483647
size of nodeLACs = 1443
size of candLACs = 8
mismatch error: 0.03608, 0.03628
mismatch error: 0.04041, 0.04072
mismatch error: 0.03506, 0.03517
mismatch error: 0.03587, 0.03606
mismatch error: 0.02844, 0.02859
n1129 is replaced by n866 with estimated error 0.02844
error = 0.02844
high accuracy error = 0.028667
area = 2732
delay = 69.4
#gates = 1118
