abc command read data/library/mcnc.genlib
Entered genlib library with 23 gates from file "data/library/mcnc.genlib".
abc command read_blif data/su/c7552.blif
Line 21: Skipping line ".default_input_arrival 0.00 0.00 ".
Line 22: Skipping line ".default_output_required 0.00 0.00 ".
Line 23: Skipping line ".default_input_drive 0.10 0.10 ".
Line 24: Skipping line ".default_output_load 2.00 ".
Line 25: Skipping line ".default_max_input_load 999.00 ".
abc command print_stats
[1;37mc7552                         :[0m i/o =  207/  108  lat =    0  nd =  1125  edge =   2605  area =2756.00  delay =69.40  lev = 50
--------------- round 1 ---------------
seed = 3736837338
maxLevel = 2147483647
size of nodeLACs = 1443
size of candLACs = 18
n1169 is replaced by one with estimated error 0
error = 0
high accuracy error = 0
area = 2747
delay = 69.4
#gates = 1124
output circuit appNtk/c7552_1_0_2747_69.4.blif
time = 115548013 us
--------------- round 2 ---------------
seed = 3343600301
maxLevel = 2147483647
size of nodeLACs = 1443
size of candLACs = 15
mismatch error: 0, 0.00021
n823 is replaced by zero with estimated error 0.00021
error = 0
high accuracy error = 0
area = 2745
delay = 69.4
#gates = 1123
output circuit appNtk/c7552_2_0_2745_69.4.blif
time = 235792808 us
--------------- round 3 ---------------
seed = 284960033
maxLevel = 2147483647
size of nodeLACs = 1443
size of candLACs = 14
mismatch error: 0.02953, 0.0301
mismatch error: 0, 0.00273
n772 is replaced by one with estimated error 0.00273
error = 0
high accuracy error = 4e-06
area = 2740
delay = 69.4
#gates = 1121
output circuit appNtk/c7552_3_0_2740_69.4.blif
time = 320376380 us
--------------- round 4 ---------------
seed = 1542098407
maxLevel = 2147483647
size of nodeLACs = 1443
size of candLACs = 12
mismatch error: 0.03123, 0.03124
mismatch error: 0.00473, 0.04682
n670 is replaced by n667 with estimated error 0.00473
error = 0.00473
high accuracy error = 0.004936
area = 2734
delay = 69.4
#gates = 1119
output circuit appNtk/c7552_4_0.00473_2734_69.4.blif
time = 478419994 us
--------------- round 5 ---------------
seed = 1729853463
maxLevel = 2147483647
size of nodeLACs = 1443
size of candLACs = 8
mismatch error: 0.03611, 0.03628
mismatch error: 0.04042, 0.04063
mismatch error: 0.03577, 0.036
mismatch error: 0.03627, 0.0364
mismatch error: 0.0288, 0.02897
n1129 is replaced by n866 with estimated error 0.0288
error = 0.0288
high accuracy error = 0.028806
area = 2732
delay = 69.4
#gates = 1118
