abc command read data/library/mcnc.genlib
Entered genlib library with 23 gates from file "data/library/mcnc.genlib".
abc command read_blif data/su/c7552.blif
Line 21: Skipping line ".default_input_arrival 0.00 0.00 ".
Line 22: Skipping line ".default_output_required 0.00 0.00 ".
Line 23: Skipping line ".default_input_drive 0.10 0.10 ".
Line 24: Skipping line ".default_output_load 2.00 ".
Line 25: Skipping line ".default_max_input_load 999.00 ".
abc command print_stats
[1;37mc7552                         :[0m i/o =  207/  108  lat =    0  nd =  1125  edge =   2605  area =2756.00  delay =69.40  lev = 50
--------------- round 1 ---------------
seed = 1812574590
maxLevel = 2147483647
size of nodeLACs = 1443
size of candLACs = 18
n1169 is replaced by one with estimated error 0
error = 0
high accuracy error = 0
area = 2747
delay = 69.4
#gates = 1124
output circuit appNtk/c7552_1_0_2747_69.4.blif
time = 116015251 us
--------------- round 2 ---------------
seed = 2541935674
maxLevel = 2147483647
size of nodeLACs = 1443
size of candLACs = 15
mismatch error: 0, 0.00021
n823 is replaced by zero with estimated error 0.00021
error = 0
high accuracy error = 0
area = 2745
delay = 69.4
#gates = 1123
output circuit appNtk/c7552_2_0_2745_69.4.blif
time = 194457543 us
--------------- round 3 ---------------
seed = 4135445940
maxLevel = 2147483647
size of nodeLACs = 1443
size of candLACs = 14
mismatch error: 0.0309, 0.03144
mismatch error: 3e-05, 0.00284
n772 is replaced by one with estimated error 0.00284
error = 3e-05
high accuracy error = 5e-06
area = 2740
delay = 69.4
#gates = 1121
output circuit appNtk/c7552_3_3e-05_2740_69.4.blif
time = 312621064 us
--------------- round 4 ---------------
seed = 1783112936
maxLevel = 2147483647
size of nodeLACs = 1443
size of candLACs = 12
mismatch error: 0.00521, 0.04728
n670 is replaced by n667 with estimated error 0.00521
error = 0.00521
high accuracy error = 0.004912
area = 2734
delay = 69.4
#gates = 1119
output circuit appNtk/c7552_4_0.00521_2734_69.4.blif
time = 464528663 us
--------------- round 5 ---------------
seed = 3654289587
maxLevel = 2147483647
size of nodeLACs = 1443
size of candLACs = 8
mismatch error: 0.03614, 0.03633
mismatch error: 0.03959, 0.03983
mismatch error: 0.0362, 0.03636
mismatch error: 0.03647, 0.03658
mismatch error: 0.02873, 0.02888
n1129 is replaced by n866 with estimated error 0.02873
error = 0.02873
high accuracy error = 0.02855
area = 2732
delay = 69.4
#gates = 1118
