abc command read data/library/mcnc.genlib
Entered genlib library with 23 gates from file "data/library/mcnc.genlib".
abc command read_blif data/su/c7552.blif
Line 21: Skipping line ".default_input_arrival 0.00 0.00 ".
Line 22: Skipping line ".default_output_required 0.00 0.00 ".
Line 23: Skipping line ".default_input_drive 0.10 0.10 ".
Line 24: Skipping line ".default_output_load 2.00 ".
Line 25: Skipping line ".default_max_input_load 999.00 ".
abc command print_stats
[1;37mc7552                         :[0m i/o =  207/  108  lat =    0  nd =  1125  edge =   2605  area =2756.00  delay =69.40  lev = 50
--------------- round 1 ---------------
seed = 2721816220
maxLevel = 2147483647
size of nodeLACs = 1443
size of candLACs = 18
n1169 is replaced by one with estimated error 0
error = 0
high accuracy error = 0
area = 2747
delay = 69.4
#gates = 1124
output circuit appNtk/c7552_1_0_2747_69.4.blif
time = 119588244 us
--------------- round 2 ---------------
seed = 1341536394
maxLevel = 2147483647
size of nodeLACs = 1443
size of candLACs = 15
mismatch error: 0, 0.00015
n823 is replaced by zero with estimated error 0.00015
error = 0
high accuracy error = 0
area = 2745
delay = 69.4
#gates = 1123
output circuit appNtk/c7552_2_0_2745_69.4.blif
time = 240396118 us
--------------- round 3 ---------------
seed = 1750650485
maxLevel = 2147483647
size of nodeLACs = 1443
size of candLACs = 14
mismatch error: 0.03069, 0.03131
mismatch error: 0, 0.00284
n772 is replaced by one with estimated error 0.00284
error = 0
high accuracy error = 2e-06
area = 2740
delay = 69.4
#gates = 1121
output circuit appNtk/c7552_3_0_2740_69.4.blif
time = 333947162 us
--------------- round 4 ---------------
seed = 3254569840
maxLevel = 2147483647
size of nodeLACs = 1443
size of candLACs = 12
mismatch error: 0.0307, 0.03072
mismatch error: 0.00533, 0.04672
n670 is replaced by n667 with estimated error 0.00533
error = 0.00533
high accuracy error = 0.004899
area = 2734
delay = 69.4
#gates = 1119
output circuit appNtk/c7552_4_0.00533_2734_69.4.blif
time = 483212683 us
--------------- round 5 ---------------
seed = 2507683400
maxLevel = 2147483647
size of nodeLACs = 1443
size of candLACs = 8
mismatch error: 0.03635, 0.03651
mismatch error: 0.04108, 0.04129
mismatch error: 0.03613, 0.03628
mismatch error: 0.03666, 0.03691
mismatch error: 0.02913, 0.02927
n1129 is replaced by n866 with estimated error 0.02913
error = 0.02913
high accuracy error = 0.028705
area = 2732
delay = 69.4
#gates = 1118
