abc command read data/library/mcnc.genlib
Entered genlib library with 23 gates from file "data/library/mcnc.genlib".
abc command read_blif data/su/c7552.blif
Line 21: Skipping line ".default_input_arrival 0.00 0.00 ".
Line 22: Skipping line ".default_output_required 0.00 0.00 ".
Line 23: Skipping line ".default_input_drive 0.10 0.10 ".
Line 24: Skipping line ".default_output_load 2.00 ".
Line 25: Skipping line ".default_max_input_load 999.00 ".
abc command print_stats
[1;37mc7552                         :[0m i/o =  207/  108  lat =    0  nd =  1125  edge =   2605  area =2756.00  delay =69.40  lev = 50
--------------- round 1 ---------------
seed = 2789362192
maxLevel = 2147483647
size of nodeLACs = 1443
size of candLACs = 18
n1169 is replaced by one with estimated error 0
error = 0
high accuracy error = 0
area = 2747
delay = 69.4
#gates = 1124
output circuit appNtk/c7552_1_0_2747_69.4.blif
time = 122209551 us
--------------- round 2 ---------------
seed = 3670663803
maxLevel = 2147483647
size of nodeLACs = 1443
size of candLACs = 15
mismatch error: 0, 0.00016
n823 is replaced by zero with estimated error 0.00016
error = 0
high accuracy error = 0
area = 2745
delay = 69.4
#gates = 1123
output circuit appNtk/c7552_2_0_2745_69.4.blif
time = 239163986 us
--------------- round 3 ---------------
seed = 4164433994
maxLevel = 2147483647
size of nodeLACs = 1443
size of candLACs = 14
mismatch error: 0.03057, 0.03112
mismatch error: 2e-05, 0.00264
n772 is replaced by one with estimated error 0.00264
error = 2e-05
high accuracy error = 5e-06
area = 2740
delay = 69.4
#gates = 1121
output circuit appNtk/c7552_3_2e-05_2740_69.4.blif
time = 352806793 us
--------------- round 4 ---------------
seed = 2572694982
maxLevel = 2147483647
size of nodeLACs = 1443
size of candLACs = 12
mismatch error: 0.031, 0.03102
mismatch error: 0.0047, 0.04669
n670 is replaced by n667 with estimated error 0.0047
error = 0.0047
high accuracy error = 0.004817
area = 2734
delay = 69.4
#gates = 1119
output circuit appNtk/c7552_4_0.0047_2734_69.4.blif
time = 518662174 us
--------------- round 5 ---------------
seed = 3283144646
maxLevel = 2147483647
size of nodeLACs = 1443
size of candLACs = 8
mismatch error: 0.03643, 0.03666
mismatch error: 0.03936, 0.03952
mismatch error: 0.03537, 0.0355
mismatch error: 0.03598, 0.03615
mismatch error: 0.02929, 0.02946
n1129 is replaced by n866 with estimated error 0.02929
error = 0.02929
high accuracy error = 0.028615
area = 2732
delay = 69.4
#gates = 1118
