abc command read data/library/mcnc.genlib
Entered genlib library with 23 gates from file "data/library/mcnc.genlib".
abc command read_blif data/su/c7552.blif
Line 21: Skipping line ".default_input_arrival 0.00 0.00 ".
Line 22: Skipping line ".default_output_required 0.00 0.00 ".
Line 23: Skipping line ".default_input_drive 0.10 0.10 ".
Line 24: Skipping line ".default_output_load 2.00 ".
Line 25: Skipping line ".default_max_input_load 999.00 ".
abc command print_stats
[1;37mc7552                         :[0m i/o =  207/  108  lat =    0  nd =  1125  edge =   2605  area =2756.00  delay =69.40  lev = 50
--------------- round 1 ---------------
seed = 323011893
maxLevel = 2147483647
size of nodeLACs = 1443
size of candLACs = 18
n1169 is replaced by one with estimated error 0
error = 0
high accuracy error = 0
area = 2747
delay = 69.4
#gates = 1124
output circuit appNtk/c7552_1_0_2747_69.4.blif
time = 113534466 us
--------------- round 2 ---------------
seed = 1027534032
maxLevel = 2147483647
size of nodeLACs = 1443
size of candLACs = 15
mismatch error: 0, 0.00014
n823 is replaced by zero with estimated error 0.00014
error = 0
high accuracy error = 0
area = 2745
delay = 69.4
#gates = 1123
output circuit appNtk/c7552_2_0_2745_69.4.blif
time = 229208513 us
--------------- round 3 ---------------
seed = 2018766385
maxLevel = 2147483647
size of nodeLACs = 1443
size of candLACs = 14
mismatch error: 0.02984, 0.03046
mismatch error: 1e-05, 0.00296
n772 is replaced by one with estimated error 0.00296
error = 1e-05
high accuracy error = 3e-06
area = 2740
delay = 69.4
#gates = 1121
output circuit appNtk/c7552_3_1e-05_2740_69.4.blif
time = 337973539 us
--------------- round 4 ---------------
seed = 2252033918
maxLevel = 2147483647
size of nodeLACs = 1443
size of candLACs = 12
mismatch error: 0.03122, 0.03123
mismatch error: 0.00472, 0.04762
n670 is replaced by n667 with estimated error 0.00472
error = 0.00472
high accuracy error = 0.004902
area = 2734
delay = 69.4
#gates = 1119
output circuit appNtk/c7552_4_0.00472_2734_69.4.blif
time = 470545914 us
--------------- round 5 ---------------
seed = 631729829
maxLevel = 2147483647
size of nodeLACs = 1443
size of candLACs = 8
mismatch error: 0.03641, 0.03663
mismatch error: 0.03077, 0.03084
mismatch error: 0.03543, 0.03558
mismatch error: 0.03573, 0.03584
mismatch error: 0.02885, 0.029
n1129 is replaced by n866 with estimated error 0.02885
error = 0.02885
high accuracy error = 0.028864
area = 2732
delay = 69.4
#gates = 1118
