abc command read data/library/mcnc.genlib
Entered genlib library with 23 gates from file "data/library/mcnc.genlib".
abc command read_blif data/su/c7552.blif
Line 21: Skipping line ".default_input_arrival 0.00 0.00 ".
Line 22: Skipping line ".default_output_required 0.00 0.00 ".
Line 23: Skipping line ".default_input_drive 0.10 0.10 ".
Line 24: Skipping line ".default_output_load 2.00 ".
Line 25: Skipping line ".default_max_input_load 999.00 ".
abc command print_stats
[1;37mc7552                         :[0m i/o =  207/  108  lat =    0  nd =  1125  edge =   2605  area =2756.00  delay =69.40  lev = 50
--------------- round 1 ---------------
seed = 2128554520
maxLevel = 2147483647
size of nodeLACs = 1443
size of candLACs = 18
n1169 is replaced by one with estimated error 0
error = 0
high accuracy error = 0
area = 2747
delay = 69.4
#gates = 1124
output circuit appNtk/c7552_1_0_2747_69.4.blif
time = 122971737 us
--------------- round 2 ---------------
seed = 2475962810
maxLevel = 2147483647
size of nodeLACs = 1443
size of candLACs = 15
mismatch error: 0, 0.00016
n823 is replaced by zero with estimated error 0.00016
error = 0
high accuracy error = 0
area = 2745
delay = 69.4
#gates = 1123
output circuit appNtk/c7552_2_0_2745_69.4.blif
time = 243574181 us
--------------- round 3 ---------------
seed = 3239664929
maxLevel = 2147483647
size of nodeLACs = 1443
size of candLACs = 14
mismatch error: 0.02988, 0.03032
mismatch error: 0, 0.00249
n772 is replaced by one with estimated error 0.00249
error = 0
high accuracy error = 5e-06
area = 2740
delay = 69.4
#gates = 1121
output circuit appNtk/c7552_3_0_2740_69.4.blif
time = 363758429 us
--------------- round 4 ---------------
seed = 1861150220
maxLevel = 2147483647
size of nodeLACs = 1443
size of candLACs = 12
mismatch error: 0.03168, 0.03169
mismatch error: 0.00526, 0.04683
n670 is replaced by n667 with estimated error 0.00526
error = 0.00526
high accuracy error = 0.004884
area = 2734
delay = 69.4
#gates = 1119
output circuit appNtk/c7552_4_0.00526_2734_69.4.blif
time = 524862435 us
--------------- round 5 ---------------
seed = 186421994
maxLevel = 2147483647
size of nodeLACs = 1443
size of candLACs = 8
mismatch error: 0.03664, 0.03681
mismatch error: 0.03935, 0.03956
mismatch error: 0.03528, 0.03541
mismatch error: 0.03558, 0.03576
mismatch error: 0.02855, 0.02868
n1129 is replaced by n866 with estimated error 0.02855
error = 0.02855
high accuracy error = 0.028928
area = 2732
delay = 69.4
#gates = 1118
