abc command read data/library/mcnc.genlib
Entered genlib library with 23 gates from file "data/library/mcnc.genlib".
abc command read_blif data/su/c7552.blif
Line 21: Skipping line ".default_input_arrival 0.00 0.00 ".
Line 22: Skipping line ".default_output_required 0.00 0.00 ".
Line 23: Skipping line ".default_input_drive 0.10 0.10 ".
Line 24: Skipping line ".default_output_load 2.00 ".
Line 25: Skipping line ".default_max_input_load 999.00 ".
abc command print_stats
[1;37mc7552                         :[0m i/o =  207/  108  lat =    0  nd =  1125  edge =   2605  area =2756.00  delay =69.40  lev = 50
--------------- round 1 ---------------
seed = 3930135581
maxLevel = 2147483647
size of nodeLACs = 1443
size of candLACs = 18
n1169 is replaced by one with estimated error 0
error = 0
high accuracy error = 0
area = 2747
delay = 69.4
#gates = 1124
output circuit appNtk/c7552_1_0_2747_69.4.blif
time = 122813024 us
--------------- round 2 ---------------
seed = 4247250110
maxLevel = 2147483647
size of nodeLACs = 1443
size of candLACs = 15
mismatch error: 0, 0.00018
n823 is replaced by zero with estimated error 0.00018
error = 0
high accuracy error = 0
area = 2745
delay = 69.4
#gates = 1123
output circuit appNtk/c7552_2_0_2745_69.4.blif
time = 227936652 us
--------------- round 3 ---------------
seed = 2609253932
maxLevel = 2147483647
size of nodeLACs = 1443
size of candLACs = 14
mismatch error: 0.03066, 0.03124
mismatch error: 1e-05, 0.00261
n772 is replaced by one with estimated error 0.00261
error = 1e-05
high accuracy error = 3e-06
area = 2740
delay = 69.4
#gates = 1121
output circuit appNtk/c7552_3_1e-05_2740_69.4.blif
time = 329228956 us
--------------- round 4 ---------------
seed = 3468572314
maxLevel = 2147483647
size of nodeLACs = 1443
size of candLACs = 12
mismatch error: 0.03097, 0.03099
mismatch error: 0.0048, 0.04754
n670 is replaced by n667 with estimated error 0.0048
error = 0.0048
high accuracy error = 0.004902
area = 2734
delay = 69.4
#gates = 1119
output circuit appNtk/c7552_4_0.0048_2734_69.4.blif
time = 465864391 us
--------------- round 5 ---------------
seed = 322206560
maxLevel = 2147483647
size of nodeLACs = 1443
size of candLACs = 8
mismatch error: 0.03675, 0.03691
mismatch error: 0.03954, 0.03975
mismatch error: 0.03558, 0.03572
mismatch error: 0.0356, 0.03574
mismatch error: 0.02968, 0.02981
n1129 is replaced by n866 with estimated error 0.02968
error = 0.02968
high accuracy error = 0.028342
area = 2732
delay = 69.4
#gates = 1118
