abc command read data/library/mcnc.genlib
Entered genlib library with 23 gates from file "data/library/mcnc.genlib".
abc command read_blif data/su/c7552.blif
Line 21: Skipping line ".default_input_arrival 0.00 0.00 ".
Line 22: Skipping line ".default_output_required 0.00 0.00 ".
Line 23: Skipping line ".default_input_drive 0.10 0.10 ".
Line 24: Skipping line ".default_output_load 2.00 ".
Line 25: Skipping line ".default_max_input_load 999.00 ".
abc command print_stats
[1;37mc7552                         :[0m i/o =  207/  108  lat =    0  nd =  1125  edge =   2605  area =2756.00  delay =69.40  lev = 50
--------------- round 1 ---------------
seed = 1257937603
maxLevel = 2147483647
size of nodeLACs = 1443
size of candLACs = 18
n1169 is replaced by one with estimated error 0
error = 0
high accuracy error = 0
area = 2747
delay = 69.4
#gates = 1124
output circuit appNtk/c7552_1_0_2747_69.4.blif
time = 111238535 us
--------------- round 2 ---------------
seed = 4137789296
maxLevel = 2147483647
size of nodeLACs = 1443
size of candLACs = 15
mismatch error: 0, 0.00014
n823 is replaced by zero with estimated error 0.00014
error = 0
high accuracy error = 0
area = 2745
delay = 69.4
#gates = 1123
output circuit appNtk/c7552_2_0_2745_69.4.blif
time = 213162768 us
--------------- round 3 ---------------
seed = 2165871464
maxLevel = 2147483647
size of nodeLACs = 1443
size of candLACs = 14
mismatch error: 0.03031, 0.03082
mismatch error: 0, 0.00251
n772 is replaced by one with estimated error 0.00251
error = 0
high accuracy error = 1e-06
area = 2740
delay = 69.4
#gates = 1121
output circuit appNtk/c7552_3_0_2740_69.4.blif
time = 328263592 us
--------------- round 4 ---------------
seed = 385794489
maxLevel = 2147483647
size of nodeLACs = 1443
size of candLACs = 12
mismatch error: 0.03248, 0.0325
mismatch error: 0.00515, 0.04652
n670 is replaced by n667 with estimated error 0.00515
error = 0.00515
high accuracy error = 0.004954
area = 2734
delay = 69.4
#gates = 1119
output circuit appNtk/c7552_4_0.00515_2734_69.4.blif
time = 488055981 us
--------------- round 5 ---------------
seed = 4043907006
maxLevel = 2147483647
size of nodeLACs = 1443
size of candLACs = 8
mismatch error: 0.03638, 0.03654
mismatch error: 0.03985, 0.04012
mismatch error: 0.03594, 0.03615
mismatch error: 0.03602, 0.03617
mismatch error: 0.02893, 0.02908
n1129 is replaced by n866 with estimated error 0.02893
error = 0.02893
high accuracy error = 0.028785
area = 2732
delay = 69.4
#gates = 1118
