abc command read data/library/mcnc.genlib
Entered genlib library with 23 gates from file "data/library/mcnc.genlib".
abc command read_blif data/su/c7552.blif
Line 21: Skipping line ".default_input_arrival 0.00 0.00 ".
Line 22: Skipping line ".default_output_required 0.00 0.00 ".
Line 23: Skipping line ".default_input_drive 0.10 0.10 ".
Line 24: Skipping line ".default_output_load 2.00 ".
Line 25: Skipping line ".default_max_input_load 999.00 ".
abc command print_stats
[1;37mc7552                         :[0m i/o =  207/  108  lat =    0  nd =  1125  edge =   2605  area =2756.00  delay =69.40  lev = 50
--------------- round 1 ---------------
seed = 4082812835
maxLevel = 2147483647
size of nodeLACs = 1443
size of candLACs = 18
n1169 is replaced by one with estimated error 0
error = 0
high accuracy error = 0
area = 2747
delay = 69.4
#gates = 1124
output circuit appNtk/c7552_1_0_2747_69.4.blif
time = 118123896 us
--------------- round 2 ---------------
seed = 2170075110
maxLevel = 2147483647
size of nodeLACs = 1443
size of candLACs = 15
mismatch error: 0, 0.00019
n823 is replaced by zero with estimated error 0.00019
error = 0
high accuracy error = 0
area = 2745
delay = 69.4
#gates = 1123
output circuit appNtk/c7552_2_0_2745_69.4.blif
time = 240838708 us
--------------- round 3 ---------------
seed = 3186826218
maxLevel = 2147483647
size of nodeLACs = 1443
size of candLACs = 14
mismatch error: 0.0308, 0.03138
mismatch error: 1e-05, 0.0026
n772 is replaced by one with estimated error 0.0026
error = 1e-05
high accuracy error = 3e-06
area = 2740
delay = 69.4
#gates = 1121
output circuit appNtk/c7552_3_1e-05_2740_69.4.blif
time = 362131568 us
--------------- round 4 ---------------
seed = 1913287192
maxLevel = 2147483647
size of nodeLACs = 1443
size of candLACs = 12
mismatch error: 0.00477, 0.04645
n670 is replaced by n667 with estimated error 0.00477
error = 0.00477
high accuracy error = 0.004826
area = 2734
delay = 69.4
#gates = 1119
output circuit appNtk/c7552_4_0.00477_2734_69.4.blif
time = 528361124 us
--------------- round 5 ---------------
seed = 2043170074
maxLevel = 2147483647
size of nodeLACs = 1443
size of candLACs = 8
mismatch error: 0.03611, 0.03623
mismatch error: 0.04016, 0.04043
mismatch error: 0.03599, 0.03613
mismatch error: 0.03666, 0.03692
mismatch error: 0.02894, 0.02905
n1129 is replaced by n866 with estimated error 0.02894
error = 0.02894
high accuracy error = 0.028602
area = 2732
delay = 69.4
#gates = 1118
