Original Area:1069.000000, Original Delay:37.800000, Orignial Gate :430
Change gate [166469] with gate[166345]  , changed gate loc: 264,  sub gate loc: 36Inverter: 0
Simulate AEM is 0.000000
Now AEM is 0.000000
Simulate added AEM is 0.000000, Now added AEM is 0.000000
Approximate gate:428, Approximate area:1065.000000
Accurate error is 0.000000, Area :1065.000000, Delay: 37.800000, Gate: 428
Now running time: 95
Change gate [167126] with gate[167814]  , changed gate loc: 37,  sub gate loc: 265Inverter: 0
Simulate AEM is 0.000000
Now AEM is 0.000000
Simulate added AEM is 0.000000, Now added AEM is 0.000000
Approximate gate:427, Approximate area:1061.000000
Accurate error is 0.000000, Area :1061.000000, Delay: 37.800000, Gate: 427
Now running time: 193
Change gate [166351] with gatey[0]  , changed gate loc: 44,  sub gate loc: 10Inverter: 0
Simulate AEM is 0.000000
Now AEM is 0.000000
Simulate added AEM is 0.000000, Now added AEM is 0.000000
Approximate gate:427, Approximate area:1058.000000
Accurate error is 0.000000, Area :1058.000000, Delay: 37.800000, Gate: 427
Now running time: 294
Change gate [164857] with gate[167660]  , changed gate loc: 378,  sub gate loc: 391Inverter: 0
Simulate AEM is 0.000000
Now AEM is 0.000000
Simulate added AEM is 0.000000, Now added AEM is 0.000000
Approximate gate:426, Approximate area:1055.000000
Accurate error is 0.000000, Area :1055.000000, Delay: 37.800000, Gate: 426
Now running time: 391
Change gate [167340] with gate[166399]  , changed gate loc: 122,  sub gate loc: 133Inverter: 0
Simulate AEM is 0.000000
Now AEM is 0.000000
Simulate added AEM is 0.000000, Now added AEM is 0.000000
Approximate gate:425, Approximate area:1053.000000
Accurate error is 0.000000, Area :1053.000000, Delay: 37.800000, Gate: 425
Now running time: 489
Change gate [166406] with gaten556  , changed gate loc: 192,  sub gate loc: 160Inverter: 1
Simulate AEM is 0.000000
Now AEM is 0.000000
Simulate added AEM is 0.000000, Now added AEM is 0.000000
Approximate gate:425, Approximate area:1051.000000
Accurate error is 0.000000, Area :1051.000000, Delay: 37.800000, Gate: 425
Now running time: 586
Change gate [168101] with gate[166441]  , changed gate loc: 196,  sub gate loc: 195Inverter: 0
Simulate AEM is 0.000000
Now AEM is 0.000000
Simulate added AEM is 0.000000, Now added AEM is 0.000000
Approximate gate:424, Approximate area:1049.000000
Accurate error is 0.000000, Area :1049.000000, Delay: 37.800000, Gate: 424
Now running time: 684
Change gate [167001] with gate[166559]  , changed gate loc: 447,  sub gate loc: 440Inverter: 0
Simulate AEM is 0.000000
Now AEM is 0.000000
Simulate added AEM is 0.000000, Now added AEM is 0.000000
Approximate gate:423, Approximate area:1048.000000
Accurate error is 0.000000, Area :1048.000000, Delay: 37.800000, Gate: 423
Now running time: 784
Change gate [166558] with gate[167001]  , changed gate loc: 438,  sub gate loc: 447Inverter: 0
Simulate AEM is 0.000000
Now AEM is 0.000000
Simulate added AEM is 0.000000, Now added AEM is 0.000000
Approximate gate:422, Approximate area:1047.000000
Accurate error is 0.000000, Area :1047.000000, Delay: 37.400000, Gate: 422
Now running time: 891
Change gate n32 with gate[166412]  , changed gate loc: 442,  sub gate loc: 142Inverter: 0
Simulate AEM is 0.000000
Now AEM is 0.000000
Simulate added AEM is 0.000000, Now added AEM is 0.000000
Approximate gate:420, Approximate area:1042.000000
Accurate error is 0.000000, Area :1042.000000, Delay: 37.400000, Gate: 420
Now running time: 997
Change gate [167033] with gate[167132]  , changed gate loc: 80,  sub gate loc: 54Inverter: 0
Simulate AEM is 0.000000
Now AEM is 0.000000
Simulate added AEM is 0.000000, Now added AEM is 0.000000
Approximate gate:419, Approximate area:1041.000000
Accurate error is 0.000000, Area :1041.000000, Delay: 37.400000, Gate: 419
Now running time: 1097
Change gate [166909] with gate[166358]  , changed gate loc: 58,  sub gate loc: 53Inverter: 0
Simulate AEM is 0.000000
Now AEM is 0.000000
Simulate added AEM is 0.000000, Now added AEM is 0.000000
Approximate gate:418, Approximate area:1040.000000
Accurate error is 0.000000, Area :1040.000000, Delay: 37.400000, Gate: 418
Now running time: 1200
Change gate [166348] with gate[167126]  , changed gate loc: 40,  sub gate loc: 37Inverter: 0
Simulate AEM is 0.304860
Now AEM is 0.245780
Simulate added AEM is 0.304860, Now added AEM is 0.245780
Approximate gate:416, Approximate area:1034.000000
Accurate error is 0.245780, Area :1034.000000, Delay: 37.400000, Gate: 416
Now running time: 1301
Change gate [166902] with gate[166469]  , changed gate loc: 41,  sub gate loc: 264Inverter: 0
Simulate AEM is 0.304860
Now AEM is 0.247920
Simulate added AEM is 0.000000, Now added AEM is 0.002140
Approximate gate:415, Approximate area:1033.000000
Accurate error is 0.247920, Area :1033.000000, Delay: 37.400000, Gate: 415
Now running time: 1415
Change gate [166352] with gate[166471]  , changed gate loc: 45,  sub gate loc: 266Inverter: 0
Simulate AEM is 0.707500
Now AEM is 0.811580
Simulate added AEM is 0.402640, Now added AEM is 0.563660
Approximate gate:413, Approximate area:1028.000000
Accurate error is 0.811580, Area :1028.000000, Delay: 37.400000, Gate: 413
Now running time: 1534
Change gate [166350] with gate[166413]  , changed gate loc: 43,  sub gate loc: 143Inverter: 0
Simulate AEM is 0.702820
Now AEM is 1.166440
Simulate added AEM is -0.004680, Now added AEM is 0.354860
Approximate gate:412, Approximate area:1024.000000
Accurate error is 1.166440, Area :1024.000000, Delay: 37.400000, Gate: 412
Now running time: 1666
Change gate [166360] with gate[166454]  , changed gate loc: 59,  sub gate loc: 237Inverter: 1
Simulate AEM is 0.701760
Now AEM is 2.444140
Simulate added AEM is -0.001060, Now added AEM is 1.277700
Approximate gate:412, Approximate area:1023.000000
Accurate error is 2.444140, Area :1023.000000, Delay: 37.400000, Gate: 412
Now running time: 1786
The 0 choose is not good
The 1 choose is not good
The 2 choose is not good
Change gate [166355] with gate[166383]  , changed gate loc: 50,  sub gate loc: 87Inverter: 0
Simulate AEM is 0.699640
Now AEM is 2.775440
Simulate added AEM is -0.002120, Now added AEM is 0.331300
Approximate gate:411, Approximate area:1021.000000
Accurate error is 2.775440, Area :1021.000000, Delay: 37.400000, Gate: 411
Now running time: 1897
The 0 choose is not good
The 1 choose is not good
The 2 choose is not good
Change gate [166912] with gate[166394]  , changed gate loc: 60,  sub gate loc: 112Inverter: 0
Simulate AEM is 0.699460
Now AEM is 3.284020
Simulate added AEM is -0.000180, Now added AEM is 0.508580
Approximate gate:410, Approximate area:1020.000000
Accurate error is 3.284020, Area :1020.000000, Delay: 37.400000, Gate: 410
Now running time: 2003
The 0 choose is not good
The 1 choose is not good
The 2 choose is not good
The 3 choose is not good
The 4 choose is not good
The 5 choose is not good
The 6 choose is not good
The 7 choose is not good
Change gate result[0] with gateone  , changed gate loc: 18,  sub gate loc: 1Inverter: 0
Simulate AEM is 0.698760
Now AEM is 3.777320
Simulate added AEM is -0.000700, Now added AEM is 0.493300
Approximate gate:410, Approximate area:1018.000000
Accurate error is 3.777320, Area :1018.000000, Delay: 37.400000, Gate: 410
Now running time: 2113
The 0 choose is not good
The 1 choose is not good
The 2 choose is not good
The 3 choose is not good
The 4 choose is not good
The 5 choose is not good
The 6 choose is not good
The 7 choose is not good
The 8 choose is not good
The 9 choose is not good
Change gate [166379] with gate[166367]  , changed gate loc: 98,  sub gate loc: 71Inverter: 0
Simulate AEM is 0.685980
Now AEM is 13.679430
Simulate added AEM is -0.012780, Now added AEM is 9.902110
AEM Threshold: 4 Now AEM: 13.6794
ALL running time: 2223
Error propagation matrix time: 72 with 37552 node
Error simulation time: 2102 with 1730082 node
Area time: 0
Whole find time: 2181
