Original Area:1081.000000, Original Delay:45.300000, Orignial Gate :490
Change gate [174797] with gate[176053]  , changed gate loc: 356,  sub gate loc: 355Inverter: 0
Simulate AEM is 0.000000
Now AEM is 0.000000
Simulate added AEM is 0.000000, Now added AEM is 0.000000
Approximate gate:489, Approximate area:1078.000000
Accurate error is 0.000000, Area :1078.000000, Delay: 44.700000, Gate: 489
Now running time: 110
Change gate [175875] with gate[176013]  , changed gate loc: 438,  sub gate loc: 436Inverter: 0
Simulate AEM is 0.000000
Now AEM is 0.000000
Simulate added AEM is 0.000000, Now added AEM is 0.000000
Approximate gate:488, Approximate area:1075.000000
Accurate error is 0.000000, Area :1075.000000, Delay: 44.100000, Gate: 488
Now running time: 223
Change gate [174867] with gate[174339]  , changed gate loc: 504,  sub gate loc: 497Inverter: 0
Simulate AEM is 0.000000
Now AEM is 0.000000
Simulate added AEM is 0.000000, Now added AEM is 0.000000
Approximate gate:487, Approximate area:1073.000000
Accurate error is 0.000000, Area :1073.000000, Delay: 44.100000, Gate: 487
Now running time: 338
Change gate [174713] with gate[174337]  , changed gate loc: 507,  sub gate loc: 495Inverter: 0
Simulate AEM is 0.000000
Now AEM is 0.000000
Simulate added AEM is 0.000000, Now added AEM is 0.000000
Approximate gate:486, Approximate area:1071.000000
Accurate error is 0.000000, Area :1071.000000, Delay: 43.100000, Gate: 486
Now running time: 450
Change gate [174151] with gaten312  , changed gate loc: 102,  sub gate loc: 180Inverter: 1
Simulate AEM is 0.000000
Now AEM is 0.000000
Simulate added AEM is 0.000000, Now added AEM is 0.000000
Approximate gate:486, Approximate area:1069.000000
Accurate error is 0.000000, Area :1069.000000, Delay: 43.100000, Gate: 486
Now running time: 561
Change gate [175969] with gate[174846]  , changed gate loc: 485,  sub gate loc: 488Inverter: 0
Simulate AEM is 0.000000
Now AEM is 0.000000
Simulate added AEM is 0.000000, Now added AEM is 0.000000
Approximate gate:485, Approximate area:1067.000000
Accurate error is 0.000000, Area :1067.000000, Delay: 43.100000, Gate: 485
Now running time: 673
Change gate [175604] with gate[176023]  , changed gate loc: 383,  sub gate loc: 405Inverter: 0
Simulate AEM is 0.000000
Now AEM is 0.000000
Simulate added AEM is 0.000000, Now added AEM is 0.000000
Approximate gate:484, Approximate area:1065.000000
Accurate error is 0.000000, Area :1065.000000, Delay: 43.100000, Gate: 484
Now running time: 789
Change gate [174864] with gate[175953]  , changed gate loc: 503,  sub gate loc: 500Inverter: 0
Simulate AEM is 0.000000
Now AEM is 0.000000
Simulate added AEM is 0.000000, Now added AEM is 0.000000
Approximate gate:483, Approximate area:1063.000000
Accurate error is 0.000000, Area :1063.000000, Delay: 43.100000, Gate: 483
Now running time: 916
Change gate [175768] with gate[174261]  , changed gate loc: 334,  sub gate loc: 333Inverter: 0
Simulate AEM is 0.000000
Now AEM is 0.000000
Simulate added AEM is 0.000000, Now added AEM is 0.000000
Approximate gate:482, Approximate area:1061.000000
Accurate error is 0.000000, Area :1061.000000, Delay: 43.100000, Gate: 482
Now running time: 1035
Change gate [174314] with gaten382  , changed gate loc: 455,  sub gate loc: 456Inverter: 1
Simulate AEM is 0.000000
Now AEM is 0.000000
Simulate added AEM is 0.000000, Now added AEM is 0.000000
Approximate gate:482, Approximate area:1059.000000
Accurate error is 0.000000, Area :1059.000000, Delay: 43.100000, Gate: 482
Now running time: 1154
Change gate [176137] with gate[175759]  , changed gate loc: 168,  sub gate loc: 222Inverter: 0
Simulate AEM is 0.000000
Now AEM is 0.000000
Simulate added AEM is 0.000000, Now added AEM is 0.000000
Approximate gate:481, Approximate area:1057.000000
Accurate error is 0.000000, Area :1057.000000, Delay: 43.100000, Gate: 481
Now running time: 1274
Change gate n108 with gate[174200]  , changed gate loc: 201,  sub gate loc: 268Inverter: 1
Simulate AEM is 0.000000
Now AEM is 0.000000
Simulate added AEM is 0.000000, Now added AEM is 0.000000
Approximate gate:480, Approximate area:1055.000000
Accurate error is 0.000000, Area :1055.000000, Delay: 43.100000, Gate: 480
Now running time: 1391
Change gate n109 with gate[174183]  , changed gate loc: 151,  sub gate loc: 205Inverter: 1
Simulate AEM is 0.000000
Now AEM is 0.000000
Simulate added AEM is 0.000000, Now added AEM is 0.000000
Approximate gate:479, Approximate area:1053.000000
Accurate error is 0.000000, Area :1053.000000, Delay: 43.100000, Gate: 479
Now running time: 1507
Change gate [174710] with gate[174867]  , changed gate loc: 502,  sub gate loc: 504Inverter: 0
Simulate AEM is 0.000000
Now AEM is 0.000000
Simulate added AEM is 0.000000, Now added AEM is 0.000000
Approximate gate:478, Approximate area:1052.000000
Accurate error is 0.000000, Area :1052.000000, Delay: 43.100000, Gate: 478
Now running time: 1621
Change gate [175015] with gateone  , changed gate loc: 494,  sub gate loc: 1Inverter: 0
Simulate AEM is 0.000000
Now AEM is 0.000000
Simulate added AEM is 0.000000, Now added AEM is 0.000000
Approximate gate:478, Approximate area:1051.000000
Accurate error is 0.000000, Area :1051.000000, Delay: 43.100000, Gate: 478
Now running time: 1735
Change gate [174657] with gate[174226]  , changed gate loc: 242,  sub gate loc: 239Inverter: 0
Simulate AEM is 0.000000
Now AEM is 0.000000
Simulate added AEM is 0.000000, Now added AEM is 0.000000
Approximate gate:477, Approximate area:1050.000000
Accurate error is 0.000000, Area :1050.000000, Delay: 43.100000, Gate: 477
Now running time: 1848
Change gate product[0] with gate[174869]  , changed gate loc: 18,  sub gate loc: 44Inverter: 0
Simulate AEM is 0.246570
Now AEM is 0.246570
Simulate added AEM is 0.246570, Now added AEM is 0.246570
Approximate gate:474, Approximate area:1046.000000
Accurate error is 0.246570, Area :1046.000000, Delay: 43.100000, Gate: 474
Now running time: 1962
Change gate [174121] with gate[172900]  , changed gate loc: 48,  sub gate loc: 154Inverter: 1
Simulate AEM is 0.240370
Now AEM is 0.685000
Simulate added AEM is -0.006200, Now added AEM is 0.438430
Approximate gate:474, Approximate area:1044.000000
Accurate error is 0.685000, Area :1044.000000, Delay: 43.100000, Gate: 474
Now running time: 2105
The 0 choose is not good
Change gate [174150] with gate[175987]  , changed gate loc: 101,  sub gate loc: 469Inverter: 0
Simulate AEM is -0.107210
Now AEM is 2.750080
Simulate added AEM is -0.347580, Now added AEM is 2.065080
Approximate gate:472, Approximate area:1041.000000
Accurate error is 2.750080, Area :1041.000000, Delay: 43.100000, Gate: 472
Now running time: 2263
Change gate [174733] with gate[174724]  , changed gate loc: 72,  sub gate loc: 53Inverter: 0
Simulate AEM is -0.107830
Now AEM is 3.976430
Simulate added AEM is -0.000620, Now added AEM is 1.226350
Approximate gate:471, Approximate area:1040.000000
Accurate error is 3.976430, Area :1040.000000, Delay: 43.100000, Gate: 471
Now running time: 2388
The 0 choose is not good
The 1 choose is not good
The 2 choose is not good
The 3 choose is not good
The 4 choose is not good
The 5 choose is not good
The 6 choose is not good
The 7 choose is not good
The 8 choose is not good
The 9 choose is not good
Change gate [174195] with gate[175969]  , changed gate loc: 177,  sub gate loc: 485Inverter: 0
Simulate AEM is -0.114530
Now AEM is 8.657620
Simulate added AEM is -0.006700, Now added AEM is 4.681190
AEM Threshold: 4 Now AEM: 8.65762
ALL running time: 2491
Error propagation matrix time: 60 with 38180 node
Error simulation time: 2395 with 2181885 node
Area time: 0
Whole find time: 2462
