Original Area:958.000000, Original Delay:38.500000, Orignial Gate :419
Change gate [3172] with gatezero  , changed gate loc: 471,  sub gate loc: 0Inverter: 0
Simulate AEM is 0.000000
Now AEM is 0.000000
Simulate added AEM is 0.000000, Now added AEM is 0.000000
Approximate gate:417, Approximate area:952.000000
Accurate error is 0.000000, Area :952.000000, Delay: 38.500000, Gate: 417
Now running time: 48
Change gate [1809] with gate[3103]  , changed gate loc: 473,  sub gate loc: 461Inverter: 0
Simulate AEM is 0.000000
Now AEM is 0.000000
Simulate added AEM is 0.000000, Now added AEM is 0.000000
Approximate gate:407, Approximate area:928.000000
Accurate error is 0.000000, Area :928.000000, Delay: 38.500000, Gate: 407
Now running time: 95
Change gate [1796] with gate[3098]  , changed gate loc: 449,  sub gate loc: 458Inverter: 0
Simulate AEM is 0.000000
Now AEM is 0.000000
Simulate added AEM is 0.000000, Now added AEM is 0.000000
Approximate gate:403, Approximate area:917.000000
Accurate error is 0.000000, Area :917.000000, Delay: 31.600000, Gate: 403
Now running time: 140
Change gate [2636] with gate[2670]  , changed gate loc: 260,  sub gate loc: 276Inverter: 0
Simulate AEM is 0.000000
Now AEM is 75161.927680
Simulate added AEM is 0.000000, Now added AEM is 75161.927680
Approximate gate:400, Approximate area:910.000000
Accurate error is 75161.927680, Area :910.000000, Delay: 31.600000, Gate: 400
Now running time: 184
Change gate [2874] with gate[1746]  , changed gate loc: 366,  sub gate loc: 389Inverter: 0
Simulate AEM is 0.000000
Now AEM is 10737.745920
Simulate added AEM is 0.000000, Now added AEM is -64424.181760
Approximate gate:396, Approximate area:900.000000
Accurate error is 10737.745920, Area :900.000000, Delay: 31.600000, Gate: 396
Now running time: 227
Change gate [1105] with gaten273  , changed gate loc: 255,  sub gate loc: 231Inverter: 0
Simulate AEM is 0.000000
Now AEM is 10737.418240
Simulate added AEM is 0.000000, Now added AEM is -0.327680
Approximate gate:394, Approximate area:895.000000
Accurate error is 10737.418240, Area :895.000000, Delay: 31.600000, Gate: 394
Now running time: 270
Change gate n107 with gate[141876]  , changed gate loc: 435,  sub gate loc: 456Inverter: 0
Simulate AEM is 0.000000
Now AEM is 168.427520
Simulate added AEM is 0.000000, Now added AEM is -10568.990720
Approximate gate:392, Approximate area:890.000000
Accurate error is 168.427520, Area :890.000000, Delay: 30.100000, Gate: 392
Now running time: 312
Change gate [2641] with gatezero  , changed gate loc: 262,  sub gate loc: 0Inverter: 0
Simulate AEM is 0.000000
Now AEM is 59140.014080
Simulate added AEM is 0.000000, Now added AEM is 58971.586560
Approximate gate:391, Approximate area:885.000000
Accurate error is 59140.014080, Area :885.000000, Delay: 30.100000, Gate: 391
Now running time: 353
Change gate [1552] with gate[2327]  , changed gate loc: 136,  sub gate loc: 129Inverter: 0
Simulate AEM is 0.000000
Now AEM is 5452.595200
Simulate added AEM is 0.000000, Now added AEM is -53687.418880
Approximate gate:390, Approximate area:883.000000
Accurate error is 5452.595200, Area :883.000000, Delay: 30.100000, Gate: 390
Now running time: 395
Change gate [1771] with gate[1781]  , changed gate loc: 421,  sub gate loc: 430Inverter: 0
Simulate AEM is 0.000000
Now AEM is 53771.960320
Simulate added AEM is 0.000000, Now added AEM is 48319.365120
Approximate gate:389, Approximate area:882.000000
Accurate error is 53771.960320, Area :882.000000, Delay: 30.100000, Gate: 389
Now running time: 436
Change gate [2660] with gate[2654]  , changed gate loc: 271,  sub gate loc: 269Inverter: 0
Simulate AEM is 0.000000
Now AEM is 53687.418880
Simulate added AEM is 0.000000, Now added AEM is -84.541440
Approximate gate:388, Approximate area:881.000000
Accurate error is 53687.418880, Area :881.000000, Delay: 30.100000, Gate: 388
Now running time: 479
Change gate [1651] with gate[1661]  , changed gate loc: 270,  sub gate loc: 281Inverter: 0
Simulate AEM is 0.000000
Now AEM is 27095.859200
Simulate added AEM is 0.000000, Now added AEM is -26591.559680
Approximate gate:387, Approximate area:879.000000
Accurate error is 27095.859200, Area :879.000000, Delay: 30.100000, Gate: 387
Now running time: 522
Change gate sum[0] with gate[1533]  , changed gate loc: 66,  sub gate loc: 105Inverter: 0
Simulate AEM is 0.251340
Now AEM is 26844.780080
Simulate added AEM is 0.251340, Now added AEM is -251.079120
Approximate gate:384, Approximate area:873.000000
Accurate error is 26844.780080, Area :873.000000, Delay: 30.100000, Gate: 384
Now running time: 564
Change gate [1534] with gate[2256]  , changed gate loc: 108,  sub gate loc: 104Inverter: 0
Simulate AEM is 0.140300
Now AEM is 10744.123780
Simulate added AEM is -0.111040, Now added AEM is -16100.656300
Approximate gate:382, Approximate area:868.000000
Accurate error is 10744.123780, Area :868.000000, Delay: 29.400000, Gate: 382
Now running time: 613
Change gate [2432] with gate[1549]  , changed gate loc: 169,  sub gate loc: 132Inverter: 0
Simulate AEM is 0.104460
Now AEM is 16694.723990
Simulate added AEM is -0.035840, Now added AEM is 5950.600210
Approximate gate:381, Approximate area:865.000000
Accurate error is 16694.723990, Area :865.000000, Delay: 29.400000, Gate: 381
Now running time: 662
Change gate [1554] with gate[1383]  , changed gate loc: 138,  sub gate loc: 159Inverter: 0
Simulate AEM is 0.074380
Now AEM is 43465.355160
Simulate added AEM is -0.030080, Now added AEM is 26770.631170
Approximate gate:379, Approximate area:859.000000
Accurate error is 43465.355160, Area :859.000000, Delay: 27.400000, Gate: 379
Now running time: 706
Change gate sum[1] with gatea[0]  , changed gate loc: 67,  sub gate loc: 2Inverter: 0
Simulate AEM is 0.074040
Now AEM is 11694.486420
Simulate added AEM is -0.000340, Now added AEM is -31770.868740
Approximate gate:378, Approximate area:855.000000
Accurate error is 11694.486420, Area :855.000000, Delay: 27.400000, Gate: 378
Now running time: 749
Change gate sum[0] with gateone  , changed gate loc: 66,  sub gate loc: 1Inverter: 0
Simulate AEM is 0.073920
Now AEM is 16923.411960
Simulate added AEM is -0.000120, Now added AEM is 5228.925540
Approximate gate:378, Approximate area:853.000000
Accurate error is 16923.411960, Area :853.000000, Delay: 27.400000, Gate: 378
Now running time: 792
Change gate [1545] with gate[1536]  , changed gate loc: 124,  sub gate loc: 110Inverter: 0
Simulate AEM is 0.073280
Now AEM is 549.709080
Simulate added AEM is -0.000640, Now added AEM is -16373.702880
Approximate gate:377, Approximate area:851.000000
Accurate error is 549.709080, Area :851.000000, Delay: 26.000000, Gate: 377
Now running time: 834
Change gate [1534] with gate[1531]  , changed gate loc: 108,  sub gate loc: 102Inverter: 0
Simulate AEM is 0.073120
Now AEM is 11200.536970
Simulate added AEM is -0.000160, Now added AEM is 10650.827890
Approximate gate:374, Approximate area:845.000000
Accurate error is 11200.536970, Area :845.000000, Delay: 26.000000, Gate: 374
Now running time: 875
Change gate sum[3] with gate[2344]  , changed gate loc: 69,  sub gate loc: 134Inverter: 0
Simulate AEM is 0.072880
Now AEM is 16710.335780
Simulate added AEM is -0.000240, Now added AEM is 5509.798810
Approximate gate:370, Approximate area:836.000000
Accurate error is 16710.335780, Area :836.000000, Delay: 26.000000, Gate: 370
Now running time: 916
Change gate sum[3] with gate[1535]  , changed gate loc: 69,  sub gate loc: 109Inverter: 1
Simulate AEM is 0.072720
Now AEM is 38133.605530
Simulate added AEM is -0.000160, Now added AEM is 21423.269750
Approximate gate:370, Approximate area:835.000000
Accurate error is 38133.605530, Area :835.000000, Delay: 26.000000, Gate: 370
Now running time: 957
Change gate sum[2] with gatesum[1]  , changed gate loc: 68,  sub gate loc: 67Inverter: 1
Simulate AEM is 0.072640
Now AEM is 64995.709750
Simulate added AEM is -0.000080, Now added AEM is 26862.104220
Approximate gate:367, Approximate area:826.000000
Accurate error is 64995.709750, Area :826.000000, Delay: 26.000000, Gate: 367
Now running time: 997
Change gate [2325] with gate[1545]  , changed gate loc: 127,  sub gate loc: 124Inverter: 0
Simulate AEM is 0.072160
Now AEM is 27308.528360
Simulate added AEM is -0.000480, Now added AEM is -37687.181390
Approximate gate:366, Approximate area:824.000000
Accurate error is 27308.528360, Area :824.000000, Delay: 26.000000, Gate: 366
Now running time: 1037
Change gate sum[11] with gate[2432]  , changed gate loc: 77,  sub gate loc: 169Inverter: 0
Simulate AEM is 0.031200
Now AEM is 7768.681600
Simulate added AEM is -0.040960, Now added AEM is -19539.846760
Approximate gate:361, Approximate area:813.000000
Accurate error is 7768.681600, Area :813.000000, Delay: 26.000000, Gate: 361
Now running time: 1077
Change gate sum[6] with gate[1543]  , changed gate loc: 72,  sub gate loc: 121Inverter: 1
Simulate AEM is 0.023520
Now AEM is 33754.285530
Simulate added AEM is -0.007680, Now added AEM is 25985.603930
Approximate gate:360, Approximate area:809.000000
Accurate error is 33754.285530, Area :809.000000, Delay: 26.000000, Gate: 360
Now running time: 1115
Change gate sum[3] with gateone  , changed gate loc: 69,  sub gate loc: 1Inverter: 0
Simulate AEM is 0.016320
Now AEM is 65898.263550
Simulate added AEM is -0.007200, Now added AEM is 32143.978020
Approximate gate:359, Approximate area:807.000000
Accurate error is 65898.263550, Area :807.000000, Delay: 26.000000, Gate: 359
Now running time: 1152
Change gate sum[8] with gatezero  , changed gate loc: 74,  sub gate loc: 0Inverter: 0
Simulate AEM is 0.013760
Now AEM is 12258.388790
Simulate added AEM is -0.002560, Now added AEM is -53639.874760
Approximate gate:358, Approximate area:802.000000
Accurate error is 12258.388790, Area :802.000000, Delay: 26.000000, Gate: 358
Now running time: 1190
Change gate sum[4] with gate[2320]  , changed gate loc: 70,  sub gate loc: 128Inverter: 1
Simulate AEM is 0.013600
Now AEM is 1572.923040
Simulate added AEM is -0.000160, Now added AEM is -10685.465750
Approximate gate:358, Approximate area:800.000000
Accurate error is 1572.923040, Area :800.000000, Delay: 26.000000, Gate: 358
Now running time: 1226
Change gate sum[1] with gatezero  , changed gate loc: 67,  sub gate loc: 0Inverter: 0
Simulate AEM is 0.012000
Now AEM is 17793.113630
Simulate added AEM is -0.001600, Now added AEM is 16220.190590
Approximate gate:358, Approximate area:799.000000
Accurate error is 17793.113630, Area :799.000000, Delay: 26.000000, Gate: 358
Now running time: 1263
Change gate [2397] with gate[2479]  , changed gate loc: 151,  sub gate loc: 195Inverter: 0
Simulate AEM is 0.009440
Now AEM is 66124.778450
Simulate added AEM is -0.002560, Now added AEM is 48331.664820
Approximate gate:357, Approximate area:797.000000
Accurate error is 66124.778450, Area :797.000000, Delay: 26.000000, Gate: 357
Now running time: 1300
Change gate [1547] with gateone  , changed gate loc: 130,  sub gate loc: 1Inverter: 0
Simulate AEM is 0.001440
Now AEM is 17627.352310
Simulate added AEM is -0.008000, Now added AEM is -48497.426140
Approximate gate:357, Approximate area:794.000000
Accurate error is 17627.352310, Area :794.000000, Delay: 26.000000, Gate: 357
Now running time: 1337
Change gate sum[7] with gate[1539]  , changed gate loc: 73,  sub gate loc: 116Inverter: 1
Simulate AEM is 0.000160
Now AEM is 7256.822060
Simulate added AEM is -0.001280, Now added AEM is -10370.530250
Approximate gate:356, Approximate area:789.000000
Accurate error is 7256.822060, Area :789.000000, Delay: 26.000000, Gate: 356
Now running time: 1373
Change gate sum[5] with gate[1539]  , changed gate loc: 71,  sub gate loc: 116Inverter: 1
Simulate AEM is -0.000800
Now AEM is 12997.149800
Simulate added AEM is -0.000960, Now added AEM is 5740.327740
Approximate gate:355, Approximate area:787.000000
Accurate error is 12997.149800, Area :787.000000, Delay: 26.000000, Gate: 355
Now running time: 1410
Change gate sum[5] with gate[2316]  , changed gate loc: 71,  sub gate loc: 125Inverter: 0
Simulate AEM is -0.002400
Now AEM is 55150.783530
Simulate added AEM is -0.001600, Now added AEM is 42153.633730
Approximate gate:354, Approximate area:786.000000
Accurate error is 55150.783530, Area :786.000000, Delay: 26.000000, Gate: 354
Now running time: 1446
Change gate sum[4] with gate[2286]  , changed gate loc: 70,  sub gate loc: 114Inverter: 0
Simulate AEM is -0.004000
Now AEM is 7108.560730
Simulate added AEM is -0.001600, Now added AEM is -48042.222800
Approximate gate:353, Approximate area:785.000000
Accurate error is 7108.560730, Area :785.000000, Delay: 26.000000, Gate: 353
Now running time: 1482
Change gate [2619] with gate[2532]  , changed gate loc: 256,  sub gate loc: 217Inverter: 0
Simulate AEM is -0.331680
Now AEM is 80915.601870
Simulate added AEM is -0.327680, Now added AEM is 73807.041140
Approximate gate:332, Approximate area:737.000000
Accurate error is 80915.601870, Area :737.000000, Delay: 25.000000, Gate: 332
Now running time: 1518
Change gate sum[4] with gatea[2]  , changed gate loc: 70,  sub gate loc: 4Inverter: 1
Simulate AEM is -0.332960
Now AEM is 48580.259020
Simulate added AEM is -0.001280, Now added AEM is -32335.342850
Approximate gate:332, Approximate area:736.000000
Accurate error is 48580.259020, Area :736.000000, Delay: 25.000000, Gate: 332
Now running time: 1551
Change gate sum[9] with gate[1601]  , changed gate loc: 75,  sub gate loc: 202Inverter: 0
Simulate AEM is -0.338080
Now AEM is 5572.808830
Simulate added AEM is -0.005120, Now added AEM is -43007.450190
Approximate gate:329, Approximate area:730.000000
Accurate error is 5572.808830, Area :730.000000, Delay: 25.000000, Gate: 329
Now running time: 1585
Change gate sum[10] with gate[2459]  , changed gate loc: 76,  sub gate loc: 184Inverter: 1
Simulate AEM is -0.348320
Now AEM is 59415.240680
Simulate added AEM is -0.010240, Now added AEM is 53842.431850
Approximate gate:328, Approximate area:726.000000
Accurate error is 59415.240680, Area :726.000000, Delay: 25.000000, Gate: 328
Now running time: 1617
Change gate sum[12] with gate[1552]  , changed gate loc: 78,  sub gate loc: 136Inverter: 0
Simulate AEM is -0.389280
Now AEM is 12102.315090
Simulate added AEM is -0.040960, Now added AEM is -47312.925590
Approximate gate:326, Approximate area:721.000000
Accurate error is 12102.315090, Area :721.000000, Delay: 25.000000, Gate: 326
Now running time: 1649
Change gate sum[6] with gateone  , changed gate loc: 72,  sub gate loc: 1Inverter: 0
Simulate AEM is -0.398880
Now AEM is 7014.097920
Simulate added AEM is -0.009600, Now added AEM is -5088.217170
Approximate gate:326, Approximate area:720.000000
Accurate error is 7014.097920, Area :720.000000, Delay: 25.000000, Gate: 326
Now running time: 1680
Change gate sum[2] with gatezero  , changed gate loc: 68,  sub gate loc: 0Inverter: 0
Simulate AEM is -0.404000
Now AEM is 82499.353690
Simulate added AEM is -0.005120, Now added AEM is 75485.255770
Approximate gate:326, Approximate area:719.000000
Accurate error is 82499.353690, Area :719.000000, Delay: 25.000000, Gate: 326
Now running time: 1712
Change gate [1554] with gateb[3]  , changed gate loc: 138,  sub gate loc: 37Inverter: 1
Simulate AEM is -0.700960
Now AEM is 28125.105790
Simulate added AEM is -0.296960, Now added AEM is -54374.247900
Approximate gate:320, Approximate area:708.000000
Accurate error is 28125.105790, Area :708.000000, Delay: 25.000000, Gate: 320
Now running time: 1743
Change gate sum[5] with gateone  , changed gate loc: 71,  sub gate loc: 1Inverter: 0
Simulate AEM is -0.705120
Now AEM is 17565.079610
Simulate added AEM is -0.004160, Now added AEM is -10560.026180
Approximate gate:320, Approximate area:706.000000
Accurate error is 17565.079610, Area :706.000000, Delay: 25.000000, Gate: 320
Now running time: 1774
Change gate sum[4] with gateone  , changed gate loc: 70,  sub gate loc: 1Inverter: 0
Simulate AEM is -0.713120
Now AEM is 55412.501570
Simulate added AEM is -0.008000, Now added AEM is 37847.421960
Approximate gate:320, Approximate area:705.000000
Accurate error is 55412.501570, Area :705.000000, Delay: 25.000000, Gate: 320
Now running time: 1804
Change gate sum[16] with gate[1585]  , changed gate loc: 82,  sub gate loc: 179Inverter: 0
Simulate AEM is -0.825180
Now AEM is 85911.476450
Simulate added AEM is -0.112060, Now added AEM is 30498.974880
Approximate gate:317, Approximate area:699.000000
Accurate error is 85911.476450, Area :699.000000, Delay: 25.000000, Gate: 317
Now running time: 1835
Change gate sum[10] with gate[1566]  , changed gate loc: 76,  sub gate loc: 157Inverter: 0
Simulate AEM is -0.835420
Now AEM is 96324.518340
Simulate added AEM is -0.010240, Now added AEM is 10413.041890
Approximate gate:316, Approximate area:698.000000
Accurate error is 96324.518340, Area :698.000000, Delay: 25.000000, Gate: 316
Now running time: 1865
Change gate sum[7] with gateone  , changed gate loc: 73,  sub gate loc: 1Inverter: 0
Simulate AEM is -0.930140
Now AEM is 139066.619250
Simulate added AEM is -0.094720, Now added AEM is 42742.100910
Approximate gate:315, Approximate area:696.000000
Accurate error is 139066.619250, Area :696.000000, Delay: 25.000000, Gate: 315
Now running time: 1895
Change gate sum[13] with gate[2564]  , changed gate loc: 79,  sub gate loc: 228Inverter: 1
Simulate AEM is -0.979680
Now AEM is 48797.031510
Simulate added AEM is -0.049540, Now added AEM is -90269.587740
Approximate gate:313, Approximate area:691.000000
Accurate error is 48797.031510, Area :691.000000, Delay: 25.000000, Gate: 313
Now running time: 1924
Change gate sum[15] with gate[1584]  , changed gate loc: 81,  sub gate loc: 178Inverter: 0
Simulate AEM is -1.307360
Now AEM is 44684.774380
Simulate added AEM is -0.327680, Now added AEM is -4112.257130
Approximate gate:311, Approximate area:686.000000
Accurate error is 44684.774380, Area :686.000000, Delay: 25.000000, Gate: 311
Now running time: 1953
Change gate [2587] with gate[3382]  , changed gate loc: 242,  sub gate loc: 218Inverter: 0
Simulate AEM is -3.928800
Now AEM is 55970.982760
Simulate added AEM is -2.621440, Now added AEM is 11286.208380
Approximate gate:303, Approximate area:668.000000
Accurate error is 55970.982760, Area :668.000000, Delay: 25.000000, Gate: 303
Now running time: 1981
Change gate [2959] with gate[2439]  , changed gate loc: 408,  sub gate loc: 167Inverter: 0
Simulate AEM is -4.179060
Now AEM is 15468729.595320
Simulate added AEM is -0.250260, Now added AEM is 15412758.612560
Approximate gate:301, Approximate area:662.000000
Accurate error is 15468729.595320, Area :662.000000, Delay: 25.000000, Gate: 301
Now running time: 2007
The 0 choose is not good
Change gate sum[14] with gate[1651]  , changed gate loc: 80,  sub gate loc: 270Inverter: 0
Simulate AEM is -4.506740
Now AEM is 15427954.514730
Simulate added AEM is -0.327680, Now added AEM is -40775.080590
Approximate gate:299, Approximate area:657.000000
Accurate error is 15427954.514730, Area :657.000000, Delay: 25.000000, Gate: 299
Now running time: 2035
Change gate [2587] with gate[2517]  , changed gate loc: 242,  sub gate loc: 209Inverter: 0
Simulate AEM is -6.800500
Now AEM is 15460298.750900
Simulate added AEM is -2.293760, Now added AEM is 32344.236170
Approximate gate:287, Approximate area:628.000000
Accurate error is 15460298.750900, Area :628.000000, Delay: 25.000000, Gate: 287
Now running time: 2060
Change gate [2405] with gate[1556]  , changed gate loc: 156,  sub gate loc: 140Inverter: 0
Simulate AEM is -6.831220
Now AEM is 15427693.058400
Simulate added AEM is -0.030720, Now added AEM is -32605.692500
Approximate gate:286, Approximate area:625.000000
Accurate error is 15427693.058400, Area :625.000000, Delay: 25.000000, Gate: 286
Now running time: 2085
Change gate n303 with gatesum[10]  , changed gate loc: 319,  sub gate loc: 76Inverter: 0
Simulate AEM is -7.449120
Now AEM is 15546855.218050
Simulate added AEM is -0.617900, Now added AEM is 119162.159650
Approximate gate:280, Approximate area:612.000000
Accurate error is 15546855.218050, Area :612.000000, Delay: 25.000000, Gate: 280
Now running time: 2109
The 0 choose is not good
Change gate [1720] with gate[1714]  , changed gate loc: 353,  sub gate loc: 348Inverter: 0
Simulate AEM is -12.282400
Now AEM is 15913070.339320
Simulate added AEM is -4.833280, Now added AEM is 366215.121270
Approximate gate:276, Approximate area:600.000000
Accurate error is 15913070.339320, Area :600.000000, Delay: 25.000000, Gate: 276
Now running time: 2133
Change gate [1683] with gaten282  , changed gate loc: 310,  sub gate loc: 293Inverter: 0
Simulate AEM is -13.246060
Now AEM is 16022718.041110
Simulate added AEM is -0.963660, Now added AEM is 109647.701790
Approximate gate:271, Approximate area:584.000000
Accurate error is 16022718.041110, Area :584.000000, Delay: 25.000000, Gate: 271
Now running time: 2156
Change gate [1666] with gatesum[9]  , changed gate loc: 288,  sub gate loc: 75Inverter: 1
Simulate AEM is -14.556780
Now AEM is 16155715.895120
Simulate added AEM is -1.310720, Now added AEM is 132997.854010
Approximate gate:261, Approximate area:561.000000
Accurate error is 16155715.895120, Area :561.000000, Delay: 25.000000, Gate: 261
Now running time: 2178
Change gate n168 with gate[1609]  , changed gate loc: 280,  sub gate loc: 215Inverter: 0
Simulate AEM is -14.705880
Now AEM is 16146082.332370
Simulate added AEM is -0.149100, Now added AEM is -9633.562750
Approximate gate:253, Approximate area:542.000000
Accurate error is 16146082.332370, Area :542.000000, Delay: 25.000000, Gate: 253
Now running time: 2198
Change gate sum[11] with gatezero  , changed gate loc: 77,  sub gate loc: 0Inverter: 0
Simulate AEM is -14.910680
Now AEM is 16137768.199620
Simulate added AEM is -0.204800, Now added AEM is -8314.132750
Approximate gate:253, Approximate area:541.000000
Accurate error is 16137768.199620, Area :541.000000, Delay: 25.000000, Gate: 253
Now running time: 2218
Change gate n177 with gate[2564]  , changed gate loc: 222,  sub gate loc: 228Inverter: 0
Simulate AEM is -15.074520
Now AEM is 16070534.655920
Simulate added AEM is -0.163840, Now added AEM is -67233.543700
Approximate gate:242, Approximate area:516.000000
Accurate error is 16070534.655920, Area :516.000000, Delay: 25.000000, Gate: 242
Now running time: 2237
Change gate sum[19] with gate[1610]  , changed gate loc: 85,  sub gate loc: 216Inverter: 0
Simulate AEM is -17.480000
Now AEM is 16103403.209040
Simulate added AEM is -2.405480, Now added AEM is 32868.553120
Approximate gate:239, Approximate area:510.000000
Accurate error is 16103403.209040, Area :510.000000, Delay: 25.000000, Gate: 239
Now running time: 2256
Change gate sum[10] with gatea[7]  , changed gate loc: 76,  sub gate loc: 9Inverter: 0
Simulate AEM is -18.319680
Now AEM is 16033607.708390
Simulate added AEM is -0.839680, Now added AEM is -69795.500650
Approximate gate:239, Approximate area:508.000000
Accurate error is 16033607.708390, Area :508.000000, Delay: 25.000000, Gate: 239
Now running time: 2274
Change gate sum[18] with gate[1662]  , changed gate loc: 84,  sub gate loc: 283Inverter: 0
Simulate AEM is -20.703900
Now AEM is 16049083.416790
Simulate added AEM is -2.384220, Now added AEM is 15475.708400
Approximate gate:237, Approximate area:503.000000
Accurate error is 16049083.416790, Area :503.000000, Delay: 25.000000, Gate: 237
Now running time: 2292
Change gate sum[10] with gateone  , changed gate loc: 76,  sub gate loc: 1Inverter: 0
Simulate AEM is -20.857500
Now AEM is 16105445.936410
Simulate added AEM is -0.153600, Now added AEM is 56362.519620
Approximate gate:237, Approximate area:502.000000
Accurate error is 16105445.936410, Area :502.000000, Delay: 25.000000, Gate: 237
Now running time: 2310
Change gate [141978] with gate[2744]  , changed gate loc: 289,  sub gate loc: 306Inverter: 0
Simulate AEM is -22.419100
Now AEM is 16173676.531970
Simulate added AEM is -1.561600, Now added AEM is 68230.595560
Approximate gate:233, Approximate area:493.000000
Accurate error is 16173676.531970, Area :493.000000, Delay: 25.000000, Gate: 233
Now running time: 2328
Change gate sum[17] with gate[1668]  , changed gate loc: 83,  sub gate loc: 292Inverter: 1
Simulate AEM is -27.578860
Now AEM is 16220539.796790
Simulate added AEM is -5.159760, Now added AEM is 46863.264820
Approximate gate:231, Approximate area:488.000000
Accurate error is 16220539.796790, Area :488.000000, Delay: 25.000000, Gate: 231
Now running time: 2345
Change gate sum[12] with gatezero  , changed gate loc: 78,  sub gate loc: 0Inverter: 0
Simulate AEM is -27.619820
Now AEM is 16252351.877650
Simulate added AEM is -0.040960, Now added AEM is 31812.080860
Approximate gate:231, Approximate area:486.000000
Accurate error is 16252351.877650, Area :486.000000, Delay: 25.000000, Gate: 231
Now running time: 2361
Change gate sum[9] with gatesum[15]  , changed gate loc: 75,  sub gate loc: 81Inverter: 1
Simulate AEM is -27.727340
Now AEM is 16366600.469530
Simulate added AEM is -0.107520, Now added AEM is 114248.591880
Approximate gate:228, Approximate area:479.000000
Accurate error is 16366600.469530, Area :479.000000, Delay: 25.000000, Gate: 228
Now running time: 2378
Change gate sum[20] with gatea[2]  , changed gate loc: 86,  sub gate loc: 4Inverter: 0
Simulate AEM is -44.204300
Now AEM is 16392245.024140
Simulate added AEM is -16.476960, Now added AEM is 25644.554610
Approximate gate:226, Approximate area:474.000000
Accurate error is 16392245.024140, Area :474.000000, Delay: 25.000000, Gate: 226
Now running time: 2394
Change gate [2587] with gatesum[16]  , changed gate loc: 242,  sub gate loc: 82Inverter: 0
Simulate AEM is -44.368140
Now AEM is 16380242.513170
Simulate added AEM is -0.163840, Now added AEM is -12002.510970
Approximate gate:224, Approximate area:468.000000
Accurate error is 16380242.513170, Area :468.000000, Delay: 25.000000, Gate: 224
Now running time: 2410
Change gate [2636] with gate[1636]  , changed gate loc: 260,  sub gate loc: 248Inverter: 1
Simulate AEM is -60.089620
Now AEM is 16395898.317620
Simulate added AEM is -15.721480, Now added AEM is 15655.804450
Approximate gate:217, Approximate area:453.000000
Accurate error is 16395898.317620, Area :453.000000, Delay: 25.000000, Gate: 217
Now running time: 2426
Change gate sum[13] with gatezero  , changed gate loc: 79,  sub gate loc: 0Inverter: 0
Simulate AEM is -65.414420
Now AEM is 16251217.662810
Simulate added AEM is -5.324800, Now added AEM is -144680.654810
Approximate gate:216, Approximate area:449.000000
Accurate error is 16251217.662810, Area :449.000000, Delay: 25.000000, Gate: 216
Now running time: 2441
Change gate sum[9] with gateone  , changed gate loc: 75,  sub gate loc: 1Inverter: 0
Simulate AEM is -66.612500
Now AEM is 16231736.405080
Simulate added AEM is -1.198080, Now added AEM is -19481.257730
Approximate gate:216, Approximate area:448.000000
Accurate error is 16231736.405080, Area :448.000000, Delay: 25.000000, Gate: 216
Now running time: 2457
Change gate [1705] with gate[1674]  , changed gate loc: 336,  sub gate loc: 300Inverter: 0
Simulate AEM is -149.611060
Now AEM is 16094862.930420
Simulate added AEM is -82.998560, Now added AEM is -136873.474660
Approximate gate:212, Approximate area:440.000000
Accurate error is 16094862.930420, Area :440.000000, Delay: 25.000000, Gate: 212
Now running time: 2472
Change gate sum[16] with gateone  , changed gate loc: 82,  sub gate loc: 1Inverter: 0
Simulate AEM is -184.996360
Now AEM is 16190881.059630
Simulate added AEM is -35.385300, Now added AEM is 96018.129210
Approximate gate:211, Approximate area:435.000000
Accurate error is 16190881.059630, Area :435.000000, Delay: 25.000000, Gate: 211
Now running time: 2487
Change gate [2824] with gate[2787]  , changed gate loc: 342,  sub gate loc: 326Inverter: 0
Simulate AEM is -199.397460
Now AEM is 16549423.405140
Simulate added AEM is -14.401100, Now added AEM is 358542.345510
Approximate gate:210, Approximate area:434.000000
Accurate error is 16549423.405140, Area :434.000000, Delay: 25.000000, Gate: 210
Now running time: 2502
The 0 choose is not good
Change gate [141978] with gate[2703]  , changed gate loc: 289,  sub gate loc: 290Inverter: 1
Simulate AEM is -205.124760
Now AEM is 16662811.714740
Simulate added AEM is -5.727300, Now added AEM is 113388.309600
Approximate gate:208, Approximate area:428.000000
Accurate error is 16662811.714740, Area :428.000000, Delay: 25.000000, Gate: 208
Now running time: 2516
Change gate sum[14] with gateb[2]  , changed gate loc: 80,  sub gate loc: 36Inverter: 1
Simulate AEM is -231.503000
Now AEM is 16616977.851660
Simulate added AEM is -26.378240, Now added AEM is -45833.863080
Approximate gate:204, Approximate area:420.000000
Accurate error is 16616977.851660, Area :420.000000, Delay: 25.000000, Gate: 204
Now running time: 2530
The 0 choose is not good
The 1 choose is not good
Change gate sum[19] with gatezero  , changed gate loc: 85,  sub gate loc: 0Inverter: 0
Simulate AEM is -337.838100
Now AEM is 16697769.686430
Simulate added AEM is -106.335100, Now added AEM is 80791.834770
Approximate gate:202, Approximate area:414.000000
Accurate error is 16697769.686430, Area :414.000000, Delay: 25.000000, Gate: 202
Now running time: 2544
Change gate sum[21] with gate[1691]  , changed gate loc: 87,  sub gate loc: 320Inverter: 1
Simulate AEM is -355.048940
Now AEM is 16739762.975710
Simulate added AEM is -17.210840, Now added AEM is 41993.289280
Approximate gate:201, Approximate area:410.000000
Accurate error is 16739762.975710, Area :410.000000, Delay: 25.000000, Gate: 201
Now running time: 2558
The 0 choose is not good
The 1 choose is not good
Change gate [2959] with gate[1575]  , changed gate loc: 408,  sub gate loc: 165Inverter: 0
Simulate AEM is -922.873260
Now AEM is 11657444.810210
Simulate added AEM is -567.824320, Now added AEM is -5082318.165500
Approximate gate:194, Approximate area:392.000000
Accurate error is 11657444.810210, Area :392.000000, Delay: 25.000000, Gate: 194
Now running time: 2572
Change gate sum[22] with gate[2961]  , changed gate loc: 88,  sub gate loc: 409Inverter: 0
Simulate AEM is -924.918360
Now AEM is 12547505.251490
Simulate added AEM is -2.045100, Now added AEM is 890060.441280
Approximate gate:192, Approximate area:387.000000
Accurate error is 12547505.251490, Area :387.000000, Delay: 25.000000, Gate: 192
Now running time: 2585
Change gate sum[17] with gateone  , changed gate loc: 83,  sub gate loc: 1Inverter: 0
Simulate AEM is -943.268440
Now AEM is 12508482.533780
Simulate added AEM is -18.350080, Now added AEM is -39022.717710
Approximate gate:192, Approximate area:386.000000
Accurate error is 12508482.533780, Area :386.000000, Delay: 25.000000, Gate: 192
Now running time: 2597
Change gate sum[15] with gatezero  , changed gate loc: 81,  sub gate loc: 0Inverter: 0
Simulate AEM is -950.641520
Now AEM is 12696788.563490
Simulate added AEM is -7.373080, Now added AEM is 188306.029710
Approximate gate:192, Approximate area:385.000000
Accurate error is 12696788.563490, Area :385.000000, Delay: 25.000000, Gate: 192
Now running time: 2610
Change gate [1731] with gate[1722]  , changed gate loc: 370,  sub gate loc: 356Inverter: 1
Simulate AEM is -971.288600
Now AEM is 13497475.171310
Simulate added AEM is -20.647080, Now added AEM is 800686.607820
Approximate gate:192, Approximate area:384.000000
Accurate error is 13497475.171310, Area :384.000000, Delay: 25.000000, Gate: 192
Now running time: 2622
Change gate sum[14] with gateone  , changed gate loc: 80,  sub gate loc: 1Inverter: 0
Simulate AEM is -976.283960
Now AEM is 13421669.741250
Simulate added AEM is -4.995360, Now added AEM is -75805.430060
Approximate gate:192, Approximate area:383.000000
Accurate error is 13421669.741250, Area :383.000000, Delay: 25.000000, Gate: 192
Now running time: 2634
Change gate [2752] with gate[1671]  , changed gate loc: 314,  sub gate loc: 296Inverter: 0
Simulate AEM is -1000.381380
Now AEM is 13578042.889680
Simulate added AEM is -24.097420, Now added AEM is 156373.148430
Approximate gate:188, Approximate area:375.000000
Accurate error is 13578042.889680, Area :375.000000, Delay: 25.000000, Gate: 188
Now running time: 2645
Change gate [141889] with gate[1771]  , changed gate loc: 454,  sub gate loc: 421Inverter: 1
Simulate AEM is -1110.885620
Now AEM is 13395290.248300
Simulate added AEM is -110.504240, Now added AEM is -182752.641380
Approximate gate:173, Approximate area:343.000000
Accurate error is 13395290.248300, Area :343.000000, Delay: 24.500000, Gate: 173
Now running time: 2657
Change gate n267 with gate[1675]  , changed gate loc: 340,  sub gate loc: 301Inverter: 1
Simulate AEM is -1416.728060
Now AEM is 13712992.332620
Simulate added AEM is -305.842440, Now added AEM is 317702.084320
Approximate gate:168, Approximate area:328.000000
Accurate error is 13712992.332620, Area :328.000000, Delay: 24.500000, Gate: 168
Now running time: 2668
The 0 choose is not good
The 1 choose is not good
Change gate sum[23] with gate[1703]  , changed gate loc: 89,  sub gate loc: 333Inverter: 0
Simulate AEM is -1668.431700
Now AEM is 15154260.403500
Simulate added AEM is -251.703640, Now added AEM is 1441268.070880
Approximate gate:164, Approximate area:321.000000
Accurate error is 15154260.403500, Area :321.000000, Delay: 24.500000, Gate: 164
Now running time: 2679
Change gate [2939] with gaten266  , changed gate loc: 395,  sub gate loc: 393Inverter: 0
Simulate AEM is -1687.078260
Now AEM is 15144928.309420
Simulate added AEM is -18.646560, Now added AEM is -9332.094080
Approximate gate:163, Approximate area:320.000000
Accurate error is 15144928.309420, Area :320.000000, Delay: 24.500000, Gate: 163
Now running time: 2688
Change gate [142548] with gate[1705]  , changed gate loc: 325,  sub gate loc: 336Inverter: 0
Simulate AEM is -1791.792740
Now AEM is 15085111.766490
Simulate added AEM is -104.714480, Now added AEM is -59816.542930
Approximate gate:158, Approximate area:309.000000
Accurate error is 15085111.766490, Area :309.000000, Delay: 23.700000, Gate: 158
Now running time: 2698
Change gate [2874] with gateb[12]  , changed gate loc: 366,  sub gate loc: 46Inverter: 1
Simulate AEM is -2235.698780
Now AEM is 15855853.396040
Simulate added AEM is -443.906040, Now added AEM is 770741.629550
Approximate gate:154, Approximate area:301.000000
Accurate error is 15855853.396040, Area :301.000000, Delay: 23.700000, Gate: 154
Now running time: 2707
The 0 choose is not good
The 1 choose is not good
The 2 choose is not good
The 3 choose is not good
Change gate [2876] with gate[2841]  , changed gate loc: 367,  sub gate loc: 347Inverter: 0
Simulate AEM is -6060.295320
Now AEM is 15961680.404220
Simulate added AEM is -3824.596540, Now added AEM is 105827.008180
Approximate gate:153, Approximate area:298.000000
Accurate error is 15961680.404220, Area :298.000000, Delay: 23.700000, Gate: 153
Now running time: 2717
Change gate [2783] with gateone  , changed gate loc: 324,  sub gate loc: 1Inverter: 0
Simulate AEM is -6299.377660
Now AEM is 15969494.082790
Simulate added AEM is -239.082340, Now added AEM is 7813.678570
Approximate gate:150, Approximate area:288.000000
Accurate error is 15969494.082790, Area :288.000000, Delay: 23.700000, Gate: 150
Now running time: 2726
Change gate [2879] with gate[2908]  , changed gate loc: 369,  sub gate loc: 383Inverter: 0
Simulate AEM is -7414.973720
Now AEM is 15950422.722290
Simulate added AEM is -1115.596060, Now added AEM is -19071.360500
Approximate gate:148, Approximate area:284.000000
Accurate error is 15950422.722290, Area :284.000000, Delay: 23.700000, Gate: 148
Now running time: 2734
The 0 choose is not good
The 1 choose is not good
Change gate sum[18] with gateone  , changed gate loc: 84,  sub gate loc: 1Inverter: 0
Simulate AEM is -8029.326840
Now AEM is 15846395.379490
Simulate added AEM is -614.353120, Now added AEM is -104027.342800
Approximate gate:148, Approximate area:283.000000
Accurate error is 15846395.379490, Area :283.000000, Delay: 23.700000, Gate: 148
Now running time: 2743
The 0 choose is not good
Change gate sum[20] with gatezero  , changed gate loc: 86,  sub gate loc: 0Inverter: 0
Simulate AEM is -8098.614900
Now AEM is 16039024.794400
Simulate added AEM is -69.288060, Now added AEM is 192629.414910
Approximate gate:148, Approximate area:282.000000
Accurate error is 16039024.794400, Area :282.000000, Delay: 23.700000, Gate: 148
Now running time: 2752
The 0 choose is not good
The 1 choose is not good
The 2 choose is not good
The 3 choose is not good
Change gate [1764] with gate[1758]  , changed gate loc: 410,  sub gate loc: 405Inverter: 0
Simulate AEM is -16891.612500
Now AEM is 14976068.329020
Simulate added AEM is -8792.997600, Now added AEM is -1062956.465380
Approximate gate:140, Approximate area:265.000000
Accurate error is 14976068.329020, Area :265.000000, Delay: 23.700000, Gate: 140
Now running time: 2761
Change gate [1745] with gate[1733]  , changed gate loc: 388,  sub gate loc: 373Inverter: 0
Simulate AEM is -16946.266980
Now AEM is 15910855.017890
Simulate added AEM is -54.654480, Now added AEM is 934786.688870
Approximate gate:139, Approximate area:263.000000
Accurate error is 15910855.017890, Area :263.000000, Delay: 23.700000, Gate: 139
Now running time: 2769
The 0 choose is not good
The 1 choose is not good
Change gate sum[22] with gate[1721]  , changed gate loc: 88,  sub gate loc: 355Inverter: 1
Simulate AEM is -19761.013060
Now AEM is 16262928.681060
Simulate added AEM is -2814.746080, Now added AEM is 352073.663170
Approximate gate:139, Approximate area:261.000000
Accurate error is 16262928.681060, Area :261.000000, Delay: 23.700000, Gate: 139
Now running time: 2777
The 0 choose is not good
Change gate [1700] with gateb[19]  , changed gate loc: 329,  sub gate loc: 53Inverter: 0
Simulate AEM is -21169.929260
Now AEM is 15990672.458110
Simulate added AEM is -1408.916200, Now added AEM is -272256.222950
Approximate gate:132, Approximate area:245.000000
Accurate error is 15990672.458110, Area :245.000000, Delay: 23.600000, Gate: 132
Now running time: 2785
The 0 choose is not good
The 1 choose is not good
The 2 choose is not good
Change gate [2916] with gaten155  , changed gate loc: 387,  sub gate loc: 385Inverter: 0
Simulate AEM is -22209.216660
Now AEM is 15944682.006710
Simulate added AEM is -1039.287400, Now added AEM is -45990.451400
Approximate gate:131, Approximate area:244.000000
Accurate error is 15944682.006710, Area :244.000000, Delay: 23.600000, Gate: 131
Now running time: 2793
Change gate sum[23] with gateb[20]  , changed gate loc: 89,  sub gate loc: 54Inverter: 0
Simulate AEM is -23065.367620
Now AEM is 15727082.887960
Simulate added AEM is -856.150960, Now added AEM is -217599.118750
Approximate gate:129, Approximate area:239.000000
Accurate error is 15727082.887960, Area :239.000000, Delay: 23.600000, Gate: 129
Now running time: 2800
The 0 choose is not good
The 1 choose is not good
The 2 choose is not good
The 3 choose is not good
The 4 choose is not good
The 5 choose is not good
The 6 choose is not good
The 7 choose is not good
Change gate [2904] with gateone  , changed gate loc: 381,  sub gate loc: 1Inverter: 0
Simulate AEM is -37531.286480
Now AEM is 15571825.811410
Simulate added AEM is -14465.918860, Now added AEM is -155257.076550
Approximate gate:126, Approximate area:231.000000
Accurate error is 15571825.811410, Area :231.000000, Delay: 23.600000, Gate: 126
Now running time: 2809
The 0 choose is not good
The 1 choose is not good
Change gate sum[22] with gateone  , changed gate loc: 88,  sub gate loc: 1Inverter: 0
Simulate AEM is -37717.718620
Now AEM is 15093789.430820
Simulate added AEM is -186.432140, Now added AEM is -478036.380590
Approximate gate:126, Approximate area:230.000000
Accurate error is 15093789.430820, Area :230.000000, Delay: 23.600000, Gate: 126
Now running time: 2817
The 0 choose is not good
The 1 choose is not good
The 2 choose is not good
The 3 choose is not good
The 4 choose is not good
Change gate sum[23] with gatezero  , changed gate loc: 89,  sub gate loc: 0Inverter: 0
Simulate AEM is -39283.778340
Now AEM is 15452321.571930
Simulate added AEM is -1566.059720, Now added AEM is 358532.141110
Approximate gate:126, Approximate area:229.000000
Accurate error is 15452321.571930, Area :229.000000, Delay: 23.600000, Gate: 126
Now running time: 2825
The 0 choose is not good
The 1 choose is not good
Change gate sum[21] with gatezero  , changed gate loc: 87,  sub gate loc: 0Inverter: 0
Simulate AEM is -39836.087520
Now AEM is 16087235.219740
Simulate added AEM is -552.309180, Now added AEM is 634913.647810
Approximate gate:125, Approximate area:227.000000
Accurate error is 16087235.219740, Area :227.000000, Delay: 23.600000, Gate: 125
Now running time: 2832
The 0 choose is not good
The 1 choose is not good
Change gate [1750] with gate[1748]  , changed gate loc: 394,  sub gate loc: 392Inverter: 0
Simulate AEM is -42390.324380
Now AEM is 13096881.025260
Simulate added AEM is -2554.236860, Now added AEM is -2990354.194480
Approximate gate:123, Approximate area:223.000000
Accurate error is 13096881.025260, Area :223.000000, Delay: 23.600000, Gate: 123
Now running time: 2839
The 0 choose is not good
The 1 choose is not good
The 2 choose is not good
The 3 choose is not good
Change gate [2939] with gate[1745]  , changed gate loc: 395,  sub gate loc: 388Inverter: 0
Simulate AEM is -47055.758540
Now AEM is 16538795.557880
Simulate added AEM is -4665.434160, Now added AEM is 3441914.532620
Approximate gate:121, Approximate area:219.000000
Accurate error is 16538795.557880, Area :219.000000, Delay: 23.600000, Gate: 121
Now running time: 2846
The 0 choose is not good
The 1 choose is not good
The 2 choose is not good
Change gate [2969] with gate[2966]  , changed gate loc: 411,  sub gate loc: 406Inverter: 0
Simulate AEM is -47055.758540
Now AEM is 16659392.948470
Simulate added AEM is 0.000000, Now added AEM is 120597.390590
Approximate gate:120, Approximate area:218.000000
Accurate error is 16659392.948470, Area :218.000000, Delay: 23.600000, Gate: 120
Now running time: 2852
The 0 choose is not good
The 1 choose is not good
The 2 choose is not good
The 3 choose is not good
The 4 choose is not good
Change gate [1712] with gateone  , changed gate loc: 345,  sub gate loc: 1Inverter: 0
Simulate AEM is 9794.182100
Now AEM is 16788128.417700
Simulate added AEM is 56849.940640, Now added AEM is 128735.469230
Approximate gate:120, Approximate area:214.000000
Accurate error is 16788128.417700, Area :214.000000, Delay: 22.000000, Gate: 120
Now running time: 2860
The 0 choose is not good
The 1 choose is not good
The 2 choose is not good
The 3 choose is not good
Change gate [2901] with gatezero  , changed gate loc: 379,  sub gate loc: 0Inverter: 0
Simulate AEM is 769.742940
Now AEM is 16772774.353040
Simulate added AEM is -9024.439160, Now added AEM is -15354.064660
Approximate gate:120, Approximate area:213.000000
Accurate error is 16772774.353040, Area :213.000000, Delay: 22.000000, Gate: 120
Now running time: 2866
The 0 choose is not good
The 1 choose is not good
The 2 choose is not good
The 3 choose is not good
The 4 choose is not good
The 5 choose is not good
The 6 choose is not good
The 7 choose is not good
The 8 choose is not good
The 9 choose is not good
Change gate [1723] with gateone  , changed gate loc: 357,  sub gate loc: 1Inverter: 0
Simulate AEM is 212643.224980
Now AEM is 17255733.099250
Simulate added AEM is 211873.482040, Now added AEM is 482958.746210
AEM Threshold: 16822527 Now AEM: 1.72557e+07
ALL running time: 2874
Error propagation matrix time: 436 with 311779 node
Error simulation time: 2276 with 2337876 node
Area time: 2
Whole find time: 2722
